BalanceViolation 0.000000
AffinityLoss 0.000000
Compactness 8504.128370
District 1
Nodes: 4 11 23 27 42 43 48 50 53 71 73 80 90 101 113 115 116
Compactness: 1140.607370
Weights: 7207.000000 23544.000000 23603.000000
Center Node: 115

District 2
Nodes: 0 2 3 5 9 20 41 62 67 72 77 93 106 108 111 114 118 119
Compactness: 1154.692995
Weights: 7542.000000 24516.000000 24370.000000
Center Node: 3

District 3
Nodes: 1 8 12 17 21 24 39 46 51 54 55 60 75 86 98 100 117
Compactness: 846.045941
Weights: 7228.000000 23674.000000 23160.000000
Center Node: 12

District 4
Nodes: 6 10 14 15 18 22 25 31 37 44 45 69 82 104 105 107 110
Compactness: 1449.082088
Weights: 7209.000000 23371.000000 23713.000000
Center Node: 10

District 5
Nodes: 16 26 33 65 68 70 74 76 78 79 84 85 89 94 96 99 103
Compactness: 1163.282308
Weights: 7276.000000 23346.000000 23643.000000
Center Node: 89

District 6
Nodes: 29 30 34 38 47 49 52 56 57 61 63 83 87 88 97 102 112
Compactness: 1325.825453
Weights: 7252.000000 23474.000000 23846.000000
Center Node: 34

District 7
Nodes: 7 13 19 28 32 35 36 40 58 59 64 66 81 91 92 95 109
Compactness: 1424.592214
Weights: 7160.000000 23222.000000 23047.000000
Center Node: 28
