BalanceViolation 0.000000
AffinityLoss 0.000000
Compactness 7601.374910
District 1
Nodes: 0 5 12 20 24 34 42 48 54 55 56 66 71 84 90 94 95
Compactness: 1406.890559
Weights: 8572.000000 27386.000000 28170.000000
Center Node: 84

District 2
Nodes: 6 11 14 18 22 35 38 45 50 76 77 87 89 91 93 98 99
Compactness: 1466.503827
Weights: 8677.000000 27856.000000 27845.000000
Center Node: 98

District 3
Nodes: 2 4 8 10 23 31 32 33 49 58 60 62 70 75 92 96
Compactness: 1306.267207
Weights: 8326.000000 27085.000000 26816.000000
Center Node: 92

District 4
Nodes: 1 3 25 26 29 36 37 41 43 44 51 59 68 79 81 97
Compactness: 1075.495065
Weights: 8209.000000 27074.000000 26388.000000
Center Node: 3

District 5
Nodes: 7 13 15 16 21 46 53 57 61 63 64 69 74 78 82 83 88
Compactness: 1164.590158
Weights: 8707.000000 28448.000000 28646.000000
Center Node: 78

District 6
Nodes: 9 17 19 27 28 30 39 40 47 52 65 67 72 73 80 85 86
Compactness: 1181.628094
Weights: 8523.000000 28012.000000 28084.000000
Center Node: 73
