BalanceViolation 0.000000
AffinityLoss 0.000000
Compactness 8615.424569
District 1
Nodes: 0 29 34 36 50 55 59 69 74 78 84 85 90 95 108 111 117 119
Compactness: 1829.940647
Weights: 7600.000000 24735.000000 24671.000000
Center Node: 36

District 2
Nodes: 21 26 42 47 51 57 58 62 65 67 83 87 98 101 103 105 114
Compactness: 1213.413294
Weights: 7158.000000 23485.000000 23597.000000
Center Node: 51

District 3
Nodes: 2 4 9 32 33 37 40 46 52 66 68 71 82 100 104 106 109
Compactness: 1084.249641
Weights: 7225.000000 23551.000000 22851.000000
Center Node: 66

District 4
Nodes: 10 14 16 24 28 38 41 64 70 80 81 88 97 99 102 107 110
Compactness: 1331.215617
Weights: 7241.000000 23611.000000 23725.000000
Center Node: 38

District 5
Nodes: 3 5 6 8 12 20 23 43 53 60 63 72 73 75 92 93 113
Compactness: 1015.169046
Weights: 7233.000000 23818.000000 23278.000000
Center Node: 43

District 6
Nodes: 1 11 13 15 27 35 45 48 49 56 77 89 91 94 96 115 118
Compactness: 1233.380715
Weights: 7337.000000 23940.000000 23742.000000
Center Node: 94

District 7
Nodes: 7 17 18 19 22 25 30 31 39 44 54 61 76 79 86 112 116
Compactness: 908.055610
Weights: 7225.000000 22747.000000 23316.000000
Center Node: 116
