BalanceViolation 0.000000
AffinityLoss 0.000000
Compactness 7533.766920
District 1
Nodes: 6 14 15 23 30 32 40 50 51 53 57 63 73 81 87 92 99
Compactness: 1211.944163
Weights: 8663.000000 28537.000000 27914.000000
Center Node: 81

District 2
Nodes: 2 3 4 9 10 11 16 19 37 39 54 66 72 78 85 98
Compactness: 1168.567462
Weights: 8120.000000 26431.000000 26303.000000
Center Node: 85

District 3
Nodes: 0 5 13 21 25 26 36 41 43 49 58 69 70 75 80 89 94
Compactness: 1359.064477
Weights: 8646.000000 28034.000000 27982.000000
Center Node: 58

District 4
Nodes: 1 18 22 24 28 31 33 34 38 60 62 74 76 77 83 88 97
Compactness: 1038.200170
Weights: 8524.000000 27775.000000 27997.000000
Center Node: 62

District 5
Nodes: 8 12 20 45 46 47 52 56 61 65 68 79 82 84 90 93 95
Compactness: 1403.859184
Weights: 8654.000000 27866.000000 28177.000000
Center Node: 47

District 6
Nodes: 7 17 27 29 35 42 44 48 55 59 64 67 71 86 91 96
Compactness: 1352.131464
Weights: 8040.000000 26362.000000 26259.000000
Center Node: 71
