BalanceViolation 0.000000
AffinityLoss 0.000000
Compactness 8521.399450
District 1
Nodes: 10 16 29 31 43 54 61 62 64 76 81 86 97 107 108 112 119
Compactness: 1066.223283
Weights: 7263.000000 23705.000000 23632.000000
Center Node: 81

District 2
Nodes: 4 5 8 15 20 23 24 40 41 44 77 84 92 95 100 101 116
Compactness: 1533.859252
Weights: 7175.000000 23645.000000 23477.000000
Center Node: 4

District 3
Nodes: 2 11 36 51 55 57 63 67 69 72 80 89 90 91 94 110 118
Compactness: 1032.507451
Weights: 7359.000000 23633.000000 23946.000000
Center Node: 94

District 4
Nodes: 13 14 17 18 22 25 28 32 59 60 74 75 83 85 99 104 105 109
Compactness: 1446.740486
Weights: 7618.000000 24693.000000 24645.000000
Center Node: 74

District 5
Nodes: 0 12 35 37 46 47 52 53 56 70 73 82 96 98 111 114 117
Compactness: 999.160362
Weights: 7105.000000 23061.000000 23113.000000
Center Node: 52

District 6
Nodes: 1 9 19 27 30 34 39 42 48 49 65 66 68 71 88 106 113
Compactness: 1265.698247
Weights: 7112.000000 23412.000000 23500.000000
Center Node: 42

District 7
Nodes: 3 6 7 21 26 33 38 45 50 58 78 79 87 93 102 103 115
Compactness: 1177.210369
Weights: 7255.000000 23394.000000 23382.000000
Center Node: 102
