BalanceViolation 0.000000
AffinityLoss 0.000000
Compactness 7061.608157
District 1
Nodes: 4 6 19 26 28 30 44 54 55 59 72 81 87 88 89 90
Compactness: 1305.771666
Weights: 8126.000000 26605.000000 26607.000000
Center Node: 89

District 2
Nodes: 0 2 34 35 42 51 57 62 67 68 74 77 78 83 93 95 99
Compactness: 1216.822170
Weights: 8703.000000 27939.000000 27893.000000
Center Node: 0

District 3
Nodes: 8 9 14 15 17 18 23 32 33 38 39 52 63 66 75 94 96
Compactness: 1368.585336
Weights: 8663.000000 28128.000000 27854.000000
Center Node: 23

District 4
Nodes: 5 11 21 22 25 37 46 49 50 60 65 80 82 85 86 92 98
Compactness: 695.063592
Weights: 8741.000000 28456.000000 27642.000000
Center Node: 98

District 5
Nodes: 1 10 12 16 20 27 29 40 41 53 56 58 64 70 79 97
Compactness: 1170.460804
Weights: 8139.000000 26584.000000 26254.000000
Center Node: 97

District 6
Nodes: 3 7 13 24 31 36 43 45 47 48 61 69 71 73 76 84 91
Compactness: 1304.904589
Weights: 8603.000000 28243.000000 28100.000000
Center Node: 76
