BalanceViolation 0.000000
AffinityLoss 0.000000
Compactness 7549.169415
District 1
Nodes: 11 13 18 27 30 39 51 52 55 59 60 74 77 84 91 95 97
Compactness: 1208.260289
Weights: 8668.000000 28408.000000 27663.000000
Center Node: 60

District 2
Nodes: 1 5 15 26 31 35 40 42 50 66 70 75 76 82 83 88 96
Compactness: 1069.796079
Weights: 8667.000000 28441.000000 28121.000000
Center Node: 83

District 3
Nodes: 3 6 7 10 12 20 23 33 38 46 49 63 67 69 87 94
Compactness: 1280.350595
Weights: 8119.000000 26980.000000 27001.000000
Center Node: 10

District 4
Nodes: 2 14 17 19 36 41 45 57 64 72 78 81 85 86 92 98
Compactness: 1528.060061
Weights: 8245.000000 26630.000000 27097.000000
Center Node: 98

District 5
Nodes: 4 9 24 25 28 34 44 47 53 54 56 62 71 73 79 80 93
Compactness: 1119.720753
Weights: 8855.000000 28341.000000 28570.000000
Center Node: 71

District 6
Nodes: 0 8 16 21 22 29 32 37 43 48 58 61 65 68 89 90 99
Compactness: 1342.981638
Weights: 8692.000000 28191.000000 28438.000000
Center Node: 99
