BalanceViolation 0.000000
AffinityLoss 0.000000
Compactness 8715.396995
District 1
Nodes: 13 17 36 42 49 63 66 68 69 72 87 90 96 101 104 117 119
Compactness: 1327.888385
Weights: 7172.000000 22998.000000 23708.000000
Center Node: 68

District 2
Nodes: 4 10 12 16 21 23 26 37 44 59 71 75 77 91 99 105 111
Compactness: 1185.370643
Weights: 7153.000000 23435.000000 23524.000000
Center Node: 21

District 3
Nodes: 8 9 18 27 28 33 35 46 48 50 51 53 58 61 89 112 118
Compactness: 1413.613534
Weights: 7306.000000 23656.000000 23955.000000
Center Node: 118

District 4
Nodes: 0 25 31 41 52 55 65 67 74 76 84 92 97 106 108 109 113 115
Compactness: 1375.050818
Weights: 7663.000000 24635.000000 24726.000000
Center Node: 25

District 5
Nodes: 1 2 14 19 34 39 45 57 79 80 81 82 86 94 95 100 110
Compactness: 1119.075719
Weights: 7198.000000 23535.000000 23729.000000
Center Node: 95

District 6
Nodes: 3 5 6 20 30 47 54 62 70 83 85 93 98 102 103 107 116
Compactness: 1151.986015
Weights: 7218.000000 23169.000000 23571.000000
Center Node: 85

District 7
Nodes: 7 11 15 22 24 29 32 38 40 43 56 60 64 73 78 88 114
Compactness: 1142.411882
Weights: 7403.000000 23559.000000 23343.000000
Center Node: 38
