BalanceViolation 0.000000
AffinityLoss 0.000000
Compactness 8429.486052
District 1
Nodes: 3 14 22 26 29 34 56 72 77 78 81 85 97 105 108 117 119
Compactness: 1357.835875
Weights: 7227.000000 23470.000000 23180.000000
Center Node: 105

District 2
Nodes: 1 8 33 44 50 51 55 61 79 80 82 92 94 103 104 106 112 118
Compactness: 1314.402586
Weights: 7616.000000 24550.000000 24408.000000
Center Node: 112

District 3
Nodes: 0 5 15 23 24 25 43 52 54 62 64 66 67 69 87 89 101
Compactness: 1458.012396
Weights: 7135.000000 23249.000000 23471.000000
Center Node: 5

District 4
Nodes: 7 9 18 21 28 37 39 41 45 53 58 65 86 88 93 109 110
Compactness: 905.993882
Weights: 7274.000000 23448.000000 23312.000000
Center Node: 88

District 5
Nodes: 6 10 11 12 13 16 27 30 32 42 46 57 75 76 84 96 113
Compactness: 1024.978282
Weights: 7222.000000 23193.000000 23055.000000
Center Node: 75

District 6
Nodes: 2 4 31 35 36 60 63 74 90 91 99 100 102 107 114 115 116
Compactness: 1054.556739
Weights: 7281.000000 23493.000000 23608.000000
Center Node: 102

District 7
Nodes: 17 19 20 38 40 47 48 49 59 68 70 71 73 83 95 98 111
Compactness: 1313.706291
Weights: 7186.000000 23470.000000 23184.000000
Center Node: 20
