BalanceViolation 0.000000
AffinityLoss 0.000000
Compactness 7644.957565
District 1
Nodes: 3 6 13 17 19 27 39 41 46 47 52 54 55 58 62 81 89
Compactness: 1156.215249
Weights: 8564.000000 27820.000000 28169.000000
Center Node: 13

District 2
Nodes: 8 11 12 21 32 37 43 49 50 59 63 68 79 92 93 94 99
Compactness: 1511.791073
Weights: 8700.000000 28464.000000 27957.000000
Center Node: 99

District 3
Nodes: 0 14 15 23 28 36 60 64 70 72 73 74 75 77 82 83
Compactness: 1213.533887
Weights: 8229.000000 27009.000000 26816.000000
Center Node: 60

District 4
Nodes: 1 2 5 10 22 25 35 45 53 61 65 66 78 86 87 97
Compactness: 1626.363720
Weights: 8116.000000 26470.000000 26839.000000
Center Node: 87

District 5
Nodes: 7 9 20 30 31 33 34 38 48 57 67 69 71 80 85 88 90
Compactness: 1028.652984
Weights: 8639.000000 28061.000000 28128.000000
Center Node: 30

District 6
Nodes: 4 16 18 24 26 29 40 42 44 51 56 76 84 91 95 96 98
Compactness: 1108.400651
Weights: 8796.000000 28237.000000 27967.000000
Center Node: 98
