BalanceViolation 0.000000
AffinityLoss 0.000000
Compactness 7717.349900
District 1
Nodes: 6 8 11 14 20 21 32 34 52 58 65 70 89 91 92 98
Compactness: 1000.898167
Weights: 8244.000000 26927.000000 27174.000000
Center Node: 89

District 2
Nodes: 1 4 24 27 29 35 40 43 55 61 64 67 69 77 86 88 99
Compactness: 1660.632601
Weights: 8649.000000 27585.000000 28131.000000
Center Node: 67

District 3
Nodes: 7 15 19 25 33 37 46 48 56 63 68 73 79 82 84 94 96
Compactness: 1142.224975
Weights: 8671.000000 27817.000000 28404.000000
Center Node: 19

District 4
Nodes: 0 2 3 12 18 31 36 38 39 50 57 74 80 81 90 93 95
Compactness: 1533.581828
Weights: 8617.000000 27977.000000 28039.000000
Center Node: 2

District 5
Nodes: 5 9 17 23 30 41 42 51 53 59 60 66 71 75 85 87
Compactness: 1288.414875
Weights: 8210.000000 27018.000000 27123.000000
Center Node: 51

District 6
Nodes: 10 13 16 22 26 28 44 45 47 49 54 62 72 76 78 83 97
Compactness: 1091.597454
Weights: 8584.000000 27932.000000 27476.000000
Center Node: 28
