BalanceViolation 0.000000
AffinityLoss 0.000000
Compactness 9252.727327
District 1
Nodes: 0 1 33 52 53 58 73 78 80 86 89 96 101 103 106 107 111
Compactness: 1304.657105
Weights: 7272.000000 23609.000000 23596.000000
Center Node: 89

District 2
Nodes: 2 7 8 12 13 25 29 34 37 43 59 60 65 69 82 100 112 115
Compactness: 1758.163127
Weights: 7613.000000 24700.000000 24753.000000
Center Node: 60

District 3
Nodes: 6 16 18 22 23 24 30 35 36 61 74 85 91 92 95 97 98
Compactness: 998.004560
Weights: 7283.000000 23774.000000 23811.000000
Center Node: 18

District 4
Nodes: 4 11 19 28 48 63 64 66 71 72 76 77 99 109 116 117 118
Compactness: 1216.014399
Weights: 7267.000000 23639.000000 23678.000000
Center Node: 71

District 5
Nodes: 5 9 14 38 39 41 42 50 70 75 79 81 84 102 104 105 113
Compactness: 1219.657234
Weights: 7264.000000 24123.000000 23925.000000
Center Node: 41

District 6
Nodes: 3 10 21 32 45 47 55 56 62 67 83 87 90 94 108 114 119
Compactness: 1433.307737
Weights: 7229.000000 23544.000000 23591.000000
Center Node: 10

District 7
Nodes: 15 17 20 26 27 31 40 44 46 49 51 54 57 68 88 93 110
Compactness: 1322.923165
Weights: 7214.000000 23622.000000 23457.000000
Center Node: 57
