BalanceViolation 0.000000
AffinityLoss 0.000000
Compactness 7511.294888
District 1
Nodes: 1 5 9 20 21 22 26 27 50 58 60 62 64 67 74 75 76
Compactness: 1217.764341
Weights: 8672.000000 28298.000000 28416.000000
Center Node: 62

District 2
Nodes: 0 2 14 15 16 36 38 40 44 55 56 59 61 80 85 92 98
Compactness: 1230.197423
Weights: 8745.000000 28169.000000 28189.000000
Center Node: 55

District 3
Nodes: 4 6 19 32 42 51 53 54 63 68 77 86 88 89 90 95
Compactness: 1363.773870
Weights: 8116.000000 26156.000000 26275.000000
Center Node: 77

District 4
Nodes: 8 10 11 23 24 28 30 41 43 47 48 71 78 93 96 97
Compactness: 941.115465
Weights: 8078.000000 26453.000000 26297.000000
Center Node: 78

District 5
Nodes: 25 33 37 39 45 46 52 57 69 70 73 82 83 87 91 94 99
Compactness: 1491.767574
Weights: 8655.000000 28328.000000 27711.000000
Center Node: 94

District 6
Nodes: 3 7 12 13 17 18 29 31 34 35 49 65 66 72 79 81 84
Compactness: 1266.676215
Weights: 8557.000000 27548.000000 28050.000000
Center Node: 3
