BalanceViolation 0.000000
AffinityLoss 0.000000
Compactness 7483.437760
District 1
Nodes: 1 9 11 15 19 31 33 35 37 39 46 50 59 68 73 84 94
Compactness: 1178.901789
Weights: 8730.000000 28156.000000 28220.000000
Center Node: 11

District 2
Nodes: 4 8 13 17 21 24 34 36 41 42 52 53 70 76 82 95 98
Compactness: 1312.153024
Weights: 8629.000000 28403.000000 28342.000000
Center Node: 53

District 3
Nodes: 0 3 10 32 40 51 56 58 61 63 67 69 83 88 89 90 91
Compactness: 1321.082972
Weights: 8589.000000 28178.000000 27898.000000
Center Node: 56

District 4
Nodes: 5 14 25 27 29 47 54 57 60 62 66 75 77 80 87 99
Compactness: 1347.902699
Weights: 8070.000000 26736.000000 26499.000000
Center Node: 25

District 5
Nodes: 6 12 18 20 22 26 30 38 43 45 48 55 74 81 86 96 97
Compactness: 1073.774607
Weights: 8789.000000 28148.000000 28389.000000
Center Node: 45

District 6
Nodes: 2 7 16 23 28 44 49 64 65 71 72 78 79 85 92 93
Compactness: 1249.622669
Weights: 8128.000000 26638.000000 26477.000000
Center Node: 49
