BalanceViolation 0.000000
AffinityLoss 0.000000
Compactness 7484.727570
District 1
Nodes: 1 6 7 8 9 11 19 20 33 44 56 61 72 73 91 95 97
Compactness: 1349.213971
Weights: 8528.000000 27915.000000 28274.000000
Center Node: 72

District 2
Nodes: 10 14 15 26 27 35 45 48 49 54 59 64 69 74 76 94
Compactness: 1207.708721
Weights: 8279.000000 27009.000000 26904.000000
Center Node: 15

District 3
Nodes: 0 2 12 17 21 32 36 37 39 43 50 53 68 78 90 92 96
Compactness: 1529.769594
Weights: 8783.000000 28525.000000 28034.000000
Center Node: 96

District 4
Nodes: 3 24 38 40 46 52 55 62 63 66 67 82 83 85 86 89
Compactness: 1218.729606
Weights: 8200.000000 26711.000000 26679.000000
Center Node: 82

District 5
Nodes: 4 5 13 16 18 28 29 30 31 42 47 51 60 65 79 80 87
Compactness: 990.589015
Weights: 8648.000000 28074.000000 28172.000000
Center Node: 4

District 6
Nodes: 22 23 25 34 41 57 58 70 71 75 77 81 84 88 93 98 99
Compactness: 1188.716664
Weights: 8529.000000 27755.000000 27682.000000
Center Node: 71
