BalanceViolation 0.000000
AffinityLoss 0.000000
Compactness 7500.086705
District 1
Nodes: 9 16 19 20 22 35 44 47 48 50 53 70 76 79 87 88 95
Compactness: 1661.569698
Weights: 8709.000000 28018.000000 27797.000000
Center Node: 53

District 2
Nodes: 2 8 15 21 25 34 39 40 55 57 58 72 82 83 86 98
Compactness: 1213.320972
Weights: 8192.000000 26488.000000 26169.000000
Center Node: 58

District 3
Nodes: 4 5 11 18 23 26 28 30 37 38 46 56 66 69 75 77 85
Compactness: 1476.228113
Weights: 8616.000000 27679.000000 27466.000000
Center Node: 5

District 4
Nodes: 1 3 10 13 17 27 31 33 41 42 60 62 65 67 74 92 93
Compactness: 1187.806119
Weights: 8690.000000 27645.000000 28121.000000
Center Node: 67

District 5
Nodes: 6 14 32 43 45 54 59 61 73 78 84 89 90 94 97 99
Compactness: 892.962940
Weights: 8163.000000 26354.000000 26179.000000
Center Node: 73

District 6
Nodes: 0 7 12 24 29 36 49 51 52 63 64 68 71 80 81 91 96
Compactness: 1068.198862
Weights: 8732.000000 28174.000000 28721.000000
Center Node: 49
