BalanceViolation 0.000000
AffinityLoss 0.000000
Compactness 8401.405441
District 1
Nodes: 1 2 17 30 40 41 45 50 63 77 81 82 93 94 96 110 111 114
Compactness: 1142.026317
Weights: 7597.000000 24605.000000 24516.000000
Center Node: 94

District 2
Nodes: 4 5 14 24 26 37 43 48 54 57 68 72 79 86 89 100 118
Compactness: 1249.281716
Weights: 7294.000000 23785.000000 23346.000000
Center Node: 72

District 3
Nodes: 0 10 16 19 31 47 52 59 60 71 75 92 95 99 102 108 119
Compactness: 1254.489104
Weights: 7135.000000 23708.000000 23666.000000
Center Node: 0

District 4
Nodes: 18 22 33 34 42 46 56 61 64 67 74 76 85 97 104 116 117
Compactness: 1246.604536
Weights: 7234.000000 23622.000000 23594.000000
Center Node: 76

District 5
Nodes: 13 15 20 23 25 28 32 38 39 65 80 87 90 98 107 113 115
Compactness: 1015.708726
Weights: 7303.000000 23611.000000 23527.000000
Center Node: 28

District 6
Nodes: 3 7 8 12 27 29 44 51 53 62 73 78 88 101 103 105 106
Compactness: 1246.473396
Weights: 7134.000000 23321.000000 23625.000000
Center Node: 78

District 7
Nodes: 6 9 11 21 35 36 49 55 58 66 69 70 83 84 91 109 112
Compactness: 1246.821647
Weights: 7068.000000 23203.000000 23206.000000
Center Node: 109
