BalanceViolation 0.000000
AffinityLoss 0.000000
Compactness 8037.012759
District 1
Nodes: 4 5 22 29 30 37 38 48 52 57 68 71 76 96 97 98 99
Compactness: 1543.565046
Weights: 8510.000000 27779.000000 27483.000000
Center Node: 76

District 2
Nodes: 2 7 8 23 24 28 44 47 51 58 61 63 67 70 81 83 89
Compactness: 1523.745980
Weights: 8724.000000 27880.000000 28316.000000
Center Node: 81

District 3
Nodes: 11 15 16 20 21 27 34 40 43 49 50 59 62 66 78 84 85
Compactness: 1352.939978
Weights: 8744.000000 28603.000000 27872.000000
Center Node: 66

District 4
Nodes: 6 12 14 25 26 33 46 55 56 60 72 77 80 82 88 91 94
Compactness: 1113.134648
Weights: 8568.000000 27649.000000 27888.000000
Center Node: 77

District 5
Nodes: 0 10 13 18 31 36 42 45 54 69 74 79 90 92 93 95
Compactness: 1381.121310
Weights: 8200.000000 26457.000000 26412.000000
Center Node: 18

District 6
Nodes: 1 3 9 17 19 32 35 39 41 53 64 65 73 75 86 87
Compactness: 1122.505795
Weights: 8262.000000 26651.000000 26598.000000
Center Node: 86
