BalanceViolation 0.000000
AffinityLoss 0.000000
Compactness 8602.624195
District 1
Nodes: 3 4 17 26 32 37 40 41 42 61 65 75 81 84 89 94 111
Compactness: 1500.599692
Weights: 7154.000000 23184.000000 23610.000000
Center Node: 17

District 2
Nodes: 16 22 36 48 50 52 60 72 76 79 80 85 93 95 110 116 117
Compactness: 1505.376101
Weights: 7264.000000 23479.000000 24009.000000
Center Node: 22

District 3
Nodes: 11 13 15 28 30 44 45 47 53 59 71 86 90 96 97 100 113
Compactness: 1309.472850
Weights: 7290.000000 23385.000000 23863.000000
Center Node: 86

District 4
Nodes: 6 8 10 14 18 21 29 39 46 49 55 70 78 82 83 102 114
Compactness: 1112.473808
Weights: 7266.000000 23613.000000 23145.000000
Center Node: 46

District 5
Nodes: 7 9 20 38 58 63 68 69 87 88 98 101 103 105 109 112 118
Compactness: 976.579219
Weights: 7319.000000 24159.000000 23874.000000
Center Node: 69

District 6
Nodes: 1 2 23 24 27 31 33 34 35 43 56 57 62 74 77 107 108 115
Compactness: 1240.783195
Weights: 7566.000000 24242.000000 24236.000000
Center Node: 108

District 7
Nodes: 0 5 12 19 25 51 54 64 66 67 73 91 92 99 104 106 119
Compactness: 957.339330
Weights: 7246.000000 23173.000000 23113.000000
Center Node: 92
