BalanceViolation 0.000000
AffinityLoss 0.000000
Compactness 7536.669186
District 1
Nodes: 5 11 17 18 19 29 32 33 34 40 41 60 63 67 78 80 95
Compactness: 1182.222676
Weights: 8647.000000 28203.000000 28346.000000
Center Node: 17

District 2
Nodes: 3 6 7 13 22 25 39 44 46 51 52 81 82 87 88 91 94
Compactness: 1216.320714
Weights: 8625.000000 27962.000000 28193.000000
Center Node: 46

District 3
Nodes: 10 12 16 20 28 30 35 36 47 49 61 72 73 77 79 83 96
Compactness: 1664.074492
Weights: 8642.000000 28286.000000 27812.000000
Center Node: 49

District 4
Nodes: 4 9 27 42 43 45 48 56 57 58 59 68 70 85 90 93
Compactness: 1285.835808
Weights: 8270.000000 26715.000000 26593.000000
Center Node: 43

District 5
Nodes: 1 15 23 37 38 50 54 55 65 66 74 75 86 89 92 97 99
Compactness: 1218.316416
Weights: 8728.000000 28326.000000 28439.000000
Center Node: 99

District 6
Nodes: 0 2 8 14 21 24 26 31 53 62 64 69 71 76 84 98
Compactness: 969.899079
Weights: 8274.000000 26560.000000 26911.000000
Center Node: 24
