BalanceViolation 0.000000
AffinityLoss 0.000000
Compactness 7220.845138
District 1
Nodes: 1 12 17 22 30 38 40 52 54 56 61 66 74 77 89 93 95
Compactness: 991.449089
Weights: 8538.000000 28176.000000 28441.000000
Center Node: 40

District 2
Nodes: 3 20 28 34 35 37 43 49 55 60 67 71 75 83 85 86 96
Compactness: 1157.373358
Weights: 8680.000000 28057.000000 27850.000000
Center Node: 67

District 3
Nodes: 2 5 6 15 16 24 25 26 32 33 53 58 59 79 80 90 99
Compactness: 1277.300747
Weights: 8621.000000 27403.000000 27909.000000
Center Node: 16

District 4
Nodes: 4 14 21 27 42 50 51 63 69 72 78 82 87 91 92 98
Compactness: 1300.815861
Weights: 8084.000000 26374.000000 26549.000000
Center Node: 21

District 5
Nodes: 7 9 18 29 31 44 46 47 62 64 65 68 70 73 76 84 97
Compactness: 1287.507589
Weights: 8748.000000 28624.000000 28379.000000
Center Node: 7

District 6
Nodes: 0 8 10 11 13 19 23 36 39 41 45 48 57 81 88 94
Compactness: 1206.398494
Weights: 8244.000000 26517.000000 26486.000000
Center Node: 41
