BalanceViolation 0.000000
AffinityLoss 0.000000
Compactness 8650.402192
District 1
Nodes: 0 1 12 16 39 49 59 62 63 69 70 75 83 99 100 114 116
Compactness: 1370.369245
Weights: 7191.000000 22951.000000 23153.000000
Center Node: 70

District 2
Nodes: 17 20 28 35 37 56 61 71 72 76 89 93 94 95 101 107 113 115
Compactness: 1255.184935
Weights: 7597.000000 24027.000000 24657.000000
Center Node: 72

District 3
Nodes: 3 6 15 18 26 30 32 33 44 47 52 55 65 86 92 102 105
Compactness: 1519.014014
Weights: 7294.000000 23912.000000 23652.000000
Center Node: 6

District 4
Nodes: 24 27 29 31 36 42 50 74 78 79 85 88 90 96 103 106 118
Compactness: 1192.434200
Weights: 7319.000000 23520.000000 23568.000000
Center Node: 24

District 5
Nodes: 4 7 8 14 23 38 48 66 68 73 80 98 104 108 110 117 119
Compactness: 762.931475
Weights: 7196.000000 23838.000000 23203.000000
Center Node: 8

District 6
Nodes: 9 19 34 43 45 46 54 60 64 77 81 82 87 91 97 109 112
Compactness: 998.236483
Weights: 7364.000000 23303.000000 23747.000000
Center Node: 81

District 7
Nodes: 2 5 10 11 13 21 22 25 40 41 51 53 57 58 67 84 111
Compactness: 1552.231841
Weights: 7254.000000 23572.000000 23471.000000
Center Node: 25
