BalanceViolation 0.000000
AffinityLoss 0.000000
Compactness 7813.819801
District 1
Nodes: 1 3 8 12 25 46 61 64 74 78 79 84 94 96 97 100 107
Compactness: 1257.102347
Weights: 7234.000000 23467.000000 23071.000000
Center Node: 94

District 2
Nodes: 9 11 14 40 47 53 62 68 69 83 88 95 102 104 108 114 119
Compactness: 1146.569711
Weights: 7279.000000 23497.000000 23307.000000
Center Node: 95

District 3
Nodes: 0 4 15 23 24 26 41 45 48 51 55 56 66 70 71 77 112
Compactness: 1164.872326
Weights: 7161.000000 23283.000000 23477.000000
Center Node: 41

District 4
Nodes: 18 21 22 27 32 33 39 42 49 50 54 60 76 86 106 110 115 117
Compactness: 785.172338
Weights: 7623.000000 24819.000000 24885.000000
Center Node: 49

District 5
Nodes: 2 6 7 16 30 34 36 57 72 81 90 91 92 101 113 116 118
Compactness: 1110.724585
Weights: 7333.000000 23776.000000 24174.000000
Center Node: 2

District 6
Nodes: 13 20 28 38 44 52 59 63 73 75 85 93 98 99 105 109 111
Compactness: 1309.466138
Weights: 7226.000000 23523.000000 23341.000000
Center Node: 99

District 7
Nodes: 5 10 17 19 29 31 35 37 43 58 65 67 80 82 87 89 103
Compactness: 1039.912356
Weights: 7235.000000 23492.000000 23862.000000
Center Node: 58
