BalanceViolation 0.000000
AffinityLoss 0.000000
Compactness 7297.733770
District 1
Nodes: 18 22 25 26 29 33 36 40 51 54 57 61 62 64 70 83 93
Compactness: 1153.945376
Weights: 8611.000000 28144.000000 27736.000000
Center Node: 62

District 2
Nodes: 4 10 14 16 20 21 37 38 68 69 76 82 87 88 91 98
Compactness: 1559.897134
Weights: 8141.000000 26734.000000 26673.000000
Center Node: 38

District 3
Nodes: 2 11 12 13 24 27 45 48 49 55 56 59 67 80 85 86 97
Compactness: 1117.933751
Weights: 8652.000000 28067.000000 28531.000000
Center Node: 48

District 4
Nodes: 7 9 31 32 34 44 47 52 53 58 65 78 81 84 92 94 99
Compactness: 1313.701433
Weights: 8687.000000 28143.000000 28411.000000
Center Node: 94

District 5
Nodes: 0 1 15 17 23 30 35 42 60 72 73 75 77 79 89 95 96
Compactness: 1122.093053
Weights: 8608.000000 27989.000000 27878.000000
Center Node: 23

District 6
Nodes: 3 5 6 8 19 28 39 41 43 46 50 63 66 71 74 90
Compactness: 1030.163023
Weights: 8161.000000 27039.000000 26666.000000
Center Node: 19
