BalanceViolation 0.000000
AffinityLoss 0.000000
Compactness 6853.154172
District 1
Nodes: 4 15 17 18 19 22 24 25 26 30 32 39 55 58 84 91 92
Compactness: 1041.290527
Weights: 8614.000000 27733.000000 27616.000000
Center Node: 84

District 2
Nodes: 3 6 9 12 27 38 42 43 48 53 60 63 67 69 72 89 98
Compactness: 1025.084024
Weights: 8674.000000 28067.000000 28279.000000
Center Node: 9

District 3
Nodes: 0 1 8 23 31 46 49 57 62 64 66 74 75 80 85 93 97
Compactness: 1378.367812
Weights: 8572.000000 28053.000000 28088.000000
Center Node: 64

District 4
Nodes: 11 14 28 29 37 45 54 56 73 78 82 83 90 94 96 99
Compactness: 1044.001325
Weights: 8146.000000 26443.000000 26661.000000
Center Node: 90

District 5
Nodes: 5 16 34 36 40 41 50 51 59 61 68 71 76 77 79 87 95
Compactness: 1198.776093
Weights: 8776.000000 28457.000000 28132.000000
Center Node: 36

District 6
Nodes: 2 7 10 13 20 21 33 35 44 47 52 65 70 81 86 88
Compactness: 1165.634390
Weights: 8228.000000 26846.000000 26646.000000
Center Node: 52
