BalanceViolation 0.000000
AffinityLoss 0.000000
Compactness 8521.424405
District 1
Nodes: 22 25 29 30 34 38 45 47 52 56 61 63 88 97 102 104 105
Compactness: 1179.833384
Weights: 7050.000000 23307.000000 23293.000000
Center Node: 88

District 2
Nodes: 1 8 12 17 21 24 39 46 51 54 55 60 75 86 98 100 117
Compactness: 846.045941
Weights: 7228.000000 23674.000000 23160.000000
Center Node: 12

District 3
Nodes: 3 5 9 20 41 62 65 67 72 77 79 93 103 106 108 114 118 119
Compactness: 1086.073762
Weights: 7583.000000 24728.000000 24280.000000
Center Node: 3

District 4
Nodes: 7 13 19 28 32 35 36 40 58 59 64 66 81 91 92 95 109
Compactness: 1424.592214
Weights: 7160.000000 23222.000000 23047.000000
Center Node: 28

District 5
Nodes: 16 26 42 50 68 70 74 76 78 84 85 89 94 96 99 101 116
Compactness: 1101.326468
Weights: 7245.000000 23174.000000 23794.000000
Center Node: 89

District 6
Nodes: 0 2 6 10 14 15 18 31 33 37 44 69 80 82 107 110 111
Compactness: 1427.112753
Weights: 7270.000000 23293.000000 23811.000000
Center Node: 18

District 7
Nodes: 4 11 23 27 43 48 49 53 57 71 73 83 87 90 112 113 115
Compactness: 1456.439882
Weights: 7338.000000 23749.000000 23997.000000
Center Node: 90
