BalanceViolation 0.000000
AffinityLoss 0.000000
Compactness 8735.555060
District 1
Nodes: 0 2 17 19 25 31 43 57 62 72 74 79 80 90 93 94 96 111
Compactness: 1754.917732
Weights: 7456.000000 24644.000000 24303.000000
Center Node: 43

District 2
Nodes: 9 12 20 27 36 37 38 39 49 50 51 58 88 92 102 103 114
Compactness: 1191.047537
Weights: 7251.000000 23454.000000 23327.000000
Center Node: 39

District 3
Nodes: 6 13 14 23 30 33 46 47 69 95 98 99 104 107 108 109 115
Compactness: 1484.927426
Weights: 7144.000000 23397.000000 23627.000000
Center Node: 23

District 4
Nodes: 16 21 40 42 48 54 61 76 82 86 89 100 105 110 112 118 119
Compactness: 1220.473954
Weights: 7211.000000 23630.000000 23647.000000
Center Node: 48

District 5
Nodes: 5 18 26 29 44 52 56 59 63 64 65 67 73 75 77 78 97
Compactness: 1176.653893
Weights: 7169.000000 23366.000000 23248.000000
Center Node: 5

District 6
Nodes: 7 8 22 24 34 41 53 55 66 68 84 85 91 101 106 113 116
Compactness: 892.731032
Weights: 7202.000000 23139.000000 23349.000000
Center Node: 85

District 7
Nodes: 1 3 4 10 11 15 28 32 35 45 60 70 71 81 83 87 117
Compactness: 1014.803486
Weights: 7182.000000 23153.000000 23163.000000
Center Node: 1
