BalanceViolation 0.000000
AffinityLoss 0.000000
Compactness 7842.582716
District 1
Nodes: 2 6 7 16 30 34 36 55 72 81 90 91 92 101 103 113 116
Compactness: 1143.489963
Weights: 7277.000000 23868.000000 24080.000000
Center Node: 2

District 2
Nodes: 14 18 21 27 32 33 39 42 49 50 54 60 76 86 106 110 115 117
Compactness: 822.153442
Weights: 7636.000000 24815.000000 24828.000000
Center Node: 49

District 3
Nodes: 9 11 40 47 53 62 68 69 83 84 88 95 102 104 108 114 119
Compactness: 1203.997677
Weights: 7332.000000 23674.000000 23394.000000
Center Node: 95

District 4
Nodes: 1 3 8 12 22 25 46 61 64 74 78 79 94 96 97 100 107
Compactness: 1198.616852
Weights: 7168.000000 23294.000000 23041.000000
Center Node: 64

District 5
Nodes: 0 4 15 23 24 26 41 45 48 51 56 66 70 71 77 112 118
Compactness: 1127.606232
Weights: 7209.000000 23253.000000 23580.000000
Center Node: 41

District 6
Nodes: 5 10 17 19 29 31 35 37 43 57 58 65 67 80 82 87 89
Compactness: 1037.252412
Weights: 7243.000000 23430.000000 23853.000000
Center Node: 58

District 7
Nodes: 13 20 28 38 44 52 59 63 73 75 85 93 98 99 105 109 111
Compactness: 1309.466138
Weights: 7226.000000 23523.000000 23341.000000
Center Node: 99
