BalanceViolation 0.000000
AffinityLoss 0.000000
Compactness 8529.241546
District 1
Nodes: 13 14 29 31 39 43 50 51 55 62 63 78 83 97 111 113 117
Compactness: 1176.906148
Weights: 7316.000000 23595.000000 23740.000000
Center Node: 50

District 2
Nodes: 0 1 2 3 17 37 45 52 54 57 58 86 90 101 103 105 109
Compactness: 1593.750982
Weights: 7184.000000 23225.000000 24034.000000
Center Node: 45

District 3
Nodes: 30 41 42 47 48 64 70 71 73 82 85 87 94 102 106 107 108 115
Compactness: 1242.324873
Weights: 7506.000000 24668.000000 24747.000000
Center Node: 107

District 4
Nodes: 16 22 33 36 38 40 44 68 72 76 80 92 95 98 110 116 118
Compactness: 1147.760500
Weights: 7224.000000 23732.000000 23405.000000
Center Node: 40

District 5
Nodes: 5 8 10 11 21 23 32 34 53 60 61 75 77 81 93 100 112
Compactness: 1219.575706
Weights: 7188.000000 23400.000000 23284.000000
Center Node: 61

District 6
Nodes: 9 18 24 25 28 35 49 56 59 66 67 79 84 88 89 104 119
Compactness: 1064.233281
Weights: 7285.000000 23529.000000 23385.000000
Center Node: 28

District 7
Nodes: 4 6 7 12 15 19 20 26 27 46 65 69 74 91 96 99 114
Compactness: 1084.690056
Weights: 7244.000000 23749.000000 23356.000000
Center Node: 15
