BalanceViolation 0.000000
AffinityLoss 0.000000
Compactness 7122.642781
District 1
Nodes: 3 11 30 32 35 38 47 54 69 73 76 84 86 88 93 99
Compactness: 970.291994
Weights: 8058.000000 26384.000000 26258.000000
Center Node: 32

District 2
Nodes: 7 8 10 14 25 27 41 44 52 56 59 68 70 79 80 87 96
Compactness: 1174.647265
Weights: 8706.000000 28067.000000 28297.000000
Center Node: 25

District 3
Nodes: 2 20 21 24 28 29 34 37 39 49 53 65 75 77 81 97 98
Compactness: 1354.804793
Weights: 8534.000000 27862.000000 27869.000000
Center Node: 24

District 4
Nodes: 0 6 12 13 19 23 42 43 48 57 60 71 78 89 92 94 95
Compactness: 1305.837625
Weights: 8623.000000 28114.000000 28177.000000
Center Node: 19

District 5
Nodes: 4 5 16 22 36 40 51 55 61 63 64 66 67 83 85 90
Compactness: 1262.195116
Weights: 8144.000000 26714.000000 26240.000000
Center Node: 85

District 6
Nodes: 1 9 15 17 18 26 31 33 45 46 50 58 62 72 74 82 91
Compactness: 1054.865990
Weights: 8566.000000 28099.000000 27864.000000
Center Node: 62
