BalanceViolation 0.000000
AffinityLoss 0.000000
Compactness 7312.953028
District 1
Nodes: 1 5 9 12 18 21 41 43 52 53 54 64 74 81 83 91 94
Compactness: 1342.649893
Weights: 8735.000000 28039.000000 28398.000000
Center Node: 5

District 2
Nodes: 7 11 13 20 24 31 46 50 55 61 62 63 65 82 85 97 99
Compactness: 1047.354458
Weights: 8788.000000 28354.000000 28319.000000
Center Node: 63

District 3
Nodes: 0 4 14 25 26 36 45 47 48 49 57 59 67 80 86 89
Compactness: 1147.288652
Weights: 8236.000000 26331.000000 27334.000000
Center Node: 4

District 4
Nodes: 2 6 10 19 22 28 29 34 35 42 58 69 78 87 93 96 98
Compactness: 1610.497653
Weights: 8577.000000 27844.000000 28115.000000
Center Node: 19

District 5
Nodes: 3 8 15 38 39 51 56 66 68 70 71 79 84 88 90 92 95
Compactness: 988.812495
Weights: 8649.000000 28062.000000 28042.000000
Center Node: 95

District 6
Nodes: 16 17 23 27 30 32 33 37 40 44 60 72 73 75 76 77
Compactness: 1176.349877
Weights: 8191.000000 26495.000000 26741.000000
Center Node: 72
