BalanceViolation 0.000000
AffinityLoss 0.000000
Compactness 8582.201685
District 1
Nodes: 6 11 15 27 45 48 49 53 55 56 77 84 89 94 96 115 118
Compactness: 1195.954442
Weights: 7243.000000 23731.000000 23346.000000
Center Node: 45

District 2
Nodes: 10 14 16 24 28 38 41 59 70 80 81 88 97 99 102 107 110
Compactness: 1335.141047
Weights: 7228.000000 23574.000000 23719.000000
Center Node: 38

District 3
Nodes: 26 42 47 51 57 58 62 65 67 83 87 92 98 101 103 105 114
Compactness: 1189.394362
Weights: 7155.000000 23345.000000 23569.000000
Center Node: 51

District 4
Nodes: 0 29 34 35 36 50 64 69 74 78 85 90 95 108 111 117 119
Compactness: 1786.949036
Weights: 7216.000000 23449.000000 23443.000000
Center Node: 36

District 5
Nodes: 7 17 18 19 21 22 25 30 31 39 44 54 61 76 79 86 112 116
Compactness: 1001.466541
Weights: 7635.000000 24236.000000 24665.000000
Center Node: 116

District 6
Nodes: 3 5 8 12 20 23 33 43 46 60 63 72 73 75 93 104 113
Compactness: 976.148153
Weights: 7294.000000 23881.000000 23229.000000
Center Node: 113

District 7
Nodes: 1 2 4 9 13 32 37 40 52 66 68 71 82 91 100 106 109
Compactness: 1097.148103
Weights: 7248.000000 23671.000000 23209.000000
Center Node: 100
