BalanceViolation 0.000000
AffinityLoss 0.000000
Compactness 7668.689503
District 1
Nodes: 11 13 22 23 24 36 47 51 53 57 60 63 69 81 84 95
Compactness: 1159.151012
Weights: 8221.000000 26961.000000 27035.000000
Center Node: 11

District 2
Nodes: 2 6 17 27 33 34 38 39 40 41 54 62 75 83 90 92 93
Compactness: 1438.866203
Weights: 8810.000000 28328.000000 28131.000000
Center Node: 75

District 3
Nodes: 0 4 21 25 28 29 32 35 42 48 56 70 89 94 96 97 99
Compactness: 1388.497626
Weights: 8624.000000 27704.000000 27901.000000
Center Node: 28

District 4
Nodes: 3 5 8 12 14 31 37 44 49 55 59 64 67 68 86 91 98
Compactness: 1297.368645
Weights: 8653.000000 28289.000000 28210.000000
Center Node: 68

District 5
Nodes: 7 9 10 16 20 26 30 43 45 46 52 65 71 76 77 80 82
Compactness: 962.878654
Weights: 8632.000000 28282.000000 28721.000000
Center Node: 43

District 6
Nodes: 1 15 18 19 50 58 61 66 72 73 74 78 79 85 87 88
Compactness: 1421.927362
Weights: 8233.000000 26767.000000 26616.000000
Center Node: 72
