BalanceViolation 0.000000
AffinityLoss 0.000000
Compactness 8513.984421
District 1
Nodes: 6 16 29 38 61 62 64 70 79 81 86 89 93 107 108 112 119
Compactness: 1230.738783
Weights: 7248.000000 23821.000000 23768.000000
Center Node: 119

District 2
Nodes: 3 4 5 8 15 19 20 23 40 41 48 88 92 95 100 106 116
Compactness: 1585.433639
Weights: 7160.000000 23441.000000 23412.000000
Center Node: 40

District 3
Nodes: 13 17 18 24 25 28 44 58 60 74 77 83 84 99 101 104 105
Compactness: 1696.209520
Weights: 7194.000000 23389.000000 23378.000000
Center Node: 99

District 4
Nodes: 2 31 36 43 54 57 63 67 69 76 80 90 91 94 97 110 118
Compactness: 849.477867
Weights: 7247.000000 23531.000000 23823.000000
Center Node: 110

District 5
Nodes: 0 10 12 21 35 37 46 47 52 53 56 73 82 96 98 111 114 117
Compactness: 1124.589095
Weights: 7579.000000 24509.000000 24327.000000
Center Node: 52

District 6
Nodes: 7 14 22 26 32 33 45 50 59 75 78 85 87 102 103 109 115
Compactness: 963.221738
Weights: 7244.000000 23224.000000 23366.000000
Center Node: 7

District 7
Nodes: 1 9 11 27 30 34 39 42 49 51 55 65 66 68 71 72 113
Compactness: 1064.313777
Weights: 7215.000000 23628.000000 23621.000000
Center Node: 1
