BalanceViolation 0.000000
AffinityLoss 0.000000
Compactness 6920.956495
District 1
Nodes: 3 7 9 12 29 33 34 56 58 63 75 77 87 89 92 97
Compactness: 1365.202253
Weights: 8182.000000 26804.000000 26769.000000
Center Node: 97

District 2
Nodes: 18 19 28 32 35 39 40 50 53 59 68 70 72 78 81 88 91
Compactness: 1220.503569
Weights: 8600.000000 28099.000000 27699.000000
Center Node: 91

District 3
Nodes: 4 5 14 17 38 41 47 48 55 62 65 67 69 73 79 95 99
Compactness: 971.356482
Weights: 8610.000000 27754.000000 27382.000000
Center Node: 69

District 4
Nodes: 6 13 15 16 21 23 25 26 30 43 44 54 74 80 82 86
Compactness: 1001.851398
Weights: 8279.000000 26279.000000 26717.000000
Center Node: 44

District 5
Nodes: 0 2 10 20 24 27 31 36 45 52 60 61 64 83 84 85 93
Compactness: 1209.877950
Weights: 8574.000000 27708.000000 27815.000000
Center Node: 64

District 6
Nodes: 1 8 11 22 37 42 46 49 51 57 66 71 76 90 94 96 98
Compactness: 1152.164844
Weights: 8690.000000 28355.000000 28130.000000
Center Node: 71
