BalanceViolation 0.000000
AffinityLoss 0.000000
Compactness 8662.372760
District 1
Nodes: 17 22 28 30 37 47 55 56 61 71 72 76 86 89 94 101 107 113
Compactness: 920.525334
Weights: 7586.000000 24253.000000 24752.000000
Center Node: 28

District 2
Nodes: 24 31 36 38 42 50 68 74 79 85 88 90 96 103 110 117 118
Compactness: 1134.257858
Weights: 7263.000000 23454.000000 23304.000000
Center Node: 90

District 3
Nodes: 1 11 12 16 49 57 62 67 69 70 75 84 99 100 111 114 116
Compactness: 1414.321822
Weights: 7235.000000 23161.000000 23297.000000
Center Node: 62

District 4
Nodes: 9 19 20 35 43 46 54 60 64 81 87 91 93 95 97 109 112
Compactness: 1165.491613
Weights: 7370.000000 23562.000000 23911.000000
Center Node: 81

District 5
Nodes: 4 7 8 14 34 45 48 66 73 77 80 82 98 104 108 115 119
Compactness: 868.734716
Weights: 7230.000000 23671.000000 23154.000000
Center Node: 98

District 6
Nodes: 2 3 5 6 15 18 26 32 33 44 51 52 58 65 92 102 105
Compactness: 1614.531602
Weights: 7327.000000 23885.000000 23794.000000
Center Node: 6

District 7
Nodes: 0 10 13 21 23 25 27 29 39 40 41 53 59 63 78 83 106
Compactness: 1544.509814
Weights: 7204.000000 23137.000000 23239.000000
Center Node: 10
