BalanceViolation 0.000000
AffinityLoss 0.000000
Compactness 8498.385115
District 1
Nodes: 16 19 21 24 25 48 54 61 72 74 82 86 89 100 110 111 112
Compactness: 1419.132388
Weights: 7112.000000 23235.000000 23434.000000
Center Node: 16

District 2
Nodes: 9 12 20 27 36 37 38 39 49 50 51 84 88 92 102 103 114
Compactness: 1251.761476
Weights: 7215.000000 23484.000000 23140.000000
Center Node: 39

District 3
Nodes: 14 23 26 30 33 46 47 69 77 78 98 99 104 107 108 109 115
Compactness: 1406.401418
Weights: 7109.000000 23356.000000 23498.000000
Center Node: 109

District 4
Nodes: 7 22 34 40 41 42 53 66 68 76 85 101 105 106 116 118 119
Compactness: 827.251373
Weights: 7196.000000 23446.000000 23357.000000
Center Node: 7

District 5
Nodes: 5 8 18 44 52 55 56 58 59 63 64 65 67 73 75 91 97 113
Compactness: 1514.862286
Weights: 7589.000000 24343.000000 24624.000000
Center Node: 67

District 6
Nodes: 0 2 3 6 10 11 13 17 29 43 57 62 79 81 93 95 96
Compactness: 1020.438334
Weights: 7193.000000 23788.000000 23313.000000
Center Node: 0

District 7
Nodes: 1 4 15 28 31 32 35 45 60 70 71 80 83 87 90 94 117
Compactness: 1058.537841
Weights: 7201.000000 23131.000000 23298.000000
Center Node: 28
