BalanceViolation 0.000000
AffinityLoss 0.000000
Compactness 7964.906423
District 1
Nodes: 2 23 39 40 46 52 55 58 59 63 81 82 88 97 108 111 119
Compactness: 1064.658249
Weights: 7310.000000 23378.000000 24135.000000
Center Node: 97

District 2
Nodes: 1 3 6 7 8 27 32 41 44 48 50 64 65 90 104 109 115
Compactness: 1217.800927
Weights: 7172.000000 23736.000000 23444.000000
Center Node: 32

District 3
Nodes: 16 18 29 30 49 56 57 62 66 68 71 84 87 95 98 102 110
Compactness: 1111.137143
Weights: 7142.000000 23289.000000 22949.000000
Center Node: 29

District 4
Nodes: 5 13 26 28 35 38 53 67 73 76 80 83 85 86 96 105 117
Compactness: 1278.263021
Weights: 7233.000000 23917.000000 23391.000000
Center Node: 73

District 5
Nodes: 9 14 17 19 24 25 31 33 34 36 37 42 60 79 94 101 112 114
Compactness: 1190.227936
Weights: 7563.000000 24861.000000 24797.000000
Center Node: 33

District 6
Nodes: 10 11 15 21 45 47 51 70 72 77 92 93 99 100 103 107 113
Compactness: 1000.022910
Weights: 7237.000000 23332.000000 23548.000000
Center Node: 21

District 7
Nodes: 0 4 12 20 22 43 54 61 69 74 75 78 89 91 106 116 118
Compactness: 1102.796237
Weights: 7222.000000 23426.000000 23577.000000
Center Node: 75
