BalanceViolation 0.000000
AffinityLoss 0.000000
Compactness 7272.956233
District 1
Nodes: 0 2 8 12 26 30 35 36 46 56 74 75 78 79 94 95 96
Compactness: 1347.668563
Weights: 8775.000000 28288.000000 28550.000000
Center Node: 0

District 2
Nodes: 17 19 33 37 47 48 49 50 53 60 66 73 80 82 89 98
Compactness: 1369.549591
Weights: 8193.000000 26584.000000 26619.000000
Center Node: 48

District 3
Nodes: 13 14 15 16 20 21 22 23 24 28 38 59 62 76 93 99
Compactness: 1123.250709
Weights: 8360.000000 26973.000000 26659.000000
Center Node: 38

District 4
Nodes: 1 4 5 6 7 11 29 40 41 43 61 63 64 68 70 83 90
Compactness: 1088.728359
Weights: 8735.000000 28174.000000 28066.000000
Center Node: 43

District 5
Nodes: 25 27 32 34 42 45 51 57 58 69 71 81 85 86 87 88 92
Compactness: 1098.174416
Weights: 8638.000000 27614.000000 27873.000000
Center Node: 34

District 6
Nodes: 3 9 10 18 31 39 44 52 54 55 65 67 72 77 84 91 97
Compactness: 1245.584594
Weights: 8609.000000 27884.000000 27786.000000
Center Node: 9
