BalanceViolation 0.000000
AffinityLoss 0.000000
Compactness 8586.222717
District 1
Nodes: 13 14 23 29 31 39 50 51 55 62 63 78 83 97 111 113 117
Compactness: 1175.308708
Weights: 7290.000000 23525.000000 23729.000000
Center Node: 50

District 2
Nodes: 9 30 41 42 47 48 70 71 73 82 85 87 94 102 106 107 108 115
Compactness: 1246.266823
Weights: 7547.000000 24550.000000 24751.000000
Center Node: 107

District 3
Nodes: 0 1 2 3 37 45 52 54 57 58 64 77 86 90 103 105 109
Compactness: 1670.624677
Weights: 7124.000000 23274.000000 23886.000000
Center Node: 45

District 4
Nodes: 4 6 7 12 15 19 20 26 27 46 65 69 74 91 96 99 114
Compactness: 1084.690056
Weights: 7244.000000 23749.000000 23356.000000
Center Node: 15

District 5
Nodes: 8 10 11 17 21 32 34 43 53 60 61 75 81 93 100 101 112
Compactness: 1192.034048
Weights: 7222.000000 23456.000000 23456.000000
Center Node: 61

District 6
Nodes: 16 22 33 36 38 40 44 68 72 76 80 92 95 98 110 116 118
Compactness: 1147.760500
Weights: 7224.000000 23732.000000 23405.000000
Center Node: 40

District 7
Nodes: 5 18 24 25 28 35 49 56 59 66 67 79 84 88 89 104 119
Compactness: 1069.537906
Weights: 7296.000000 23612.000000 23368.000000
Center Node: 28
