BalanceViolation 0.000000
AffinityLoss 0.000000
Compactness 5767.536948
District 1
Nodes: 6 15 16 19 20 26 27 30 41 42 53 54 55 56 58
Compactness: 1390.099251
Weights: 12954.000000 42155.000000 42223.000000
Center Node: 26

District 2
Nodes: 7 8 14 24 25 28 31 33 37 39 40 43 45 48 51
Compactness: 1855.428644
Weights: 12722.000000 41064.000000 41295.000000
Center Node: 43

District 3
Nodes: 1 3 4 10 11 12 18 21 22 34 46 49 52 57 59
Compactness: 1444.043011
Weights: 12673.000000 41282.000000 41170.000000
Center Node: 34

District 4
Nodes: 0 2 5 9 13 17 23 29 32 35 36 38 44 47 50
Compactness: 1077.966043
Weights: 12577.000000 41589.000000 41034.000000
Center Node: 13
