BalanceViolation 0.000000
AffinityLoss 0.000000
Compactness 5350.156196
District 1
Nodes: 2 6 11 13 16 18 20 25 31 38 41 45 47 48 55
Compactness: 1287.265025
Weights: 12777.000000 41401.000000 41858.000000
Center Node: 41

District 2
Nodes: 7 9 10 15 17 27 28 29 34 39 44 52 53 56 58
Compactness: 1465.535582
Weights: 12846.000000 41233.000000 41484.000000
Center Node: 27

District 3
Nodes: 0 1 3 5 14 19 23 24 30 32 42 43 49 51 57
Compactness: 1242.974706
Weights: 12606.000000 41273.000000 40992.000000
Center Node: 43

District 4
Nodes: 4 8 12 21 22 26 33 35 36 37 40 46 50 54 59
Compactness: 1354.380883
Weights: 12651.000000 41082.000000 41158.000000
Center Node: 21
