BalanceViolation 0.000000
AffinityLoss 0.000000
Compactness 5460.177094
District 1
Nodes: 1 19 20 25 28 33 35 36 37 42 50 52 53 57 59
Compactness: 1263.691551
Weights: 12504.000000 41298.000000 40973.000000
Center Node: 52

District 2
Nodes: 2 4 7 9 10 12 13 23 24 27 30 44 46 51 58
Compactness: 1296.744556
Weights: 12822.000000 41991.000000 42037.000000
Center Node: 44

District 3
Nodes: 0 5 15 16 26 29 32 38 39 40 41 43 45 47 56
Compactness: 1530.088124
Weights: 12797.000000 41259.000000 41263.000000
Center Node: 29

District 4
Nodes: 3 6 8 11 14 17 18 21 22 31 34 48 49 54 55
Compactness: 1369.652864
Weights: 12708.000000 41362.000000 41325.000000
Center Node: 17
