BalanceViolation 0.000000
AffinityLoss 0.000000
Compactness 5773.957266
District 1
Nodes: 2 4 8 9 13 14 21 23 38 43 44 46 52 53 56
Compactness: 1522.102663
Weights: 12790.000000 41161.000000 41162.000000
Center Node: 13

District 2
Nodes: 1 3 5 7 15 16 24 30 37 47 50 51 54 57 59
Compactness: 1051.331831
Weights: 12791.000000 41146.000000 40893.000000
Center Node: 16

District 3
Nodes: 0 6 11 20 28 29 33 34 39 40 41 48 49 55 58
Compactness: 1746.023728
Weights: 12786.000000 41443.000000 41270.000000
Center Node: 33

District 4
Nodes: 10 12 17 18 19 22 25 26 27 31 32 35 36 42 45
Compactness: 1454.499044
Weights: 12534.000000 41078.000000 40912.000000
Center Node: 18
