BalanceViolation 0.000000
AffinityLoss 0.000000
Compactness 5303.200357
District 1
Nodes: 5 13 17 18 19 24 26 29 34 37 38 50 51 52 56
Compactness: 1500.014806
Weights: 12686.000000 41757.000000 40931.000000
Center Node: 34

District 2
Nodes: 0 1 3 14 20 21 22 23 27 32 35 42 45 47 57
Compactness: 1062.820269
Weights: 12622.000000 41074.000000 40616.000000
Center Node: 0

District 3
Nodes: 7 11 12 16 25 30 31 36 39 41 43 44 46 53 54
Compactness: 1260.329465
Weights: 12706.000000 41062.000000 40883.000000
Center Node: 44

District 4
Nodes: 2 4 6 8 9 10 15 28 33 40 48 49 55 58 59
Compactness: 1480.035818
Weights: 12802.000000 41340.000000 41677.000000
Center Node: 33
