BalanceViolation 0.000000
AffinityLoss 0.000000
Compactness 5731.984407
District 1
Nodes: 0 6 12 16 19 21 35 38 43 47 48 50 53 54 59
Compactness: 1660.643492
Weights: 12823.000000 40976.000000 41401.000000
Center Node: 12

District 2
Nodes: 8 9 13 15 17 18 20 27 31 37 41 42 46 56 57
Compactness: 1390.456432
Weights: 12601.000000 41174.000000 41200.000000
Center Node: 20

District 3
Nodes: 1 4 7 14 23 24 25 26 29 30 34 44 45 49 55
Compactness: 1385.680570
Weights: 12780.000000 41542.000000 41475.000000
Center Node: 7

District 4
Nodes: 2 3 5 10 11 22 28 32 33 36 39 40 51 52 58
Compactness: 1295.203913
Weights: 12636.000000 40695.000000 40936.000000
Center Node: 2
