BalanceViolation 0.000000
AffinityLoss 0.000000
Compactness 6986.263607
District 1
Nodes: 1 5 7 14 19 23 34 39 44 54 58 65 66 74 75 78
Compactness: 1311.792575
Weights: 10170.000000 33269.000000 33150.000000
Center Node: 58

District 2
Nodes: 9 10 21 26 27 29 38 52 53 55 59 62 63 69 71 72
Compactness: 1681.109950
Weights: 10213.000000 32995.000000 32897.000000
Center Node: 59

District 3
Nodes: 13 20 24 28 30 31 33 36 40 41 43 46 51 56 64 70
Compactness: 1073.052118
Weights: 10103.000000 32880.000000 32655.000000
Center Node: 36

District 4
Nodes: 0 2 4 16 17 18 22 35 45 47 48 49 57 61 76 77
Compactness: 1479.533367
Weights: 10188.000000 32993.000000 32769.000000
Center Node: 2

District 5
Nodes: 3 6 8 11 12 15 25 32 37 42 50 60 67 68 73 79
Compactness: 1440.775597
Weights: 10275.000000 32959.000000 33074.000000
Center Node: 15
