BalanceViolation 0.000000
AffinityLoss 0.000000
Compactness 7029.962510
District 1
Nodes: 0 2 3 12 14 22 25 26 31 33 37 40 60 62 67 72
Compactness: 1300.919756
Weights: 10216.000000 33370.000000 32920.000000
Center Node: 60

District 2
Nodes: 6 8 23 27 36 39 41 42 47 48 50 51 53 54 56 58
Compactness: 1317.797313
Weights: 10176.000000 33169.000000 33193.000000
Center Node: 53

District 3
Nodes: 1 7 10 19 21 24 35 38 57 61 66 68 71 75 77 78
Compactness: 1730.074222
Weights: 10117.000000 32488.000000 32817.000000
Center Node: 10

District 4
Nodes: 4 9 11 13 15 16 20 28 44 46 52 63 65 69 70 73
Compactness: 1374.019316
Weights: 10190.000000 33050.000000 33216.000000
Center Node: 63

District 5
Nodes: 5 17 18 29 30 32 34 43 45 49 55 59 64 74 76 79
Compactness: 1307.151903
Weights: 10252.000000 32982.000000 33005.000000
Center Node: 64
