BalanceViolation 0.000000
AffinityLoss 0.000000
Compactness 6625.388645
District 1
Nodes: 4 6 8 10 14 16 20 23 26 27 38 42 52 53 58 61
Compactness: 1715.047888
Weights: 10375.000000 33350.000000 33422.000000
Center Node: 52

District 2
Nodes: 11 17 25 29 39 44 46 48 51 63 69 71 72 73 75 76
Compactness: 1526.302729
Weights: 10175.000000 33366.000000 32957.000000
Center Node: 71

District 3
Nodes: 0 1 18 24 31 33 35 36 47 49 54 55 59 64 66 78
Compactness: 1059.014749
Weights: 10014.000000 33029.000000 32625.000000
Center Node: 18

District 4
Nodes: 2 9 12 13 15 30 32 37 41 45 50 60 62 68 70 79
Compactness: 1095.474928
Weights: 10132.000000 33460.000000 33743.000000
Center Node: 62

District 5
Nodes: 3 5 7 19 21 22 28 34 40 43 56 57 65 67 74 77
Compactness: 1229.548351
Weights: 10154.000000 32947.000000 32974.000000
Center Node: 21
