BalanceViolation 0.000000
AffinityLoss 0.000000
Compactness 7004.895948
District 1
Nodes: 6 14 15 18 21 26 27 33 40 41 47 52 59 63 75 79
Compactness: 1413.246662
Weights: 10268.000000 33344.000000 33484.000000
Center Node: 59

District 2
Nodes: 1 2 13 24 28 30 34 36 38 45 60 62 67 73 74 77
Compactness: 1404.395572
Weights: 9987.000000 32443.000000 32815.000000
Center Node: 67

District 3
Nodes: 0 3 4 11 22 25 35 37 48 50 51 54 55 56 70 76
Compactness: 1723.086314
Weights: 10092.000000 33086.000000 32828.000000
Center Node: 0

District 4
Nodes: 17 20 23 29 31 32 44 46 53 58 61 64 66 68 71 72
Compactness: 1276.640845
Weights: 10168.000000 33116.000000 33000.000000
Center Node: 64

District 5
Nodes: 5 7 8 9 10 12 16 19 39 42 43 49 57 65 69 78
Compactness: 1187.526555
Weights: 10305.000000 34074.000000 33682.000000
Center Node: 7
