BalanceViolation 0.000000
AffinityLoss 0.000000
Compactness 6747.050993
District 1
Nodes: 1 2 10 12 22 23 26 30 39 50 54 55 62 65 71 75
Compactness: 1320.456606
Weights: 10223.000000 32962.000000 32982.000000
Center Node: 30

District 2
Nodes: 0 3 15 19 20 21 27 28 32 40 46 47 58 59 77 78
Compactness: 1446.303037
Weights: 10051.000000 32563.000000 32713.000000
Center Node: 0

District 3
Nodes: 6 11 13 18 35 36 38 49 51 52 56 57 60 64 69 74
Compactness: 1436.299280
Weights: 10237.000000 33029.000000 33314.000000
Center Node: 35

District 4
Nodes: 4 9 14 25 29 33 37 41 42 43 44 48 53 61 63 66
Compactness: 1434.846042
Weights: 10243.000000 33171.000000 33696.000000
Center Node: 66

District 5
Nodes: 5 7 8 16 17 24 31 34 45 67 68 70 72 73 76 79
Compactness: 1109.146028
Weights: 10220.000000 33166.000000 33346.000000
Center Node: 72
