BalanceViolation 0.000000
AffinityLoss 0.000000
Compactness 6545.153975
District 1
Nodes: 1 12 13 25 30 35 45 47 55 57 62 63 64 69 71 77
Compactness: 1462.098367
Weights: 10186.000000 33527.000000 33184.000000
Center Node: 1

District 2
Nodes: 16 18 23 27 38 41 43 52 53 54 60 66 67 68 73 74
Compactness: 1548.263435
Weights: 10106.000000 33065.000000 32996.000000
Center Node: 74

District 3
Nodes: 3 4 6 7 8 11 19 21 26 33 34 49 50 72 76 79
Compactness: 1092.051241
Weights: 10261.000000 33736.000000 33454.000000
Center Node: 11

District 4
Nodes: 0 5 9 22 28 36 37 40 42 46 48 56 58 61 65 75
Compactness: 1321.869498
Weights: 10198.000000 33095.000000 33288.000000
Center Node: 40

District 5
Nodes: 2 10 14 15 17 20 24 29 31 32 39 44 51 59 70 78
Compactness: 1120.871434
Weights: 10223.000000 32913.000000 32931.000000
Center Node: 10
