BalanceViolation 0.000000
AffinityLoss 0.000000
Compactness 6926.376704
District 1
Nodes: 4 5 9 16 18 35 45 46 48 52 53 60 61 62 75 79
Compactness: 1292.889583
Weights: 10209.000000 33369.000000 33651.000000
Center Node: 61

District 2
Nodes: 7 8 12 14 15 22 28 34 47 49 54 57 58 67 74 76
Compactness: 1376.283652
Weights: 10189.000000 33080.000000 33011.000000
Center Node: 74

District 3
Nodes: 3 6 13 17 23 26 27 29 44 55 56 59 63 65 70 72
Compactness: 1024.051371
Weights: 10247.000000 32863.000000 33375.000000
Center Node: 59

District 4
Nodes: 0 2 10 11 19 21 32 33 37 40 43 50 71 73 77 78
Compactness: 1651.130760
Weights: 10253.000000 33650.000000 33142.000000
Center Node: 10

District 5
Nodes: 1 20 24 25 30 31 36 38 39 41 42 51 64 66 68 69
Compactness: 1582.021339
Weights: 10262.000000 33072.000000 33104.000000
Center Node: 69
