BalanceViolation 0.000000
AffinityLoss 0.000000
Compactness 6757.994384
District 1
Nodes: 3 13 20 24 26 36 39 40 45 46 53 54 62 66 70 71
Compactness: 1247.872993
Weights: 10119.000000 33223.000000 32640.000000
Center Node: 13

District 2
Nodes: 6 8 11 17 18 23 25 29 30 42 57 64 67 74 76 77
Compactness: 1422.666405
Weights: 10074.000000 32801.000000 33031.000000
Center Node: 25

District 3
Nodes: 0 5 9 10 14 16 22 27 28 34 35 50 52 55 56 65
Compactness: 1293.304262
Weights: 10212.000000 33483.000000 33178.000000
Center Node: 22

District 4
Nodes: 1 2 7 15 32 33 37 38 49 58 60 63 68 69 72 79
Compactness: 1355.544212
Weights: 10247.000000 32679.000000 33093.000000
Center Node: 69

District 5
Nodes: 4 12 19 21 31 41 43 44 47 48 51 59 61 73 75 78
Compactness: 1438.606512
Weights: 10226.000000 33385.000000 33261.000000
Center Node: 12
