BalanceViolation 0.000000
AffinityLoss 0.000000
Compactness 6638.037252
District 1
Nodes: 18 20 21 30 32 39 42 45 47 50 52 55 60 63 76 78
Compactness: 1191.564444
Weights: 10172.000000 33035.000000 33235.000000
Center Node: 20

District 2
Nodes: 0 7 8 14 17 28 41 46 48 51 53 61 68 70 72 75
Compactness: 1441.343440
Weights: 10044.000000 32388.000000 32303.000000
Center Node: 8

District 3
Nodes: 2 3 5 6 11 12 13 23 27 35 37 54 59 67 77 79
Compactness: 1389.681941
Weights: 10220.000000 33457.000000 33149.000000
Center Node: 67

District 4
Nodes: 10 19 22 25 26 31 34 38 40 43 44 49 57 58 71 74
Compactness: 1574.539725
Weights: 10242.000000 33189.000000 33236.000000
Center Node: 31

District 5
Nodes: 1 4 9 15 16 24 29 33 36 56 62 64 65 66 69 73
Compactness: 1040.907703
Weights: 10228.000000 33239.000000 33503.000000
Center Node: 69
