BalanceViolation 0.000000
AffinityLoss 0.000000
Compactness 6409.642202
District 1
Nodes: 2 3 4 5 11 14 18 23 29 32 44 53 55 56 67 73
Compactness: 1185.324161
Weights: 10239.000000 33328.000000 33335.000000
Center Node: 5

District 2
Nodes: 7 17 21 22 26 36 37 42 43 49 57 62 64 72 75 77
Compactness: 1607.732347
Weights: 10263.000000 33773.000000 33636.000000
Center Node: 36

District 3
Nodes: 1 8 9 10 13 19 31 34 39 41 45 50 51 61 63 68
Compactness: 1253.738744
Weights: 10153.000000 33158.000000 32778.000000
Center Node: 63

District 4
Nodes: 12 16 20 25 28 30 33 38 46 58 60 65 70 74 78 79
Compactness: 1141.556718
Weights: 10187.000000 33241.000000 32950.000000
Center Node: 78

District 5
Nodes: 0 6 15 24 27 35 40 47 48 52 54 59 66 69 71 76
Compactness: 1221.290231
Weights: 10213.000000 33698.000000 33701.000000
Center Node: 35
