BalanceViolation 0.000000
AffinityLoss 0.000000
Compactness 6680.283936
District 1
Nodes: 4 5 11 12 16 18 22 26 41 42 59 61 62 63 65 70
Compactness: 1081.025716
Weights: 10206.000000 32902.000000 33217.000000
Center Node: 62

District 2
Nodes: 8 17 19 30 44 46 50 53 54 55 56 58 64 67 68 76
Compactness: 1613.881580
Weights: 10274.000000 33135.000000 33184.000000
Center Node: 30

District 3
Nodes: 0 7 13 20 23 25 32 33 34 35 37 45 66 73 77 79
Compactness: 1475.811183
Weights: 10272.000000 32769.000000 33521.000000
Center Node: 32

District 4
Nodes: 1 3 6 10 14 15 24 27 29 40 43 51 57 72 74 78
Compactness: 1462.181772
Weights: 10162.000000 33178.000000 33562.000000
Center Node: 78

District 5
Nodes: 2 9 21 28 31 36 38 39 47 48 49 52 60 69 71 75
Compactness: 1047.383685
Weights: 10274.000000 33272.000000 33422.000000
Center Node: 2
