BalanceViolation 0.000000
AffinityLoss 0.000000
Compactness 6766.017112
District 1
Nodes: 1 6 15 21 32 41 46 49 51 53 59 68 71 74 77 78
Compactness: 1264.857063
Weights: 10289.000000 33316.000000 33259.000000
Center Node: 59

District 2
Nodes: 2 4 9 10 17 19 22 33 35 40 43 45 47 64 66 75
Compactness: 1585.818039
Weights: 10150.000000 32958.000000 33164.000000
Center Node: 17

District 3
Nodes: 5 7 13 20 23 25 28 29 30 31 37 44 55 56 60 62
Compactness: 1353.085199
Weights: 10215.000000 33019.000000 32742.000000
Center Node: 23

District 4
Nodes: 0 12 24 27 36 39 42 52 54 57 61 65 69 70 72 73
Compactness: 1268.697683
Weights: 10129.000000 33188.000000 33632.000000
Center Node: 72

District 5
Nodes: 3 8 11 14 16 18 26 34 38 48 50 58 63 67 76 79
Compactness: 1293.559129
Weights: 10257.000000 33743.000000 33254.000000
Center Node: 38
