BalanceViolation 0.000000
AffinityLoss 0.000000
Compactness 7117.159487
District 1
Nodes: 6 7 12 15 17 31 33 34 37 38 41 55 58 71 75 78
Compactness: 1569.299487
Weights: 10067.000000 32669.000000 33205.000000
Center Node: 38

District 2
Nodes: 4 5 11 13 14 18 21 26 30 32 42 48 54 60 65 67
Compactness: 1360.579575
Weights: 10233.000000 33347.000000 33050.000000
Center Node: 30

District 3
Nodes: 0 3 10 20 23 28 40 44 45 46 53 59 63 64 73 77
Compactness: 1342.045629
Weights: 10251.000000 33370.000000 33686.000000
Center Node: 64

District 4
Nodes: 1 2 19 22 24 27 35 36 50 51 52 56 57 66 70 74
Compactness: 1328.539641
Weights: 10218.000000 33136.000000 33436.000000
Center Node: 24

District 5
Nodes: 8 9 16 25 29 39 43 47 49 61 62 68 69 72 76 79
Compactness: 1516.695155
Weights: 10340.000000 33039.000000 32707.000000
Center Node: 43
