BalanceViolation 0.000000
AffinityLoss 0.000000
Compactness 6611.623036
District 1
Nodes: 2 4 8 9 17 23 25 27 33 37 50 57 62 70 73 78
Compactness: 1066.676510
Weights: 10227.000000 33069.000000 32893.000000
Center Node: 23

District 2
Nodes: 1 6 13 14 19 20 21 26 41 45 53 55 58 60 71 79
Compactness: 1606.130582
Weights: 10177.000000 33046.000000 33117.000000
Center Node: 13

District 3
Nodes: 0 3 7 11 18 31 35 38 46 49 52 54 64 72 75 76
Compactness: 1056.052419
Weights: 10164.000000 32941.000000 33090.000000
Center Node: 0

District 4
Nodes: 5 10 15 16 24 28 29 30 36 44 47 48 51 65 66 68
Compactness: 1621.518445
Weights: 10168.000000 32934.000000 33019.000000
Center Node: 10

District 5
Nodes: 12 22 32 34 39 40 42 43 56 59 61 63 67 69 74 77
Compactness: 1261.245080
Weights: 9972.000000 32858.000000 32643.000000
Center Node: 69
