BalanceViolation 0.000000
AffinityLoss 0.000000
Compactness 6760.912831
District 1
Nodes: 11 15 16 25 26 31 35 49 51 53 56 61 65 69 74 75
Compactness: 1075.447152
Weights: 10272.000000 33754.000000 33839.000000
Center Node: 11

District 2
Nodes: 7 9 10 12 17 20 24 33 36 37 40 54 57 59 66 73
Compactness: 1595.899417
Weights: 10163.000000 32898.000000 33169.000000
Center Node: 17

District 3
Nodes: 14 18 21 22 23 27 28 39 45 47 55 60 63 64 67 77
Compactness: 900.483849
Weights: 10175.000000 33354.000000 32993.000000
Center Node: 77

District 4
Nodes: 1 2 3 4 6 19 34 43 44 46 50 58 62 68 70 78
Compactness: 1906.633988
Weights: 10233.000000 33304.000000 33271.000000
Center Node: 50

District 5
Nodes: 0 5 8 13 29 30 32 38 41 42 48 52 71 72 76 79
Compactness: 1282.448424
Weights: 10417.000000 33777.000000 33554.000000
Center Node: 76
