BalanceViolation 0.000000
AffinityLoss 0.000000
Compactness 6455.977704
District 1
Nodes: 0 5 9 11 15 19 25 26 29 30 31 38 60 63 65 71
Compactness: 1281.249757
Weights: 10159.000000 33377.000000 33061.000000
Center Node: 29

District 2
Nodes: 3 6 8 20 24 33 34 46 50 53 61 69 73 75 76 79
Compactness: 1251.610351
Weights: 10097.000000 32479.000000 33055.000000
Center Node: 75

District 3
Nodes: 7 13 37 39 42 44 47 48 51 54 58 59 64 66 72 77
Compactness: 1186.303443
Weights: 10177.000000 32920.000000 32727.000000
Center Node: 44

District 4
Nodes: 10 12 14 17 18 22 23 27 28 36 43 49 52 55 62 78
Compactness: 1384.506848
Weights: 10187.000000 33181.000000 33178.000000
Center Node: 17

District 5
Nodes: 1 2 4 16 21 32 35 40 41 45 56 57 67 68 70 74
Compactness: 1352.307304
Weights: 10001.000000 33064.000000 32723.000000
Center Node: 16
