BalanceViolation 0.000000
AffinityLoss 0.000000
Compactness 6554.546632
District 1
Nodes: 2 8 11 17 21 23 24 32 35 51 53 54 62 68 77 79
Compactness: 1220.126979
Weights: 10115.000000 33303.000000 33123.000000
Center Node: 21

District 2
Nodes: 3 4 10 13 20 29 31 33 36 44 45 52 59 65 72 73
Compactness: 1566.188723
Weights: 10485.000000 33421.000000 33366.000000
Center Node: 72

District 3
Nodes: 1 6 14 15 22 26 30 39 41 56 58 63 67 69 70 74
Compactness: 1571.942830
Weights: 10260.000000 32907.000000 32976.000000
Center Node: 1

District 4
Nodes: 0 5 16 18 19 27 34 37 40 42 46 49 57 61 64 66
Compactness: 938.302281
Weights: 10233.000000 32881.000000 33021.000000
Center Node: 57

District 5
Nodes: 7 9 12 25 28 38 43 47 48 50 55 60 71 75 76 78
Compactness: 1257.985819
Weights: 10179.000000 32835.000000 33074.000000
Center Node: 12
