BalanceViolation 0.000000
AffinityLoss 0.000000
Compactness 6807.056110
District 1
Nodes: 7 11 14 16 17 18 21 25 45 51 56 57 60 62 65 78
Compactness: 1127.617108
Weights: 10241.000000 33024.000000 33386.000000
Center Node: 11

District 2
Nodes: 3 5 22 26 30 32 35 38 40 49 53 55 59 63 73 75
Compactness: 1438.172609
Weights: 10169.000000 32829.000000 33283.000000
Center Node: 5

District 3
Nodes: 0 1 9 10 20 27 28 33 41 58 64 66 67 68 74 76
Compactness: 1967.647225
Weights: 10194.000000 33509.000000 33297.000000
Center Node: 27

District 4
Nodes: 4 6 8 12 19 36 42 46 47 50 54 69 70 71 72 77
Compactness: 1059.324945
Weights: 10207.000000 33139.000000 32772.000000
Center Node: 69

District 5
Nodes: 2 13 15 23 24 29 31 34 37 39 43 44 48 52 61 79
Compactness: 1214.294224
Weights: 10229.000000 33433.000000 33014.000000
Center Node: 23
