BalanceViolation 0.000000
AffinityLoss 0.000000
Compactness 9125.604654
District 1
Nodes: 0 4 20 34 42 46 62 65 82 94 103 109 118 125 127 139 141 146
Compactness: 1043.074227
Weights: 6046.000000 19734.000000 19739.000000
Center Node: 82

District 2
Nodes: 2 3 19 24 25 31 37 38 41 44 74 75 101 115 119 126 130 131 144
Compactness: 1390.221436
Weights: 6466.000000 20794.000000 21064.000000
Center Node: 74

District 3
Nodes: 5 11 13 45 59 60 61 70 73 83 85 87 89 95 97 116 132 133 136
Compactness: 1159.255612
Weights: 6418.000000 20592.000000 20827.000000
Center Node: 70

District 4
Nodes: 6 12 14 21 32 49 68 80 90 91 104 105 108 110 111 113 117 149
Compactness: 1363.391128
Weights: 6154.000000 19630.000000 19868.000000
Center Node: 68

District 5
Nodes: 16 23 30 36 40 48 50 57 58 72 77 79 81 88 96 102 128 140 148
Compactness: 1190.365569
Weights: 6415.000000 20885.000000 21072.000000
Center Node: 128

District 6
Nodes: 10 28 35 39 43 47 56 64 66 67 76 92 93 100 107 135 143 145 147
Compactness: 815.893976
Weights: 6472.000000 21500.000000 20939.000000
Center Node: 76

District 7
Nodes: 8 17 18 27 33 51 52 71 86 98 99 112 114 120 121 123 124 134 137
Compactness: 1371.170352
Weights: 6307.000000 20349.000000 20834.000000
Center Node: 123

District 8
Nodes: 1 7 9 15 22 26 29 53 54 55 63 69 78 84 106 122 129 138 142
Compactness: 792.232354
Weights: 6501.000000 21220.000000 20991.000000
Center Node: 9
