BalanceViolation 0.000000
AffinityLoss 0.000000
Compactness 9603.788741
District 1
Nodes: 12 14 17 32 45 48 55 60 61 62 87 92 116 117 118 129 130 144 147
Compactness: 949.888637
Weights: 6387.000000 20289.000000 20462.000000
Center Node: 116

District 2
Nodes: 7 15 20 30 49 63 70 80 90 111 119 120 124 136 137 138 141 142 148
Compactness: 1482.623527
Weights: 6502.000000 21072.000000 20729.000000
Center Node: 49

District 3
Nodes: 4 33 35 38 42 43 47 52 53 58 66 74 93 94 101 110 115 125 126
Compactness: 1110.477219
Weights: 6436.000000 20693.000000 21425.000000
Center Node: 53

District 4
Nodes: 1 3 19 22 26 34 51 71 73 75 77 79 81 86 88 104 134 140 145
Compactness: 1173.555314
Weights: 6434.000000 20849.000000 21236.000000
Center Node: 77

District 5
Nodes: 0 8 10 11 16 24 27 50 91 95 96 102 112 123 128 132 135 143
Compactness: 1252.156826
Weights: 6136.000000 19839.000000 19831.000000
Center Node: 16

District 6
Nodes: 9 13 23 29 31 39 44 69 76 78 83 84 97 98 100 109 114 122 127
Compactness: 1164.973039
Weights: 6404.000000 20929.000000 20947.000000
Center Node: 31

District 7
Nodes: 6 21 25 28 36 37 40 41 46 56 57 59 64 65 68 89 103 105 107
Compactness: 1168.338129
Weights: 6449.000000 21338.000000 20767.000000
Center Node: 89

District 8
Nodes: 2 5 18 54 67 72 82 85 99 106 108 113 121 131 133 139 146 149
Compactness: 1301.776051
Weights: 6171.000000 19752.000000 20089.000000
Center Node: 18
