BalanceViolation 0.000000
AffinityLoss 0.000000
Compactness 9603.483986
District 1
Nodes: 3 15 17 21 29 30 33 53 59 63 80 90 92 95 104 108 120 139
Compactness: 1101.947360
Weights: 6077.000000 19851.000000 19876.000000
Center Node: 30

District 2
Nodes: 16 26 28 43 47 56 57 74 75 76 99 100 109 111 119 121 123 124 131
Compactness: 916.247094
Weights: 6436.000000 21020.000000 20388.000000
Center Node: 26

District 3
Nodes: 8 9 12 20 22 31 34 50 70 72 73 79 89 96 105 113 126 127 129
Compactness: 1167.538940
Weights: 6450.000000 21118.000000 21185.000000
Center Node: 22

District 4
Nodes: 14 27 41 45 52 58 65 66 67 78 85 88 103 106 116 132 144 146 149
Compactness: 1443.762174
Weights: 6531.000000 21135.000000 21007.000000
Center Node: 58

District 5
Nodes: 10 36 40 44 48 51 60 61 84 91 93 94 102 110 112 117 122 137 147
Compactness: 1363.374555
Weights: 6342.000000 21095.000000 21052.000000
Center Node: 112

District 6
Nodes: 0 2 11 13 18 19 35 46 54 62 71 83 87 115 118 134 135 140
Compactness: 1181.369789
Weights: 6104.000000 19881.000000 19881.000000
Center Node: 0

District 7
Nodes: 6 7 24 32 37 42 49 55 64 69 97 98 114 125 128 130 136 142 148
Compactness: 1404.618456
Weights: 6437.000000 21134.000000 20703.000000
Center Node: 37

District 8
Nodes: 1 4 5 23 25 38 39 68 77 81 82 86 101 107 133 138 141 143 145
Compactness: 1024.625618
Weights: 6490.000000 21161.000000 21271.000000
Center Node: 101
