BalanceViolation 0.000000
AffinityLoss 0.000000
Compactness 9071.912877
District 1
Nodes: 1 7 12 18 24 47 48 53 63 64 89 90 94 110 112 123 127 131 148
Compactness: 1236.911636
Weights: 6431.000000 20411.000000 20840.000000
Center Node: 7

District 2
Nodes: 4 6 9 10 23 25 36 39 51 62 65 119 120 121 122 128 136 139 149
Compactness: 1287.150137
Weights: 6408.000000 20595.000000 20870.000000
Center Node: 36

District 3
Nodes: 11 26 28 29 34 40 50 54 56 58 73 84 106 116 134 138 142 144
Compactness: 1366.368303
Weights: 6035.000000 19886.000000 19951.000000
Center Node: 58

District 4
Nodes: 3 13 15 17 22 45 55 67 72 98 101 105 107 111 113 137 143 145
Compactness: 1078.112957
Weights: 6191.000000 20264.000000 20305.000000
Center Node: 17

District 5
Nodes: 16 19 31 41 43 57 60 71 76 78 91 96 97 100 108 109 118 125 133
Compactness: 1109.189282
Weights: 6373.000000 20929.000000 20654.000000
Center Node: 57

District 6
Nodes: 0 32 37 44 46 49 52 68 77 80 83 92 93 99 104 117 126 129 130
Compactness: 803.419388
Weights: 6369.000000 20747.000000 20968.000000
Center Node: 37

District 7
Nodes: 5 8 14 21 30 38 66 74 81 82 88 102 114 115 124 132 141 146 147
Compactness: 1082.753538
Weights: 6510.000000 20902.000000 21015.000000
Center Node: 30

District 8
Nodes: 2 20 27 33 35 42 59 61 69 70 75 79 85 86 87 95 103 135 140
Compactness: 1108.007635
Weights: 6409.000000 21223.000000 21382.000000
Center Node: 35
