BalanceViolation 0.000000
AffinityLoss 0.000000
Compactness 9397.085359
District 1
Nodes: 6 18 44 45 49 61 70 74 88 90 91 93 100 101 110 111 131 140
Compactness: 1115.979369
Weights: 6129.000000 19671.000000 20017.000000
Center Node: 91

District 2
Nodes: 11 12 19 21 37 43 48 55 59 60 75 77 83 104 115 123 136 145 147
Compactness: 1282.538608
Weights: 6443.000000 20678.000000 20728.000000
Center Node: 75

District 3
Nodes: 4 13 16 35 38 42 50 72 89 112 117 120 122 125 132 138 143 146
Compactness: 1310.636963
Weights: 6084.000000 19810.000000 19925.000000
Center Node: 146

District 4
Nodes: 14 20 25 26 30 36 41 47 52 57 66 67 80 85 105 121 129 133 149
Compactness: 1225.233617
Weights: 6490.000000 20899.000000 21357.000000
Center Node: 25

District 5
Nodes: 22 46 51 54 63 69 95 97 98 103 106 107 116 118 126 128 130 139 144
Compactness: 1030.137118
Weights: 6518.000000 21209.000000 21521.000000
Center Node: 128

District 6
Nodes: 3 5 8 24 28 29 31 34 53 62 71 73 79 81 82 102 124 137 142
Compactness: 1142.781426
Weights: 6366.000000 20814.000000 20359.000000
Center Node: 3

District 7
Nodes: 0 1 7 9 15 23 27 32 39 64 65 76 84 87 92 96 109 127 135
Compactness: 1313.643232
Weights: 6494.000000 21050.000000 21111.000000
Center Node: 84

District 8
Nodes: 2 10 17 33 40 56 58 68 78 86 94 99 108 113 114 119 134 141 148
Compactness: 976.135027
Weights: 6396.000000 20876.000000 20726.000000
Center Node: 141
