BalanceViolation 0.000000
AffinityLoss 0.000000
Compactness 9541.019960
District 1
Nodes: 7 26 38 39 40 42 43 47 69 70 76 79 103 105 107 119 131 139 147
Compactness: 973.431502
Weights: 6499.000000 20977.000000 20989.000000
Center Node: 139

District 2
Nodes: 21 23 25 27 44 45 48 55 63 74 78 82 97 101 106 108 113 121 145
Compactness: 1071.873244
Weights: 6474.000000 21097.000000 20721.000000
Center Node: 63

District 3
Nodes: 2 3 18 31 51 52 57 60 90 93 95 100 109 117 118 135 141 144
Compactness: 1290.619183
Weights: 6078.000000 19800.000000 19560.000000
Center Node: 51

District 4
Nodes: 1 10 29 37 41 49 50 58 59 62 67 71 84 86 87 99 132 136 148
Compactness: 1204.563342
Weights: 6450.000000 20995.000000 20468.000000
Center Node: 58

District 5
Nodes: 0 5 9 11 14 19 22 34 54 56 61 68 80 81 88 111 128 129 143
Compactness: 1316.098638
Weights: 6447.000000 20661.000000 20933.000000
Center Node: 129

District 6
Nodes: 8 15 33 65 66 72 73 77 89 92 94 96 102 104 116 126 127 133 137
Compactness: 1377.851188
Weights: 6284.000000 21050.000000 20474.000000
Center Node: 137

District 7
Nodes: 4 12 13 20 24 36 46 53 64 75 83 85 91 98 110 115 120 134 149
Compactness: 1160.849296
Weights: 6506.000000 21027.000000 21020.000000
Center Node: 36

District 8
Nodes: 6 16 17 28 30 32 35 112 114 122 123 124 125 130 138 140 142 146
Compactness: 1145.733567
Weights: 6073.000000 19774.000000 19915.000000
Center Node: 28
