BalanceViolation 0.000000
AffinityLoss 0.000000
Compactness 9445.333978
District 1
Nodes: 3 15 26 29 37 42 47 49 63 69 74 80 91 101 112 121 125 132 140
Compactness: 1066.108276
Weights: 6489.000000 21087.000000 21009.000000
Center Node: 42

District 2
Nodes: 4 13 18 22 34 35 43 44 48 52 65 86 94 99 105 119 120 138 143
Compactness: 1254.258581
Weights: 6357.000000 20949.000000 20714.000000
Center Node: 138

District 3
Nodes: 2 9 14 16 21 25 59 60 62 64 66 75 88 122 134 142 144 147 149
Compactness: 1105.910943
Weights: 6476.000000 21341.000000 21057.000000
Center Node: 64

District 4
Nodes: 5 31 36 55 58 71 85 89 98 102 104 124 127 131 136 137 145 146 148
Compactness: 1712.132480
Weights: 6363.000000 20574.000000 20988.000000
Center Node: 136

District 5
Nodes: 6 7 8 11 19 27 38 39 41 68 72 73 79 96 103 113 135 139
Compactness: 1118.250119
Weights: 6125.000000 19902.000000 19667.000000
Center Node: 103

District 6
Nodes: 1 24 32 45 46 53 76 78 87 90 93 97 109 111 115 116 117 118 141
Compactness: 1205.770108
Weights: 6421.000000 20774.000000 20932.000000
Center Node: 118

District 7
Nodes: 0 17 20 23 28 40 56 61 67 70 81 82 107 108 110 126 128 130
Compactness: 815.107188
Weights: 6179.000000 19914.000000 19832.000000
Center Node: 82

District 8
Nodes: 10 12 30 33 50 51 54 57 77 83 84 92 95 100 106 114 123 129 133
Compactness: 1167.796282
Weights: 6483.000000 20951.000000 20849.000000
Center Node: 129
