BalanceViolation 0.000000
AffinityLoss 0.000000
Compactness 9791.753296
District 1
Nodes: 1 9 13 22 42 63 69 74 83 89 95 101 103 113 118 119 137 144 148
Compactness: 1305.361293
Weights: 6322.000000 20930.000000 20754.000000
Center Node: 63

District 2
Nodes: 10 33 34 36 41 49 62 73 76 80 82 84 90 93 105 107 131 133 140
Compactness: 1342.886294
Weights: 6406.000000 21013.000000 20815.000000
Center Node: 84

District 3
Nodes: 14 25 43 45 48 55 56 59 68 75 79 98 102 123 132 135 138 145 149
Compactness: 1035.082779
Weights: 6424.000000 20652.000000 21199.000000
Center Node: 14

District 4
Nodes: 17 32 40 51 53 58 60 61 64 78 81 99 100 104 115 122 128 146
Compactness: 1720.172076
Weights: 6035.000000 19671.000000 19610.000000
Center Node: 104

District 5
Nodes: 2 3 7 12 19 37 39 44 54 77 97 108 116 120 125 139 141 142 147
Compactness: 1074.805125
Weights: 6385.000000 20929.000000 21007.000000
Center Node: 125

District 6
Nodes: 0 6 15 18 21 26 29 31 50 52 67 71 85 86 91 112 121 126 134
Compactness: 1101.760188
Weights: 6431.000000 20395.000000 20654.000000
Center Node: 67

District 7
Nodes: 5 16 27 28 30 35 38 46 57 66 70 87 92 114 117 127 129 130
Compactness: 1094.252931
Weights: 6195.000000 20121.000000 19703.000000
Center Node: 114

District 8
Nodes: 4 8 11 20 23 24 47 65 72 88 94 96 106 109 110 111 124 136 143
Compactness: 1117.432609
Weights: 6405.000000 21237.000000 20948.000000
Center Node: 143
