BalanceViolation 0.000000
AffinityLoss 0.000000
Compactness 9930.015315
District 1
Nodes: 4 7 17 23 30 32 39 42 45 55 72 73 93 99 128 131 135 141 145
Compactness: 1283.898810
Weights: 6361.000000 20793.000000 20622.000000
Center Node: 32

District 2
Nodes: 6 8 15 21 36 37 44 58 65 74 96 98 110 112 139 140 144 148
Compactness: 1076.206293
Weights: 6100.000000 19680.000000 20009.000000
Center Node: 112

District 3
Nodes: 2 9 13 14 20 41 43 56 75 83 88 101 109 121 132 136 137 146 149
Compactness: 1387.894168
Weights: 6391.000000 20950.000000 21149.000000
Center Node: 132

District 4
Nodes: 3 22 24 57 62 63 66 71 78 79 82 89 95 118 126 127 130 133 143
Compactness: 1441.058971
Weights: 6348.000000 20780.000000 21068.000000
Center Node: 63

District 5
Nodes: 1 27 31 46 53 59 68 76 81 100 103 104 106 108 113 122 123 125 147
Compactness: 1338.463950
Weights: 6591.000000 20992.000000 20883.000000
Center Node: 113

District 6
Nodes: 10 16 25 28 29 33 34 38 49 51 60 67 77 105 116 124 134 138 142
Compactness: 1469.470164
Weights: 6305.000000 20634.000000 21046.000000
Center Node: 60

District 7
Nodes: 0 5 18 26 35 47 48 50 61 80 84 87 90 97 114 115 119 120 129
Compactness: 822.269476
Weights: 6376.000000 20801.000000 20844.000000
Center Node: 0

District 8
Nodes: 11 12 19 40 52 54 64 69 70 85 86 91 92 94 102 107 111 117
Compactness: 1110.753483
Weights: 6175.000000 19776.000000 20179.000000
Center Node: 69
