BalanceViolation 0.000000
AffinityLoss 0.000000
Compactness 9258.284270
District 1
Nodes: 7 13 17 20 40 41 45 57 62 67 71 81 85 87 94 95 117 126 137
Compactness: 1134.754502
Weights: 6381.000000 20913.000000 20822.000000
Center Node: 20

District 2
Nodes: 6 34 35 37 42 44 48 51 54 63 65 73 88 93 96 105 127 128 141
Compactness: 1167.784598
Weights: 6226.000000 20771.000000 20661.000000
Center Node: 63

District 3
Nodes: 21 22 25 31 53 64 69 70 97 100 102 106 109 115 122 125 129 139 145
Compactness: 1322.328417
Weights: 6299.000000 20466.000000 20467.000000
Center Node: 70

District 4
Nodes: 2 5 26 33 50 66 68 82 104 110 113 114 116 119 123 132 135 136 147
Compactness: 1191.503256
Weights: 6436.000000 20415.000000 20689.000000
Center Node: 113

District 5
Nodes: 8 11 14 16 18 27 38 43 46 60 75 80 92 98 111 112 144 146
Compactness: 1444.723294
Weights: 6103.000000 19938.000000 19716.000000
Center Node: 8

District 6
Nodes: 4 28 32 39 47 49 74 76 77 78 84 90 91 99 108 121 131 138 140
Compactness: 1012.354296
Weights: 6354.000000 20900.000000 20950.000000
Center Node: 78

District 7
Nodes: 0 3 9 10 15 19 30 55 56 61 79 83 101 107 118 124 133 142 148
Compactness: 1127.985416
Weights: 6510.000000 21268.000000 20704.000000
Center Node: 9

District 8
Nodes: 1 12 23 24 29 36 52 58 59 72 86 89 103 120 130 134 143 149
Compactness: 856.850491
Weights: 6099.000000 20061.000000 19784.000000
Center Node: 52
