BalanceViolation 0.000000
AffinityLoss 0.000000
Compactness 10818.487093
District 1
Nodes: 5 16 18 41 56 58 97 107 118 139 140 152 168 178 180 182 196 198
Compactness: 1041.459870
Weights: 4687.000000 14778.000000 14889.000000
Center Node: 139

District 2
Nodes: 2 33 43 46 51 53 61 74 85 124 125 127 145 156 183 184 193 197
Compactness: 1092.086078
Weights: 4634.000000 15092.000000 14747.000000
Center Node: 197

District 3
Nodes: 14 20 42 44 55 70 89 92 106 109 111 114 126 131 154 163 175 190
Compactness: 1023.523024
Weights: 4597.000000 15162.000000 14915.000000
Center Node: 92

District 4
Nodes: 29 38 48 54 59 71 76 82 83 86 103 121 128 132 135 151 155 160 169
Compactness: 901.618075
Weights: 4764.000000 15469.000000 15632.000000
Center Node: 121

District 5
Nodes: 6 17 81 98 104 119 120 130 133 136 137 143 144 147 185 188 191 195
Compactness: 957.373960
Weights: 4482.000000 14686.000000 14721.000000
Center Node: 136

District 6
Nodes: 0 1 22 31 63 64 67 73 80 87 93 94 100 102 105 115 138 148 159
Compactness: 1005.109200
Weights: 4691.000000 15297.000000 15500.000000
Center Node: 31

District 7
Nodes: 7 23 25 34 40 49 52 68 75 95 110 122 141 146 161 170 172 177
Compactness: 865.892714
Weights: 4601.000000 14777.000000 14828.000000
Center Node: 161

District 8
Nodes: 10 13 15 26 27 35 47 50 57 65 77 78 91 108 123 129 162 166
Compactness: 1131.356703
Weights: 4540.000000 14927.000000 15353.000000
Center Node: 162

District 9
Nodes: 8 21 28 30 37 72 84 90 96 150 153 158 171 176 179 189 192 194
Compactness: 1019.390177
Weights: 4511.000000 14612.000000 15003.000000
Center Node: 30

District 10
Nodes: 3 4 12 19 24 36 60 62 66 113 142 157 164 165 167 181 186 199
Compactness: 739.415629
Weights: 4554.000000 14757.000000 14786.000000
Center Node: 4

District 11
Nodes: 9 11 32 39 45 69 79 88 99 101 112 116 117 134 149 173 174 187
Compactness: 1041.261663
Weights: 4623.000000 15139.000000 14904.000000
Center Node: 69
