BalanceViolation 0.000000
AffinityLoss 0.000000
Compactness 10884.712380
District 1
Nodes: 13 16 18 28 42 62 69 70 79 80 85 101 115 136 143 155 163 169 174
Compactness: 950.703322
Weights: 4753.000000 15575.000000 15655.000000
Center Node: 42

District 2
Nodes: 0 3 10 12 23 31 48 51 55 103 106 116 125 138 146 179 181 191
Compactness: 994.200834
Weights: 4708.000000 15245.000000 14977.000000
Center Node: 146

District 3
Nodes: 1 4 8 19 35 44 45 58 76 92 98 111 131 160 171 183 188
Compactness: 1151.671759
Weights: 4384.000000 14357.000000 14472.000000
Center Node: 98

District 4
Nodes: 14 29 57 73 74 83 99 107 114 118 128 129 134 141 161 162 167 184 196
Compactness: 1034.885056
Weights: 4802.000000 15730.000000 15802.000000
Center Node: 74

District 5
Nodes: 5 7 24 39 53 64 65 66 81 82 87 96 137 148 154 157 197 199
Compactness: 941.194934
Weights: 4579.000000 14904.000000 15140.000000
Center Node: 199

District 6
Nodes: 20 21 22 27 34 43 47 130 135 139 140 147 150 153 176 182 189 190
Compactness: 1142.156136
Weights: 4493.000000 14652.000000 14883.000000
Center Node: 21

District 7
Nodes: 25 32 46 50 95 97 109 112 122 124 156 159 164 165 168 173 178 180
Compactness: 1011.806978
Weights: 4513.000000 14800.000000 14745.000000
Center Node: 32

District 8
Nodes: 30 37 59 63 67 71 84 93 105 110 123 126 132 133 149 175 193 195
Compactness: 920.229151
Weights: 4571.000000 15043.000000 14978.000000
Center Node: 175

District 9
Nodes: 2 54 60 75 77 78 86 89 113 119 120 127 142 152 172 177 185 186
Compactness: 802.565880
Weights: 4591.000000 14984.000000 15233.000000
Center Node: 177

District 10
Nodes: 6 9 26 38 40 49 56 90 91 100 108 117 121 144 145 151 166 170 192
Compactness: 1068.292305
Weights: 4732.000000 15213.000000 15518.000000
Center Node: 170

District 11
Nodes: 11 15 17 33 36 41 52 61 68 72 88 94 102 104 158 187 194 198
Compactness: 867.006024
Weights: 4587.000000 15286.000000 14982.000000
Center Node: 187
