BalanceViolation 0.000000
AffinityLoss 0.000000
Compactness 11162.359401
District 1
Nodes: 6 19 35 49 53 64 93 97 98 107 112 126 136 138 156 158 178 192
Compactness: 905.919647
Weights: 4623.000000 14753.000000 14975.000000
Center Node: 64

District 2
Nodes: 13 27 32 46 50 51 59 69 82 86 123 141 144 148 154 162 179 197
Compactness: 788.451637
Weights: 4628.000000 14900.000000 15195.000000
Center Node: 46

District 3
Nodes: 18 45 58 60 65 68 71 85 109 111 120 139 140 149 166 190 194 198
Compactness: 891.907077
Weights: 4613.000000 15364.000000 15370.000000
Center Node: 109

District 4
Nodes: 9 14 16 24 34 43 52 66 83 91 105 115 135 142 146 168 175 184 186
Compactness: 927.640092
Weights: 4808.000000 15726.000000 15594.000000
Center Node: 142

District 5
Nodes: 2 12 37 38 41 56 73 79 81 108 114 128 159 161 164 173 188 195
Compactness: 972.799007
Weights: 4560.000000 15054.000000 14837.000000
Center Node: 41

District 6
Nodes: 1 7 11 26 28 47 55 57 62 80 99 100 143 147 150 185 193 199
Compactness: 1335.321557
Weights: 4716.000000 14888.000000 15309.000000
Center Node: 11

District 7
Nodes: 3 20 39 61 75 78 103 106 121 124 127 130 132 134 137 153 169 182
Compactness: 955.615327
Weights: 4609.000000 14523.000000 14663.000000
Center Node: 121

District 8
Nodes: 0 4 5 10 15 25 36 40 63 72 77 110 118 151 163 176 180 189
Compactness: 1150.864667
Weights: 4551.000000 14574.000000 14646.000000
Center Node: 4

District 9
Nodes: 8 22 23 31 33 42 48 87 92 94 102 113 122 131 157 172 174 196
Compactness: 991.562372
Weights: 4598.000000 15043.000000 14749.000000
Center Node: 33

District 10
Nodes: 21 44 54 67 74 90 95 96 104 116 117 133 155 160 165 167 170 171 191
Compactness: 1274.768399
Weights: 4800.000000 15618.000000 15360.000000
Center Node: 67

District 11
Nodes: 17 29 30 70 76 84 88 89 101 119 125 129 145 152 177 181 183 187
Compactness: 967.509617
Weights: 4586.000000 14733.000000 14899.000000
Center Node: 125
