BalanceViolation 0.000000
AffinityLoss 0.000000
Compactness 11541.274559
District 1
Nodes: 4 5 12 20 45 47 57 81 86 89 91 93 101 107 117 118 130 164
Compactness: 807.888573
Weights: 4582.000000 15330.000000 14822.000000
Center Node: 89

District 2
Nodes: 8 15 27 66 69 75 77 102 131 134 137 150 158 179 189 193 197 199
Compactness: 1078.066772
Weights: 4714.000000 15006.000000 15157.000000
Center Node: 131

District 3
Nodes: 7 13 22 34 40 52 60 79 84 95 98 114 132 139 140 145 146 185
Compactness: 1088.629939
Weights: 4621.000000 14844.000000 15037.000000
Center Node: 7

District 4
Nodes: 18 25 30 63 64 71 85 121 124 126 128 148 152 153 160 167 173 178 198
Compactness: 1177.104521
Weights: 4891.000000 15670.000000 15675.000000
Center Node: 128

District 5
Nodes: 0 16 31 32 39 72 74 88 108 110 127 136 143 155 166 174 176 180 182
Compactness: 1282.558451
Weights: 4740.000000 15277.000000 15617.000000
Center Node: 136

District 6
Nodes: 2 3 10 11 19 26 29 35 43 50 51 54 62 67 70 92 149 172
Compactness: 1043.067189
Weights: 4540.000000 14595.000000 14827.000000
Center Node: 2

District 7
Nodes: 6 14 21 36 38 41 42 44 49 73 97 103 113 116 147 168 175 196
Compactness: 1169.917567
Weights: 4592.000000 15100.000000 14828.000000
Center Node: 38

District 8
Nodes: 33 37 46 55 59 99 104 106 109 120 129 156 157 161 163 187 191 195
Compactness: 811.622901
Weights: 4648.000000 14815.000000 15077.000000
Center Node: 109

District 9
Nodes: 24 28 48 56 65 80 82 83 94 111 119 135 138 142 159 162 184 190
Compactness: 1321.227348
Weights: 4627.000000 14851.000000 14550.000000
Center Node: 119

District 10
Nodes: 9 17 68 76 87 100 105 112 115 125 144 154 165 169 177 188 192 194
Compactness: 930.027921
Weights: 4705.000000 14994.000000 15294.000000
Center Node: 87

District 11
Nodes: 1 23 53 58 61 78 90 96 122 123 133 141 151 170 171 181 183 186
Compactness: 831.163378
Weights: 4612.000000 14825.000000 14987.000000
Center Node: 170
