BalanceViolation 0.000000
AffinityLoss 0.000000
Compactness 11035.380326
District 1
Nodes: 15 30 63 64 73 77 94 99 112 125 138 140 149 152 156 160 178 184 195
Compactness: 1064.475687
Weights: 4841.000000 15527.000000 15512.000000
Center Node: 195

District 2
Nodes: 0 2 13 25 37 54 55 72 78 83 108 111 128 148 151 154 159 170
Compactness: 1187.756547
Weights: 4520.000000 14895.000000 14615.000000
Center Node: 154

District 3
Nodes: 24 27 35 52 53 56 61 96 107 124 131 137 142 155 174 179 182 191
Compactness: 1001.970480
Weights: 4500.000000 14792.000000 14848.000000
Center Node: 53

District 4
Nodes: 4 5 6 9 22 38 44 51 57 87 92 114 118 144 164 166 171 187
Compactness: 1016.095967
Weights: 4590.000000 14679.000000 14658.000000
Center Node: 57

District 5
Nodes: 1 18 42 43 68 69 71 75 80 85 88 91 101 158 162 188 190 198
Compactness: 974.066469
Weights: 4575.000000 14697.000000 14783.000000
Center Node: 43

District 6
Nodes: 7 17 21 32 33 36 39 50 60 67 95 123 129 130 134 139 161 163
Compactness: 969.264762
Weights: 4663.000000 14952.000000 14954.000000
Center Node: 129

District 7
Nodes: 14 20 59 62 89 115 116 119 121 127 135 136 143 150 157 173 177 194 196
Compactness: 941.386679
Weights: 4843.000000 15709.000000 15667.000000
Center Node: 121

District 8
Nodes: 8 34 66 70 93 97 102 103 120 122 132 145 146 175 176 185 186 192
Compactness: 934.467072
Weights: 4631.000000 14759.000000 14924.000000
Center Node: 185

District 9
Nodes: 3 19 23 29 47 76 79 100 104 117 126 153 165 167 169 183 193 199
Compactness: 805.790387
Weights: 4598.000000 15197.000000 15019.000000
Center Node: 76

District 10
Nodes: 10 11 12 28 31 40 41 48 58 65 90 105 110 133 141 172 181 189
Compactness: 952.077433
Weights: 4633.000000 15148.000000 15136.000000
Center Node: 10

District 11
Nodes: 16 26 45 46 49 74 81 82 84 86 98 106 109 113 147 168 180 197
Compactness: 1188.028844
Weights: 4604.000000 14945.000000 14761.000000
Center Node: 49
