BalanceViolation 0.000000
AffinityLoss 0.000000
Compactness 11306.472482
District 1
Nodes: 2 42 46 47 48 49 50 57 60 61 65 69 93 100 122 133 153 161 164
Compactness: 950.382595
Weights: 4689.000000 15177.000000 15191.000000
Center Node: 47

District 2
Nodes: 3 9 14 25 40 43 54 58 76 79 110 119 127 147 154 168 171 172
Compactness: 875.290730
Weights: 4616.000000 14863.000000 14795.000000
Center Node: 110

District 3
Nodes: 22 31 33 71 75 96 98 102 105 106 138 146 157 163 173 175 178 190
Compactness: 1082.021696
Weights: 4532.000000 14491.000000 14662.000000
Center Node: 157

District 4
Nodes: 1 29 36 59 64 87 88 89 91 126 130 137 140 150 158 169 174 187
Compactness: 1331.017222
Weights: 4497.000000 14785.000000 15051.000000
Center Node: 137

District 5
Nodes: 10 26 53 81 85 86 103 104 108 115 116 135 139 162 166 181 196 197
Compactness: 947.151715
Weights: 4626.000000 14858.000000 14925.000000
Center Node: 26

District 6
Nodes: 13 16 17 28 30 38 74 78 84 90 99 109 125 134 144 167 177 189
Compactness: 868.749886
Weights: 4552.000000 14700.000000 14825.000000
Center Node: 28

District 7
Nodes: 5 11 15 20 27 41 62 92 101 107 120 131 156 165 186 192 193 199
Compactness: 963.112352
Weights: 4569.000000 15204.000000 15269.000000
Center Node: 92

District 8
Nodes: 7 8 18 32 56 66 77 83 112 113 114 117 136 141 148 155 160 179 182
Compactness: 1088.728947
Weights: 4759.000000 15770.000000 15749.000000
Center Node: 160

District 9
Nodes: 4 21 24 39 55 68 70 82 94 118 124 176 180 183 184 191 195 198
Compactness: 963.641284
Weights: 4768.000000 15614.000000 15431.000000
Center Node: 39

District 10
Nodes: 0 6 12 35 52 63 72 95 123 129 142 143 149 151 159 170 185 194
Compactness: 1160.909288
Weights: 4675.000000 15278.000000 15092.000000
Center Node: 52

District 11
Nodes: 19 23 34 37 44 45 51 67 73 80 97 111 121 128 132 145 152 188
Compactness: 1075.466768
Weights: 4557.000000 14981.000000 14840.000000
Center Node: 37
