BalanceViolation 0.000000
AffinityLoss 0.000000
Compactness 11308.187755
District 1
Nodes: 14 20 23 24 26 28 49 57 75 99 101 108 123 141 145 147 185 191 194
Compactness: 903.238076
Weights: 4868.000000 15776.000000 15798.000000
Center Node: 14

District 2
Nodes: 7 8 12 30 35 36 45 67 71 88 95 98 131 137 161 171 181 183
Compactness: 1034.074360
Weights: 4570.000000 14993.000000 14748.000000
Center Node: 8

District 3
Nodes: 2 10 15 18 42 50 51 56 70 72 80 93 94 111 117 134 153 189
Compactness: 1196.154860
Weights: 4561.000000 15139.000000 15142.000000
Center Node: 56

District 4
Nodes: 11 17 22 48 55 103 109 112 118 128 138 149 154 158 159 165 172 188
Compactness: 979.810474
Weights: 4559.000000 14836.000000 14842.000000
Center Node: 165

District 5
Nodes: 19 25 29 32 34 64 69 78 81 84 90 92 100 124 143 157 168 169
Compactness: 1015.164848
Weights: 4657.000000 15094.000000 15235.000000
Center Node: 34

District 6
Nodes: 27 43 74 83 87 102 127 130 140 146 151 156 166 167 175 186 187 197
Compactness: 1028.157364
Weights: 4658.000000 15295.000000 15112.000000
Center Node: 83

District 7
Nodes: 0 16 38 39 41 53 54 79 104 126 129 135 155 160 190 192 196 198
Compactness: 917.191419
Weights: 4627.000000 14941.000000 14995.000000
Center Node: 190

District 8
Nodes: 33 37 44 46 61 66 68 76 77 89 106 133 142 148 152 173 178 182
Compactness: 1211.946912
Weights: 4505.000000 15153.000000 14670.000000
Center Node: 61

District 9
Nodes: 13 21 31 52 59 60 85 97 107 114 115 116 121 132 136 163 164 199
Compactness: 949.487813
Weights: 4608.000000 14997.000000 15052.000000
Center Node: 13

District 10
Nodes: 1 6 9 40 62 63 82 113 119 120 122 125 144 150 174 176 193 195
Compactness: 1113.221129
Weights: 4624.000000 14716.000000 14696.000000
Center Node: 113

District 11
Nodes: 3 4 5 47 58 65 73 86 91 96 105 110 139 162 170 177 179 180 184
Compactness: 959.740500
Weights: 4797.000000 15496.000000 15379.000000
Center Node: 110
