BalanceViolation 0.000000
AffinityLoss 0.000000
Compactness 10680.717942
District 1
Nodes: 18 25 32 37 38 49 73 100 105 118 131 132 163 168 181 189 192 194
Compactness: 939.979236
Weights: 4584.000000 14993.000000 15177.000000
Center Node: 18

District 2
Nodes: 10 56 67 84 104 115 120 122 130 135 141 162 170 173 187 188 193 196
Compactness: 908.485019
Weights: 4539.000000 14860.000000 14797.000000
Center Node: 187

District 3
Nodes: 6 8 33 64 95 108 111 116 121 134 136 137 146 157 167 169 178 199
Compactness: 738.853815
Weights: 4603.000000 15046.000000 15047.000000
Center Node: 6

District 4
Nodes: 0 4 16 47 52 98 102 107 114 124 128 133 158 159 176 180 182 183
Compactness: 1143.285469
Weights: 4649.000000 15217.000000 15057.000000
Center Node: 98

District 5
Nodes: 19 24 34 36 41 45 65 75 77 85 89 106 113 127 139 152 154 165
Compactness: 1127.867640
Weights: 4516.000000 14860.000000 14896.000000
Center Node: 75

District 6
Nodes: 7 55 57 58 60 78 81 90 94 112 142 147 150 153 171 177 195 197
Compactness: 998.221696
Weights: 4629.000000 15189.000000 15300.000000
Center Node: 142

District 7
Nodes: 13 17 22 23 26 27 29 30 31 74 79 91 109 119 140 143 186 190
Compactness: 1010.227717
Weights: 4738.000000 15104.000000 15162.000000
Center Node: 91

District 8
Nodes: 5 9 11 12 59 62 68 71 76 86 117 149 155 156 161 172 174 185
Compactness: 994.875348
Weights: 4668.000000 15092.000000 14909.000000
Center Node: 9

District 9
Nodes: 28 35 39 40 42 43 51 66 80 83 87 93 103 125 126 160 191 198
Compactness: 967.509593
Weights: 4553.000000 15037.000000 15020.000000
Center Node: 83

District 10
Nodes: 2 3 14 20 21 44 46 48 53 61 69 70 72 88 123 145 151 164 179
Compactness: 941.958648
Weights: 4807.000000 15488.000000 15682.000000
Center Node: 164

District 11
Nodes: 1 15 50 54 63 82 92 96 97 99 101 110 129 138 144 148 166 175 184
Compactness: 909.453761
Weights: 4851.000000 15615.000000 15378.000000
Center Node: 96
