BalanceViolation 0.000000
AffinityLoss 0.000000
Compactness 10891.328056
District 1
Nodes: 9 20 23 67 68 71 100 118 119 151 152 162 171 178 180 184 195 196 199
Compactness: 967.509712
Weights: 4757.000000 15515.000000 15325.000000
Center Node: 199

District 2
Nodes: 1 10 21 31 35 39 40 61 82 85 93 97 98 156 166 169 188 189
Compactness: 1057.354457
Weights: 4610.000000 15150.000000 14771.000000
Center Node: 97

District 3
Nodes: 2 3 6 24 26 34 37 45 75 84 88 102 107 136 139 144 173 175
Compactness: 929.251793
Weights: 4590.000000 14968.000000 14966.000000
Center Node: 107

District 4
Nodes: 11 28 53 65 69 77 94 109 116 130 143 150 157 160 163 170 186 194
Compactness: 1078.047331
Weights: 4621.000000 15096.000000 15074.000000
Center Node: 130

District 5
Nodes: 13 19 22 33 62 66 74 80 86 91 99 101 115 126 133 148 158 176
Compactness: 847.373107
Weights: 4589.000000 14845.000000 14987.000000
Center Node: 101

District 6
Nodes: 0 15 16 36 42 46 50 58 89 125 127 137 153 161 168 174 179 182 192
Compactness: 1057.674883
Weights: 4759.000000 15553.000000 15483.000000
Center Node: 50

District 7
Nodes: 14 25 43 47 59 64 79 96 103 104 111 121 128 132 147 154 159 177
Compactness: 1117.439110
Weights: 4554.000000 14818.000000 14637.000000
Center Node: 79

District 8
Nodes: 5 17 29 32 48 51 56 73 83 95 105 120 135 138 146 165 185 197
Compactness: 954.560988
Weights: 4565.000000 14788.000000 15142.000000
Center Node: 17

District 9
Nodes: 4 12 27 30 44 52 57 60 87 106 108 112 123 155 164 187 190 198
Compactness: 821.862926
Weights: 4395.000000 14749.000000 14313.000000
Center Node: 60

District 10
Nodes: 8 38 49 54 72 76 78 81 110 114 117 131 142 145 172 181 183 193
Compactness: 1117.731612
Weights: 4564.000000 15320.000000 15245.000000
Center Node: 117

District 11
Nodes: 7 18 41 55 63 70 90 92 113 122 124 129 134 140 141 149 167 191
Compactness: 942.522138
Weights: 4673.000000 14999.000000 14764.000000
Center Node: 55
