BalanceViolation 0.000000
AffinityLoss 0.000000
Compactness 10572.771485
District 1
Nodes: 6 20 25 30 49 69 71 76 79 91 93 95 112 121 180 186 193 195 199
Compactness: 899.778766
Weights: 4812.000000 15771.000000 15816.000000
Center Node: 186

District 2
Nodes: 3 33 48 63 82 109 141 150 153 156 157 160 161 168 174 182 196 198
Compactness: 1222.919864
Weights: 4640.000000 14876.000000 15082.000000
Center Node: 157

District 3
Nodes: 0 1 9 19 22 35 42 58 86 101 107 119 137 154 173 181 190 197
Compactness: 865.733780
Weights: 4581.000000 14963.000000 14726.000000
Center Node: 58

District 4
Nodes: 4 7 13 31 34 37 45 56 59 68 75 97 114 146 149 176 187 194
Compactness: 990.303657
Weights: 4521.000000 14905.000000 14929.000000
Center Node: 187

District 5
Nodes: 2 8 15 21 44 50 53 94 111 120 126 133 151 155 162 177 178 185
Compactness: 952.311881
Weights: 4602.000000 15168.000000 15141.000000
Center Node: 8

District 6
Nodes: 12 62 67 72 73 80 87 96 104 108 115 122 123 142 152 165 170 172
Compactness: 1124.634201
Weights: 4586.000000 14717.000000 14729.000000
Center Node: 172

District 7
Nodes: 5 14 18 40 41 65 66 89 98 99 100 102 127 128 131 139 163 189
Compactness: 916.517036
Weights: 4539.000000 14887.000000 14824.000000
Center Node: 100

District 8
Nodes: 16 17 23 27 52 60 61 70 78 81 84 103 105 113 116 171 175 191
Compactness: 887.676350
Weights: 4566.000000 14863.000000 14919.000000
Center Node: 60

District 9
Nodes: 32 51 64 74 77 83 85 88 92 106 110 118 124 125 138 145 169 179
Compactness: 1092.762341
Weights: 4643.000000 15143.000000 15320.000000
Center Node: 106

District 10
Nodes: 10 11 24 26 28 29 39 43 55 90 117 130 132 134 135 159 184 192
Compactness: 746.055027
Weights: 4588.000000 14859.000000 15007.000000
Center Node: 130

District 11
Nodes: 36 38 46 47 54 57 129 136 140 143 144 147 148 158 164 166 167 183 188
Compactness: 874.078583
Weights: 4818.000000 15741.000000 15725.000000
Center Node: 129
