Initial solution objectives: Balance violation = 220906.7733, Affinity loss = 438, Compactness = 354749.6000
Iteration 1:  213951.773333 438.000000 345072.700000 (1,1)
Iteration 4:  203971.587273 434.000000 343057.500000 (3,1)
Iteration 7:  181215.183030 429.000000 346855.700000 (3,0)
Iteration 8:  173295.939394 424.000000 333022.900000 (3,3)
Iteration 1030:  172656.536970 412.000000 355980.800000 (3,3)
Iteration 1032:  172342.355152 410.000000 358426.900000 (2,3)
Iteration 1036:  172058.355152 411.000000 369485.400000 (3,0)
Iteration 4051:  171702.473939 413.000000 340805.200000 (0,3)
Iteration 4052:  171465.673939 414.000000 343067.200000 (0,3)
Iteration 5071:  170883.629697 433.000000 334610.300000 (3,0)
Iteration 7106:  168659.985455 451.000000 374431.800000 (3,3)
Iteration 7114:  163642.415758 446.000000 384333.800000 (3,1)
Iteration 7115:  163622.415758 446.000000 383052.600000 (0,2)
Iteration 7126:  160052.192121 450.000000 362056.100000 (3,3)
Iteration 7127:  160052.192121 448.000000 362847.100000 (1,1)
Iteration 7141:  144326.427879 447.000000 372933.500000 (3,0)
Iteration 7144:  144326.427879 447.000000 372648.700000 (3,3)
Iteration 7145:  144326.427879 447.000000 370589.700000 (0,1)
Iteration 7147:  144326.427879 446.000000 367286.300000 (0,0)
Iteration 7148:  144326.427879 445.000000 372638.800000 (3,0)
Iteration 7156:  136272.081212 443.000000 377494.900000 (0,3)
Iteration 7231:  135828.052727 438.000000 398804.500000 (3,3)
Iteration 7232:  135757.652727 438.000000 398312.600000 (1,1)
Iteration 7233:  126350.536364 436.000000 399913.900000 (3,3)
Iteration 7234:  125227.889697 436.000000 400107.000000 (1,0)
Iteration 7235:  124865.536364 434.000000 433842.600000 (2,1)
Iteration 13834:  124447.148485 442.000000 356949.800000 (0,3)
Iteration 13842:  123825.313333 442.000000 365276.400000 (3,2)
Iteration 13843:  123673.813333 442.000000 366349.800000 (1,2)
Iteration 13848:  121859.013333 442.000000 367327.000000 (0,3)
Iteration 13849:  121567.013333 443.000000 366487.800000 (3,0)
Iteration 16434:  121491.341212 405.000000 414850.900000 (0,0)
Iteration 16435:  121109.641212 402.000000 416453.100000 (0,3)
Iteration 16436:  120570.987879 402.000000 416911.500000 (0,0)
Iteration 16450:  120553.134545 402.000000 418464.600000 (2,3)
Iteration 16456:  116250.287879 400.000000 419949.000000 (0,3)
Iteration 16459:  115844.504242 398.000000 420310.800000 (0,1)
Iteration 16461:  113168.681212 396.000000 431436.900000 (3,3)
Iteration 16462:  108330.716364 396.000000 401726.600000 (3,3)
Iteration 16463:  106861.700000 396.000000 397287.100000 (0,2)
Iteration 16465:  98750.300000 396.000000 394183.300000 (1,3)
Iteration 16469:  97640.346667 394.000000 410171.300000 (3,3)
Iteration 16473:  97640.346667 394.000000 407340.500000 (1,1)
Iteration 16474:  97610.346667 394.000000 405565.900000 (2,0)
Iteration 16476:  97592.346667 394.000000 407251.500000 (1,0)
Iteration 16493:  97592.346667 388.000000 402372.300000 (3,3)
Iteration 16495:  96835.352727 389.000000 410702.400000 (3,0)
Iteration 16505:  94404.418182 389.000000 410527.300000 (1,1)
Iteration 16509:  93796.936364 389.000000 415455.300000 (0,3)
Iteration 16513:  93238.136364 389.000000 421584.600000 (0,0)
Iteration 16530:  93034.736364 389.000000 421449.900000 (3,3)
Iteration 16540:  92675.689697 389.000000 425979.600000 (0,3)
Iteration 16552:  92610.689697 389.000000 420601.200000 (0,2)
Iteration 16554:  92610.689697 389.000000 422092.800000 (1,0)
Iteration 16555:  92039.989697 389.000000 422300.500000 (0,0)
Iteration 16557:  92039.989697 387.000000 419656.300000 (0,1)
Iteration 16561:  91925.936364 387.000000 421165.500000 (0,0)
Iteration 16570:  91772.536364 387.000000 422041.300000 (0,3)
Iteration 16571:  91562.401818 384.000000 426564.800000 (0,1)
Iteration 16573:  91372.401818 384.000000 427728.800000 (1,2)
Iteration 16576:  89949.766667 382.000000 433720.400000 (0,0)
Iteration 16578:  89949.766667 381.000000 434209.800000 (0,3)
Iteration 16585:  89949.766667 381.000000 431860.900000 (1,2)
Iteration 16591:  89949.766667 381.000000 430675.500000 (2,3)
Iteration 16598:  89916.366667 385.000000 438648.100000 (0,0)
Iteration 16600:  88543.150303 388.000000 440111.900000 (0,0)
Iteration 16603:  88543.150303 388.000000 441182.000000 (0,0)
Iteration 16614:  87672.596970 388.000000 447890.500000 (0,0)
Iteration 16615:  84144.209091 390.000000 448641.300000 (0,0)
Iteration 16621:  84144.209091 389.000000 449601.300000 (1,3)
Iteration 16632:  84087.009091 387.000000 451014.500000 (0,3)
Iteration 16636:  84087.009091 387.000000 448665.600000 (1,3)
Iteration 16654:  83846.990909 386.000000 454989.300000 (0,3)
Iteration 16656:  83846.990909 386.000000 455036.700000 (0,2)
Iteration 16671:  83846.990909 386.000000 453015.600000 (1,3)
Iteration 16674:  83650.990909 386.000000 454203.500000 (0,3)
Iteration 16676:  83075.009091 386.000000 462186.600000 (0,3)
Iteration 16685:  82646.262424 386.000000 463107.800000 (0,3)
Iteration 16690:  82567.709091 384.000000 462516.800000 (0,3)
Iteration 16691:  82327.709091 382.000000 463783.800000 (2,3)
Iteration 16697:  82302.509091 383.000000 466535.700000 (1,3)
Iteration 16710:  82176.055758 383.000000 464869.400000 (0,3)
Iteration 16715:  82176.055758 383.000000 464035.200000 (1,3)
Iteration 16727:  82176.055758 383.000000 462195.400000 (0,3)
Iteration 16835:  82011.809091 384.000000 449387.300000 (0,3)
Iteration 16863:  82011.809091 383.000000 452605.200000 (0,0)
Iteration 16875:  82011.809091 383.000000 456525.400000 (1,0)
Iteration 16876:  82011.809091 383.000000 455802.800000 (0,2)
Iteration 16892:  81971.709091 383.000000 464903.300000 (0,3)
Iteration 16949:  81944.762424 381.000000 455811.800000 (0,3)
Iteration 16964:  81858.062424 381.000000 456524.900000 (0,3)
Iteration 16968:  81858.062424 381.000000 456463.500000 (1,1)
Iteration 16995:  80874.097576 381.000000 444893.900000 (0,3)
Iteration 17006:  80418.597576 381.000000 439817.300000 (1,3)
Iteration 17009:  80418.597576 381.000000 439219.300000 (0,3)
Iteration 17013:  79396.279394 381.000000 442374.500000 (0,0)
Iteration 17032:  79386.279394 381.000000 441020.700000 (0,3)
Iteration 17036:  79386.279394 381.000000 441020.700000 (2,3)
Iteration 17042:  79386.279394 381.000000 442380.100000 (0,0)
Iteration 17043:  79385.097576 383.000000 447124.600000 (0,0)
Iteration 17057:  79385.097576 383.000000 447484.200000 (1,0)
Iteration 17064:  79385.097576 384.000000 444122.200000 (3,3)
Iteration 17095:  78695.350909 386.000000 430606.900000 (0,2)
Iteration 17098:  76128.286061 386.000000 428542.400000 (0,3)
Iteration 17103:  76070.886061 386.000000 431868.800000 (0,3)
Iteration 17118:  75720.857576 384.000000 438404.500000 (0,0)
Iteration 17121:  75720.857576 384.000000 435767.400000 (0,3)
Iteration 17159:  75720.857576 384.000000 435142.200000 (0,3)
Iteration 17162:  75652.857576 385.000000 436027.500000 (0,3)
Iteration 17178:  75652.857576 383.000000 437326.200000 (0,3)
Iteration 17198:  75587.857576 383.000000 436205.700000 (1,3)
Iteration 17217:  75530.604242 383.000000 444791.800000 (0,0)
Iteration 17218:  75518.004242 383.000000 443411.800000 (0,1)
Iteration 17222:  75436.857576 383.000000 437618.400000 (1,3)
Iteration 17240:  74553.923030 386.000000 434560.500000 (0,0)
Iteration 17241:  74553.923030 386.000000 433971.500000 (1,1)
Iteration 17294:  74275.223030 385.000000 430902.400000 (0,2)
Iteration 17302:  74173.023030 385.000000 429960.200000 (0,3)
Iteration 17307:  74173.023030 385.000000 428600.800000 (0,3)
Iteration 17315:  74173.023030 385.000000 430004.900000 (0,3)
Iteration 17325:  73948.769697 385.000000 430255.700000 (0,0)
Iteration 17339:  73424.716364 384.000000 437131.800000 (0,0)
Iteration 17345:  73403.863030 384.000000 438291.600000 (0,3)
Iteration 17346:  73079.763030 384.000000 437257.700000 (1,3)
Iteration 17350:  73056.198182 386.000000 435461.800000 (0,3)
Iteration 17351:  73043.598182 386.000000 434679.800000 (2,3)
Iteration 17357:  72712.298182 386.000000 435236.600000 (0,3)
Iteration 17358:  72501.363030 386.000000 435915.300000 (0,3)
Iteration 17409:  72486.163030 386.000000 446861.100000 (1,3)
Iteration 17413:  72330.263030 388.000000 445759.300000 (1,3)
Iteration 17434:  71999.844848 386.000000 449110.100000 (0,3)
Iteration 17446:  71971.926667 386.000000 443148.800000 (0,3)
Iteration 17448:  71955.744848 385.000000 437858.700000 (0,1)
Iteration 17462:  71917.944848 386.000000 428559.000000 (0,0)
Iteration 17483:  69596.314545 386.000000 423081.900000 (0,3)
Iteration 17485:  69596.314545 386.000000 422483.900000 (1,2)
Iteration 17500:  69596.314545 385.000000 423713.300000 (0,0)
Iteration 17503:  69571.849697 385.000000 421702.900000 (0,3)
Iteration 17510:  69561.849697 383.000000 420744.300000 (0,3)
Iteration 17545:  69561.849697 382.000000 420527.600000 (0,0)
Iteration 17563:  69561.849697 381.000000 418059.400000 (0,3)
Iteration 17566:  69543.532727 381.000000 417705.700000 (0,0)
Iteration 17587:  68679.233333 383.000000 420947.400000 (0,3)
Iteration 17623:  68679.233333 383.000000 418576.000000 (0,0)
Iteration 17630:  68556.286667 383.000000 418783.700000 (0,3)
Iteration 17664:  68556.286667 383.000000 417967.000000 (1,3)
Iteration 17680:  68484.588485 385.000000 420692.000000 (0,0)
Iteration 17732:  67556.541818 386.000000 420642.400000 (0,3)
Iteration 17733:  67556.541818 385.000000 423860.300000 (3,1)
Iteration 17735:  67556.541818 385.000000 422328.100000 (1,1)
Iteration 17756:  67556.541818 384.000000 423620.000000 (1,0)
Iteration 17777:  67556.541818 384.000000 424721.700000 (0,0)
Iteration 17799:  67556.541818 384.000000 423979.600000 (3,0)
Iteration 17803:  67402.495152 384.000000 426297.400000 (0,3)
Iteration 17823:  67402.495152 383.000000 429515.300000 (0,3)
Iteration 17830:  67402.495152 383.000000 428917.300000 (0,0)
Iteration 17842:  67402.495152 384.000000 425924.200000 (3,3)
Iteration 17844:  66484.476970 384.000000 424385.300000 (1,1)
Iteration 17896:  65937.211515 384.000000 424687.100000 (1,3)
Iteration 17906:  65819.211515 383.000000 424279.700000 (0,3)
Iteration 18278:  65408.829697 389.000000 428721.900000 (1,1)
Iteration 18283:  65395.011515 389.000000 428514.200000 (0,3)
Iteration 18286:  65395.011515 387.000000 429676.200000 (0,3)
Iteration 18291:  65395.011515 387.000000 428934.100000 (1,3)
Iteration 18340:  65395.011515 387.000000 428130.600000 (0,3)
Iteration 18342:  65395.011515 387.000000 427893.800000 (0,1)
Iteration 18431:  65395.011515 385.000000 430563.800000 (1,1)
Iteration 18466:  65395.011515 385.000000 430923.400000 (1,0)
Iteration 18704:  65133.474545 389.000000 421808.100000 (0,2)
Iteration 18742:  65042.127879 389.000000 423784.000000 (0,3)
Iteration 18754:  65042.127879 389.000000 423186.000000 (0,3)
Iteration 18755:  65042.127879 388.000000 426403.900000 (3,1)
Iteration 18859:  64987.127879 387.000000 423489.200000 (0,3)
Iteration 18892:  64704.590909 386.000000 424376.700000 (0,3)
Iteration 18895:  64704.590909 385.000000 427594.600000 (3,1)
Iteration 18912:  64704.590909 385.000000 426791.100000 (0,3)
Iteration 18918:  64704.590909 385.000000 426791.100000 (1,3)
Iteration 18927:  64704.590909 383.000000 426945.900000 (1,1)
Iteration 18928:  64704.590909 383.000000 424145.800000 (0,3)
Iteration 18931:  64704.590909 383.000000 424145.800000 (1,0)
Iteration 18975:  64700.772727 384.000000 422432.100000 (0,0)
Iteration 18991:  64700.772727 383.000000 425650.000000 (3,1)
Iteration 19160:  64359.074545 381.000000 427137.800000 (0,0)
Iteration 19200:  64359.074545 381.000000 426406.000000 (3,0)
Iteration 51142:  64162.661212 435.000000 351907.700000 (0,3)
Iteration 51156:  64034.261212 435.000000 349119.400000 (0,1)
Iteration 51162:  63744.261212 435.000000 347700.500000 (1,1)
Iteration 51168:  63646.261212 435.000000 347488.200000 (1,3)
Iteration 51169:  63539.407879 435.000000 347459.600000 (0,3)
Iteration 51172:  62878.561212 435.000000 348768.400000 (0,3)
Iteration 51180:  62133.714545 435.000000 349079.600000 (0,3)
Iteration 51192:  62009.767879 433.000000 345792.500000 (0,3)
Iteration 51246:  61784.649697 434.000000 344886.700000 (3,3)
Iteration 51250:  61724.649697 434.000000 344836.000000 (3,3)
Iteration 51269:  61200.649697 433.000000 345309.700000 (0,3)
Iteration 51278:  61078.149697 433.000000 344432.500000 (0,3)
Iteration 51286:  60846.967879 433.000000 347504.800000 (1,0)
Iteration 51294:  60631.667879 433.000000 347046.200000 (0,2)
Iteration 51316:  60631.667879 433.000000 343470.600000 (0,2)
Iteration 51321:  60480.167879 432.000000 352587.900000 (1,3)
Iteration 51337:  60445.167879 434.000000 351694.200000 (0,3)
Iteration 51348:  59924.621212 434.000000 363188.500000 (1,3)
Iteration 51370:  59857.686667 434.000000 364229.400000 (0,2)
Iteration 51384:  59652.686667 434.000000 364228.700000 (1,3)
Iteration 51423:  59528.221212 434.000000 361447.300000 (0,3)
Iteration 51428:  59528.221212 434.000000 360978.700000 (1,1)
Iteration 51440:  59528.221212 434.000000 360886.800000 (0,3)
Iteration 51464:  58873.733333 434.000000 359614.400000 (0,3)
Iteration 51485:  58873.733333 434.000000 359317.300000 (0,0)
Iteration 51499:  58873.733333 434.000000 357245.800000 (0,1)
Iteration 51557:  58658.733333 433.000000 360698.100000 (0,1)
Iteration 51565:  58337.186667 433.000000 367106.000000 (0,0)
Iteration 51584:  58104.351515 430.000000 368297.800000 (1,1)
Iteration 51633:  58064.251515 432.000000 371366.200000 (0,0)
Iteration 51634:  58064.251515 432.000000 370503.500000 (1,2)
Iteration 51652:  58064.251515 432.000000 369853.100000 (0,2)
Iteration 51662:  57912.551515 432.000000 372549.000000 (0,0)
Iteration 51667:  57907.551515 432.000000 371875.300000 (2,3)
Iteration 51687:  57869.751515 433.000000 373812.600000 (0,3)
Iteration 51703:  57630.386667 433.000000 373919.400000 (0,3)
Iteration 51704:  57595.386667 433.000000 372520.200000 (2,3)
Iteration 51706:  57585.386667 432.000000 370584.900000 (2,3)
Iteration 51717:  57585.386667 432.000000 370584.900000 (1,1)
Iteration 51718:  57575.386667 430.000000 367516.500000 (2,3)
Iteration 51792:  57575.386667 430.000000 366897.500000 (0,3)
Iteration 51793:  57575.386667 430.000000 365082.500000 (0,3)
Iteration 52012:  57062.451515 429.000000 370070.300000 (0,0)
Iteration 52114:  56910.751515 430.000000 376540.800000 (0,0)
Iteration 52133:  56888.351515 430.000000 380327.700000 (0,3)
Iteration 52148:  56888.351515 430.000000 379452.700000 (1,2)
Iteration 52168:  56701.651515 430.000000 378695.800000 (2,3)
Iteration 52206:  56663.898182 429.000000 374921.200000 (0,3)
Iteration 52207:  56663.898182 429.000000 374921.200000 (1,2)
Iteration 52239:  56598.898182 429.000000 375824.900000 (1,1)
Iteration 52240:  55771.551515 431.000000 377587.600000 (0,3)
Iteration 52267:  55227.033333 431.000000 382575.400000 (0,0)
Iteration 52300:  54989.115152 431.000000 381366.000000 (0,3)
Iteration 52383:  54697.715152 431.000000 381340.200000 (0,3)
Iteration 52387:  54666.315152 431.000000 372873.300000 (1,2)
Iteration 52393:  53626.750303 433.000000 373725.600000 (0,3)
Iteration 52460:  53165.766667 433.000000 374078.500000 (1,2)
Iteration 52517:  53129.184848 431.000000 379597.200000 (0,0)
Iteration 52561:  52942.938182 433.000000 384386.200000 (1,2)
Iteration 52600:  52942.938182 433.000000 384089.200000 (2,3)
Iteration 52627:  52767.938182 434.000000 378525.300000 (0,3)
Iteration 52647:  52767.938182 434.000000 378356.800000 (3,3)
Iteration 52669:  52729.120000 434.000000 377213.900000 (0,1)
Iteration 52679:  52729.120000 434.000000 377148.500000 (3,3)
Iteration 52692:  52549.120000 434.000000 372049.500000 (0,3)
Iteration 52720:  52549.120000 434.000000 371889.600000 (0,2)
Iteration 52819:  52442.020000 437.000000 355704.500000 (1,3)
Iteration 52820:  52442.020000 437.000000 355177.300000 (0,3)
Iteration 53024:  51873.454545 440.000000 340548.900000 (1,2)
Iteration 53043:  51873.454545 440.000000 340420.200000 (1,3)
Iteration 53045:  51873.454545 440.000000 339279.800000 (0,2)
Iteration 53069:  51858.454545 440.000000 343407.800000 (1,2)
Iteration 53080:  51858.454545 440.000000 342089.900000 (1,2)
Iteration 53101:  51858.454545 440.000000 339966.700000 (0,3)
Iteration 53114:  51213.754545 440.000000 339930.800000 (0,3)
Iteration 53143:  50160.470909 438.000000 341540.400000 (0,1)
Iteration 53184:  50160.470909 438.000000 340091.200000 (1,2)
Iteration 53216:  49684.524242 438.000000 338021.600000 (1,2)
Iteration 53511:  49658.342424 440.000000 330385.800000 (0,0)
Iteration 53664:  49658.342424 440.000000 326505.100000 (1,3)
Iteration 54122:  49658.342424 439.000000 326471.700000 (0,3)
Iteration 235949:  49615.886061 424.000000 361138.200000 (0,0)
Iteration 235952:  48854.823030 423.000000 360753.500000 (1,2)
Iteration 235979:  48528.541212 422.000000 362484.100000 (0,3)
Iteration 235997:  48494.041212 420.000000 362996.400000 (0,2)
Iteration 236000:  46665.441212 420.000000 366145.100000 (1,0)
Iteration 236022:  46496.623030 418.000000 377891.300000 (0,1)
Iteration 236026:  46436.623030 418.000000 381750.600000 (0,0)
Iteration 236041:  46236.623030 418.000000 382032.000000 (0,3)
Iteration 236056:  45841.016364 418.000000 380325.200000 (1,0)
Iteration 236057:  45670.663030 418.000000 378976.200000 (0,0)
Iteration 236062:  45607.663030 418.000000 380897.100000 (0,3)
Iteration 236064:  45577.663030 418.000000 383954.800000 (0,0)
Iteration 236071:  45256.863030 418.000000 381466.400000 (0,2)
Iteration 236087:  45028.116364 420.000000 389754.000000 (0,0)
Iteration 236092:  45028.116364 420.000000 384410.200000 (2,3)
Iteration 236107:  44988.116364 420.000000 386703.100000 (0,3)
Iteration 236110:  44961.516970 420.000000 396109.700000 (0,0)
Iteration 236113:  44756.016970 418.000000 396176.100000 (0,1)
Iteration 236130:  44714.551515 418.000000 391144.500000 (0,0)
Iteration 236131:  44429.269697 418.000000 391121.900000 (0,3)
Iteration 236139:  44429.269697 418.000000 385778.100000 (2,3)
Iteration 236151:  44354.323030 418.000000 386002.900000 (0,3)
Iteration 236153:  44261.323030 418.000000 394296.200000 (0,3)
Iteration 236154:  43012.776364 418.000000 393917.000000 (0,3)
Iteration 236168:  42826.223030 416.000000 392676.600000 (1,3)
Iteration 236199:  42628.258182 416.000000 394434.700000 (0,3)
Iteration 236213:  42461.411515 415.000000 390210.000000 (0,3)
Iteration 236247:  40881.111515 415.000000 389498.300000 (0,3)
Iteration 236319:  40881.111515 415.000000 387426.800000 (0,3)
Iteration 236352:  39980.011515 415.000000 387603.400000 (1,0)
Iteration 236375:  39727.864848 415.000000 388175.600000 (0,3)
Iteration 236388:  37696.318182 415.000000 392674.600000 (1,3)
Iteration 236415:  37659.771515 417.000000 393915.000000 (1,3)
Iteration 236437:  36536.371515 417.000000 399364.500000 (1,0)
Iteration 236451:  36190.189697 417.000000 399317.900000 (0,3)
Iteration 236475:  36046.589697 417.000000 397637.000000 (0,3)
Iteration 236489:  35827.389697 417.000000 395056.900000 (0,3)
Iteration 236490:  35774.789697 417.000000 391526.300000 (1,1)
Iteration 236506:  35774.789697 417.000000 391393.100000 (0,3)
Iteration 236540:  35774.789697 417.000000 391176.800000 (0,3)
Iteration 236573:  35774.789697 417.000000 390521.900000 (0,3)
Iteration 236604:  35634.789697 417.000000 391629.700000 (1,1)
Iteration 236659:  35491.389697 415.000000 388234.500000 (0,1)
Iteration 236681:  35488.136970 413.000000 390585.100000 (0,0)
Iteration 236699:  35378.790303 413.000000 389301.000000 (1,3)
Iteration 236701:  35378.790303 413.000000 387771.700000 (0,3)
Iteration 236726:  35378.790303 413.000000 385507.500000 (0,2)
Iteration 236736:  35003.436970 413.000000 382258.700000 (0,3)
Iteration 236934:  34439.536970 414.000000 382118.700000 (1,2)
Iteration 236953:  34080.443636 414.000000 388646.700000 (0,3)
Iteration 237037:  33923.819394 414.000000 386453.300000 (0,2)
Iteration 237045:  31471.619394 415.000000 392062.100000 (1,3)
Iteration 237066:  31219.290909 415.000000 393960.400000 (0,3)
Iteration 237070:  30385.809091 412.000000 406265.500000 (0,3)
Iteration 237078:  29131.046061 412.000000 407544.500000 (0,0)
Iteration 237085:  29089.646061 412.000000 407317.300000 (0,3)
Iteration 237086:  29069.646061 412.000000 408949.600000 (0,3)
Iteration 237125:  28868.064848 412.000000 417835.800000 (0,3)
Iteration 237497:  28865.064848 412.000000 420229.200000 (1,3)
Iteration 237977:  28865.064848 411.000000 420076.100000 (0,1)
Iteration 238015:  28715.399394 409.000000 498724.100000 (0,1)
Iteration 238020:  28687.852121 409.000000 481799.300000 (2,3)
Iteration 238217:  28682.852121 408.000000 480186.200000 (1,3)
Iteration 238227:  27685.133939 408.000000 485345.800000 (1,3)
Iteration 238483:  27685.133939 408.000000 479105.000000 (0,2)
Iteration 238487:  27685.133939 408.000000 467665.600000 (2,3)
Iteration 238675:  27648.399394 408.000000 448955.400000 (0,0)
Iteration 238744:  27648.399394 408.000000 446397.500000 (0,1)
Iteration 238797:  27648.399394 408.000000 445973.200000 (1,1)
Iteration 238823:  27648.399394 408.000000 445801.600000 (0,3)
Iteration 238847:  27648.399394 408.000000 445633.500000 (0,3)
Iteration 238948:  27572.515758 406.000000 441390.700000 (1,3)
Iteration 239085:  27572.515758 406.000000 440940.800000 (0,3)
Iteration 239200:  27572.515758 404.000000 434833.600000 (0,3)
Iteration 239274:  27552.515758 404.000000 436781.500000 (1,3)
Iteration 239314:  27492.143636 404.000000 431234.100000 (0,1)
Iteration 239323:  27314.796970 404.000000 432937.500000 (1,3)
Iteration 239346:  27221.990909 402.000000 427663.800000 (0,1)
Iteration 239349:  27205.844242 402.000000 429676.700000 (0,3)
Iteration 239453:  26604.891515 402.000000 429396.700000 (0,3)
Iteration 239470:  25759.610303 402.000000 429907.500000 (1,3)
Iteration 239528:  25724.610303 400.000000 428517.600000 (1,0)
Iteration 239545:  25683.428485 400.000000 425775.200000 (1,3)
Iteration 239600:  25658.481818 400.000000 425538.500000 (0,3)
Iteration 239714:  25633.481818 400.000000 426504.000000 (1,1)
Iteration 239753:  25608.481818 401.000000 427148.300000 (0,0)
Iteration 239769:  25608.481818 401.000000 425418.200000 (0,3)
total iterations: 559948, time elapsed: 3600.00s
Destroy operator: destroy_random_leafs, Weight: 0.6872, Score: 109983.50, Count: 160019
Destroy operator: destroy_path, Weight: 0.5884, Score: 80851.50, Count: 137405
Destroy operator: destroy_worst_affinity, Weight: 0.5430, Score: 68634.00, Count: 126390
Destroy operator: destroy_district_group, Weight: 0.5845, Score: 79570.50, Count: 136133
Repair operator: repair_greedy_feasible, Weight: 0.5917, Score: 81759.00, Count: 138171
Repair operator: repair_affinity_compact, Weight: 0.5631, Score: 73642.00, Count: 130769
Repair operator: repair_nearest_center, Weight: 0.5634, Score: 74020.50, Count: 131369
Repair operator: repair_2regret, Weight: 0.6866, Score: 109618.00, Count: 159638
