Initial solution objectives: Balance violation = 243614.9306, Affinity loss = 444, Compactness = 323966.7000
Iteration 1:  234297.682121 434.000000 327817.800000 (3,1)
Iteration 1003:  228161.169394 419.000000 337854.200000 (1,3)
Iteration 1005:  217543.726970 418.000000 330679.500000 (3,3)
Iteration 1009:  208640.787576 430.000000 360734.800000 (3,1)
Iteration 1010:  208342.587576 429.000000 365263.100000 (3,2)
Iteration 1541:  188193.961818 412.000000 339858.400000 (3,3)
Iteration 1542:  188193.961818 410.000000 342181.200000 (0,1)
Iteration 1543:  184164.210303 422.000000 327692.800000 (3,3)
Iteration 1544:  178157.532121 423.000000 310311.800000 (3,3)
Iteration 1545:  178157.532121 423.000000 309186.200000 (1,0)
Iteration 1547:  166213.641212 422.000000 310496.700000 (3,3)
Iteration 1573:  163861.150303 421.000000 351616.100000 (3,3)
Iteration 1578:  156164.903333 427.000000 338228.600000 (3,3)
Iteration 1579:  141384.707273 425.000000 345678.400000 (3,3)
Iteration 1580:  140651.929091 421.000000 333436.100000 (2,0)
Iteration 11188:  138907.202727 408.000000 346227.400000 (3,3)
Iteration 11192:  138907.202727 404.000000 345624.900000 (2,3)
Iteration 11195:  138897.498182 406.000000 345529.700000 (3,3)
Iteration 11198:  138897.498182 404.000000 345583.000000 (2,3)
Iteration 11199:  138897.498182 404.000000 345071.600000 (2,2)
Iteration 11201:  134600.002727 405.000000 349434.900000 (1,3)
Iteration 11202:  133194.393030 403.000000 349510.700000 (1,3)
Iteration 11204:  126329.053636 406.000000 370156.800000 (3,3)
Iteration 11205:  123808.462727 404.000000 368139.300000 (0,0)
Iteration 11208:  123456.540909 404.000000 370190.200000 (2,3)
Iteration 11210:  121878.284242 404.000000 378188.300000 (0,3)
Iteration 11219:  121241.663636 406.000000 376824.500000 (0,0)
Iteration 11230:  121231.959091 405.000000 377603.000000 (0,1)
Iteration 11240:  120951.959091 405.000000 380395.700000 (0,3)
Iteration 11246:  120763.959091 405.000000 390447.000000 (0,3)
Iteration 11281:  120704.016667 409.000000 401190.700000 (0,2)
Iteration 11282:  113377.738485 407.000000 414110.400000 (3,3)
Iteration 11287:  109964.477879 409.000000 414926.200000 (0,0)
Iteration 11288:  109954.477879 409.000000 413255.700000 (2,2)
Iteration 11291:  101482.160606 409.000000 421692.300000 (3,3)
Iteration 11304:  101482.160606 409.000000 419403.300000 (1,0)
Iteration 11308:  98217.964242 403.000000 401824.100000 (3,3)
Iteration 11309:  98207.964242 403.000000 399754.100000 (0,1)
Iteration 11348:  96450.890606 401.000000 385034.800000 (2,3)
Iteration 11355:  96306.186061 401.000000 383198.800000 (0,2)
Iteration 11356:  94972.064242 401.000000 382837.700000 (0,3)
Iteration 11371:  94606.706667 406.000000 386546.100000 (3,0)
Iteration 11386:  93488.645455 406.000000 383463.600000 (1,0)
Iteration 11392:  92752.967273 406.000000 386923.400000 (1,0)
Iteration 11393:  90984.014242 406.000000 388491.200000 (0,3)
Iteration 11394:  90893.718788 406.000000 391551.100000 (0,3)
Iteration 11395:  90853.618788 406.000000 392904.900000 (0,3)
Iteration 11398:  89484.688485 404.000000 391944.900000 (3,3)
Iteration 11399:  88947.319697 403.000000 392137.700000 (2,3)
Iteration 11405:  86654.484848 403.000000 386695.700000 (1,0)
Iteration 11414:  86654.484848 401.000000 386696.900000 (0,1)
Iteration 11434:  80486.466667 401.000000 378061.700000 (3,3)
Iteration 11436:  80486.466667 401.000000 377442.000000 (0,3)
Iteration 11437:  79294.540000 401.000000 382213.800000 (0,0)
Iteration 11441:  79284.540000 401.000000 382058.800000 (0,3)
Iteration 11444:  78958.797576 402.000000 385297.400000 (0,0)
Iteration 11526:  78164.836364 402.000000 396976.400000 (0,3)
Iteration 11529:  76708.036364 402.000000 398718.400000 (0,0)
Iteration 11561:  76538.036364 402.000000 401683.100000 (0,3)
Iteration 11565:  76333.536364 402.000000 405237.800000 (0,3)
Iteration 11583:  76274.743939 402.000000 405298.200000 (0,3)
Iteration 11584:  76049.965758 404.000000 406712.500000 (1,0)
Iteration 11596:  72736.783333 406.000000 419021.500000 (3,3)
Iteration 11597:  72643.305152 408.000000 417169.400000 (0,0)
Iteration 11615:  71433.708485 408.000000 418821.900000 (0,3)
Iteration 11629:  70352.077273 408.000000 428196.000000 (0,0)
Iteration 11634:  70180.630303 408.000000 423230.600000 (1,1)
Iteration 11643:  63259.830303 408.000000 420672.800000 (3,3)
Iteration 11663:  63103.977273 406.000000 417844.900000 (0,0)
Iteration 11665:  60172.716667 408.000000 417871.200000 (1,3)
Iteration 11668:  59987.916667 408.000000 417541.300000 (0,2)
Iteration 11676:  58918.603939 408.000000 418706.900000 (0,3)
Iteration 11678:  58802.225758 408.000000 423525.700000 (1,3)
Iteration 11684:  58802.225758 408.000000 420969.000000 (0,1)
Iteration 11685:  58802.225758 407.000000 421752.900000 (1,1)
Iteration 11689:  58687.225758 407.000000 419368.000000 (0,1)
Iteration 11691:  58687.225758 407.000000 417929.300000 (0,0)
Iteration 11701:  58448.256061 405.000000 418419.000000 (0,1)
Iteration 11710:  58042.234242 404.000000 422875.600000 (0,0)
Iteration 11715:  56814.673030 406.000000 419752.000000 (0,0)
Iteration 11727:  56766.673030 406.000000 413333.600000 (0,1)
Iteration 11730:  56766.673030 406.000000 411978.100000 (0,3)
Iteration 11749:  56561.673030 406.000000 411715.500000 (0,3)
Iteration 11763:  56452.364848 406.000000 404802.000000 (1,1)
Iteration 11776:  56194.364848 406.000000 410590.000000 (0,3)
Iteration 11836:  56152.111818 406.000000 420430.100000 (0,3)
Iteration 11850:  56042.158788 406.000000 416283.700000 (0,3)
Iteration 11853:  55019.158788 406.000000 416846.600000 (0,3)
Iteration 11857:  53849.136970 406.000000 416991.600000 (1,3)
Iteration 11870:  53689.136970 406.000000 418422.000000 (0,1)
Iteration 11874:  53674.136970 406.000000 417743.700000 (0,2)
Iteration 11877:  53674.136970 406.000000 413488.600000 (0,3)
Iteration 11882:  53608.841515 406.000000 416325.900000 (0,0)
Iteration 11899:  53608.841515 406.000000 423948.000000 (0,0)
Iteration 11909:  53583.841515 406.000000 425975.800000 (0,3)
Iteration 11942:  52639.866667 404.000000 426136.900000 (0,3)
Iteration 11950:  52286.527273 403.000000 426604.600000 (0,3)
Iteration 11958:  52174.205455 403.000000 424685.600000 (1,0)
Iteration 11968:  52174.205455 403.000000 419581.700000 (0,1)
Iteration 11982:  52163.758485 403.000000 418028.000000 (1,1)
Iteration 11985:  52163.758485 403.000000 418028.000000 (1,1)
Iteration 12018:  52138.353939 403.000000 409650.900000 (0,0)
Iteration 12020:  52108.353939 403.000000 409408.800000 (0,3)
Iteration 12033:  52078.058485 403.000000 412431.700000 (0,3)
Iteration 12198:  50359.827273 403.000000 388190.800000 (3,3)
Iteration 12201:  50359.827273 401.000000 388858.100000 (1,3)
Iteration 12224:  50359.380303 401.000000 389223.900000 (0,3)
Iteration 12228:  50067.658485 401.000000 388816.500000 (0,3)
Iteration 12241:  50067.658485 401.000000 387081.600000 (0,1)
Iteration 12607:  49996.994545 403.000000 400675.700000 (1,0)
Iteration 12720:  49864.070909 407.000000 392406.600000 (0,3)
Iteration 12721:  49562.570909 407.000000 395663.800000 (0,3)
Iteration 12771:  49151.687879 409.000000 394792.000000 (0,2)
Iteration 12800:  49044.766061 409.000000 392936.600000 (0,3)
Iteration 12842:  48915.080303 409.000000 393728.800000 (0,3)
Iteration 12866:  48915.080303 409.000000 393669.800000 (0,2)
Iteration 12867:  48794.180303 409.000000 393841.700000 (1,2)
Iteration 12910:  48273.136667 409.000000 367856.600000 (1,2)
Iteration 12925:  48264.436667 409.000000 366729.000000 (0,3)
Iteration 13254:  48249.183939 406.000000 371948.200000 (0,3)
Iteration 13255:  48199.183939 406.000000 376767.000000 (1,3)
Iteration 13264:  48170.705758 404.000000 376972.600000 (0,2)
Iteration 13269:  48090.705758 404.000000 379415.700000 (0,3)
Iteration 13271:  48062.105758 404.000000 377689.200000 (0,1)
Iteration 13274:  48062.105758 404.000000 377283.000000 (0,3)
Iteration 13287:  46212.049091 392.000000 392246.200000 (3,3)
Iteration 13290:  45977.927273 392.000000 392504.400000 (0,3)
Iteration 13402:  45933.844242 395.000000 407898.800000 (0,3)
Iteration 13417:  45881.066061 396.000000 408000.100000 (0,0)
Iteration 13419:  45655.844242 396.000000 409048.800000 (0,3)
Iteration 13443:  45485.444242 396.000000 403979.300000 (0,3)
Iteration 13455:  45319.769394 397.000000 402211.400000 (0,2)
Iteration 13495:  45107.091212 397.000000 399648.800000 (0,2)
Iteration 13508:  45107.091212 397.000000 396906.800000 (1,3)
Iteration 13534:  45083.191212 397.000000 393645.100000 (0,3)
Iteration 13702:  44995.191212 397.000000 396491.800000 (0,2)
Iteration 13780:  44891.491212 395.000000 405953.800000 (0,3)
Iteration 13795:  44891.491212 395.000000 404218.900000 (1,2)
Iteration 13803:  44153.647576 395.000000 405656.800000 (0,3)
Iteration 13870:  43961.222424 395.000000 406788.600000 (0,0)
Iteration 13897:  43931.422424 395.000000 400264.400000 (1,1)
Iteration 13929:  43760.022424 395.000000 405365.300000 (1,0)
Iteration 13937:  43760.022424 395.000000 405027.800000 (0,2)
Iteration 13944:  43226.469394 395.000000 407262.000000 (1,3)
Iteration 13963:  43226.469394 395.000000 406936.200000 (0,3)
Iteration 14036:  43038.808182 396.000000 408688.200000 (0,3)
Iteration 14040:  42972.686364 396.000000 409696.300000 (0,0)
Iteration 14042:  42790.886364 394.000000 411261.100000 (0,1)
Iteration 14043:  42710.064545 394.000000 411667.300000 (0,0)
Iteration 14048:  42710.064545 392.000000 412146.500000 (0,3)
Iteration 14062:  42492.533333 392.000000 409937.600000 (0,3)
Iteration 14065:  42492.533333 392.000000 405594.000000 (0,0)
Iteration 14073:  42492.533333 392.000000 404566.700000 (0,3)
Iteration 14081:  42457.255152 392.000000 408443.400000 (0,3)
Iteration 14093:  42433.355152 392.000000 405181.700000 (0,3)
Iteration 14098:  42377.755152 392.000000 400037.500000 (0,1)
Iteration 14111:  42321.155152 394.000000 408390.300000 (0,3)
Iteration 14303:  42047.294545 392.000000 396234.900000 (1,0)
Iteration 14313:  42009.494545 393.000000 397509.800000 (0,3)
Iteration 14321:  42009.494545 393.000000 393661.500000 (0,3)
Iteration 14339:  42009.494545 393.000000 392634.200000 (0,3)
Iteration 14357:  42009.494545 393.000000 389506.500000 (0,3)
Iteration 14477:  41905.038182 396.000000 390598.900000 (0,0)
Iteration 14493:  41617.955152 396.000000 399399.100000 (0,3)
Iteration 14574:  41525.786364 394.000000 399778.500000 (0,3)
total iterations: 466846, time elapsed: 3600.01s
Destroy operator: destroy_random_leafs, Weight: 0.6919, Score: 93472.50, Count: 135046
Destroy operator: destroy_path, Weight: 0.5890, Score: 67393.50, Count: 114409
Destroy operator: destroy_worst_affinity, Weight: 0.5448, Score: 57223.00, Count: 105033
Destroy operator: destroy_district_group, Weight: 0.5842, Score: 65640.50, Count: 112357
Repair operator: repair_greedy_feasible, Weight: 0.5929, Score: 67917.50, Count: 114532
Repair operator: repair_affinity_compact, Weight: 0.5621, Score: 60939.50, Count: 108405
Repair operator: repair_nearest_center, Weight: 0.5642, Score: 61759.00, Count: 109449
Repair operator: repair_2regret, Weight: 0.6923, Score: 93113.50, Count: 134459
