Initial solution objectives: Balance violation = 210632.5539, Affinity loss = 416, Compactness = 349619.0000
Iteration 0:  206166.153939 418.000000 344663.900000 (0,2)
Iteration 3:  203644.983030 418.000000 338459.300000 (0,0)
Iteration 5:  200944.276364 409.000000 312759.800000 (3,3)
Iteration 509:  185747.072727 440.000000 371134.100000 (3,3)
Iteration 510:  185747.072727 440.000000 369404.200000 (1,3)
Iteration 511:  185021.921212 440.000000 368629.500000 (0,2)
Iteration 513:  183302.793333 440.000000 371121.600000 (3,3)
Iteration 514:  183302.793333 440.000000 370268.700000 (0,2)
Iteration 515:  175128.431515 439.000000 370084.000000 (1,0)
Iteration 516:  175028.431515 439.000000 369912.400000 (2,2)
Iteration 517:  173333.831515 439.000000 368663.300000 (1,1)
Iteration 521:  172720.031515 441.000000 365597.100000 (1,1)
Iteration 522:  172261.713333 441.000000 365718.800000 (0,0)
Iteration 524:  171650.146667 441.000000 376067.900000 (2,2)
Iteration 527:  170586.384848 440.000000 378673.500000 (0,3)
Iteration 529:  169958.837576 439.000000 379504.900000 (0,2)
Iteration 530:  155792.675152 444.000000 393084.200000 (3,3)
Iteration 533:  146161.308485 445.000000 412389.900000 (3,3)
Iteration 2052:  145771.927879 406.000000 359327.200000 (3,0)
Iteration 2053:  145771.927879 408.000000 359176.500000 (3,1)
Iteration 2055:  139224.923636 410.000000 364971.600000 (3,3)
Iteration 2057:  134595.461818 408.000000 386101.700000 (2,3)
Iteration 2059:  133644.923636 409.000000 412369.600000 (3,0)
Iteration 4617:  128630.259394 427.000000 366745.400000 (3,0)
Iteration 4622:  120811.072727 428.000000 354021.400000 (3,3)
Iteration 4624:  120671.072727 428.000000 354064.700000 (2,0)
Iteration 4625:  120671.072727 427.000000 355983.000000 (0,1)
Iteration 4627:  120579.239394 430.000000 356865.900000 (3,0)
Iteration 4628:  118739.586667 430.000000 358195.200000 (0,3)
Iteration 4647:  114224.206061 432.000000 359042.000000 (3,3)
Iteration 4648:  113532.721212 428.000000 362737.000000 (3,3)
Iteration 4660:  110877.332121 428.000000 371605.000000 (3,0)
Iteration 4673:  108902.444242 423.000000 378083.700000 (1,0)
Iteration 4676:  108902.444242 423.000000 375610.900000 (0,3)
Iteration 4677:  108854.277576 423.000000 374530.000000 (2,0)
Iteration 4678:  106972.224848 422.000000 503818.600000 (1,0)
Iteration 6452:  103766.202424 391.000000 330396.300000 (3,3)
Iteration 6454:  102165.802424 395.000000 335783.500000 (0,0)
Iteration 13645:  94690.301818 447.000000 373656.500000 (3,3)
Iteration 13646:  94685.301818 447.000000 369244.600000 (0,2)
Iteration 13647:  93830.257576 445.000000 335701.800000 (3,3)
Iteration 13648:  93830.257576 445.000000 335475.200000 (2,3)
Iteration 13656:  89329.895758 445.000000 349634.000000 (3,3)
Iteration 13657:  89329.895758 445.000000 350284.400000 (1,0)
Iteration 13693:  89194.513939 445.000000 352992.100000 (1,0)
Iteration 13694:  89169.513939 445.000000 352967.000000 (2,3)
Iteration 13696:  87875.000606 445.000000 350836.900000 (0,1)
Iteration 13752:  87851.100606 445.000000 349686.200000 (1,0)
Iteration 13757:  87832.200606 444.000000 345237.600000 (0,1)
Iteration 13763:  86261.000606 444.000000 342544.900000 (0,2)
Iteration 13764:  85250.795758 444.000000 337185.700000 (1,2)
Iteration 13776:  84856.837576 444.000000 342125.700000 (0,0)
Iteration 13796:  84460.437576 444.000000 352288.000000 (0,3)
Iteration 13812:  81759.343030 443.000000 348310.100000 (0,0)
Iteration 13813:  80822.456364 441.000000 352667.400000 (3,3)
Iteration 13815:  80822.456364 441.000000 352136.500000 (0,2)
Iteration 13817:  80802.456364 441.000000 354841.800000 (0,3)
Iteration 13818:  80589.456364 441.000000 364292.100000 (1,3)
Iteration 13821:  79393.143030 441.000000 370796.800000 (0,3)
Iteration 13832:  79128.143030 441.000000 370500.700000 (0,0)
Iteration 13833:  74337.472121 441.000000 407212.000000 (3,3)
Iteration 13837:  73729.524848 441.000000 412050.300000 (1,2)
Iteration 13843:  73610.724848 441.000000 413302.900000 (0,3)
Iteration 13844:  73405.724848 441.000000 413432.900000 (0,3)
Iteration 13845:  73380.724848 441.000000 404446.200000 (0,1)
Iteration 13849:  73377.558182 441.000000 406422.100000 (1,3)
Iteration 13877:  72536.000606 441.000000 399137.400000 (1,3)
Iteration 13879:  72329.792121 443.000000 391216.700000 (0,2)
Iteration 13900:  72329.792121 443.000000 391151.300000 (1,1)
Iteration 13901:  72277.592121 442.000000 394328.500000 (1,1)
Iteration 13906:  72222.392121 442.000000 385219.800000 (0,3)
Iteration 13914:  71278.358788 443.000000 381503.600000 (0,2)
Iteration 13937:  69931.192121 443.000000 383804.800000 (0,3)
Iteration 13949:  69014.378788 443.000000 382080.500000 (1,3)
Iteration 13950:  68470.760606 443.000000 397776.400000 (0,0)
Iteration 13955:  68401.773939 443.000000 398990.000000 (0,3)
Iteration 13956:  67613.087273 441.000000 399684.200000 (0,3)
Iteration 13957:  66127.458182 442.000000 338738.300000 (3,3)
Iteration 13960:  66113.171515 440.000000 339363.900000 (3,3)
Iteration 13961:  66035.171515 440.000000 347657.200000 (0,3)
Iteration 13963:  65410.253333 444.000000 358533.900000 (3,0)
Iteration 13971:  65410.253333 444.000000 357281.300000 (1,1)
Iteration 13973:  65372.535152 442.000000 357699.000000 (0,0)
Iteration 13980:  65372.535152 442.000000 357600.100000 (0,0)
Iteration 13987:  65277.335152 442.000000 358448.800000 (0,3)
Iteration 13989:  65277.335152 442.000000 358335.200000 (0,0)
Iteration 13993:  64527.253333 442.000000 359159.700000 (0,3)
Iteration 14000:  64421.835152 442.000000 362989.700000 (0,0)
Iteration 14008:  64353.053333 440.000000 359734.300000 (1,1)
Iteration 14022:  63600.506061 438.000000 380516.900000 (1,1)
Iteration 14023:  61191.110909 437.000000 380380.400000 (1,0)
Iteration 14024:  60439.929091 439.000000 380441.700000 (1,3)
Iteration 14026:  59774.115758 439.000000 380022.900000 (0,1)
Iteration 14030:  59757.433939 439.000000 380423.700000 (1,3)
Iteration 14035:  59494.181212 439.000000 387817.900000 (0,0)
Iteration 14037:  58994.981212 439.000000 397849.900000 (0,0)
Iteration 14039:  58729.481212 439.000000 404742.000000 (0,0)
Iteration 14042:  57344.115152 437.000000 404704.500000 (0,3)
Iteration 14054:  57055.451515 435.000000 402427.900000 (2,3)
Iteration 14076:  56752.204242 435.000000 401287.500000 (0,0)
Iteration 14082:  56560.504242 435.000000 402376.100000 (0,3)
Iteration 14108:  56232.904242 435.000000 398118.000000 (0,3)
Iteration 14117:  55708.472727 435.000000 399773.500000 (0,0)
Iteration 14131:  54394.086061 433.000000 399127.100000 (1,1)
Iteration 14135:  54072.586061 433.000000 397421.800000 (1,3)
Iteration 14150:  53557.546667 431.000000 408393.700000 (0,0)
Iteration 14210:  50364.433333 431.000000 413148.000000 (1,0)
Iteration 14218:  50364.433333 429.000000 414277.200000 (1,1)
Iteration 14220:  49852.467273 429.000000 423505.700000 (0,3)
Iteration 14236:  49852.467273 429.000000 422708.900000 (1,3)
Iteration 14245:  49527.649091 429.000000 427179.800000 (1,3)
Iteration 14246:  48871.949091 429.000000 427026.700000 (0,3)
Iteration 14250:  48659.184242 429.000000 430159.400000 (0,3)
Iteration 14270:  48383.252727 429.000000 441597.800000 (1,0)
Iteration 14285:  48375.366061 431.000000 442204.400000 (1,0)
Iteration 14292:  48284.066061 431.000000 432864.100000 (0,3)
Iteration 14293:  48260.452727 429.000000 433319.800000 (2,3)
Iteration 14310:  47818.052727 430.000000 428698.000000 (0,2)
Iteration 14333:  47718.052727 430.000000 428765.400000 (0,0)
Iteration 14340:  46751.852727 430.000000 419670.100000 (0,2)
Iteration 14353:  46571.039394 430.000000 419327.500000 (1,3)
Iteration 14363:  46571.039394 430.000000 418279.400000 (1,1)
Iteration 14368:  46352.426061 430.000000 414761.500000 (1,1)
Iteration 14415:  46276.257576 429.000000 414820.200000 (0,0)
Iteration 14501:  42547.595758 429.000000 433461.100000 (0,3)
Iteration 14508:  42505.695758 427.000000 433240.600000 (0,3)
Iteration 14536:  42505.695758 426.000000 430945.500000 (0,3)
Iteration 14568:  42475.309091 426.000000 429763.100000 (0,3)
Iteration 14571:  42390.309091 427.000000 423727.800000 (0,3)
Iteration 14573:  42276.109091 427.000000 419042.900000 (0,3)
Iteration 14602:  42025.680000 428.000000 410125.300000 (1,3)
Iteration 14625:  41904.780000 428.000000 404200.100000 (0,2)
Iteration 14631:  41567.793333 430.000000 402374.900000 (0,3)
Iteration 14660:  41273.293333 430.000000 406467.100000 (1,3)
Iteration 14663:  41123.293333 430.000000 403320.900000 (0,3)
Iteration 14669:  41100.806667 430.000000 399963.400000 (0,1)
Iteration 14682:  41048.246061 430.000000 405652.400000 (0,3)
Iteration 14686:  41005.746061 430.000000 404527.600000 (0,3)
Iteration 14692:  41005.746061 430.000000 403828.500000 (0,3)
Iteration 14698:  40913.846061 430.000000 399369.800000 (0,3)
Iteration 14704:  40792.946061 430.000000 394714.500000 (1,1)
Iteration 15033:  40782.261818 431.000000 393548.400000 (0,3)
Iteration 15034:  39717.666667 431.000000 394980.100000 (0,3)
Iteration 15041:  39616.666667 431.000000 399099.700000 (0,3)
Iteration 15091:  39585.166667 429.000000 401688.400000 (0,3)
Iteration 15099:  39585.166667 429.000000 397880.000000 (0,3)
Iteration 15118:  39474.684848 429.000000 398353.800000 (0,3)
Iteration 15121:  39432.784848 427.000000 398443.500000 (0,3)
Iteration 15161:  39315.166667 427.000000 400331.300000 (0,3)
Iteration 15189:  39306.848485 427.000000 403470.000000 (1,3)
Iteration 15191:  39185.435152 427.000000 403619.400000 (0,2)
Iteration 15217:  39175.435152 427.000000 404416.200000 (1,1)
Iteration 15223:  38992.735152 427.000000 404125.000000 (1,3)
Iteration 15307:  38978.835152 427.000000 395431.800000 (1,3)
Iteration 15325:  38861.221818 428.000000 403071.000000 (0,3)
Iteration 15333:  38759.540000 427.000000 399234.500000 (2,3)
Iteration 15382:  38489.235152 427.000000 403887.100000 (0,3)
Iteration 15404:  38489.235152 427.000000 401966.800000 (0,0)
Iteration 15512:  38292.035152 427.000000 405949.900000 (0,3)
Iteration 15545:  38041.021818 427.000000 408128.700000 (0,3)
Iteration 15559:  38030.540000 427.000000 408102.700000 (3,3)
Iteration 15625:  38030.540000 427.000000 405806.600000 (0,3)
Iteration 15628:  38030.540000 427.000000 405496.400000 (0,3)
Iteration 15726:  37763.058182 427.000000 413141.100000 (0,3)
Iteration 15733:  35240.631515 425.000000 498763.700000 (3,3)
Iteration 15735:  35231.826667 425.000000 498236.200000 (0,0)
Iteration 15742:  34753.379394 425.000000 489868.500000 (1,3)
Iteration 15746:  33311.244848 423.000000 579408.200000 (0,0)
Iteration 15754:  32988.531515 423.000000 576753.900000 (0,1)
Iteration 15758:  32297.531515 426.000000 575850.600000 (1,2)
Iteration 15776:  32297.531515 426.000000 575218.300000 (1,2)
Iteration 15784:  31855.331515 426.000000 566421.900000 (1,1)
Iteration 15835:  31670.531515 428.000000 560012.000000 (0,3)
Iteration 15855:  31529.344848 428.000000 557832.400000 (0,3)
Iteration 15859:  31509.531515 428.000000 559220.600000 (0,3)
Iteration 15860:  31491.318182 428.000000 562803.500000 (0,3)
Iteration 15868:  30033.354545 428.000000 557835.600000 (0,1)
Iteration 15878:  29743.354545 428.000000 557187.600000 (0,3)
Iteration 15883:  29660.707273 428.000000 549449.900000 (0,2)
Iteration 15895:  29570.707273 429.000000 546861.500000 (2,3)
Iteration 15950:  29500.054545 430.000000 543385.400000 (0,3)
Iteration 15967:  29369.689091 430.000000 537088.900000 (0,0)
Iteration 15976:  29278.236364 430.000000 537942.200000 (1,0)
Iteration 16019:  29234.023030 432.000000 539385.500000 (0,3)
Iteration 16067:  29230.667879 432.000000 515269.200000 (0,2)
Iteration 16087:  28997.354545 430.000000 518232.100000 (0,2)
Iteration 16101:  28997.354545 430.000000 516843.900000 (0,3)
Iteration 16116:  28808.354545 430.000000 516211.600000 (1,1)
Iteration 16137:  28432.759394 430.000000 523716.900000 (0,3)
Iteration 16156:  28424.441212 430.000000 522784.800000 (0,0)
total iterations: 551044, time elapsed: 3600.00s
Destroy operator: destroy_random_leafs, Weight: 0.6902, Score: 109440.50, Count: 158547
Destroy operator: destroy_path, Weight: 0.5891, Score: 79195.00, Count: 134430
Destroy operator: destroy_worst_affinity, Weight: 0.5466, Score: 68147.50, Count: 124665
Destroy operator: destroy_district_group, Weight: 0.5856, Score: 78121.00, Count: 133401
Repair operator: repair_greedy_feasible, Weight: 0.5971, Score: 81420.00, Count: 136358
Repair operator: repair_affinity_compact, Weight: 0.5622, Score: 71803.00, Count: 127715
Repair operator: repair_nearest_center, Weight: 0.5635, Score: 72481.00, Count: 128611
Repair operator: repair_2regret, Weight: 0.6895, Score: 109200.00, Count: 158359
