Initial solution objectives: Balance violation = 199430.3630, Affinity loss = 432, Compactness = 329551.6000
Iteration 0:  190792.978788 431.000000 317809.100000 (3,2)
Iteration 1:  189010.678788 429.000000 312041.100000 (0,2)
Iteration 3:  163856.604242 425.000000 333585.600000 (3,3)
Iteration 43:  163248.004242 424.000000 360152.400000 (1,0)
Iteration 5073:  160005.504242 427.000000 345237.800000 (3,0)
Iteration 6091:  159275.357576 391.000000 379439.300000 (0,0)
Iteration 6092:  157419.357576 392.000000 380835.500000 (1,0)
Iteration 6095:  146163.940606 392.000000 378862.400000 (3,3)
Iteration 8648:  146035.537576 416.000000 362821.500000 (2,0)
Iteration 8651:  145936.304242 403.000000 366414.900000 (0,0)
Iteration 8653:  140706.440606 409.000000 367061.500000 (3,2)
Iteration 8657:  134060.256970 412.000000 370016.500000 (3,3)
Iteration 8658:  133788.556970 412.000000 371090.800000 (0,0)
Iteration 8663:  128149.713333 412.000000 366562.300000 (0,3)
Iteration 8665:  127033.546667 407.000000 371747.600000 (3,3)
Iteration 8675:  127026.293333 408.000000 372826.900000 (1,3)
Iteration 8676:  126603.173333 408.000000 373897.500000 (0,3)
Iteration 8687:  123283.096364 407.000000 371819.300000 (3,3)
Iteration 8688:  122804.429697 411.000000 368694.200000 (3,3)
Iteration 8689:  122804.429697 411.000000 368652.600000 (1,2)
Iteration 8690:  122704.029697 411.000000 367328.800000 (0,3)
Iteration 8707:  120917.889697 411.000000 365284.000000 (1,1)
Iteration 8708:  120804.423030 413.000000 366205.900000 (0,0)
Iteration 8716:  120171.523030 413.000000 363015.400000 (0,1)
Iteration 8717:  119442.923030 413.000000 360595.800000 (1,3)
Iteration 8718:  119162.503030 414.000000 355345.900000 (1,0)
Iteration 8734:  114876.143030 423.000000 377998.300000 (3,0)
Iteration 8736:  113279.369697 422.000000 381006.500000 (3,3)
Iteration 8749:  113096.389697 423.000000 388615.900000 (0,3)
Iteration 8795:  110249.653333 417.000000 388503.700000 (1,3)
Iteration 8797:  110133.853333 417.000000 388093.000000 (1,2)
Iteration 8824:  109736.600000 414.000000 392447.500000 (3,0)
Iteration 8825:  109658.800000 414.000000 390355.900000 (0,3)
Iteration 8828:  105971.256364 414.000000 389036.800000 (0,3)
Iteration 8829:  103387.869697 414.000000 388429.000000 (3,0)
Iteration 8830:  103387.869697 414.000000 387320.900000 (1,2)
Iteration 8833:  103387.869697 413.000000 389865.500000 (2,3)
Iteration 8854:  102052.949697 411.000000 405977.100000 (1,3)
Iteration 8855:  97356.856364 412.000000 390594.400000 (3,3)
Iteration 8866:  96568.389697 416.000000 396804.700000 (3,0)
Iteration 8897:  89241.959394 412.000000 402464.100000 (3,3)
Iteration 8898:  88850.259394 412.000000 401579.800000 (0,1)
Iteration 8925:  86430.989091 414.000000 414048.500000 (3,0)
Iteration 8927:  85228.769091 412.000000 412699.900000 (2,3)
Iteration 8929:  85228.769091 412.000000 412699.900000 (1,0)
Iteration 8932:  81392.429091 413.000000 419434.300000 (3,3)
Iteration 8934:  79461.449091 413.000000 418898.600000 (0,2)
Iteration 8937:  79281.615758 415.000000 418710.800000 (0,3)
Iteration 8938:  79281.615758 414.000000 417073.100000 (2,0)
Iteration 8940:  79278.195758 416.000000 419014.100000 (0,3)
Iteration 8945:  78266.849091 416.000000 413866.100000 (3,3)
Iteration 8949:  72995.502424 416.000000 414121.400000 (2,3)
Iteration 8950:  72682.502424 416.000000 414148.000000 (1,1)
Iteration 8953:  72662.502424 416.000000 416846.400000 (0,0)
Iteration 8954:  72582.422424 416.000000 412308.000000 (0,1)
Iteration 8956:  72531.022424 415.000000 401747.200000 (0,2)
Iteration 8959:  72393.322424 415.000000 401673.000000 (2,3)
Iteration 8962:  72070.302424 417.000000 402253.100000 (0,3)
Iteration 8964:  69975.812121 417.000000 400941.800000 (1,3)
Iteration 8973:  69812.212121 417.000000 398496.600000 (0,3)
Iteration 8974:  67799.898788 416.000000 399803.100000 (3,3)
Iteration 8977:  67467.985455 415.000000 401090.500000 (0,0)
Iteration 8978:  67037.985455 416.000000 400910.700000 (0,0)
Iteration 8984:  65809.872121 415.000000 402760.300000 (0,3)
Iteration 8986:  65473.672121 415.000000 403214.100000 (0,3)
Iteration 8987:  65415.085455 417.000000 405072.700000 (0,0)
Iteration 8990:  65359.172121 417.000000 405848.400000 (0,3)
Iteration 9072:  64785.502424 410.000000 409991.000000 (0,3)
Iteration 9088:  64305.978788 410.000000 410357.600000 (0,0)
Iteration 9090:  64276.145455 412.000000 412360.100000 (0,0)
Iteration 9092:  64271.145455 412.000000 414015.700000 (0,0)
Iteration 9093:  64250.332121 413.000000 412524.200000 (0,2)
Iteration 9098:  59311.785455 416.000000 414821.100000 (1,3)
Iteration 9100:  58927.349091 416.000000 403634.400000 (0,3)
Iteration 9128:  58419.949091 413.000000 450474.500000 (0,3)
Iteration 9143:  57218.715758 412.000000 452242.100000 (0,3)
Iteration 9148:  57098.715758 412.000000 452008.400000 (0,0)
Iteration 9149:  56078.395758 412.000000 444671.700000 (0,2)
Iteration 9151:  56036.895758 412.000000 445144.800000 (2,3)
Iteration 9210:  54749.241818 412.000000 451255.700000 (0,0)
Iteration 9212:  54744.241818 412.000000 451833.400000 (0,3)
Iteration 9216:  53293.341818 412.000000 451993.300000 (1,0)
Iteration 9222:  49956.205455 412.000000 455909.600000 (0,3)
Iteration 9223:  49723.961818 412.000000 456112.300000 (2,0)
Iteration 9227:  49415.441818 412.000000 460114.100000 (1,3)
Iteration 9242:  48864.895152 412.000000 460676.000000 (0,3)
Iteration 26161:  47643.025455 398.000000 405722.400000 (1,1)
Iteration 26172:  46552.745455 398.000000 404891.500000 (2,3)
Iteration 26206:  46259.645455 398.000000 408928.400000 (0,0)
Iteration 26210:  45952.058788 398.000000 408676.600000 (0,3)
Iteration 26213:  45023.625455 400.000000 409420.900000 (0,3)
Iteration 26217:  44500.181818 402.000000 409004.600000 (0,3)
Iteration 26224:  44213.001818 400.000000 406969.800000 (0,1)
Iteration 26232:  43503.324848 400.000000 404705.100000 (0,1)
Iteration 26239:  43099.171515 400.000000 406617.000000 (0,0)
Iteration 26262:  43099.171515 400.000000 401117.400000 (1,1)
Iteration 26263:  42970.271515 398.000000 397604.000000 (0,3)
Iteration 26267:  42275.504848 398.000000 398408.600000 (2,3)
Iteration 26274:  42092.804848 398.000000 398409.700000 (2,3)
Iteration 26275:  41747.281212 397.000000 402772.400000 (0,0)
Iteration 26283:  41203.987879 397.000000 407667.600000 (0,0)
Iteration 26312:  41203.987879 397.000000 404100.000000 (0,3)
Iteration 26333:  40910.007879 396.000000 513027.000000 (0,3)
Iteration 26334:  40906.507879 395.000000 517257.800000 (1,0)
Iteration 26362:  40857.087879 395.000000 518306.400000 (1,2)
Iteration 26367:  40837.087879 395.000000 517839.100000 (1,2)
Iteration 26370:  40826.507879 395.000000 513467.800000 (1,0)
Iteration 26372:  38706.727879 393.000000 507051.100000 (0,3)
Iteration 26387:  38706.727879 391.000000 507454.200000 (1,1)
Iteration 26392:  38655.227879 391.000000 508060.000000 (0,3)
Iteration 26411:  38651.727879 391.000000 512005.900000 (0,0)
Iteration 26416:  38191.027879 389.000000 508549.000000 (0,3)
Iteration 26438:  38174.771515 388.000000 507904.700000 (0,3)
Iteration 26446:  38160.871515 388.000000 509802.200000 (0,3)
Iteration 26482:  36834.581818 386.000000 507027.100000 (0,3)
Iteration 26495:  36699.881818 386.000000 502470.000000 (0,3)
Iteration 26517:  36699.881818 386.000000 501766.500000 (0,2)
Iteration 26542:  35856.215152 384.000000 501225.000000 (0,3)
Iteration 26584:  35530.215152 384.000000 500567.900000 (0,3)
Iteration 26585:  35375.558788 378.000000 499743.900000 (1,3)
Iteration 26611:  34180.678788 378.000000 498922.100000 (1,3)
Iteration 26622:  33309.678788 377.000000 490253.500000 (0,2)
Iteration 26624:  33261.578788 377.000000 489897.100000 (0,3)
Iteration 26630:  32807.822424 377.000000 489017.800000 (0,3)
Iteration 26633:  32526.122424 377.000000 489237.300000 (1,1)
Iteration 26703:  32319.378788 379.000000 491983.800000 (0,0)
Iteration 26722:  32319.378788 377.000000 492315.500000 (0,1)
Iteration 26745:  32164.378788 374.000000 482848.900000 (1,3)
Iteration 26785:  32121.578788 374.000000 482319.200000 (1,1)
Iteration 26873:  31583.478788 376.000000 484199.800000 (1,3)
Iteration 26885:  31583.478788 376.000000 482804.600000 (0,3)
Iteration 26904:  31583.478788 376.000000 482585.100000 (1,3)
Iteration 26927:  31233.478788 376.000000 467238.900000 (0,3)
Iteration 26935:  31233.478788 376.000000 457400.200000 (0,3)
Iteration 26936:  30744.778788 376.000000 456075.500000 (0,3)
Iteration 26950:  30744.778788 374.000000 454990.400000 (0,3)
Iteration 26961:  30744.778788 374.000000 445679.800000 (0,3)
Iteration 27021:  30744.778788 374.000000 427715.000000 (1,0)
Iteration 27022:  30672.578788 375.000000 430892.200000 (0,3)
Iteration 27044:  30531.922424 375.000000 430748.200000 (0,3)
Iteration 27056:  30531.922424 375.000000 423172.000000 (0,3)
Iteration 27098:  28667.009091 376.000000 425277.000000 (1,0)
Iteration 27114:  28667.009091 376.000000 401217.600000 (1,2)
Iteration 27128:  28524.365455 376.000000 405318.800000 (1,0)
Iteration 27198:  27101.398788 378.000000 405888.700000 (0,3)
Iteration 27225:  27079.898788 378.000000 403531.700000 (1,1)
Iteration 27232:  27024.498788 378.000000 400106.900000 (0,3)
Iteration 27267:  27024.498788 378.000000 400000.100000 (1,1)
Iteration 27318:  26999.498788 378.000000 400198.600000 (1,1)
Iteration 27351:  24126.132121 376.000000 401839.800000 (1,0)
Iteration 27382:  24021.132121 376.000000 399482.800000 (0,3)
Iteration 27390:  23987.218788 374.000000 398441.200000 (0,1)
Iteration 27441:  23983.718788 374.000000 399144.700000 (0,0)
Iteration 27485:  23974.295758 374.000000 385922.300000 (1,3)
Iteration 27498:  23857.195758 374.000000 383060.000000 (0,3)
Iteration 27499:  21383.998788 374.000000 385412.200000 (3,0)
Iteration 27500:  21201.298788 374.000000 385879.500000 (2,3)
Iteration 27734:  21179.832121 374.000000 382303.900000 (0,1)
Iteration 27755:  20527.365455 372.000000 382240.700000 (0,3)
Iteration 27794:  20472.365455 372.000000 383002.300000 (0,3)
total iterations: 454168, time elapsed: 3600.03s
Destroy operator: destroy_random_leafs, Weight: 0.6819, Score: 87884.00, Count: 128887
Destroy operator: destroy_path, Weight: 0.5855, Score: 65153.00, Count: 111270
Destroy operator: destroy_worst_affinity, Weight: 0.5449, Score: 56032.50, Count: 102825
Destroy operator: destroy_district_group, Weight: 0.5888, Score: 65467.00, Count: 111185
Repair operator: repair_greedy_feasible, Weight: 0.5896, Score: 66314.50, Count: 112470
Repair operator: repair_affinity_compact, Weight: 0.5621, Score: 59267.50, Count: 105431
Repair operator: repair_nearest_center, Weight: 0.5659, Score: 60610.00, Count: 107114
Repair operator: repair_2regret, Weight: 0.6840, Score: 88344.50, Count: 129152
