Initial solution objectives: Balance violation = 237764.4473, Affinity loss = 408, Compactness = 322615.5000
Iteration 0:  237293.247273 404.000000 335246.000000 (1,1)
Iteration 1:  237293.247273 404.000000 334749.900000 (1,3)
Iteration 2:  223627.138182 402.000000 342437.300000 (3,3)
Iteration 3:  223627.138182 400.000000 342325.600000 (2,3)
Iteration 4:  221550.138182 398.000000 343959.900000 (0,3)
Iteration 6:  207813.556364 389.000000 357426.000000 (3,0)
Iteration 507:  199671.865455 413.000000 369919.400000 (3,0)
Iteration 1512:  185480.338182 433.000000 348761.800000 (3,0)
Iteration 3016:  183688.581818 414.000000 347662.400000 (2,0)
Iteration 3022:  177385.803636 399.000000 361669.500000 (3,2)
Iteration 3023:  168943.567273 392.000000 359307.200000 (3,0)
Iteration 3024:  167276.767273 392.000000 357921.200000 (0,2)
Iteration 3551:  156502.374545 399.000000 363847.300000 (3,3)
Iteration 3554:  156417.374545 399.000000 366266.200000 (2,3)
Iteration 3566:  156327.683636 397.000000 377116.200000 (1,0)
Iteration 3567:  146824.829091 399.000000 381955.300000 (3,0)
Iteration 3569:  140629.661818 405.000000 367260.200000 (3,3)
Iteration 3571:  129504.949091 405.000000 365993.100000 (3,0)
Iteration 18175:  128777.989091 425.000000 363081.900000 (3,3)
Iteration 18176:  128767.989091 424.000000 361909.100000 (1,1)
Iteration 18178:  127608.789091 424.000000 362694.100000 (0,0)
Iteration 18190:  126084.789091 424.000000 367189.500000 (1,0)
Iteration 18195:  125821.952727 422.000000 364473.500000 (0,3)
Iteration 18204:  124058.952727 422.000000 363868.100000 (1,3)
Iteration 18207:  124058.952727 422.000000 362285.000000 (0,1)
Iteration 18213:  124058.952727 419.000000 363376.300000 (1,0)
Iteration 18215:  124023.043636 419.000000 364684.800000 (2,0)
Iteration 18216:  121928.230909 419.000000 367067.000000 (0,3)
Iteration 18218:  121667.254545 419.000000 365016.000000 (0,3)
Iteration 18219:  121518.618182 419.000000 365963.500000 (2,0)
Iteration 18235:  121331.918182 417.000000 366593.600000 (0,3)
Iteration 18238:  121331.918182 417.000000 365164.100000 (0,3)
Iteration 18241:  121290.909091 417.000000 368110.800000 (0,3)
Iteration 18250:  120646.496364 417.000000 374070.100000 (0,3)
Iteration 18251:  113560.096364 419.000000 391875.400000 (3,0)
Iteration 18253:  113506.460000 419.000000 401395.600000 (1,0)
Iteration 18256:  113506.460000 419.000000 400950.000000 (1,3)
Iteration 18278:  113014.260000 418.000000 381189.000000 (3,3)
Iteration 18282:  112841.609091 418.000000 383291.200000 (0,3)
Iteration 18286:  112366.445455 416.000000 383017.200000 (1,3)
Iteration 18287:  112366.445455 416.000000 390704.600000 (1,0)
Iteration 18292:  112366.445455 416.000000 393054.800000 (1,2)
Iteration 18293:  112202.054545 415.000000 391976.200000 (0,3)
Iteration 18318:  108290.000000 415.000000 372147.700000 (3,3)
Iteration 18323:  108290.000000 415.000000 365634.500000 (1,2)
Iteration 18327:  108095.454545 415.000000 357639.700000 (1,0)
Iteration 18351:  108028.181818 415.000000 358839.000000 (0,3)
Iteration 18355:  104436.403636 415.000000 363521.000000 (0,3)
Iteration 18359:  104436.403636 415.000000 361029.500000 (0,1)
Iteration 18360:  104421.403636 415.000000 362483.400000 (0,3)
Iteration 18370:  95965.803636 417.000000 370110.200000 (3,0)
Iteration 23168:  93504.563636 425.000000 397282.100000 (3,3)
Iteration 23195:  93480.927273 425.000000 402059.900000 (0,0)
Iteration 23199:  92834.785455 425.000000 403620.100000 (1,0)
Iteration 23203:  92834.785455 425.000000 402286.400000 (2,2)
Iteration 23238:  92816.149091 425.000000 404593.900000 (1,0)
Iteration 23239:  92619.436364 425.000000 404047.700000 (0,3)
Iteration 23241:  92580.549091 425.000000 404047.400000 (0,3)
Iteration 23266:  92473.649091 425.000000 400325.700000 (1,1)
Iteration 23279:  92369.849091 425.000000 400721.300000 (0,0)
Iteration 23281:  91963.863636 425.000000 395813.100000 (0,1)
Iteration 23296:  91963.863636 425.000000 395742.700000 (1,3)
Iteration 23299:  91773.863636 425.000000 397497.200000 (0,3)
Iteration 23313:  91716.212727 425.000000 400356.800000 (1,3)
Iteration 23327:  91633.961818 425.000000 403827.200000 (1,3)
Iteration 23334:  91618.961818 425.000000 406194.000000 (0,3)
Iteration 23335:  91478.961818 425.000000 410219.400000 (1,3)
Iteration 23346:  91428.961818 425.000000 414192.000000 (0,3)
Iteration 25034:  90336.987273 387.000000 369305.200000 (0,3)
Iteration 25035:  89921.078182 387.000000 370242.400000 (0,3)
Iteration 25046:  89795.169091 387.000000 371205.500000 (0,0)
Iteration 25047:  89743.805455 387.000000 369164.000000 (1,3)
Iteration 25057:  89728.254545 387.000000 374390.000000 (0,3)
Iteration 25059:  89681.200000 387.000000 379961.900000 (0,0)
Iteration 25065:  89671.200000 387.000000 379083.300000 (0,0)
Iteration 25080:  88397.640000 391.000000 376817.900000 (3,3)
Iteration 25082:  88330.940000 391.000000 377842.900000 (0,0)
Iteration 25089:  88330.940000 391.000000 377773.700000 (1,1)
Iteration 25092:  88312.303636 391.000000 377803.300000 (3,3)
Iteration 25101:  88241.752727 391.000000 379870.400000 (1,3)
Iteration 25110:  87858.916364 391.000000 387347.500000 (0,0)
Iteration 25123:  86260.100000 393.000000 393829.900000 (1,3)
Iteration 25133:  86250.100000 393.000000 393770.900000 (0,3)
Iteration 25137:  85921.649091 392.000000 392865.100000 (2,2)
Iteration 25142:  85851.349091 390.000000 391591.700000 (0,1)
Iteration 25158:  85851.349091 390.000000 389393.900000 (0,3)
Iteration 25159:  85333.909091 390.000000 393513.600000 (0,3)
Iteration 25161:  83758.296364 388.000000 394055.900000 (1,0)
Iteration 25175:  83588.296364 388.000000 393452.100000 (1,3)
Iteration 25179:  83357.945455 390.000000 395330.400000 (0,3)
Iteration 25185:  83357.945455 388.000000 396311.700000 (1,3)
Iteration 25196:  82023.096364 389.000000 397426.900000 (0,3)
Iteration 25218:  81658.696364 387.000000 394199.900000 (0,1)
Iteration 25233:  81656.610909 387.000000 392596.500000 (0,1)
Iteration 25250:  78964.647273 386.000000 392026.600000 (0,3)
Iteration 25258:  78497.772727 386.000000 396879.600000 (0,0)
Iteration 25266:  76885.632727 386.000000 401510.100000 (0,3)
Iteration 25281:  76885.632727 386.000000 400404.700000 (0,3)
Iteration 25288:  76663.583636 388.000000 401861.600000 (0,3)
Iteration 25295:  76279.134545 388.000000 404435.200000 (0,3)
Iteration 25299:  76212.820000 388.000000 404249.700000 (0,3)
Iteration 25306:  76195.361818 388.000000 405774.600000 (0,3)
Iteration 25310:  75397.583636 388.000000 404524.500000 (0,3)
Iteration 25332:  75028.207273 388.000000 404382.300000 (0,2)
Iteration 25346:  74833.661818 390.000000 407146.100000 (3,3)
Iteration 25351:  74833.661818 391.000000 406766.500000 (1,3)
Iteration 25352:  74818.661818 391.000000 406192.100000 (2,0)
Iteration 25443:  73411.920000 391.000000 406494.300000 (0,3)
Iteration 25450:  73356.920000 391.000000 406035.400000 (2,3)
Iteration 25463:  73205.220000 393.000000 403338.200000 (0,2)
Iteration 25467:  73071.420000 393.000000 404941.600000 (0,3)
Iteration 25498:  73028.620000 393.000000 404949.500000 (1,2)
Iteration 25513:  73021.347273 393.000000 405265.900000 (1,3)
Iteration 25526:  73010.705455 393.000000 409784.000000 (0,3)
Iteration 25528:  73010.705455 393.000000 409348.600000 (0,2)
Iteration 25531:  73010.705455 393.000000 408168.000000 (1,2)
Iteration 25534:  72960.605455 393.000000 412062.100000 (0,0)
Iteration 25565:  72960.605455 393.000000 411146.200000 (0,1)
Iteration 25570:  72640.605455 393.000000 411768.500000 (1,0)
Iteration 25580:  72489.669091 393.000000 413872.400000 (0,0)
Iteration 25588:  72489.669091 393.000000 413389.600000 (0,3)
Iteration 25593:  72172.545455 393.000000 413479.900000 (0,3)
Iteration 25603:  72166.636364 393.000000 413667.000000 (1,0)
Iteration 25702:  71876.636364 393.000000 414956.000000 (0,3)
Iteration 25708:  71642.436364 393.000000 406859.400000 (1,3)
Iteration 25714:  71371.850909 393.000000 409712.900000 (0,0)
Iteration 25724:  71371.850909 393.000000 406416.100000 (0,3)
Iteration 25745:  71273.214545 393.000000 406602.800000 (1,3)
Iteration 25761:  71273.214545 393.000000 406474.100000 (0,3)
Iteration 25774:  71273.214545 393.000000 405423.500000 (0,3)
Iteration 25807:  71113.814545 393.000000 401832.200000 (0,3)
Iteration 25852:  71056.614545 393.000000 405009.400000 (0,3)
Iteration 25855:  71056.614545 393.000000 404347.300000 (0,1)
Iteration 25860:  71056.614545 393.000000 403885.100000 (1,2)
Iteration 25883:  70354.710909 395.000000 405363.300000 (0,2)
Iteration 25911:  70288.010909 395.000000 405233.400000 (0,3)
Iteration 25919:  70115.510909 395.000000 409303.800000 (0,0)
Iteration 25933:  70101.610909 395.000000 406168.200000 (0,3)
Iteration 25950:  68947.361818 395.000000 407713.600000 (0,3)
Iteration 26000:  68748.261818 395.000000 408369.800000 (0,3)
Iteration 26009:  68748.261818 395.000000 406879.500000 (0,3)
Iteration 26051:  68733.261818 393.000000 409186.700000 (0,0)
Iteration 26060:  68511.561818 393.000000 407470.400000 (0,2)
Iteration 26091:  67831.383636 393.000000 406526.800000 (0,3)
Iteration 26094:  67151.129091 393.000000 403191.500000 (0,3)
Iteration 26099:  66334.038182 393.000000 401499.900000 (0,3)
Iteration 26116:  66060.687273 392.000000 401348.000000 (1,3)
Iteration 26134:  66050.687273 392.000000 397732.600000 (0,3)
Iteration 26190:  66050.687273 392.000000 397564.600000 (0,1)
Iteration 26233:  65836.338182 394.000000 395866.400000 (0,2)
Iteration 26256:  64470.101818 394.000000 390178.300000 (0,3)
Iteration 26281:  64300.150909 396.000000 390613.700000 (0,3)
Iteration 26285:  60321.729091 396.000000 390137.000000 (3,3)
Iteration 26317:  58974.156364 396.000000 388319.900000 (0,2)
Iteration 26318:  57860.185455 398.000000 388507.100000 (0,0)
Iteration 26341:  57822.243636 398.000000 391383.000000 (0,3)
Iteration 26406:  57713.243636 398.000000 393707.200000 (0,3)
Iteration 26442:  57634.756364 396.000000 408251.900000 (0,3)
Iteration 26498:  57084.243636 396.000000 416452.100000 (0,3)
Iteration 26561:  57022.194545 396.000000 417907.600000 (0,3)
Iteration 26566:  56954.843636 396.000000 418443.600000 (1,0)
Iteration 26603:  56357.730909 396.000000 427263.600000 (1,3)
Iteration 26618:  56357.730909 396.000000 425722.400000 (1,2)
Iteration 26701:  56067.552727 399.000000 429930.100000 (1,0)
Iteration 26754:  55283.774545 396.000000 472618.800000 (3,3)
Iteration 26755:  55283.774545 396.000000 472618.800000 (1,3)
Iteration 26757:  55283.774545 396.000000 471548.700000 (1,1)
Iteration 26758:  55283.774545 396.000000 471548.700000 (1,2)
Iteration 26780:  55128.789091 396.000000 474849.300000 (0,0)
Iteration 26792:  53715.840000 397.000000 474461.600000 (1,2)
Iteration 26800:  53710.840000 395.000000 475563.700000 (1,1)
Iteration 26823:  53697.880000 393.000000 475771.000000 (0,1)
Iteration 26841:  53417.880000 393.000000 478285.700000 (1,3)
Iteration 26857:  53221.192727 393.000000 469495.900000 (0,3)
Iteration 26866:  53153.243636 395.000000 467496.000000 (0,3)
Iteration 26961:  52699.956364 395.000000 465352.900000 (1,2)
Iteration 26968:  52699.956364 395.000000 464112.200000 (0,3)
Iteration 26970:  52699.956364 395.000000 461228.600000 (1,0)
Iteration 26994:  52685.865455 395.000000 451904.300000 (0,3)
Iteration 27020:  52130.701818 397.000000 452872.900000 (0,3)
Iteration 27028:  52108.301818 397.000000 451616.700000 (0,3)
Iteration 27057:  52108.301818 397.000000 447768.400000 (0,2)
Iteration 27074:  51889.501818 397.000000 448776.600000 (1,2)
Iteration 27145:  51753.614545 397.000000 458431.300000 (1,3)
Iteration 27182:  50945.452727 397.000000 456183.200000 (0,3)
Iteration 27253:  50945.452727 397.000000 455852.800000 (1,3)
Iteration 27254:  50797.965455 397.000000 456793.700000 (0,0)
Iteration 27261:  50797.965455 397.000000 456463.300000 (1,3)
Iteration 27410:  50608.965455 397.000000 473207.200000 (1,0)
Iteration 27755:  50601.890909 397.000000 474687.700000 (0,0)
Iteration 27831:  50552.854545 399.000000 476792.700000 (1,3)
Iteration 27862:  50552.854545 399.000000 475683.500000 (1,3)
Iteration 27869:  45113.005455 397.000000 476853.000000 (0,3)
Iteration 27900:  44783.005455 397.000000 476540.400000 (1,3)
Iteration 27906:  44651.318182 397.000000 476519.000000 (1,3)
Iteration 27936:  44246.918182 399.000000 476462.900000 (1,3)
Iteration 27962:  42799.378182 400.000000 474168.400000 (0,3)
Iteration 27971:  42524.278182 398.000000 472733.800000 (2,3)
Iteration 28046:  42469.278182 399.000000 474372.800000 (1,3)
Iteration 28073:  42299.278182 399.000000 475226.900000 (1,0)
Iteration 28088:  42139.376364 398.000000 473952.900000 (0,2)
Iteration 28123:  41470.260000 401.000000 478653.200000 (1,3)
Iteration 28147:  41470.260000 399.000000 477844.600000 (0,3)
Iteration 28161:  40712.478182 400.000000 464499.900000 (0,0)
Iteration 28201:  40464.078182 402.000000 464277.200000 (0,3)
Iteration 28211:  40464.078182 402.000000 462401.600000 (0,3)
Iteration 28228:  40449.078182 402.000000 463044.200000 (1,3)
Iteration 28250:  38833.529091 404.000000 463026.000000 (0,3)
Iteration 28275:  38367.080000 406.000000 469354.900000 (1,3)
Iteration 28634:  38272.767273 406.000000 471330.100000 (0,0)
Iteration 28669:  38272.767273 406.000000 469354.200000 (0,3)
Iteration 28708:  38272.767273 406.000000 466914.000000 (0,2)
Iteration 28816:  38272.767273 406.000000 466601.900000 (0,1)
Iteration 28842:  37602.480000 410.000000 476937.500000 (1,3)
Iteration 28874:  37602.480000 408.000000 471033.400000 (0,3)
Iteration 28888:  37374.905455 406.000000 458605.500000 (0,1)
Iteration 28902:  37313.541818 406.000000 456565.100000 (0,3)
Iteration 28974:  37218.541818 406.000000 459665.400000 (1,0)
Iteration 29041:  36293.690909 408.000000 461100.000000 (0,3)
Iteration 29196:  36288.178182 409.000000 461618.900000 (1,2)
Iteration 29379:  36269.565455 405.000000 462492.400000 (1,3)
Iteration 29385:  36217.878182 407.000000 462199.600000 (1,2)
Iteration 29418:  36197.878182 407.000000 466098.800000 (0,0)
total iterations: 443564, time elapsed: 3600.00s
Destroy operator: destroy_random_leafs, Weight: 0.6778, Score: 84465.00, Count: 124630
Destroy operator: destroy_path, Weight: 0.5841, Score: 63922.50, Count: 109448
Destroy operator: destroy_worst_affinity, Weight: 0.5422, Score: 54795.00, Count: 101057
Destroy operator: destroy_district_group, Weight: 0.5836, Score: 63280.00, Count: 108428
Repair operator: repair_greedy_feasible, Weight: 0.5846, Score: 63623.50, Count: 108834
Repair operator: repair_affinity_compact, Weight: 0.5607, Score: 58312.50, Count: 103998
Repair operator: repair_nearest_center, Weight: 0.5639, Score: 58957.50, Count: 104548
Repair operator: repair_2regret, Weight: 0.6782, Score: 85569.00, Count: 126183
