Initial solution objectives: Balance violation = 242257.8467, Affinity loss = 439, Compactness = 323709.3000
Iteration 1:  236612.658788 440.000000 323550.800000 (1,3)
Iteration 7:  231294.446667 436.000000 322747.600000 (0,3)
Iteration 10:  227738.871515 423.000000 324175.300000 (3,1)
Iteration 11:  215652.086667 427.000000 317096.000000 (3,3)
Iteration 12:  215652.086667 427.000000 314223.900000 (0,2)
Iteration 20:  209177.580606 418.000000 328286.100000 (3,1)
Iteration 22:  190999.226061 416.000000 336635.200000 (3,3)
Iteration 32:  177335.992727 418.000000 332500.600000 (3,3)
Iteration 60:  174063.023030 385.000000 368613.200000 (3,3)
Iteration 62:  171169.473939 383.000000 399111.400000 (3,1)
Iteration 63:  159259.904242 381.000000 383677.900000 (3,3)
Iteration 64:  159224.704242 379.000000 385415.900000 (1,3)
Iteration 65:  159224.704242 391.000000 397177.500000 (3,0)
Iteration 66:  159224.704242 391.000000 394121.800000 (2,0)
Iteration 5621:  158173.392727 419.000000 371124.900000 (3,0)
Iteration 5622:  157210.392727 419.000000 372943.800000 (0,0)
Iteration 5628:  156279.397576 420.000000 377452.900000 (1,0)
Iteration 7791:  152186.722424 406.000000 392134.100000 (3,2)
Iteration 7801:  151701.049697 408.000000 392909.000000 (3,0)
Iteration 7802:  148260.615758 410.000000 393893.700000 (3,3)
Iteration 7803:  148260.615758 410.000000 392868.400000 (0,0)
Iteration 7812:  148133.552121 410.000000 393829.400000 (3,2)
Iteration 7813:  147782.324848 403.000000 398860.600000 (3,3)
Iteration 7814:  147339.573939 403.000000 390963.900000 (3,3)
Iteration 7830:  146599.437576 404.000000 388593.900000 (0,1)
Iteration 7832:  146599.437576 404.000000 387306.700000 (0,2)
Iteration 7844:  145823.192121 405.000000 403318.200000 (3,3)
Iteration 7845:  145632.292121 405.000000 403961.200000 (0,3)
Iteration 7850:  145623.132121 405.000000 397988.800000 (0,1)
Iteration 7860:  135961.165455 402.000000 437173.800000 (3,0)
Iteration 10962:  133714.515152 390.000000 387001.300000 (0,0)
Iteration 10964:  133134.378788 390.000000 387829.700000 (0,3)
Iteration 10965:  133016.333333 389.000000 389473.800000 (2,3)
Iteration 10967:  129820.533333 387.000000 387014.400000 (1,1)
Iteration 10970:  129516.073333 387.000000 388143.200000 (0,0)
Iteration 10971:  122955.073333 386.000000 382728.200000 (3,3)
Iteration 10976:  121643.118788 384.000000 384247.000000 (0,0)
Iteration 10984:  113161.243030 386.000000 383508.500000 (3,3)
Iteration 10986:  108312.643030 384.000000 388770.500000 (0,3)
Iteration 10989:  100783.663636 385.000000 397986.400000 (3,3)
Iteration 10994:  100741.063636 385.000000 399255.100000 (0,3)
Iteration 11013:  100563.378182 386.000000 399665.900000 (0,3)
Iteration 11017:  100040.253939 386.000000 408420.800000 (0,0)
Iteration 11020:  98992.275758 391.000000 426274.600000 (3,3)
Iteration 11035:  93555.445455 391.000000 470734.400000 (3,3)
Iteration 11036:  93555.445455 389.000000 470569.100000 (1,1)
Iteration 11041:  93555.445455 389.000000 466275.800000 (0,3)
Iteration 11048:  93387.887273 391.000000 460810.500000 (2,3)
Iteration 11054:  92242.694545 393.000000 461177.700000 (0,0)
Iteration 11057:  92227.694545 393.000000 461748.200000 (1,3)
Iteration 11063:  89130.352121 393.000000 473045.500000 (0,0)
Iteration 11080:  88725.435758 394.000000 475169.100000 (0,1)
Iteration 11083:  88712.390303 394.000000 475564.500000 (0,3)
Iteration 11086:  85886.986061 394.000000 482625.900000 (1,0)
Iteration 11087:  84066.391515 394.000000 481444.400000 (1,2)
Iteration 11089:  83945.491515 393.000000 479592.100000 (0,1)
Iteration 11197:  83224.200606 389.000000 448014.700000 (0,3)
Iteration 25667:  82717.024242 423.000000 404793.300000 (0,0)
Iteration 25668:  82717.024242 423.000000 404725.100000 (3,3)
Iteration 25681:  82717.024242 423.000000 404654.700000 (1,3)
Iteration 25692:  82667.024242 423.000000 404173.500000 (0,0)
Iteration 25694:  82667.024242 423.000000 404105.300000 (3,1)
Iteration 25701:  82657.024242 423.000000 406855.500000 (1,3)
Iteration 25702:  82657.024242 422.000000 405928.000000 (0,3)
Iteration 25719:  82547.024242 423.000000 404927.700000 (1,2)
Iteration 25724:  82547.024242 423.000000 403096.600000 (1,0)
Iteration 25729:  82317.824242 421.000000 399568.900000 (0,1)
Iteration 25762:  81286.302424 421.000000 396940.800000 (0,2)
Iteration 25767:  81286.302424 421.000000 396872.600000 (3,3)
Iteration 25782:  80615.424242 421.000000 396264.100000 (1,3)
Iteration 25783:  80615.424242 421.000000 396195.900000 (3,1)
Iteration 25788:  78446.760000 421.000000 406186.600000 (0,0)
Iteration 25800:  77789.369697 421.000000 405689.000000 (0,3)
Iteration 25802:  77549.969697 421.000000 407224.500000 (1,0)
Iteration 25804:  77549.969697 421.000000 406977.800000 (3,2)
Iteration 25828:  76610.769697 425.000000 410703.800000 (1,3)
Iteration 25832:  76610.769697 425.000000 410633.400000 (3,1)
Iteration 25845:  75989.247879 424.000000 412603.500000 (0,3)
Iteration 25860:  74998.243636 422.000000 411979.300000 (0,0)
Iteration 25861:  74993.243636 422.000000 412553.700000 (1,3)
Iteration 25862:  74993.243636 422.000000 412485.500000 (3,2)
Iteration 25869:  74477.179394 422.000000 413626.200000 (0,0)
Iteration 25871:  73973.255758 422.000000 415215.500000 (2,3)
Iteration 25877:  73691.101212 422.000000 418549.100000 (0,3)
Iteration 25902:  72956.360606 422.000000 419914.700000 (0,0)
Iteration 25921:  72575.396364 422.000000 423966.000000 (0,3)
Iteration 25938:  72575.396364 422.000000 421765.800000 (0,2)
Iteration 25949:  72126.605455 422.000000 421883.200000 (1,3)
Iteration 25953:  72088.805455 422.000000 424880.000000 (1,3)
Iteration 25990:  71591.965455 422.000000 422029.700000 (0,3)
Iteration 26072:  71580.165455 422.000000 425192.000000 (0,3)
Iteration 26075:  71576.341818 422.000000 426557.500000 (0,0)
Iteration 26083:  71576.341818 422.000000 426487.100000 (1,3)
Iteration 26099:  71576.341818 422.000000 425564.600000 (3,1)
Iteration 26102:  71312.265455 422.000000 423664.700000 (0,1)
Iteration 26103:  71312.265455 422.000000 423596.500000 (3,3)
Iteration 26124:  71270.565455 422.000000 423730.400000 (0,3)
Iteration 26137:  71250.565455 422.000000 420733.600000 (0,2)
Iteration 26146:  71158.141818 422.000000 420060.500000 (1,0)
Iteration 26179:  70751.906061 421.000000 418397.800000 (0,3)
Iteration 26186:  70585.329697 423.000000 422800.100000 (0,3)
Iteration 26196:  70585.329697 423.000000 422283.600000 (0,3)
Iteration 26211:  70585.329697 423.000000 420452.500000 (0,3)
Iteration 26220:  69699.117576 423.000000 419740.800000 (0,3)
Iteration 26222:  69239.441212 423.000000 419501.700000 (2,1)
Iteration 26224:  68965.241212 423.000000 419489.100000 (0,3)
Iteration 26225:  68849.613333 423.000000 417417.000000 (1,3)
Iteration 26286:  68811.777576 423.000000 416866.400000 (0,3)
Iteration 26297:  68811.777576 423.000000 416804.000000 (0,3)
Iteration 26412:  68000.841818 422.000000 413834.900000 (0,3)
Iteration 26425:  68000.841818 422.000000 413184.500000 (1,3)
Iteration 26443:  68000.841818 422.000000 412162.000000 (0,1)
Iteration 26465:  67867.841818 420.000000 430190.100000 (0,3)
Iteration 26483:  67867.841818 420.000000 428863.100000 (0,3)
Iteration 26514:  67867.841818 420.000000 427766.300000 (0,3)
Iteration 26516:  67837.641818 419.000000 428835.700000 (0,1)
Iteration 26547:  67837.641818 419.000000 428476.100000 (0,3)
Iteration 26551:  67837.641818 418.000000 400407.300000 (0,0)
Iteration 26661:  67837.641818 414.000000 397126.000000 (0,1)
Iteration 26678:  67837.641818 414.000000 397034.100000 (0,2)
Iteration 26694:  67642.341818 415.000000 393367.100000 (0,3)
Iteration 26726:  67642.341818 415.000000 391664.800000 (0,3)
Iteration 26729:  67642.341818 415.000000 390171.500000 (0,2)
Iteration 26736:  67625.177576 415.000000 390734.600000 (1,3)
Iteration 27043:  66942.741818 417.000000 388785.300000 (0,2)
Iteration 27053:  66942.741818 417.000000 388687.600000 (0,3)
Iteration 27056:  66942.741818 417.000000 388495.700000 (0,0)
Iteration 27072:  66942.741818 417.000000 388403.600000 (0,2)
Iteration 27103:  66942.177576 417.000000 388873.100000 (0,0)
Iteration 27443:  66800.478182 413.000000 389516.700000 (1,3)
Iteration 27589:  66598.542424 415.000000 385917.600000 (0,3)
Iteration 27597:  66545.242424 414.000000 389680.200000 (0,3)
Iteration 27599:  66395.718788 412.000000 389753.800000 (0,1)
Iteration 27604:  66360.973333 412.000000 393732.200000 (0,0)
Iteration 27621:  65399.182424 413.000000 399468.900000 (0,0)
Iteration 27622:  65201.082424 413.000000 398717.000000 (1,2)
Iteration 27635:  64805.051515 413.000000 397509.100000 (0,1)
Iteration 27649:  63817.206061 413.000000 398617.200000 (1,0)
Iteration 27669:  63336.606061 413.000000 398606.400000 (0,1)
Iteration 27686:  62862.742424 413.000000 397266.000000 (1,2)
Iteration 27846:  62862.742424 413.000000 396996.600000 (1,3)
Iteration 27909:  62862.742424 411.000000 398452.300000 (0,3)
Iteration 27920:  62862.742424 411.000000 398381.900000 (0,3)
Iteration 27956:  62532.742424 411.000000 399255.500000 (0,3)
Iteration 28073:  62532.742424 411.000000 398728.700000 (1,3)
Iteration 28101:  61201.411515 411.000000 400624.300000 (0,3)
Iteration 28297:  61201.411515 411.000000 398018.000000 (0,3)
Iteration 28406:  61201.411515 409.000000 398636.800000 (0,0)
Iteration 97023:  58804.887879 406.000000 441056.100000 (3,3)
Iteration 97036:  58804.887879 406.000000 436126.900000 (0,3)
Iteration 97037:  58524.733333 404.000000 433487.400000 (0,1)
Iteration 97045:  57672.814545 404.000000 431957.700000 (0,2)
Iteration 97047:  57672.814545 403.000000 432428.900000 (1,3)
Iteration 97067:  57217.527273 403.000000 432235.500000 (1,3)
Iteration 97076:  57214.481818 401.000000 431567.300000 (0,1)
Iteration 97079:  57064.017576 400.000000 433095.000000 (1,1)
Iteration 97113:  56883.181818 398.000000 427948.600000 (0,3)
Iteration 97115:  56563.400000 398.000000 433412.200000 (0,0)
Iteration 97118:  55641.469091 398.000000 430808.900000 (0,2)
Iteration 97124:  55534.136364 398.000000 428246.800000 (0,3)
Iteration 97129:  55500.681818 396.000000 426171.500000 (0,3)
Iteration 97149:  55021.810909 398.000000 424792.700000 (0,2)
Iteration 97152:  54806.075152 398.000000 422871.600000 (0,1)
Iteration 97181:  53736.844242 396.000000 427690.400000 (0,3)
Iteration 97193:  53736.844242 394.000000 427630.600000 (0,2)
Iteration 97202:  53655.898788 394.000000 433310.200000 (0,0)
Iteration 97216:  53655.898788 394.000000 431934.800000 (1,2)
Iteration 97229:  53280.598788 394.000000 432281.400000 (0,3)
Iteration 97236:  52976.329697 392.000000 432391.700000 (1,3)
Iteration 97279:  52866.329697 392.000000 437724.000000 (1,0)
Iteration 97313:  52866.329697 390.000000 437748.600000 (1,3)
Iteration 97316:  51675.539394 390.000000 436885.400000 (1,3)
Iteration 97339:  51548.063030 390.000000 432542.400000 (0,3)
Iteration 97352:  51408.617576 390.000000 437875.200000 (0,0)
Iteration 97356:  51198.617576 390.000000 438300.300000 (0,3)
Iteration 97357:  50769.553333 390.000000 439211.900000 (0,3)
Iteration 97376:  50744.553333 391.000000 440550.900000 (0,3)
Iteration 97379:  50729.689697 391.000000 440001.400000 (0,2)
Iteration 97384:  50722.089697 391.000000 439010.100000 (0,3)
Iteration 97414:  50722.089697 389.000000 436306.300000 (0,1)
Iteration 97415:  50663.566061 391.000000 435067.300000 (0,3)
Iteration 97422:  50517.102424 391.000000 434044.700000 (0,3)
Iteration 97427:  49739.102424 389.000000 426966.900000 (0,1)
Iteration 97434:  48539.294545 387.000000 426871.300000 (0,3)
Iteration 97457:  48482.318182 388.000000 425343.600000 (0,3)
Iteration 97471:  48423.182424 390.000000 421593.000000 (0,2)
Iteration 97501:  48423.182424 389.000000 422033.500000 (0,1)
Iteration 97580:  48306.346061 387.000000 423347.000000 (1,0)
Iteration 97607:  47738.010303 385.000000 424100.500000 (0,1)
Iteration 97668:  47663.546061 383.000000 425420.400000 (1,0)
Iteration 97686:  47563.046667 381.000000 424347.000000 (0,3)
Iteration 97695:  47438.846667 379.000000 426453.000000 (0,1)
Iteration 97705:  47107.546667 378.000000 427980.700000 (1,1)
Iteration 97732:  46926.282424 378.000000 429961.100000 (0,3)
Iteration 97756:  46926.282424 376.000000 430041.600000 (0,3)
Iteration 97785:  46926.282424 374.000000 430695.000000 (1,3)
Iteration 97932:  46911.623030 369.000000 436421.500000 (0,1)
Iteration 97955:  46785.823030 370.000000 437760.500000 (0,3)
Iteration 97967:  46692.823030 370.000000 440117.500000 (0,3)
Iteration 97970:  46181.123030 370.000000 442408.400000 (1,2)
Iteration 97993:  42742.123030 370.000000 442379.000000 (0,0)
Iteration 98000:  40342.701212 368.000000 442242.500000 (1,3)
Iteration 98016:  40296.065455 368.000000 434852.300000 (0,3)
Iteration 98074:  40017.174545 368.000000 420887.000000 (0,3)
Iteration 98125:  39904.674545 368.000000 421563.000000 (1,3)
Iteration 98144:  39575.433939 368.000000 416668.700000 (0,1)
Iteration 98180:  39364.279394 368.000000 423661.800000 (0,0)
Iteration 98202:  39364.279394 368.000000 422135.400000 (0,3)
Iteration 98285:  38978.903030 370.000000 420896.400000 (0,0)
Iteration 98374:  38215.890303 372.000000 411879.100000 (0,3)
Iteration 98406:  38215.890303 372.000000 409851.300000 (0,1)
Iteration 98805:  38215.490909 374.000000 408320.900000 (1,3)
Iteration 99208:  37552.826667 375.000000 409965.000000 (0,3)
Iteration 99325:  37486.326667 374.000000 411208.100000 (1,1)
total iterations: 447248, time elapsed: 3600.00s
Destroy operator: destroy_random_leafs, Weight: 0.6889, Score: 87899.00, Count: 127608
Destroy operator: destroy_path, Weight: 0.5866, Score: 64031.00, Count: 109158
Destroy operator: destroy_worst_affinity, Weight: 0.5419, Score: 54508.50, Count: 100597
Destroy operator: destroy_district_group, Weight: 0.5892, Score: 64734.00, Count: 109884
Repair operator: repair_greedy_feasible, Weight: 0.5895, Score: 64465.50, Count: 109372
Repair operator: repair_affinity_compact, Weight: 0.5645, Score: 59184.50, Count: 104857
Repair operator: repair_nearest_center, Weight: 0.5658, Score: 59421.50, Count: 105027
Repair operator: repair_2regret, Weight: 0.6884, Score: 88101.00, Count: 127991
