Initial solution objectives: Balance violation = 226473.1573, Affinity loss = 438, Compactness = 350628.1000
Iteration 1:  226473.157273 438.000000 348029.000000 (0,1)
Iteration 6:  221372.326061 434.000000 342757.000000 (2,0)
Iteration 8:  218923.563333 434.000000 335715.800000 (2,3)
Iteration 514:  197581.918485 414.000000 319168.400000 (3,3)
Iteration 515:  192258.621515 408.000000 326916.700000 (3,3)
Iteration 516:  192258.621515 408.000000 326538.800000 (0,1)
Iteration 517:  192258.621515 407.000000 316157.300000 (3,3)
Iteration 532:  178330.296061 406.000000 321704.700000 (3,2)
Iteration 3063:  172259.558788 410.000000 370906.200000 (3,0)
Iteration 3577:  170873.398182 439.000000 348262.600000 (3,0)
Iteration 8105:  166336.496061 431.000000 384060.000000 (3,2)
Iteration 8106:  159968.261818 431.000000 381426.300000 (3,2)
Iteration 8107:  159034.461818 431.000000 377218.000000 (0,3)
Iteration 8108:  157935.661818 431.000000 373132.100000 (2,2)
Iteration 8109:  150352.862727 429.000000 371953.400000 (0,2)
Iteration 8116:  150292.927576 428.000000 368896.300000 (2,0)
Iteration 8117:  139234.077576 428.000000 382806.800000 (3,0)
Iteration 8118:  139234.077576 428.000000 379133.900000 (0,1)
Iteration 8120:  136750.230606 428.000000 380310.000000 (2,0)
Iteration 8121:  130889.614848 426.000000 372462.600000 (0,3)
Iteration 8127:  130093.814848 425.000000 372597.800000 (0,3)
Iteration 8135:  129588.014848 425.000000 371246.600000 (0,2)
Iteration 8137:  129588.014848 425.000000 369949.600000 (2,3)
Iteration 8140:  129588.014848 423.000000 371335.800000 (1,0)
Iteration 8142:  129364.264848 423.000000 373558.400000 (0,3)
Iteration 8144:  127801.864848 421.000000 364184.200000 (0,1)
Iteration 8145:  127574.063939 419.000000 366556.000000 (0,1)
Iteration 8169:  125493.523636 411.000000 334685.300000 (2,3)
Iteration 8170:  119000.667576 411.000000 357435.500000 (3,1)
Iteration 8203:  113829.204242 408.000000 358115.400000 (3,3)
Iteration 8219:  105430.807273 417.000000 393934.000000 (3,3)
Iteration 8221:  105333.607273 416.000000 394232.500000 (1,3)
Iteration 8227:  105333.607273 416.000000 392702.800000 (3,0)
Iteration 8228:  105277.056364 416.000000 392647.300000 (3,3)
Iteration 8231:  103400.809394 411.000000 396245.400000 (3,3)
Iteration 8245:  102712.973939 414.000000 386109.400000 (0,2)
Iteration 8246:  102647.673939 414.000000 386059.400000 (0,3)
Iteration 8248:  102647.673939 412.000000 385381.400000 (3,3)
Iteration 8251:  102447.590606 410.000000 389840.100000 (1,0)
Iteration 8256:  102082.657273 412.000000 388555.000000 (0,3)
Iteration 8258:  102052.657273 412.000000 391760.600000 (0,0)
Iteration 8259:  101755.457273 412.000000 393860.000000 (0,3)
Iteration 8260:  101755.457273 413.000000 400589.700000 (1,0)
Iteration 8283:  101144.707273 409.000000 387893.800000 (3,3)
Iteration 8284:  98865.811212 407.000000 405152.800000 (0,0)
Iteration 8285:  98773.762121 407.000000 405742.700000 (0,3)
Iteration 8287:  97858.612121 409.000000 411923.700000 (0,3)
Iteration 8437:  94212.560000 388.000000 368345.000000 (2,3)
Iteration 8438:  94182.560000 388.000000 366631.200000 (0,1)
Iteration 8447:  87600.948485 392.000000 375190.700000 (3,3)
Iteration 8451:  81591.545455 390.000000 381699.000000 (3,3)
Iteration 8470:  81589.009091 391.000000 371309.000000 (0,3)
Iteration 8472:  80528.580606 393.000000 367768.400000 (3,3)
Iteration 8473:  78021.634545 392.000000 366640.600000 (1,0)
Iteration 8480:  76772.247273 390.000000 364993.600000 (1,1)
Iteration 8485:  75354.846364 390.000000 370874.200000 (3,3)
Iteration 8486:  75354.846364 390.000000 368979.300000 (0,1)
Iteration 8488:  73359.496364 392.000000 366184.200000 (0,2)
Iteration 8571:  72892.933636 391.000000 390890.300000 (3,3)
Iteration 8623:  71758.597273 388.000000 378483.000000 (0,0)
Iteration 8726:  71169.362121 392.000000 392457.500000 (0,0)
Iteration 8728:  69181.362121 392.000000 390993.800000 (2,3)
Iteration 8729:  65665.960909 388.000000 381087.300000 (3,3)
Iteration 8733:  65495.960909 388.000000 384001.300000 (3,0)
Iteration 8739:  64301.494242 388.000000 377546.800000 (0,3)
Iteration 8742:  64238.484545 393.000000 399413.800000 (3,3)
Iteration 8748:  58604.648182 398.000000 473426.700000 (3,3)
Iteration 8750:  57763.797273 398.000000 470973.200000 (0,3)
Iteration 8966:  57270.768788 392.000000 474793.400000 (0,0)
Iteration 8969:  57066.556061 392.000000 476141.900000 (0,3)
Iteration 8972:  57045.056061 394.000000 477038.100000 (1,3)
Iteration 8977:  55506.880606 394.000000 460382.300000 (0,2)
Iteration 8981:  52396.464848 394.000000 475560.000000 (0,3)
Iteration 8986:  48862.551212 394.000000 486638.700000 (0,3)
Iteration 8988:  48455.389394 394.000000 487190.700000 (0,3)
Iteration 13421:  48143.740606 402.000000 409382.400000 (1,3)
Iteration 13435:  48143.740606 402.000000 400075.100000 (0,3)
Iteration 13458:  44724.741515 400.000000 401430.800000 (0,3)
Iteration 13471:  44722.341515 400.000000 397020.500000 (2,3)
Iteration 13473:  44621.941515 400.000000 400693.900000 (0,3)
Iteration 13493:  44413.291515 398.000000 402424.200000 (0,3)
Iteration 13509:  44413.291515 398.000000 402254.900000 (1,1)
Iteration 13516:  43635.692424 398.000000 409789.100000 (0,3)
Iteration 13519:  43635.692424 398.000000 400189.800000 (0,3)
Iteration 13527:  43635.692424 398.000000 381855.400000 (1,1)
Iteration 13539:  43635.692424 396.000000 391011.200000 (0,0)
Iteration 13541:  43635.692424 396.000000 389517.900000 (0,2)
Iteration 13549:  43439.454242 396.000000 385183.400000 (0,2)
Iteration 13556:  41876.370909 394.000000 384980.000000 (0,3)
Iteration 13557:  41773.721818 394.000000 388155.800000 (0,3)
Iteration 14056:  39916.183636 395.000000 386929.700000 (0,3)
Iteration 14067:  39659.434545 395.000000 385393.000000 (0,3)
Iteration 14071:  39651.184545 395.000000 385223.700000 (1,3)
Iteration 14079:  38662.234545 395.000000 386541.400000 (1,3)
Iteration 14089:  38662.234545 395.000000 384576.100000 (0,3)
Iteration 14108:  37834.381515 393.000000 383701.900000 (0,1)
Iteration 14110:  37614.244242 393.000000 397074.300000 (0,0)
Iteration 14122:  36950.081515 394.000000 381891.600000 (3,3)
Iteration 14129:  36850.081515 393.000000 384394.900000 (1,1)
Iteration 14143:  36808.581515 393.000000 384669.400000 (0,3)
Iteration 14150:  36582.098182 392.000000 384361.100000 (0,3)
Iteration 14158:  36090.481515 392.000000 384003.100000 (2,3)
Iteration 14164:  35763.330606 390.000000 385145.400000 (0,0)
Iteration 14173:  35609.076667 390.000000 385417.800000 (1,2)
Iteration 14244:  35506.013939 392.000000 375542.900000 (1,2)
Iteration 14253:  35328.401212 392.000000 375698.800000 (0,3)
Iteration 14255:  34869.197273 392.000000 377716.100000 (0,3)
Iteration 14273:  34715.597273 392.000000 374540.300000 (0,3)
Iteration 14290:  33055.667879 393.000000 380427.200000 (0,0)
Iteration 14291:  31640.618788 394.000000 368247.900000 (0,3)
Iteration 14307:  31574.635455 396.000000 370726.000000 (0,2)
Iteration 14311:  31534.635455 396.000000 368092.500000 (0,1)
Iteration 14324:  31424.085455 396.000000 372390.600000 (1,3)
Iteration 14346:  30850.353939 395.000000 370232.500000 (0,2)
Iteration 14355:  30691.303030 392.000000 366028.000000 (1,0)
Iteration 14368:  30675.003030 392.000000 370425.600000 (0,3)
Iteration 14378:  30605.003030 391.000000 383649.200000 (1,1)
Iteration 14391:  30592.603030 390.000000 384382.600000 (0,3)
Iteration 14395:  30311.953939 390.000000 384298.500000 (0,0)
Iteration 14407:  30030.253939 390.000000 384191.700000 (1,2)
Iteration 14415:  30005.253939 390.000000 375364.100000 (0,3)
Iteration 14427:  30005.253939 390.000000 375040.400000 (0,2)
Iteration 14503:  29656.452121 389.000000 375551.100000 (0,1)
Iteration 14544:  29603.652121 387.000000 384248.500000 (0,1)
Iteration 14551:  29557.003030 392.000000 385097.800000 (0,3)
total iterations: 545213, time elapsed: 3600.00s
Destroy operator: destroy_random_leafs, Weight: 0.6935, Score: 108284.50, Count: 156156
Destroy operator: destroy_path, Weight: 0.5900, Score: 78391.00, Count: 132880
Destroy operator: destroy_worst_affinity, Weight: 0.5482, Score: 67145.50, Count: 122493
Destroy operator: destroy_district_group, Weight: 0.5946, Score: 79488.00, Count: 133683
Repair operator: repair_greedy_feasible, Weight: 0.5925, Score: 78548.50, Count: 132579
Repair operator: repair_affinity_compact, Weight: 0.5675, Score: 72262.00, Count: 127341
Repair operator: repair_nearest_center, Weight: 0.5711, Score: 73554.50, Count: 128798
Repair operator: repair_2regret, Weight: 0.6962, Score: 108944.00, Count: 156494
