Initial solution objectives: Balance violation = 195712.5091, Affinity loss = 432, Compactness = 347296.7000
Iteration 0:  178387.001818 428.000000 349567.500000 (3,3)
Iteration 1:  177862.181818 430.000000 323697.200000 (3,2)
Iteration 502:  171451.765455 419.000000 327392.400000 (3,1)
Iteration 503:  171096.245455 414.000000 332116.400000 (2,1)
Iteration 505:  153669.543636 416.000000 350387.900000 (3,0)
Iteration 1537:  152994.618182 444.000000 330772.800000 (3,0)
Iteration 3552:  152651.996364 443.000000 311153.200000 (3,0)
Iteration 3553:  151822.196364 443.000000 311615.800000 (1,0)
Iteration 6112:  150511.716364 407.000000 334951.100000 (3,1)
Iteration 6114:  150511.716364 407.000000 333310.800000 (2,3)
Iteration 6115:  150469.116364 407.000000 338603.500000 (0,0)
Iteration 6116:  148391.892727 402.000000 341741.000000 (0,1)
Iteration 6124:  144181.507273 409.000000 350962.100000 (0,3)
Iteration 6125:  144151.052727 408.000000 351104.900000 (1,3)
Iteration 6127:  143442.652727 410.000000 350334.400000 (1,3)
Iteration 6128:  142924.252727 406.000000 349200.600000 (0,3)
Iteration 10163:  137344.978182 434.000000 344222.900000 (3,3)
Iteration 10169:  135699.698182 432.000000 342460.000000 (0,3)
Iteration 10174:  135424.441818 432.000000 339790.300000 (1,1)
Iteration 10176:  130906.107273 430.000000 343397.200000 (0,3)
Iteration 10177:  125578.507273 430.000000 345752.700000 (2,3)
Iteration 10180:  124855.307273 430.000000 345408.700000 (0,2)
Iteration 10182:  119711.107273 430.000000 347599.800000 (0,3)
Iteration 10185:  118998.750909 430.000000 346234.400000 (1,2)
Iteration 10187:  118963.550909 430.000000 346285.400000 (0,3)
Iteration 10194:  118589.005455 430.000000 345909.300000 (0,0)
Iteration 10197:  117842.785455 431.000000 352277.100000 (3,3)
Iteration 10198:  117070.185455 429.000000 351259.000000 (0,3)
Iteration 10202:  115112.985455 429.000000 353417.100000 (2,3)
Iteration 10209:  112936.407273 429.000000 357704.300000 (2,0)
Iteration 10219:  112848.407273 431.000000 357137.100000 (0,0)
Iteration 10221:  111220.241818 433.000000 339856.500000 (3,3)
Iteration 10224:  110117.841818 433.000000 343925.900000 (0,0)
Iteration 10225:  109460.276364 432.000000 335507.500000 (3,3)
Iteration 10226:  109280.276364 433.000000 340082.600000 (0,3)
Iteration 10233:  109174.654545 429.000000 335491.000000 (0,2)
Iteration 10236:  108576.254545 429.000000 337889.300000 (3,0)
Iteration 11466:  103658.620000 439.000000 423325.500000 (3,3)
Iteration 11468:  100983.450909 437.000000 422924.400000 (2,3)
Iteration 11493:  100862.830909 437.000000 415327.100000 (0,3)
Iteration 11496:  100716.110909 436.000000 419370.600000 (1,0)
Iteration 11502:  100191.001818 437.000000 415081.700000 (3,3)
Iteration 11509:  99926.001818 437.000000 414519.900000 (1,1)
Iteration 11513:  99876.456364 437.000000 411834.500000 (0,2)
Iteration 11517:  96086.312727 438.000000 416454.100000 (0,0)
Iteration 11525:  95942.867273 438.000000 429038.800000 (0,0)
Iteration 15915:  93600.685455 398.000000 408922.000000 (3,3)
Iteration 15918:  93458.030909 396.000000 408564.100000 (0,1)
Iteration 15942:  90071.341818 396.000000 406663.300000 (1,3)
Iteration 15959:  88686.876364 396.000000 406701.500000 (0,2)
Iteration 15963:  88550.256364 396.000000 407127.200000 (0,0)
Iteration 15981:  88550.256364 396.000000 405846.600000 (1,1)
Iteration 15992:  87813.576364 396.000000 411187.700000 (0,3)
Iteration 16000:  87813.576364 396.000000 408145.600000 (2,3)
Iteration 16007:  86665.252727 398.000000 419905.900000 (3,3)
Iteration 16009:  86554.332727 398.000000 419444.600000 (0,3)
Iteration 16011:  86554.332727 398.000000 418677.700000 (3,1)
Iteration 16014:  84783.067273 398.000000 423409.200000 (3,0)
Iteration 16016:  84783.067273 398.000000 422223.800000 (2,3)
Iteration 16025:  84783.067273 398.000000 419005.900000 (3,3)
Iteration 16079:  83919.112727 399.000000 420189.900000 (0,1)
Iteration 16104:  81487.312727 399.000000 422878.600000 (0,3)
Iteration 16109:  81487.312727 399.000000 421693.200000 (2,3)
Iteration 16112:  81487.312727 399.000000 421095.200000 (3,3)
Iteration 16124:  81487.312727 398.000000 425655.500000 (2,3)
Iteration 16126:  81422.012727 398.000000 425408.500000 (0,3)
Iteration 16127:  81422.012727 396.000000 425674.300000 (1,3)
Iteration 16131:  79929.212727 394.000000 436793.200000 (3,0)
Iteration 16854:  78445.518182 413.000000 411787.900000 (0,0)
Iteration 16858:  77524.218182 412.000000 405898.000000 (0,2)
Iteration 16866:  76834.620000 408.000000 403348.900000 (0,3)
Iteration 16881:  76762.500000 408.000000 406193.400000 (0,0)
Iteration 16884:  76702.500000 408.000000 411297.200000 (0,3)
Iteration 16897:  76463.300000 409.000000 409597.200000 (1,3)
Iteration 16898:  76408.300000 411.000000 411782.700000 (1,2)
Iteration 16906:  75401.300000 411.000000 412595.500000 (0,3)
Iteration 16908:  75062.900000 411.000000 411646.200000 (0,3)
Iteration 16910:  74807.500000 411.000000 411231.000000 (0,2)
Iteration 16917:  74777.300000 411.000000 418016.400000 (0,0)
Iteration 16935:  73659.034545 411.000000 425569.300000 (0,3)
Iteration 16937:  73483.534545 411.000000 417453.600000 (1,0)
Iteration 16941:  65616.843636 413.000000 438788.600000 (3,0)
Iteration 18844:  65436.996364 405.000000 371628.900000 (1,3)
Iteration 18846:  65153.376364 407.000000 373661.800000 (0,3)
Iteration 18857:  64914.376364 409.000000 383054.800000 (0,0)
Iteration 18874:  64427.121818 410.000000 384604.500000 (1,3)
Iteration 18878:  64286.121818 410.000000 391467.900000 (1,3)
Iteration 18888:  64070.841818 410.000000 388439.200000 (0,3)
Iteration 18889:  63036.761818 410.000000 387909.800000 (0,3)
Iteration 18897:  62873.161818 411.000000 390420.500000 (0,3)
Iteration 18900:  61988.516364 411.000000 393680.700000 (2,3)
Iteration 18904:  60791.892727 411.000000 397872.900000 (0,3)
Iteration 18920:  60577.692727 413.000000 399133.100000 (0,0)
Iteration 18935:  58672.658182 413.000000 396782.600000 (0,2)
Iteration 18937:  58405.858182 413.000000 395015.900000 (0,1)
Iteration 18939:  58331.538182 415.000000 395596.500000 (0,3)
Iteration 18946:  56910.069091 413.000000 395495.700000 (0,3)
Iteration 18950:  56802.569091 414.000000 396944.100000 (0,3)
Iteration 18963:  56747.569091 412.000000 399425.400000 (1,3)
Iteration 18964:  53221.605455 412.000000 398121.300000 (1,2)
Iteration 18979:  52835.065455 416.000000 407249.700000 (0,0)
Iteration 18993:  52769.965455 416.000000 409733.200000 (0,3)
Iteration 18996:  52769.965455 415.000000 406725.600000 (0,1)
Iteration 18997:  52769.965455 415.000000 406459.700000 (0,3)
Iteration 19017:  52744.965455 415.000000 404180.000000 (0,3)
Iteration 19025:  52683.665455 415.000000 399113.100000 (0,1)
Iteration 19044:  52668.665455 415.000000 401619.000000 (0,3)
Iteration 19060:  52668.665455 413.000000 401038.400000 (1,0)
Iteration 19063:  48899.785455 413.000000 408104.700000 (1,0)
Iteration 19080:  48899.785455 413.000000 407150.600000 (0,2)
Iteration 19096:  48607.585455 413.000000 406851.400000 (0,3)
Iteration 19104:  48153.485455 413.000000 407498.900000 (0,3)
Iteration 19106:  48153.485455 413.000000 406702.100000 (2,3)
Iteration 19112:  47993.585455 413.000000 410799.600000 (1,3)
Iteration 19115:  47993.585455 413.000000 410002.800000 (2,3)
Iteration 19116:  47422.265455 413.000000 409671.400000 (0,3)
Iteration 19118:  47422.265455 413.000000 410468.200000 (2,0)
Iteration 19125:  47113.210909 413.000000 412964.100000 (0,3)
Iteration 19127:  47108.210909 412.000000 411290.900000 (0,3)
Iteration 19138:  46599.410909 412.000000 414064.600000 (0,3)
Iteration 19139:  46435.610909 412.000000 412450.200000 (0,2)
Iteration 19140:  46267.010909 412.000000 410440.600000 (1,3)
Iteration 19157:  46267.010909 412.000000 410734.900000 (1,0)
Iteration 19174:  46204.265455 412.000000 415003.200000 (2,3)
Iteration 19176:  46175.365455 412.000000 414727.700000 (0,3)
Iteration 19181:  45484.165455 414.000000 416388.200000 (0,3)
Iteration 19187:  45376.865455 414.000000 417871.100000 (2,0)
Iteration 19197:  44957.685455 414.000000 421063.400000 (0,3)
Iteration 19220:  44914.085455 414.000000 421564.800000 (1,3)
Iteration 19249:  44898.785455 414.000000 420818.500000 (0,0)
Iteration 19270:  44204.574545 414.000000 420845.200000 (0,3)
Iteration 19284:  44162.074545 414.000000 418048.100000 (0,3)
Iteration 19296:  44042.105455 414.000000 416758.900000 (0,3)
Iteration 19298:  44034.761818 414.000000 415630.600000 (0,3)
Iteration 19310:  43994.761818 413.000000 414259.400000 (0,3)
Iteration 19317:  43675.138182 413.000000 420741.800000 (0,3)
Iteration 19329:  43595.138182 413.000000 420378.600000 (0,3)
Iteration 19378:  43390.212727 413.000000 424579.100000 (0,0)
Iteration 19396:  43370.447273 413.000000 432468.700000 (0,3)
Iteration 19403:  43110.212727 414.000000 434968.200000 (0,0)
Iteration 19410:  42934.532727 414.000000 431715.900000 (0,0)
Iteration 19417:  42934.532727 414.000000 426083.700000 (0,3)
Iteration 19440:  42880.478182 414.000000 428478.000000 (0,0)
Iteration 19461:  42865.932727 414.000000 435724.600000 (1,3)
Iteration 19474:  42865.932727 414.000000 435409.500000 (0,3)
Iteration 19481:  42730.032727 414.000000 434022.600000 (0,3)
Iteration 19545:  42719.123636 416.000000 418327.100000 (0,3)
Iteration 19571:  42670.032727 416.000000 423196.900000 (0,0)
Iteration 19684:  42670.032727 416.000000 420915.400000 (1,0)
Iteration 19704:  42665.487273 416.000000 419642.600000 (0,3)
Iteration 19721:  42575.032727 416.000000 415706.200000 (1,3)
Iteration 19726:  42575.032727 416.000000 414295.900000 (0,3)
Iteration 19737:  41612.732727 416.000000 412560.800000 (0,3)
Iteration 19747:  41599.232727 416.000000 412370.700000 (0,3)
Iteration 19766:  41592.152727 416.000000 414552.900000 (0,0)
Iteration 19829:  41553.772727 418.000000 419037.900000 (0,0)
Iteration 19863:  41523.772727 414.000000 418150.100000 (1,0)
Iteration 19866:  41523.772727 414.000000 420172.400000 (0,0)
Iteration 19867:  41079.518182 414.000000 424607.900000 (0,3)
Iteration 19881:  40831.118182 414.000000 422486.800000 (0,3)
Iteration 19888:  40816.118182 414.000000 425797.100000 (1,1)
Iteration 19897:  40547.118182 414.000000 419373.900000 (0,1)
Iteration 19909:  40547.118182 413.000000 418142.500000 (0,3)
Iteration 19913:  37937.738182 413.000000 415822.200000 (0,1)
Iteration 19914:  37932.738182 413.000000 416193.800000 (0,2)
Iteration 19932:  37838.938182 413.000000 411300.100000 (0,3)
Iteration 19950:  37707.258182 413.000000 419411.800000 (1,0)
Iteration 19952:  37576.038182 413.000000 419442.700000 (0,3)
Iteration 20050:  37516.492727 413.000000 418518.000000 (0,3)
Iteration 20130:  37040.692727 413.000000 419000.300000 (0,3)
Iteration 20140:  35249.092727 413.000000 422020.500000 (0,0)
Iteration 20142:  35249.092727 413.000000 422013.100000 (2,3)
Iteration 20157:  35234.092727 413.000000 425617.300000 (1,2)
Iteration 20160:  35234.092727 413.000000 425379.100000 (0,0)
Iteration 20164:  35234.092727 413.000000 425247.900000 (0,0)
Iteration 20166:  35234.092727 413.000000 424776.000000 (0,3)
Iteration 20235:  33588.638182 413.000000 425171.300000 (0,3)
Iteration 20245:  33588.638182 413.000000 425163.900000 (2,3)
Iteration 20250:  33258.638182 413.000000 423745.000000 (1,1)
Iteration 20277:  33258.638182 413.000000 421463.500000 (1,1)
Iteration 20278:  30529.238182 411.000000 418657.500000 (0,2)
Iteration 20281:  30235.494545 411.000000 418366.300000 (0,0)
Iteration 20294:  30048.714545 411.000000 420030.400000 (0,0)
Iteration 20305:  30023.858182 411.000000 414044.400000 (0,3)
Iteration 20336:  29992.158182 411.000000 414032.200000 (0,3)
Iteration 20337:  29719.558182 411.000000 410737.000000 (1,3)
Iteration 20349:  29315.158182 411.000000 411450.900000 (0,3)
Iteration 20355:  26972.423636 411.000000 409867.100000 (0,3)
Iteration 20381:  26788.223636 411.000000 409644.400000 (0,1)
Iteration 20405:  26703.678182 412.000000 414610.500000 (0,0)
Iteration 20410:  26461.978182 413.000000 413925.700000 (0,2)
Iteration 20437:  25572.978182 413.000000 415360.300000 (1,3)
Iteration 20458:  25572.978182 413.000000 409490.600000 (0,3)
Iteration 20692:  25561.078182 413.000000 407909.000000 (0,3)
Iteration 20708:  25561.078182 413.000000 405574.200000 (0,3)
Iteration 21034:  24543.365455 417.000000 409353.700000 (0,2)
Iteration 21065:  24507.820000 417.000000 407098.100000 (0,3)
Iteration 21070:  23974.176364 419.000000 408856.100000 (1,3)
Iteration 21090:  23974.176364 419.000000 407824.100000 (0,0)
Iteration 21092:  23933.732727 417.000000 408333.200000 (0,3)
Iteration 21107:  23923.732727 417.000000 408140.400000 (2,3)
Iteration 21200:  23913.278182 417.000000 410052.600000 (1,1)
Iteration 21237:  23913.278182 417.000000 409268.700000 (1,1)
Iteration 21358:  23913.278182 417.000000 408940.500000 (0,3)
Iteration 21376:  23837.823636 417.000000 409656.400000 (2,3)
Iteration 21390:  23798.278182 419.000000 411371.200000 (1,0)
Iteration 21877:  23798.278182 419.000000 396162.700000 (1,2)
Iteration 21907:  23798.278182 419.000000 395985.700000 (1,3)
Iteration 22009:  23795.778182 419.000000 395488.000000 (0,2)
Iteration 22042:  23795.778182 419.000000 394015.800000 (0,3)
Iteration 22104:  23795.778182 419.000000 393705.600000 (1,2)
Iteration 22169:  22998.123636 419.000000 394343.800000 (1,3)
Iteration 22322:  22998.123636 419.000000 392748.400000 (0,3)
Iteration 22448:  22983.123636 420.000000 397169.300000 (1,1)
Iteration 22490:  22983.123636 420.000000 394797.500000 (1,3)
Iteration 22596:  22661.478182 422.000000 394984.600000 (0,0)
Iteration 22701:  22188.778182 422.000000 394432.200000 (0,3)
Iteration 22709:  21463.623636 420.000000 392248.300000 (2,3)
Iteration 22772:  21068.967273 420.000000 392080.400000 (0,3)
Iteration 22808:  20907.610909 420.000000 391903.400000 (0,3)
Iteration 22858:  20898.065455 420.000000 397760.400000 (0,0)
total iterations: 467325, time elapsed: 3600.00s
Destroy operator: destroy_random_leafs, Weight: 0.6699, Score: 89254.50, Count: 133250
Destroy operator: destroy_path, Weight: 0.5794, Score: 66162.50, Count: 114205
Destroy operator: destroy_worst_affinity, Weight: 0.5400, Score: 57201.50, Count: 105925
Destroy operator: destroy_district_group, Weight: 0.5825, Score: 66367.00, Count: 113944
Repair operator: repair_greedy_feasible, Weight: 0.5846, Score: 67740.50, Count: 115879
Repair operator: repair_affinity_compact, Weight: 0.5569, Score: 60587.50, Count: 108790
Repair operator: repair_nearest_center, Weight: 0.5574, Score: 60592.00, Count: 108710
Repair operator: repair_2regret, Weight: 0.6725, Score: 90065.50, Count: 133945
