Initial solution objectives: Balance violation = 199886.7001, Affinity loss = 328, Compactness = 94549.2000
Iteration 1:  195763.495970 328.000000 93829.800000 (1,3)
Iteration 6:  194140.646866 328.000000 93923.600000 (0,3)
Iteration 11:  191980.202090 328.000000 93594.100000 (0,3)
Iteration 13:  185366.646716 330.000000 94592.100000 (3,0)
Iteration 14:  180916.417015 330.000000 94480.600000 (0,2)
Iteration 15:  178759.617015 328.000000 93921.100000 (3,3)
Iteration 120:  176340.084030 321.000000 96245.600000 (0,3)
Iteration 121:  176340.084030 322.000000 95846.200000 (3,3)
Iteration 122:  171129.546716 322.000000 101643.400000 (3,0)
Iteration 642:  171075.624478 328.000000 97641.500000 (0,2)
Iteration 643:  170605.898955 329.000000 96965.400000 (3,2)
Iteration 644:  168386.606418 329.000000 97881.400000 (0,3)
Iteration 649:  165751.818358 328.000000 98267.800000 (0,0)
Iteration 652:  165157.094328 324.000000 99121.900000 (3,3)
Iteration 654:  161487.406269 324.000000 99590.000000 (3,3)
Iteration 655:  161487.406269 324.000000 99001.500000 (0,1)
Iteration 681:  160136.802836 325.000000 95879.200000 (0,0)
Iteration 889:  157335.061791 317.000000 100403.600000 (3,0)
Iteration 890:  156865.336269 317.000000 99933.400000 (3,0)
Iteration 891:  156865.336269 317.000000 97849.000000 (3,3)
Iteration 892:  156712.298806 317.000000 96629.700000 (0,0)
Iteration 895:  156712.298806 317.000000 96219.800000 (0,2)
Iteration 897:  152533.887015 317.000000 98543.000000 (3,0)
Iteration 909:  151621.516567 319.000000 95039.900000 (3,0)
Iteration 911:  151389.191045 316.000000 107521.300000 (3,3)
Iteration 913:  151389.191045 316.000000 107275.400000 (3,3)
Iteration 915:  151389.191045 314.000000 108796.600000 (0,1)
Iteration 918:  151389.191045 314.000000 108389.600000 (0,3)
Iteration 929:  151025.953582 309.000000 100093.000000 (3,3)
Iteration 930:  150863.435821 310.000000 100145.600000 (3,0)
Iteration 934:  148538.874776 314.000000 101671.500000 (3,3)
Iteration 1079:  145357.132090 297.000000 101361.600000 (3,3)
Iteration 1106:  144705.832090 295.000000 100728.800000 (1,3)
Iteration 1377:  144578.804925 300.000000 97505.300000 (3,0)
Iteration 1384:  144020.645075 302.000000 98355.800000 (0,3)
Iteration 1390:  142398.633284 302.000000 98608.000000 (0,3)
Iteration 1559:  141148.293134 303.000000 96975.300000 (3,3)
Iteration 1601:  139161.779552 301.000000 98137.400000 (3,3)
Iteration 4718:  137723.716716 315.000000 95478.200000 (3,3)
Iteration 4719:  136876.528657 315.000000 96743.500000 (0,0)
Iteration 4720:  136876.528657 315.000000 96287.600000 (0,3)
Iteration 4723:  134926.424179 315.000000 98492.400000 (0,0)
Iteration 4905:  133964.671940 308.000000 104041.900000 (3,3)
Iteration 4914:  133908.646418 309.000000 101176.600000 (3,3)
Iteration 4920:  133897.008955 307.000000 99771.600000 (3,0)
Iteration 7683:  133494.206866 312.000000 102379.500000 (0,0)
Iteration 7760:  132798.457463 315.000000 101004.800000 (3,3)
Iteration 7788:  130667.257761 316.000000 101868.300000 (0,3)
Iteration 7794:  130394.671493 316.000000 101548.400000 (3,0)
Iteration 7807:  129566.559552 316.000000 101473.400000 (0,2)
Iteration 7811:  128381.334030 316.000000 103103.100000 (3,0)
Iteration 7825:  127550.917612 316.000000 104124.700000 (0,3)
Iteration 7833:  127145.917612 316.000000 102235.000000 (3,3)
Iteration 7968:  125546.994776 316.000000 97398.600000 (3,3)
Iteration 7980:  124740.936418 315.000000 98116.600000 (3,0)
Iteration 7982:  124740.936418 315.000000 97756.900000 (3,3)
Iteration 7989:  124290.324478 315.000000 98074.600000 (0,1)
Iteration 7990:  124290.324478 315.000000 98074.600000 (1,3)
Iteration 7991:  118800.950000 315.000000 98146.600000 (0,3)
Iteration 8002:  118528.470896 315.000000 99739.500000 (0,3)
Iteration 8009:  117002.966418 315.000000 98452.000000 (3,0)
Iteration 8026:  116835.578358 315.000000 98338.500000 (0,3)
Iteration 8160:  115833.146866 316.000000 101114.200000 (3,3)
Iteration 8162:  115815.446866 316.000000 101345.500000 (0,0)
Iteration 8164:  115627.779701 316.000000 99784.800000 (0,2)
Iteration 8166:  115354.346866 316.000000 100734.300000 (3,0)
Iteration 8469:  114736.805672 312.000000 104337.500000 (0,3)
Iteration 8472:  114344.076119 312.000000 103403.200000 (0,0)
Iteration 8474:  114184.564179 312.000000 102951.300000 (0,0)
Iteration 8498:  110900.546418 314.000000 107416.900000 (3,0)
Iteration 31595:  110733.239552 323.000000 103917.500000 (0,0)
Iteration 31596:  109222.902239 323.000000 102919.000000 (3,0)
Iteration 31600:  107955.351642 323.000000 103328.600000 (0,0)
Iteration 31605:  107955.351642 323.000000 102520.800000 (3,0)
Iteration 31608:  107829.927910 323.000000 102772.400000 (0,3)
Iteration 31609:  107829.927910 323.000000 102195.500000 (3,3)
Iteration 31645:  106496.527910 323.000000 102198.900000 (1,0)
Iteration 31649:  106496.527910 323.000000 102130.100000 (0,3)
Iteration 31673:  105697.690448 323.000000 102735.400000 (1,0)
Iteration 31758:  105424.357463 322.000000 103454.100000 (0,3)
Iteration 31764:  104344.445672 322.000000 103606.600000 (0,0)
Iteration 31770:  101857.716119 322.000000 103111.700000 (1,3)
Iteration 31777:  101857.716119 322.000000 102866.700000 (0,1)
Iteration 31806:  100969.308806 321.000000 104210.900000 (0,0)
Iteration 31874:  99882.352090 319.000000 104800.800000 (0,0)
Iteration 31890:  99714.964030 319.000000 105048.000000 (0,3)
Iteration 31897:  99541.131045 319.000000 104339.600000 (0,3)
Iteration 31932:  99541.131045 319.000000 104314.600000 (0,3)
Iteration 31937:  98829.363881 317.000000 104229.800000 (1,3)
Iteration 31944:  97162.377612 317.000000 103857.200000 (1,0)
Iteration 31958:  96833.210597 317.000000 103813.300000 (0,2)
Iteration 31971:  96714.410597 317.000000 104471.000000 (0,0)
Iteration 31989:  95850.110597 317.000000 104905.800000 (0,0)
Iteration 32052:  95850.110597 317.000000 104639.800000 (0,2)
Iteration 32060:  95183.885075 317.000000 105055.100000 (1,0)
Iteration 32547:  94736.952090 317.000000 104478.100000 (0,3)
Iteration 32981:  93611.163881 317.000000 104530.400000 (1,3)
Iteration 33074:  93611.163881 317.000000 103963.700000 (1,3)
Iteration 33095:  90435.089403 317.000000 104544.100000 (1,0)
Iteration 33103:  90144.901194 317.000000 103925.800000 (0,3)
Iteration 33117:  89951.456418 317.000000 104110.100000 (0,0)
Iteration 33277:  89951.456418 317.000000 103959.900000 (0,2)
total iterations: 541332, time elapsed: 3600.01s
Destroy operator: destroy_random_leafs, Weight: 0.7046, Score: 112021.00, Count: 158978
Destroy operator: destroy_path, Weight: 0.5636, Score: 70899.00, Count: 125793
Destroy operator: destroy_worst_affinity, Weight: 0.5154, Score: 59021.50, Count: 114512
Destroy operator: destroy_district_group, Weight: 0.6098, Score: 86613.50, Count: 142048
Repair operator: repair_greedy_feasible, Weight: 0.6053, Score: 82784.50, Count: 136769
Repair operator: repair_affinity_compact, Weight: 0.5579, Score: 68763.00, Count: 123248
Repair operator: repair_nearest_center, Weight: 0.5697, Score: 72437.50, Count: 127151
Repair operator: repair_2regret, Weight: 0.6783, Score: 104570.00, Count: 154163
