Initial solution objectives: Balance violation = 182475.3140, Affinity loss = 334, Compactness = 96240.9000
Iteration 23:  175673.085672 332.000000 102772.800000 (3,0)
Iteration 663:  172115.193060 321.000000 97000.200000 (0,0)
Iteration 715:  170828.590075 320.000000 102737.200000 (0,3)
Iteration 875:  169917.622015 317.000000 106522.200000 (1,3)
Iteration 881:  169917.622015 317.000000 105052.100000 (3,3)
Iteration 919:  166330.288507 318.000000 101201.600000 (0,3)
Iteration 921:  165026.222015 318.000000 103282.600000 (3,3)
Iteration 922:  165026.222015 318.000000 105263.500000 (3,0)
Iteration 982:  164176.653209 317.000000 105808.100000 (3,3)
Iteration 1000:  162580.105522 317.000000 105671.100000 (0,0)
Iteration 1012:  161150.117463 317.000000 104280.500000 (3,3)
Iteration 1192:  160995.460075 313.000000 97273.600000 (3,0)
Iteration 1196:  156979.838507 313.000000 97803.700000 (1,3)
Iteration 1199:  153557.616940 312.000000 99126.900000 (0,3)
Iteration 1775:  149824.685000 319.000000 98047.200000 (3,3)
Iteration 1805:  148466.884328 319.000000 98319.700000 (0,2)
Iteration 6202:  148100.747537 309.000000 109143.100000 (3,0)
Iteration 6206:  147837.352687 309.000000 106601.700000 (3,3)
Iteration 6207:  146928.552687 309.000000 104188.000000 (0,2)
Iteration 6273:  145896.656567 304.000000 99392.600000 (3,3)
Iteration 6276:  143960.540149 304.000000 99255.500000 (0,2)
Iteration 7683:  142987.337313 302.000000 101006.900000 (0,3)
Iteration 7684:  141271.011194 302.000000 100763.300000 (0,3)
Iteration 7732:  137120.116269 301.000000 97685.700000 (3,3)
Iteration 7743:  136145.337910 301.000000 99956.000000 (3,3)
Iteration 13151:  133116.775373 299.000000 115393.300000 (3,0)
Iteration 18067:  131321.811940 311.000000 101253.400000 (0,0)
Iteration 18091:  130751.107388 311.000000 102967.800000 (3,3)
Iteration 18183:  130734.992537 312.000000 101061.100000 (0,1)
Iteration 18250:  130577.823806 311.000000 102590.800000 (0,0)
Iteration 18261:  130577.823806 309.000000 103680.800000 (0,3)
Iteration 18269:  130151.502836 309.000000 103257.600000 (0,3)
Iteration 18272:  130151.502836 309.000000 102798.200000 (1,3)
Iteration 18275:  130091.028955 309.000000 102705.000000 (0,3)
Iteration 18279:  128435.912537 309.000000 103250.600000 (0,0)
Iteration 18283:  127039.681269 307.000000 101856.900000 (0,0)
Iteration 18285:  126578.186418 307.000000 101613.900000 (1,1)
Iteration 18300:  126074.407388 307.000000 101543.500000 (0,3)
Iteration 18304:  125636.961940 307.000000 101791.000000 (0,0)
Iteration 18400:  125434.152239 305.000000 102270.900000 (2,3)
Iteration 18429:  125366.961940 305.000000 102054.900000 (0,1)
Iteration 18439:  125366.961940 305.000000 101564.700000 (0,1)
Iteration 18450:  125032.757388 305.000000 101512.200000 (0,3)
Iteration 18522:  125032.757388 305.000000 101422.400000 (0,0)
Iteration 18868:  124744.336418 305.000000 101796.900000 (0,0)
Iteration 18871:  124744.336418 305.000000 101471.900000 (1,3)
Iteration 18927:  124744.336418 305.000000 101718.400000 (1,2)
Iteration 18928:  124744.336418 305.000000 101401.100000 (0,0)
Iteration 18944:  124698.862537 305.000000 101488.800000 (0,3)
Iteration 18981:  124698.862537 305.000000 101124.200000 (0,1)
Iteration 19050:  124698.862537 305.000000 101595.700000 (0,0)
Iteration 19053:  124698.862537 305.000000 101022.100000 (1,2)
Iteration 19054:  124673.388657 305.000000 101481.500000 (3,3)
Iteration 19075:  124673.388657 305.000000 101010.000000 (0,3)
Iteration 19251:  124618.388657 305.000000 101932.000000 (3,3)
Iteration 19268:  124618.388657 305.000000 101861.200000 (0,1)
Iteration 19364:  124618.388657 305.000000 101596.200000 (0,3)
Iteration 19400:  124618.388657 305.000000 101525.400000 (0,3)
Iteration 29198:  124369.233507 315.000000 101165.900000 (3,3)
Iteration 29200:  123337.002239 315.000000 100516.000000 (0,3)
Iteration 29222:  123183.718657 315.000000 99500.300000 (0,3)
Iteration 29267:  123024.018657 315.000000 99628.400000 (1,0)
Iteration 29314:  123024.018657 315.000000 99101.500000 (1,3)
Iteration 29348:  123024.018657 315.000000 98947.900000 (1,1)
Iteration 29370:  123024.018657 314.000000 99399.300000 (0,3)
Iteration 29373:  123013.973209 314.000000 100697.000000 (0,0)
Iteration 29382:  121875.373209 314.000000 101137.000000 (0,3)
Iteration 29408:  121776.582836 312.000000 100714.900000 (0,1)
Iteration 29442:  118892.782910 313.000000 101145.500000 (0,0)
Iteration 29449:  117580.099328 313.000000 101926.000000 (1,1)
Iteration 29494:  117580.099328 313.000000 101248.800000 (0,3)
Iteration 29521:  117322.808955 313.000000 100977.400000 (0,3)
Iteration 29538:  116549.777687 313.000000 101330.700000 (0,3)
Iteration 29546:  114473.872537 313.000000 103115.700000 (0,0)
Iteration 29590:  111991.862836 313.000000 101864.000000 (0,1)
Iteration 29670:  110784.669627 313.000000 102960.900000 (0,3)
Iteration 29724:  108456.269627 313.000000 102935.700000 (0,3)
Iteration 29784:  108346.269627 314.000000 102377.900000 (1,3)
Iteration 30085:  108034.707015 315.000000 103717.100000 (0,3)
Iteration 30088:  107587.180896 315.000000 103736.100000 (0,3)
Iteration 30307:  107569.990597 316.000000 103388.800000 (0,2)
total iterations: 531781, time elapsed: 3600.01s
Destroy operator: destroy_random_leafs, Weight: 0.7025, Score: 109755.00, Count: 156241
Destroy operator: destroy_path, Weight: 0.5633, Score: 69408.00, Count: 123228
Destroy operator: destroy_worst_affinity, Weight: 0.5141, Score: 58056.50, Count: 112923
Destroy operator: destroy_district_group, Weight: 0.6076, Score: 84686.50, Count: 139388
Repair operator: repair_greedy_feasible, Weight: 0.6023, Score: 80058.50, Count: 132929
Repair operator: repair_affinity_compact, Weight: 0.5619, Score: 69290.00, Count: 123306
Repair operator: repair_nearest_center, Weight: 0.5684, Score: 70844.00, Count: 124651
Repair operator: repair_2regret, Weight: 0.6741, Score: 101713.50, Count: 150894
