Initial solution objectives: Balance violation = 210769.3260, Affinity loss = 317, Compactness = 95243.3000
Iteration 0:  205651.656716 317.000000 94399.000000 (2,3)
Iteration 3:  205606.783582 317.000000 95310.500000 (0,2)
Iteration 8:  205075.482761 317.000000 95507.900000 (1,3)
Iteration 31:  204036.949776 316.000000 97519.700000 (3,0)
Iteration 33:  201827.366194 312.000000 98478.500000 (3,0)
Iteration 34:  197829.655746 312.000000 100263.900000 (3,3)
Iteration 37:  194944.750597 311.000000 99586.600000 (0,1)
Iteration 48:  184374.726194 311.000000 98415.200000 (3,3)
Iteration 67:  183505.612090 313.000000 98402.500000 (0,2)
Iteration 68:  183505.612090 311.000000 99060.000000 (0,3)
Iteration 71:  181593.723358 311.000000 97401.200000 (3,2)
Iteration 72:  179186.427836 311.000000 97214.700000 (0,3)
Iteration 76:  177097.000970 311.000000 97156.900000 (3,0)
Iteration 79:  175813.572463 316.000000 101073.900000 (3,0)
Iteration 80:  173904.499328 318.000000 102875.700000 (0,3)
Iteration 93:  171916.115746 314.000000 101634.600000 (3,3)
Iteration 102:  166676.394851 310.000000 102911.400000 (3,3)
Iteration 1576:  165963.987388 331.000000 103718.400000 (3,0)
Iteration 1577:  165066.386567 331.000000 104372.200000 (3,0)
Iteration 1578:  162030.097015 331.000000 103418.100000 (0,1)
Iteration 1579:  162030.097015 331.000000 103154.900000 (0,3)
Iteration 1583:  160584.001343 333.000000 103153.000000 (3,3)
Iteration 1584:  160584.001343 333.000000 102504.900000 (0,2)
Iteration 1599:  159252.473657 333.000000 103970.700000 (3,0)
Iteration 7648:  156787.972985 312.000000 94954.600000 (3,3)
Iteration 7697:  155822.662836 309.000000 94712.700000 (3,0)
Iteration 7699:  153036.593507 309.000000 96267.900000 (3,0)
Iteration 7700:  152584.130672 309.000000 96502.900000 (3,3)
Iteration 7705:  150525.232164 307.000000 95357.000000 (3,0)
Iteration 7706:  148566.227015 307.000000 96428.000000 (0,3)
Iteration 7713:  148437.253881 309.000000 94908.100000 (3,3)
Iteration 7719:  144448.050224 310.000000 96749.100000 (0,0)
Iteration 7733:  137833.092015 311.000000 98202.700000 (3,0)
Iteration 7795:  136096.100149 310.000000 100835.300000 (3,3)
Iteration 7801:  134137.438134 310.000000 100816.100000 (0,3)
Iteration 7807:  134070.700149 311.000000 100670.600000 (0,3)
Iteration 7809:  133960.827015 311.000000 101320.000000 (3,3)
Iteration 7810:  133545.167313 311.000000 100528.600000 (0,3)
Iteration 7818:  133323.678433 311.000000 100529.000000 (3,3)
Iteration 7858:  133289.797985 311.000000 96782.100000 (3,3)
Iteration 7864:  133179.924851 311.000000 97431.500000 (0,3)
Iteration 7885:  133073.924851 311.000000 97383.500000 (1,0)
Iteration 137998:  132909.277612 324.000000 98808.600000 (0,3)
Iteration 138027:  132409.682761 325.000000 98876.900000 (1,0)
Iteration 138106:  131768.178284 326.000000 99462.200000 (0,3)
Iteration 138118:  131350.578284 326.000000 99959.600000 (0,3)
Iteration 138142:  130449.546269 326.000000 99509.800000 (0,0)
Iteration 138212:  130449.546269 326.000000 99171.700000 (0,0)
Iteration 138450:  130439.702985 325.000000 98354.400000 (0,0)
Iteration 138601:  128457.325373 326.000000 99526.000000 (0,3)
Iteration 138650:  128310.500970 326.000000 99461.900000 (0,3)
Iteration 138652:  128310.500970 324.000000 100043.400000 (0,3)
Iteration 138917:  128257.624179 324.000000 99893.200000 (1,3)
Iteration 139179:  127990.900970 325.000000 99107.900000 (0,0)
Iteration 458896:  122049.005299 321.000000 99086.800000 (3,3)
Iteration 458900:  118377.827015 324.000000 99512.500000 (0,0)
Iteration 458918:  117413.821866 324.000000 99170.700000 (1,1)
Iteration 458928:  117160.407090 323.000000 99863.600000 (0,1)
Iteration 458950:  116981.339925 322.000000 100261.300000 (0,3)
Iteration 458952:  116562.439104 322.000000 100418.000000 (0,0)
Iteration 458962:  116562.439104 320.000000 100767.600000 (3,3)
Iteration 459026:  116453.203955 322.000000 99292.400000 (3,2)
Iteration 459032:  115921.903134 322.000000 99657.800000 (3,0)
Iteration 459076:  115921.903134 320.000000 100007.400000 (0,3)
Iteration 459123:  115901.903134 320.000000 100771.100000 (1,3)
Iteration 459165:  115782.203134 320.000000 100987.400000 (1,3)
Iteration 459174:  115420.803134 320.000000 100639.700000 (0,3)
Iteration 459283:  113489.303955 320.000000 101491.600000 (0,3)
Iteration 459593:  113489.303955 320.000000 101121.200000 (0,1)
Iteration 459652:  113467.309104 322.000000 100605.400000 (1,0)
Iteration 459656:  113143.776269 322.000000 101989.000000 (0,3)
Iteration 459657:  112714.076269 324.000000 100772.500000 (0,3)
Iteration 459661:  112592.603955 324.000000 100632.300000 (0,1)
Iteration 459679:  112381.660000 324.000000 101652.200000 (0,0)
Iteration 459704:  111034.454851 324.000000 102632.000000 (0,0)
Iteration 459746:  110816.665970 326.000000 101458.400000 (3,2)
Iteration 459786:  110606.954851 326.000000 101812.300000 (0,3)
Iteration 459804:  110589.154851 326.000000 101270.000000 (0,0)
Iteration 459858:  110057.445224 322.000000 102645.900000 (0,3)
Iteration 460153:  110028.072090 322.000000 103925.800000 (0,3)
Iteration 460189:  108498.745224 322.000000 104453.700000 (0,3)
total iterations: 637549, time elapsed: 3600.00s
Destroy operator: destroy_random_leafs, Weight: 0.7043, Score: 132082.50, Count: 187529
Destroy operator: destroy_path, Weight: 0.5615, Score: 83071.50, Count: 147940
Destroy operator: destroy_worst_affinity, Weight: 0.5149, Score: 69859.50, Count: 135680
Destroy operator: destroy_district_group, Weight: 0.6061, Score: 100848.00, Count: 166399
Repair operator: repair_greedy_feasible, Weight: 0.6067, Score: 97734.00, Count: 161093
Repair operator: repair_affinity_compact, Weight: 0.5560, Score: 81419.00, Count: 146446
Repair operator: repair_nearest_center, Weight: 0.5632, Score: 83733.00, Count: 148677
Repair operator: repair_2regret, Weight: 0.6782, Score: 122975.50, Count: 181332
