Initial solution objectives: Balance violation = 192340.5191, Affinity loss = 321, Compactness = 95649.8000
Iteration 5:  190627.308657 321.000000 99224.400000 (3,3)
Iteration 8:  190627.308657 321.000000 93217.500000 (3,3)
Iteration 28:  189072.877313 320.000000 93902.700000 (0,3)
Iteration 29:  188468.233881 318.000000 93542.200000 (3,3)
Iteration 31:  188468.233881 319.000000 92837.800000 (0,2)
Iteration 32:  188468.233881 319.000000 92744.100000 (3,3)
Iteration 105:  187975.822239 309.000000 92857.700000 (3,0)
Iteration 107:  187975.822239 309.000000 94216.300000 (3,0)
Iteration 112:  177795.398657 308.000000 95171.700000 (0,3)
Iteration 113:  176357.477612 310.000000 95078.600000 (0,3)
Iteration 176:  170399.593284 310.000000 112866.500000 (3,0)
Iteration 678:  167814.225522 311.000000 94126.300000 (3,0)
Iteration 680:  162314.837463 311.000000 95218.500000 (3,0)
Iteration 682:  160903.627015 311.000000 94599.400000 (0,3)
Iteration 691:  160755.794030 301.000000 99180.100000 (3,3)
Iteration 692:  158595.249403 301.000000 99591.700000 (0,3)
Iteration 696:  157184.038955 305.000000 99838.200000 (3,3)
Iteration 702:  155215.206866 304.000000 98432.200000 (0,0)
Iteration 703:  155215.206866 305.000000 97858.700000 (1,2)
Iteration 704:  154063.485821 305.000000 97852.700000 (1,0)
Iteration 705:  153458.842388 304.000000 97348.700000 (3,3)
Iteration 707:  150713.052836 306.000000 97663.700000 (0,0)
Iteration 708:  150713.052836 306.000000 97644.500000 (0,2)
Iteration 715:  150713.052836 308.000000 96302.100000 (3,0)
Iteration 757:  148811.103134 302.000000 95349.600000 (3,3)
Iteration 758:  148811.103134 300.000000 95628.100000 (3,3)
Iteration 759:  148811.103134 300.000000 95714.300000 (0,2)
Iteration 1789:  147155.457164 320.000000 96031.700000 (3,3)
Iteration 1795:  145466.050000 319.000000 102177.800000 (3,1)
Iteration 1796:  144425.475075 321.000000 102331.100000 (3,0)
Iteration 1797:  140328.463134 320.000000 103477.800000 (0,3)
Iteration 1801:  138753.518507 321.000000 101139.900000 (3,3)
Iteration 1806:  137457.540896 321.000000 100547.500000 (0,3)
Iteration 1808:  137256.703433 318.000000 108439.700000 (3,0)
Iteration 1928:  136740.677910 306.000000 97231.600000 (0,0)
Iteration 1931:  136668.840448 306.000000 98289.600000 (3,3)
Iteration 1946:  136638.638657 306.000000 99252.000000 (0,0)
Iteration 1978:  135612.595224 303.000000 98701.000000 (3,3)
Iteration 1979:  135467.595224 304.000000 99519.200000 (3,3)
Iteration 2145:  132939.892388 306.000000 98893.800000 (3,0)
Iteration 2179:  132059.207761 299.000000 102603.100000 (3,3)
Iteration 2181:  131210.207761 303.000000 100861.600000 (3,1)
Iteration 2196:  130035.592687 303.000000 98739.700000 (0,3)
Iteration 2197:  129330.537313 303.000000 98405.700000 (1,3)
Iteration 2230:  127594.186567 301.000000 101033.400000 (0,3)
Iteration 2242:  123878.174925 300.000000 103719.100000 (3,0)
Iteration 3067:  123229.111940 311.000000 100427.800000 (3,3)
Iteration 3275:  120880.343731 318.000000 99057.700000 (0,3)
Iteration 3278:  119457.316716 318.000000 100567.800000 (3,3)
Iteration 3285:  118578.073284 318.000000 100772.800000 (3,3)
Iteration 3286:  118578.073284 318.000000 99800.600000 (3,0)
Iteration 3287:  118519.404776 320.000000 98987.700000 (3,0)
Iteration 3291:  118380.098806 321.000000 100083.300000 (3,0)
Iteration 3487:  116515.431045 312.000000 101902.200000 (3,0)
Iteration 13858:  116351.436866 305.000000 100871.200000 (0,3)
Iteration 13870:  116141.736866 304.000000 100132.100000 (0,3)
Iteration 13871:  115784.803881 304.000000 100612.600000 (0,3)
Iteration 13883:  115515.326269 304.000000 100806.000000 (0,0)
Iteration 13938:  115286.803881 304.000000 100375.300000 (0,3)
Iteration 13941:  115018.370896 306.000000 99452.200000 (0,2)
Iteration 14039:  114748.893284 306.000000 99645.600000 (0,3)
Iteration 14133:  111055.414328 306.000000 100145.800000 (0,3)
Iteration 14143:  111055.414328 306.000000 99154.800000 (3,3)
Iteration 14157:  110651.881343 306.000000 99452.900000 (1,3)
Iteration 14160:  110651.881343 306.000000 99230.200000 (1,2)
Iteration 14211:  110456.781343 306.000000 99979.700000 (0,3)
Iteration 14215:  110456.781343 306.000000 99650.200000 (1,2)
Iteration 14216:  110353.058955 305.000000 98375.200000 (0,2)
Iteration 14333:  109797.803582 307.000000 99714.400000 (0,2)
Iteration 14336:  109797.803582 307.000000 98393.900000 (3,3)
Iteration 14392:  109576.274030 308.000000 98358.400000 (0,3)
Iteration 24358:  109201.502388 318.000000 103471.000000 (0,0)
Iteration 24363:  109201.502388 318.000000 103427.300000 (0,0)
Iteration 24384:  109006.830746 318.000000 104098.800000 (1,0)
Iteration 24433:  109006.830746 318.000000 104176.600000 (0,3)
Iteration 24451:  107571.936716 318.000000 104756.200000 (0,3)
Iteration 24466:  106219.736716 318.000000 105437.800000 (0,3)
Iteration 24472:  106219.736716 318.000000 105409.100000 (3,3)
Iteration 24487:  103864.863731 318.000000 105841.700000 (0,3)
Iteration 24506:  103253.280149 318.000000 106764.000000 (0,3)
Iteration 24508:  102646.257761 318.000000 107506.800000 (0,3)
Iteration 24516:  102588.702388 318.000000 107194.400000 (0,3)
Iteration 24659:  102179.672836 318.000000 106974.900000 (0,3)
Iteration 24671:  102179.672836 318.000000 106648.500000 (0,3)
Iteration 24674:  102179.672836 318.000000 106619.800000 (3,3)
Iteration 24725:  102179.672836 318.000000 106266.400000 (0,0)
Iteration 24735:  102179.672836 318.000000 106237.700000 (3,3)
Iteration 24736:  102179.672836 318.000000 105743.800000 (0,1)
Iteration 24742:  101995.005821 318.000000 105426.300000 (0,0)
Iteration 24805:  101995.005821 318.000000 105392.600000 (0,3)
Iteration 24894:  101807.449254 319.000000 106243.900000 (0,0)
Iteration 24908:  100474.511791 320.000000 106387.500000 (0,0)
Iteration 24943:  100474.511791 320.000000 105067.000000 (1,3)
Iteration 24994:  100341.574328 320.000000 105866.500000 (3,0)
Iteration 25027:  100341.574328 320.000000 105733.700000 (1,0)
Iteration 25030:  100341.574328 320.000000 105605.600000 (1,2)
Iteration 25067:  100341.574328 320.000000 105256.000000 (3,3)
Iteration 25285:  100341.574328 320.000000 105638.100000 (0,3)
Iteration 25335:  100341.574328 321.000000 106055.300000 (0,0)
Iteration 372460:  100171.778657 327.000000 99130.600000 (0,1)
Iteration 372462:  100171.778657 326.000000 99261.900000 (3,3)
Iteration 372463:  100171.778657 325.000000 99681.200000 (0,3)
Iteration 372486:  99891.417612 325.000000 99766.100000 (0,3)
Iteration 372541:  99108.602537 326.000000 99020.100000 (0,3)
Iteration 372611:  99071.540000 326.000000 97708.600000 (0,3)
Iteration 372614:  98583.002537 326.000000 98382.700000 (1,0)
Iteration 372785:  98335.296567 326.000000 98935.200000 (0,3)
Iteration 372827:  98335.296567 326.000000 98696.700000 (0,3)
Iteration 373682:  96825.447612 317.000000 105720.200000 (0,0)
Iteration 373700:  95611.743134 316.000000 106281.500000 (0,3)
Iteration 373751:  95479.170149 316.000000 106059.300000 (0,3)
Iteration 373772:  95479.170149 316.000000 105688.900000 (0,3)
Iteration 373915:  95177.076119 314.000000 106328.100000 (0,3)
Iteration 374022:  94271.146567 314.000000 106289.700000 (0,3)
Iteration 374059:  94122.168955 316.000000 106794.800000 (0,0)
Iteration 374150:  93992.168955 316.000000 106223.400000 (1,3)
Iteration 374166:  93922.168955 317.000000 106458.800000 (0,3)
Iteration 374255:  93752.168955 317.000000 106911.500000 (0,3)
Iteration 374421:  91431.507910 317.000000 108006.400000 (1,3)
Iteration 374510:  90012.307910 317.000000 108376.800000 (0,3)
Iteration 374624:  89968.001940 317.000000 109103.700000 (0,3)
Iteration 374731:  89360.979552 317.000000 109684.800000 (0,3)
Iteration 374742:  89360.979552 317.000000 109302.700000 (0,0)
Iteration 374833:  88800.285522 319.000000 110062.500000 (0,0)
Iteration 374888:  88473.885522 317.000000 109557.400000 (0,3)
Iteration 374926:  88374.085522 315.000000 110377.400000 (0,3)
Iteration 375050:  87457.436269 313.000000 110215.900000 (0,3)
total iterations: 504815, time elapsed: 3600.01s
Destroy operator: destroy_random_leafs, Weight: 0.7071, Score: 104629.50, Count: 147978
Destroy operator: destroy_path, Weight: 0.5643, Score: 66111.50, Count: 117165
Destroy operator: destroy_worst_affinity, Weight: 0.5159, Score: 54902.50, Count: 106424
Destroy operator: destroy_district_group, Weight: 0.6120, Score: 81545.50, Count: 133247
Repair operator: repair_greedy_feasible, Weight: 0.6108, Score: 77869.00, Count: 127491
Repair operator: repair_affinity_compact, Weight: 0.5588, Score: 64440.00, Count: 115319
Repair operator: repair_nearest_center, Weight: 0.5658, Score: 66509.50, Count: 117559
Repair operator: repair_2regret, Weight: 0.6810, Score: 98370.50, Count: 144445
