Initial solution objectives: Balance violation = 184999.8807, Affinity loss = 338, Compactness = 95687.4000
Iteration 43:  176966.367164 335.000000 96964.400000 (3,3)
Iteration 45:  176405.929701 335.000000 95237.900000 (3,1)
Iteration 50:  171747.516119 335.000000 94133.500000 (3,3)
Iteration 55:  170525.805672 335.000000 96381.300000 (3,3)
Iteration 56:  167405.220746 335.000000 98260.300000 (0,0)
Iteration 92:  162842.947910 331.000000 95742.800000 (3,2)
Iteration 93:  161131.631493 331.000000 94940.100000 (3,3)
Iteration 99:  157148.419552 332.000000 94604.500000 (0,0)
Iteration 100:  156996.113582 332.000000 95189.700000 (2,3)
Iteration 105:  148173.065821 328.000000 104750.500000 (3,3)
Iteration 111:  148055.615075 327.000000 100523.200000 (3,0)
Iteration 113:  146728.415075 327.000000 100379.600000 (0,1)
Iteration 115:  144750.509104 327.000000 99001.000000 (3,3)
Iteration 121:  140157.585522 329.000000 100787.500000 (0,3)
Iteration 123:  139139.479552 329.000000 99937.000000 (3,2)
Iteration 126:  138933.501940 329.000000 100690.700000 (2,3)
Iteration 128:  133775.563284 327.000000 101603.600000 (3,3)
Iteration 129:  133356.500746 327.000000 102494.200000 (0,3)
Iteration 133:  132891.175224 327.000000 105408.400000 (3,3)
Iteration 134:  132768.869254 327.000000 105190.000000 (3,1)
Iteration 136:  132768.869254 327.000000 104807.900000 (0,3)
Iteration 142:  132653.869254 327.000000 105355.700000 (3,3)
Iteration 157:  131786.375224 322.000000 99385.800000 (0,3)
Iteration 274:  131619.913881 310.000000 96119.100000 (0,3)
Iteration 286:  128686.058657 314.000000 98483.300000 (0,0)
Iteration 428:  128491.860746 304.000000 100057.300000 (0,3)
Iteration 430:  127766.923284 306.000000 100208.900000 (3,3)
Iteration 519:  125390.843881 308.000000 98330.100000 (3,3)
Iteration 521:  125151.231940 310.000000 101481.200000 (3,3)
Iteration 567:  122965.603582 306.000000 102390.800000 (0,3)
Iteration 573:  121279.458955 306.000000 101369.900000 (3,3)
Iteration 753:  120260.625672 316.000000 100451.100000 (3,3)
Iteration 11079:  117549.129104 318.000000 103801.400000 (3,0)
Iteration 11096:  116993.739701 318.000000 103984.400000 (0,3)
Iteration 11196:  116927.983134 319.000000 102277.400000 (3,3)
Iteration 11198:  116750.689104 321.000000 103221.300000 (0,0)
Iteration 11199:  116325.351642 322.000000 102219.100000 (3,3)
Iteration 11204:  116220.351642 322.000000 101363.700000 (0,0)
Iteration 11208:  116134.018657 322.000000 101474.100000 (1,1)
Iteration 11217:  116011.712687 321.000000 102882.500000 (3,0)
Iteration 11275:  115840.493582 322.000000 100792.000000 (0,3)
Iteration 11299:  115840.493582 321.000000 101603.700000 (3,3)
Iteration 11315:  115840.493582 320.000000 102528.700000 (3,0)
Iteration 11316:  115648.187612 320.000000 103968.300000 (3,3)
Iteration 11321:  115648.187612 317.000000 103422.500000 (3,3)
Iteration 11563:  114844.615522 319.000000 101157.300000 (3,0)
Iteration 11565:  114844.615522 319.000000 99904.100000 (3,3)
Iteration 11610:  113052.329403 319.000000 102746.000000 (2,0)
Iteration 11626:  112866.085970 319.000000 104033.200000 (3,3)
Iteration 11636:  112866.085970 319.000000 102712.700000 (1,2)
Iteration 11639:  112608.191940 319.000000 102243.100000 (0,0)
Iteration 11643:  112593.791940 319.000000 101974.100000 (0,2)
Iteration 11678:  112408.587761 317.000000 103484.200000 (0,3)
Iteration 11684:  112065.278507 317.000000 102791.800000 (3,3)
Iteration 11692:  112065.278507 317.000000 102462.300000 (3,3)
Iteration 11711:  111889.300896 317.000000 102229.800000 (0,3)
Iteration 11719:  111621.994925 317.000000 103920.500000 (3,3)
Iteration 11776:  111591.606866 317.000000 107204.000000 (3,3)
Iteration 11777:  111569.300896 317.000000 107151.400000 (0,3)
Iteration 11910:  111511.994925 317.000000 107095.400000 (3,3)
Iteration 12074:  111456.523433 316.000000 108939.700000 (0,3)
Iteration 12175:  111219.027910 317.000000 107823.700000 (3,3)
Iteration 12228:  111056.106866 314.000000 106918.100000 (3,3)
Iteration 12264:  111051.106866 314.000000 106964.200000 (1,3)
Iteration 12265:  110901.406866 314.000000 107092.300000 (1,3)
Iteration 12276:  110719.969403 314.000000 105893.300000 (0,2)
Iteration 12279:  110584.969403 314.000000 107146.000000 (0,3)
Iteration 74335:  110506.314776 313.000000 104596.400000 (0,1)
Iteration 74343:  110163.481791 313.000000 104259.400000 (0,3)
Iteration 74357:  109887.144328 311.000000 103989.900000 (3,3)
Iteration 74358:  108166.583284 312.000000 104633.800000 (0,3)
Iteration 74359:  107339.074179 312.000000 104713.200000 (2,3)
Iteration 74365:  107176.768209 312.000000 106838.700000 (3,3)
Iteration 74377:  106363.968209 312.000000 106739.700000 (0,1)
Iteration 74394:  105672.868209 312.000000 107046.600000 (0,3)
Iteration 74511:  105672.868209 312.000000 106491.500000 (1,3)
Iteration 74524:  105111.568209 312.000000 106859.200000 (0,0)
Iteration 74525:  105111.568209 310.000000 106421.500000 (0,3)
Iteration 74526:  104893.468209 308.000000 109230.200000 (2,1)
Iteration 74564:  104893.468209 308.000000 109083.900000 (0,0)
Iteration 74581:  104360.230746 308.000000 108280.400000 (0,3)
Iteration 74582:  103493.345821 308.000000 108250.200000 (0,3)
Iteration 74583:  103292.908358 308.000000 107956.100000 (0,0)
Iteration 74591:  103220.602388 309.000000 107845.300000 (1,2)
Iteration 74597:  102624.602388 309.000000 107784.100000 (0,2)
Iteration 74605:  102624.602388 309.000000 107556.400000 (0,0)
Iteration 74614:  102421.318806 309.000000 107359.700000 (2,3)
Iteration 74628:  102421.318806 309.000000 106889.800000 (1,0)
Iteration 74631:  102102.647164 307.000000 106235.300000 (0,0)
Iteration 74681:  100696.884627 307.000000 106165.500000 (0,2)
Iteration 74733:  100587.624776 307.000000 105380.600000 (0,0)
Iteration 74785:  98458.224776 307.000000 105213.800000 (1,2)
Iteration 74796:  97569.924776 308.000000 105533.800000 (0,0)
Iteration 74927:  97564.924776 308.000000 103648.000000 (1,2)
Iteration 74942:  95580.230746 308.000000 103434.100000 (0,0)
Iteration 74950:  95275.930746 308.000000 103883.900000 (0,3)
Iteration 74956:  95103.168209 308.000000 103811.800000 (0,3)
Iteration 75056:  95103.168209 308.000000 103429.700000 (0,0)
Iteration 75090:  95080.474179 308.000000 103825.200000 (0,3)
Iteration 75200:  94055.711642 308.000000 102428.300000 (0,3)
total iterations: 660024, time elapsed: 3600.01s
Destroy operator: destroy_random_leafs, Weight: 0.7080, Score: 137830.50, Count: 194657
Destroy operator: destroy_path, Weight: 0.5631, Score: 85882.50, Count: 152514
Destroy operator: destroy_worst_affinity, Weight: 0.5162, Score: 71899.50, Count: 139284
Destroy operator: destroy_district_group, Weight: 0.6158, Score: 106882.50, Count: 173568
Repair operator: repair_greedy_feasible, Weight: 0.6084, Score: 100611.50, Count: 165366
Repair operator: repair_affinity_compact, Weight: 0.5597, Score: 84662.50, Count: 151270
Repair operator: repair_nearest_center, Weight: 0.5687, Score: 87356.50, Count: 153616
Repair operator: repair_2regret, Weight: 0.6843, Score: 129864.50, Count: 189771
