Initial solution objectives: Balance violation = 179347.8124, Affinity loss = 326, Compactness = 93688.6000
Iteration 2:  178054.170746 323.000000 96034.600000 (3,2)
Iteration 5:  174573.322985 325.000000 95358.500000 (3,0)
Iteration 8:  164936.560299 325.000000 93078.100000 (3,3)
Iteration 9:  164936.560299 323.000000 92874.800000 (0,1)
Iteration 11:  164621.640597 323.000000 94857.600000 (3,0)
Iteration 12:  163705.442090 323.000000 94591.100000 (3,3)
Iteration 13:  163199.109104 323.000000 94497.000000 (2,3)
Iteration 125:  161675.444925 311.000000 92079.000000 (3,2)
Iteration 126:  161187.244925 307.000000 92194.300000 (3,1)
Iteration 127:  153778.734478 309.000000 91674.300000 (3,0)
Iteration 128:  152253.230000 309.000000 91531.100000 (2,2)
Iteration 132:  149280.182239 309.000000 92480.800000 (3,3)
Iteration 140:  148794.877761 307.000000 95386.200000 (3,3)
Iteration 143:  148546.597015 305.000000 96085.200000 (3,3)
Iteration 147:  139355.428507 305.000000 97708.100000 (3,3)
Iteration 156:  136848.948209 309.000000 100430.100000 (3,0)
Iteration 159:  136336.042090 308.000000 97470.600000 (3,3)
Iteration 172:  135092.225373 309.000000 98947.000000 (0,3)
Iteration 173:  133847.906119 310.000000 97682.100000 (0,2)
Iteration 4404:  131954.257463 328.000000 94367.700000 (0,0)
Iteration 4405:  131285.276716 328.000000 94928.400000 (3,3)
Iteration 4814:  130527.625672 321.000000 99477.400000 (3,3)
Iteration 4817:  126219.568955 321.000000 100374.800000 (0,0)
Iteration 4850:  123579.863284 317.000000 101005.200000 (0,3)
Iteration 4946:  117898.982388 322.000000 99665.000000 (3,0)
Iteration 8424:  117134.096716 320.000000 100135.400000 (0,3)
Iteration 8425:  117134.096716 320.000000 100164.100000 (3,3)
Iteration 8505:  116860.436716 321.000000 102328.700000 (3,3)
Iteration 8524:  116715.093433 320.000000 99903.300000 (3,3)
Iteration 8530:  116257.887761 319.000000 100210.600000 (0,3)
Iteration 8532:  116257.887761 321.000000 99710.800000 (3,2)
Iteration 8534:  116009.081791 321.000000 100507.900000 (3,3)
Iteration 8539:  115563.093731 321.000000 98863.300000 (0,1)
Iteration 8544:  115268.507015 320.000000 97567.200000 (3,0)
Iteration 8548:  115268.507015 320.000000 96282.600000 (0,2)
Iteration 8836:  114957.671194 321.000000 101034.200000 (3,0)
Iteration 8838:  114318.927761 320.000000 99441.000000 (3,0)
Iteration 8879:  113168.411343 320.000000 99338.800000 (0,3)
Iteration 12536:  110447.230896 324.000000 104130.400000 (0,0)
Iteration 12550:  108734.826418 324.000000 105561.000000 (2,3)
Iteration 12600:  108575.601194 323.000000 105627.800000 (0,0)
Iteration 12611:  106546.811642 323.000000 104607.100000 (0,0)
Iteration 12613:  106081.911493 325.000000 104052.000000 (1,0)
Iteration 12630:  105692.268209 325.000000 104143.300000 (0,0)
Iteration 12634:  102258.868209 325.000000 102865.300000 (1,3)
Iteration 12668:  101809.974030 325.000000 102286.800000 (3,3)
Iteration 12703:  99941.344328 325.000000 101370.300000 (3,3)
Iteration 12705:  99897.244179 325.000000 100611.900000 (3,3)
Iteration 12750:  99801.900896 325.000000 101550.300000 (0,0)
Iteration 12755:  99801.900896 325.000000 101932.400000 (0,3)
Iteration 12763:  99053.271194 325.000000 102092.600000 (0,0)
Iteration 12765:  98540.957761 324.000000 100582.000000 (0,0)
Iteration 12773:  95861.614478 326.000000 101062.500000 (3,0)
Iteration 12775:  95761.614478 326.000000 101885.500000 (3,3)
Iteration 12776:  95711.614478 326.000000 101460.100000 (3,0)
Iteration 12803:  94591.377015 326.000000 101084.400000 (1,0)
Iteration 12813:  94580.082836 326.000000 101038.600000 (0,3)
Iteration 12824:  94023.733881 326.000000 101166.400000 (0,0)
Iteration 12845:  91797.266866 326.000000 101385.000000 (0,0)
Iteration 12856:  91701.923582 326.000000 102705.500000 (3,3)
Iteration 12995:  90802.237313 326.000000 102394.700000 (0,0)
Iteration 13033:  85879.388358 326.000000 105380.500000 (0,0)
Iteration 13057:  85821.807761 326.000000 106517.300000 (3,3)
Iteration 13076:  85353.737463 326.000000 107080.400000 (0,2)
Iteration 13158:  85335.318060 326.000000 104692.000000 (0,3)
Iteration 13254:  84371.880896 327.000000 104986.400000 (0,3)
Iteration 13301:  84301.018209 326.000000 105234.700000 (0,1)
Iteration 13309:  84205.674925 326.000000 106555.200000 (3,3)
Iteration 13313:  84205.674925 326.000000 107064.300000 (0,0)
Iteration 13531:  83356.604627 325.000000 107409.600000 (0,1)
Iteration 13540:  83246.637612 326.000000 107354.800000 (1,2)
Iteration 13631:  82952.337612 326.000000 106125.600000 (0,3)
total iterations: 508201, time elapsed: 3600.02s
Destroy operator: destroy_random_leafs, Weight: 0.6968, Score: 102922.50, Count: 147695
Destroy operator: destroy_path, Weight: 0.5593, Score: 65547.00, Count: 117197
Destroy operator: destroy_worst_affinity, Weight: 0.5151, Score: 55978.00, Count: 108668
Destroy operator: destroy_district_group, Weight: 0.6107, Score: 82220.00, Count: 134640
Repair operator: repair_greedy_feasible, Weight: 0.6076, Score: 78753.00, Count: 129613
Repair operator: repair_affinity_compact, Weight: 0.5536, Score: 64119.00, Count: 115822
Repair operator: repair_nearest_center, Weight: 0.5606, Score: 66234.00, Count: 118156
Repair operator: repair_2regret, Weight: 0.6747, Score: 97561.50, Count: 144609
