Initial solution objectives: Balance violation = 231532.5931, Affinity loss = 331, Compactness = 94542.7000
Iteration 0:  228632.185746 331.000000 94807.300000 (0,0)
Iteration 1:  227105.385746 329.000000 94704.400000 (2,3)
Iteration 2:  219889.064179 329.000000 94353.800000 (0,1)
Iteration 3:  214792.264179 329.000000 96396.300000 (3,0)
Iteration 4:  213809.676119 328.000000 97753.200000 (3,3)
Iteration 10:  213054.497687 326.000000 99181.800000 (3,3)
Iteration 11:  208891.097687 326.000000 100079.200000 (1,3)
Iteration 72:  206955.547015 321.000000 103495.400000 (0,0)
Iteration 73:  206925.666343 321.000000 103324.100000 (0,1)
Iteration 75:  206281.397612 321.000000 103607.200000 (0,3)
Iteration 78:  202619.197015 321.000000 105201.800000 (1,0)
Iteration 79:  202355.802164 320.000000 106411.900000 (3,0)
Iteration 94:  200133.185746 320.000000 100764.700000 (1,3)
Iteration 95:  187349.164179 320.000000 101861.700000 (0,0)
Iteration 124:  187171.554925 319.000000 99498.700000 (3,3)
Iteration 125:  187171.554925 319.000000 99325.700000 (0,3)
Iteration 139:  183396.775373 316.000000 99893.700000 (0,3)
Iteration 216:  179742.824328 309.000000 97524.700000 (3,0)
Iteration 217:  178413.202761 308.000000 96876.400000 (3,0)
Iteration 219:  178413.202761 306.000000 96820.400000 (2,2)
Iteration 220:  178383.322090 306.000000 96649.100000 (0,1)
Iteration 221:  175245.039179 310.000000 101138.000000 (3,0)
Iteration 222:  175245.039179 310.000000 100217.700000 (2,1)
Iteration 223:  174985.822687 310.000000 100315.400000 (3,3)
Iteration 226:  174732.539104 313.000000 100550.000000 (3,3)
Iteration 244:  173655.669851 312.000000 102539.200000 (3,3)
Iteration 246:  173655.669851 310.000000 103647.000000 (3,3)
Iteration 787:  172380.414254 321.000000 99418.700000 (0,3)
Iteration 798:  169021.621642 321.000000 99089.900000 (3,0)
Iteration 799:  165182.633582 322.000000 101318.300000 (3,0)
Iteration 1314:  164008.184701 319.000000 93851.700000 (3,3)
Iteration 1330:  161453.784701 316.000000 100398.300000 (0,0)
Iteration 1331:  160420.996642 316.000000 100143.500000 (1,0)
Iteration 6373:  159500.098284 326.000000 100189.000000 (0,3)
Iteration 6378:  159459.057313 328.000000 97046.500000 (0,3)
Iteration 6379:  159258.788582 328.000000 96793.100000 (3,2)
Iteration 6391:  158676.757313 329.000000 97619.000000 (0,1)
Iteration 6402:  158609.272164 330.000000 94730.500000 (0,2)
Iteration 6407:  145314.721045 328.000000 96518.100000 (3,3)
Iteration 6427:  144768.035299 331.000000 97133.300000 (3,0)
Iteration 6469:  141960.781418 330.000000 99804.800000 (0,0)
Iteration 6475:  141888.807537 330.000000 99561.800000 (0,3)
Iteration 6574:  141711.998433 322.000000 95111.200000 (3,3)
Iteration 6575:  139986.998433 322.000000 95042.900000 (3,0)
Iteration 6579:  137894.972388 322.000000 94722.000000 (3,3)
Iteration 6580:  137894.972388 321.000000 93961.700000 (0,2)
Iteration 6586:  136439.022388 322.000000 97659.000000 (3,0)
Iteration 6590:  136439.022388 322.000000 97752.700000 (3,2)
Iteration 6596:  135958.727537 322.000000 97781.800000 (3,3)
Iteration 6608:  135721.917836 322.000000 97440.200000 (3,3)
Iteration 6716:  135285.476343 320.000000 99996.400000 (0,3)
Iteration 6721:  135285.476343 320.000000 99548.800000 (3,0)
Iteration 6940:  135033.139403 321.000000 97034.400000 (0,3)
Iteration 7022:  134805.119403 322.000000 108661.000000 (3,0)
Iteration 7029:  133279.614925 322.000000 108187.100000 (3,3)
Iteration 7167:  128633.657537 314.000000 102433.100000 (0,3)
Iteration 7175:  128633.657537 314.000000 103753.600000 (3,0)
Iteration 7185:  126916.625672 312.000000 101745.500000 (0,0)
Iteration 7385:  126292.379104 313.000000 101392.900000 (3,2)
Iteration 7390:  125322.984328 315.000000 101957.800000 (0,3)
Iteration 7405:  123921.489478 313.000000 101501.000000 (0,0)
Iteration 7409:  122489.596269 315.000000 104011.200000 (3,3)
Iteration 7482:  122110.321119 314.000000 98900.800000 (3,0)
Iteration 7494:  120989.299552 314.000000 100498.800000 (0,0)
Iteration 7496:  120276.195000 314.000000 100189.700000 (0,3)
Iteration 7497:  118750.690522 314.000000 99530.800000 (3,3)
Iteration 7498:  118743.716642 314.000000 100016.300000 (0,0)
Iteration 7502:  118563.716642 314.000000 99306.800000 (0,3)
Iteration 7536:  117841.669552 314.000000 100539.500000 (3,3)
Iteration 7539:  117230.233806 314.000000 101958.900000 (0,0)
Iteration 7638:  117208.433284 307.000000 95094.500000 (1,3)
Iteration 7650:  116254.542910 307.000000 95655.300000 (0,3)
Iteration 7661:  116163.233209 307.000000 95913.600000 (0,0)
Iteration 7707:  115767.138358 309.000000 99619.900000 (0,0)
Iteration 7819:  115101.945672 307.000000 102595.100000 (0,0)
Iteration 7820:  114469.336045 307.000000 102643.100000 (0,3)
Iteration 7838:  113462.388358 307.000000 103665.900000 (1,0)
Iteration 7854:  112821.657090 308.000000 102115.900000 (1,0)
total iterations: 609019, time elapsed: 3600.01s
Destroy operator: destroy_random_leafs, Weight: 0.7108, Score: 127275.50, Count: 179073
Destroy operator: destroy_path, Weight: 0.5632, Score: 79010.00, Count: 140298
Destroy operator: destroy_worst_affinity, Weight: 0.5159, Score: 66480.50, Count: 128860
Destroy operator: destroy_district_group, Weight: 0.6131, Score: 98575.50, Count: 160787
Repair operator: repair_greedy_feasible, Weight: 0.6060, Score: 93264.00, Count: 153911
Repair operator: repair_affinity_compact, Weight: 0.5653, Score: 79322.00, Count: 140333
Repair operator: repair_nearest_center, Weight: 0.5713, Score: 81144.50, Count: 142045
Repair operator: repair_2regret, Weight: 0.6809, Score: 117611.00, Count: 172729
