Initial solution objectives: Balance violation = 204160.6358, Affinity loss = 318, Compactness = 95559.9000
Iteration 0:  200247.332015 318.000000 95434.300000 (3,0)
Iteration 1:  200247.332015 318.000000 95434.300000 (2,1)
Iteration 504:  193076.207985 303.000000 90111.000000 (3,2)
Iteration 511:  192502.865000 299.000000 92748.100000 (0,3)
Iteration 512:  192028.570149 299.000000 94710.600000 (3,0)
Iteration 517:  183691.523060 298.000000 91400.300000 (3,2)
Iteration 545:  181385.364701 300.000000 92520.900000 (3,0)
Iteration 549:  177859.531866 300.000000 91592.400000 (3,0)
Iteration 551:  177859.531866 295.000000 93663.500000 (3,1)
Iteration 552:  174142.890075 294.000000 92915.700000 (2,3)
Iteration 563:  171434.085075 296.000000 95391.300000 (0,0)
Iteration 1078:  168989.647612 314.000000 100382.000000 (3,3)
Iteration 2626:  166666.532015 317.000000 98427.600000 (3,3)
Iteration 2627:  166666.532015 317.000000 98356.800000 (1,3)
Iteration 3012:  166585.666866 308.000000 99914.400000 (3,3)
Iteration 3015:  166585.666866 308.000000 99523.700000 (3,0)
Iteration 3033:  165289.061866 310.000000 97532.700000 (0,3)
Iteration 3041:  160254.986418 311.000000 99991.600000 (0,3)
Iteration 3358:  158645.996716 308.000000 98555.800000 (3,1)
Iteration 3394:  157369.348955 302.000000 101720.300000 (1,0)
Iteration 3400:  155402.321269 305.000000 102934.500000 (3,0)
Iteration 3401:  155402.321269 305.000000 102167.700000 (3,0)
Iteration 3402:  153489.368358 306.000000 103251.600000 (0,0)
Iteration 3403:  153249.721269 306.000000 102322.900000 (3,3)
Iteration 3404:  153249.721269 306.000000 101878.000000 (3,3)
Iteration 3414:  152336.767015 304.000000 101479.900000 (0,0)
Iteration 3415:  146150.081940 304.000000 102120.400000 (3,0)
Iteration 3458:  144743.096716 295.000000 104725.400000 (0,0)
Iteration 3459:  144743.096716 295.000000 104462.600000 (0,0)
Iteration 3460:  144243.063881 296.000000 103803.800000 (0,3)
Iteration 3463:  144243.063881 296.000000 103194.300000 (3,3)
Iteration 3474:  141435.938657 295.000000 105124.300000 (0,3)
Iteration 3644:  140677.683955 302.000000 100702.100000 (0,3)
Iteration 3657:  137296.869179 303.000000 99821.100000 (3,3)
Iteration 3665:  135288.120746 305.000000 107627.500000 (3,0)
Iteration 12524:  132520.345746 305.000000 98642.700000 (0,0)
Iteration 12537:  132520.345746 305.000000 98133.600000 (0,3)
Iteration 12551:  132520.345746 305.000000 97148.400000 (1,1)
Iteration 12564:  132500.988358 307.000000 99687.700000 (0,3)
Iteration 12566:  132258.997985 307.000000 99353.700000 (1,1)
Iteration 12568:  132258.997985 308.000000 98373.500000 (3,2)
Iteration 12570:  132258.997985 308.000000 97337.000000 (3,2)
Iteration 12743:  131756.368806 305.000000 97781.000000 (0,3)
Iteration 12746:  131756.368806 305.000000 97451.500000 (0,1)
Iteration 12819:  131611.988209 307.000000 97663.700000 (3,0)
Iteration 12820:  131611.988209 306.000000 98405.800000 (3,0)
Iteration 12825:  131611.988209 306.000000 98374.600000 (3,0)
Iteration 12828:  131611.988209 305.000000 99167.100000 (3,3)
Iteration 12851:  131611.988209 305.000000 98987.600000 (0,3)
Iteration 12874:  131523.368806 306.000000 96229.800000 (0,2)
Iteration 12878:  131523.368806 305.000000 97022.300000 (3,3)
Iteration 12881:  131364.693358 305.000000 99281.500000 (0,3)
Iteration 12966:  131276.073955 305.000000 97305.600000 (0,3)
Iteration 12973:  131276.073955 307.000000 96591.600000 (3,3)
Iteration 12976:  131276.073955 303.000000 96474.700000 (3,1)
Iteration 13427:  131040.921045 301.000000 95180.100000 (0,3)
Iteration 13445:  131040.921045 301.000000 94802.600000 (0,3)
Iteration 13470:  130757.412090 301.000000 97829.800000 (0,3)
Iteration 13487:  130628.565000 304.000000 98378.200000 (0,0)
Iteration 13488:  130628.565000 301.000000 98587.600000 (3,3)
Iteration 13670:  130619.036642 303.000000 98740.700000 (0,3)
Iteration 13678:  130619.036642 301.000000 100252.600000 (3,3)
Iteration 13702:  130530.417239 305.000000 99581.600000 (1,2)
Iteration 14034:  130530.417239 307.000000 95481.300000 (0,1)
Iteration 14900:  128334.149925 326.000000 106171.000000 (0,0)
Iteration 14950:  127566.810597 326.000000 106168.400000 (0,3)
Iteration 14951:  127154.320373 326.000000 105377.100000 (0,0)
Iteration 14991:  127132.573284 326.000000 106275.900000 (0,3)
Iteration 14998:  126980.625522 326.000000 106665.900000 (0,0)
Iteration 15000:  126416.326194 328.000000 108456.000000 (0,0)
Iteration 15047:  126416.326194 328.000000 108417.200000 (0,1)
Iteration 15051:  126416.326194 328.000000 107830.400000 (0,3)
Iteration 15085:  126416.326194 328.000000 107587.700000 (0,1)
Iteration 15093:  126035.202985 328.000000 108200.500000 (0,3)
Iteration 15095:  125614.212612 328.000000 107993.300000 (0,3)
Iteration 15151:  125532.160373 328.000000 108973.200000 (1,3)
Iteration 15153:  125532.160373 328.000000 108973.200000 (3,3)
Iteration 15192:  125532.160373 328.000000 108236.000000 (1,3)
Iteration 15200:  125483.232015 326.000000 108128.800000 (0,3)
Iteration 15233:  125483.232015 326.000000 107733.900000 (1,3)
Iteration 15423:  125436.964851 324.000000 109574.100000 (0,3)
Iteration 15455:  125431.964851 322.000000 109558.000000 (0,0)
Iteration 15554:  124948.546940 324.000000 110158.200000 (3,3)
Iteration 15597:  124948.546940 324.000000 110478.400000 (3,0)
Iteration 15600:  124935.989552 324.000000 110197.000000 (0,3)
Iteration 15737:  124923.446269 324.000000 110601.800000 (1,3)
Iteration 15757:  124901.699179 324.000000 111339.000000 (0,3)
Iteration 15763:  124901.699179 324.000000 110798.200000 (0,3)
Iteration 15796:  124890.132015 322.000000 109651.700000 (0,3)
Iteration 15825:  124823.079776 324.000000 110022.700000 (3,3)
Iteration 15831:  124823.079776 324.000000 109285.500000 (0,3)
Iteration 15862:  124823.079776 324.000000 110856.000000 (0,0)
Iteration 15990:  124753.584925 324.000000 109673.300000 (1,0)
Iteration 15992:  124753.584925 324.000000 109673.300000 (0,3)
Iteration 16392:  124753.584925 321.000000 110183.100000 (0,0)
Iteration 16482:  124753.584925 321.000000 107420.200000 (0,3)
Iteration 98265:  124186.460522 319.000000 100309.800000 (3,3)
Iteration 98282:  123951.565672 319.000000 100247.400000 (0,0)
Iteration 98283:  123951.565672 317.000000 99007.400000 (1,3)
Iteration 98319:  123632.737985 319.000000 100146.400000 (3,3)
Iteration 98334:  123632.737985 319.000000 98842.300000 (0,2)
Iteration 98417:  118804.632836 319.000000 99937.200000 (0,0)
Iteration 98532:  118501.832836 317.000000 101592.300000 (0,0)
Iteration 98545:  117102.852239 318.000000 101214.800000 (0,3)
Iteration 98567:  116345.023209 316.000000 100569.000000 (0,0)
Iteration 98643:  116148.575448 316.000000 100719.200000 (0,3)
Iteration 98710:  115399.232836 316.000000 101489.400000 (0,0)
Iteration 98724:  115322.180597 316.000000 101777.800000 (0,3)
Iteration 98744:  114866.752239 316.000000 101610.600000 (0,0)
Iteration 98767:  114584.890373 316.000000 102296.100000 (0,3)
Iteration 98977:  114432.942612 317.000000 102686.100000 (0,0)
Iteration 99152:  114011.952239 317.000000 102478.900000 (0,3)
Iteration 99240:  110945.214925 317.000000 102401.800000 (0,3)
Iteration 99465:  110945.214925 317.000000 102019.700000 (0,0)
total iterations: 564712, time elapsed: 3600.01s
Destroy operator: destroy_random_leafs, Weight: 0.7018, Score: 116151.50, Count: 165507
Destroy operator: destroy_path, Weight: 0.5628, Score: 73763.00, Count: 131069
Destroy operator: destroy_worst_affinity, Weight: 0.5143, Score: 61753.50, Count: 120079
Destroy operator: destroy_district_group, Weight: 0.6074, Score: 89922.50, Count: 148056
Repair operator: repair_greedy_feasible, Weight: 0.6024, Score: 85677.50, Count: 142236
Repair operator: repair_affinity_compact, Weight: 0.5598, Score: 72814.50, Count: 130076
Repair operator: repair_nearest_center, Weight: 0.5693, Score: 75493.00, Count: 132613
Repair operator: repair_2regret, Weight: 0.6734, Score: 107605.50, Count: 159786
