BalanceViolation 3.785000
AffinityLoss 1680.000000
Compactness 99507.543668
District 1
Nodes: 10 25 69 80 140 178 189 203 207 259 264 267 343 358 370 420 441 456 462 464 512 527 544 553 567 570 588 630 631 643 653 714 715 720 728 738 741 799 812 819 826 843 854 921 938 958 974 982 996
Compactness: 4969.470516
Weights: 633.000000 10164.000000 2971.000000
Center Node: 921

District 2
Nodes: 14 36 42 61 89 98 126 242 250 296 356 366 381 400 404 412 418 428 453 481 511 545 569 572 586 662 663 684 687 693 698 700 709 713 729 753 770 775 778 784 824 835 850 897 923 930 955 960 990
Compactness: 4311.678567
Weights: 607.000000 10575.000000 3073.000000
Center Node: 61

District 3
Nodes: 7 15 19 53 68 88 122 158 171 222 226 269 271 274 277 321 323 351 357 379 384 387 393 427 439 489 517 534 554 555 579 633 655 669 716 718 749 762 764 791 809 816 817 820 839 908 933 934 946 948
Compactness: 5574.703685
Weights: 639.000000 10767.000000 2878.000000
Center Node: 171

District 4
Nodes: 62 76 78 86 132 142 149 157 174 233 279 288 299 315 317 324 326 353 395 397 408 410 424 444 467 471 473 506 518 533 556 585 591 629 656 670 675 681 794 818 863 870 871 890 924 940 950 951 957
Compactness: 6262.299906
Weights: 597.000000 10043.000000 2864.000000
Center Node: 408

District 5
Nodes: 85 95 128 148 154 161 169 183 184 192 199 200 225 253 261 273 300 368 380 409 435 463 466 522 542 575 582 583 598 610 616 636 649 657 691 730 737 769 796 822 832 844 862 899 903 939 942 944 968
Compactness: 4419.611175
Weights: 625.000000 10779.000000 2844.000000
Center Node: 862

District 6
Nodes: 16 45 60 64 79 91 103 114 129 137 164 187 197 231 262 263 314 335 337 396 416 457 470 483 504 524 531 557 573 584 603 606 613 614 621 635 673 704 772 889 906 912 914 932 935 969 971 975 981 999
Compactness: 3825.972247
Weights: 637.000000 11012.000000 3099.000000
Center Node: 772

District 7
Nodes: 1 5 6 24 29 40 74 111 117 121 150 156 191 194 195 206 227 234 235 247 249 318 338 354 364 402 406 407 480 490 502 530 538 592 637 640 645 652 654 710 760 771 779 787 815 928 954 970 980
Compactness: 4238.983880
Weights: 609.000000 10725.000000 3023.000000
Center Node: 779

District 8
Nodes: 8 12 26 34 48 71 77 92 119 127 153 177 185 223 260 282 334 361 376 392 433 460 479 494 529 622 625 646 659 672 697 732 740 768 783 788 795 805 845 856 867 887 925 956 959 973 978 985
Compactness: 4648.397212
Weights: 606.000000 10534.000000 2976.000000
Center Node: 12

District 9
Nodes: 23 38 41 65 70 94 101 104 124 170 204 216 218 291 327 329 331 374 378 394 413 415 426 431 469 478 491 496 562 581 594 599 611 638 642 648 701 706 739 742 754 763 776 777 790 793 831 847 869 873 882 931 945 952
Compactness: 5029.772420
Weights: 617.000000 10987.000000 3050.000000
Center Node: 790

District 10
Nodes: 0 32 37 46 49 50 56 93 145 160 173 180 239 248 301 302 308 310 325 333 386 389 405 421 446 475 484 503 519 563 571 578 587 612 620 658 734 736 751 758 765 789 792 813 849 883 892 905 929 949 988
Compactness: 4232.619208
Weights: 612.000000 10497.000000 3106.000000
Center Node: 620

District 11
Nodes: 35 52 72 75 105 106 130 212 237 256 258 266 278 281 286 287 290 295 305 355 359 360 365 417 422 451 454 468 510 525 532 564 605 608 641 702 721 757 774 780 785 802 825 861 872 876 910 913 998
Compactness: 4181.853826
Weights: 627.000000 10215.000000 3117.000000
Center Node: 774

District 12
Nodes: 20 63 90 100 110 112 125 166 186 211 224 255 272 293 307 313 344 363 369 372 401 411 455 474 476 508 539 540 574 577 590 601 609 617 634 666 677 692 726 767 807 811 830 837 838 865 885 961 965 977 997
Compactness: 4454.105306
Weights: 580.000000 10880.000000 2979.000000
Center Node: 539

District 13
Nodes: 17 18 39 57 96 108 116 123 152 176 193 198 243 280 284 332 336 382 383 414 423 425 432 434 445 472 477 486 487 521 546 561 565 595 619 626 667 743 782 786 797 821 829 848 855 874 875 879 909 915 936 941 993 994
Compactness: 4837.866229
Weights: 592.000000 10078.000000 3083.000000
Center Node: 57

District 14
Nodes: 9 31 43 58 99 102 143 175 196 210 220 229 236 252 268 276 294 297 309 311 345 349 371 436 482 485 505 507 516 537 547 566 602 685 688 703 705 719 745 746 750 834 840 858 877 918 926 937 972
Compactness: 5946.167070
Weights: 633.000000 10973.000000 2961.000000
Center Node: 482

District 15
Nodes: 33 120 155 159 168 188 208 214 215 219 232 238 241 246 275 350 373 385 390 440 452 488 509 513 526 541 551 568 596 597 632 650 660 664 696 699 707 708 723 747 846 853 880 896 919 943 976 979 983 984 986
Compactness: 5451.472632
Weights: 620.000000 10362.000000 2889.000000
Center Node: 373

District 16
Nodes: 30 44 113 131 135 146 179 182 190 202 251 254 289 303 312 341 346 403 442 448 459 465 497 515 528 550 576 593 604 628 644 647 661 683 694 725 727 731 744 752 761 781 801 814 833 841 842 852 891 900 907
Compactness: 7779.047511
Weights: 629.000000 10931.000000 2868.000000
Center Node: 694

District 17
Nodes: 11 13 27 47 59 67 82 87 97 115 133 139 144 167 172 181 221 240 283 306 322 328 330 342 347 348 367 391 399 419 495 499 501 523 580 589 639 665 671 678 686 711 756 759 808 836 895 953 964
Compactness: 4199.772947
Weights: 595.000000 10087.000000 3127.000000
Center Node: 756

District 18
Nodes: 2 21 51 54 66 73 83 118 141 151 162 163 165 205 217 257 265 270 292 450 492 493 520 535 548 549 552 558 560 651 676 679 689 712 717 724 755 803 806 851 857 868 888 893 927 966 989 991 995
Compactness: 4398.617945
Weights: 590.000000 10132.000000 2867.000000
Center Node: 676

District 19
Nodes: 3 4 28 55 84 107 134 147 201 230 304 316 319 320 339 352 388 429 437 438 449 498 514 536 543 600 607 618 623 668 674 682 690 695 733 748 804 810 823 828 864 881 884 886 894 902 904 947 962 963 987 992
Compactness: 5902.038143
Weights: 576.000000 10894.000000 3035.000000
Center Node: 864

District 20
Nodes: 22 81 109 136 138 209 213 228 244 245 285 298 340 362 375 377 398 430 443 447 458 461 500 559 615 624 627 680 722 735 766 773 798 800 827 859 860 866 878 898 901 911 916 917 920 922 967
Compactness: 4843.093243
Weights: 582.000000 10408.000000 2874.000000
Center Node: 878
