BalanceViolation 0.000000
AffinityLoss 803.000000
Compactness 53046.951890
District 1
Nodes: 30 51 52 87 119 134 136 161 179 184 192 199 200 209 222 228 230 252 305 416 467 482 486
Compactness: 1996.484055
Weights: 279.000000 5489.000000 1289.000000
Center Node: 30

District 2
Nodes: 5 38 41 60 68 70 94 103 131 139 143 165 196 241 261 273 276 280 291 313 325 341 391 405 407 419 431
Compactness: 2315.036179
Weights: 282.000000 4982.000000 1427.000000
Center Node: 419

District 3
Nodes: 10 13 16 39 67 72 77 108 112 122 128 246 262 265 266 269 298 337 370 375 376 381 466
Compactness: 3152.862112
Weights: 267.000000 5579.000000 1473.000000
Center Node: 370

District 4
Nodes: 6 34 37 44 45 113 154 163 204 256 301 304 322 329 333 386 389 404 406 418 439 443 458 468
Compactness: 3065.696050
Weights: 291.000000 4871.000000 1397.000000
Center Node: 256

District 5
Nodes: 2 26 47 55 74 107 126 145 167 173 186 216 258 259 290 351 379 401 413 442 456 469 477 492
Compactness: 2399.379796
Weights: 263.000000 4795.000000 1346.000000
Center Node: 492

District 6
Nodes: 3 20 28 33 63 93 123 138 140 144 169 208 242 257 292 306 312 315 319 336 352 378 430 434 451 475 480 483
Compactness: 2776.634579
Weights: 317.000000 4706.000000 1498.000000
Center Node: 480

District 7
Nodes: 50 84 110 114 129 162 178 203 220 308 328 340 355 361 366 384 385 395 408 426 453 461 464 487 494
Compactness: 2139.800153
Weights: 292.000000 5612.000000 1419.000000
Center Node: 308

District 8
Nodes: 9 23 27 36 43 46 53 59 81 115 118 172 177 217 233 240 327 358 383 394 422 423 489
Compactness: 1894.551609
Weights: 267.000000 4630.000000 1369.000000
Center Node: 23

District 9
Nodes: 73 88 92 95 105 127 130 152 159 160 187 194 245 254 283 330 335 345 350 396 414 435 447 465 485
Compactness: 2793.745181
Weights: 299.000000 5448.000000 1330.000000
Center Node: 245

District 10
Nodes: 1 7 8 54 65 141 158 193 213 223 249 263 272 309 314 360 372 402 415 420 421 455 460 493
Compactness: 2589.018940
Weights: 310.000000 4930.000000 1342.000000
Center Node: 263

District 11
Nodes: 56 57 62 64 71 133 150 166 168 181 195 206 212 311 326 342 344 410 440 446 454 462 470 488 499
Compactness: 2622.575516
Weights: 284.000000 4797.000000 1393.000000
Center Node: 440

District 12
Nodes: 22 40 79 86 89 132 137 146 151 189 229 232 271 282 302 321 332 347 349 364 392 427 433 457 472 474 490
Compactness: 3073.176992
Weights: 263.000000 4701.000000 1531.000000
Center Node: 232

District 13
Nodes: 4 11 32 42 75 80 106 111 117 156 201 205 210 224 225 236 243 277 279 281 294 303 317 331 346 424
Compactness: 2554.335176
Weights: 280.000000 5353.000000 1528.000000
Center Node: 42

District 14
Nodes: 19 31 48 58 61 66 104 125 147 191 218 227 239 253 275 287 320 334 354 362 367 393 412 432 479 491
Compactness: 3978.503159
Weights: 303.000000 5361.000000 1390.000000
Center Node: 354

District 15
Nodes: 15 35 76 116 153 174 180 214 215 237 244 248 260 267 268 286 299 307 357 359 371 398 403 428 448 449 495
Compactness: 3132.691575
Weights: 312.000000 4614.000000 1535.000000
Center Node: 449

District 16
Nodes: 0 24 83 91 100 135 142 149 202 211 234 250 270 318 339 365 368 380 437 441 459 476 498
Compactness: 1902.590476
Weights: 320.000000 5482.000000 1369.000000
Center Node: 476

District 17
Nodes: 14 21 49 85 101 124 170 176 183 197 235 255 274 288 293 297 324 356 374 387 425 436 444 445 452 463
Compactness: 1945.697514
Weights: 297.000000 5009.000000 1563.000000
Center Node: 445

District 18
Nodes: 12 17 29 69 90 98 109 120 121 148 171 188 198 221 231 247 300 310 316 338 363 373 377 388 438 450 478 481
Compactness: 3662.154566
Weights: 317.000000 5378.000000 1537.000000
Center Node: 377

District 19
Nodes: 18 25 82 96 102 182 190 219 238 278 284 296 348 353 382 397 400 409 417 429 471 473 497
Compactness: 3049.377691
Weights: 276.000000 5248.000000 1529.000000
Center Node: 238

District 20
Nodes: 78 97 99 155 157 164 175 185 207 226 251 264 285 289 295 323 343 369 390 399 411 484 496
Compactness: 2002.640571
Weights: 317.000000 5082.000000 1360.000000
Center Node: 155
