BalanceViolation 248.556000
AffinityLoss 954.000000
Compactness 30750.218927
District 1
Nodes: 11 44 45 128 151 329 340 368 443 464
Compactness: 623.128719
Weights: 127.000000 2296.000000 605.000000
Center Node: 44

District 2
Nodes: 62 101 188 263 265 289 319 389 403 433
Compactness: 665.477123
Weights: 154.000000 1995.000000 545.000000
Center Node: 289

District 3
Nodes: 75 77 79 114 118 146 366 428 465 485
Compactness: 667.645909
Weights: 123.000000 2193.000000 615.000000
Center Node: 146

District 4
Nodes: 220 235 280 282 304 305 308 317 355 372 477
Compactness: 845.403207
Weights: 120.000000 2347.000000 632.000000
Center Node: 305

District 5
Nodes: 25 80 212 216 290 321 325 373 491
Compactness: 586.535444
Weights: 99.000000 2265.000000 544.000000
Center Node: 216

District 6
Nodes: 7 96 110 113 193 247 415 459 493
Compactness: 552.538111
Weights: 109.000000 2327.000000 594.000000
Center Node: 415

District 7
Nodes: 48 59 153 166 199 226 230 251 252
Compactness: 788.993186
Weights: 118.000000 2143.000000 567.000000
Center Node: 48

District 8
Nodes: 9 63 68 108 129 142 213 281 358 476 496
Compactness: 992.054384
Weights: 118.000000 2354.000000 609.000000
Center Node: 358

District 9
Nodes: 35 76 152 169 192 200 201 205 221 391
Compactness: 721.535154
Weights: 125.000000 1995.000000 608.000000
Center Node: 35

District 10
Nodes: 32 47 133 160 168 240 241 271 330 334 339
Compactness: 587.456204
Weights: 114.000000 2344.000000 517.000000
Center Node: 330

District 11
Nodes: 83 136 158 253 301 360 405 417 418 460 468
Compactness: 596.815624
Weights: 112.000000 2334.000000 595.000000
Center Node: 417

District 12
Nodes: 3 71 120 130 132 157 178 232 287 466
Compactness: 805.612493
Weights: 149.000000 1931.000000 613.000000
Center Node: 178

District 13
Nodes: 29 86 222 248 324 364 377 411 478 499
Compactness: 794.085383
Weights: 123.000000 2317.000000 533.000000
Center Node: 364

District 14
Nodes: 16 38 43 98 197 277 322 385 393 416 462
Compactness: 606.907702
Weights: 126.000000 2047.000000 631.000000
Center Node: 197

District 15
Nodes: 33 36 185 218 314 326 375 390 410 480
Compactness: 739.362068
Weights: 121.000000 2327.000000 633.000000
Center Node: 36

District 16
Nodes: 14 18 72 90 343 344 398 400 423 486
Compactness: 570.584489
Weights: 112.000000 2328.000000 580.000000
Center Node: 90

District 17
Nodes: 30 54 58 122 138 256 299 365 396 451 471
Compactness: 624.060890
Weights: 121.000000 2299.000000 541.000000
Center Node: 396

District 18
Nodes: 69 74 140 155 179 182 362 419 447
Compactness: 691.068193
Weights: 107.000000 2090.000000 552.000000
Center Node: 179

District 19
Nodes: 61 82 125 177 264 352 435 436
Compactness: 440.419667
Weights: 123.000000 2143.000000 555.000000
Center Node: 61

District 20
Nodes: 8 121 126 175 215 269 278 323 382 407 461
Compactness: 476.452672
Weights: 134.000000 2024.000000 592.000000
Center Node: 175

District 21
Nodes: 10 17 26 50 55 262 313 347 348 483
Compactness: 525.195094
Weights: 117.000000 2036.000000 634.000000
Center Node: 17

District 22
Nodes: 13 52 70 78 111 284 388 425 438 490 495
Compactness: 975.837472
Weights: 129.000000 2075.000000 526.000000
Center Node: 70

District 23
Nodes: 20 93 145 149 267 275 298 439 453
Compactness: 399.166957
Weights: 108.000000 1970.000000 567.000000
Center Node: 298

District 24
Nodes: 92 167 195 223 285 309 387 437 440 482 492
Compactness: 764.329022
Weights: 126.000000 2233.000000 602.000000
Center Node: 167

District 25
Nodes: 2 15 103 119 123 186 208 300 474 498
Compactness: 490.325940
Weights: 142.000000 2299.000000 493.000000
Center Node: 103

District 26
Nodes: 81 91 161 162 163 165 238 354 421 449
Compactness: 677.601438
Weights: 120.000000 1910.000000 628.000000
Center Node: 165

District 27
Nodes: 24 28 202 231 258 331 376 452 455 473
Compactness: 523.798710
Weights: 112.000000 2010.000000 568.000000
Center Node: 455

District 28
Nodes: 60 147 224 279 312 346 371 378 397 414
Compactness: 528.476708
Weights: 139.000000 2087.000000 533.000000
Center Node: 312

District 29
Nodes: 73 97 104 109 139 227 243 311 328 384
Compactness: 528.700336
Weights: 136.000000 1926.000000 642.000000
Center Node: 109

District 30
Nodes: 100 194 257 274 292 295 307 409 427 457
Compactness: 519.884385
Weights: 134.000000 2142.000000 544.000000
Center Node: 194

District 31
Nodes: 31 39 270 353 402 432 434 467 484 487 494
Compactness: 843.787090
Weights: 163.000000 2125.000000 533.000000
Center Node: 31

District 32
Nodes: 12 51 65 115 206 332 374 386 456
Compactness: 520.935743
Weights: 111.000000 2022.000000 559.000000
Center Node: 206

District 33
Nodes: 56 176 184 228 245 296 302 342 363
Compactness: 513.652941
Weights: 131.000000 2334.000000 521.000000
Center Node: 56

District 34
Nodes: 23 107 187 207 266 381 404 463
Compactness: 451.619646
Weights: 115.000000 1985.000000 641.000000
Center Node: 107

District 35
Nodes: 87 143 148 217 233 242 272 350 408 448
Compactness: 606.947328
Weights: 113.000000 2273.000000 560.000000
Center Node: 242

District 36
Nodes: 102 181 198 229 244 250 320 424 444 481
Compactness: 338.612208
Weights: 115.000000 2337.000000 607.000000
Center Node: 181

District 37
Nodes: 22 117 137 141 159 180 297 333 454
Compactness: 484.553323
Weights: 85.000000 1958.000000 639.000000
Center Node: 159

District 38
Nodes: 27 53 57 183 214 249 261 306 383 392 399
Compactness: 441.878422
Weights: 127.000000 2012.000000 617.000000
Center Node: 249

District 39
Nodes: 88 170 203 234 273 276 356 429 445 458
Compactness: 397.378631
Weights: 118.000000 2286.000000 538.000000
Center Node: 203

District 40
Nodes: 6 105 124 127 135 154 209 210 357 412 479
Compactness: 486.509517
Weights: 132.000000 2318.000000 533.000000
Center Node: 209

District 41
Nodes: 42 67 94 171 172 211 237 335 422 450
Compactness: 683.847492
Weights: 128.000000 2018.000000 592.000000
Center Node: 42

District 42
Nodes: 4 21 46 156 225 239 255 367 401 472
Compactness: 591.933206
Weights: 132.000000 1967.000000 544.000000
Center Node: 46

District 43
Nodes: 34 64 84 144 191 204 294 303 395 413
Compactness: 1007.099086
Weights: 153.000000 1935.000000 591.000000
Center Node: 84

District 44
Nodes: 116 173 189 254 260 336 345 370 394 430
Compactness: 421.476038
Weights: 96.000000 2056.000000 617.000000
Center Node: 254

District 45
Nodes: 95 134 190 351 359 406 420 426 446 470 475
Compactness: 960.194956
Weights: 146.000000 2267.000000 509.000000
Center Node: 420

District 46
Nodes: 1 37 40 85 89 106 219 310 327
Compactness: 426.287843
Weights: 126.000000 1933.000000 579.000000
Center Node: 219

District 47
Nodes: 19 112 164 196 236 286 291 318 337 442 489
Compactness: 906.553440
Weights: 129.000000 2011.000000 633.000000
Center Node: 19

District 48
Nodes: 0 131 174 259 293 341 361 379 431 497
Compactness: 447.839953
Weights: 127.000000 2269.000000 510.000000
Center Node: 361

District 49
Nodes: 41 150 246 268 315 338 349 369 469
Compactness: 419.451777
Weights: 118.000000 2312.000000 547.000000
Center Node: 150

District 50
Nodes: 5 49 66 99 283 288 316 380 441 488
Compactness: 490.207602
Weights: 131.000000 2036.000000 525.000000
Center Node: 441
