BalanceViolation 921.970000
AffinityLoss 1909.000000
Compactness 71530.167345
District 1
Nodes: 85 152 169 184 198 265 298 300 380 409 430 466 542 558 624 636 730 903 920 968
Compactness: 1358.959322
Weights: 238.000000 4084.000000 1240.000000
Center Node: 542

District 2
Nodes: 7 9 31 102 103 229 297 349 371 416 436 505 517 566 567 655 688 719 834 877 908 982
Compactness: 3784.065823
Weights: 267.000000 4330.000000 1223.000000
Center Node: 436

District 3
Nodes: 30 53 68 179 269 277 323 379 427 439 465 497 534 554 604 718 791 817 820
Compactness: 975.129688
Weights: 280.000000 4424.000000 1023.000000
Center Node: 379

District 4
Nodes: 33 155 168 214 215 219 246 275 350 452 488 568 660 696 708 747 919 976 979
Compactness: 1402.833661
Weights: 231.000000 4336.000000 908.000000
Center Node: 214

District 5
Nodes: 61 89 250 356 381 400 404 418 428 453 481 586 687 693 770 778 784 804 930
Compactness: 1491.210405
Weights: 218.000000 4046.000000 1232.000000
Center Node: 930

District 6
Nodes: 11 45 79 82 87 115 167 240 263 322 347 367 396 499 524 621 673 935 953 969 971
Compactness: 1170.155589
Weights: 260.000000 4074.000000 1300.000000
Center Node: 621

District 7
Nodes: 25 140 203 260 334 358 365 460 494 553 622 714 720 741 788 795 867 959 973 978
Compactness: 1061.085822
Weights: 246.000000 4141.000000 1218.000000
Center Node: 973

District 8
Nodes: 1 6 24 191 195 227 338 354 407 437 480 490 654 710 760 771 779 980
Compactness: 792.286192
Weights: 226.000000 4410.000000 1166.000000
Center Node: 980

District 9
Nodes: 62 76 78 94 104 170 204 279 288 299 326 327 331 415 431 478 611 701 873 882 951
Compactness: 1995.268018
Weights: 226.000000 4066.000000 1231.000000
Center Node: 611

District 10
Nodes: 20 90 100 110 125 186 255 363 369 401 411 535 560 574 609 666 692 767 811 837
Compactness: 1587.836842
Weights: 252.000000 4381.000000 1188.000000
Center Node: 369

District 11
Nodes: 44 46 50 145 146 173 182 190 248 303 403 620 731 744 752 789 792 813 842 892
Compactness: 1079.998761
Weights: 242.000000 4351.000000 1173.000000
Center Node: 146

District 12
Nodes: 72 106 133 212 256 268 283 391 580 605 665 671 678 702 785 861 876 895 913
Compactness: 880.718460
Weights: 209.000000 4033.000000 1223.000000
Center Node: 106

District 13
Nodes: 17 39 57 96 108 116 123 319 414 423 432 486 595 607 682 743 786 797 821 879 915 994
Compactness: 1478.144981
Weights: 265.000000 4014.000000 1216.000000
Center Node: 423

District 14
Nodes: 70 124 218 296 366 374 426 469 491 562 581 709 713 729 742 763 776 831 952
Compactness: 757.500733
Weights: 228.000000 4079.000000 1108.000000
Center Node: 469

District 15
Nodes: 58 60 91 164 175 252 294 314 504 516 603 606 685 703 705 906 914 981
Compactness: 941.763730
Weights: 229.000000 4433.000000 1253.000000
Center Node: 504

District 16
Nodes: 8 71 153 208 238 385 392 440 526 551 596 597 664 697 723 768 853 880 925 983 984 985
Compactness: 1425.163472
Weights: 253.000000 4212.000000 1234.000000
Center Node: 8

District 17
Nodes: 69 80 189 259 420 441 456 464 544 588 630 728 799 819 843 854 921 938 974 996
Compactness: 1341.452792
Weights: 257.000000 4039.000000 1221.000000
Center Node: 921

District 18
Nodes: 19 171 180 222 239 325 384 405 484 571 587 612 658 669 736 758 765 933 946 948
Compactness: 1198.328239
Weights: 238.000000 4425.000000 1233.000000
Center Node: 571

District 19
Nodes: 13 47 95 144 200 221 273 330 419 501 522 582 616 639 711 766 832 836 964
Compactness: 1014.837390
Weights: 252.000000 4216.000000 1170.000000
Center Node: 95

District 20
Nodes: 136 138 209 340 375 447 458 500 559 598 615 735 800 827 859 866 878 911 917 944
Compactness: 1402.076831
Weights: 251.000000 4258.000000 1197.000000
Center Node: 878

District 21
Nodes: 51 118 151 162 163 165 205 450 487 492 520 549 552 599 651 712 717 803 851 869 989 995
Compactness: 1438.501155
Weights: 257.000000 4245.000000 1222.000000
Center Node: 151

District 22
Nodes: 142 233 241 315 324 353 395 467 473 506 509 585 591 629 656 794 818 924 940 957
Compactness: 1132.602778
Weights: 239.000000 4227.000000 1251.000000
Center Node: 924

District 23
Nodes: 148 161 225 257 270 293 295 313 372 455 540 564 577 583 617 677 807 830 838 844 942 961 977
Compactness: 1292.787399
Weights: 252.000000 4134.000000 1205.000000
Center Node: 540

District 24
Nodes: 131 251 254 289 442 459 515 550 628 644 647 661 725 727 761 781 814 833 841 852 891
Compactness: 1180.623438
Weights: 248.000000 4310.000000 1120.000000
Center Node: 131

District 25
Nodes: 42 304 316 320 339 406 438 511 514 569 684 695 748 775 810 824 874 902 923 962 987
Compactness: 1816.966120
Weights: 253.000000 4042.000000 1147.000000
Center Node: 304

District 26
Nodes: 38 63 65 132 166 217 272 292 378 394 410 424 518 548 594 670 724 857 885 927 991
Compactness: 1386.343839
Weights: 234.000000 4012.000000 1222.000000
Center Node: 724

District 27
Nodes: 4 28 55 84 134 147 352 449 498 600 618 623 668 674 690 733 828 864 881 884 904 947 963
Compactness: 1419.496403
Weights: 248.000000 4386.000000 1197.000000
Center Node: 4

District 28
Nodes: 34 48 75 119 130 305 359 376 468 479 510 525 608 641 802 872 910
Compactness: 1331.640126
Weights: 242.000000 4414.000000 1153.000000
Center Node: 510

District 29
Nodes: 27 59 67 172 181 199 328 342 348 360 399 495 589 657 686 756 757 759 780
Compactness: 1228.172184
Weights: 243.000000 4127.000000 1299.000000
Center Node: 172

District 30
Nodes: 120 159 174 188 232 373 390 471 541 632 650 675 699 707 846 871 896 943 986
Compactness: 957.788014
Weights: 249.000000 4058.000000 1172.000000
Center Node: 699

District 31
Nodes: 66 213 243 284 332 362 382 425 461 472 477 565 619 667 689 782 829 888 909 941 967
Compactness: 1120.427177
Weights: 248.000000 4237.000000 1240.000000
Center Node: 909

District 32
Nodes: 52 154 183 192 278 368 435 463 532 575 610 649 737 769 796 822 862 899 939
Compactness: 1060.869056
Weights: 228.000000 4387.000000 1098.000000
Center Node: 183

District 33
Nodes: 88 135 158 202 226 271 274 341 357 387 393 528 555 578 593 716 749 762 764 801 816
Compactness: 1118.696535
Weights: 240.000000 4446.000000 1156.000000
Center Node: 593

District 34
Nodes: 107 176 193 230 336 388 445 496 543 626 638 777 823 848 875 886 936 992 993
Compactness: 964.514833
Weights: 171.000000 4348.000000 1094.000000
Center Node: 230

District 35
Nodes: 37 49 93 301 306 308 310 333 386 446 503 519 563 734 751 849 905 929 949 988
Compactness: 979.398437
Weights: 248.000000 4347.000000 1235.000000
Center Node: 929

District 36
Nodes: 210 220 236 258 462 485 507 512 547 570 746 808 826 840 858 926 937 972 998
Compactness: 1194.736899
Weights: 251.000000 4089.000000 1285.000000
Center Node: 507

District 37
Nodes: 2 21 54 83 112 141 211 307 474 493 590 676 679 755 806 868 893 965 966
Compactness: 1073.192664
Weights: 257.000000 4297.000000 1136.000000
Center Node: 2

District 38
Nodes: 0 22 32 56 97 109 128 228 244 253 261 302 389 398 421 443 475 627 691 883 898
Compactness: 1404.507009
Weights: 248.000000 4248.000000 1152.000000
Center Node: 421

District 39
Nodes: 3 36 98 126 201 242 429 434 536 545 662 663 700 753 835 850 955
Compactness: 998.812536
Weights: 230.000000 4170.000000 1240.000000
Center Node: 36

District 40
Nodes: 26 77 127 185 223 224 344 433 476 508 513 539 601 625 634 646 726 732 865 997
Compactness: 1294.559674
Weights: 217.000000 4420.000000 1223.000000
Center Node: 344

District 41
Nodes: 74 81 113 117 194 249 285 346 364 377 637 645 694 773 798 907 916 954 970
Compactness: 1256.256531
Weights: 225.000000 4024.000000 1223.000000
Center Node: 364

District 42
Nodes: 43 99 143 196 207 276 281 309 311 345 482 527 537 602 738 745 750 812 958 999
Compactness: 1413.006658
Weights: 243.000000 4367.000000 1255.000000
Center Node: 750

District 43
Nodes: 23 41 73 101 216 291 329 383 546 642 648 706 739 754 790 793 847 863 931 945
Compactness: 1486.057441
Weights: 256.000000 4090.000000 1135.000000
Center Node: 216

District 44
Nodes: 15 64 122 139 160 321 335 351 470 489 523 557 579 584 633 809 839 889 912 934
Compactness: 1170.020472
Weights: 287.000000 4000.000000 1245.000000
Center Node: 809

District 45
Nodes: 5 18 40 156 280 318 502 521 530 561 592 652 680 722 855 860 894 901 922 928
Compactness: 1161.196200
Weights: 240.000000 4194.000000 1230.000000
Center Node: 592

District 46
Nodes: 16 114 129 137 187 197 231 262 337 457 483 531 573 613 614 635 704 772 932 975
Compactness: 880.434830
Weights: 252.000000 4405.000000 1203.000000
Center Node: 457

District 47
Nodes: 35 105 178 237 266 286 287 290 343 355 417 422 451 454 643 653 721 774 825
Compactness: 1126.520317
Weights: 256.000000 4294.000000 1192.000000
Center Node: 286

District 48
Nodes: 10 12 92 177 264 267 282 361 370 529 631 659 672 715 740 783 805 845 856 887 918 956
Compactness: 3350.071175
Weights: 312.000000 4007.000000 1228.000000
Center Node: 672

District 49
Nodes: 29 111 121 150 206 234 235 245 247 312 402 448 538 576 640 683 787 815 900
Compactness: 936.477339
Weights: 202.000000 4053.000000 1208.000000
Center Node: 247

District 50
Nodes: 14 86 149 157 317 397 408 412 413 444 533 556 572 681 698 870 890 897 950 960 990
Compactness: 7216.673359
Weights: 262.000000 4313.000000 1161.000000
Center Node: 698
