BalanceViolation 616.815000
AffinityLoss 1883.000000
Compactness 62957.581738
District 1
Nodes: 42 300 377 399 516 535 550 564 582 593 595 740 750 793 854 884 934 963 965
Compactness: 1142.765534
Weights: 231.000000 4217.000000 1153.000000
Center Node: 582

District 2
Nodes: 13 30 95 168 294 336 337 355 396 423 461 467 468 513 637 794 832 863 865 878
Compactness: 1940.338473
Weights: 234.000000 4346.000000 1032.000000
Center Node: 168

District 3
Nodes: 81 161 171 205 252 265 338 363 464 502 601 604 647 677 725 762 763 772 814 823 989
Compactness: 1509.315103
Weights: 254.000000 4225.000000 1076.000000
Center Node: 823

District 4
Nodes: 27 54 108 116 188 299 421 449 475 495 540 552 613 629 657 704 717 819 918 921 928
Compactness: 1384.692119
Weights: 249.000000 4048.000000 1314.000000
Center Node: 657

District 5
Nodes: 11 62 127 173 182 276 285 344 350 426 444 528 578 600 679 741 768 775
Compactness: 1152.606440
Weights: 256.000000 4223.000000 1141.000000
Center Node: 679

District 6
Nodes: 18 90 106 189 249 297 301 316 353 388 481 497 518 608 617 634 719 848 901 919 956
Compactness: 1243.810513
Weights: 256.000000 4181.000000 1155.000000
Center Node: 249

District 7
Nodes: 40 55 112 160 166 220 248 407 408 435 478 558 584 602 622 659 782 867 874 887
Compactness: 967.256745
Weights: 264.000000 4150.000000 1064.000000
Center Node: 220

District 8
Nodes: 20 177 233 281 383 393 508 549 559 563 587 590 702 748 809 818 945 969 995
Compactness: 752.328530
Weights: 215.000000 4312.000000 1184.000000
Center Node: 549

District 9
Nodes: 22 125 146 245 283 330 358 472 531 541 556 621 625 703 766 785 816 853 860 976
Compactness: 1547.995577
Weights: 231.000000 4296.000000 1113.000000
Center Node: 358

District 10
Nodes: 36 70 85 195 228 279 400 598 628 633 635 673 686 701 757 813 861 924 957 980
Compactness: 1121.052686
Weights: 255.000000 4370.000000 1070.000000
Center Node: 813

District 11
Nodes: 32 49 63 86 110 260 266 385 405 417 441 484 589 649 665 727 745 846 850 914
Compactness: 1413.666038
Weights: 272.000000 4091.000000 1176.000000
Center Node: 914

District 12
Nodes: 19 51 82 132 165 181 201 210 236 397 457 471 512 537 623 691 812 981 988
Compactness: 994.495056
Weights: 242.000000 4180.000000 1152.000000
Center Node: 19

District 13
Nodes: 61 133 310 323 368 369 452 463 477 486 491 557 599 626 653 661 684 689 744 787 936 962
Compactness: 1375.994836
Weights: 234.000000 4427.000000 1075.000000
Center Node: 310

District 14
Nodes: 129 148 164 238 241 242 289 376 511 536 567 605 692 746 759 760 798 875 903 938
Compactness: 983.530943
Weights: 233.000000 4180.000000 1160.000000
Center Node: 605

District 15
Nodes: 102 124 141 331 390 415 533 568 588 618 627 643 666 676 710 779 839 869 885 951
Compactness: 1746.387311
Weights: 233.000000 4454.000000 1094.000000
Center Node: 618

District 16
Nodes: 96 154 198 223 304 351 410 473 483 614 680 708 709 755 764 769 808 844 877 978 993
Compactness: 1166.548824
Weights: 242.000000 4286.000000 1175.000000
Center Node: 680

District 17
Nodes: 8 99 155 239 291 306 357 427 498 505 546 631 693 712 767 855 870 890 915 920
Compactness: 1051.573150
Weights: 243.000000 4011.000000 1158.000000
Center Node: 155

District 18
Nodes: 4 45 87 135 153 259 286 416 482 492 569 682 774 805 852 873 891 942 991
Compactness: 1218.080689
Weights: 213.000000 4037.000000 1132.000000
Center Node: 852

District 19
Nodes: 24 78 88 120 225 290 292 433 434 462 526 529 592 596 837 851 893 894 966
Compactness: 1489.606908
Weights: 244.000000 4040.000000 1112.000000
Center Node: 290

District 20
Nodes: 1 73 111 157 212 224 247 251 359 361 387 391 499 506 572 620 654 714 720 795
Compactness: 1177.508958
Weights: 253.000000 3976.000000 1189.000000
Center Node: 212

District 21
Nodes: 71 105 109 137 185 187 229 288 314 329 360 375 379 386 575 801 822 833 835 843 907
Compactness: 1045.782866
Weights: 252.000000 4149.000000 1123.000000
Center Node: 375

District 22
Nodes: 7 57 69 80 126 269 347 404 419 425 432 607 658 672 721 780 806 849 899 916 955 983
Compactness: 1441.718633
Weights: 238.000000 4220.000000 1157.000000
Center Node: 69

District 23
Nodes: 17 64 151 190 365 392 456 466 488 525 554 577 786 792 825 838 906 943 970 982
Compactness: 1086.444707
Weights: 205.000000 4103.000000 1113.000000
Center Node: 17

District 24
Nodes: 89 113 296 341 412 517 565 612 667 669 705 784 840 857 872 882 979 986 999
Compactness: 953.978918
Weights: 244.000000 4352.000000 1124.000000
Center Node: 341

District 25
Nodes: 33 65 117 184 235 246 280 523 524 574 579 615 736 738 799 834 898 925 933 974
Compactness: 1115.721688
Weights: 251.000000 4327.000000 1018.000000
Center Node: 117

District 26
Nodes: 92 131 200 208 237 274 295 366 370 371 381 460 470 527 586 638 752 932 940
Compactness: 1053.635084
Weights: 236.000000 4409.000000 1088.000000
Center Node: 752

District 27
Nodes: 2 46 48 145 243 250 255 287 309 447 458 538 560 603 731 804 862 871 950 959
Compactness: 1228.607873
Weights: 241.000000 4390.000000 1074.000000
Center Node: 804

District 28
Nodes: 77 142 199 207 312 430 451 453 454 611 663 687 729 734 749 791 845 948 952
Compactness: 985.711981
Weights: 230.000000 4211.000000 1078.000000
Center Node: 451

District 29
Nodes: 25 162 197 356 382 409 431 480 500 521 619 632 642 674 694 733 810 831 842 917
Compactness: 903.555980
Weights: 243.000000 4253.000000 1179.000000
Center Node: 356

District 30
Nodes: 6 44 53 97 107 121 138 253 271 305 364 494 496 501 636 639 723 868 996
Compactness: 964.424913
Weights: 256.000000 4021.000000 1172.000000
Center Node: 121

District 31
Nodes: 16 26 94 114 226 268 303 319 342 354 443 543 551 675 697 754 783 789 800 880 923 953
Compactness: 2199.099655
Weights: 256.000000 4129.000000 1133.000000
Center Node: 443

District 32
Nodes: 156 174 209 219 257 262 284 315 325 422 424 555 606 641 681 737 807 892 972
Compactness: 971.452352
Weights: 249.000000 4093.000000 1171.000000
Center Node: 424

District 33
Nodes: 28 47 103 115 118 128 143 150 183 217 277 311 519 542 547 690 826 926 935 960 997
Compactness: 1189.532687
Weights: 248.000000 4285.000000 1143.000000
Center Node: 311

District 34
Nodes: 34 72 158 202 231 322 380 420 428 445 515 534 561 562 624 753 776 876 886 968
Compactness: 1168.423108
Weights: 231.000000 4114.000000 1177.000000
Center Node: 428

District 35
Nodes: 21 122 240 264 367 398 437 476 580 610 660 662 683 699 728 781 815 829 836 937 994
Compactness: 1835.633276
Weights: 249.000000 4114.000000 1091.000000
Center Node: 781

District 36
Nodes: 0 98 139 159 169 213 230 244 254 298 327 334 609 630 644 678 726 827 909 910 964
Compactness: 1191.966005
Weights: 251.000000 4320.000000 1151.000000
Center Node: 98

District 37
Nodes: 29 100 163 175 186 215 256 272 373 440 459 465 489 548 648 688 879 881 911 922
Compactness: 1586.586507
Weights: 276.000000 4053.000000 1179.000000
Center Node: 29

District 38
Nodes: 83 91 191 270 349 389 413 455 571 591 594 652 655 698 700 743 896 897 985
Compactness: 1276.812898
Weights: 253.000000 4393.000000 1121.000000
Center Node: 985

District 39
Nodes: 3 12 14 37 56 144 206 227 313 332 450 503 650 670 724 739 751 859 927 939 977
Compactness: 1120.879100
Weights: 261.000000 4400.000000 1075.000000
Center Node: 12

District 40
Nodes: 15 93 179 221 321 414 485 510 544 566 576 616 718 796 856 904 908 941 973 987
Compactness: 915.346477
Weights: 242.000000 4352.000000 1045.000000
Center Node: 414

District 41
Nodes: 10 104 308 352 429 487 532 545 583 597 645 716 765 777 821 913 931 958 971
Compactness: 1157.484854
Weights: 231.000000 4289.000000 1149.000000
Center Node: 765

District 42
Nodes: 41 147 193 211 402 403 469 474 479 507 640 664 685 747 788 820 841 847 858
Compactness: 1667.091063
Weights: 223.000000 4328.000000 1071.000000
Center Node: 664

District 43
Nodes: 170 180 258 278 307 320 395 442 539 646 722 761 771 773 797 803 811 905 944 961
Compactness: 1085.233262
Weights: 231.000000 4133.000000 1169.000000
Center Node: 771

District 44
Nodes: 52 58 68 75 216 222 267 318 346 490 493 585 651 671 696 730 824 990
Compactness: 1053.076251
Weights: 194.000000 4424.000000 1170.000000
Center Node: 68

District 45
Nodes: 5 31 67 76 79 119 134 176 194 203 218 273 275 326 448 573 695 707 711 778 912 947
Compactness: 1482.021651
Weights: 272.000000 4015.000000 1192.000000
Center Node: 711

District 46
Nodes: 35 84 123 140 149 192 214 261 335 339 406 418 504 656 735 742 889 895 900 967
Compactness: 1091.746784
Weights: 241.000000 4379.000000 1076.000000
Center Node: 656

District 47
Nodes: 43 50 74 136 204 232 282 345 348 384 394 436 446 668 715 790 828 830 888 946
Compactness: 1334.887443
Weights: 235.000000 4234.000000 1076.000000
Center Node: 436

District 48
Nodes: 38 39 130 152 178 234 263 293 401 438 509 514 530 570 732 756 770 883 929 930
Compactness: 1200.241326
Weights: 272.000000 4342.000000 997.000000
Center Node: 509

District 49
Nodes: 59 60 302 333 340 362 372 374 378 411 439 706 713 802 817 864 866 902 954 975 984
Compactness: 1372.748071
Weights: 281.000000 4013.000000 1090.000000
Center Node: 439

District 50
Nodes: 9 23 66 101 167 172 196 317 324 328 343 520 522 553 581 758 949 992 998
Compactness: 1898.181892
Weights: 252.000000 4229.000000 1094.000000
Center Node: 66
