BalanceViolation 917.254000
AffinityLoss 951.000000
Compactness 30390.124377
District 1
Nodes: 86 132 134 146 199 222 228 321 349 457 486 490
Compactness: 1157.953405
Weights: 97.000000 1944.000000 601.000000
Center Node: 457

District 2
Nodes: 38 41 70 131 143 261 273 280 291 313 431
Compactness: 704.755633
Weights: 112.000000 2215.000000 544.000000
Center Node: 280

District 3
Nodes: 14 16 21 49 269 293 297 374 387 452
Compactness: 640.278577
Weights: 114.000000 2149.000000 560.000000
Center Node: 49

District 4
Nodes: 6 45 113 204 322 389 404 406 498
Compactness: 448.123787
Weights: 98.000000 1808.000000 586.000000
Center Node: 389

District 5
Nodes: 17 107 145 173 258 351 469 477 492
Compactness: 463.517072
Weights: 113.000000 1913.000000 575.000000
Center Node: 173

District 6
Nodes: 67 272 284 352 370 372 376 420 429
Compactness: 926.527326
Weights: 101.000000 1935.000000 580.000000
Center Node: 420

District 7
Nodes: 84 99 114 164 264 289 308 369 494 496
Compactness: 958.584587
Weights: 137.000000 2054.000000 490.000000
Center Node: 84

District 8
Nodes: 23 27 43 59 81 115 118 172 217 394
Compactness: 495.692539
Weights: 117.000000 2032.000000 618.000000
Center Node: 59

District 9
Nodes: 58 95 104 147 152 275 283 432 435
Compactness: 331.836420
Weights: 102.000000 2010.000000 491.000000
Center Node: 104

District 10
Nodes: 18 46 76 170 288 348 358 359 403 422 471 497
Compactness: 723.941762
Weights: 142.000000 2195.000000 637.000000
Center Node: 497

District 11
Nodes: 12 71 206 310 311 326 440 446 450 454
Compactness: 587.623291
Weights: 110.000000 1933.000000 588.000000
Center Node: 450

District 12
Nodes: 11 42 80 106 117 201 205 279 294 346 407
Compactness: 704.643661
Weights: 109.000000 1921.000000 711.000000
Center Node: 11

District 13
Nodes: 83 127 159 211 234 339 437 447
Compactness: 545.511518
Weights: 121.000000 2230.000000 480.000000
Center Node: 234

District 14
Nodes: 20 28 33 140 144 169 208 306 312 336 378 434 475
Compactness: 1022.647429
Weights: 149.000000 1982.000000 653.000000
Center Node: 378

District 15
Nodes: 30 51 52 179 192 230 252 329 482
Compactness: 345.673350
Weights: 128.000000 2092.000000 545.000000
Center Node: 30

District 16
Nodes: 10 13 72 77 128 262 266 298 466
Compactness: 361.452489
Weights: 90.000000 2081.000000 613.000000
Center Node: 266

District 17
Nodes: 9 53 176 183 197 233 383 423 444 463
Compactness: 692.929032
Weights: 109.000000 2196.000000 614.000000
Center Node: 9

District 18
Nodes: 218 227 239 320 412 418 479
Compactness: 420.232693
Weights: 89.000000 2012.000000 329.000000
Center Node: 479

District 19
Nodes: 25 82 96 102 190 219 278 402 409 417
Compactness: 627.304921
Weights: 127.000000 2056.000000 620.000000
Center Node: 409

District 20
Nodes: 32 111 188 224 281 300 303 317 331
Compactness: 375.179489
Weights: 112.000000 2214.000000 560.000000
Center Node: 331

District 21
Nodes: 29 69 90 109 187 335 350 373 377 396 438 478
Compactness: 609.285424
Weights: 127.000000 2187.000000 589.000000
Center Node: 438

District 22
Nodes: 155 175 185 226 251 295 399 411
Compactness: 350.020159
Weights: 97.000000 2237.000000 498.000000
Center Node: 185

District 23
Nodes: 0 37 44 91 142 178 202 328 368 459
Compactness: 468.567018
Weights: 125.000000 1935.000000 573.000000
Center Node: 91

District 24
Nodes: 103 139 174 177 196 237 241 327 428 448
Compactness: 706.308190
Weights: 112.000000 1925.000000 615.000000
Center Node: 237

District 25
Nodes: 4 47 74 75 116 126 225 236 277 424 456
Compactness: 627.559800
Weights: 121.000000 1936.000000 606.000000
Center Node: 225

District 26
Nodes: 57 63 93 121 123 292 319 342 410 430 480
Compactness: 985.897400
Weights: 119.000000 2167.000000 522.000000
Center Node: 342

District 27
Nodes: 119 133 161 195 305 344 414 462 488 491 499
Compactness: 701.606535
Weights: 133.000000 2236.000000 481.000000
Center Node: 161

District 28
Nodes: 1 8 141 193 263 314 382 421 460 493
Compactness: 555.518683
Weights: 145.000000 1882.000000 584.000000
Center Node: 193

District 29
Nodes: 64 87 136 137 150 168 181 282 332 347 364
Compactness: 566.809529
Weights: 121.000000 1928.000000 647.000000
Center Node: 137

District 30
Nodes: 2 182 296 353 397 400 442 473
Compactness: 457.500828
Weights: 98.000000 2126.000000 543.000000
Center Node: 182

District 31
Nodes: 85 108 112 235 265 274 375 436 445
Compactness: 457.936327
Weights: 106.000000 1918.000000 516.000000
Center Node: 274

District 32
Nodes: 22 40 79 89 189 229 232 392 433 472 474
Compactness: 606.317188
Weights: 126.000000 1964.000000 651.000000
Center Node: 22

District 33
Nodes: 15 35 36 153 180 240 268 286 299 307 489
Compactness: 731.075631
Weights: 134.000000 1876.000000 617.000000
Center Node: 153

District 34
Nodes: 24 100 270 318 362 365 380 393 441 476
Compactness: 419.763875
Weights: 117.000000 1908.000000 499.000000
Center Node: 441

District 35
Nodes: 73 88 92 130 160 245 254 345 465
Compactness: 510.025394
Weights: 112.000000 2057.000000 545.000000
Center Node: 73

District 36
Nodes: 31 48 61 154 163 191 287 354 386 443
Compactness: 473.774768
Weights: 111.000000 2239.000000 523.000000
Center Node: 354

District 37
Nodes: 198 216 247 259 290 316 330 388 401 481 485
Compactness: 1116.881018
Weights: 102.000000 2214.000000 611.000000
Center Node: 401

District 38
Nodes: 5 60 68 94 165 276 325 341 391 405 419
Compactness: 495.892972
Weights: 124.000000 2037.000000 611.000000
Center Node: 325

District 39
Nodes: 26 55 120 148 186 231 338 363 379 413
Compactness: 552.533411
Weights: 118.000000 2241.000000 579.000000
Center Node: 186

District 40
Nodes: 110 129 135 149 250 395 408 453
Compactness: 414.648640
Weights: 110.000000 1860.000000 565.000000
Center Node: 408

District 41
Nodes: 214 215 244 248 260 267 357 371 398 449 495
Compactness: 633.158480
Weights: 127.000000 1858.000000 709.000000
Center Node: 260

District 42
Nodes: 7 54 138 167 238 242 315 360 451 483
Compactness: 799.706876
Weights: 93.000000 2228.000000 601.000000
Center Node: 360

District 43
Nodes: 50 157 203 220 340 366 385 426 464
Compactness: 407.081445
Weights: 111.000000 1968.000000 541.000000
Center Node: 203

District 44
Nodes: 184 200 209 253 334 367 416 467
Compactness: 280.628139
Weights: 105.000000 2045.000000 527.000000
Center Node: 416

District 45
Nodes: 19 34 66 125 256 301 304 333 439 458 468
Compactness: 425.050208
Weights: 145.000000 1866.000000 645.000000
Center Node: 304

District 46
Nodes: 65 101 124 158 249 255 309 324 356 425
Compactness: 737.684321
Weights: 138.000000 2094.000000 476.000000
Center Node: 124

District 47
Nodes: 39 122 213 223 246 337 381 415 455
Compactness: 571.241247
Weights: 104.000000 2131.000000 542.000000
Center Node: 213

District 48
Nodes: 98 105 162 171 194 221 355 361 384 461 487
Compactness: 587.930417
Weights: 115.000000 2048.000000 595.000000
Center Node: 162

District 49
Nodes: 78 97 156 207 210 243 285 323 343 390 484
Compactness: 647.657834
Weights: 140.000000 2132.000000 516.000000
Center Node: 97

District 50
Nodes: 3 56 62 151 166 212 257 271 302 427 470
Compactness: 957.653640
Weights: 123.000000 1852.000000 703.000000
Center Node: 212
