BalanceViolation 164.730000
AffinityLoss 904.000000
Compactness 54579.333848
District 1
Nodes: 3 30 34 107 113 160 166 174 180 232 267 274 308 344 369 370 400 425 451 469 481 482 496
Compactness: 1891.334803
Weights: 307.000000 5551.000000 1403.000000
Center Node: 400

District 2
Nodes: 19 26 65 73 79 102 112 129 162 170 175 177 182 197 240 241 246 249 290 306 349 374 416 417 428 490
Compactness: 2741.099803
Weights: 300.000000 5259.000000 1530.000000
Center Node: 112

District 3
Nodes: 4 5 46 50 53 57 85 96 146 271 296 330 333 337 350 358 362 372 381 383 408 465 478 480 495
Compactness: 2441.195590
Weights: 287.000000 5094.000000 1541.000000
Center Node: 57

District 4
Nodes: 39 131 147 148 151 172 196 205 222 225 227 234 257 278 292 320 326 364 368 395 421 449 453 499
Compactness: 1766.667152
Weights: 335.000000 5200.000000 1389.000000
Center Node: 395

District 5
Nodes: 6 8 36 69 72 108 153 195 198 208 223 256 280 283 309 341 348 378 423 439 461 476 486 493
Compactness: 2432.689151
Weights: 322.000000 5247.000000 1552.000000
Center Node: 309

District 6
Nodes: 16 51 67 68 83 91 111 117 119 144 158 176 184 235 237 252 300 353 363 404 432 458 492 494
Compactness: 1558.272893
Weights: 307.000000 5317.000000 1517.000000
Center Node: 494

District 7
Nodes: 9 14 17 31 38 47 48 52 54 63 204 207 214 260 261 315 325 379 399 410 414 440 448 463 491
Compactness: 4394.279229
Weights: 298.000000 5144.000000 1517.000000
Center Node: 448

District 8
Nodes: 32 37 58 75 94 110 122 135 137 140 194 217 272 281 287 299 382 393 406 431 441 447 466 475
Compactness: 2832.746583
Weights: 269.000000 5494.000000 1503.000000
Center Node: 393

District 9
Nodes: 7 11 98 141 157 185 206 211 226 230 233 243 259 301 304 321 322 324 338 340 347 354 356 407 422 446 450 460
Compactness: 6091.922150
Weights: 324.000000 5552.000000 1393.000000
Center Node: 11

District 10
Nodes: 20 22 33 66 116 126 169 179 183 186 193 209 231 236 285 288 314 334 352 361 384 396 424 462 473
Compactness: 2492.371089
Weights: 301.000000 5006.000000 1552.000000
Center Node: 361

District 11
Nodes: 24 49 56 82 120 127 133 143 152 155 192 210 220 244 245 273 277 295 298 387 412 429 442 483 485
Compactness: 2129.082828
Weights: 317.000000 5566.000000 1413.000000
Center Node: 429

District 12
Nodes: 59 62 71 77 93 95 103 159 213 255 263 282 303 307 332 373 375 389 390 394 401 409 415 418 430 435 488
Compactness: 2943.395479
Weights: 314.000000 5219.000000 1550.000000
Center Node: 418

District 13
Nodes: 15 23 61 81 86 139 156 167 187 203 215 219 275 286 310 311 328 360 403 420 436 467 479
Compactness: 1764.306446
Weights: 288.000000 5084.000000 1505.000000
Center Node: 187

District 14
Nodes: 18 21 89 92 104 163 171 199 258 266 284 294 312 327 336 339 342 351 359 365 392 402 411 444 468 487
Compactness: 2107.209020
Weights: 326.000000 5464.000000 1387.000000
Center Node: 312

District 15
Nodes: 10 44 70 115 121 130 165 168 188 262 264 265 268 276 291 313 329 355 380 397 456 464 477 489
Compactness: 2242.096520
Weights: 310.000000 5095.000000 1527.000000
Center Node: 121

District 16
Nodes: 13 40 41 74 76 90 100 123 134 150 181 200 279 293 297 318 346 385 398 419 437 454 459 470 498
Compactness: 4664.076095
Weights: 318.000000 5181.000000 1425.000000
Center Node: 41

District 17
Nodes: 1 28 35 88 106 136 154 161 212 216 218 221 238 253 289 317 323 357 366 391 433 445 452 455 471 474 497
Compactness: 3144.414920
Weights: 307.000000 5532.000000 1433.000000
Center Node: 238

District 18
Nodes: 2 42 99 128 132 149 164 178 189 190 191 201 242 247 251 335 343 345 367 371 377 413 427 434 443
Compactness: 2241.713544
Weights: 290.000000 5124.000000 1545.000000
Center Node: 201

District 19
Nodes: 27 29 45 78 84 87 101 105 118 138 142 202 229 248 250 269 270 302 305 316 319 331 376 405
Compactness: 2144.851141
Weights: 279.000000 5558.000000 1395.000000
Center Node: 138

District 20
Nodes: 0 12 25 43 55 60 64 80 97 109 114 124 125 145 173 224 228 239 254 386 388 426 438 457 472 484
Compactness: 2555.609411
Weights: 333.000000 5031.000000 1437.000000
Center Node: 484
