BalanceViolation 71.934000
AffinityLoss 1807.000000
Compactness 62612.748186
District 1
Nodes: 0 22 56 95 128 228 244 253 261 302 346 389 398 443 475 582 616 691 832 883 964
Compactness: 1913.861251
Weights: 239.000000 4389.000000 1292.000000
Center Node: 475

District 2
Nodes: 33 153 155 159 168 214 215 219 275 373 452 551 632 660 707 747 919 943 976 979 986
Compactness: 1776.400539
Weights: 255.000000 4576.000000 1149.000000
Center Node: 976

District 3
Nodes: 14 89 250 356 381 404 412 418 453 481 572 586 693 698 778 804 897 930 950 960 990
Compactness: 918.877600
Weights: 247.000000 4498.000000 1241.000000
Center Node: 250

District 4
Nodes: 7 9 31 102 267 297 349 436 505 517 527 566 688 719 738 745 834 877 908 918 982
Compactness: 2707.889869
Weights: 266.000000 4452.000000 1075.000000
Center Node: 719

District 5
Nodes: 34 48 92 119 305 376 433 510 525 529 641 646 867 887 959
Compactness: 848.727328
Weights: 220.000000 4615.000000 1108.000000
Center Node: 34

District 6
Nodes: 118 151 163 165 205 217 292 394 450 478 492 520 548 549 552 599 651 676 712 717 869 989
Compactness: 1172.492944
Weights: 241.000000 4012.000000 1213.000000
Center Node: 549

District 7
Nodes: 30 68 88 158 179 269 271 277 323 379 427 534 554 604 718 764 791 817 820
Compactness: 952.734583
Weights: 287.000000 4649.000000 1066.000000
Center Node: 379

District 8
Nodes: 4 5 24 55 84 134 147 191 318 490 530 600 668 828 881 884 904 928 963
Compactness: 1044.312481
Weights: 220.000000 4482.000000 1074.000000
Center Node: 134

District 9
Nodes: 16 79 129 197 231 262 337 457 483 531 573 606 614 635 772 914 932 975 981
Compactness: 764.269984
Weights: 267.000000 3914.000000 1179.000000
Center Node: 483

District 10
Nodes: 100 174 186 224 232 233 241 255 363 369 372 385 401 411 539 723 767 811 846 957 997
Compactness: 1637.109778
Weights: 255.000000 4581.000000 1209.000000
Center Node: 369

District 11
Nodes: 69 105 212 252 258 268 281 462 485 507 512 516 547 570 605 826 926 972 998
Compactness: 1141.540341
Weights: 253.000000 3998.000000 1286.000000
Center Node: 485

District 12
Nodes: 3 39 98 193 201 320 423 429 432 434 486 536 545 748 797 875 879 936
Compactness: 1040.549309
Weights: 239.000000 4157.000000 1101.000000
Center Node: 432

District 13
Nodes: 15 19 122 171 222 274 325 384 405 555 571 579 612 633 669 765 816 933 934 948
Compactness: 777.090826
Weights: 233.000000 4585.000000 1254.000000
Center Node: 15

District 14
Nodes: 29 113 150 206 234 247 285 312 377 406 448 576 637 640 683 694 787 798 900 970
Compactness: 1185.662504
Weights: 218.000000 3844.000000 1281.000000
Center Node: 576

District 15
Nodes: 141 148 161 183 184 192 225 257 270 455 466 575 610 730 769 796 899 903 939 942
Compactness: 1232.502433
Weights: 266.000000 4133.000000 1186.000000
Center Node: 192

District 16
Nodes: 8 71 177 208 246 350 392 440 568 597 696 697 768 783 788 845 853 880 956 984 985
Compactness: 1562.149770
Weights: 253.000000 4132.000000 1278.000000
Center Node: 71

District 17
Nodes: 41 70 101 124 216 329 374 426 469 562 581 642 709 713 742 754 763 776 831 945
Compactness: 852.588765
Weights: 248.000000 4565.000000 1134.000000
Center Node: 742

District 18
Nodes: 152 169 209 213 298 332 362 425 458 472 500 559 565 624 667 827 878 909 920 967
Compactness: 1000.146691
Weights: 223.000000 4446.000000 1287.000000
Center Node: 624

District 19
Nodes: 62 76 78 86 149 157 288 299 317 326 397 408 413 444 533 556 681 863 870 890 951
Compactness: 1292.764118
Weights: 249.000000 3908.000000 1215.000000
Center Node: 326

District 20
Nodes: 10 80 140 178 189 259 264 370 456 464 553 567 588 631 659 715 799 854 921 938 974 996
Compactness: 1533.395050
Weights: 267.000000 4110.000000 1176.000000
Center Node: 189

District 21
Nodes: 11 13 27 59 67 115 144 172 181 210 342 399 419 495 639 671 756 808 836 858 937
Compactness: 1047.002923
Weights: 267.000000 3942.000000 1301.000000
Center Node: 756

District 22
Nodes: 17 96 108 304 339 511 595 674 682 684 695 753 786 810 821 824 850 874 902 923 955 962 987
Compactness: 2011.751909
Weights: 264.000000 4470.000000 1173.000000
Center Node: 682

District 23
Nodes: 40 74 81 117 156 194 245 249 364 502 538 645 652 722 773 916 954
Compactness: 891.760781
Weights: 222.000000 3848.000000 1099.000000
Center Node: 249

District 24
Nodes: 44 46 50 145 146 182 190 248 303 503 725 731 744 752 761 789 842 907
Compactness: 919.288702
Weights: 229.000000 4420.000000 1089.000000
Center Node: 789

District 25
Nodes: 58 60 91 114 175 187 220 294 309 314 371 482 613 703 704 705 746 840 999
Compactness: 1059.488204
Weights: 229.000000 4571.000000 1272.000000
Center Node: 294

District 26
Nodes: 72 106 133 256 266 287 290 360 391 417 580 589 665 702 785 861 876 895 913
Compactness: 813.995816
Weights: 205.000000 4077.000000 1289.000000
Center Node: 913

District 27
Nodes: 21 293 313 476 540 577 583 617 634 677 726 737 802 807 830 838 844 865 872 961 977
Compactness: 1399.022506
Weights: 248.000000 4435.000000 1201.000000
Center Node: 977

District 28
Nodes: 136 138 243 284 340 421 561 592 615 619 680 735 782 800 855 859 860 866 901 917 922
Compactness: 2123.267179
Weights: 253.000000 3912.000000 1165.000000
Center Node: 619

District 29
Nodes: 120 142 188 315 390 471 473 488 509 541 591 629 650 656 675 699 708 794 818 871
Compactness: 1242.007725
Weights: 210.000000 4573.000000 1127.000000
Center Node: 120

District 30
Nodes: 37 49 87 139 160 180 310 333 386 446 470 484 523 563 751 758 849 905 929 953
Compactness: 921.205473
Weights: 249.000000 3875.000000 1301.000000
Center Node: 484

District 31
Nodes: 43 99 143 196 207 229 276 311 345 420 441 537 602 630 728 750 812 819 843 958
Compactness: 1350.534406
Weights: 267.000000 4264.000000 1309.000000
Center Node: 345

District 32
Nodes: 38 94 104 170 204 279 291 327 331 378 415 431 611 648 701 706 739 790 793 847 873 882
Compactness: 1780.312801
Weights: 239.000000 3834.000000 1295.000000
Center Node: 611

District 33
Nodes: 85 109 154 200 273 375 409 430 435 447 522 598 627 766 862 898 911 944 968
Compactness: 980.390839
Weights: 270.000000 4471.000000 1083.000000
Center Node: 598

District 34
Nodes: 2 20 54 83 112 125 211 272 307 474 518 535 560 574 590 609 666 857 927 965 991
Compactness: 1823.795562
Weights: 242.000000 3907.000000 1125.000000
Center Node: 927

District 35
Nodes: 63 65 110 132 166 324 353 395 410 424 467 506 585 594 670 692 724 885 924 940
Compactness: 1385.488115
Weights: 261.000000 3835.000000 1291.000000
Center Node: 585

District 36
Nodes: 36 42 61 126 242 296 366 400 428 569 662 663 687 700 729 770 775 784 835
Compactness: 1131.936402
Weights: 233.000000 4035.000000 1273.000000
Center Node: 835

District 37
Nodes: 23 107 176 218 230 388 445 491 496 543 546 638 777 823 848 886 931 952 992 993
Compactness: 997.997069
Weights: 220.000000 4485.000000 1202.000000
Center Node: 777

District 38
Nodes: 53 202 226 239 341 357 387 393 439 459 578 587 593 658 716 736 749 762 801 891 946
Compactness: 1090.827926
Weights: 245.000000 4560.000000 1111.000000
Center Node: 749

District 39
Nodes: 35 237 286 295 343 355 422 451 454 468 532 544 643 653 721 741 774 825 910
Compactness: 1377.232980
Weights: 263.000000 4031.000000 1183.000000
Center Node: 286

District 40
Nodes: 1 6 111 121 195 227 235 338 354 402 407 480 654 710 760 771 779 815 980
Compactness: 886.655684
Weights: 224.000000 4525.000000 1179.000000
Center Node: 195

District 41
Nodes: 45 164 167 236 263 322 347 348 396 499 504 524 603 621 685 686 759 906 969
Compactness: 960.796139
Weights: 217.000000 4090.000000 1251.000000
Center Node: 348

District 42
Nodes: 51 66 198 300 380 493 542 636 679 755 803 806 851 868 888 893 966 995
Compactness: 1262.592446
Weights: 241.000000 3954.000000 1117.000000
Center Node: 851

District 43
Nodes: 26 77 90 127 185 223 238 282 344 361 508 513 526 596 601 625 664 732 837 896 925 983
Compactness: 1492.141214
Weights: 258.000000 4273.000000 1078.000000
Center Node: 732

District 44
Nodes: 131 135 251 254 289 442 465 497 515 528 550 628 644 647 661 727 781 814 833 841 852
Compactness: 1004.992799
Weights: 257.000000 4155.000000 1084.000000
Center Node: 852

District 45
Nodes: 12 25 203 260 334 358 365 460 479 494 622 672 714 720 740 795 805 856 973 978
Compactness: 1081.253272
Weights: 250.000000 4065.000000 1297.000000
Center Node: 260

District 46
Nodes: 18 28 116 280 316 319 352 437 438 449 498 514 521 607 618 623 690 733 864 894 947
Compactness: 1462.300240
Weights: 231.000000 3876.000000 1281.000000
Center Node: 618

District 47
Nodes: 64 103 137 240 321 335 351 367 416 489 557 584 655 673 809 839 889 912 935 971
Compactness: 1060.577271
Weights: 271.000000 3800.000000 1200.000000
Center Node: 335

District 48
Nodes: 57 73 123 162 265 336 382 383 414 461 477 487 558 626 689 743 829 915 941 994
Compactness: 1313.848833
Weights: 214.000000 4109.000000 1243.000000
Center Node: 941

District 49
Nodes: 32 82 93 97 173 221 301 306 308 330 403 501 519 620 711 734 792 813 892 949 988
Compactness: 1356.416249
Weights: 259.000000 4093.000000 1187.000000
Center Node: 988

District 50
Nodes: 47 52 75 130 199 278 283 328 359 368 463 564 608 649 657 678 757 780 822
Compactness: 1028.800557
Weights: 222.000000 4512.000000 1074.000000
Center Node: 822
