BalanceViolation 251.874000
AffinityLoss 1865.000000
Compactness 62720.851499
District 1
Nodes: 42 53 101 123 206 350 368 423 439 450 570 601 636 642 693 729 808 855 866 869 872
Compactness: 1227.247829
Weights: 236.000000 4668.000000 1106.000000
Center Node: 123

District 2
Nodes: 133 153 155 181 229 296 323 347 425 483 662 778 887 897 914 924 929 968
Compactness: 839.857265
Weights: 206.000000 3992.000000 1153.000000
Center Node: 483

District 3
Nodes: 28 196 236 285 357 387 416 421 468 523 574 608 728 756 802 871 937 944
Compactness: 957.619745
Weights: 199.000000 4086.000000 1077.000000
Center Node: 937

District 4
Nodes: 64 134 141 146 255 378 504 505 521 537 555 587 659 672 739 794 854 892 898 925 996
Compactness: 1293.051917
Weights: 257.000000 4419.000000 992.000000
Center Node: 854

District 5
Nodes: 57 63 74 113 164 262 443 544 566 649 666 686 764 766 779 806 873 893 910 916 926 948
Compactness: 1204.003892
Weights: 240.000000 4241.000000 1050.000000
Center Node: 74

District 6
Nodes: 48 80 128 130 222 233 263 269 424 455 538 586 593 654 738 752 757 896 941 982
Compactness: 1155.070563
Weights: 237.000000 4092.000000 1247.000000
Center Node: 757

District 7
Nodes: 52 62 70 144 301 339 341 414 432 473 571 615 668 843 883 922 977
Compactness: 1255.464878
Weights: 207.000000 3780.000000 1046.000000
Center Node: 62

District 8
Nodes: 87 191 192 254 407 410 492 675 679 725 734 759 783 789 817 853 868 909 962 963
Compactness: 1002.371256
Weights: 235.000000 3975.000000 1231.000000
Center Node: 492

District 9
Nodes: 99 105 174 284 401 428 535 553 557 560 599 670 677 681 753 786 788 848 886 967 981
Compactness: 1112.627251
Weights: 242.000000 3848.000000 1121.000000
Center Node: 401

District 10
Nodes: 31 39 41 59 60 239 286 297 307 333 358 375 556 561 622 692 722 765 769 830 862
Compactness: 1415.951091
Weights: 282.000000 3819.000000 1060.000000
Center Node: 765

District 11
Nodes: 32 35 195 224 243 329 354 404 437 444 487 568 592 743 775 787 818 876 902 933 935
Compactness: 1486.493673
Weights: 222.000000 4252.000000 1237.000000
Center Node: 787

District 12
Nodes: 16 121 129 143 159 267 373 496 534 627 645 745 749 781 822 844 903 943 958 978
Compactness: 1056.352032
Weights: 250.000000 4487.000000 1206.000000
Center Node: 121

District 13
Nodes: 0 37 116 147 160 194 207 221 277 343 371 518 575 595 630 687 793 795 799 829 841
Compactness: 1459.736505
Weights: 240.000000 4422.000000 1246.000000
Center Node: 799

District 14
Nodes: 2 21 110 219 261 314 322 359 388 511 548 562 589 635 641 661 669 776 791 837 954
Compactness: 1234.608748
Weights: 226.000000 4623.000000 1226.000000
Center Node: 635

District 15
Nodes: 13 97 182 198 245 315 334 348 393 454 495 545 550 569 603 634 674 836 890 913 989
Compactness: 1113.024998
Weights: 256.000000 4023.000000 1122.000000
Center Node: 182

District 16
Nodes: 27 38 58 84 94 96 199 231 289 363 376 398 475 488 559 579 600 628 761 784 821
Compactness: 2551.610740
Weights: 235.000000 3989.000000 1249.000000
Center Node: 475

District 17
Nodes: 81 102 132 148 184 223 275 294 345 361 369 390 611 626 712 780 840 936 950 985
Compactness: 1197.864381
Weights: 225.000000 4104.000000 1163.000000
Center Node: 223

District 18
Nodes: 5 22 82 163 215 218 288 338 353 500 501 528 563 585 624 678 710 798 813 878
Compactness: 2102.749351
Weights: 253.000000 4186.000000 1260.000000
Center Node: 500

District 19
Nodes: 54 75 186 244 302 470 486 517 520 647 774 777 797 803 825 851 856 877 915 959
Compactness: 986.772893
Weights: 210.000000 4611.000000 1068.000000
Center Node: 959

District 20
Nodes: 18 46 86 100 109 118 151 185 287 295 419 459 463 716 827 879 942 955 979
Compactness: 860.256465
Weights: 250.000000 4667.000000 1255.000000
Center Node: 942

District 21
Nodes: 36 203 237 304 316 377 436 460 680 697 707 760 773 792 823 901 918 990
Compactness: 841.496086
Weights: 271.000000 4527.000000 1058.000000
Center Node: 760

District 22
Nodes: 10 19 24 226 227 251 265 324 346 355 420 474 551 617 733 748 758 923 927 986 993
Compactness: 1182.960456
Weights: 228.000000 3947.000000 1276.000000
Center Node: 251

District 23
Nodes: 25 40 200 305 308 344 351 379 464 482 508 552 633 660 708 800 934 969
Compactness: 775.970753
Weights: 239.000000 4525.000000 1146.000000
Center Node: 308

District 24
Nodes: 23 69 122 137 138 152 311 318 337 342 461 491 503 510 532 772 849 860 888 938 945 949 953 998
Compactness: 1550.513535
Weights: 263.000000 4669.000000 1241.000000
Center Node: 23

District 25
Nodes: 47 73 79 187 256 272 281 352 400 402 431 539 620 658 820 826 865 965 995
Compactness: 1742.192385
Weights: 263.000000 3923.000000 1047.000000
Center Node: 272

District 26
Nodes: 7 68 95 111 139 161 165 180 190 209 280 415 447 476 512 597 646 655 706 884 976 994
Compactness: 2798.424857
Weights: 261.000000 4407.000000 1279.000000
Center Node: 7

District 27
Nodes: 8 30 51 119 136 228 252 260 312 367 405 406 442 456 526 704 727 814 819 889 931 980
Compactness: 1252.027732
Weights: 248.000000 4441.000000 1240.000000
Center Node: 30

District 28
Nodes: 83 104 156 235 247 279 321 395 396 422 471 516 530 606 683 684 691 750 801 859
Compactness: 1369.862323
Weights: 227.000000 4072.000000 1268.000000
Center Node: 606

District 29
Nodes: 12 124 145 162 177 212 238 499 531 573 582 613 702 742 790 835 846 850 946
Compactness: 1311.273760
Weights: 244.000000 4472.000000 1098.000000
Center Node: 702

District 30
Nodes: 4 14 56 120 241 298 340 427 451 494 525 572 578 591 604 625 682 718 762 833 900
Compactness: 1402.968082
Weights: 230.000000 4592.000000 1250.000000
Center Node: 494

District 31
Nodes: 65 150 157 201 335 380 397 435 481 536 543 554 616 631 731 885 894 973 974
Compactness: 1132.297173
Weights: 223.000000 4600.000000 1121.000000
Center Node: 157

District 32
Nodes: 29 89 303 309 317 328 412 417 449 506 540 547 564 689 709 809 828 870 928
Compactness: 1420.458394
Weights: 212.000000 4172.000000 1071.000000
Center Node: 828

District 33
Nodes: 49 55 67 178 242 258 306 320 331 413 507 605 639 650 696 719 751 811 947
Compactness: 1111.411506
Weights: 238.000000 4601.000000 1254.000000
Center Node: 751

District 34
Nodes: 33 66 78 114 167 169 273 319 372 383 445 462 484 533 652 673 721 831 939 940 975 987
Compactness: 1553.393591
Weights: 247.000000 4298.000000 1278.000000
Center Node: 383

District 35
Nodes: 175 176 179 217 253 270 282 370 409 426 478 489 541 567 602 614 768 847 970 971
Compactness: 895.643873
Weights: 237.000000 4679.000000 1070.000000
Center Node: 970

District 36
Nodes: 3 11 15 17 71 108 173 189 197 325 326 349 394 430 558 590 705 875 895 988
Compactness: 1134.124365
Weights: 267.000000 3826.000000 1179.000000
Center Node: 590

District 37
Nodes: 43 85 107 127 214 257 274 299 310 327 366 391 524 576 584 699 858 891 921
Compactness: 1255.542775
Weights: 253.000000 4039.000000 1224.000000
Center Node: 85

District 38
Nodes: 45 72 171 183 240 249 336 392 411 479 493 502 522 623 701 703 717 842 882 899 956
Compactness: 1325.884679
Weights: 246.000000 4489.000000 1062.000000
Center Node: 623

District 39
Nodes: 142 234 250 268 271 356 441 485 515 577 594 609 656 685 735 771 815 867 908 919 964 999
Compactness: 1178.941810
Weights: 241.000000 4603.000000 1238.000000
Center Node: 908

District 40
Nodes: 20 50 103 135 188 216 292 313 581 664 667 720 736 763 770 920 972 983
Compactness: 1211.215416
Weights: 221.000000 3974.000000 1011.000000
Center Node: 581

District 41
Nodes: 9 26 61 125 166 170 283 293 382 385 446 465 588 619 694 698 723 767 838 861 906 932 991
Compactness: 989.766517
Weights: 256.000000 4651.000000 1215.000000
Center Node: 861

District 42
Nodes: 34 44 76 158 172 193 202 211 291 467 632 637 657 676 724 741 744 754 832 930
Compactness: 1157.334650
Weights: 268.000000 3825.000000 1155.000000
Center Node: 657

District 43
Nodes: 106 126 140 225 276 452 472 497 519 583 598 621 665 695 714 730 782 812 880
Compactness: 1371.499507
Weights: 236.000000 3901.000000 1261.000000
Center Node: 472

District 44
Nodes: 1 98 168 210 259 264 290 434 469 513 529 549 638 713 726 864 911 952 997
Compactness: 786.894574
Weights: 267.000000 3897.000000 1143.000000
Center Node: 513

District 45
Nodes: 112 117 131 213 246 384 389 457 458 514 629 644 651 663 732 805 857 881 966
Compactness: 1171.698045
Weights: 206.000000 4664.000000 1030.000000
Center Node: 732

District 46
Nodes: 115 230 266 374 381 429 438 448 466 527 618 643 690 737 747 807 863 905 907
Compactness: 1078.925301
Weights: 228.000000 4593.000000 1152.000000
Center Node: 230

District 47
Nodes: 91 149 205 300 365 433 453 490 565 640 648 653 671 740 755 839 845 957
Compactness: 943.072303
Weights: 255.000000 3855.000000 1095.000000
Center Node: 845

District 48
Nodes: 6 154 220 232 360 362 386 418 580 607 610 612 711 746 785 804 834 904
Compactness: 888.070013
Weights: 229.000000 4099.000000 1081.000000
Center Node: 804

District 49
Nodes: 90 92 204 248 332 364 399 403 440 477 498 509 542 546 596 700 816 824 874 912 960
Compactness: 1444.065774
Weights: 263.000000 3935.000000 1219.000000
Center Node: 542

District 50
Nodes: 77 88 93 208 278 330 408 480 688 715 796 810 852 917 951 961 984 992
Compactness: 930.185791
Weights: 244.000000 3836.000000 1267.000000
Center Node: 852
