BalanceViolation 324.651000
AffinityLoss 1805.000000
Compactness 69333.850477
District 1
Nodes: 0 57 127 136 139 182 185 301 312 431 463 483 628 817 872 892 918 943 945 968 973 995
Compactness: 1450.130416
Weights: 208.000000 4375.000000 1230.000000
Center Node: 301

District 2
Nodes: 58 61 63 141 180 191 227 274 284 327 341 541 560 586 614 618 650 651 657 709 746 792 871 988
Compactness: 1880.574208
Weights: 242.000000 4022.000000 1176.000000
Center Node: 650

District 3
Nodes: 29 35 49 77 78 98 176 190 193 249 306 310 357 459 474 528 630 685 743 758 780 853 873 954
Compactness: 1679.058116
Weights: 246.000000 4312.000000 1219.000000
Center Node: 193

District 4
Nodes: 69 75 115 142 164 194 198 219 532 598 617 676 690 734 858 868 932 977 978
Compactness: 1139.713456
Weights: 246.000000 4048.000000 1112.000000
Center Node: 532

District 5
Nodes: 11 108 113 130 208 265 270 285 379 411 491 525 680 749 768 773 775 874 940 952
Compactness: 987.928904
Weights: 226.000000 4118.000000 1194.000000
Center Node: 130

District 6
Nodes: 2 26 44 99 160 297 334 335 339 350 419 440 563 660 713 803 813 820 842 927 961
Compactness: 1340.921018
Weights: 254.000000 4026.000000 1108.000000
Center Node: 961

District 7
Nodes: 89 120 147 158 192 296 348 354 487 514 524 540 588 677 679 711 774 935 947
Compactness: 1208.910271
Weights: 247.000000 4119.000000 1109.000000
Center Node: 487

District 8
Nodes: 21 38 105 106 119 189 260 324 405 605 624 643 647 692 694 718 812 830 843 870
Compactness: 2543.503482
Weights: 244.000000 4327.000000 1182.000000
Center Node: 119

District 9
Nodes: 14 171 197 232 233 275 317 323 426 473 516 523 553 740 759 816 818 901 928 938 942 964
Compactness: 3051.831230
Weights: 282.000000 4168.000000 1169.000000
Center Node: 14

District 10
Nodes: 20 124 251 286 291 298 299 305 308 468 475 637 653 782 822 887 923 930 937
Compactness: 1088.179795
Weights: 233.000000 4172.000000 1206.000000
Center Node: 822

District 11
Nodes: 4 34 168 279 283 288 307 361 373 507 513 533 559 576 659 672 789 847 865 881 886
Compactness: 1420.273181
Weights: 254.000000 3991.000000 1208.000000
Center Node: 361

District 12
Nodes: 25 84 110 166 213 254 264 470 575 635 688 714 725 757 766 778 894 907 972
Compactness: 1256.219951
Weights: 191.000000 4278.000000 1184.000000
Center Node: 213

District 13
Nodes: 64 247 365 393 434 458 477 482 495 602 606 627 662 761 794 806 836 860 864 949
Compactness: 1536.803095
Weights: 237.000000 4235.000000 1160.000000
Center Node: 761

District 14
Nodes: 18 31 71 94 161 170 204 252 269 326 374 407 539 552 636 683 745 819 880 956
Compactness: 1301.399261
Weights: 206.000000 4047.000000 1201.000000
Center Node: 269

District 15
Nodes: 90 92 101 187 220 292 293 349 471 583 603 612 674 724 735 762 828 835 979
Compactness: 1308.317633
Weights: 231.000000 4193.000000 1196.000000
Center Node: 293

District 16
Nodes: 33 41 72 165 172 215 221 228 250 261 451 478 504 555 567 577 616 936 959 986
Compactness: 1274.328041
Weights: 247.000000 4192.000000 1196.000000
Center Node: 567

District 17
Nodes: 27 117 163 195 263 352 394 403 422 466 469 545 556 623 671 687 712 829 905 981
Compactness: 1380.113025
Weights: 246.000000 4148.000000 1161.000000
Center Node: 163

District 18
Nodes: 16 156 231 320 443 450 527 571 580 631 783 799 851 856 875 889 899 948
Compactness: 984.014460
Weights: 207.000000 4384.000000 1230.000000
Center Node: 450

District 19
Nodes: 48 54 188 210 225 302 343 362 460 634 655 668 700 772 802 827 852 867 969
Compactness: 710.150803
Weights: 207.000000 4071.000000 1165.000000
Center Node: 302

District 20
Nodes: 86 93 111 135 205 216 287 378 397 398 402 409 561 589 591 675 825 854 879
Compactness: 1146.039049
Weights: 242.000000 4088.000000 1162.000000
Center Node: 86

District 21
Nodes: 17 42 45 50 181 199 209 280 353 360 399 435 549 611 661 771 776 922 946
Compactness: 1119.109488
Weights: 225.000000 4242.000000 1102.000000
Center Node: 45

District 22
Nodes: 13 56 67 200 295 436 449 462 472 498 499 530 648 704 705 784 859 919 951 989
Compactness: 1243.307759
Weights: 250.000000 4236.000000 1145.000000
Center Node: 462

District 23
Nodes: 1 5 68 83 177 184 241 417 452 597 599 639 644 754 808 898 929 966 999
Compactness: 995.891445
Weights: 219.000000 4360.000000 1164.000000
Center Node: 68

District 24
Nodes: 3 22 24 88 145 151 257 328 384 448 494 496 515 522 536 702 815 903 939
Compactness: 927.968811
Weights: 252.000000 4119.000000 1213.000000
Center Node: 939

District 25
Nodes: 46 112 143 243 259 294 319 356 375 442 476 600 609 664 670 678 723 748 834 910
Compactness: 1333.226155
Weights: 277.000000 4147.000000 1144.000000
Center Node: 243

District 26
Nodes: 55 245 255 369 376 420 438 439 505 518 578 587 728 764 767 769 821 824 876 931
Compactness: 1245.247631
Weights: 245.000000 4401.000000 1130.000000
Center Node: 767

District 27
Nodes: 9 70 74 123 159 203 237 272 406 424 489 526 548 565 607 619 642 698 701 720 753
Compactness: 3607.926614
Weights: 243.000000 4265.000000 1097.000000
Center Node: 565

District 28
Nodes: 37 183 368 506 517 537 570 596 633 739 741 751 809 823 866 877 895 900 953 965
Compactness: 1945.260280
Weights: 239.000000 4008.000000 1172.000000
Center Node: 823

District 29
Nodes: 23 53 81 144 153 155 201 273 321 363 391 423 485 658 695 696 795 798 987 996
Compactness: 868.177331
Weights: 220.000000 4218.000000 1224.000000
Center Node: 23

District 30
Nodes: 10 51 91 97 149 174 186 244 359 364 381 404 433 610 681 708 721 788 882 983
Compactness: 1362.350420
Weights: 247.000000 4008.000000 1174.000000
Center Node: 364

District 31
Nodes: 8 107 114 157 240 253 336 367 454 579 581 793 890 891 908 912 915 958 992
Compactness: 1303.668113
Weights: 260.000000 4079.000000 1123.000000
Center Node: 890

District 32
Nodes: 40 146 179 224 276 371 389 569 574 625 667 699 742 744 863 897 904 913 955 998
Compactness: 1139.777168
Weights: 239.000000 4144.000000 1176.000000
Center Node: 224

District 33
Nodes: 28 66 79 131 150 410 519 535 564 566 593 604 608 632 689 710 962
Compactness: 986.492170
Weights: 223.000000 4116.000000 1143.000000
Center Node: 131

District 34
Nodes: 43 52 95 148 202 281 366 386 465 497 503 520 562 585 733 841 885 906 971 993 997
Compactness: 1336.262547
Weights: 252.000000 3950.000000 1179.000000
Center Node: 971

District 35
Nodes: 15 109 214 238 268 277 282 304 370 501 649 654 691 693 707 730 844 845 967
Compactness: 1145.706088
Weights: 232.000000 4397.000000 1108.000000
Center Node: 654

District 36
Nodes: 6 121 222 235 242 262 313 332 382 388 401 464 521 544 595 626 719 752 785 810 975
Compactness: 1527.256751
Weights: 250.000000 4012.000000 1215.000000
Center Node: 544

District 37
Nodes: 19 59 65 206 314 325 432 453 456 509 584 629 666 731 756 765 790 826 833 838
Compactness: 1657.464857
Weights: 250.000000 4328.000000 1225.000000
Center Node: 765

District 38
Nodes: 39 80 116 248 300 396 413 421 481 542 554 622 726 747 777 779 814 896 920 960
Compactness: 1524.301199
Weights: 248.000000 4371.000000 1189.000000
Center Node: 554

District 39
Nodes: 32 60 82 87 103 331 344 345 355 358 372 385 392 486 508 551 557 558 645 656 893
Compactness: 1416.110809
Weights: 248.000000 4077.000000 1229.000000
Center Node: 103

District 40
Nodes: 207 318 351 387 395 412 446 511 534 646 684 750 839 848 850 855 917 925 963 990
Compactness: 1215.712359
Weights: 245.000000 4293.000000 1138.000000
Center Node: 839

District 41
Nodes: 7 133 134 154 167 175 196 309 441 510 538 546 715 717 786 791 807 888 911 924 957
Compactness: 1437.825395
Weights: 244.000000 4106.000000 1207.000000
Center Node: 786

District 42
Nodes: 85 226 229 258 290 322 400 418 425 467 488 682 703 727 737 857 869 878 926 976 985
Compactness: 1017.186389
Weights: 229.000000 4351.000000 1212.000000
Center Node: 467

District 43
Nodes: 162 223 239 246 267 342 347 415 429 461 480 531 590 613 665 755 914 974 980 984
Compactness: 1315.280071
Weights: 250.000000 4136.000000 1179.000000
Center Node: 461

District 44
Nodes: 30 100 118 138 152 218 230 234 266 311 329 380 428 445 493 568 638 781 804 991
Compactness: 1396.801577
Weights: 249.000000 4142.000000 1231.000000
Center Node: 152

District 45
Nodes: 62 104 278 390 416 444 447 500 529 550 592 722 729 763 805 811 840 862 884 933 970
Compactness: 1612.991912
Weights: 250.000000 4338.000000 1130.000000
Center Node: 805

District 46
Nodes: 12 137 169 211 337 340 427 430 457 479 502 640 716 760 800 861 909 941 994
Compactness: 1035.958565
Weights: 231.000000 4290.000000 1228.000000
Center Node: 340

District 47
Nodes: 47 73 76 173 178 212 303 408 490 543 547 572 582 601 706 732 736 797 832
Compactness: 1168.850471
Weights: 234.000000 4396.000000 1140.000000
Center Node: 736

District 48
Nodes: 102 122 129 217 271 315 338 383 437 512 594 652 801 837 883 916 921 944 950
Compactness: 1308.835329
Weights: 255.000000 4211.000000 1120.000000
Center Node: 271

District 49
Nodes: 96 125 140 316 330 455 573 615 620 621 641 663 673 686 738 787 796 831 902
Compactness: 1165.133760
Weights: 202.000000 4124.000000 1225.000000
Center Node: 316

District 50
Nodes: 36 126 128 132 236 256 289 333 346 377 414 484 492 669 697 770 846 849 934 982
Compactness: 1285.359619
Weights: 231.000000 4356.000000 1112.000000
Center Node: 126
