BalanceViolation 134.122000
AffinityLoss 1848.000000
Compactness 67105.953927
District 1
Nodes: 35 77 78 184 190 193 231 459 548 630 743 754 780 808 853 873 898 929 954 999
Compactness: 895.741966
Weights: 217.000000 3882.000000 1170.000000
Center Node: 808

District 2
Nodes: 65 67 69 115 164 200 206 295 325 453 472 498 704 705 740 756 858 919 964 977
Compactness: 3791.739741
Weights: 259.000000 4298.000000 1215.000000
Center Node: 756

District 3
Nodes: 7 36 37 58 132 141 222 262 284 327 528 586 618 626 657 709 751 770 792 900 953 982
Compactness: 4320.523321
Weights: 244.000000 4435.000000 1231.000000
Center Node: 36

District 4
Nodes: 124 251 286 291 298 299 305 308 431 468 637 653 782 822 872 887 923 937 943
Compactness: 1497.399371
Weights: 226.000000 3818.000000 1258.000000
Center Node: 822

District 5
Nodes: 11 122 129 157 188 270 271 454 525 594 652 768 775 837 916 940 944 950 958
Compactness: 1131.233244
Weights: 216.000000 4216.000000 1184.000000
Center Node: 916

District 6
Nodes: 40 296 313 354 368 401 506 537 570 588 677 739 741 809 810 823 866 877 895 965
Compactness: 1669.664914
Weights: 250.000000 3878.000000 1116.000000
Center Node: 823

District 7
Nodes: 38 105 116 119 248 260 396 403 405 469 542 643 671 692 726 779 870 920 960
Compactness: 1550.632153
Weights: 224.000000 4600.000000 1168.000000
Center Node: 119

District 8
Nodes: 14 59 72 233 250 275 426 432 509 516 553 629 666 731 759 765 790 818 826 833 942
Compactness: 1236.515776
Weights: 262.000000 4095.000000 1216.000000
Center Node: 233

District 9
Nodes: 49 74 99 203 249 272 339 350 565 642 649 660 685 691 713 730 753 758 820 842 927 967
Compactness: 2924.641583
Weights: 270.000000 4065.000000 1063.000000
Center Node: 649

District 10
Nodes: 25 110 111 137 205 229 255 397 430 470 725 737 766 825 878 879 907 972
Compactness: 1158.043730
Weights: 218.000000 3855.000000 1200.000000
Center Node: 430

District 11
Nodes: 51 91 101 174 182 365 390 471 477 482 518 592 610 674 708 721 762 806
Compactness: 1161.867906
Weights: 214.000000 4189.000000 1054.000000
Center Node: 610

District 12
Nodes: 46 162 246 267 279 347 356 476 507 531 558 590 609 613 678 755 834 914 984
Compactness: 1080.411250
Weights: 274.000000 3783.000000 1177.000000
Center Node: 246

District 13
Nodes: 43 45 50 52 71 125 199 330 353 360 374 455 546 573 641 686 738 787 885 957
Compactness: 1518.658595
Weights: 233.000000 4548.000000 1268.000000
Center Node: 125

District 14
Nodes: 17 126 128 209 256 289 333 388 414 492 521 549 595 611 669 771 846 849 922 934
Compactness: 1108.053048
Weights: 259.000000 4452.000000 1231.000000
Center Node: 669

District 15
Nodes: 16 85 89 156 158 320 322 348 371 389 527 571 596 679 711 774 799 875 935 955
Compactness: 920.304096
Weights: 230.000000 4556.000000 1244.000000
Center Node: 875

District 16
Nodes: 93 207 287 351 382 395 398 402 412 511 561 675 710 750 839 850 854 917
Compactness: 925.928896
Weights: 237.000000 3999.000000 1095.000000
Center Node: 207

District 17
Nodes: 4 22 82 88 145 165 218 234 257 266 288 380 496 504 533 536 568 576 789 804 847
Compactness: 1149.155806
Weights: 246.000000 4267.000000 1175.000000
Center Node: 496

District 18
Nodes: 20 23 53 136 144 153 155 201 273 301 321 363 423 475 485 628 658 696 795 987 996
Compactness: 1073.726911
Weights: 229.000000 3850.000000 1195.000000
Center Node: 23

District 19
Nodes: 32 103 171 197 232 259 294 317 319 372 375 385 449 473 523 645 664 723 816 938 951
Compactness: 1299.638469
Weights: 261.000000 3856.000000 1184.000000
Center Node: 32

District 20
Nodes: 1 5 9 15 109 166 238 268 277 304 619 639 644 654 693 707 844 845
Compactness: 1153.561253
Weights: 207.000000 4489.000000 977.000000
Center Node: 109

District 21
Nodes: 96 140 210 239 300 342 421 429 461 559 615 634 655 665 694 747 772 777 902 969 974 980
Compactness: 1569.163609
Weights: 216.000000 4138.000000 1285.000000
Center Node: 747

District 22
Nodes: 21 95 133 134 154 167 175 196 202 309 366 510 538 624 715 717 786 807 871 906 911 924
Compactness: 1442.314933
Weights: 255.000000 4118.000000 1217.000000
Center Node: 807

District 23
Nodes: 2 44 70 73 90 123 159 178 237 424 440 444 489 526 582 607 612 698 701 720 832
Compactness: 2027.296897
Weights: 251.000000 4540.000000 1074.000000
Center Node: 444

District 24
Nodes: 55 104 107 114 245 369 393 438 439 505 578 722 728 763 767 794 840 876 931 949
Compactness: 1151.938612
Weights: 241.000000 3870.000000 1188.000000
Center Node: 505

District 25
Nodes: 106 142 163 189 198 352 466 556 598 670 690 712 734 748 829 868 905 932 978 981
Compactness: 913.752340
Weights: 259.000000 4099.000000 1098.000000
Center Node: 690

District 26
Nodes: 3 100 118 152 230 247 311 329 336 428 437 493 606 638 662 836 864 992
Compactness: 956.262987
Weights: 253.000000 4271.000000 1117.000000
Center Node: 992

District 27
Nodes: 57 81 92 187 220 293 359 391 483 583 603 695 724 735 798 817 835 930 979
Compactness: 1068.731065
Weights: 215.000000 4011.000000 1244.000000
Center Node: 979

District 28
Nodes: 6 42 161 181 235 326 332 399 464 534 544 608 661 684 719 752 776 785 925 946 975 990
Compactness: 1180.537504
Weights: 241.000000 4353.000000 1286.000000
Center Node: 785

District 29
Nodes: 204 225 269 285 316 407 539 552 620 621 663 673 683 796 802 819 831 867 956
Compactness: 1136.511703
Weights: 221.000000 4378.000000 1287.000000
Center Node: 956

District 30
Nodes: 60 87 283 323 331 344 345 355 358 392 486 508 551 557 656 659 672 886 893 901 928
Compactness: 1348.991948
Weights: 254.000000 4061.000000 1132.000000
Center Node: 557

District 31
Nodes: 48 54 102 168 217 223 302 315 343 362 460 512 668 700 801 827 852 865 881 883
Compactness: 1269.664880
Weights: 252.000000 3962.000000 1261.000000
Center Node: 343

District 32
Nodes: 27 39 80 117 195 263 394 415 422 480 481 545 554 622 623 687 718 814 896
Compactness: 1210.962806
Weights: 261.000000 4194.000000 1127.000000
Center Node: 545

District 33
Nodes: 68 83 177 226 241 417 452 580 597 599 631 682 783 889 899 966 985 998
Compactness: 779.950425
Weights: 196.000000 4604.000000 1259.000000
Center Node: 966

District 34
Nodes: 86 120 121 135 147 183 192 242 318 409 487 514 517 524 540 591 633 947 963
Compactness: 1110.252625
Weights: 242.000000 3861.000000 1060.000000
Center Node: 540

District 35
Nodes: 8 12 169 208 253 337 340 378 427 457 479 491 502 640 760 800 855 861 994
Compactness: 776.227548
Weights: 218.000000 4394.000000 1128.000000
Center Node: 502

District 36
Nodes: 33 41 97 172 215 221 244 261 381 404 433 451 478 555 567 616 681 936 983 986
Compactness: 1207.135594
Weights: 262.000000 3979.000000 1154.000000
Center Node: 567

District 37
Nodes: 62 160 278 297 334 406 416 419 447 500 529 550 729 805 811 813 862 884 933 970
Compactness: 1360.239263
Weights: 245.000000 4403.000000 1065.000000
Center Node: 933

District 38
Nodes: 13 56 75 112 143 194 219 243 436 442 462 499 530 532 600 617 648 676 784 859 910 989
Compactness: 1435.534062
Weights: 262.000000 4183.000000 1204.000000
Center Node: 784

District 39
Nodes: 148 281 324 386 413 465 497 503 520 562 585 605 647 733 812 830 841 843 971 993 997
Compactness: 1340.533086
Weights: 255.000000 4561.000000 1275.000000
Center Node: 843

District 40
Nodes: 29 98 146 176 179 224 276 306 310 357 474 569 574 625 667 699 742 744 863 897 904 913
Compactness: 1093.354881
Weights: 252.000000 4187.000000 1253.000000
Center Node: 904

District 41
Nodes: 61 63 180 191 227 236 274 280 341 346 377 435 441 484 541 560 614 650 651 697 746 791 888 988
Compactness: 1693.109960
Weights: 251.000000 3844.000000 1168.000000
Center Node: 227

District 42
Nodes: 26 84 213 214 254 282 335 370 376 501 563 575 635 688 757 764 803 821 961
Compactness: 1145.120809
Weights: 222.000000 4398.000000 1121.000000
Center Node: 688

District 43
Nodes: 211 240 264 367 420 581 587 714 716 769 778 793 824 890 891 894 908 909 912 941
Compactness: 1087.610712
Weights: 261.000000 3800.000000 1139.000000
Center Node: 211

District 44
Nodes: 216 258 290 400 418 425 443 450 467 488 589 703 727 851 856 857 869 926 948 976
Compactness: 791.718025
Weights: 216.000000 4429.000000 1141.000000
Center Node: 703

District 45
Nodes: 24 34 307 328 338 361 373 383 384 448 494 513 515 522 702 815 903 921 939
Compactness: 951.906951
Weights: 262.000000 4279.000000 1239.000000
Center Node: 515

District 46
Nodes: 10 30 64 138 149 151 186 364 434 445 458 495 602 627 761 781 788 860 882 991
Compactness: 1103.619734
Weights: 214.000000 4325.000000 1272.000000
Center Node: 602

District 47
Nodes: 18 28 31 66 79 94 131 150 170 252 410 519 535 564 566 632 636 689 745 880
Compactness: 1052.332617
Weights: 226.000000 4413.000000 1070.000000
Center Node: 131

District 48
Nodes: 47 76 173 212 292 303 349 408 490 543 547 572 601 706 732 736 797 828
Compactness: 1082.908815
Weights: 208.000000 4058.000000 1120.000000
Center Node: 736

District 49
Nodes: 0 19 127 139 185 228 312 314 456 463 577 584 838 892 918 945 959 968 973 995
Compactness: 1022.619940
Weights: 227.000000 4601.000000 1067.000000
Center Node: 19

District 50
Nodes: 108 113 130 265 379 387 411 446 579 593 604 646 680 749 773 848 874 915 952 962
Compactness: 1228.207566
Weights: 221.000000 4090.000000 1170.000000
Center Node: 108
