BalanceViolation 6561.572500
AffinityLoss 912.000000
Compactness 51979.693362
District 1
Nodes: 24 28 36 61 80 117 123 131 174 188 192 210 220 230 253 261 337 355 357 378 383 386 404 417 421 490
Compactness: 1764.581398
Weights: 305.000000 6037.000000 1443.000000
Center Node: 220

District 2
Nodes: 0 21 33 82 84 88 95 99 111 113 115 150 152 167 172 183 211 234 252 260 263 265 269 292 335 342 413 414 432 478
Compactness: 3337.592964
Weights: 342.000000 5205.000000 1556.000000
Center Node: 265

District 3
Nodes: 10 15 19 38 49 57 73 75 98 109 145 155 218 228 236 258 279 287 295 312 347 390 392 406 408 410 418 429 458 473
Compactness: 3200.152372
Weights: 393.000000 5309.000000 1749.000000
Center Node: 145

District 4
Nodes: 25 32 41 44 47 78 85 87 90 94 135 162 179 202 259 270 338 368 387 388 425 464 471
Compactness: 1771.245045
Weights: 228.000000 5329.000000 1276.000000
Center Node: 387

District 5
Nodes: 6 9 17 18 31 77 102 142 153 164 208 267 271 281 285 310 315 331 332 336 339 359 361 409 444 465 466 477 485 497
Compactness: 2572.979749
Weights: 372.000000 5585.000000 1737.000000
Center Node: 361

District 6
Nodes: 42 52 125 126 127 169 182 239 240 246 247 318 320 326 333 373 405 411 436 448 469 491 494
Compactness: 2039.823239
Weights: 243.000000 4825.000000 1484.000000
Center Node: 373

District 7
Nodes: 8 22 48 51 53 112 151 154 185 189 198 219 229 237 288 305 316 403 446 449 492
Compactness: 1643.482259
Weights: 247.000000 4218.000000 1263.000000
Center Node: 112

District 8
Nodes: 1 4 60 72 105 130 144 165 190 225 268 282 283 319 323 329 340 379 381 385 424 428 437 447 479 484 486 496
Compactness: 3066.488049
Weights: 320.000000 5149.000000 1421.000000
Center Node: 379

District 9
Nodes: 11 14 45 107 116 118 143 149 159 193 214 235 277 349 353 371 422 430 441 442 456 457 472 482 498 499
Compactness: 4406.578033
Weights: 322.000000 4914.000000 1302.000000
Center Node: 45

District 10
Nodes: 2 55 66 122 141 160 186 196 233 243 280 309 321 348 366 377 419 420 435 438 439 453 468
Compactness: 4123.553274
Weights: 296.000000 5048.000000 1410.000000
Center Node: 122

District 11
Nodes: 39 40 58 62 67 81 101 147 184 209 223 242 244 245 276 278 296 298 301 314 343 372 397 398 452 467 476
Compactness: 2607.227459
Weights: 297.000000 5155.000000 1514.000000
Center Node: 398

District 12
Nodes: 3 26 27 64 83 108 156 222 232 256 272 286 289 303 328 352 356 364 374 394 402 443 459 493
Compactness: 2065.367049
Weights: 262.000000 5682.000000 1409.000000
Center Node: 356

District 13
Nodes: 35 63 104 168 176 178 200 206 207 241 251 254 266 273 294 302 327 416 431 460 481
Compactness: 2214.916902
Weights: 205.000000 3719.000000 1455.000000
Center Node: 254

District 14
Nodes: 29 50 54 68 91 93 103 121 128 166 203 238 275 297 330 369 382 393 399 470 483
Compactness: 1307.282458
Weights: 242.000000 4712.000000 1266.000000
Center Node: 297

District 15
Nodes: 12 34 56 74 79 138 140 146 157 158 181 195 197 224 257 264 284 299 300 341 363 376 395 396
Compactness: 3454.096865
Weights: 293.000000 4551.000000 1392.000000
Center Node: 56

District 16
Nodes: 16 97 163 170 180 221 227 231 250 293 311 322 324 325 344 345 362 367 370
Compactness: 2517.689161
Weights: 191.000000 3599.000000 1089.000000
Center Node: 367

District 17
Nodes: 23 30 43 59 65 114 119 136 161 173 177 217 226 249 313 334 358 360 365 384 407 440 450 455 474 475 495
Compactness: 2551.529061
Weights: 315.000000 5403.000000 1368.000000
Center Node: 65

District 18
Nodes: 13 37 69 89 100 137 139 171 187 194 201 212 255 304 306 307 317 350 354 389 400 412 423 433 454 461
Compactness: 2105.925600
Weights: 298.000000 5254.000000 1411.000000
Center Node: 201

District 19
Nodes: 5 20 92 96 120 124 175 199 216 248 262 290 308 351 375 391 401 426 427 434 445 462 488 489
Compactness: 2568.323972
Weights: 299.000000 5308.000000 1479.000000
Center Node: 426

District 20
Nodes: 7 46 70 71 76 86 106 110 129 132 133 134 148 191 204 205 213 215 274 291 346 380 415 451 463 480 487
Compactness: 2660.858454
Weights: 319.000000 5307.000000 1467.000000
Center Node: 487
