BalanceViolation 17.687500
AffinityLoss 1564.000000
Compactness 117715.310864
District 1
Nodes: 8 11 28 38 56 113 117 121 138 141 171 204 221 259 305 316 319 328 334 351 368 384 406 420 438 458 469 484 496 508 514 542 559 561 631 647 652 708 719 766 781 790 794 818 843 869 870 920 952 978 992
Compactness: 4256.949835
Weights: 588.000000 10154.000000 2998.000000
Center Node: 708

District 2
Nodes: 5 104 146 150 163 176 200 214 248 261 282 287 293 296 317 352 400 407 411 569 589 608 612 635 637 659 696 704 714 733 734 764 767 778 792 798 801 809 810 872 890 908 956 962 970 972 979 993
Compactness: 4132.693520
Weights: 584.000000 10134.000000 2867.000000
Center Node: 801

District 3
Nodes: 3 21 35 43 47 65 80 108 125 129 158 174 178 213 245 246 252 260 289 306 325 331 343 374 394 447 450 468 564 571 575 593 604 605 614 618 664 675 687 689 697 720 748 768 791 796 811 878 901 914 924 928
Compactness: 5165.320802
Weights: 596.000000 10308.000000 2997.000000
Center Node: 571

District 4
Nodes: 26 37 41 89 165 186 192 198 201 218 237 257 277 294 341 347 350 356 377 410 421 443 504 505 519 535 563 596 600 617 641 660 665 681 682 695 710 716 731 750 802 812 816 830 879 892 906 927 942 971
Compactness: 4006.110920
Weights: 564.000000 11044.000000 2782.000000
Center Node: 218

District 5
Nodes: 13 42 60 74 87 90 98 107 134 155 196 220 267 271 278 291 333 339 340 363 404 481 485 495 549 551 560 565 582 602 610 615 616 644 650 655 671 678 707 732 759 845 875 888 898 934 957 966 990
Compactness: 6253.121976
Weights: 617.000000 11123.000000 2805.000000
Center Node: 495

District 6
Nodes: 1 23 29 30 31 57 59 67 69 72 91 93 96 136 162 202 228 230 232 263 266 281 286 329 359 422 489 498 553 556 566 579 607 633 636 667 711 724 738 741 789 800 805 813 876 886 926 936 938 943 949 975 995
Compactness: 6138.336744
Weights: 593.000000 11074.000000 2994.000000
Center Node: 813

District 7
Nodes: 6 7 16 22 34 84 97 112 130 160 172 175 193 225 264 272 288 309 321 344 355 360 378 396 437 448 455 544 552 580 585 662 679 686 751 804 815 821 844 850 860 915 925 946 959 960 963 986 991
Compactness: 4402.716640
Weights: 579.000000 10411.000000 2812.000000
Center Node: 84

District 8
Nodes: 20 24 27 33 76 83 124 126 131 140 154 168 210 226 241 242 255 265 274 279 314 375 381 408 433 451 511 513 516 532 534 643 672 694 699 705 726 735 787 820 823 826 836 855 857 916 918 983 997
Compactness: 6758.058702
Weights: 634.000000 10411.000000 2720.000000
Center Node: 210

District 9
Nodes: 77 78 88 99 148 157 183 191 206 222 236 310 322 323 345 353 373 390 397 417 454 462 471 472 497 500 512 526 543 622 630 634 653 712 713 730 754 775 782 784 862 905 919 932 945 954 969 973 981 988 989 994
Compactness: 10256.350649
Weights: 624.000000 10687.000000 2768.000000
Center Node: 969

District 10
Nodes: 15 36 50 54 68 73 82 105 164 181 184 229 247 250 269 275 295 303 311 330 349 382 391 425 436 467 482 490 499 525 531 578 583 640 648 657 661 663 690 765 773 788 807 867 896 903 913 930 931 961 999
Compactness: 5150.040348
Weights: 619.000000 10688.000000 2965.000000
Center Node: 50

District 11
Nodes: 4 17 19 25 39 45 62 85 86 92 120 151 156 166 190 215 256 280 283 292 299 302 312 335 346 362 387 388 389 399 452 488 558 625 656 700 723 725 728 729 739 740 808 832 841 866 900 910 917 921 955 964 977
Compactness: 5760.115582
Weights: 630.000000 10483.000000 2984.000000
Center Node: 625

District 12
Nodes: 114 123 170 177 216 244 254 300 304 308 320 324 338 358 364 367 379 383 393 402 432 434 441 509 510 518 529 537 573 581 639 669 698 727 743 758 793 795 803 806 837 847 861 863 940 941 944 953 974 985
Compactness: 10154.138008
Weights: 620.000000 10586.000000 2852.000000
Center Node: 338

District 13
Nodes: 53 102 106 109 119 143 180 185 195 208 258 268 284 326 401 409 412 419 426 430 457 460 466 475 540 546 586 601 620 627 658 674 680 683 721 745 760 770 785 819 831 835 873 880 929 937 950 965 968
Compactness: 4930.340381
Weights: 594.000000 10836.000000 2781.000000
Center Node: 412

District 14
Nodes: 10 58 71 81 132 147 161 209 223 224 238 297 337 386 403 415 445 446 465 474 476 478 517 528 550 555 587 594 609 624 628 642 673 688 691 753 762 786 825 854 859 868 877 889 907 911 933 939 987
Compactness: 4602.506223
Weights: 615.000000 10106.000000 2797.000000
Center Node: 762

District 15
Nodes: 0 12 32 40 49 52 66 79 94 133 169 188 197 212 217 231 243 301 336 348 361 366 371 385 392 405 453 456 461 506 507 520 545 557 590 591 595 603 621 638 646 666 701 709 742 747 763 772 833 838 887 935
Compactness: 3660.400335
Weights: 610.000000 10363.000000 2944.000000
Center Node: 32

District 16
Nodes: 48 51 70 115 127 139 142 144 149 227 233 249 342 372 376 380 413 429 440 459 470 479 480 487 493 494 503 521 524 530 536 541 576 592 619 668 702 718 722 746 752 771 827 846 856 864 871 882 885 976
Compactness: 9278.672012
Weights: 570.000000 10977.000000 2904.000000
Center Node: 976

District 17
Nodes: 46 61 63 100 111 118 203 251 262 273 290 298 313 332 395 414 418 424 449 463 483 492 501 527 568 613 623 626 651 677 693 706 757 769 776 779 780 783 797 842 865 883 884 891 904 912 948 980 996
Compactness: 4751.217504
Weights: 564.000000 11062.000000 2816.000000
Center Node: 884

District 18
Nodes: 18 110 116 122 135 145 159 182 187 189 199 211 219 239 240 276 307 398 423 464 515 538 548 562 567 574 584 588 599 606 670 684 685 717 749 761 774 777 824 829 848 849 858 893 922 947
Compactness: 4653.265220
Weights: 630.000000 10209.000000 2734.000000
Center Node: 848

District 19
Nodes: 2 9 64 75 103 152 153 167 179 194 205 207 285 318 354 365 369 370 428 442 444 502 522 523 539 554 570 597 598 629 649 654 692 703 715 736 744 755 814 828 834 840 881 897 923 951 958 967 982
Compactness: 7891.368038
Weights: 569.000000 10367.000000 2951.000000
Center Node: 444

District 20
Nodes: 14 44 55 95 101 128 137 173 234 235 253 270 315 327 357 416 427 431 435 439 473 477 486 491 533 547 572 577 611 632 645 676 737 756 799 817 822 839 851 852 853 874 894 895 899 902 909 984 998
Compactness: 5513.587424
Weights: 605.000000 11081.000000 2743.000000
Center Node: 270
