BalanceViolation 1158.304000
AffinityLoss 948.000000
Compactness 29333.172451
District 1
Nodes: 29 83 87 111 119 144 158 305 319
Compactness: 444.370560
Weights: 95.000000 2279.000000 599.000000
Center Node: 144

District 2
Nodes: 5 50 57 146 271 296 330 337 350 358 372
Compactness: 698.226991
Weights: 128.000000 1937.000000 709.000000
Center Node: 50

District 3
Nodes: 58 75 140 281 287 299 393 431 441 466
Compactness: 574.030827
Weights: 111.000000 2268.000000 635.000000
Center Node: 441

District 4
Nodes: 19 73 114 125 240 241 246 249 306 428 473
Compactness: 1260.817833
Weights: 121.000000 2026.000000 631.000000
Center Node: 249

District 5
Nodes: 38 260 315 328 399 414 448 491
Compactness: 496.289279
Weights: 90.000000 2191.000000 629.000000
Center Node: 448

District 6
Nodes: 141 157 185 230 259 321 322 347 354 422 446
Compactness: 591.019679
Weights: 133.000000 2262.000000 523.000000
Center Node: 259

District 7
Nodes: 22 44 165 169 186 193 209 236 288 314 334 352
Compactness: 771.971765
Weights: 141.000000 1940.000000 658.000000
Center Node: 334

District 8
Nodes: 148 196 205 222 227 320 368 391 453 455
Compactness: 619.038057
Weights: 135.000000 1993.000000 464.000000
Center Node: 205

District 9
Nodes: 0 25 80 91 97 109 173 224 228 492
Compactness: 538.126539
Weights: 131.000000 1940.000000 569.000000
Center Node: 0

District 10
Nodes: 67 74 76 134 150 297 318 385 437 458
Compactness: 785.872523
Weights: 149.000000 2052.000000 545.000000
Center Node: 385

District 11
Nodes: 128 149 329 343 345 355 413 427 434
Compactness: 310.168743
Weights: 89.000000 2037.000000 633.000000
Center Node: 149

District 12
Nodes: 107 110 137 214 266 344 359 406 482
Compactness: 345.848744
Weights: 110.000000 2092.000000 646.000000
Center Node: 107

District 13
Nodes: 101 105 202 229 248 300 331 364 405 457
Compactness: 685.737528
Weights: 130.000000 2033.000000 545.000000
Center Node: 405

District 14
Nodes: 14 52 178 207 247 251 333 335 379 410 440
Compactness: 780.719656
Weights: 125.000000 1896.000000 661.000000
Center Node: 335

District 15
Nodes: 11 127 143 180 267 273 298 356 429
Compactness: 661.573719
Weights: 120.000000 2113.000000 531.000000
Center Node: 298

District 16
Nodes: 86 187 203 215 310 311 360 420 467 479
Compactness: 455.115421
Weights: 124.000000 2273.000000 601.000000
Center Node: 311

District 17
Nodes: 7 161 211 212 221 233 243 301 317 338 450 474
Compactness: 1407.330337
Weights: 153.000000 2211.000000 671.000000
Center Node: 161

District 18
Nodes: 10 70 96 115 168 188 265 291 313 397
Compactness: 401.440414
Weights: 143.000000 1996.000000 598.000000
Center Node: 397

District 19
Nodes: 59 71 95 220 375 389 394 401 418 435
Compactness: 585.920900
Weights: 117.000000 2334.000000 581.000000
Center Node: 375

District 20
Nodes: 20 26 116 179 231 285 361 396 424
Compactness: 553.093127
Weights: 119.000000 2114.000000 617.000000
Center Node: 285

District 21
Nodes: 28 154 206 270 289 323 357 452
Compactness: 360.511940
Weights: 107.000000 2285.000000 380.000000
Center Node: 289

District 22
Nodes: 1 88 106 118 216 218 250 253 433 445 471 497
Compactness: 596.288207
Weights: 106.000000 2289.000000 608.000000
Center Node: 253

District 23
Nodes: 92 199 312 336 339 342 365 411 444
Compactness: 332.751032
Weights: 119.000000 2265.000000 480.000000
Center Node: 444

District 24
Nodes: 155 192 237 244 277 363 483 485
Compactness: 431.702979
Weights: 107.000000 2336.000000 443.000000
Center Node: 155

District 25
Nodes: 12 60 100 123 129 162 182 200 279 293 346 498
Compactness: 801.250916
Weights: 142.000000 2008.000000 587.000000
Center Node: 182

District 26
Nodes: 43 68 90 239 386 398 419 454 470
Compactness: 361.808163
Weights: 117.000000 1973.000000 663.000000
Center Node: 419

District 27
Nodes: 2 46 53 85 164 189 242 377 381 383 408 465
Compactness: 520.179892
Weights: 140.000000 2127.000000 610.000000
Center Node: 2

District 28
Nodes: 13 72 181 290 309 348 349 439 486
Compactness: 502.858919
Weights: 134.000000 2024.000000 629.000000
Center Node: 13

District 29
Nodes: 3 63 160 232 308 370 400 425 496
Compactness: 520.814732
Weights: 125.000000 2204.000000 538.000000
Center Node: 400

District 30
Nodes: 16 51 117 176 235 252 353 404 432 494
Compactness: 297.358796
Weights: 108.000000 2129.000000 626.000000
Center Node: 16

District 31
Nodes: 55 64 124 145 254 388 426 438 472 484
Compactness: 533.381467
Weights: 143.000000 2208.000000 517.000000
Center Node: 472

District 32
Nodes: 30 34 98 113 340 407 451 469 481
Compactness: 598.040220
Weights: 108.000000 2104.000000 534.000000
Center Node: 113

District 33
Nodes: 121 262 264 276 384 443 456 464 489
Compactness: 403.512404
Weights: 143.000000 2114.000000 638.000000
Center Node: 456

District 34
Nodes: 33 36 66 126 183 256 378 417 462
Compactness: 509.820873
Weights: 100.000000 2115.000000 658.000000
Center Node: 256

District 35
Nodes: 17 21 104 122 135 194 217 272 284 402 447
Compactness: 778.603525
Weights: 139.000000 2135.000000 651.000000
Center Node: 402

District 36
Nodes: 131 147 151 172 225 292 395 421 449 499
Compactness: 538.261810
Weights: 146.000000 1860.000000 685.000000
Center Node: 421

District 37
Nodes: 9 23 31 47 156 167 204 219 261 403
Compactness: 580.541979
Weights: 101.000000 1907.000000 643.000000
Center Node: 261

District 38
Nodes: 18 89 163 226 258 304 327 351 369 460
Compactness: 681.223623
Weights: 101.000000 2144.000000 538.000000
Center Node: 351

District 39
Nodes: 42 77 99 191 201 213 255 409 415 463
Compactness: 632.634937
Weights: 130.000000 1913.000000 712.000000
Center Node: 255

District 40
Nodes: 133 152 166 174 245 263 274 295 303 307 442
Compactness: 689.529751
Weights: 111.000000 2214.000000 570.000000
Center Node: 303

District 41
Nodes: 4 130 190 268 362 367 371 380 478 480 495
Compactness: 915.102494
Weights: 113.000000 2097.000000 638.000000
Center Node: 371

District 42
Nodes: 27 45 78 84 138 142 184 316 376
Compactness: 312.595082
Weights: 100.000000 2165.000000 590.000000
Center Node: 45

District 43
Nodes: 40 41 153 159 208 223 283 423 459
Compactness: 442.134405
Weights: 96.000000 2156.000000 461.000000
Center Node: 41

District 44
Nodes: 65 79 102 112 170 175 177 197 374 416 490
Compactness: 720.228962
Weights: 125.000000 1971.000000 634.000000
Center Node: 79

District 45
Nodes: 15 48 61 81 139 275 286 325 436
Compactness: 577.532565
Weights: 127.000000 2080.000000 625.000000
Center Node: 81

District 46
Nodes: 24 49 56 82 120 210 269 302 324 387 412
Compactness: 396.404570
Weights: 142.000000 2302.000000 587.000000
Center Node: 412

District 47
Nodes: 54 62 93 103 132 282 332 373 390 430 476 488
Compactness: 819.357985
Weights: 153.000000 2001.000000 677.000000
Center Node: 390

District 48
Nodes: 32 37 94 171 294 382 392 468 475 487
Compactness: 488.337995
Weights: 120.000000 2164.000000 499.000000
Center Node: 171

District 49
Nodes: 35 39 136 234 238 257 278 326 366
Compactness: 272.646551
Weights: 129.000000 2282.000000 420.000000
Center Node: 136

District 50
Nodes: 6 8 69 108 195 198 280 341 461 477 493
Compactness: 751.043039
Weights: 136.000000 2159.000000 627.000000
Center Node: 8
