BalanceViolation 1421.692500
AffinityLoss 975.000000
Compactness 46453.376255
District 1
Nodes: 61 72 91 92 99 120 157 178 194 201 222 232 235 270 306 314 338 365 382 388 391 430 437 458 462
Compactness: 1864.661089
Weights: 299.000000 5314.000000 1531.000000
Center Node: 120

District 2
Nodes: 0 6 26 42 54 59 79 124 129 165 189 271 315 321 330 371 379 419 444 463 484 485 497
Compactness: 1943.453335
Weights: 287.000000 4609.000000 1378.000000
Center Node: 6

District 3
Nodes: 18 19 24 49 80 90 172 186 199 218 236 240 264 312 319 324 325 370 395 414 434 436 469 475
Compactness: 2405.164836
Weights: 291.000000 4902.000000 1314.000000
Center Node: 434

District 4
Nodes: 1 4 32 35 53 106 150 198 205 214 280 332 337 351 360 383 393 404 407 421 425 431 433 435 459 476 486
Compactness: 2278.780446
Weights: 297.000000 5040.000000 1533.000000
Center Node: 393

District 5
Nodes: 12 23 29 62 65 134 140 173 181 188 208 216 226 250 266 278 296 298 318 350 356 361 396 401 424 447
Compactness: 2186.258809
Weights: 303.000000 5311.000000 1458.000000
Center Node: 396

District 6
Nodes: 5 34 40 43 77 88 93 114 155 195 209 220 228 265 269 276 297 311 331 339 343 367 390 399 417 427 466 491
Compactness: 2833.903134
Weights: 316.000000 5097.000000 1669.000000
Center Node: 417

District 7
Nodes: 17 46 95 104 128 131 180 211 242 262 267 274 299 303 344 354 355 358 375 392 478 495
Compactness: 1836.329993
Weights: 276.000000 4875.000000 1336.000000
Center Node: 392

District 8
Nodes: 10 58 78 102 115 136 138 171 175 176 213 221 234 251 253 277 294 300 309 310 328 340 362 394 403 415 440 489
Compactness: 2632.372259
Weights: 368.000000 4989.000000 1790.000000
Center Node: 234

District 9
Nodes: 13 36 98 108 166 174 182 212 233 241 243 244 281 284 286 288 290 363 400 408 448 454
Compactness: 1914.662904
Weights: 217.000000 5330.000000 1299.000000
Center Node: 448

District 10
Nodes: 27 56 94 105 117 151 191 197 230 237 249 291 320 322 353 364 368 386 429 442 450 451 461 468
Compactness: 1660.270815
Weights: 294.000000 4903.000000 1384.000000
Center Node: 237

District 11
Nodes: 31 37 48 60 66 74 107 112 125 139 141 152 170 179 204 268 316 329 334 346 377 406 416 422 443 446 460 464 467 471 477 480
Compactness: 2903.174379
Weights: 355.000000 5107.000000 1539.000000
Center Node: 443

District 12
Nodes: 69 76 86 110 143 149 154 156 219 248 256 258 293 308 323 335 352 410 412 423 472 479 482 483 488
Compactness: 2353.548689
Weights: 318.000000 5027.000000 1521.000000
Center Node: 293

District 13
Nodes: 21 146 147 158 167 184 185 207 229 231 252 254 272 273 304 305 349 405 426 439 455 481 492
Compactness: 2117.027424
Weights: 291.000000 4893.000000 1475.000000
Center Node: 167

District 14
Nodes: 15 30 47 70 83 85 101 137 168 169 177 196 200 202 206 217 238 247 260 279 313 347 418 456 474 494
Compactness: 2832.368259
Weights: 305.000000 4963.000000 1473.000000
Center Node: 47

District 15
Nodes: 3 8 14 41 50 55 73 89 113 121 161 162 163 239 257 261 285 289 292 317 380 445 496
Compactness: 2196.388108
Weights: 317.000000 4982.000000 1452.000000
Center Node: 496

District 16
Nodes: 9 22 75 84 97 109 126 144 148 190 275 326 345 366 369 374 384 397 411 441 470 493 498
Compactness: 2296.510097
Weights: 278.000000 5421.000000 1468.000000
Center Node: 326

District 17
Nodes: 7 11 38 45 63 103 116 118 145 159 160 203 215 224 295 373 376 378 389 420 452 487
Compactness: 3921.913684
Weights: 293.000000 5298.000000 1244.000000
Center Node: 487

District 18
Nodes: 33 57 64 68 81 96 123 142 192 193 210 245 246 307 333 342 357 398 432 438 465 490 499
Compactness: 1859.100797
Weights: 298.000000 4927.000000 1439.000000
Center Node: 64

District 19
Nodes: 16 25 51 52 82 87 100 122 130 132 133 153 187 225 255 259 282 283 287 302 359 387 402 428 449 457
Compactness: 1922.414782
Weights: 344.000000 5304.000000 1241.000000
Center Node: 51

District 20
Nodes: 2 20 28 39 44 67 71 111 119 127 135 164 183 223 227 263 301 327 336 341 348 372 381 385 409 413 453 473
Compactness: 2495.072415
Weights: 326.000000 5289.000000 1423.000000
Center Node: 453
