BalanceViolation 3137.640000
AffinityLoss 928.000000
Compactness 74337.958332
District 1
Nodes: 46 70 71 86 96 106 108 129 132 134 162 175 191 202 204 205 213 215 256 274 291 346 415 451 463 487 493
Compactness: 3359.308965
Weights: 301.000000 6123.000000 1485.000000
Center Node: 487

District 2
Nodes: 10 15 19 38 49 57 73 75 98 109 145 155 218 228 236 258 279 287 295 347 390 392 406 408 410 418 429 458 473
Compactness: 3015.925429
Weights: 373.000000 4922.000000 1666.000000
Center Node: 145

District 3
Nodes: 3 33 82 92 95 111 113 152 167 172 211 232 234 252 265 269 289 292 328 335 342 394 413 414 478
Compactness: 13690.837539
Weights: 312.000000 4811.000000 1397.000000
Center Node: 394

District 4
Nodes: 34 74 76 104 110 117 157 178 192 200 207 210 214 241 253 302 378 386 396 404 430 431 460 480 499
Compactness: 4695.694140
Weights: 284.000000 4993.000000 1456.000000
Center Node: 74

District 5
Nodes: 6 9 17 18 31 77 102 142 164 208 267 271 281 285 310 315 321 331 332 336 339 359 361 377 409 444 465 466 477 497
Compactness: 2677.060786
Weights: 396.000000 5134.000000 1805.000000
Center Node: 361

District 6
Nodes: 7 8 22 48 51 53 112 133 148 151 185 189 198 219 229 237 288 316 403 446 449 492
Compactness: 3071.004379
Weights: 261.000000 3903.000000 1258.000000
Center Node: 112

District 7
Nodes: 42 52 125 126 127 169 182 239 240 246 247 318 320 326 333 373 405 411 412 436 448 469 491 494
Compactness: 2139.630795
Weights: 255.000000 4855.000000 1518.000000
Center Node: 373

District 8
Nodes: 11 12 45 56 79 107 118 138 143 146 149 159 181 193 195 197 224 311 341 349 353 371 376 383 442 456 457 482 498
Compactness: 2721.354570
Weights: 322.000000 5081.000000 1693.000000
Center Node: 12

District 9
Nodes: 4 60 105 144 165 190 225 268 272 276 278 283 286 303 314 319 340 372 379 381 402 428 447
Compactness: 4460.747108
Weights: 260.000000 4854.000000 1259.000000
Center Node: 144

District 10
Nodes: 5 20 120 124 153 199 216 248 262 290 294 308 351 375 391 401 426 427 434 445 462 485 488 489
Compactness: 2364.917878
Weights: 281.000000 5625.000000 1519.000000
Center Node: 426

District 11
Nodes: 2 55 122 141 160 170 180 186 217 231 233 243 280 293 309 324 367 370 419 420 435 438 439 453
Compactness: 2528.232986
Weights: 274.000000 5425.000000 1376.000000
Center Node: 160

District 12
Nodes: 24 36 63 123 131 158 168 188 206 230 254 257 261 266 273 284 327 355 380 416 443 481 490
Compactness: 3970.274388
Weights: 287.000000 4524.000000 1361.000000
Center Node: 273

District 13
Nodes: 39 40 58 62 67 81 101 147 184 209 223 242 244 245 296 298 301 343 366 397 398 452 467 476
Compactness: 1988.851745
Weights: 256.000000 4880.000000 1305.000000
Center Node: 398

District 14
Nodes: 23 30 43 59 65 114 119 136 154 161 173 177 226 249 313 334 358 360 365 384 407 440 450 455 474 475 495
Compactness: 2393.493512
Weights: 328.000000 5317.000000 1418.000000
Center Node: 358

District 15
Nodes: 29 50 54 68 91 93 103 121 128 166 203 238 275 297 305 330 369 382 393 399 470 483
Compactness: 1439.844978
Weights: 248.000000 5067.000000 1361.000000
Center Node: 297

District 16
Nodes: 25 32 41 44 47 64 78 83 85 87 90 94 135 179 259 270 338 356 364 368 374 387 388 425 464 471
Compactness: 3162.798850
Weights: 288.000000 5516.000000 1462.000000
Center Node: 179

District 17
Nodes: 16 27 35 66 97 116 163 196 221 227 250 264 277 322 325 344 345 348 362 395 459 468
Compactness: 8311.866245
Weights: 239.000000 3864.000000 1183.000000
Center Node: 221

District 18
Nodes: 14 26 28 61 80 140 156 174 176 220 222 235 251 299 300 337 352 357 363 417 421 422 441 472
Compactness: 4483.583701
Weights: 277.000000 5485.000000 1276.000000
Center Node: 300

District 19
Nodes: 0 1 21 72 84 88 99 115 130 150 183 260 263 282 323 329 385 424 432 437 479 484 486 496
Compactness: 1731.962576
Weights: 241.000000 4319.000000 1233.000000
Center Node: 496

District 20
Nodes: 13 37 69 89 100 137 139 171 187 194 201 212 255 304 306 307 312 317 350 354 389 400 423 433 454 461
Compactness: 2130.567762
Weights: 306.000000 5611.000000 1460.000000
Center Node: 201
