BalanceViolation 0.000000
AffinityLoss 1466.000000
Compactness 101214.299435
District 1
Nodes: 44 46 50 53 113 145 146 158 182 190 202 226 239 248 274 303 325 341 393 405 427 439 503 519 534 554 571 578 587 593 612 658 718 725 731 736 744 749 761 762 764 765 789 791 801 820 842 891 907 949
Compactness: 4770.588046
Weights: 628.000000 11543.000000 2836.000000
Center Node: 736

District 2
Nodes: 8 10 26 71 127 153 155 168 208 215 246 255 275 344 370 373 392 440 452 508 513 526 551 568 596 597 601 659 660 664 696 697 707 708 732 747 767 768 783 788 795 845 846 853 880 896 925 943 956 983 984 985 986
Compactness: 6800.889875
Weights: 670.000000 10998.000000 3005.000000
Center Node: 697

District 3
Nodes: 14 36 42 61 70 89 98 107 242 250 296 320 339 356 366 381 400 404 412 418 426 428 453 481 545 572 662 663 687 693 698 700 709 713 729 748 753 770 775 778 784 824 835 850 897 923 930 950 952 955 960 990
Compactness: 4848.785807
Weights: 631.000000 11371.000000 3262.000000
Center Node: 61

District 4
Nodes: 9 31 43 60 91 99 102 143 189 207 229 264 267 276 294 311 314 345 349 420 436 441 464 482 505 527 537 567 588 602 630 631 688 715 719 738 745 750 799 812 819 834 854 877 918 921 958 974 982 996 999
Compactness: 5658.763258
Weights: 656.000000 10248.000000 2940.000000
Center Node: 143

District 5
Nodes: 52 75 85 109 130 141 148 154 161 183 184 192 225 256 257 270 278 295 360 368 409 435 463 466 522 532 564 575 608 610 627 649 665 691 737 769 780 796 806 807 822 862 876 899 903 939 942 968 977
Compactness: 4411.440861
Weights: 615.000000 11263.000000 2825.000000
Center Node: 183

District 6
Nodes: 23 38 41 62 76 78 101 104 124 149 204 216 279 288 291 299 317 326 327 329 374 378 397 413 415 431 444 533 556 581 611 642 648 670 701 706 739 742 754 790 831 847 863 870 873 882 945 951
Compactness: 4115.001535
Weights: 561.000000 9634.000000 2816.000000
Center Node: 739

District 7
Nodes: 5 22 24 29 74 81 84 117 121 134 147 156 194 206 245 249 285 318 346 364 377 421 443 490 502 530 538 559 592 600 645 652 668 735 773 798 800 855 859 860 866 878 881 884 901 911 916 922 928 954 963
Compactness: 5860.275192
Weights: 589.000000 11011.000000 3282.000000
Center Node: 117

District 8
Nodes: 16 45 58 79 114 129 164 167 175 187 197 231 236 240 262 263 337 348 367 396 416 483 499 504 516 524 531 573 603 606 613 614 621 685 703 704 705 772 906 908 914 969 975 981
Compactness: 3200.701652
Weights: 556.000000 9887.000000 2747.000000
Center Node: 914

District 9
Nodes: 12 25 34 80 92 140 177 178 185 203 259 260 282 334 355 358 361 365 376 451 454 456 460 479 494 529 553 622 641 672 714 720 721 740 741 774 805 825 856 867 887 959 973 978
Compactness: 3979.565573
Weights: 553.000000 10055.000000 2781.000000
Center Node: 25

District 10
Nodes: 0 32 37 49 56 93 97 128 138 139 160 173 180 228 244 253 261 301 302 306 308 310 330 333 386 389 398 403 446 475 484 501 563 616 620 734 752 758 766 792 813 849 883 892 905 929 988
Compactness: 3883.364099
Weights: 568.000000 9525.000000 2804.000000
Center Node: 49

District 11
Nodes: 20 21 48 77 90 119 125 223 224 238 293 305 307 313 359 363 369 372 385 411 422 433 455 468 476 510 525 539 540 577 583 590 617 625 634 646 666 677 723 726 802 811 830 837 838 844 865 872 910 961 997
Compactness: 5477.209640
Weights: 575.000000 11583.000000 2958.000000
Center Node: 313

District 12
Nodes: 35 69 72 105 106 133 196 212 220 237 258 266 268 281 286 287 290 309 343 391 417 462 485 507 512 544 547 570 580 605 643 653 702 728 746 785 826 840 843 858 861 895 913 926 938 972 998
Compactness: 3784.963913
Weights: 602.000000 9662.000000 3197.000000
Center Node: 212

District 13
Nodes: 17 39 57 73 94 96 108 123 162 170 176 193 201 218 230 331 336 382 383 388 423 432 434 445 469 486 487 491 492 496 543 546 558 562 595 626 638 689 763 776 777 786 793 797 821 823 829 848 875 879 886 915 931 936 941 989 992 993
Compactness: 5059.707231
Weights: 650.000000 11458.000000 3260.000000
Center Node: 993

District 14
Nodes: 30 68 88 111 131 135 150 234 235 247 251 254 269 277 289 312 323 338 379 402 442 448 459 465 497 515 528 550 576 604 628 637 640 644 647 661 683 694 727 760 771 781 787 814 817 833 841 852 900 970
Compactness: 5589.019125
Weights: 620.000000 10736.000000 2710.000000
Center Node: 254

District 15
Nodes: 1 3 4 6 28 40 55 116 126 191 195 227 304 316 319 352 354 406 407 429 437 438 449 480 498 511 514 536 569 586 607 618 623 654 674 682 684 690 695 710 722 733 779 804 810 815 828 864 874 894 902 904 947 962 980 987
Compactness: 8768.802747
Weights: 667.000000 11097.000000 3282.000000
Center Node: 437

District 16
Nodes: 33 63 86 110 120 132 142 157 159 166 174 188 214 219 232 233 241 315 324 350 353 390 395 408 467 471 473 488 506 509 541 585 591 629 632 650 656 675 681 692 699 794 818 871 885 890 919 924 940 957 976 979
Compactness: 5012.283137
Weights: 628.000000 10536.000000 3199.000000
Center Node: 233

District 17
Nodes: 2 51 54 65 83 100 112 118 151 163 165 186 205 211 217 272 292 394 401 410 424 450 474 478 493 518 520 535 548 549 552 560 574 594 599 609 651 676 679 712 717 724 755 803 851 857 868 869 893 927 965 966 991 995
Compactness: 4885.630495
Weights: 656.000000 10429.000000 2796.000000
Center Node: 991

District 18
Nodes: 18 66 136 152 169 198 209 213 243 265 280 284 298 300 332 340 362 375 380 414 425 430 447 458 461 472 477 500 521 542 561 565 598 615 619 624 636 667 680 730 743 782 827 888 898 909 917 920 944 967 994
Compactness: 4529.820270
Weights: 619.000000 10332.000000 3165.000000
Center Node: 967

District 19
Nodes: 7 15 19 64 103 122 137 171 179 222 271 297 321 335 351 357 371 384 387 457 470 489 517 523 555 557 566 579 584 633 635 655 669 673 716 809 816 839 889 912 932 933 934 935 946 948 953 971
Compactness: 7405.282582
Weights: 607.000000 10124.000000 2866.000000
Center Node: 7

District 20
Nodes: 11 13 27 47 59 67 82 87 95 115 144 172 181 199 200 210 221 252 273 283 322 328 342 347 399 419 495 582 589 639 657 671 678 686 711 751 756 757 759 808 832 836 937 964
Compactness: 3172.204397
Weights: 555.000000 9551.000000 2953.000000
Center Node: 67
