BalanceViolation 30.382500
AffinityLoss 1586.000000
Compactness 120481.922084
District 1
Nodes: 0 19 23 53 57 65 127 136 139 144 153 185 201 228 244 301 305 312 321 325 359 363 364 423 431 433 451 456 463 483 485 577 628 695 696 740 756 795 798 838 872 892 918 943 945 959 968 973 983 986 995 996
Compactness: 5311.014343
Weights: 564.000000 10018.000000 2931.000000
Center Node: 301

District 2
Nodes: 7 17 36 37 58 61 63 126 132 133 141 167 175 180 191 209 227 236 256 274 280 284 309 327 341 346 435 441 484 492 538 541 546 560 586 614 618 650 651 657 697 709 715 717 770 786 791 792 871 888 911 924 988
Compactness: 5603.046982
Weights: 596.000000 10110.000000 2865.000000
Center Node: 341

District 3
Nodes: 1 5 29 35 49 74 77 78 98 146 176 179 190 193 203 224 231 249 276 306 310 357 377 389 459 474 528 548 569 570 574 619 625 630 667 685 699 741 742 744 746 758 780 853 863 873 897 904 913 953 954 955 982 998 999
Compactness: 8340.053407
Weights: 577.000000 10857.000000 3072.000000
Center Node: 528

District 4
Nodes: 13 67 69 75 106 112 115 142 143 162 164 189 194 198 219 243 352 436 442 466 476 498 499 530 532 556 598 600 617 643 670 676 678 690 705 712 734 748 784 829 834 858 859 868 905 910 932 977 978 981 989
Compactness: 4059.316701
Weights: 634.000000 10094.000000 2803.000000
Center Node: 198

District 5
Nodes: 12 18 108 113 130 169 188 204 225 240 253 265 270 271 285 336 337 351 367 379 407 411 446 457 502 525 535 579 594 604 646 652 680 689 749 768 773 775 802 836 848 861 874 908 940 952 962 992
Compactness: 4449.788281
Weights: 563.000000 10762.000000 2850.000000
Center Node: 130

District 6
Nodes: 2 26 44 99 107 123 160 214 237 245 272 278 297 334 335 339 350 369 376 406 416 419 439 440 447 500 505 563 565 578 607 660 691 707 713 720 722 730 767 769 803 811 813 820 842 862 876 927 933 961 970
Compactness: 5000.386892
Weights: 622.000000 10571.000000 2783.000000
Center Node: 961

District 7
Nodes: 6 79 135 158 183 192 222 262 287 296 332 368 382 398 401 409 487 514 517 524 534 537 540 544 588 591 595 596 626 633 675 677 684 710 711 719 739 751 774 809 810 823 854 877 895 925 935 947 963 965 990
Compactness: 5869.282001
Weights: 622.000000 10192.000000 3000.000000
Center Node: 537

District 8
Nodes: 21 43 52 95 96 119 125 134 148 154 196 202 281 300 324 330 366 374 386 396 413 455 465 497 503 510 520 554 562 573 585 605 615 624 647 692 733 772 787 807 830 831 843 885 902 960 969 971 993 997
Compactness: 5895.727734
Weights: 622.000000 10459.000000 2988.000000
Center Node: 830

District 9
Nodes: 14 32 56 59 171 197 200 206 221 232 233 295 314 317 319 344 345 355 385 392 426 449 453 462 472 473 509 516 523 555 584 616 629 645 648 666 704 723 731 790 816 818 826 833 893 919 938 942 951 964
Compactness: 6399.697005
Weights: 628.000000 9953.000000 2808.000000
Center Node: 942

District 10
Nodes: 9 20 47 70 124 155 212 238 251 268 273 277 286 291 298 299 303 304 308 424 468 475 490 526 543 572 582 601 637 642 649 653 654 658 693 706 732 736 753 782 797 822 844 887 923 937 967 987
Compactness: 9140.819235
Weights: 590.000000 10752.000000 2857.000000
Center Node: 706

District 11
Nodes: 4 34 46 87 103 168 223 246 259 279 283 288 294 307 323 347 356 358 361 372 373 375 383 486 494 507 508 513 531 533 551 557 558 559 576 609 656 659 664 672 702 789 847 865 881 886 903 984
Compactness: 4658.211093
Weights: 629.000000 10043.000000 2844.000000
Center Node: 672

District 12
Nodes: 8 15 83 84 93 109 114 166 208 211 213 254 264 282 340 370 387 420 427 438 452 470 479 491 501 575 587 635 639 644 688 714 725 750 757 760 764 778 793 800 821 824 845 855 890 907 941 966
Compactness: 10460.343289
Weights: 570.000000 10887.000000 2815.000000
Center Node: 93

District 13
Nodes: 10 30 55 62 64 100 104 118 138 145 151 152 230 234 247 311 329 365 380 393 434 458 482 493 495 518 581 592 602 606 610 627 638 662 728 761 763 781 794 805 806 840 860 864 912 931 949 991
Compactness: 7910.305848
Weights: 576.000000 10025.000000 2824.000000
Center Node: 62

District 14
Nodes: 28 31 42 45 50 66 71 94 128 131 150 161 170 181 199 235 252 289 326 333 353 360 388 399 414 464 519 521 549 552 566 593 608 611 636 641 661 669 745 752 771 776 785 846 849 850 880 906 917 922 934 946 957 975
Compactness: 5374.004763
Weights: 620.000000 10940.000000 3073.000000
Center Node: 745

District 15
Nodes: 51 73 76 81 90 91 92 101 159 173 174 178 182 187 220 292 293 349 390 391 408 444 471 477 489 529 547 550 583 603 612 674 698 701 708 721 724 729 735 762 817 828 832 835 882 884 930 979
Compactness: 4753.400580
Weights: 559.000000 10952.000000 2894.000000
Center Node: 293

District 16
Nodes: 3 22 24 33 41 60 72 82 88 97 149 165 172 186 215 218 250 257 261 266 275 328 331 381 384 404 428 432 445 448 478 496 504 515 536 553 567 568 681 759 765 788 804 815 901 921 928 936 939
Compactness: 5188.454323
Weights: 615.000000 9951.000000 3059.000000
Center Node: 215

District 17
Nodes: 27 38 39 80 105 116 117 140 163 195 239 248 260 263 267 342 394 403 405 415 421 422 461 469 480 481 542 545 590 613 622 623 665 671 687 694 718 726 747 755 777 779 812 814 841 870 896 914 920 974 980
Compactness: 5249.801876
Weights: 622.000000 10400.000000 2981.000000
Center Node: 623

District 18
Nodes: 16 40 68 85 89 147 156 184 226 241 258 290 320 322 348 371 417 425 443 450 467 488 527 571 580 589 597 599 631 679 682 727 743 754 783 799 808 851 856 869 875 889 898 899 926 929 948
Compactness: 4248.268588
Weights: 569.000000 10782.000000 3059.000000
Center Node: 450

District 19
Nodes: 11 48 54 102 122 129 157 210 217 269 302 315 316 338 343 362 429 437 454 460 512 522 539 620 621 634 655 663 668 673 683 686 700 738 796 801 819 827 837 852 867 883 891 915 916 944 950 956 958
Compactness: 5197.413666
Weights: 573.000000 10885.000000 3066.000000
Center Node: 54

District 20
Nodes: 25 86 110 111 120 121 137 177 205 207 216 229 242 255 313 318 354 378 395 397 400 402 410 412 418 430 506 511 561 564 632 640 703 716 737 766 825 839 857 866 878 879 894 900 909 972 976 985 994
Compactness: 7372.585477
Weights: 584.000000 10902.000000 3070.000000
Center Node: 430
