BalanceViolation 169.058000
AffinityLoss 1797.000000
Compactness 60936.142342
District 1
Nodes: 18 25 80 110 190 283 292 325 362 423 464 575 605 675 768 777 796 893 914 917
Compactness: 968.063179
Weights: 257.000000 3894.000000 1221.000000
Center Node: 575

District 2
Nodes: 100 118 203 313 332 418 424 449 501 527 613 651 677 797 883 884 891 904 948
Compactness: 1163.274797
Weights: 223.000000 4647.000000 1099.000000
Center Node: 527

District 3
Nodes: 146 163 176 200 214 296 352 400 407 411 608 612 635 659 696 733 734 801 908 962 972
Compactness: 1013.438217
Weights: 256.000000 4408.000000 1220.000000
Center Node: 146

District 4
Nodes: 15 36 50 68 181 250 269 311 316 391 482 499 657 661 663 690 765 788 807 896 903 961
Compactness: 1492.516069
Weights: 252.000000 4511.000000 1203.000000
Center Node: 765

District 5
Nodes: 14 55 95 234 315 327 339 340 363 435 477 491 549 676 732 817 853 874
Compactness: 1217.044072
Weights: 242.000000 3861.000000 1085.000000
Center Node: 676

District 6
Nodes: 22 84 86 97 112 160 175 193 225 344 360 378 544 580 662 700 960 963 986
Compactness: 1328.381911
Weights: 206.000000 4562.000000 1171.000000
Center Node: 97

District 7
Nodes: 64 103 194 210 522 523 570 597 649 654 692 715 736 744 795 881 923 951 958
Compactness: 1165.812522
Weights: 226.000000 4224.000000 1177.000000
Center Node: 570

District 8
Nodes: 29 102 143 145 326 398 419 599 606 627 684 785 800 819 829 831 937 950 968
Compactness: 1218.253484
Weights: 241.000000 4562.000000 1087.000000
Center Node: 398

District 9
Nodes: 88 139 150 191 222 236 390 429 440 454 503 536 543 919 932 973 976 981 988
Compactness: 1038.839319
Weights: 240.000000 4063.000000 1014.000000
Center Node: 88

District 10
Nodes: 42 85 90 166 271 333 387 388 399 404 582 615 625 729 740 866 888 955 966 990
Compactness: 1229.985094
Weights: 260.000000 3912.000000 1228.000000
Center Node: 866

District 11
Nodes: 58 71 81 196 209 224 238 310 337 386 403 495 594 609 713 759 854 889
Compactness: 941.215292
Weights: 217.000000 4122.000000 1086.000000
Center Node: 609

District 12
Nodes: 37 46 111 165 186 192 198 262 290 350 459 463 492 596 600 626 682 698 750 780 812 879 892
Compactness: 1355.261472
Weights: 251.000000 4621.000000 1072.000000
Center Node: 46

District 13
Nodes: 1 72 73 93 195 208 228 232 329 349 467 498 531 553 583 773 867 913 930 943 949
Compactness: 1301.735344
Weights: 260.000000 4313.000000 1029.000000
Center Node: 349

District 14
Nodes: 31 59 65 96 136 162 202 240 286 489 579 607 717 741 805 876 886 938
Compactness: 923.570450
Weights: 236.000000 3890.000000 1026.000000
Center Node: 136

District 15
Nodes: 38 119 138 141 171 351 368 401 458 484 496 540 546 559 586 601 719 794 929
Compactness: 946.440058
Weights: 230.000000 4173.000000 1124.000000
Center Node: 368

District 16
Nodes: 106 137 140 270 357 408 427 439 513 547 572 577 632 735 756 787 820 894 909
Compactness: 1210.341091
Weights: 220.000000 4541.000000 1032.000000
Center Node: 427

District 17
Nodes: 40 79 94 169 188 348 366 453 520 545 595 638 686 701 709 747 763 772 833 887
Compactness: 923.945944
Weights: 263.000000 4000.000000 1153.000000
Center Node: 94

District 18
Nodes: 41 114 364 379 383 395 529 568 623 693 706 743 757 769 776 783 793 912 985
Compactness: 1254.891488
Weights: 226.000000 4667.000000 1007.000000
Center Node: 623

District 19
Nodes: 43 47 133 158 178 217 246 252 260 289 306 343 447 450 564 664 687 748 811 901 928
Compactness: 1198.462275
Weights: 257.000000 4658.000000 1253.000000
Center Node: 687

District 20
Nodes: 4 116 151 185 187 215 235 258 280 302 312 335 416 452 486 538 656 745 900 921 922 998
Compactness: 1281.467179
Weights: 295.000000 3813.000000 1225.000000
Center Node: 452

District 21
Nodes: 10 132 147 415 445 446 478 517 555 628 642 688 691 764 786 809 825 877 911 939
Compactness: 1314.369252
Weights: 258.000000 3938.000000 1125.000000
Center Node: 555

District 22
Nodes: 44 87 128 155 173 426 431 565 611 644 645 650 658 721 822 839 873 875 895
Compactness: 1088.693989
Weights: 256.000000 4477.000000 1252.000000
Center Node: 822

District 23
Nodes: 104 148 282 287 417 472 569 637 653 704 714 730 775 778 792 798 890 954 956 979 989
Compactness: 1870.567574
Weights: 263.000000 4618.000000 1113.000000
Center Node: 714

District 24
Nodes: 20 76 123 126 274 304 314 324 338 441 510 516 532 534 758 823 847 857 918 941
Compactness: 1214.308769
Weights: 262.000000 3968.000000 1035.000000
Center Node: 532

District 25
Nodes: 51 342 347 380 421 480 487 530 541 576 668 718 746 752 771 864 994
Compactness: 820.125134
Weights: 218.000000 4625.000000 1018.000000
Center Node: 752

District 26
Nodes: 6 16 34 107 130 161 220 278 299 455 550 585 610 616 671 679 707 751 821 850 860 957
Compactness: 1793.603427
Weights: 265.000000 4539.000000 1033.000000
Center Node: 610

District 27
Nodes: 11 56 167 328 334 631 647 703 755 766 790 818 897 920 952 967 982 992
Compactness: 960.242661
Weights: 204.000000 3862.000000 1256.000000
Center Node: 992

District 28
Nodes: 26 63 237 273 294 298 377 414 483 563 779 802 842 906 927 971 980 996
Compactness: 1392.684056
Weights: 218.000000 4191.000000 1181.000000
Center Node: 298

District 29
Nodes: 13 60 74 77 98 127 134 267 291 345 481 485 524 551 560 602 655 678 898 905 934
Compactness: 1304.497565
Weights: 256.000000 4150.000000 1114.000000
Center Node: 267

District 30
Nodes: 53 105 109 268 295 330 412 457 460 475 578 648 674 680 683 738 760 770 835 880 965 999
Compactness: 1457.254202
Weights: 248.000000 4658.000000 1248.000000
Center Node: 460

District 31
Nodes: 0 39 62 256 264 272 288 309 321 355 437 448 507 591 603 725 808 815 844 959 991
Compactness: 1383.160700
Weights: 220.000000 4213.000000 1230.000000
Center Node: 437

District 32
Nodes: 12 17 66 92 120 156 346 385 389 557 558 614 723 728 739 832 845 910 964 977
Compactness: 1429.315718
Weights: 243.000000 4203.000000 1177.000000
Center Node: 389

District 33
Nodes: 218 257 277 341 356 410 443 504 505 519 535 617 660 665 695 710 716 731 816 830 942
Compactness: 948.474057
Weights: 234.000000 4661.000000 1133.000000
Center Node: 695

District 34
Nodes: 9 28 75 180 207 318 354 369 370 409 430 442 466 598 620 652 737 834 840 899
Compactness: 937.843329
Weights: 237.000000 4074.000000 1057.000000
Center Node: 207

District 35
Nodes: 78 99 183 206 249 323 353 373 397 462 471 497 512 526 622 630 634 712 862 945
Compactness: 1299.529516
Weights: 236.000000 4237.000000 1040.000000
Center Node: 353

District 36
Nodes: 35 122 135 159 189 211 219 239 468 548 567 574 588 670 685 720 849
Compactness: 1000.827473
Weights: 231.000000 3916.000000 1061.000000
Center Node: 135

District 37
Nodes: 30 57 67 69 91 230 263 266 281 359 422 556 566 633 636 667 711 724 813 926
Compactness: 1165.790506
Weights: 218.000000 4450.000000 1094.000000
Center Node: 67

District 38
Nodes: 2 113 124 152 154 179 204 221 241 285 365 381 428 502 539 554 561 629 694 726 814 843
Compactness: 1404.093095
Weights: 259.000000 4432.000000 1181.000000
Center Node: 2

District 39
Nodes: 7 172 297 396 465 474 476 528 552 587 673 762 804 859 907 915 925 933 946
Compactness: 940.221242
Weights: 221.000000 3818.000000 1293.000000
Center Node: 552

District 40
Nodes: 23 54 82 164 184 229 247 275 303 425 436 490 640 789 931 936 975 995
Compactness: 1093.341246
Weights: 204.000000 3810.000000 1254.000000
Center Node: 931

District 41
Nodes: 5 157 223 248 261 293 317 322 500 589 624 753 754 767 782 784 810 868 872 969 970 987 993
Compactness: 1387.321490
Weights: 256.000000 4615.000000 1241.000000
Center Node: 317

District 42
Nodes: 32 49 52 197 212 231 243 301 336 361 371 392 405 456 461 506 590 621 646 666 742 838 935
Compactness: 1178.134709
Weights: 253.000000 4437.000000 1209.000000
Center Node: 371

District 43
Nodes: 61 153 170 205 244 251 434 444 537 581 639 727 803 828 837 861 863 865 944 974
Compactness: 1598.313124
Weights: 245.000000 3925.000000 1184.000000
Center Node: 861

District 44
Nodes: 48 168 227 372 376 413 433 451 470 479 494 521 592 619 722 855 871 882 984
Compactness: 1190.059719
Weights: 239.000000 3953.000000 1240.000000
Center Node: 413

District 45
Nodes: 177 254 300 308 320 358 367 393 402 432 509 518 573 643 669 672 806 940 953 997
Compactness: 1238.429107
Weights: 228.000000 4275.000000 1168.000000
Center Node: 367

District 46
Nodes: 8 117 121 259 305 319 382 384 406 420 438 469 508 514 525 542 708 781 869 870 978
Compactness: 1301.095684
Weights: 245.000000 3944.000000 1243.000000
Center Node: 869

District 47
Nodes: 24 70 89 115 142 144 149 201 216 233 375 493 641 681 702 705 827 836 846 856 885 983
Compactness: 1503.804848
Weights: 243.000000 4000.000000 1087.000000
Center Node: 233

District 48
Nodes: 19 45 101 199 276 284 307 488 515 562 584 749 761 774 824 841 848 858 947
Compactness: 1166.435954
Weights: 237.000000 4020.000000 1153.000000
Center Node: 19

District 49
Nodes: 3 21 108 125 129 174 182 213 245 331 374 394 571 593 604 618 689 697 791 878 924
Compactness: 1286.924137
Weights: 221.000000 4084.000000 1125.000000
Center Node: 697

District 50
Nodes: 27 33 83 131 226 242 253 255 265 279 473 511 533 699 799 826 851 852 902 916
Compactness: 1093.740807
Weights: 229.000000 4569.000000 1157.000000
Center Node: 902
