BalanceViolation 0.000000
AffinityLoss 823.000000
Compactness 50055.866017
District 1
Nodes: 27 45 78 83 84 87 101 105 118 138 142 144 184 202 229 248 300 305 316 331 353 376 405 432 457
Compactness: 1716.670401
Weights: 277.000000 5714.000000 1516.000000
Center Node: 45

District 2
Nodes: 2 4 14 46 50 53 57 85 146 164 178 189 242 247 296 330 333 337 358 362 367 377 381 383 408 465 478 495
Compactness: 2469.612426
Weights: 324.000000 4813.000000 1597.000000
Center Node: 465

District 3
Nodes: 21 37 92 94 104 137 163 171 199 281 284 294 312 336 339 342 359 365 382 392 402 406 411 444 468 487
Compactness: 2285.205334
Weights: 313.000000 5440.000000 1608.000000
Center Node: 468

District 4
Nodes: 20 26 33 36 66 116 126 165 169 179 183 186 209 231 256 285 288 314 334 352 361 378 396 424 462
Compactness: 2196.917315
Weights: 301.000000 5298.000000 1601.000000
Center Node: 361

District 5
Nodes: 3 49 59 71 95 127 143 166 174 180 220 245 263 273 274 295 298 303 307 399 401 418 429 435
Compactness: 2549.786752
Weights: 282.000000 5577.000000 1368.000000
Center Node: 307

District 6
Nodes: 11 24 56 98 120 157 161 185 205 211 212 221 233 243 267 317 324 347 356 391 407 412 422 453 455 474 481
Compactness: 4334.135649
Weights: 322.000000 5202.000000 1369.000000
Center Node: 422

District 7
Nodes: 9 15 17 23 31 63 86 187 203 217 219 260 261 275 286 310 315 360 403 414 420 448 479 491
Compactness: 3698.126808
Weights: 283.000000 5789.000000 1533.000000
Center Node: 448

District 8
Nodes: 55 64 90 100 109 114 123 124 125 134 145 200 228 254 279 306 346 386 388 426 438 454 472 484 498
Compactness: 2417.006839
Weights: 322.000000 4847.000000 1341.000000
Center Node: 388

District 9
Nodes: 6 22 69 108 130 132 149 262 264 268 280 329 341 345 355 384 413 427 430 456 464 477 489 493
Compactness: 1945.107369
Weights: 299.000000 5076.000000 1575.000000
Center Node: 69

District 10
Nodes: 7 18 30 34 89 113 141 226 230 258 259 266 301 304 321 322 327 338 340 351 354 369 446 450 451 460
Compactness: 2337.844585
Weights: 290.000000 5811.000000 1388.000000
Center Node: 226

District 11
Nodes: 67 68 76 82 150 155 158 192 210 237 244 277 297 318 363 385 398 419 458 470 483 485
Compactness: 2241.919025
Weights: 308.000000 4883.000000 1334.000000
Center Node: 76

District 12
Nodes: 39 131 147 148 151 172 196 222 225 227 234 257 278 292 320 326 364 366 368 395 421 449 499
Compactness: 1653.399985
Weights: 332.000000 4856.000000 1329.000000
Center Node: 292

District 13
Nodes: 1 28 29 35 88 106 136 154 206 216 218 238 250 253 269 270 289 302 323 357 387 433 445 452 471 497
Compactness: 2143.099265
Weights: 301.000000 5785.000000 1363.000000
Center Node: 154

District 14
Nodes: 42 47 54 62 77 93 99 103 128 191 201 204 207 213 251 255 332 335 343 375 389 390 409 415 434 463
Compactness: 2623.785103
Weights: 309.000000 5153.000000 1608.000000
Center Node: 415

District 15
Nodes: 38 48 61 81 107 110 139 160 214 232 308 325 328 344 370 400 425 436 469 482 496
Compactness: 1795.799835
Weights: 294.000000 5297.000000 1364.000000
Center Node: 48

District 16
Nodes: 8 13 40 41 72 133 152 153 159 195 198 208 223 282 283 309 348 373 394 423 437 439 442 459 461 476 486 488
Compactness: 2960.877605
Weights: 335.000000 5730.000000 1621.000000
Center Node: 153

District 17
Nodes: 19 65 73 74 79 102 112 129 162 170 175 177 181 182 197 240 241 246 249 290 293 349 374 416 417 428 473 490
Compactness: 2863.641098
Weights: 333.000000 5724.000000 1605.000000
Center Node: 79

District 18
Nodes: 5 10 44 70 96 115 121 168 188 190 193 236 265 271 276 291 313 350 371 372 380 397 443 480
Compactness: 1713.641670
Weights: 319.000000 4977.000000 1462.000000
Center Node: 168

District 19
Nodes: 0 12 16 25 43 51 60 80 91 97 111 117 119 173 176 224 235 239 252 319 404 492 494
Compactness: 2010.973910
Weights: 294.000000 4814.000000 1434.000000
Center Node: 117

District 20
Nodes: 32 52 58 75 122 135 140 156 167 194 215 272 287 299 311 379 393 410 431 440 441 447 466 467 475
Compactness: 4098.315043
Weights: 294.000000 4932.000000 1498.000000
Center Node: 122
