BalanceViolation 28.695000
AffinityLoss 903.000000
Compactness 54754.898260
District 1
Nodes: 78 97 155 164 175 185 207 226 251 264 285 289 295 341 343 369 390 399 405 407 411 461 484 496
Compactness: 2066.214955
Weights: 305.000000 5107.000000 1365.000000
Center Node: 155

District 2
Nodes: 3 22 79 86 89 134 146 151 189 192 199 222 228 229 232 257 271 302 321 349 392 427 433 457 472 474 486 490
Compactness: 3025.418970
Weights: 291.000000 5030.000000 1469.000000
Center Node: 427

District 3
Nodes: 9 13 16 21 49 53 72 77 108 112 128 176 183 262 265 266 269 297 298 370 375 444 463 466
Compactness: 3480.286252
Weights: 278.000000 5271.000000 1416.000000
Center Node: 370

District 4
Nodes: 31 48 58 61 73 95 104 130 147 152 154 160 163 191 239 254 275 287 320 354 380 386 393 432 443
Compactness: 2399.597384
Weights: 281.000000 5221.000000 1362.000000
Center Node: 48

District 5
Nodes: 7 12 26 54 55 57 71 93 121 148 167 186 231 238 272 310 311 338 342 360 363 379 402 413 450 454
Compactness: 6189.673812
Weights: 271.000000 5330.000000 1430.000000
Center Node: 272

District 6
Nodes: 23 27 43 59 81 115 214 215 217 233 244 248 260 267 286 299 327 383 394 398 423 449 489 495
Compactness: 2258.729779
Weights: 288.000000 4855.000000 1512.000000
Center Node: 244

District 7
Nodes: 20 28 40 67 122 132 140 144 169 208 242 246 306 315 336 337 352 372 376 378 420 434 451 475 480 483
Compactness: 3446.077894
Weights: 294.000000 5158.000000 1485.000000
Center Node: 451

District 8
Nodes: 30 52 119 161 179 184 200 209 230 252 253 282 305 329 332 334 347 367 416 462 467 482 488
Compactness: 1690.706685
Weights: 287.000000 4994.000000 1367.000000
Center Node: 230

District 9
Nodes: 0 24 37 44 91 100 129 135 142 149 178 220 250 270 318 328 340 365 366 368 395 441 459 476 498
Compactness: 3347.321537
Weights: 306.000000 5171.000000 1376.000000
Center Node: 270

District 10
Nodes: 83 92 98 105 110 127 159 171 194 198 202 211 221 234 316 330 339 345 388 408 437 447 465
Compactness: 2394.592676
Weights: 301.000000 5310.000000 1410.000000
Center Node: 437

District 11
Nodes: 15 18 36 46 76 101 118 141 153 170 172 180 240 268 288 307 314 348 353 359 397 422 425 471 473 497
Compactness: 3233.793527
Weights: 303.000000 5091.000000 1466.000000
Center Node: 101

District 12
Nodes: 5 38 41 60 68 70 94 103 131 139 143 174 177 196 237 241 261 273 276 280 291 313 325 391 419 428 431 448
Compactness: 2703.129381
Weights: 301.000000 5293.000000 1432.000000
Center Node: 41

District 13
Nodes: 4 11 42 47 74 75 80 106 111 117 156 165 188 201 205 224 243 279 294 317 323 346 371 424
Compactness: 2164.163036
Weights: 281.000000 4996.000000 1495.000000
Center Node: 42

District 14
Nodes: 33 51 56 62 63 64 87 123 136 137 138 150 166 168 181 206 212 292 312 319 364 410 430 440 470
Compactness: 2327.988083
Weights: 290.000000 4870.000000 1484.000000
Center Node: 212

District 15
Nodes: 6 19 34 45 66 113 125 204 218 227 256 301 304 322 333 362 389 404 406 412 418 439 458 468 479
Compactness: 1845.425159
Weights: 295.000000 5154.000000 1454.000000
Center Node: 256

District 16
Nodes: 29 88 90 109 120 133 187 195 245 247 283 326 335 344 350 373 377 396 414 435 438 446 478 481 485 491 499
Compactness: 2350.786399
Weights: 305.000000 5282.000000 1355.000000
Center Node: 373

District 17
Nodes: 10 14 39 65 85 124 158 197 213 223 235 255 274 293 324 356 358 374 381 387 415 436 445 452 455
Compactness: 2723.521129
Weights: 281.000000 4988.000000 1497.000000
Center Node: 356

District 18
Nodes: 1 8 25 82 96 102 182 190 193 219 249 263 278 284 296 309 382 409 417 421 429 460 493
Compactness: 1982.178075
Weights: 315.000000 4957.000000 1362.000000
Center Node: 421

District 19
Nodes: 32 50 84 99 114 157 162 203 210 281 300 303 308 331 355 361 384 385 426 453 464 487 494
Compactness: 2192.964934
Weights: 278.000000 4880.000000 1393.000000
Center Node: 384

District 20
Nodes: 2 17 35 69 107 116 126 145 173 216 225 236 258 259 277 290 351 357 400 401 403 442 456 469 477 492
Compactness: 2932.328595
Weights: 285.000000 5109.000000 1495.000000
Center Node: 173
