BalanceViolation 13300.476000
AffinityLoss 957.000000
Compactness 36270.119768
District 1
Nodes: 32 87 106 132 162 191 205 274 346 415 451
Compactness: 456.790690
Weights: 129.000000 2786.000000 571.000000
Center Node: 415

District 2
Nodes: 15 19 38 155 258 279 392 418 429 458
Compactness: 465.603894
Weights: 145.000000 1907.000000 622.000000
Center Node: 15

District 3
Nodes: 95 111 252 262 335 342 375 434 478 488
Compactness: 3075.809656
Weights: 146.000000 2036.000000 579.000000
Center Node: 95

District 4
Nodes: 24 61 80 192 230 357 417 421
Compactness: 334.451796
Weights: 99.000000 1861.000000 502.000000
Center Node: 417

District 5
Nodes: 6 18 31 142 153 164 281 285 332 409 444 477 497
Compactness: 697.253706
Weights: 163.000000 2864.000000 675.000000
Center Node: 6

District 6
Nodes: 8 14 22 34 104 157 185 235 299 300 363 422 460
Compactness: 3426.775159
Weights: 147.000000 2612.000000 616.000000
Center Node: 300

District 7
Nodes: 105 130 190 225 268 319 329 340 379 381 428
Compactness: 647.421911
Weights: 122.000000 1786.000000 514.000000
Center Node: 428

District 8
Nodes: 35 66 116 158 196 257 264 277 284 348 395 468
Compactness: 617.475941
Weights: 154.000000 2291.000000 616.000000
Center Node: 468

District 9
Nodes: 52 125 126 127 169 239 246 326 448
Compactness: 396.805292
Weights: 98.000000 1572.000000 619.000000
Center Node: 52

District 10
Nodes: 55 141 160 186 233 243 280 420 438 439
Compactness: 463.070499
Weights: 124.000000 2450.000000 589.000000
Center Node: 280

District 11
Nodes: 26 64 83 108 256 356 374 402 493
Compactness: 391.987943
Weights: 123.000000 1839.000000 539.000000
Center Node: 374

District 12
Nodes: 5 20 120 124 216 248 308 391 401 427 462 485 489
Compactness: 912.564068
Weights: 125.000000 3193.000000 868.000000
Center Node: 308

District 13
Nodes: 40 62 184 244 298 343 397 398 452 476
Compactness: 458.917145
Weights: 115.000000 1667.000000 543.000000
Center Node: 476

District 14
Nodes: 21 84 88 99 115 150 167 183 260 263 269 432
Compactness: 700.552963
Weights: 109.000000 2208.000000 602.000000
Center Node: 21

District 15
Nodes: 29 50 68 91 128 297 369 393
Compactness: 282.576348
Weights: 62.000000 1942.000000 477.000000
Center Node: 297

District 16
Nodes: 16 97 163 227 322 325 344 345
Compactness: 361.810267
Weights: 71.000000 1590.000000 477.000000
Center Node: 344

District 17
Nodes: 118 131 199 261 290 353 355 383 426
Compactness: 1237.355774
Weights: 107.000000 1892.000000 338.000000
Center Node: 383

District 18
Nodes: 36 74 176 200 207 251 253 294 378 396 490
Compactness: 1463.637105
Weights: 114.000000 2635.000000 790.000000
Center Node: 74

District 19
Nodes: 7 46 70 71 76 110 129 133 148 213 480 487
Compactness: 717.536627
Weights: 131.000000 1658.000000 698.000000
Center Node: 46

District 20
Nodes: 53 65 151 154 161 177 288 313 316 403 449 492
Compactness: 635.418528
Weights: 139.000000 2012.000000 713.000000
Center Node: 154

District 21
Nodes: 89 100 171 187 201 304 317 389 423 454 461
Compactness: 535.269183
Weights: 128.000000 2304.000000 473.000000
Center Node: 201

District 22
Nodes: 49 57 73 98 145 218 390 406 408 410
Compactness: 558.998010
Weights: 129.000000 1599.000000 576.000000
Center Node: 218

District 23
Nodes: 2 122 309 321 377 419 435 453
Compactness: 278.517021
Weights: 117.000000 1403.000000 544.000000
Center Node: 453

District 24
Nodes: 182 240 373 411 436 491 494
Compactness: 272.417002
Weights: 65.000000 1904.000000 462.000000
Center Node: 182

District 25
Nodes: 23 59 119 173 249 334 358 360 384 407 440 450 474 495
Compactness: 1000.569646
Weights: 170.000000 2469.000000 828.000000
Center Node: 358

District 26
Nodes: 67 81 209 223 276 278 314 372
Compactness: 385.280569
Weights: 75.000000 1727.000000 467.000000
Center Node: 223

District 27
Nodes: 25 47 90 179 259 270 338 368 387 425 464 471
Compactness: 571.205983
Weights: 112.000000 2763.000000 660.000000
Center Node: 25

District 28
Nodes: 140 168 206 214 241 254 273 327 416 430 499
Compactness: 1295.900809
Weights: 129.000000 2055.000000 698.000000
Center Node: 273

District 29
Nodes: 86 92 96 134 156 175 215 222 232 289 328 352 380 443
Compactness: 909.329858
Weights: 153.000000 3199.000000 803.000000
Center Node: 352

District 30
Nodes: 3 27 272 286 303 364 394 459
Compactness: 279.610859
Weights: 81.000000 2007.000000 426.000000
Center Node: 3

District 31
Nodes: 4 60 144 165 266 283 447
Compactness: 795.803001
Weights: 79.000000 1635.000000 373.000000
Center Node: 60

District 32
Nodes: 63 75 228 236 347 441 472 481
Compactness: 2628.531743
Weights: 90.000000 1556.000000 402.000000
Center Node: 347

District 33
Nodes: 170 180 221 231 250 293 324 362 367 370
Compactness: 708.931491
Weights: 114.000000 1944.000000 547.000000
Center Node: 231

District 34
Nodes: 11 45 56 138 149 178 181 195 302 371 431 457 498
Compactness: 814.680139
Weights: 157.000000 1986.000000 844.000000
Center Node: 371

District 35
Nodes: 28 117 123 174 188 210 220 337 386 404
Compactness: 290.519337
Weights: 125.000000 2354.000000 552.000000
Center Node: 210

District 36
Nodes: 12 79 143 146 197 224 341 376 442 456
Compactness: 450.600460
Weights: 104.000000 1689.000000 588.000000
Center Node: 341

District 37
Nodes: 41 44 78 85 94 135 202 204 291 388 463
Compactness: 561.089339
Weights: 124.000000 2542.000000 629.000000
Center Node: 85

District 38
Nodes: 48 51 112 189 198 219 229 237 446
Compactness: 523.131553
Weights: 121.000000 1715.000000 567.000000
Center Node: 219

District 39
Nodes: 0 1 72 282 323 385 424 437 479 484 486 496
Compactness: 677.322470
Weights: 137.000000 2078.000000 614.000000
Center Node: 282

District 40
Nodes: 39 58 101 147 242 245 296 301 366 467
Compactness: 427.420614
Weights: 111.000000 2119.000000 526.000000
Center Node: 467

District 41
Nodes: 107 159 193 311 349 351 445 482
Compactness: 869.022695
Weights: 96.000000 1518.000000 434.000000
Center Node: 159

District 42
Nodes: 33 82 113 152 172 211 234 265 292 413 414
Compactness: 489.931858
Weights: 136.000000 1888.000000 588.000000
Center Node: 414

District 43
Nodes: 10 69 109 137 287 295 307 312 354 433 473
Compactness: 565.221269
Weights: 128.000000 2102.000000 722.000000
Center Node: 287

District 44
Nodes: 13 37 139 194 255 306 350 400
Compactness: 337.304953
Weights: 101.000000 1642.000000 474.000000
Center Node: 139

District 45
Nodes: 9 208 310 315 336 339 361
Compactness: 337.191911
Weights: 97.000000 1042.000000 524.000000
Center Node: 336

District 46
Nodes: 54 121 166 238 275 305 330
Compactness: 509.830203
Weights: 82.000000 1475.000000 469.000000
Center Node: 330

District 47
Nodes: 17 77 102 267 271 331 359 465 466
Compactness: 330.854058
Weights: 106.000000 1282.000000 509.000000
Center Node: 331

District 48
Nodes: 42 212 247 318 320 333 405 412 469
Compactness: 420.598140
Weights: 102.000000 1700.000000 496.000000
Center Node: 469

District 49
Nodes: 93 103 203 382 399 470 483
Compactness: 278.785740
Weights: 104.000000 1650.000000 415.000000
Center Node: 483

District 50
Nodes: 30 43 114 136 217 226 365 455 475
Compactness: 422.434541
Weights: 93.000000 2161.000000 333.000000
Center Node: 226
