BalanceViolation 19.722500
AffinityLoss 1721.000000
Compactness 96449.275524
District 1
Nodes: 45 72 86 87 90 151 171 183 191 192 240 249 268 295 336 392 407 410 411 479 485 492 493 502 509 522 596 609 623 675 679 701 703 716 717 725 734 759 771 783 789 815 824 842 853 868 882 899 955 956 964 979
Compactness: 4910.605573
Weights: 598.000000 10988.000000 2932.000000
Center Node: 240

District 2
Nodes: 12 28 29 124 145 177 196 236 243 285 303 309 317 357 387 412 416 417 421 449 468 506 523 568 574 592 608 613 689 702 728 743 756 775 802 809 818 828 835 846 850 870 871 876 928 933 935 937 944 946
Compactness: 6454.548819
Weights: 568.000000 10916.000000 2845.000000
Center Node: 309

District 3
Nodes: 42 53 54 75 101 115 119 123 186 206 228 244 260 302 350 368 374 423 439 450 456 470 486 517 520 526 570 601 618 636 642 647 690 693 729 737 774 777 797 803 808 825 851 855 856 866 869 872 877 915 959
Compactness: 4488.770387
Weights: 577.000000 11013.000000 2795.000000
Center Node: 423

District 4
Nodes: 6 47 99 105 138 154 174 220 232 256 272 281 284 318 360 362 386 400 401 402 418 431 510 532 535 539 560 573 599 607 610 612 620 670 677 681 711 742 746 785 786 788 804 820 848 865 886 904 981 995
Compactness: 4549.930694
Weights: 646.000000 10087.000000 2857.000000
Center Node: 612

District 5
Nodes: 49 55 63 67 68 74 129 143 164 165 178 190 201 242 258 306 320 331 335 373 380 413 443 496 507 511 544 605 627 640 645 649 650 655 696 719 751 806 811 884 894 903 926 947 948 978 994
Compactness: 4420.034064
Weights: 578.000000 10913.000000 2816.000000
Center Node: 751

District 6
Nodes: 62 70 77 88 93 131 144 213 223 246 275 278 339 341 361 384 390 408 414 429 457 473 480 571 611 615 644 651 668 688 712 732 780 810 840 843 852 857 881 883 922 936 950 951 966 977 984
Compactness: 4906.927218
Weights: 575.000000 11039.000000 2957.000000
Center Node: 810

District 7
Nodes: 9 26 34 44 48 58 61 80 128 170 193 222 233 263 269 283 293 315 376 382 397 424 435 455 488 538 586 588 593 600 619 628 632 637 654 694 698 738 752 757 761 767 784 861 896 906 930 941 982 991
Compactness: 4330.290080
Weights: 579.000000 10103.000000 2865.000000
Center Node: 455

District 8
Nodes: 1 36 73 98 133 153 155 168 181 187 203 210 229 237 259 290 296 304 323 347 425 436 460 469 483 513 529 549 638 662 680 707 726 760 778 792 826 864 887 897 911 914 924 929 952 965 968 997
Compactness: 4330.828320
Weights: 631.000000 10501.000000 2974.000000
Center Node: 864

District 9
Nodes: 23 32 89 114 122 126 152 162 212 224 238 273 276 311 319 329 337 342 354 404 428 444 445 452 461 487 491 499 531 533 540 547 553 557 564 580 582 652 753 772 787 790 860 888 902 939 945 953 967 998
Compactness: 6352.473677
Weights: 575.000000 10264.000000 2851.000000
Center Node: 531

District 10
Nodes: 4 14 56 81 102 120 148 179 184 230 241 253 266 282 298 305 308 330 344 345 369 379 381 427 438 448 451 466 494 508 527 572 578 591 626 643 682 715 747 762 796 807 900 905 907 917 961 969 985 992
Compactness: 4577.006958
Weights: 580.000000 11082.000000 3017.000000
Center Node: 427

District 11
Nodes: 5 43 82 92 107 116 160 161 163 204 248 257 274 277 327 338 343 353 366 371 391 399 472 500 512 519 528 542 546 575 584 585 621 658 699 700 782 793 798 799 812 813 816 874 891 912 921
Compactness: 3880.334781
Weights: 585.000000 10097.000000 3034.000000
Center Node: 107

District 12
Nodes: 19 20 50 52 83 103 104 112 132 135 156 188 208 216 227 235 247 251 292 294 301 313 321 324 395 396 471 516 521 530 581 606 617 663 664 667 683 684 691 720 733 736 748 758 763 770 801 859 863 920 923 972 983 993
Compactness: 6354.104790
Weights: 629.000000 11039.000000 3026.000000
Center Node: 736

District 13
Nodes: 22 31 39 41 59 60 142 215 218 234 239 250 271 286 288 297 307 333 356 375 389 441 447 458 501 515 556 561 563 577 594 597 622 624 629 656 678 685 706 710 722 735 765 769 830 862 867 878 908 919 999
Compactness: 4672.488050
Weights: 613.000000 10331.000000 2857.000000
Center Node: 685

District 14
Nodes: 8 27 30 51 84 94 96 125 136 166 175 176 199 217 252 270 312 363 367 370 385 398 405 406 409 426 442 446 465 478 481 489 541 559 567 631 704 723 727 768 814 819 821 838 847 889 931 932 970 971 980
Compactness: 4488.617236
Weights: 593.000000 11079.000000 2933.000000
Center Node: 406

District 15
Nodes: 3 11 13 15 17 35 71 76 97 108 173 182 189 195 197 198 245 291 325 326 328 334 348 349 393 394 430 437 454 495 545 550 558 569 590 603 634 674 705 709 724 741 754 832 836 875 890 895 913 988 989
Compactness: 4301.712632
Weights: 631.000000 10233.000000 2862.000000
Center Node: 348

District 16
Nodes: 7 16 25 40 95 111 117 121 139 159 180 200 209 267 280 340 351 358 415 432 464 476 482 514 525 534 552 602 604 614 625 633 639 646 660 708 718 745 749 781 800 805 822 833 844 934 943 958 976
Compactness: 4795.671330
Weights: 610.000000 10800.000000 2979.000000
Center Node: 200

District 17
Nodes: 2 21 38 65 91 110 130 149 150 157 158 172 202 211 219 231 261 289 300 314 322 359 388 433 467 475 536 543 548 554 562 579 589 616 635 641 648 657 661 669 671 676 731 740 744 776 791 837 885 954 973 974
Compactness: 4287.426670
Weights: 616.000000 10812.000000 2940.000000
Center Node: 669

District 18
Nodes: 10 18 24 46 64 100 109 118 134 141 146 185 226 255 265 279 287 346 355 378 419 420 422 459 463 474 504 505 537 551 555 587 659 672 692 739 750 794 827 854 879 892 898 925 927 942 986 996
Compactness: 4787.544298
Weights: 576.000000 10196.000000 2793.000000
Center Node: 420

District 19
Nodes: 33 57 66 69 78 106 113 137 140 167 169 205 225 262 365 372 383 453 462 484 490 497 503 565 566 583 598 653 665 666 673 686 695 714 721 730 755 764 766 779 831 839 845 849 873 880 893 910 916 938 940 949 957 975 987
Compactness: 5274.791529
Weights: 628.000000 10713.000000 3040.000000
Center Node: 910

District 20
Nodes: 0 37 79 85 127 147 194 207 214 221 254 264 299 310 316 332 352 364 377 403 434 440 477 498 518 524 576 595 630 687 697 713 773 795 817 823 829 834 841 858 901 909 918 960 962 963 990
Compactness: 4285.168418
Weights: 631.000000 10190.000000 2771.000000
Center Node: 518
