BalanceViolation 4439.938000
AffinityLoss 967.000000
Compactness 30399.070972
District 1
Nodes: 2 20 115 234 251 310 362 372 385 413 440
Compactness: 479.848726
Weights: 146.000000 2233.000000 780.000000
Center Node: 413

District 2
Nodes: 6 42 59 124 189 371 444 463
Compactness: 273.431649
Weights: 112.000000 2153.000000 541.000000
Center Node: 59

District 3
Nodes: 46 80 128 199 240 303 324 395
Compactness: 2845.376935
Weights: 112.000000 1874.000000 533.000000
Center Node: 80

District 4
Nodes: 106 133 150 283 302 383 387 404 449 459
Compactness: 591.243650
Weights: 128.000000 2127.000000 522.000000
Center Node: 387

District 5
Nodes: 15 137 177 200 202 206 208 217 347 494
Compactness: 565.808571
Weights: 117.000000 2236.000000 694.000000
Center Node: 15

District 6
Nodes: 69 76 149 156 265 331 343 367 417 488 491
Compactness: 814.771830
Weights: 131.000000 2061.000000 650.000000
Center Node: 69

District 7
Nodes: 131 180 242 274 354 358 392
Compactness: 287.849615
Weights: 106.000000 1245.000000 508.000000
Center Node: 131

District 8
Nodes: 31 48 107 112 141 152 316 329 334 416 443 446
Compactness: 462.306409
Weights: 124.000000 2029.000000 601.000000
Center Node: 141

District 9
Nodes: 158 167 185 207 231 273 304 305 426 455 481
Compactness: 655.750769
Weights: 131.000000 2230.000000 654.000000
Center Node: 273

District 10
Nodes: 97 126 144 148 326 348 384 397 493 498
Compactness: 544.225870
Weights: 124.000000 2242.000000 613.000000
Center Node: 348

District 11
Nodes: 27 94 117 151 237 291 320 364 373 461 468 487
Compactness: 503.009887
Weights: 154.000000 2217.000000 619.000000
Center Node: 94

District 12
Nodes: 82 87 153 187 225 255 282 359 402
Compactness: 522.469745
Weights: 133.000000 2196.000000 421.000000
Center Node: 282

District 13
Nodes: 3 8 73 113 261 285 289 317 496
Compactness: 451.675098
Weights: 132.000000 2417.000000 600.000000
Center Node: 317

District 14
Nodes: 5 9 40 190 220 275 345 366 403 441
Compactness: 784.754867
Weights: 134.000000 1759.000000 637.000000
Center Node: 9

District 15
Nodes: 19 56 90 236 264 325 442 469
Compactness: 523.231799
Weights: 98.000000 1878.000000 434.000000
Center Node: 236

District 16
Nodes: 13 174 241 243 284 286 288 290 363
Compactness: 474.820451
Weights: 113.000000 1954.000000 479.000000
Center Node: 243

District 17
Nodes: 7 11 38 45 118 145 159 295 378 452
Compactness: 496.011940
Weights: 132.000000 2158.000000 606.000000
Center Node: 295

District 18
Nodes: 57 64 81 96 123 142 210 357 438
Compactness: 401.233752
Weights: 125.000000 2217.000000 515.000000
Center Node: 357

District 19
Nodes: 67 78 127 135 164 176 263 301 327 415 473
Compactness: 740.397454
Weights: 116.000000 2059.000000 530.000000
Center Node: 164

District 20
Nodes: 29 62 249 250 278 296 322 356 368 401
Compactness: 586.083024
Weights: 125.000000 2096.000000 470.000000
Center Node: 356

District 21
Nodes: 4 35 53 198 214 332 360 407 433
Compactness: 283.267068
Weights: 95.000000 1540.000000 511.000000
Center Node: 433

District 22
Nodes: 21 26 54 79 129 147 321 349 419 484
Compactness: 626.392609
Weights: 125.000000 1851.000000 696.000000
Center Node: 484

District 23
Nodes: 70 75 84 143 168 247 276 279 313 369
Compactness: 756.237001
Weights: 108.000000 2236.000000 591.000000
Center Node: 247

District 24
Nodes: 16 25 51 52 100 122 130 132 259 287 428 457
Compactness: 430.386170
Weights: 140.000000 2168.000000 485.000000
Center Node: 428

District 25
Nodes: 0 165 271 315 330 379 485
Compactness: 280.299536
Weights: 86.000000 945.000000 275.000000
Center Node: 271

District 26
Nodes: 28 44 91 92 111 120 157 201 223 314 388
Compactness: 662.386081
Weights: 148.000000 2132.000000 566.000000
Center Node: 91

District 27
Nodes: 68 192 193 246 307 342 355 398 465 478 490 499
Compactness: 564.184045
Weights: 134.000000 2039.000000 784.000000
Center Node: 193

District 28
Nodes: 34 43 63 93 116 209 228 269 389 399 420
Compactness: 654.880856
Weights: 137.000000 2126.000000 620.000000
Center Node: 43

District 29
Nodes: 77 88 114 155 195 297 311 339 390 427 466
Compactness: 563.223685
Weights: 124.000000 1941.000000 648.000000
Center Node: 390

District 30
Nodes: 105 191 197 230 353 386 429 450 451
Compactness: 327.247655
Weights: 110.000000 2069.000000 632.000000
Center Node: 451

District 31
Nodes: 17 95 104 211 262 267 299 344 375 495
Compactness: 909.069674
Weights: 121.000000 2391.000000 473.000000
Center Node: 344

District 32
Nodes: 10 58 136 138 175 277 300 309 328 411 470 489
Compactness: 745.050042
Weights: 158.000000 1991.000000 610.000000
Center Node: 10

District 33
Nodes: 30 47 83 85 101 169 196 238 260 308 418
Compactness: 627.820823
Weights: 128.000000 1976.000000 598.000000
Center Node: 260

District 34
Nodes: 103 160 172 203 215 218 224 312 376 436
Compactness: 1096.587673
Weights: 108.000000 2030.000000 491.000000
Center Node: 224

District 35
Nodes: 60 66 108 125 139 170 182 212 268 281 454
Compactness: 696.373855
Weights: 121.000000 2144.000000 645.000000
Center Node: 170

District 36
Nodes: 86 110 140 323 410 412 423 472 474 479
Compactness: 608.470300
Weights: 137.000000 2121.000000 631.000000
Center Node: 423

District 37
Nodes: 33 166 244 245 333 400 408 432 448
Compactness: 448.479739
Weights: 90.000000 2252.000000 615.000000
Center Node: 408

District 38
Nodes: 12 23 65 173 216 266 318 350 361 396 447
Compactness: 424.336248
Weights: 138.000000 2360.000000 628.000000
Center Node: 396

District 39
Nodes: 1 205 280 337 393 421 431 435 486
Compactness: 442.028574
Weights: 97.000000 1579.000000 563.000000
Center Node: 205

District 40
Nodes: 146 184 229 252 254 272 405 439 492
Compactness: 590.178391
Weights: 114.000000 2162.000000 600.000000
Center Node: 439

District 41
Nodes: 102 171 213 221 253 294 340 394
Compactness: 431.357981
Weights: 86.000000 1830.000000 569.000000
Center Node: 253

District 42
Nodes: 39 71 119 183 227 336 381 409 453
Compactness: 333.899833
Weights: 114.000000 1468.000000 549.000000
Center Node: 119

District 43
Nodes: 36 61 98 179 204 222 233 346 382 406 422 480
Compactness: 678.908202
Weights: 160.000000 2259.000000 518.000000
Center Node: 204

District 44
Nodes: 22 99 109 235 365 374 391 437 462
Compactness: 372.340843
Weights: 77.000000 2154.000000 580.000000
Center Node: 365

District 45
Nodes: 32 37 74 351 377 425 460 464 467 471 476 477
Compactness: 1030.983336
Weights: 114.000000 2063.000000 655.000000
Center Node: 467

District 46
Nodes: 14 41 50 89 161 162 163 239 380 497
Compactness: 527.935615
Weights: 133.000000 1969.000000 660.000000
Center Node: 89

District 47
Nodes: 154 219 248 256 258 293 335 352 456 482 483
Compactness: 677.975461
Weights: 149.000000 2019.000000 612.000000
Center Node: 293

District 48
Nodes: 55 121 134 181 188 226 257 292 298 424 445
Compactness: 716.581174
Weights: 114.000000 2141.000000 653.000000
Center Node: 121

District 49
Nodes: 72 178 194 232 270 306 338 341 430 458
Compactness: 562.202339
Weights: 111.000000 2106.000000 605.000000
Center Node: 178

District 50
Nodes: 18 24 49 186 319 370 414 434 475
Compactness: 325.684126
Weights: 103.000000 2138.000000 497.000000
Center Node: 434
