BalanceViolation 1129.042000
AffinityLoss 1899.000000
Compactness 63100.090525
District 1
Nodes: 32 162 167 169 212 224 243 354 404 487 533 540 582 592 775 787 790 876 902 933 935
Compactness: 1269.930880
Weights: 214.000000 4304.000000 1191.000000
Center Node: 32

District 2
Nodes: 64 83 104 141 156 235 255 279 378 505 516 521 530 537 555 606 659 739 801 892 898
Compactness: 1182.445271
Weights: 234.000000 4055.000000 1187.000000
Center Node: 801

District 3
Nodes: 54 244 302 423 470 486 517 601 647 774 777 797 803 851 877 915 959
Compactness: 756.219988
Weights: 176.000000 4294.000000 831.000000
Center Node: 470

District 4
Nodes: 36 87 203 237 254 304 377 436 460 680 697 707 760 792 817 909 962 963 990
Compactness: 1279.721162
Weights: 266.000000 4293.000000 1164.000000
Center Node: 436

District 5
Nodes: 7 95 111 139 159 165 180 190 209 242 258 280 331 358 415 476 482 556 633 749 976 994
Compactness: 1555.940821
Weights: 257.000000 4317.000000 1125.000000
Center Node: 190

District 6
Nodes: 26 34 48 80 128 222 233 263 269 315 455 538 586 593 654 738 752 757 896 941
Compactness: 1093.683211
Weights: 229.000000 4052.000000 1264.000000
Center Node: 757

District 7
Nodes: 73 154 220 232 256 360 400 402 418 431 607 610 612 711 746 785 820 904 965 995
Compactness: 1256.852615
Weights: 268.000000 4216.000000 1177.000000
Center Node: 418

District 8
Nodes: 115 132 208 223 278 294 369 381 390 429 611 618 643 712 747 780 807 863 936
Compactness: 1267.997623
Weights: 240.000000 4114.000000 1137.000000
Center Node: 863

District 9
Nodes: 45 86 100 109 151 268 271 295 419 463 485 609 716 771 815 827 867 942 964 979
Compactness: 832.993354
Weights: 232.000000 4423.000000 1152.000000
Center Node: 151

District 10
Nodes: 28 196 236 285 303 357 387 412 416 421 468 523 574 608 728 802 871 937 944
Compactness: 1003.368054
Weights: 222.000000 4099.000000 1129.000000
Center Node: 937

District 11
Nodes: 57 74 82 262 277 472 497 519 544 566 583 621 666 695 714 766 782 812 880 893 916
Compactness: 1336.068175
Weights: 247.000000 4254.000000 1221.000000
Center Node: 472

District 12
Nodes: 14 27 84 175 176 199 217 241 340 409 426 478 481 541 631 768 821 847 970
Compactness: 1229.306569
Weights: 234.000000 4456.000000 1114.000000
Center Node: 426

District 13
Nodes: 52 62 112 144 213 246 384 414 457 473 615 651 663 732 843 857 881 922 966
Compactness: 1235.518619
Weights: 199.000000 4168.000000 1197.000000
Center Node: 857

District 14
Nodes: 55 67 91 219 261 314 320 511 548 562 635 640 641 648 661 669 671 696 791
Compactness: 1204.036359
Weights: 251.000000 4142.000000 1170.000000
Center Node: 661

District 15
Nodes: 11 15 17 71 97 173 182 197 198 325 326 348 349 394 430 495 569 590 724 741 890 895 988
Compactness: 1319.593377
Weights: 253.000000 4101.000000 1239.000000
Center Node: 569

District 16
Nodes: 133 153 155 181 210 229 296 323 347 425 483 662 778 887 897 914 924 929 968
Compactness: 967.802185
Weights: 216.000000 4101.000000 1205.000000
Center Node: 229

District 17
Nodes: 85 92 107 214 221 248 257 274 364 366 391 498 500 524 585 699 793 798 891
Compactness: 985.326200
Weights: 237.000000 4104.000000 1260.000000
Center Node: 92

District 18
Nodes: 8 30 51 136 166 186 252 312 446 465 559 698 704 723 825 906 931 932 980 982
Compactness: 1570.831740
Weights: 231.000000 3996.000000 1151.000000
Center Node: 136

District 19
Nodes: 23 69 126 273 284 311 337 401 428 491 535 553 557 665 848 860 945 953 967 981 998
Compactness: 2024.643475
Weights: 257.000000 4064.000000 1113.000000
Center Node: 337

District 20
Nodes: 81 120 184 200 298 305 308 344 379 427 494 508 591 626 800 822 917 934 969
Compactness: 1667.554150
Weights: 196.000000 4492.000000 1113.000000
Center Node: 494

District 21
Nodes: 42 123 206 230 266 350 368 374 438 439 466 526 636 642 690 693 729 808 866 872 905
Compactness: 1403.130590
Weights: 246.000000 4462.000000 1111.000000
Center Node: 368

District 22
Nodes: 191 192 249 407 410 411 492 493 522 623 675 679 703 717 725 734 783 789 853 868 882
Compactness: 1146.676818
Weights: 235.000000 4392.000000 1160.000000
Center Node: 783

District 23
Nodes: 37 43 47 79 106 160 194 327 352 371 539 575 580 584 795 799 834 841 865 921
Compactness: 1636.101446
Weights: 252.000000 4046.000000 1227.000000
Center Node: 79

District 24
Nodes: 142 218 234 250 356 441 515 561 563 577 594 624 678 685 710 722 735 878 908 919 999
Compactness: 1014.130481
Weights: 246.000000 4500.000000 1199.000000
Center Node: 594

District 25
Nodes: 18 19 20 227 251 265 313 321 395 396 420 422 471 551 617 733 748 758 920 923 925 993
Compactness: 1363.451919
Weights: 239.000000 4380.000000 1198.000000
Center Node: 19

District 26
Nodes: 29 145 309 317 417 449 506 568 613 689 743 756 818 828 846 870 928
Compactness: 1004.552852
Weights: 177.000000 4208.000000 1039.000000
Center Node: 568

District 27
Nodes: 16 49 65 129 143 306 335 373 413 496 507 536 543 616 627 719 781 903 978
Compactness: 882.881951
Weights: 225.000000 4390.000000 1164.000000
Center Node: 627

District 28
Nodes: 50 135 188 216 247 292 581 664 667 683 684 691 720 736 750 763 770 972 983
Compactness: 1370.877867
Weights: 256.000000 4051.000000 1179.000000
Center Node: 720

District 29
Nodes: 66 149 178 205 300 365 372 453 490 649 650 740 755 831 839 845 926 957 975 987
Compactness: 1107.262304
Weights: 254.000000 4032.000000 1196.000000
Center Node: 205

District 30
Nodes: 63 68 113 140 164 225 267 443 534 605 639 646 686 730 751 779 806 811 947 948
Compactness: 1185.833738
Weights: 242.000000 4434.000000 1139.000000
Center Node: 806

District 31
Nodes: 38 58 150 157 231 289 376 388 397 435 475 554 579 628 761 776 784 885 954 973 974
Compactness: 977.548549
Weights: 226.000000 4448.000000 1172.000000
Center Node: 475

District 32
Nodes: 88 93 102 148 275 301 341 345 361 408 480 796 810 840 950 951 977 984 985
Compactness: 1520.832173
Weights: 246.000000 4377.000000 1162.000000
Center Node: 93

District 33
Nodes: 46 72 134 146 185 287 336 392 459 502 504 587 672 794 842 854 879 955 956 996
Compactness: 1102.685512
Weights: 249.000000 4228.000000 1112.000000
Center Node: 459

District 34
Nodes: 25 39 40 41 60 239 288 297 307 389 458 464 629 660 708 765 769 805 830 862
Compactness: 1684.016771
Weights: 258.000000 4247.000000 1162.000000
Center Node: 765

District 35
Nodes: 3 33 35 89 108 189 195 319 328 329 437 444 547 558 564 652 709 809 875 939
Compactness: 1135.583132
Weights: 244.000000 4046.000000 1278.000000
Center Node: 195

District 36
Nodes: 9 61 94 96 125 170 283 293 363 382 385 398 488 588 600 619 694 767 838 861 991
Compactness: 953.413701
Weights: 231.000000 4099.000000 1087.000000
Center Node: 94

District 37
Nodes: 5 22 161 163 215 338 353 447 501 512 528 597 655 656 706 813 816 874 884
Compactness: 1104.056504
Weights: 252.000000 4408.000000 1220.000000
Center Node: 22

District 38
Nodes: 1 98 168 187 259 272 281 469 513 529 549 620 638 726 826 864 911 952 997
Compactness: 962.096893
Weights: 283.000000 4069.000000 1182.000000
Center Node: 911

District 39
Nodes: 2 21 110 130 158 172 193 211 322 359 424 433 467 589 632 637 676 744 837 930
Compactness: 1044.218333
Weights: 259.000000 4047.000000 1244.000000
Center Node: 837

District 40
Nodes: 12 99 105 124 174 177 445 560 573 599 670 677 681 702 742 786 788 835 850 886 946
Compactness: 1557.223078
Weights: 249.000000 4395.000000 1170.000000
Center Node: 573

District 41
Nodes: 53 75 101 119 228 260 367 405 406 442 456 520 570 727 814 819 855 856 869 889
Compactness: 1844.813660
Weights: 218.000000 4176.000000 1148.000000
Center Node: 442

District 42
Nodes: 10 24 31 59 103 118 131 226 286 324 333 346 355 375 474 622 644 692 859 927 986
Compactness: 1227.648735
Weights: 240.000000 4142.000000 1212.000000
Center Node: 10

District 43
Nodes: 0 127 207 264 290 299 310 316 434 518 576 630 687 713 773 823 829 858 901 918
Compactness: 1454.242171
Weights: 292.000000 4466.000000 1118.000000
Center Node: 316

District 44
Nodes: 70 77 117 330 339 432 514 571 578 604 668 682 688 715 718 852 883 961 992
Compactness: 1049.219387
Weights: 245.000000 4457.000000 1162.000000
Center Node: 77

District 45
Nodes: 121 201 351 380 525 552 602 614 625 645 731 745 833 844 894 900 943 958
Compactness: 1212.582047
Weights: 221.000000 4361.000000 1095.000000
Center Node: 943

District 46
Nodes: 4 56 179 253 270 282 370 448 450 451 489 527 567 572 737 762 907 971
Compactness: 804.166655
Weights: 202.000000 4232.000000 1166.000000
Center Node: 4

District 47
Nodes: 13 44 76 202 245 291 334 393 454 545 550 603 634 657 674 705 754 832 836 913 989
Compactness: 1336.812970
Weights: 302.000000 4115.000000 1170.000000
Center Node: 454

District 48
Nodes: 78 114 137 238 383 462 484 499 503 531 565 598 653 673 721 764 849 873 910 938 940 949
Compactness: 1709.281303
Weights: 260.000000 4287.000000 1091.000000
Center Node: 484

District 49
Nodes: 90 171 183 204 240 332 399 403 440 477 479 509 542 546 596 700 701 759 824 899 912 960
Compactness: 1767.441221
Weights: 260.000000 4403.000000 1219.000000
Center Node: 509

District 50
Nodes: 6 116 122 138 147 152 276 318 342 343 362 386 452 461 510 532 595 658 753 772 804 888
Compactness: 1497.473937
Weights: 251.000000 4453.000000 1222.000000
Center Node: 772
