BalanceViolation 1508.545000
AffinityLoss 921.000000
Compactness 33349.005589
District 1
Nodes: 25 105 216 290 321 325 491
Compactness: 307.090951
Weights: 84.000000 2138.000000 479.000000
Center Node: 290

District 2
Nodes: 151 161 162 163 165 248 329 449 499
Compactness: 791.034454
Weights: 131.000000 2124.000000 656.000000
Center Node: 162

District 3
Nodes: 177 220 280 282 305 308 317 372 477
Compactness: 447.471144
Weights: 101.000000 2110.000000 631.000000
Center Node: 305

District 4
Nodes: 79 114 146 213 285 428 465 482 485
Compactness: 3063.009514
Weights: 107.000000 2155.000000 592.000000
Center Node: 285

District 5
Nodes: 41 62 101 188 263 289 319 338 369 389
Compactness: 614.893990
Weights: 130.000000 2001.000000 590.000000
Center Node: 319

District 6
Nodes: 0 52 78 152 156 174 239 293 341 361 438
Compactness: 818.023157
Weights: 146.000000 2291.000000 510.000000
Center Node: 174

District 7
Nodes: 7 31 110 113 141 180 432 434 467 493 494
Compactness: 729.912003
Weights: 128.000000 2119.000000 619.000000
Center Node: 432

District 8
Nodes: 19 59 196 199 226 236 286 442 489
Compactness: 370.644552
Weights: 116.000000 2087.000000 587.000000
Center Node: 236

District 9
Nodes: 63 68 108 142 207 281 381 463 476
Compactness: 716.617582
Weights: 94.000000 2199.000000 592.000000
Center Node: 68

District 10
Nodes: 1 27 40 89 104 139 169 219 221 277 328
Compactness: 547.846423
Weights: 150.000000 2025.000000 670.000000
Center Node: 89

District 11
Nodes: 160 168 170 182 203 273 276 445 447 458
Compactness: 496.592442
Weights: 123.000000 2216.000000 538.000000
Center Node: 445

District 12
Nodes: 12 136 387 404 405 418 440 456 460 468
Compactness: 656.740618
Weights: 115.000000 2250.000000 556.000000
Center Node: 404

District 13
Nodes: 3 120 130 204 224 279 287 346 371
Compactness: 575.193455
Weights: 130.000000 2227.000000 628.000000
Center Node: 287

District 14
Nodes: 42 67 138 256 265 299 335 396 422
Compactness: 428.889782
Weights: 122.000000 2197.000000 578.000000
Center Node: 422

District 15
Nodes: 21 121 124 126 175 212 255 269 278 323 461
Compactness: 536.141617
Weights: 127.000000 2085.000000 638.000000
Center Node: 175

District 16
Nodes: 11 44 111 128 368 409 425 464 490 495
Compactness: 767.777177
Weights: 132.000000 2250.000000 535.000000
Center Node: 11

District 17
Nodes: 5 10 48 55 94 172 252 348 380
Compactness: 410.895972
Weights: 119.000000 2043.000000 603.000000
Center Node: 5

District 18
Nodes: 22 117 137 159 297 324 333 452 454 473
Compactness: 591.052864
Weights: 98.000000 2009.000000 673.000000
Center Node: 454

District 19
Nodes: 173 218 304 318 326 355 370 390 410 480
Compactness: 437.993016
Weights: 97.000000 2093.000000 602.000000
Center Node: 355

District 20
Nodes: 76 125 235 243 259 264 352 379 435 436
Compactness: 1387.975430
Weights: 159.000000 2066.000000 582.000000
Center Node: 436

District 21
Nodes: 9 20 75 129 267 275 358 439 444 453 496
Compactness: 431.137309
Weights: 130.000000 2110.000000 602.000000
Center Node: 439

District 22
Nodes: 72 90 228 245 302 363 398 423
Compactness: 407.283236
Weights: 80.000000 2229.000000 475.000000
Center Node: 398

District 23
Nodes: 69 95 140 190 351 362 382 420 446 470
Compactness: 764.367216
Weights: 157.000000 2051.000000 605.000000
Center Node: 420

District 24
Nodes: 2 15 103 119 186 300 360 417 498
Compactness: 434.992285
Weights: 127.000000 2122.000000 483.000000
Center Node: 186

District 25
Nodes: 16 38 43 98 183 197 322 393 416 462
Compactness: 494.577472
Weights: 115.000000 2051.000000 627.000000
Center Node: 197

District 26
Nodes: 45 60 81 91 147 238 312 340 397 411 443
Compactness: 530.716979
Weights: 136.000000 2194.000000 590.000000
Center Node: 45

District 27
Nodes: 23 107 167 187 195 223 253 266 309 492
Compactness: 820.670426
Weights: 120.000000 2058.000000 601.000000
Center Node: 23

District 28
Nodes: 30 54 58 65 115 122 206 365 403 433 471
Compactness: 610.237417
Weights: 139.000000 2051.000000 528.000000
Center Node: 30

District 29
Nodes: 13 70 100 274 284 292 295 307 378 388 414
Compactness: 634.804083
Weights: 146.000000 2151.000000 557.000000
Center Node: 100

District 30
Nodes: 53 57 112 249 261 291 306 337 375 383 392 399
Compactness: 523.272605
Weights: 149.000000 2039.000000 606.000000
Center Node: 249

District 31
Nodes: 83 123 143 158 217 242 272 301 350 448
Compactness: 529.207786
Weights: 119.000000 2254.000000 557.000000
Center Node: 143

District 32
Nodes: 37 46 85 106 200 225 310 327 367 472
Compactness: 574.193529
Weights: 121.000000 2253.000000 591.000000
Center Node: 37

District 33
Nodes: 102 181 198 229 244 250 320 424 481
Compactness: 284.458219
Weights: 99.000000 2074.000000 522.000000
Center Node: 181

District 34
Nodes: 6 127 135 148 154 209 210 215 357 373 385 412 479
Compactness: 657.456046
Weights: 158.000000 2247.000000 590.000000
Center Node: 209

District 35
Nodes: 24 64 144 155 179 191 303 356 419 484
Compactness: 1038.949154
Weights: 141.000000 2096.000000 578.000000
Center Node: 64

District 36
Nodes: 153 164 166 171 211 214 230 237 251 450 451
Compactness: 745.244382
Weights: 125.000000 2210.000000 589.000000
Center Node: 237

District 37
Nodes: 92 150 246 268 315 332 349 374 437 469
Compactness: 540.104349
Weights: 125.000000 2270.000000 531.000000
Center Node: 332

District 38
Nodes: 39 96 193 247 343 344 400 415 487
Compactness: 567.514977
Weights: 105.000000 2087.000000 602.000000
Center Node: 96

District 39
Nodes: 29 86 202 222 258 331 354 364 376 377 421 478
Compactness: 1258.864245
Weights: 142.000000 2219.000000 579.000000
Center Node: 377

District 40
Nodes: 35 73 131 192 201 205 311 391 401 431 497
Compactness: 831.180255
Weights: 135.000000 2076.000000 589.000000
Center Node: 497

District 41
Nodes: 32 56 133 184 240 241 271 330 334 339 342
Compactness: 501.646894
Weights: 130.000000 2270.000000 525.000000
Center Node: 241

District 42
Nodes: 61 82 116 189 254 260 336 345 394
Compactness: 565.656282
Weights: 101.000000 2135.000000 577.000000
Center Node: 116

District 43
Nodes: 80 88 134 208 234 359 406 426 429 474
Compactness: 639.376475
Weights: 103.000000 2238.000000 512.000000
Center Node: 426

District 44
Nodes: 49 51 66 99 283 288 316 386 441 488
Compactness: 500.687713
Weights: 123.000000 2104.000000 618.000000
Center Node: 283

District 45
Nodes: 14 18 74 270 353 402 459 486
Compactness: 369.524535
Weights: 112.000000 2252.000000 399.000000
Center Node: 402

District 46
Nodes: 33 36 97 109 185 227 314 384 430
Compactness: 621.465617
Weights: 102.000000 2154.000000 605.000000
Center Node: 97

District 47
Nodes: 28 34 71 84 178 231 294 395 413 455 466 475
Compactness: 825.134774
Weights: 154.000000 2254.000000 611.000000
Center Node: 71

District 48
Nodes: 17 26 50 87 233 262 313 347 408 483
Compactness: 555.338705
Weights: 120.000000 2064.000000 553.000000
Center Node: 87

District 49
Nodes: 4 8 132 157 194 232 257 407 427 457
Compactness: 757.336901
Weights: 128.000000 2126.000000 541.000000
Center Node: 457

District 50
Nodes: 47 77 93 118 145 149 176 296 298 366
Compactness: 637.809580
Weights: 143.000000 2117.000000 591.000000
Center Node: 93
