BalanceViolation 17792.604000
AffinityLoss 962.000000
Compactness 28516.432755
District 1
Nodes: 170 180 293 324 368 438 464 471
Compactness: 2640.897350
Weights: 72.000000 1768.000000 472.000000
Center Node: 170

District 2
Nodes: 24 28 61 80 174 192 220 230 337 357 417 421
Compactness: 523.767704
Weights: 149.000000 3101.000000 667.000000
Center Node: 417

District 3
Nodes: 25 32 47 87 90 162 179 270 338 387 425
Compactness: 558.362171
Weights: 100.000000 2721.000000 530.000000
Center Node: 387

District 4
Nodes: 15 38 57 73 145 258 390 392 418 429 458
Compactness: 1091.409133
Weights: 147.000000 1600.000000 654.000000
Center Node: 73

District 5
Nodes: 124 199 248 262 290 351 426 434 445 485 488
Compactness: 595.501299
Weights: 148.000000 2724.000000 541.000000
Center Node: 445

District 6
Nodes: 91 93 103 203 382 393 399 470 483
Compactness: 381.819234
Weights: 120.000000 2146.000000 467.000000
Center Node: 103

District 7
Nodes: 182 240 373 411 436 491 494
Compactness: 272.417002
Weights: 65.000000 1904.000000 462.000000
Center Node: 182

District 8
Nodes: 79 107 143 146 159 193 197 311 341 349 456 482
Compactness: 795.174532
Weights: 131.000000 2088.000000 631.000000
Center Node: 482

District 9
Nodes: 105 130 144 190 225 268 319 329 340 379 381 428
Compactness: 693.495522
Weights: 138.000000 2021.000000 604.000000
Center Node: 428

District 10
Nodes: 69 137 304 307 312 354 389 397 433
Compactness: 352.740683
Weights: 103.000000 2196.000000 604.000000
Center Node: 307

District 11
Nodes: 3 27 83 272 286 303 364 394 459
Compactness: 348.233841
Weights: 90.000000 2070.000000 484.000000
Center Node: 3

District 12
Nodes: 2 122 141 301 309 366 377 419 435 453
Compactness: 555.385530
Weights: 127.000000 2053.000000 632.000000
Center Node: 453

District 13
Nodes: 63 104 168 206 254 266 273 327 416 460
Compactness: 624.039818
Weights: 91.000000 1657.000000 633.000000
Center Node: 168

District 14
Nodes: 16 97 163 227 322 325 344
Compactness: 285.298725
Weights: 58.000000 1330.000000 418.000000
Center Node: 344

District 15
Nodes: 30 43 114 136 173 226 365 440 450 455 475
Compactness: 654.749342
Weights: 133.000000 2618.000000 413.000000
Center Node: 455

District 16
Nodes: 95 111 252 335 342 478
Compactness: 131.384964
Weights: 87.000000 994.000000 315.000000
Center Node: 342

District 17
Nodes: 52 126 169 239 246 448
Compactness: 215.738248
Weights: 56.000000 973.000000 432.000000
Center Node: 52

District 18
Nodes: 7 46 70 71 76 86 110 129 133 134 148 213 215 480 487
Compactness: 987.484819
Weights: 170.000000 2289.000000 807.000000
Center Node: 46

District 19
Nodes: 41 44 78 85 94 135 202 204 259 291 388 463
Compactness: 659.540228
Weights: 135.000000 2673.000000 699.000000
Center Node: 85

District 20
Nodes: 14 34 157 235 299 422 441 472
Compactness: 337.125883
Weights: 111.000000 1664.000000 358.000000
Center Node: 299

District 21
Nodes: 37 89 100 171 187 201 255 317 350 423 454 461
Compactness: 504.169176
Weights: 147.000000 2356.000000 559.000000
Center Node: 201

District 22
Nodes: 35 66 116 158 195 196 257 264 277 284 348 395 468
Compactness: 692.452957
Weights: 171.000000 2333.000000 707.000000
Center Node: 116

District 23
Nodes: 23 59 119 249 313 334 358 360 384 407 474 495
Compactness: 741.032764
Weights: 141.000000 2022.000000 773.000000
Center Node: 407

District 24
Nodes: 6 18 31 142 153 164 285 332 444 477 497
Compactness: 592.571929
Weights: 134.000000 2350.000000 582.000000
Center Node: 477

District 25
Nodes: 0 1 72 115 263 282 323 385 424 437 479 484 486 496
Compactness: 821.166564
Weights: 147.000000 2345.000000 719.000000
Center Node: 496

District 26
Nodes: 36 117 123 131 188 210 355 386 404 490
Compactness: 349.545797
Weights: 118.000000 2139.000000 572.000000
Center Node: 188

District 27
Nodes: 40 62 67 81 184 209 244 343 452 476
Compactness: 765.290373
Weights: 90.000000 1812.000000 557.000000
Center Node: 343

District 28
Nodes: 19 75 155 228 236 279 347
Compactness: 462.321750
Weights: 84.000000 1418.000000 404.000000
Center Node: 75

District 29
Nodes: 106 132 191 205 274 346 415 451
Compactness: 279.724024
Weights: 98.000000 2081.000000 439.000000
Center Node: 415

District 30
Nodes: 221 231 250 345 362 367 370
Compactness: 247.990519
Weights: 97.000000 1298.000000 383.000000
Center Node: 362

District 31
Nodes: 29 50 54 68 121 128 166 238 275 297 330 369
Compactness: 582.238646
Weights: 122.000000 2566.000000 799.000000
Center Node: 68

District 32
Nodes: 26 64 108 156 256 356 374 402 493
Compactness: 469.768124
Weights: 123.000000 2005.000000 572.000000
Center Node: 374

District 33
Nodes: 4 60 165 223 276 278 283 314 372 447
Compactness: 677.230998
Weights: 105.000000 2121.000000 527.000000
Center Node: 165

District 34
Nodes: 11 12 45 56 138 149 181 371 376 431 457 498
Compactness: 669.861945
Weights: 139.000000 1963.000000 759.000000
Center Node: 45

District 35
Nodes: 55 160 186 217 233 243 280 420 439
Compactness: 433.085313
Weights: 106.000000 2188.000000 480.000000
Center Node: 280

District 36
Nodes: 42 125 127 318 320 326
Compactness: 251.305694
Weights: 78.000000 1244.000000 329.000000
Center Node: 318

District 37
Nodes: 53 65 151 154 161 177 288 305 316 403 449 492
Compactness: 622.517704
Weights: 130.000000 2119.000000 738.000000
Center Node: 154

District 38
Nodes: 9 208 281 310 315 321 336 339 361 409
Compactness: 647.457936
Weights: 146.000000 1632.000000 709.000000
Center Node: 310

District 39
Nodes: 5 20 120 216 308 391 401 427 462 489
Compactness: 468.061707
Weights: 99.000000 2296.000000 737.000000
Center Node: 20

District 40
Nodes: 8 22 48 51 112 185 189 198 219 229 237 446
Compactness: 710.022173
Weights: 154.000000 2624.000000 662.000000
Center Node: 219

District 41
Nodes: 10 49 98 109 218 287 295 406 408 410 473
Compactness: 449.215098
Weights: 142.000000 1904.000000 608.000000
Center Node: 295

District 42
Nodes: 92 222 232 289 328 352 380 443
Compactness: 347.486497
Weights: 75.000000 2158.000000 486.000000
Center Node: 352

District 43
Nodes: 33 82 113 152 172 211 234 265 292 413 414
Compactness: 489.931858
Weights: 136.000000 1888.000000 588.000000
Center Node: 414

District 44
Nodes: 13 139 194 212 247 306 333 400 405 412 469
Compactness: 773.562919
Weights: 131.000000 2036.000000 666.000000
Center Node: 212

District 45
Nodes: 21 84 88 99 150 167 183 260 269 432
Compactness: 461.712226
Weights: 99.000000 1941.000000 497.000000
Center Node: 21

District 46
Nodes: 96 175 178 200 207 241 294 302 375
Compactness: 384.815333
Weights: 104.000000 1303.000000 609.000000
Center Node: 200

District 47
Nodes: 118 214 224 253 261 353 378 383 430 442 499
Compactness: 881.128909
Weights: 121.000000 2475.000000 565.000000
Center Node: 261

District 48
Nodes: 74 140 176 251 300 363 396 481
Compactness: 295.962830
Weights: 91.000000 1790.000000 584.000000
Center Node: 176

District 49
Nodes: 39 58 101 147 242 245 296 298 398 467
Compactness: 409.380908
Weights: 124.000000 2030.000000 549.000000
Center Node: 58

District 50
Nodes: 17 77 102 267 271 331 359 465 466
Compactness: 330.854058
Weights: 106.000000 1282.000000 509.000000
Center Node: 331
