BalanceViolation 0.000000
AffinityLoss 1359.000000
Compactness 101152.398218
District 1
Nodes: 24 36 38 70 85 117 130 178 184 195 228 263 290 292 293 381 400 438 456 462 464 502 509 527 570 577 592 598 628 633 635 732 736 738 757 762 763 813 851 883 894 908 924 925 929 943 980 987
Compactness: 4583.377649
Weights: 630.000000 10578.000000 2617.000000
Center Node: 70

District 2
Nodes: 27 45 54 103 108 115 116 118 128 143 150 164 180 183 188 242 275 278 299 307 311 320 376 395 421 449 475 495 519 539 547 552 613 629 657 704 717 722 797 803 811 819 826 891 905 918 921 926 928 935
Compactness: 4370.048937
Weights: 583.000000 9778.000000 2920.000000
Center Node: 704

District 3
Nodes: 6 8 44 52 53 58 96 99 121 154 155 167 216 222 239 271 291 305 306 318 357 364 427 493 498 501 505 520 546 595 631 639 693 712 723 730 767 855 870 884 890 915 920 963 993
Compactness: 4130.672587
Weights: 554.000000 10280.000000 2690.000000
Center Node: 693

District 4
Nodes: 13 21 30 63 86 95 122 168 240 257 264 294 325 336 355 362 396 398 417 423 467 468 476 513 580 589 610 641 649 660 662 699 720 781 794 815 832 836 846 850 863 865 893 954 994
Compactness: 4716.044243
Weights: 563.000000 9849.000000 2579.000000
Center Node: 815

District 5
Nodes: 20 84 113 123 140 149 177 192 214 261 281 339 390 393 406 418 430 471 504 549 559 563 587 643 656 666 669 702 705 735 742 748 779 784 818 835 843 869 882 889 895 907 939 969 979 981 988 995
Compactness: 4401.606580
Weights: 610.000000 11444.000000 2663.000000
Center Node: 406

District 6
Nodes: 5 31 40 55 67 76 79 112 119 134 160 166 176 194 203 218 220 248 251 273 337 407 416 435 448 461 478 540 558 573 584 602 622 659 685 695 707 711 778 782 820 847 867 873 874 878 887 912 947
Compactness: 4744.149849
Weights: 616.000000 9518.000000 2719.000000
Center Node: 112

District 7
Nodes: 34 72 74 139 158 159 169 201 202 213 231 236 244 288 298 327 334 343 351 380 399 420 428 445 457 483 515 534 550 561 562 609 614 624 630 668 678 680 709 726 753 758 764 769 776 808 827 828 876 877 886 888 909 946 964 968 978
Compactness: 5286.188935
Weights: 651.000000 11287.000000 3081.000000
Center Node: 678

District 8
Nodes: 9 23 64 66 81 151 161 171 172 189 196 205 215 252 265 297 301 316 317 324 328 338 363 365 392 466 481 488 497 522 525 581 601 604 647 677 719 725 772 786 792 814 823 825 838 844 879 919 949 956 970 982 989 992 998
Compactness: 9042.436300
Weights: 665.000000 10898.000000 3017.000000
Center Node: 838

District 9
Nodes: 32 94 146 156 174 209 219 260 262 268 280 284 315 330 340 358 404 405 422 424 441 443 484 551 555 579 606 615 621 665 675 681 697 703 727 737 745 754 766 785 807 816 849 853 880 892 914 923 972 983
Compactness: 4694.744270
Weights: 643.000000 9605.000000 2970.000000
Center Node: 754

District 10
Nodes: 10 35 41 89 102 104 141 142 153 193 211 341 347 352 402 403 412 415 419 469 474 479 487 517 532 545 568 583 597 607 618 645 658 664 667 672 676 716 721 747 765 806 821 840 857 866 885 951 958 971 975 999
Compactness: 5555.209806
Weights: 593.000000 11547.000000 3089.000000
Center Node: 10

District 11
Nodes: 25 47 77 129 148 162 170 191 197 238 241 289 356 382 409 431 453 455 480 500 508 511 521 536 542 567 605 611 619 642 646 674 690 692 733 734 746 749 759 760 761 771 773 798 810 831 842 875 897 903 917 938 944 960 961
Compactness: 4711.631872
Weights: 660.000000 11502.000000 3064.000000
Center Node: 289

District 12
Nodes: 3 11 12 37 43 50 56 62 92 131 132 144 182 204 206 227 232 237 246 272 274 276 282 285 296 313 332 344 345 350 366 371 384 394 436 446 450 503 512 528 537 586 691 715 724 751 752 790 830 859 932 977
Compactness: 4724.914665
Weights: 665.000000 10993.000000 2776.000000
Center Node: 932

District 13
Nodes: 2 42 46 61 68 71 75 109 133 145 229 243 250 267 287 309 346 375 377 386 447 458 486 490 516 538 557 560 564 585 651 671 696 731 750 787 804 824 833 871 934 936 950 959 990
Compactness: 4144.910070
Weights: 549.000000 9563.000000 2647.000000
Center Node: 250

District 14
Nodes: 17 18 29 39 90 100 101 106 152 163 175 186 190 208 234 249 256 348 353 373 388 401 440 459 460 465 489 514 518 530 548 553 554 608 617 634 648 688 756 770 848 881 901 906 911 922 930
Compactness: 4189.395573
Weights: 597.000000 9518.000000 2614.000000
Center Node: 634

District 15
Nodes: 28 48 83 91 105 185 187 217 233 255 270 277 310 323 335 349 360 368 369 383 389 413 452 463 477 491 571 575 590 591 594 599 603 626 632 652 653 655 661 684 689 694 698 700 743 744 801 809 862 896 945 962 967 985 997
Compactness: 6483.648395
Weights: 644.000000 11611.000000 2992.000000
Center Node: 652

District 16
Nodes: 1 7 57 59 60 69 73 80 110 111 157 212 224 247 266 302 333 359 361 367 372 374 378 385 387 391 408 411 425 432 437 439 499 506 572 620 637 654 683 706 713 714 728 780 788 795 802 817 829 841 864 899 902 916 937 955 984
Compactness: 5515.461084
Weights: 670.000000 11294.000000 3065.000000
Center Node: 714

District 17
Nodes: 15 22 65 78 88 93 120 125 179 221 225 245 283 303 319 321 414 433 434 472 485 510 523 524 526 529 531 541 544 556 566 574 576 596 616 625 718 783 796 834 837 856 860 904 933 941 953 966 973 974 976
Compactness: 4140.820571
Weights: 639.000000 11601.000000 2616.000000
Center Node: 544

District 18
Nodes: 0 19 51 82 97 98 107 136 137 138 165 181 198 210 223 230 253 254 300 304 314 322 329 379 397 410 473 494 496 535 582 593 623 636 644 708 740 755 793 812 822 854 868 900 910 965 996
Compactness: 5391.066280
Weights: 549.000000 9891.000000 2910.000000
Center Node: 740

District 19
Nodes: 4 87 124 135 147 199 207 258 259 286 308 312 326 331 442 451 454 482 492 507 533 565 569 588 612 627 640 663 682 687 710 729 774 777 791 805 839 845 852 858 872 942 948 952 986 991
Compactness: 4942.229884
Weights: 551.000000 10612.000000 2543.000000
Center Node: 331

District 20
Nodes: 14 16 26 33 49 114 126 127 173 200 226 235 269 279 295 342 354 370 426 429 444 470 543 578 600 638 650 670 673 679 686 701 739 741 768 775 789 799 800 861 898 913 927 931 940 957
Compactness: 5383.840668
Weights: 566.000000 9755.000000 2649.000000
Center Node: 775
