BalanceViolation 65.132000
AffinityLoss 1796.000000
Compactness 59082.848514
District 1
Nodes: 2 42 46 109 243 250 267 287 346 377 399 516 550 564 582 593 651 671 871 934 959
Compactness: 1227.579993
Weights: 252.000000 4483.000000 1228.000000
Center Node: 959

District 2
Nodes: 13 30 95 168 294 336 355 396 423 468 513 610 660 699 720 794 832 863 865
Compactness: 1194.677897
Weights: 237.000000 4317.000000 1034.000000
Center Node: 168

District 3
Nodes: 81 151 161 171 196 205 252 265 363 392 466 601 604 647 677 725 786 814 823 825 906 989
Compactness: 1352.882148
Weights: 244.000000 4635.000000 1196.000000
Center Node: 363

District 4
Nodes: 5 27 54 108 116 143 170 188 203 273 275 299 495 547 629 657 704 717 819 921 928
Compactness: 1682.538699
Weights: 249.000000 3821.000000 1232.000000
Center Node: 928

District 5
Nodes: 11 14 173 182 235 246 276 285 344 350 429 528 545 650 679 741 768 927 931
Compactness: 1050.896315
Weights: 266.000000 4266.000000 1114.000000
Center Node: 182

District 6
Nodes: 101 106 158 172 189 249 301 316 317 324 328 343 353 497 522 553 581 617 719 758 848 946
Compactness: 1070.962687
Weights: 265.000000 4607.000000 1099.000000
Center Node: 497

District 7
Nodes: 55 112 160 166 220 248 337 407 408 435 478 558 584 622 659 782 867 874 878 887
Compactness: 967.854515
Weights: 265.000000 4196.000000 1021.000000
Center Node: 220

District 8
Nodes: 162 197 356 382 409 431 463 480 500 521 536 619 632 642 733 810 831 903 917
Compactness: 864.700506
Weights: 230.000000 3964.000000 1106.000000
Center Node: 356

District 9
Nodes: 22 283 303 319 321 358 472 510 531 541 556 616 621 703 783 785 856 860 976
Compactness: 1135.826996
Weights: 224.000000 4552.000000 1053.000000
Center Node: 283

District 10
Nodes: 87 142 199 207 211 331 454 474 507 568 618 676 687 710 716 791 839 951 952 958 979
Compactness: 1410.237368
Weights: 228.000000 4628.000000 1222.000000
Center Node: 142

District 11
Nodes: 63 86 209 260 284 340 405 417 441 649 665 745 846 850 892 914 954 972
Compactness: 1067.402394
Weights: 261.000000 3795.000000 1170.000000
Center Node: 665

District 12
Nodes: 70 130 163 175 228 256 279 295 381 400 527 598 608 628 635 673 701 757 813 861 922 940
Compactness: 1497.250283
Weights: 266.000000 4595.000000 1168.000000
Center Node: 279

District 13
Nodes: 51 84 113 140 181 214 230 261 335 397 471 623 656 742 812 835 889 900 988
Compactness: 988.285979
Weights: 228.000000 4431.000000 1107.000000
Center Node: 812

District 14
Nodes: 44 52 58 96 99 155 239 305 306 357 410 498 505 693 767 855 870 890 915 920
Compactness: 1481.767861
Weights: 253.000000 3974.000000 1208.000000
Center Node: 855

District 15
Nodes: 72 139 154 198 223 304 473 483 614 636 680 708 709 755 764 769 808 877 978 993 996
Compactness: 1058.459655
Weights: 234.000000 3875.000000 1233.000000
Center Node: 764

District 16
Nodes: 7 41 57 59 302 333 402 403 404 425 432 439 479 607 706 788 802 806 866 916 975
Compactness: 1066.183927
Weights: 239.000000 4026.000000 1156.000000
Center Node: 802

District 17
Nodes: 20 83 91 105 187 233 360 571 575 590 591 652 655 698 743 801 809 843 896 945 985
Compactness: 1227.272928
Weights: 244.000000 4515.000000 1175.000000
Center Node: 945

District 18
Nodes: 129 148 164 238 241 289 511 542 567 605 690 692 746 759 760 761 798 875 938
Compactness: 848.346721
Weights: 222.000000 3888.000000 1102.000000
Center Node: 511

District 19
Nodes: 24 88 120 225 290 292 338 434 464 502 526 529 592 732 762 763 837 894 966
Compactness: 1112.743503
Weights: 243.000000 3806.000000 1074.000000
Center Node: 529

District 20
Nodes: 43 50 204 232 272 282 345 348 371 384 436 465 648 688 715 828 876 932 977
Compactness: 1302.409273
Weights: 247.000000 4142.000000 1042.000000
Center Node: 43

District 21
Nodes: 45 135 153 286 312 475 482 492 569 588 682 805 845 852 891 918 942 948 991
Compactness: 1423.247328
Weights: 218.000000 4145.000000 1207.000000
Center Node: 942

District 22
Nodes: 1 21 40 73 157 212 247 251 361 387 398 461 499 506 572 573 602 637 728 795
Compactness: 1405.642776
Weights: 242.000000 3807.000000 1178.000000
Center Node: 795

District 23
Nodes: 48 61 133 145 255 368 447 458 486 538 557 560 603 626 661 684 744 787 804 862 936
Compactness: 1185.900563
Weights: 263.000000 4376.000000 1027.000000
Center Node: 560

District 24
Nodes: 9 17 64 167 215 297 365 481 488 525 554 792 838 879 881 919 956 970 982 998
Compactness: 1853.215054
Weights: 227.000000 3952.000000 1180.000000
Center Node: 215

District 25
Nodes: 33 65 114 117 184 195 470 523 524 574 736 738 775 789 799 834 898 925 933 974
Compactness: 1027.748790
Weights: 253.000000 4480.000000 1153.000000
Center Node: 117

District 26
Nodes: 0 98 159 169 213 231 244 298 327 334 609 624 630 644 726 740 776 827 909 964
Compactness: 979.474505
Weights: 236.000000 3801.000000 1184.000000
Center Node: 169

District 27
Nodes: 35 89 141 149 192 308 339 341 352 412 517 565 612 667 777 784 857 872 986 999
Compactness: 945.623085
Weights: 257.000000 4575.000000 1143.000000
Center Node: 857

District 28
Nodes: 28 47 103 115 118 128 150 183 217 277 311 376 519 646 797 826 905 926 935 960 997
Compactness: 1016.327440
Weights: 226.000000 4154.000000 1187.000000
Center Node: 997

District 29
Nodes: 6 8 53 97 107 121 138 253 271 291 364 494 496 501 546 639 712 723 868
Compactness: 940.222335
Weights: 253.000000 4225.000000 1148.000000
Center Node: 53

District 30
Nodes: 16 49 125 245 280 330 354 443 484 551 579 615 625 675 727 766 816 853 880 923 953
Compactness: 1129.026722
Weights: 262.000000 3803.000000 1077.000000
Center Node: 330

District 31
Nodes: 32 94 146 156 174 219 257 262 268 315 325 422 424 555 606 681 697 754 807
Compactness: 1086.626545
Weights: 255.000000 3834.000000 1170.000000
Center Node: 681

District 32
Nodes: 10 147 176 193 415 416 469 533 597 627 640 664 685 747 774 820 847 858
Compactness: 1273.863736
Weights: 190.000000 4219.000000 1043.000000
Center Node: 533

District 33
Nodes: 71 137 185 229 254 288 300 309 314 329 375 379 386 491 750 793 822 833 854 907 910 950
Compactness: 1062.088166
Weights: 259.000000 4273.000000 1223.000000
Center Node: 314

District 34
Nodes: 122 240 264 367 433 467 476 580 589 596 641 662 737 781 815 836 893 937 994
Compactness: 2313.123087
Weights: 210.000000 4114.000000 1147.000000
Center Node: 836

District 35
Nodes: 26 60 69 80 110 126 226 269 342 362 372 385 426 444 543 672 780 800 849 899 955 983
Compactness: 1525.960097
Weights: 269.000000 3891.000000 1012.000000
Center Node: 269

District 36
Nodes: 12 37 56 132 144 206 296 313 332 503 669 670 691 705 724 739 751 859 939 981
Compactness: 857.414907
Weights: 247.000000 4642.000000 1022.000000
Center Node: 332

District 37
Nodes: 68 75 216 222 318 427 490 493 535 585 595 631 696 730 731 824 884 963 965 990
Compactness: 1649.842007
Weights: 201.000000 4633.000000 1228.000000
Center Node: 216

District 38
Nodes: 18 39 90 152 178 186 373 388 401 440 459 514 518 530 548 634 901 911 930
Compactness: 1009.104233
Weights: 249.000000 3928.000000 1106.000000
Center Node: 548

District 39
Nodes: 15 36 78 93 179 221 414 462 485 544 566 576 718 796 851 904 908 924 941 973 980 987
Compactness: 1007.819547
Weights: 260.000000 4566.000000 1096.000000
Center Node: 78

District 40
Nodes: 102 104 127 347 419 487 532 578 583 600 645 658 721 765 821 840 885 913 971
Compactness: 1047.739596
Weights: 221.000000 4608.000000 1115.000000
Center Node: 645

District 41
Nodes: 77 258 270 383 389 393 430 451 453 508 549 559 563 587 611 663 729 734 749 818 897
Compactness: 959.402272
Weights: 262.000000 4355.000000 1215.000000
Center Node: 749

District 42
Nodes: 23 34 66 351 380 420 428 445 520 534 561 562 678 753 844 886 888 949 968 992
Compactness: 1167.713047
Weights: 236.000000 4643.000000 1176.000000
Center Node: 34

District 43
Nodes: 3 29 62 92 100 131 200 208 227 237 274 366 370 446 460 489 586 638 686 752 957
Compactness: 1241.979453
Weights: 268.000000 4382.000000 1133.000000
Center Node: 752

District 44
Nodes: 4 31 67 76 79 119 134 194 218 259 326 448 540 695 707 711 778 873 912 947
Compactness: 1130.572599
Weights: 258.000000 3837.000000 1089.000000
Center Node: 711

District 45
Nodes: 19 74 82 136 165 201 202 210 236 322 394 450 457 512 515 537 668 790 830
Compactness: 941.219773
Weights: 246.000000 4155.000000 1017.000000
Center Node: 236

District 46
Nodes: 123 124 177 281 390 406 418 504 643 666 702 735 748 779 869 882 895 967 969 995
Compactness: 964.555666
Weights: 258.000000 4518.000000 1068.000000
Center Node: 418

District 47
Nodes: 25 191 310 323 349 369 413 452 455 477 594 599 653 674 689 694 700 842 962
Compactness: 1443.426377
Weights: 244.000000 4627.000000 1019.000000
Center Node: 842

District 48
Nodes: 111 224 266 359 374 378 391 411 437 620 654 683 713 714 817 829 841 864 902 984
Compactness: 980.392568
Weights: 253.000000 3952.000000 1043.000000
Center Node: 714

District 49
Nodes: 38 85 190 234 263 293 438 456 509 570 577 633 756 770 772 883 929 943
Compactness: 1005.767617
Weights: 256.000000 4043.000000 1014.000000
Center Node: 570

District 50
Nodes: 180 242 278 307 320 395 421 442 449 539 552 613 722 771 773 803 811 944 961
Compactness: 899.528975
Weights: 222.000000 4070.000000 1061.000000
Center Node: 307
