BalanceViolation 2512.553000
AffinityLoss 923.000000
Compactness 33256.138892
District 1
Nodes: 8 96 141 193 249 314 353 421 493
Compactness: 346.928470
Weights: 153.000000 1929.000000 584.000000
Center Node: 493

District 2
Nodes: 19 66 125 227 256 301 304 333 458 479
Compactness: 528.708719
Weights: 134.000000 2135.000000 598.000000
Center Node: 19

District 3
Nodes: 38 41 70 131 143 241 280 291 313 419 431
Compactness: 762.921081
Weights: 122.000000 2064.000000 598.000000
Center Node: 38

District 4
Nodes: 28 86 140 144 189 232 321 378 427 472 475 490
Compactness: 1983.954657
Weights: 129.000000 2113.000000 571.000000
Center Node: 472

District 5
Nodes: 105 127 159 194 316 330 388 396 485
Compactness: 574.265206
Weights: 102.000000 2092.000000 512.000000
Center Node: 330

District 6
Nodes: 52 179 209 253 334 367 416 443 467
Compactness: 505.498163
Weights: 118.000000 2099.000000 576.000000
Center Node: 253

District 7
Nodes: 43 53 59 81 115 177 217 327 394
Compactness: 533.442364
Weights: 110.000000 2124.000000 608.000000
Center Node: 394

District 8
Nodes: 12 56 57 62 93 121 206 410 450 470
Compactness: 624.941524
Weights: 122.000000 2093.000000 545.000000
Center Node: 62

District 9
Nodes: 155 157 164 207 220 226 264 289 343 369 496
Compactness: 756.136058
Weights: 170.000000 2118.000000 619.000000
Center Node: 264

District 10
Nodes: 10 13 72 77 128 262 266 298 466
Compactness: 361.452489
Weights: 90.000000 2081.000000 613.000000
Center Node: 266

District 11
Nodes: 67 246 306 337 370 372 381 420
Compactness: 1087.490875
Weights: 91.000000 1988.000000 519.000000
Center Node: 337

District 12
Nodes: 4 11 42 47 111 205 224 279 346
Compactness: 417.354756
Weights: 119.000000 1914.000000 543.000000
Center Node: 346

District 13
Nodes: 0 83 91 142 178 202 211 366 459 498
Compactness: 569.657658
Weights: 130.000000 2090.000000 623.000000
Center Node: 0

District 14
Nodes: 16 21 49 176 183 197 297 387 452 463
Compactness: 492.829057
Weights: 120.000000 2060.000000 619.000000
Center Node: 297

District 15
Nodes: 48 61 154 163 218 354 386 412 418 439 468
Compactness: 878.891081
Weights: 117.000000 2103.000000 583.000000
Center Node: 163

District 16
Nodes: 26 55 173 258 351 379 401 477 492
Compactness: 591.329516
Weights: 100.000000 1977.000000 647.000000
Center Node: 351

District 17
Nodes: 3 33 150 166 169 208 212 257 312 336 364
Compactness: 771.987818
Weights: 118.000000 1250.000000 653.000000
Center Node: 3

District 18
Nodes: 29 90 109 187 335 344 350 373 438 446 478 499
Compactness: 581.797106
Weights: 130.000000 1996.000000 533.000000
Center Node: 29

District 19
Nodes: 134 146 151 199 222 228 271 302 349 457 486
Compactness: 754.333113
Weights: 107.000000 2065.000000 558.000000
Center Node: 228

District 20
Nodes: 103 139 174 196 215 237 261 273 428 448
Compactness: 630.323742
Weights: 112.000000 2094.000000 565.000000
Center Node: 428

District 21
Nodes: 7 54 138 272 284 342 352 360 402 429
Compactness: 731.346414
Weights: 104.000000 1984.000000 600.000000
Center Node: 360

District 22
Nodes: 24 100 239 270 318 320 362 365 368 393 441 476
Compactness: 425.737324
Weights: 151.000000 2113.000000 590.000000
Center Node: 441

District 23
Nodes: 15 35 36 76 118 153 240 268 286 307 422
Compactness: 685.456521
Weights: 145.000000 1931.000000 603.000000
Center Node: 268

District 24
Nodes: 60 175 251 295 341 391 399 405 407 411
Compactness: 580.299333
Weights: 93.000000 2267.000000 545.000000
Center Node: 175

District 25
Nodes: 39 65 112 124 158 223 235 309 356
Compactness: 602.710099
Weights: 118.000000 2157.000000 502.000000
Center Node: 158

District 26
Nodes: 98 114 149 162 221 308 355 384 461 487
Compactness: 416.951051
Weights: 111.000000 2160.000000 565.000000
Center Node: 487

District 27
Nodes: 85 108 265 269 274 293 374 375 444
Compactness: 542.831031
Weights: 120.000000 2083.000000 467.000000
Center Node: 293

District 28
Nodes: 104 133 195 326 414 435 440 462 488 491
Compactness: 744.737697
Weights: 111.000000 2061.000000 441.000000
Center Node: 195

District 29
Nodes: 73 88 95 152 160 245 254 283 432
Compactness: 399.536708
Weights: 107.000000 2010.000000 538.000000
Center Node: 254

District 30
Nodes: 78 97 156 185 210 243 285 323 390 484
Compactness: 670.962104
Weights: 121.000000 2155.000000 515.000000
Center Node: 97

District 31
Nodes: 6 34 37 44 45 113 204 322 389 404 406
Compactness: 661.761664
Weights: 120.000000 2170.000000 605.000000
Center Node: 389

District 32
Nodes: 1 102 122 213 263 278 376 382 415 455 460
Compactness: 1287.798354
Weights: 125.000000 2184.000000 608.000000
Center Node: 278

District 33
Nodes: 63 123 242 292 315 319 430 451 480 483
Compactness: 561.989194
Weights: 100.000000 2033.000000 581.000000
Center Node: 63

District 34
Nodes: 17 69 120 145 198 216 247 259 290 377 481
Compactness: 1244.102618
Weights: 109.000000 2046.000000 545.000000
Center Node: 145

District 35
Nodes: 27 75 172 214 244 248 267 299 398 424 449 495
Compactness: 1481.521635
Weights: 132.000000 1864.000000 666.000000
Center Node: 424

District 36
Nodes: 51 64 87 136 137 168 181 282 332 347
Compactness: 562.330157
Weights: 112.000000 1948.000000 558.000000
Center Node: 332

District 37
Nodes: 92 130 234 345 380 437 447 465
Compactness: 475.985506
Weights: 104.000000 2172.000000 511.000000
Center Node: 92

District 38
Nodes: 71 148 186 231 310 311 338 363 454
Compactness: 413.760783
Weights: 97.000000 2040.000000 498.000000
Center Node: 338

District 39
Nodes: 25 82 167 190 219 238 296 409 413 417
Compactness: 572.811689
Weights: 117.000000 2065.000000 586.000000
Center Node: 417

District 40
Nodes: 2 18 116 182 359 397 400 403 442 456 473
Compactness: 925.046524
Weights: 111.000000 2169.000000 538.000000
Center Node: 400

District 41
Nodes: 110 129 135 250 328 339 395 408
Compactness: 366.779287
Weights: 100.000000 2139.000000 535.000000
Center Node: 408

District 42
Nodes: 101 170 255 288 324 348 425 436 471 497
Compactness: 448.997365
Weights: 107.000000 2023.000000 634.000000
Center Node: 288

District 43
Nodes: 30 184 192 200 230 252 329 482
Compactness: 320.376159
Weights: 115.000000 1979.000000 534.000000
Center Node: 30

District 44
Nodes: 74 107 126 225 236 260 277 357 371 469
Compactness: 747.655814
Weights: 122.000000 1984.000000 585.000000
Center Node: 277

District 45
Nodes: 20 22 40 79 89 132 229 392 433 434 474
Compactness: 793.984102
Weights: 116.000000 1661.000000 626.000000
Center Node: 392

District 46
Nodes: 32 171 188 281 300 303 317 331 361
Compactness: 405.365144
Weights: 110.000000 2062.000000 632.000000
Center Node: 281

District 47
Nodes: 9 14 23 46 180 233 358 383 423 445 489
Compactness: 530.984635
Weights: 111.000000 2006.000000 635.000000
Center Node: 46

District 48
Nodes: 50 84 99 203 340 385 426 453 464 494
Compactness: 565.786816
Weights: 137.000000 2061.000000 563.000000
Center Node: 385

District 49
Nodes: 5 68 80 94 106 117 165 201 276 294 325
Compactness: 635.741519
Weights: 106.000000 2095.000000 597.000000
Center Node: 5

District 50
Nodes: 31 58 119 147 161 191 275 287 305
Compactness: 698.548191
Weights: 110.000000 2060.000000 555.000000
Center Node: 58
