BalanceViolation 7856.107000
AffinityLoss 967.000000
Compactness 27525.906816
District 1
Nodes: 2 20 115 136 138 234 309 372 385 413 440
Compactness: 503.073630
Weights: 159.000000 2002.000000 626.000000
Center Node: 372

District 2
Nodes: 6 42 59 124 189 371 444 463
Compactness: 273.431649
Weights: 112.000000 2153.000000 541.000000
Center Node: 59

District 3
Nodes: 80 199 240 324 395
Compactness: 134.879581
Weights: 77.000000 960.000000 301.000000
Center Node: 240

District 4
Nodes: 106 122 133 283 302 383 387 404 449 459
Compactness: 640.778727
Weights: 137.000000 2027.000000 529.000000
Center Node: 387

District 5
Nodes: 15 137 177 200 202 206 208 217 347 494
Compactness: 565.808571
Weights: 117.000000 2236.000000 694.000000
Center Node: 15

District 6
Nodes: 69 76 149 156 265 331 343 367 417 488 491
Compactness: 814.771830
Weights: 131.000000 2061.000000 650.000000
Center Node: 69

District 7
Nodes: 95 104 131 180 242 262 267 274 358 495
Compactness: 618.619774
Weights: 151.000000 2158.000000 568.000000
Center Node: 180

District 8
Nodes: 31 48 107 112 141 152 316 329 334 416 443 446
Compactness: 462.306409
Weights: 124.000000 2029.000000 601.000000
Center Node: 141

District 9
Nodes: 158 167 207 231 273 304 305 426 455 481
Compactness: 542.022142
Weights: 121.000000 2105.000000 569.000000
Center Node: 273

District 10
Nodes: 28 97 126 144 148 326 348 384 397 498
Compactness: 459.264980
Weights: 123.000000 2026.000000 584.000000
Center Node: 397

District 11
Nodes: 27 94 117 237 291 320 364 373 461 468 487
Compactness: 441.751981
Weights: 140.000000 2187.000000 566.000000
Center Node: 291

District 12
Nodes: 82 87 153 187 225 255 282 359 402
Compactness: 522.469745
Weights: 133.000000 2196.000000 421.000000
Center Node: 282

District 13
Nodes: 3 8 73 113 261 285 289 317 496
Compactness: 451.675098
Weights: 132.000000 2417.000000 600.000000
Center Node: 317

District 14
Nodes: 5 9 40 190 213 220 275 366 403 441
Compactness: 831.642468
Weights: 121.000000 1985.000000 621.000000
Center Node: 9

District 15
Nodes: 19 56 90 236 264 325 442 469
Compactness: 523.231799
Weights: 98.000000 1878.000000 434.000000
Center Node: 236

District 16
Nodes: 13 98 174 241 243 284 286 288 290 363
Compactness: 566.849951
Weights: 122.000000 2270.000000 505.000000
Center Node: 243

District 17
Nodes: 7 11 38 45 118 145 159 295 378 452
Compactness: 496.011940
Weights: 132.000000 2158.000000 606.000000
Center Node: 295

District 18
Nodes: 57 64 81 96 123 142 333 357 438
Compactness: 433.174685
Weights: 126.000000 2303.000000 589.000000
Center Node: 57

District 19
Nodes: 67 78 127 135 164 176 263 301 327 415 473
Compactness: 740.397454
Weights: 116.000000 2059.000000 530.000000
Center Node: 164

District 20
Nodes: 29 62 140 249 250 278 296 322 356 361 368 401
Compactness: 719.767329
Weights: 162.000000 2408.000000 538.000000
Center Node: 356

District 21
Nodes: 35 37 53 198 214 332 360 407 433
Compactness: 280.452666
Weights: 97.000000 1658.000000 487.000000
Center Node: 433

District 22
Nodes: 21 26 54 79 129 147 321 349 419 484
Compactness: 626.392609
Weights: 125.000000 1851.000000 696.000000
Center Node: 484

District 23
Nodes: 75 84 143 168 247 276 279 313 369
Compactness: 670.021804
Weights: 101.000000 2124.000000 549.000000
Center Node: 276

District 24
Nodes: 16 25 51 52 100 130 132 259 287 428 457
Compactness: 380.284304
Weights: 124.000000 2116.000000 452.000000
Center Node: 25

District 25
Nodes: 0 165 271 315 330 379 485
Compactness: 280.299536
Weights: 86.000000 945.000000 275.000000
Center Node: 271

District 26
Nodes: 44 91 92 111 120 157 201 223 388 458
Compactness: 500.358257
Weights: 142.000000 2101.000000 546.000000
Center Node: 157

District 27
Nodes: 68 192 193 211 246 307 342 355 398 465 478 490 499
Compactness: 639.075880
Weights: 141.000000 2279.000000 854.000000
Center Node: 246

District 28
Nodes: 34 43 63 93 116 209 228 269 389 399 420
Compactness: 654.880856
Weights: 137.000000 2126.000000 620.000000
Center Node: 43

District 29
Nodes: 77 88 114 155 195 297 311 339 390 427 466
Compactness: 563.223685
Weights: 124.000000 1941.000000 648.000000
Center Node: 390

District 30
Nodes: 105 185 191 197 230 353 386 429 450 451
Compactness: 395.465377
Weights: 120.000000 2194.000000 717.000000
Center Node: 451

District 31
Nodes: 17 46 128 299 303 344 354 375 392
Compactness: 472.299507
Weights: 104.000000 2152.000000 575.000000
Center Node: 344

District 32
Nodes: 10 58 175 277 300 328 345 411 470 489 493
Compactness: 472.648307
Weights: 147.000000 2130.000000 648.000000
Center Node: 10

District 33
Nodes: 30 47 70 83 85 101 169 196 238 260 308 418
Compactness: 715.941473
Weights: 135.000000 2088.000000 640.000000
Center Node: 260

District 34
Nodes: 103 160 172 203 215 218 224 312 376 436
Compactness: 1096.587673
Weights: 108.000000 2030.000000 491.000000
Center Node: 224

District 35
Nodes: 60 66 108 125 139 170 182 212 268 281 454
Compactness: 696.373855
Weights: 121.000000 2144.000000 645.000000
Center Node: 170

District 36
Nodes: 86 110 151 323 410 412 423 472 474 479
Compactness: 597.518716
Weights: 133.000000 2067.000000 633.000000
Center Node: 423

District 37
Nodes: 33 166 210 244 245 400 408 432 448
Compactness: 458.961280
Weights: 89.000000 2166.000000 541.000000
Center Node: 408

District 38
Nodes: 12 23 65 173 216 266 318 350 396 447
Compactness: 365.642055
Weights: 119.000000 2132.000000 611.000000
Center Node: 396

District 39
Nodes: 1 150 205 280 337 393 421 431 435 486
Compactness: 504.277962
Weights: 104.000000 1731.000000 589.000000
Center Node: 421

District 40
Nodes: 146 184 229 252 254 272 405 439 492
Compactness: 590.178391
Weights: 114.000000 2162.000000 600.000000
Center Node: 439

District 41
Nodes: 102 171 221 251 253 294 310 340 362 394
Compactness: 511.999710
Weights: 112.000000 2079.000000 748.000000
Center Node: 171

District 42
Nodes: 39 119 227 338 381 409
Compactness: 122.059793
Weights: 62.000000 1224.000000 368.000000
Center Node: 227

District 43
Nodes: 36 61 179 204 222 233 314 346 382 406 422 480
Compactness: 703.507365
Weights: 158.000000 2093.000000 581.000000
Center Node: 204

District 44
Nodes: 22 99 109 235 365 374 391 437 462
Compactness: 372.340843
Weights: 77.000000 2154.000000 580.000000
Center Node: 365

District 45
Nodes: 4 32 74 351 377 425 460 464 467 471 476 477
Compactness: 1038.063954
Weights: 112.000000 1945.000000 679.000000
Center Node: 377

District 46
Nodes: 14 41 50 89 161 162 163 239 380 497
Compactness: 527.935615
Weights: 133.000000 1969.000000 660.000000
Center Node: 89

District 47
Nodes: 154 219 248 256 258 293 335 352 456 482 483
Compactness: 677.975461
Weights: 149.000000 2019.000000 612.000000
Center Node: 293

District 48
Nodes: 55 121 134 181 188 226 257 292 298 424 445
Compactness: 716.581174
Weights: 114.000000 2141.000000 653.000000
Center Node: 121

District 49
Nodes: 71 72 178 183 194 232 270 306 336 341 430 453
Compactness: 826.944838
Weights: 148.000000 2064.000000 699.000000
Center Node: 430

District 50
Nodes: 18 24 49 186 319 370 414 434 475
Compactness: 325.684126
Weights: 103.000000 2138.000000 497.000000
Center Node: 434
