BalanceViolation 0.000000
AffinityLoss 1642.000000
Compactness 94315.247903
District 1
Nodes: 64 114 123 177 194 244 254 300 308 320 358 364 367 393 402 432 434 509 518 522 523 529 537 573 581 639 643 654 669 672 727 744 793 795 803 806 837 861 863 865 881 940 953 974 985 997
Compactness: 4390.445741
Weights: 544.000000 9716.000000 2760.000000
Center Node: 177

District 2
Nodes: 3 21 35 43 47 80 108 125 129 133 158 159 174 178 182 197 213 217 245 246 252 260 289 306 325 331 343 374 394 447 450 464 548 564 571 593 604 618 664 687 689 697 720 748 768 791 811 878 901 924 928
Compactness: 4328.264824
Weights: 611.000000 10912.000000 3068.000000
Center Node: 571

District 3
Nodes: 5 104 146 148 157 163 176 200 214 248 261 282 287 293 296 317 352 400 407 411 417 472 500 569 589 608 612 635 637 653 659 696 704 714 733 734 778 792 798 801 809 810 872 890 908 954 956 962 969 970 972 979 987 993
Compactness: 4593.779599
Weights: 618.000000 11657.000000 3118.000000
Center Node: 908

District 4
Nodes: 1 53 67 69 72 73 93 102 109 195 208 228 268 281 295 303 329 330 359 412 457 460 475 498 531 546 553 583 633 674 680 683 711 724 738 760 770 785 788 813 831 835 943 949 965 968 999
Compactness: 4375.768966
Weights: 583.000000 10617.000000 2711.000000
Center Node: 195

District 5
Nodes: 13 34 42 60 74 90 98 107 130 134 220 234 267 271 278 291 299 333 340 363 387 404 455 481 485 551 565 582 610 615 616 625 650 655 671 678 707 729 740 821 845 866 888 898 910 934 957 966 990
Compactness: 3924.830193
Weights: 624.000000 9953.000000 2630.000000
Center Node: 98

District 6
Nodes: 37 88 150 192 198 201 218 222 236 257 277 341 347 356 390 410 421 429 440 443 459 480 504 505 519 535 541 543 596 600 617 641 660 665 681 682 695 710 716 731 750 802 816 830 892 919 932 942 971 988
Compactness: 4266.361015
Weights: 602.000000 10983.000000 2592.000000
Center Node: 716

District 7
Nodes: 22 39 62 84 85 86 94 97 112 160 166 175 188 193 225 256 264 272 288 309 321 344 355 360 366 378 399 437 448 520 544 580 585 638 662 679 686 700 709 725 751 808 815 833 844 850 860 955 959 960 963 986 991
Compactness: 4736.701295
Weights: 595.000000 11428.000000 3120.000000
Center Node: 321

District 8
Nodes: 11 56 61 103 113 117 153 167 170 204 205 221 305 313 328 334 420 444 525 542 554 561 570 597 631 647 649 692 703 715 736 755 766 790 818 828 869 897 920 944 951 952 958 967 982 992
Compactness: 5674.751299
Weights: 544.000000 9899.000000 2978.000000
Center Node: 897

District 9
Nodes: 26 63 100 118 165 186 203 237 251 273 294 298 332 377 379 395 414 418 424 449 483 501 527 563 568 613 623 626 651 677 693 706 779 783 797 812 842 879 883 884 891 904 906 927 948 980 996
Compactness: 3756.098299
Weights: 544.000000 11197.000000 2750.000000
Center Node: 904

District 10
Nodes: 4 17 18 19 45 92 110 116 151 187 189 190 199 211 215 239 276 280 283 292 307 312 335 362 389 423 452 488 515 538 562 567 574 575 588 728 761 774 777 824 832 841 848 893 900 921 922 947
Compactness: 3648.659634
Weights: 634.000000 9608.000000 2950.000000
Center Node: 488

District 11
Nodes: 9 33 83 124 126 137 140 154 210 226 241 242 253 255 265 270 357 381 408 427 435 439 451 473 477 491 513 533 577 699 735 737 787 799 817 820 823 834 840 851 852 857 874 899 902 909
Compactness: 4081.045214
Weights: 546.000000 11317.000000 2575.000000
Center Node: 735

District 12
Nodes: 14 48 55 71 77 78 81 127 196 209 223 224 227 249 322 323 337 339 345 372 413 433 479 494 495 521 524 526 549 560 592 602 609 619 634 676 713 732 753 754 759 767 782 784 855 862 871 889 905 945 984
Compactness: 7623.287349
Weights: 658.000000 10564.000000 3108.000000
Center Node: 871

District 13
Nodes: 15 23 36 50 54 68 82 105 164 181 184 229 232 247 250 259 269 275 311 316 349 382 391 425 436 438 467 482 490 499 514 578 640 648 657 661 663 690 765 773 781 789 807 867 870 896 903 913 930 931 936 961 975 995
Compactness: 5369.664451
Weights: 639.000000 10876.000000 3134.000000
Center Node: 657

District 14
Nodes: 20 27 41 46 70 76 89 111 131 144 149 216 233 262 274 279 290 304 314 324 338 350 375 383 441 463 492 493 510 511 516 532 534 698 705 743 757 758 769 776 780 826 827 846 847 856 885 912 916 918 941 983
Compactness: 4567.973576
Weights: 619.000000 9549.000000 2739.000000
Center Node: 290

District 15
Nodes: 6 7 10 16 58 132 147 161 172 238 297 310 386 396 403 415 445 446 465 474 476 478 517 528 550 552 555 587 594 624 628 642 673 688 691 762 764 786 804 825 854 859 868 877 907 911 915 925 933 939 946
Compactness: 4227.813769
Weights: 628.000000 9977.000000 2944.000000
Center Node: 528

District 16
Nodes: 44 87 95 101 106 128 143 145 155 173 185 235 258 284 302 315 326 327 416 419 426 431 486 547 572 599 606 611 632 644 645 656 658 721 745 756 819 822 839 853 873 875 894 895 937 998
Compactness: 3888.334009
Weights: 558.000000 9758.000000 2624.000000
Center Node: 426

District 17
Nodes: 0 12 25 32 40 49 52 66 79 120 156 169 212 231 243 301 336 346 348 361 371 385 388 392 405 453 456 461 506 507 545 557 558 590 591 595 603 605 614 621 646 666 675 701 723 739 742 747 763 772 796 838 887 914 917 935 964 977
Compactness: 4700.378769
Weights: 657.000000 11532.000000 3125.000000
Center Node: 52

District 18
Nodes: 24 51 99 115 139 142 168 183 191 206 342 353 373 376 380 397 454 462 470 471 487 497 503 512 530 536 576 622 630 668 702 712 718 722 730 746 752 771 775 836 864 882 973 976 981 989 994
Compactness: 6280.609253
Weights: 563.000000 10721.000000 2604.000000
Center Node: 380

District 19
Nodes: 29 30 31 57 59 65 91 96 122 135 136 162 202 219 230 240 263 266 286 398 422 468 489 556 566 579 584 607 627 636 667 670 684 685 717 741 749 800 805 829 849 858 876 880 886 926 938 950
Compactness: 4991.567907
Weights: 578.000000 10555.000000 2595.000000
Center Node: 489

District 20
Nodes: 2 8 28 38 75 119 121 138 141 152 171 179 180 207 285 318 319 351 354 365 368 369 370 384 401 406 409 428 430 442 458 466 469 484 496 502 508 539 540 559 586 598 601 620 629 652 694 708 719 726 794 814 843 923 929 978
Compactness: 4888.912740
Weights: 660.000000 11285.000000 3089.000000
Center Node: 484
