BalanceViolation 3174.288000
AffinityLoss 939.000000
Compactness 31241.160373
District 1
Nodes: 2 46 53 85 130 164 189 242 247 268 377 383 408
Compactness: 743.971468
Weights: 133.000000 2051.000000 685.000000
Center Node: 189

District 2
Nodes: 147 148 196 205 222 227 257 320 368 391 453
Compactness: 623.277000
Weights: 160.000000 2232.000000 559.000000
Center Node: 320

District 3
Nodes: 19 64 65 79 102 112 114 125 177 197 428 473
Compactness: 1113.126519
Weights: 147.000000 2013.000000 582.000000
Center Node: 65

District 4
Nodes: 37 94 171 294 382 466 468 475
Compactness: 365.284386
Weights: 95.000000 2114.000000 465.000000
Center Node: 171

District 5
Nodes: 111 127 155 244 277 363 429 483 485
Compactness: 562.881984
Weights: 109.000000 2275.000000 535.000000
Center Node: 483

District 6
Nodes: 22 165 169 193 236 280 288 314 334 464 477
Compactness: 914.169722
Weights: 131.000000 2142.000000 676.000000
Center Node: 22

District 7
Nodes: 98 141 157 185 206 259 321 347 354 422
Compactness: 603.784961
Weights: 113.000000 2179.000000 501.000000
Center Node: 259

District 8
Nodes: 0 43 80 91 97 117 173 176 224 252 492
Compactness: 652.693941
Weights: 129.000000 2058.000000 621.000000
Center Node: 173

District 9
Nodes: 61 275 315 328 414 436 448 491
Compactness: 334.600907
Weights: 98.000000 2024.000000 569.000000
Center Node: 436

District 10
Nodes: 72 74 129 170 181 279 290 349 490
Compactness: 564.576577
Weights: 123.000000 2093.000000 625.000000
Center Node: 181

District 11
Nodes: 96 115 168 188 265 271 296 330 337 372 397
Compactness: 792.087853
Weights: 143.000000 2038.000000 640.000000
Center Node: 271

District 12
Nodes: 1 88 105 106 118 216 248 250 253 305 445
Compactness: 463.170224
Weights: 101.000000 2127.000000 568.000000
Center Node: 118

District 13
Nodes: 6 8 69 108 282 341 355 373 430 488 493
Compactness: 790.162849
Weights: 125.000000 2025.000000 574.000000
Center Node: 341

District 14
Nodes: 122 135 194 203 215 272 420 447 467
Compactness: 650.289875
Weights: 123.000000 1917.000000 566.000000
Center Node: 194

District 15
Nodes: 18 107 110 137 266 327 344 351 359 496
Compactness: 543.874246
Weights: 107.000000 2091.000000 608.000000
Center Node: 266

District 16
Nodes: 27 45 78 101 142 202 229 300 316 405 457
Compactness: 631.584592
Weights: 135.000000 2204.000000 636.000000
Center Node: 78

District 17
Nodes: 11 120 180 267 298 324 356 412
Compactness: 529.791509
Weights: 80.000000 2203.000000 405.000000
Center Node: 11

District 18
Nodes: 20 33 126 179 209 256 285 361 396 416 424 462
Compactness: 741.522180
Weights: 142.000000 2046.000000 796.000000
Center Node: 33

District 19
Nodes: 71 93 95 103 332 375 389 390 394 418 476
Compactness: 727.835160
Weights: 144.000000 2205.000000 619.000000
Center Node: 103

District 20
Nodes: 9 14 47 167 178 219 261 333 403 410
Compactness: 1245.244839
Weights: 125.000000 2031.000000 633.000000
Center Node: 47

District 21
Nodes: 161 211 212 218 221 233 243 317 433 455 471 474 497
Compactness: 1220.986511
Weights: 160.000000 2170.000000 730.000000
Center Node: 317

District 22
Nodes: 4 50 57 146 313 358 362 367 381 465 478 495
Compactness: 779.009016
Weights: 144.000000 2044.000000 746.000000
Center Node: 57

District 23
Nodes: 16 51 67 119 158 235 237 404 458 494
Compactness: 332.607669
Weights: 136.000000 1975.000000 639.000000
Center Node: 235

District 24
Nodes: 25 55 109 124 254 426 438 472 484
Compactness: 615.333093
Weights: 136.000000 2170.000000 577.000000
Center Node: 438

District 25
Nodes: 128 132 149 329 343 345 413 427 434
Compactness: 392.547942
Weights: 94.000000 2100.000000 619.000000
Center Node: 149

District 26
Nodes: 40 41 153 208 223 283 309 423 439 459
Compactness: 538.113859
Weights: 122.000000 2284.000000 610.000000
Center Node: 40

District 27
Nodes: 83 84 87 138 144 184 353 376 432
Compactness: 339.225379
Weights: 83.000000 2211.000000 596.000000
Center Node: 83

District 28
Nodes: 10 44 121 262 264 276 352 384 456
Compactness: 626.468820
Weights: 136.000000 2064.000000 619.000000
Center Node: 384

District 29
Nodes: 92 163 199 258 336 365 411
Compactness: 260.497537
Weights: 92.000000 1927.000000 398.000000
Center Node: 365

District 30
Nodes: 36 66 183 186 195 198 378 417 461
Compactness: 992.804567
Weights: 121.000000 2063.000000 625.000000
Center Node: 195

District 31
Nodes: 24 29 49 56 82 192 210 269 319
Compactness: 387.062003
Weights: 128.000000 2175.000000 571.000000
Center Node: 210

District 32
Nodes: 100 123 145 162 175 182 200 293 346 374 388 498
Compactness: 746.663391
Weights: 134.000000 2242.000000 573.000000
Center Node: 346

District 33
Nodes: 31 38 54 62 77 191 213 260 399 415 463
Compactness: 795.508159
Weights: 142.000000 2028.000000 881.000000
Center Node: 77

District 34
Nodes: 35 39 136 225 234 278 292 326 366 395 421
Compactness: 426.887306
Weights: 146.000000 2253.000000 514.000000
Center Node: 326

District 35
Nodes: 7 89 226 301 304 322 338 446 450 460
Compactness: 555.728838
Weights: 111.000000 2073.000000 479.000000
Center Node: 7

District 36
Nodes: 17 81 139 214 217 325 482
Compactness: 280.818056
Weights: 95.000000 2074.000000 371.000000
Center Node: 325

District 37
Nodes: 28 154 270 289 302 323 357 387 452
Compactness: 532.640520
Weights: 118.000000 2202.000000 462.000000
Center Node: 289

District 38
Nodes: 131 151 172 238 331 364 449 499
Compactness: 600.540924
Weights: 108.000000 2235.000000 591.000000
Center Node: 449

District 39
Nodes: 32 58 75 140 281 287 299 392 393 431 441
Compactness: 830.510764
Weights: 123.000000 2068.000000 619.000000
Center Node: 32

District 40
Nodes: 12 60 68 90 228 239 386 398 419 454 470
Compactness: 538.933211
Weights: 150.000000 2007.000000 691.000000
Center Node: 386

District 41
Nodes: 3 34 113 230 232 340 369 407 481
Compactness: 635.891971
Weights: 118.000000 2231.000000 502.000000
Center Node: 113

District 42
Nodes: 5 70 190 291 350 371 380 443 480 489
Compactness: 386.529844
Weights: 130.000000 2141.000000 617.000000
Center Node: 480

District 43
Nodes: 59 133 143 152 159 220 245 273 435 442
Compactness: 446.195056
Weights: 127.000000 2160.000000 560.000000
Center Node: 152

District 44
Nodes: 42 52 99 201 204 207 251 255 335 379 409 440
Compactness: 815.630967
Weights: 127.000000 2045.000000 712.000000
Center Node: 335

District 45
Nodes: 21 104 284 312 339 342 402 406 444 487
Compactness: 494.065186
Weights: 131.000000 2084.000000 611.000000
Center Node: 104

District 46
Nodes: 160 166 174 263 274 295 303 307 401
Compactness: 485.721859
Weights: 92.000000 2190.000000 457.000000
Center Node: 307

District 47
Nodes: 15 23 86 156 187 286 310 311 360 479
Compactness: 405.569692
Weights: 109.000000 2000.000000 629.000000
Center Node: 187

District 48
Nodes: 26 73 116 231 240 241 246 249 306
Compactness: 936.721149
Weights: 93.000000 2241.000000 598.000000
Center Node: 249

District 49
Nodes: 30 48 63 308 370 400 425 451 469
Compactness: 419.289617
Weights: 125.000000 2038.000000 549.000000
Center Node: 400

District 50
Nodes: 13 76 134 150 297 318 348 385 437 486
Compactness: 828.726673
Weights: 138.000000 2155.000000 505.000000
Center Node: 318
