BalanceViolation 0.000000
AffinityLoss 749.000000
Compactness 51584.465280
District 1
Nodes: 2 15 88 102 103 119 136 142 186 207 217 234 250 253 276 300 301 320 358 360 405 417 418 424 429 458 476 498
Compactness: 3757.031126
Weights: 297.000000 5894.000000 1442.000000
Center Node: 207

District 2
Nodes: 61 82 116 125 177 220 235 243 254 260 264 280 282 305 308 317 345 352 372 435 436 477
Compactness: 1885.542441
Weights: 280.000000 5183.000000 1362.000000
Center Node: 260

District 3
Nodes: 29 86 117 151 159 162 163 180 193 222 297 324 333 344 354 364 376 377 400 421 449 454 478 499
Compactness: 3626.801534
Weights: 284.000000 4942.000000 1538.000000
Center Node: 478

District 4
Nodes: 19 57 59 153 164 166 171 196 199 211 214 226 230 236 237 251 286 335 392 399 422 442 450 451 489
Compactness: 1956.912285
Weights: 303.000000 5484.000000 1493.000000
Center Node: 199

District 5
Nodes: 4 8 13 21 37 46 85 121 126 132 156 175 215 225 255 269 274 278 310 367 382 407 427 457 461 470 472
Compactness: 2390.940846
Weights: 340.000000 5782.000000 1538.000000
Center Node: 269

District 6
Nodes: 56 72 77 79 90 93 96 114 118 146 149 176 184 245 296 302 342 343 363 366 398 423 428 465 485
Compactness: 2644.671324
Weights: 316.000000 5894.000000 1497.000000
Center Node: 363

District 7
Nodes: 7 22 24 31 39 74 84 110 113 137 141 191 247 270 303 353 415 432 434 467 473 484 487 493 494
Compactness: 2292.015669
Weights: 330.000000 4888.000000 1474.000000
Center Node: 31

District 8
Nodes: 12 41 54 62 65 101 115 188 246 263 265 289 299 319 349 365 369 374 389 403 433 456 460 468
Compactness: 2523.536958
Weights: 292.000000 4847.000000 1349.000000
Center Node: 433

District 9
Nodes: 25 38 43 105 124 127 134 135 148 154 209 210 212 233 290 323 325 357 373 385 393 412 416 462 479 491
Compactness: 2220.822104
Weights: 308.000000 5240.000000 1342.000000
Center Node: 209

District 10
Nodes: 9 20 63 68 75 108 129 181 198 213 229 240 244 267 275 285 298 309 439 444 453 463 492 496
Compactness: 4038.638604
Weights: 290.000000 5520.000000 1413.000000
Center Node: 285

District 11
Nodes: 11 44 45 52 60 81 91 111 128 161 165 238 284 295 307 329 340 368 378 397 409 411 414 443 464 490
Compactness: 2122.324220
Weights: 334.000000 5266.000000 1464.000000
Center Node: 340

District 12
Nodes: 33 36 53 104 112 173 185 189 218 249 291 304 314 318 326 336 337 355 370 375 383 390 394 410 430 480
Compactness: 2457.607099
Weights: 291.000000 5074.000000 1577.000000
Center Node: 218

District 13
Nodes: 34 64 69 95 120 140 144 155 157 190 216 232 351 359 362 406 413 419 420 426 446 474 475
Compactness: 2544.024865
Weights: 333.000000 5586.000000 1335.000000
Center Node: 140

District 14
Nodes: 3 28 71 100 130 147 178 194 202 204 224 231 248 257 258 279 287 292 294 312 331 346 371 395 452 455 466
Compactness: 2507.626433
Weights: 336.000000 5836.000000 1464.000000
Center Node: 3

District 15
Nodes: 14 18 32 47 133 145 160 168 170 179 182 203 228 241 271 273 330 334 339 356 402 445 447 459 481 486
Compactness: 2392.694792
Weights: 293.000000 5884.000000 1306.000000
Center Node: 182

District 16
Nodes: 0 70 73 76 78 109 131 152 174 192 201 239 259 293 311 341 361 379 384 388 401 425 431 438 495 497
Compactness: 2614.334426
Weights: 340.000000 5071.000000 1481.000000
Center Node: 361

District 17
Nodes: 6 10 17 42 48 50 55 80 83 87 123 143 158 208 242 252 262 272 306 313 321 347 348 350 408 448 488
Compactness: 2750.673916
Weights: 329.000000 5872.000000 1507.000000
Center Node: 87

District 18
Nodes: 23 92 107 150 167 187 195 223 266 268 281 315 332 338 381 387 404 437 440 469 482
Compactness: 2456.093633
Weights: 287.000000 4849.000000 1326.000000
Center Node: 195

District 19
Nodes: 5 26 30 49 51 58 66 67 94 99 122 138 172 206 256 283 288 316 380 386 396 441 471 483
Compactness: 2107.780397
Weights: 325.000000 5260.000000 1321.000000
Center Node: 283

District 20
Nodes: 1 16 27 35 40 89 97 98 106 139 169 183 197 200 205 219 221 227 261 277 322 327 328 391
Compactness: 2294.392610
Weights: 286.000000 4869.000000 1564.000000
Center Node: 89
