BalanceViolation 0.000000
AffinityLoss 1555.000000
Compactness 98774.365366
District 1
Nodes: 10 20 24 31 39 40 52 59 60 62 103 112 131 144 213 226 246 307 313 324 333 384 389 414 432 457 458 464 473 474 514 615 622 629 644 651 663 667 732 748 763 805 830 857 881 922 966 986
Compactness: 4411.774671
Weights: 545.000000 9832.000000 2874.000000
Center Node: 881

District 2
Nodes: 28 29 145 196 236 243 285 303 309 317 329 354 357 387 412 416 417 421 444 449 468 487 506 523 540 568 574 592 608 613 689 728 743 756 775 787 802 818 828 846 870 871 876 902 928 933 935 937 944
Compactness: 5667.519600
Weights: 551.000000 10375.000000 2900.000000
Center Node: 309

District 3
Nodes: 73 99 133 153 155 174 187 203 220 229 232 256 259 272 281 284 296 304 323 347 362 400 402 418 425 460 483 535 539 553 573 599 612 620 662 670 677 680 681 778 785 786 788 820 826 864 886 887 897 924 929 965 968 981
Compactness: 8459.846630
Weights: 657.000000 11284.000000 3136.000000
Center Node: 272

District 4
Nodes: 8 30 42 54 75 101 115 119 123 136 186 206 228 244 252 260 263 302 423 439 442 456 470 486 517 520 526 601 618 642 643 647 693 704 727 729 738 774 777 797 803 808 819 825 851 856 866 869 872 877 915 931 959 980 982
Compactness: 5843.064418
Weights: 624.000000 11555.000000 2996.000000
Center Node: 517

District 5
Nodes: 48 49 55 65 67 91 128 129 150 157 219 222 300 306 314 322 335 376 380 388 397 413 433 435 507 511 534 536 543 562 589 616 627 635 641 648 661 669 671 719 751 776 784 791 845 896 947 954 974
Compactness: 4894.881984
Weights: 590.000000 11565.000000 2817.000000
Center Node: 562

District 6
Nodes: 12 23 32 69 105 114 124 126 162 167 169 177 212 224 238 273 311 318 337 342 401 404 428 445 462 491 499 510 531 532 533 557 560 582 702 742 753 790 835 848 850 860 940 945 946 953 967 998
Compactness: 4333.290975
Weights: 604.000000 10253.000000 2643.000000
Center Node: 238

District 7
Nodes: 87 90 171 183 191 192 240 248 254 332 377 399 403 407 410 411 436 440 477 479 492 493 509 522 524 542 546 596 623 675 679 697 700 701 703 717 725 734 759 773 783 789 817 824 853 868 882 899 909 960 962 963
Compactness: 4612.077399
Weights: 624.000000 10587.000000 2861.000000
Center Node: 868

District 8
Nodes: 70 77 88 93 102 132 208 223 275 278 294 330 339 361 369 381 390 408 429 480 571 611 668 688 712 715 747 780 796 807 810 840 843 852 863 883 917 936 950 951 961 984 985 992
Compactness: 3625.920139
Weights: 565.000000 9890.000000 2798.000000
Center Node: 840

District 9
Nodes: 22 63 68 74 95 113 140 161 163 164 165 190 204 209 215 225 242 258 331 338 353 443 447 476 500 501 512 528 544 583 597 639 655 686 706 730 779 798 806 811 813 816 874 880 884 912 948 976 994
Compactness: 4010.089213
Weights: 628.000000 10252.000000 2986.000000
Center Node: 655

District 10
Nodes: 19 50 64 83 104 135 156 188 216 227 235 247 255 279 292 301 321 341 378 395 396 505 516 521 530 537 555 581 606 617 659 664 683 684 691 720 736 739 750 758 770 801 892 920 923 972 977 983 993
Compactness: 4601.715829
Weights: 584.000000 10111.000000 2858.000000
Center Node: 530

District 11
Nodes: 2 3 11 13 15 17 21 35 71 89 97 108 173 182 189 195 197 198 245 291 325 326 328 334 348 349 393 394 430 437 454 495 545 547 558 564 569 590 603 674 705 709 724 741 754 809 832 836 875 890 895 913 988 989
Compactness: 4734.336287
Weights: 658.000000 10756.000000 2999.000000
Center Node: 569

District 12
Nodes: 9 27 51 61 84 94 96 125 166 170 175 176 199 201 217 283 293 312 363 367 385 398 406 446 465 478 481 559 602 614 619 631 694 698 723 731 767 768 814 821 838 847 861 894 906 932 970
Compactness: 4170.099747
Weights: 543.000000 10085.000000 2637.000000
Center Node: 96

District 13
Nodes: 7 16 25 117 121 143 159 200 267 280 305 308 344 351 373 379 482 496 508 552 578 591 604 605 633 645 646 660 682 708 718 745 749 781 800 822 833 844 903 934 943 958 969 978
Compactness: 3836.819603
Weights: 558.000000 11045.000000 2629.000000
Center Node: 552

District 14
Nodes: 0 1 6 37 47 98 122 138 152 154 168 181 194 207 210 276 277 290 352 360 386 431 434 452 461 469 513 529 549 580 607 610 638 687 711 714 726 746 772 795 804 812 834 841 865 888 904 911 914 952 995 997
Compactness: 5664.678429
Weights: 659.000000 11094.000000 3122.000000
Center Node: 47

District 15
Nodes: 18 46 72 100 109 118 134 141 146 151 185 249 251 265 286 287 295 336 346 355 375 392 419 420 422 459 463 471 502 504 551 587 672 692 733 794 827 842 854 859 879 898 925 927 942 955 956 996
Compactness: 3914.325025
Weights: 572.000000 10447.000000 2637.000000
Center Node: 18

District 16
Nodes: 26 34 38 44 58 76 80 110 130 158 172 193 202 211 231 233 261 269 289 315 359 382 424 455 467 475 488 538 548 550 554 579 586 588 593 600 628 632 634 637 654 657 676 744 752 757 761 837 885 930 941 973 991
Compactness: 5592.869834
Weights: 642.000000 9996.000000 3133.000000
Center Node: 632

District 17
Nodes: 33 57 66 78 82 137 149 178 205 262 319 320 365 372 383 453 472 484 490 497 503 519 565 566 598 621 640 649 650 652 653 665 666 673 695 696 721 740 755 764 766 782 831 839 849 873 893 910 916 926 938 939 949 957 975 987
Compactness: 6317.335170
Weights: 649.000000 10217.000000 3162.000000
Center Node: 938

District 18
Nodes: 36 43 79 85 92 106 107 116 127 147 160 214 221 237 257 264 274 299 310 316 327 343 364 366 371 391 498 518 575 576 584 585 595 630 658 699 707 713 760 792 793 799 823 829 858 891 901 918 921 990
Compactness: 5406.679401
Weights: 657.000000 11302.000000 3114.000000
Center Node: 799

District 19
Nodes: 5 41 45 86 111 139 142 180 218 234 239 250 268 271 288 297 356 358 415 441 485 515 556 561 563 577 594 609 624 656 678 685 710 716 722 735 765 769 771 815 862 867 878 908 919 964 979 999
Compactness: 4325.903681
Weights: 555.000000 10073.000000 2714.000000
Center Node: 356

District 20
Nodes: 4 14 53 56 81 120 148 179 184 230 241 253 266 270 282 298 340 345 350 368 370 374 405 409 426 427 438 448 450 451 466 489 494 525 527 541 567 570 572 625 626 636 690 737 762 855 889 900 905 907 971
Compactness: 4351.137331
Weights: 554.000000 11677.000000 3128.000000
Center Node: 448
