BalanceViolation 11.215000
AffinityLoss 1649.000000
Compactness 105107.385253
District 1
Nodes: 10 41 102 104 193 211 302 352 374 402 403 408 411 415 469 474 479 487 507 565 583 597 607 620 627 645 658 659 664 676 713 714 747 765 777 788 802 806 821 829 841 866 885 902 913 951 958 975 984
Compactness: 5638.546536
Weights: 592.000000 10528.000000 2829.000000
Center Node: 41

District 2
Nodes: 6 8 44 52 53 58 97 99 107 121 138 155 222 239 253 271 291 305 306 318 357 364 427 473 494 496 498 501 505 546 595 631 636 639 693 712 723 730 767 855 868 870 884 890 915 920 963 996
Compactness: 4028.909312
Weights: 601.000000 10094.000000 2949.000000
Center Node: 291

District 3
Nodes: 17 38 81 88 120 151 161 171 190 196 205 225 234 252 263 265 290 293 338 363 365 392 456 464 466 488 502 509 526 529 554 577 592 601 604 647 677 725 756 762 763 770 772 786 792 814 823 825 837 838 906 943 970 989
Compactness: 5700.527203
Weights: 634.000000 10819.000000 2941.000000
Center Node: 772

District 4
Nodes: 27 28 47 54 103 115 116 118 128 135 143 150 170 180 183 188 217 242 277 299 307 311 320 376 421 442 449 519 539 547 552 613 629 657 704 717 722 771 797 811 819 826 905 921 926 928 935 938 944 960 961 997
Compactness: 4436.427961
Weights: 578.000000 10739.000000 2944.000000
Center Node: 170

District 5
Nodes: 19 37 43 51 56 62 74 82 113 136 181 201 202 204 208 210 214 227 232 236 237 272 274 282 296 322 345 348 371 394 436 446 450 457 471 515 537 586 623 648 668 751 752 790 812 835 932 939 988
Compactness: 5070.354334
Weights: 625.000000 10776.000000 2676.000000
Center Node: 394

District 6
Nodes: 16 26 32 49 65 94 114 117 125 173 226 260 268 280 283 303 315 330 354 358 405 422 443 484 524 551 555 556 574 579 615 621 665 675 679 697 738 741 766 783 800 816 834 853 880 914 923 925 933 953 974 976
Compactness: 5532.107316
Weights: 638.000000 10853.000000 2908.000000
Center Node: 551

District 7
Nodes: 20 71 83 91 98 105 123 187 229 233 254 261 281 288 298 314 323 329 335 349 360 393 406 418 452 477 504 550 571 575 587 590 591 594 609 652 653 666 743 793 809 822 833 869 896 907 945 967 969 995
Compactness: 8722.933809
Weights: 595.000000 10339.000000 2731.000000
Center Node: 609

District 8
Nodes: 22 146 156 174 179 209 219 240 245 257 262 294 319 321 325 396 424 433 467 472 476 510 531 580 589 596 606 616 625 641 662 681 699 703 737 781 785 796 807 815 836 860 892 893 904 966 973
Compactness: 8046.201964
Weights: 571.000000 10073.000000 2700.000000
Center Node: 606

District 9
Nodes: 15 24 36 70 78 85 93 152 184 195 221 228 279 292 295 381 400 414 434 440 460 462 485 514 523 527 541 544 566 570 576 628 633 635 673 686 718 732 757 813 851 856 883 894 908 924 929 941 980 987
Compactness: 4564.378136
Weights: 634.000000 11052.000000 2695.000000
Center Node: 757

District 10
Nodes: 9 23 34 66 72 96 101 154 167 172 189 198 317 324 328 343 351 380 410 420 428 445 481 483 497 520 522 534 553 562 581 614 617 678 680 708 709 753 755 758 764 769 844 877 886 949 968 992 993
Compactness: 4367.043457
Weights: 602.000000 10390.000000 2777.000000
Center Node: 66

District 11
Nodes: 77 124 142 164 177 199 207 258 278 286 312 331 395 430 451 453 454 482 492 508 549 559 563 568 569 588 611 618 643 646 663 687 702 716 729 734 746 748 749 759 761 773 791 803 818 839 845 882 897 948 952
Compactness: 4740.172647
Weights: 616.000000 11053.000000 2864.000000
Center Node: 199

District 12
Nodes: 18 29 39 64 90 100 106 130 158 163 175 178 186 215 249 256 297 301 316 353 373 384 388 401 438 459 465 489 518 525 530 548 598 608 634 688 719 828 848 876 879 881 888 901 911 919 922 930 946 956 982 998
Compactness: 5243.741138
Weights: 615.000000 10264.000000 2839.000000
Center Node: 163

District 13
Nodes: 3 11 33 80 92 126 127 131 182 200 206 235 246 269 276 285 342 344 350 366 370 419 426 429 444 470 528 543 545 578 600 638 701 721 736 768 775 789 799 849 861 898 927 931 940 955 957 983
Compactness: 4818.611179
Weights: 611.000000 10116.000000 2672.000000
Center Node: 528

District 14
Nodes: 0 84 109 137 139 159 165 169 185 213 223 230 231 244 300 304 309 327 334 375 377 379 386 397 399 535 561 582 593 624 630 644 726 740 750 776 801 808 827 843 854 900 909 910 950 964 965 978
Compactness: 4326.187050
Weights: 578.000000 10348.000000 2811.000000
Center Node: 244

District 15
Nodes: 4 5 31 45 55 67 76 79 87 108 112 119 134 147 153 176 194 203 218 259 273 275 326 416 448 475 495 533 540 622 640 682 685 695 707 710 711 774 778 805 820 847 852 858 873 891 912 918 942 947 991
Compactness: 5227.218055
Weights: 606.000000 10653.000000 2950.000000
Center Node: 194

District 16
Nodes: 7 21 57 59 60 63 69 86 110 111 122 264 266 284 333 340 347 362 367 372 378 385 387 404 417 425 432 437 439 441 649 672 683 706 727 728 745 754 780 817 846 850 864 899 916 937 954 972 994
Compactness: 5501.812512
Weights: 640.000000 10614.000000 2675.000000
Center Node: 372

District 17
Nodes: 12 14 35 50 89 132 140 141 144 149 192 308 313 332 339 341 390 412 503 512 517 532 612 650 656 667 669 670 691 705 715 724 735 739 742 779 784 830 840 857 859 872 889 895 971 977 979 981 986 999
Compactness: 4471.357622
Weights: 639.000000 10889.000000 2810.000000
Center Node: 339

District 18
Nodes: 1 13 30 40 73 95 157 160 166 168 212 220 224 247 248 251 336 337 355 359 361 391 398 407 423 435 461 468 478 499 506 513 558 572 573 584 602 610 637 654 660 720 782 794 795 832 863 865 867 874 878 887
Compactness: 6124.242628
Weights: 639.000000 10257.000000 2747.000000
Center Node: 795

District 19
Nodes: 2 42 46 48 61 68 75 133 145 216 243 250 255 267 287 346 368 369 447 458 486 490 491 493 516 538 557 560 564 585 599 603 626 651 655 661 671 684 696 698 731 744 787 804 824 862 871 934 936 959 990
Compactness: 4858.658780
Weights: 599.000000 10960.000000 2767.000000
Center Node: 804

District 20
Nodes: 25 129 148 162 191 197 238 241 270 289 310 356 382 383 389 409 413 431 455 463 480 500 511 521 536 542 567 605 619 632 642 674 689 690 692 694 700 733 760 798 810 831 842 875 903 917 962 985
Compactness: 3687.953616
Weights: 585.000000 10307.000000 2936.000000
Center Node: 733
