BalanceViolation 222.890000
AffinityLoss 829.000000
Compactness 44958.308884
District 1
Nodes: 12 23 29 62 65 134 173 181 188 208 216 226 229 261 266 278 318 350 356 361 396 401 424 447
Compactness: 1855.015862
Weights: 282.000000 5263.000000 1399.000000
Center Node: 396

District 2
Nodes: 2 20 67 78 102 127 135 164 171 176 251 253 263 301 310 327 340 362 372 385 394 413 415 440 473
Compactness: 2188.150569
Weights: 288.000000 5348.000000 1549.000000
Center Node: 78

District 3
Nodes: 1 4 32 35 37 53 106 150 198 205 214 280 302 332 337 351 360 383 393 404 407 421 431 433 435 459 476 486
Compactness: 2437.342450
Weights: 305.000000 5360.000000 1552.000000
Center Node: 393

District 4
Nodes: 7 11 18 24 45 49 80 103 118 145 159 172 186 199 215 218 240 295 319 324 370 395 414 434 436 475
Compactness: 2747.484681
Weights: 302.000000 5483.000000 1508.000000
Center Node: 172

District 5
Nodes: 22 28 61 97 99 109 111 126 144 148 204 222 233 235 314 348 365 374 382 384 391 397 406 422 437 462 480 498
Compactness: 2925.596625
Weights: 324.000000 5338.000000 1593.000000
Center Node: 365

District 6
Nodes: 17 46 95 104 128 131 180 211 242 262 267 274 299 303 344 354 358 375 392 495
Compactness: 1623.665208
Weights: 262.000000 4550.000000 1213.000000
Center Node: 392

District 7
Nodes: 0 6 26 42 54 59 79 124 129 165 189 271 315 321 330 371 379 419 444 463 484 485 497
Compactness: 1943.453335
Weights: 287.000000 4609.000000 1378.000000
Center Node: 6

District 8
Nodes: 5 40 77 88 114 155 195 213 220 221 265 276 294 297 311 331 339 343 390 403 417 427 466 491
Compactness: 2336.818657
Weights: 276.000000 4840.000000 1440.000000
Center Node: 195

District 9
Nodes: 19 27 56 90 94 117 151 185 191 197 236 237 249 264 291 320 322 325 364 386 429 442 450 451 461 468 469
Compactness: 2377.977364
Weights: 326.000000 5578.000000 1478.000000
Center Node: 237

District 10
Nodes: 31 48 60 66 74 107 112 125 139 141 152 170 179 182 212 268 316 329 334 346 377 416 425 443 446 454 460 464 467 471 477
Compactness: 2753.927508
Weights: 326.000000 5247.000000 1540.000000
Center Node: 443

District 11
Nodes: 15 30 47 83 85 101 110 137 140 169 177 196 202 217 250 260 296 308 323 368 412 418 423 472 474 479 494
Compactness: 3037.129240
Weights: 332.000000 5264.000000 1531.000000
Center Node: 196

District 12
Nodes: 39 44 71 72 91 92 119 120 157 178 183 194 201 223 227 232 270 306 336 338 341 381 388 409 430 453 458
Compactness: 1956.121546
Weights: 335.000000 5226.000000 1583.000000
Center Node: 201

District 13
Nodes: 57 64 68 81 96 123 142 192 193 210 245 246 307 342 355 357 398 432 438 465 478 490 499
Compactness: 1673.980747
Weights: 283.000000 4687.000000 1383.000000
Center Node: 81

District 14
Nodes: 9 10 58 75 84 115 136 138 175 190 234 275 277 300 309 326 328 345 366 369 411 441 470 489 493
Compactness: 1968.543851
Weights: 336.000000 4565.000000 1449.000000
Center Node: 10

District 15
Nodes: 3 8 14 41 50 55 73 89 113 121 161 162 163 239 257 285 289 292 317 380 445 496
Compactness: 2071.732149
Weights: 299.000000 4621.000000 1388.000000
Center Node: 496

District 16
Nodes: 70 86 143 149 154 168 219 238 247 248 256 258 279 293 313 335 352 373 410 456 482 483 487
Compactness: 2279.702750
Weights: 311.000000 4576.000000 1317.000000
Center Node: 256

District 17
Nodes: 16 25 51 52 82 87 100 122 130 132 133 153 187 225 255 259 281 282 283 287 359 387 402 428 449 457
Compactness: 2035.149099
Weights: 349.000000 5599.000000 1261.000000
Center Node: 51

District 18
Nodes: 21 105 146 147 158 167 184 207 230 231 252 254 272 273 304 305 349 353 405 426 439 455 481 492
Compactness: 2593.913359
Weights: 297.000000 5239.000000 1592.000000
Center Node: 184

District 19
Nodes: 34 38 43 63 69 76 93 116 156 160 203 209 224 228 269 312 367 376 378 389 399 420 452 488
Compactness: 2247.373841
Weights: 301.000000 4680.000000 1346.000000
Center Node: 420

District 20
Nodes: 13 33 36 98 108 166 174 200 206 241 243 244 284 286 288 290 298 333 347 363 400 408 448
Compactness: 1905.230043
Weights: 252.000000 5508.000000 1467.000000
Center Node: 241
