BalanceViolation 54.972500
AffinityLoss 881.000000
Compactness 63400.195590
District 1
Nodes: 20 32 75 93 129 145 181 182 198 229 240 241 244 267 275 296 298 330 334 339 342 439 444 447 453 481
Compactness: 2116.186998
Weights: 307.000000 5541.000000 1503.000000
Center Node: 444

District 2
Nodes: 61 73 82 116 125 177 220 235 243 260 264 280 282 305 308 317 345 352 394 430 435 436 477
Compactness: 2039.317774
Weights: 296.000000 5115.000000 1439.000000
Center Node: 260

District 3
Nodes: 44 45 60 81 86 91 111 117 128 161 162 165 222 238 324 340 364 377 378 397 409 411 414 443 478 490 499
Compactness: 2765.834847
Weights: 311.000000 5561.000000 1468.000000
Center Node: 60

District 4
Nodes: 41 54 62 65 92 101 150 188 246 263 265 268 289 315 319 332 338 349 369 374 389 403 433 437 469
Compactness: 2138.391411
Weights: 322.000000 5181.000000 1375.000000
Center Node: 338

District 5
Nodes: 4 8 21 37 106 121 124 126 175 194 209 210 215 255 269 278 323 327 357 382 385 407 412 427 461 479
Compactness: 3072.597941
Weights: 316.000000 5194.000000 1476.000000
Center Node: 385

District 6
Nodes: 19 42 57 59 112 153 166 171 196 199 211 214 226 230 236 237 249 251 286 306 337 392 442 450 451 489
Compactness: 2057.277498
Weights: 313.000000 5137.000000 1462.000000
Center Node: 199

District 7
Nodes: 7 22 24 28 31 84 137 141 159 191 193 297 303 333 344 395 432 434 452 454 455 467 473 484 493 494
Compactness: 2391.721555
Weights: 323.000000 5115.000000 1472.000000
Center Node: 191

District 8
Nodes: 2 15 49 66 83 99 103 119 136 143 158 186 208 217 242 253 272 300 301 350 360 417 418 426 429 474 498
Compactness: 4117.879188
Weights: 326.000000 5627.000000 1389.000000
Center Node: 429

District 9
Nodes: 0 11 52 70 78 131 152 201 205 239 259 274 293 341 361 368 379 388 401 425 431 464 495 497
Compactness: 2357.362185
Weights: 329.000000 5520.000000 1404.000000
Center Node: 431

District 10
Nodes: 34 69 71 74 88 140 155 157 170 179 203 232 234 270 294 351 362 413 419 420 446 458 466 475
Compactness: 2836.534842
Weights: 328.000000 5276.000000 1387.000000
Center Node: 362

District 11
Nodes: 13 35 40 46 76 85 89 109 139 156 169 174 192 200 221 225 227 277 310 311 328 367 384 391 438 472
Compactness: 3047.217453
Weights: 324.000000 5256.000000 1461.000000
Center Node: 40

District 12
Nodes: 3 100 120 130 132 147 178 202 204 224 231 248 257 258 279 284 287 292 295 307 312 331 346 371 376
Compactness: 2600.255155
Weights: 317.000000 5322.000000 1427.000000
Center Node: 287

District 13
Nodes: 9 63 68 77 102 108 142 167 168 213 250 273 276 281 285 309 320 356 358 424 445 476 482 492 496
Compactness: 3954.299992
Weights: 292.000000 5601.000000 1364.000000
Center Node: 250

District 14
Nodes: 12 23 51 107 115 187 195 206 207 223 266 381 386 387 404 405 440 456 460 463 468
Compactness: 2230.502155
Weights: 269.000000 5219.000000 1397.000000
Center Node: 387

District 15
Nodes: 17 26 27 38 43 50 53 87 98 183 197 233 261 262 288 291 313 322 347 383 393 399 416 462 483 488
Compactness: 4138.448931
Weights: 305.000000 5419.000000 1449.000000
Center Node: 261

District 16
Nodes: 29 39 64 96 110 113 144 151 163 180 245 247 329 343 353 354 400 402 415 421 423 449 486 487
Compactness: 11569.046354
Weights: 321.000000 5598.000000 1509.000000
Center Node: 329

District 17
Nodes: 5 10 30 48 55 58 67 94 122 138 172 252 256 283 299 316 335 348 365 380 396 422 441 471
Compactness: 2028.587368
Weights: 304.000000 5181.000000 1511.000000
Center Node: 172

District 18
Nodes: 1 16 33 36 97 104 164 173 185 189 218 219 254 304 314 318 326 336 355 370 372 375 390 410 480
Compactness: 2740.947841
Weights: 283.000000 5188.000000 1498.000000
Center Node: 36

District 19
Nodes: 14 18 47 56 72 79 90 114 118 133 146 149 160 176 184 228 271 302 363 366 398 428 459 465 485
Compactness: 2581.305975
Weights: 289.000000 5588.000000 1431.000000
Center Node: 56

District 20
Nodes: 6 25 80 95 105 123 127 134 135 148 154 190 212 216 290 321 325 359 373 406 408 448 457 470 491
Compactness: 2616.480127
Weights: 319.000000 5602.000000 1371.000000
Center Node: 491
