BalanceViolation 942.213000
AffinityLoss 1899.000000
Compactness 63528.028225
District 1
Nodes: 12 66 190 212 283 292 346 385 389 461 557 558 575 605 614 723 739 824 917 964 977
Compactness: 1322.849734
Weights: 254.000000 4079.000000 1187.000000
Center Node: 739

District 2
Nodes: 61 118 153 203 205 313 444 501 613 692 703 715 795 828 883 948 958
Compactness: 3470.272434
Weights: 212.000000 4420.000000 1100.000000
Center Node: 61

District 3
Nodes: 15 82 164 184 229 247 275 425 436 482 490 640 657 690 789 931 936 995
Compactness: 1034.757497
Weights: 212.000000 4019.000000 1280.000000
Center Node: 164

District 4
Nodes: 104 146 163 176 200 282 287 296 400 407 411 608 635 637 659 696 734 956 962 972
Compactness: 1062.190422
Weights: 243.000000 4072.000000 1083.000000
Center Node: 696

District 5
Nodes: 20 33 124 126 137 140 241 242 265 274 381 408 427 439 513 735 787 820 857 899
Compactness: 1097.146698
Weights: 238.000000 4402.000000 1069.000000
Center Node: 787

District 6
Nodes: 51 222 342 347 380 421 429 440 480 541 543 668 718 746 752 932 988
Compactness: 1010.337922
Weights: 240.000000 4052.000000 957.000000
Center Node: 480

District 7
Nodes: 31 59 65 136 162 202 263 286 538 566 584 741 749 761 800 805 829 876 947
Compactness: 1720.374537
Weights: 253.000000 4454.000000 1037.000000
Center Node: 136

District 8
Nodes: 71 77 81 196 209 224 278 337 345 386 403 495 602 609 655 759 854 889 905
Compactness: 955.297003
Weights: 252.000000 4158.000000 1121.000000
Center Node: 81

District 9
Nodes: 11 56 103 167 328 365 539 570 597 649 736 755 897 920 951 952 967 982 992
Compactness: 1145.099560
Weights: 224.000000 4234.000000 1167.000000
Center Node: 897

District 10
Nodes: 22 39 84 112 160 193 225 264 344 360 378 448 544 580 700 707 850 960 963 986 991
Compactness: 1597.145897
Weights: 219.000000 4443.000000 1209.000000
Center Node: 22

District 11
Nodes: 53 75 109 180 195 208 268 295 330 409 460 475 546 674 680 683 760 770 999
Compactness: 1107.945643
Weights: 237.000000 4201.000000 1102.000000
Center Node: 53

District 12
Nodes: 41 76 111 262 304 314 324 338 350 383 492 532 626 743 757 758 769 847 879 912 941
Compactness: 1175.288345
Weights: 260.000000 4240.000000 1109.000000
Center Node: 324

District 13
Nodes: 87 101 151 173 185 187 215 235 258 280 284 302 307 416 426 452 486 565 656 745 998
Compactness: 1254.817855
Weights: 273.000000 4189.000000 1201.000000
Center Node: 235

District 14
Nodes: 43 174 178 246 252 260 289 343 394 447 450 468 564 571 604 687 748 791 811 901 928
Compactness: 1268.642421
Weights: 228.000000 4408.000000 1203.000000
Center Node: 447

District 15
Nodes: 177 254 300 308 320 358 367 393 402 432 509 518 573 643 669 672 806 940 953 997
Compactness: 1238.429107
Weights: 228.000000 4275.000000 1168.000000
Center Node: 367

District 16
Nodes: 148 191 322 353 417 472 500 569 622 653 704 714 730 775 792 798 890 945 954 979 989
Compactness: 1520.889185
Weights: 270.000000 4229.000000 1070.000000
Center Node: 954

District 17
Nodes: 3 35 108 122 129 135 159 182 189 331 374 548 567 593 618 670 689 697 720 849 924
Compactness: 1492.630916
Weights: 256.000000 4388.000000 1174.000000
Center Node: 35

District 18
Nodes: 24 60 115 127 142 168 227 372 433 470 521 524 576 619 702 722 771 836 855 864 882
Compactness: 1641.429171
Weights: 246.000000 4338.000000 1186.000000
Center Node: 470

District 19
Nodes: 10 132 147 445 446 465 555 587 628 642 688 691 804 825 877 907 911 915 939 946
Compactness: 1077.999723
Weights: 274.000000 4149.000000 1107.000000
Center Node: 10

District 20
Nodes: 23 54 72 73 228 232 303 329 349 467 531 578 583 648 663 867 913 930 943 975
Compactness: 1281.381246
Weights: 237.000000 4226.000000 1105.000000
Center Node: 913

District 21
Nodes: 17 42 62 85 166 271 387 399 404 582 615 725 729 808 866 888 910 955 966
Compactness: 1192.641412
Weights: 254.000000 4016.000000 1210.000000
Center Node: 866

District 22
Nodes: 26 63 186 192 356 377 410 443 519 535 660 682 695 731 750 802 830 927 971
Compactness: 1209.957758
Weights: 197.000000 4451.000000 1079.000000
Center Node: 535

District 23
Nodes: 2 64 152 154 179 194 210 428 522 523 629 654 694 726 744 814 881 923
Compactness: 877.343893
Weights: 193.000000 4473.000000 1072.000000
Center Node: 694

District 24
Nodes: 14 55 90 234 333 339 340 491 494 549 650 676 678 732 845 853 871 984 990
Compactness: 1405.343275
Weights: 247.000000 4093.000000 1198.000000
Center Node: 549

District 25
Nodes: 48 78 183 249 323 373 376 397 413 479 487 512 526 530 592 634 713 862 994
Compactness: 1394.664510
Weights: 201.000000 4123.000000 1122.000000
Center Node: 373

District 26
Nodes: 4 18 45 92 116 120 156 211 312 335 362 388 423 488 625 728 832 841 893 900 921 922
Compactness: 1541.516954
Weights: 261.000000 4300.000000 1190.000000
Center Node: 900

District 27
Nodes: 8 113 117 121 141 204 221 334 384 420 438 469 542 561 631 647 708 766 790 818 978
Compactness: 1217.549283
Weights: 227.000000 4010.000000 1271.000000
Center Node: 790

District 28
Nodes: 28 138 207 285 318 354 369 370 401 430 442 466 484 496 502 554 598 652 834 840 843
Compactness: 927.482862
Weights: 250.000000 4044.000000 1192.000000
Center Node: 652

District 29
Nodes: 29 57 91 145 266 398 457 556 599 606 627 684 738 785 831 835 880 950 965
Compactness: 875.837447
Weights: 234.000000 4447.000000 1050.000000
Center Node: 880

District 30
Nodes: 40 79 94 169 188 348 366 453 520 545 590 591 595 638 701 742 763 772 833 887
Compactness: 1047.117315
Weights: 252.000000 4044.000000 1173.000000
Center Node: 94

District 31
Nodes: 58 223 238 261 310 317 415 478 517 594 624 673 753 762 764 784 786 809 868 872 987
Compactness: 1276.354505
Weights: 216.000000 4136.000000 1199.000000
Center Node: 517

District 32
Nodes: 123 251 332 395 424 449 510 516 527 534 568 623 651 677 693 776 783 865 884 891 918
Compactness: 1782.632741
Weights: 239.000000 4432.000000 1105.000000
Center Node: 568

District 33
Nodes: 9 102 106 143 270 326 357 412 419 572 577 658 737 756 819 839 873 909 937 968
Compactness: 1461.046855
Weights: 216.000000 4374.000000 1081.000000
Center Node: 572

District 34
Nodes: 37 46 149 198 201 218 257 277 341 459 504 505 596 600 617 665 681 710 716 816 892 942
Compactness: 1051.996401
Weights: 251.000000 4350.000000 1147.000000
Center Node: 505

District 35
Nodes: 0 86 97 175 256 272 288 309 321 355 437 507 603 662 686 709 815 844 959
Compactness: 1039.893262
Weights: 217.000000 4462.000000 1187.000000
Center Node: 815

District 36
Nodes: 70 89 144 216 233 279 290 375 441 463 493 641 698 705 780 823 827 846 856 885 916 983
Compactness: 1417.884320
Weights: 262.000000 4094.000000 1104.000000
Center Node: 698

District 37
Nodes: 6 7 16 34 130 161 172 297 396 474 476 528 550 552 585 679 751 821 859 860 925 933
Compactness: 1167.056532
Weights: 273.000000 4063.000000 1219.000000
Center Node: 396

District 38
Nodes: 100 165 237 273 294 298 414 418 483 563 779 797 812 842 904 906 980 996
Compactness: 1023.637820
Weights: 233.000000 4279.000000 1125.000000
Center Node: 779

District 39
Nodes: 21 25 47 80 110 125 133 197 213 217 245 464 664 675 768 777 796 878 914
Compactness: 1335.534920
Weights: 242.000000 4039.000000 1211.000000
Center Node: 80

District 40
Nodes: 19 96 199 219 239 240 276 489 515 562 574 579 588 607 685 717 774 848 858 886
Compactness: 1222.385620
Weights: 272.000000 4094.000000 1154.000000
Center Node: 607

District 41
Nodes: 5 157 214 248 293 352 589 612 733 754 767 782 801 810 908 969 970 993
Compactness: 1050.963422
Weights: 221.000000 4257.000000 1152.000000
Center Node: 969

District 42
Nodes: 36 50 68 181 250 259 269 305 311 382 391 499 514 525 661 765 773 788 807 869 870 896 903 961
Compactness: 1852.915928
Weights: 282.000000 4085.000000 1215.000000
Center Node: 525

District 43
Nodes: 38 105 119 171 316 319 351 368 406 458 508 540 559 586 601 620 719 781 794 929
Compactness: 1184.265109
Weights: 248.000000 4194.000000 1168.000000
Center Node: 719

District 44
Nodes: 1 30 67 69 93 230 281 359 422 498 553 633 636 667 711 724 813 926 938 949
Compactness: 1197.875466
Weights: 228.000000 4306.000000 1132.000000
Center Node: 813

District 45
Nodes: 32 49 52 158 231 243 301 306 325 336 361 371 392 405 456 506 621 646 666 747 838 935
Compactness: 1114.196568
Weights: 253.000000 4323.000000 1168.000000
Center Node: 371

District 46
Nodes: 88 99 139 150 206 236 390 454 462 471 497 503 536 630 712 778 919 973 976 981
Compactness: 1160.527658
Weights: 233.000000 4315.000000 1097.000000
Center Node: 536

District 47
Nodes: 13 74 98 107 134 220 267 291 299 363 455 481 485 551 560 610 616 671 740 898 934 957
Compactness: 1135.533576
Weights: 258.000000 4326.000000 1149.000000
Center Node: 107

District 48
Nodes: 44 95 128 155 253 315 327 431 533 547 611 632 644 645 721 822 875 894 895
Compactness: 1061.954927
Weights: 235.000000 4412.000000 1186.000000
Center Node: 95

District 49
Nodes: 27 83 131 226 255 435 451 473 477 511 699 799 817 826 851 852 874 902
Compactness: 900.254539
Weights: 215.000000 4300.000000 1146.000000
Center Node: 902

District 50
Nodes: 114 170 244 364 379 434 529 537 581 639 706 727 793 803 837 861 863 944 974 985
Compactness: 926.738029
Weights: 239.000000 4286.000000 1077.000000
Center Node: 537
