BalanceViolation 0.000000
AffinityLoss 1530.000000
Compactness 98768.013124
District 1
Nodes: 27 67 69 75 106 112 115 117 142 143 162 164 189 194 195 198 219 243 352 405 436 442 462 466 476 498 499 530 532 556 598 600 613 617 643 670 676 678 690 705 712 734 748 784 829 834 858 859 868 905 910 932 977 978 981 989
Compactness: 4730.647035
Weights: 656.000000 11135.000000 3087.000000
Center Node: 198

District 2
Nodes: 16 29 40 77 78 98 146 156 176 179 224 231 249 276 306 310 320 357 371 459 474 527 528 548 569 571 574 596 625 630 667 677 685 699 741 742 744 758 780 799 863 873 897 904 913 953 954 955
Compactness: 3844.549752
Weights: 540.000000 10349.000000 2925.000000
Center Node: 306

District 3
Nodes: 20 47 73 76 124 155 159 173 178 187 212 237 251 273 292 298 299 303 308 349 408 419 440 444 468 475 490 526 543 547 572 582 583 601 637 706 732 736 782 797 832 887 923 937
Compactness: 4500.783523
Weights: 540.000000 9520.000000 2651.000000
Center Node: 303

District 4
Nodes: 7 17 43 45 50 58 61 63 126 132 141 180 181 191 199 209 227 236 274 280 284 309 327 333 341 346 353 360 377 435 441 484 492 541 549 560 586 611 614 618 641 650 651 657 661 669 697 709 715 746 771 791 792 871 922 924 934 957 982 988
Compactness: 6710.316530
Weights: 650.000000 11445.000000 3209.000000
Center Node: 227

District 5
Nodes: 3 8 10 24 30 55 100 114 118 152 186 247 255 311 369 384 420 437 438 458 578 587 606 638 662 714 716 728 761 763 767 769 781 793 794 824 840 860 864 894 909 912 931 991 992
Compactness: 4859.926454
Weights: 567.000000 10339.000000 2690.000000
Center Node: 864

District 6
Nodes: 0 14 19 33 41 59 72 97 139 149 185 221 228 233 244 250 261 275 312 314 381 404 432 456 478 509 553 555 567 577 584 616 629 681 731 759 765 788 826 833 838 882 892 928 973 986 995
Compactness: 4256.370818
Weights: 589.000000 9454.000000 2985.000000
Center Node: 221

District 7
Nodes: 37 86 93 111 121 135 137 158 205 207 216 222 229 242 262 287 313 318 332 354 368 382 387 397 398 401 402 409 412 430 446 517 570 591 626 646 675 737 739 750 751 774 825 839 848 854 855 866 895 963
Compactness: 7448.394313
Weights: 607.000000 10263.000000 2949.000000
Center Node: 93

District 8
Nodes: 2 9 44 84 99 107 123 160 214 245 268 272 277 304 334 339 350 376 439 501 505 563 565 575 607 649 654 660 688 691 693 707 713 720 722 730 753 757 764 803 820 821 842 927 961 967 970
Compactness: 4255.725678
Weights: 585.000000 10576.000000 2658.000000
Center Node: 691

District 9
Nodes: 48 52 96 140 188 210 217 225 302 315 316 343 362 407 421 429 460 512 552 559 573 615 620 621 634 655 663 668 673 683 686 694 700 738 772 787 796 802 812 819 827 831 841 852 867 881 902 950 956 969 974 997
Compactness: 4315.840699
Weights: 545.000000 11193.000000 3217.000000
Center Node: 867

District 10
Nodes: 85 89 120 147 183 192 226 258 290 296 322 348 389 400 418 425 443 450 467 487 488 514 524 537 540 580 588 589 631 633 679 703 711 727 783 809 823 851 856 857 869 875 877 878 879 889 899 926 935 947 948 976 998
Compactness: 4700.218188
Weights: 612.000000 11423.000000 3113.000000
Center Node: 856

District 11
Nodes: 51 62 64 90 92 101 104 278 293 297 365 390 393 406 416 434 447 471 477 482 489 493 495 500 518 529 550 592 602 610 612 627 674 698 701 708 729 762 805 806 811 813 828 862 876 884 933 949
Compactness: 5066.893593
Weights: 576.000000 11179.000000 2668.000000
Center Node: 550

District 12
Nodes: 4 34 60 82 88 165 168 215 218 223 234 257 266 279 283 288 307 323 331 347 361 372 373 380 445 448 486 494 496 504 507 508 513 522 533 536 551 557 558 568 576 656 659 672 702 789 804 847 865 886 901 939
Compactness: 4948.167949
Weights: 619.000000 9896.000000 3172.000000
Center Node: 576

District 13
Nodes: 12 18 108 113 130 204 208 265 269 270 285 337 340 351 378 379 410 411 427 457 479 491 502 511 535 539 561 593 604 640 680 689 749 760 768 773 775 800 850 874 917 940 952 962 994
Compactness: 4249.523876
Weights: 541.000000 9809.000000 2806.000000
Center Node: 108

District 14
Nodes: 13 32 56 65 87 103 171 197 200 206 232 259 294 295 317 319 325 344 345 355 358 375 385 392 426 449 453 472 473 516 523 609 645 648 664 666 704 723 740 756 790 816 818 893 919 938 942 951 964
Compactness: 4451.825605
Weights: 637.000000 9828.000000 2715.000000
Center Node: 32

District 15
Nodes: 6 28 31 36 42 66 71 79 94 128 131 150 161 170 235 252 256 289 326 374 388 395 399 414 464 506 519 521 534 544 564 566 595 608 632 636 684 710 719 745 752 770 776 785 810 846 849 880 900 925 946 965 975 990
Compactness: 4973.694344
Weights: 640.000000 11502.000000 3209.000000
Center Node: 161

District 16
Nodes: 21 38 95 105 116 125 133 134 148 154 167 175 196 202 281 324 330 366 386 396 413 455 465 497 503 510 520 538 542 546 562 585 605 624 647 717 733 786 807 830 843 885 888 906 911 971 993
Compactness: 4464.247794
Weights: 582.000000 9878.000000 2904.000000
Center Node: 366

District 17
Nodes: 39 46 80 119 163 239 246 248 260 263 267 300 342 356 394 403 415 422 461 469 480 481 531 545 554 590 622 623 665 671 687 692 718 726 747 755 777 779 814 870 896 914 920 960 980 984
Compactness: 4370.844510
Weights: 639.000000 9538.000000 2676.000000
Center Node: 545

District 18
Nodes: 23 53 57 81 91 127 136 144 153 172 174 182 201 220 286 291 301 305 321 359 363 364 391 423 431 433 451 463 483 485 603 628 653 658 695 696 721 724 735 795 798 817 822 835 872 918 930 936 943 945 959 968 979 983 987 996
Compactness: 4900.775990
Weights: 613.000000 10584.000000 3210.000000
Center Node: 144

District 19
Nodes: 11 22 54 102 122 129 138 145 151 157 169 211 230 240 253 264 271 328 329 336 338 367 383 428 454 515 525 579 581 594 652 801 815 836 837 861 883 890 891 903 908 915 916 921 941 944 958
Compactness: 5515.966538
Weights: 610.000000 10199.000000 2675.000000
Center Node: 367

District 20
Nodes: 1 5 15 25 26 35 49 68 70 74 83 109 110 166 177 184 190 193 203 213 238 241 254 282 335 370 417 424 452 470 597 599 619 635 639 642 644 682 725 743 754 766 778 808 844 845 853 898 907 929 966 972 985 999
Compactness: 6203.299937
Weights: 587.000000 11425.000000 3123.000000
Center Node: 417
