BalanceViolation 312.085000
AffinityLoss 906.000000
Compactness 52247.759334
District 1
Nodes: 6 8 13 40 41 66 153 159 169 186 195 198 208 223 282 283 309 348 423 430 439 459 461 476 486 488
Compactness: 2895.321856
Weights: 313.000000 5354.000000 1505.000000
Center Node: 198

District 2
Nodes: 14 32 37 58 75 94 140 164 167 171 281 287 294 299 382 392 393 410 431 440 441 447 466 468 475 487
Compactness: 4250.782161
Weights: 313.000000 5103.000000 1484.000000
Center Node: 32

District 3
Nodes: 39 131 136 147 148 151 172 196 205 222 225 227 234 257 278 292 320 326 366 368 395 421 449 453 499
Compactness: 1805.254126
Weights: 361.000000 5542.000000 1362.000000
Center Node: 395

District 4
Nodes: 3 47 52 54 77 166 174 180 204 207 245 251 255 261 263 267 273 274 295 303 307 335 379 399 401 435 463
Compactness: 4272.492258
Weights: 305.000000 5415.000000 1531.000000
Center Node: 263

District 5
Nodes: 0 12 16 25 45 51 80 83 91 97 109 117 119 173 176 224 228 235 252 300 353 404 432 492 494
Compactness: 2107.341501
Weights: 305.000000 5375.000000 1529.000000
Center Node: 117

District 6
Nodes: 11 24 29 30 34 49 56 82 87 113 120 133 143 144 184 210 232 298 319 324 356 387 412 481
Compactness: 2743.500580
Weights: 263.000000 5505.000000 1420.000000
Center Node: 412

District 7
Nodes: 5 10 57 70 96 115 121 168 188 190 193 262 265 271 276 291 313 350 358 362 372 397 443 478 480
Compactness: 1865.869178
Weights: 334.000000 5303.000000 1537.000000
Center Node: 313

District 8
Nodes: 19 55 64 65 73 79 112 114 124 125 126 145 170 175 177 197 240 241 246 249 254 306 416 426 428 473 484
Compactness: 3480.675931
Weights: 320.000000 5137.000000 1549.000000
Center Node: 177

District 9
Nodes: 7 98 141 157 163 185 226 230 258 259 301 304 321 322 338 340 347 354 365 369 407 411 446 450 460
Compactness: 2282.887865
Weights: 288.000000 5512.000000 1321.000000
Center Node: 354

District 10
Nodes: 1 27 78 84 88 101 105 106 118 138 142 154 202 216 229 248 250 253 305 316 331 364 376 405 445 457
Compactness: 2113.105006
Weights: 280.000000 5349.000000 1485.000000
Center Node: 142

District 11
Nodes: 42 59 62 71 93 95 99 103 130 149 152 191 213 220 329 332 373 375 389 390 394 409 415 418 427 442
Compactness: 2923.526967
Weights: 294.000000 5041.000000 1559.000000
Center Node: 332

District 12
Nodes: 67 68 74 76 111 127 134 150 155 158 192 237 244 277 297 318 363 385 429 458 470 483 485
Compactness: 2443.837751
Weights: 321.000000 5168.000000 1415.000000
Center Node: 76

District 13
Nodes: 15 17 86 110 122 135 137 156 187 194 203 215 217 219 272 284 286 310 311 360 402 403 420 467 479
Compactness: 2490.718541
Weights: 297.000000 5373.000000 1545.000000
Center Node: 360

District 14
Nodes: 28 35 161 206 211 212 218 221 233 238 243 269 270 289 302 317 323 357 391 422 433 452 455 471 474 497
Compactness: 2974.121741
Weights: 332.000000 5323.000000 1379.000000
Center Node: 433

District 15
Nodes: 18 21 89 92 104 107 199 266 308 312 327 336 339 342 344 351 359 406 425 444 451 469 482 496
Compactness: 1925.149678
Weights: 315.000000 5285.000000 1423.000000
Center Node: 327

District 16
Nodes: 43 60 72 90 100 123 129 162 181 182 200 239 279 293 346 349 374 386 388 398 419 437 438 454 472 498
Compactness: 2453.795957
Weights: 334.000000 5019.000000 1427.000000
Center Node: 100

District 17
Nodes: 22 44 69 108 132 209 236 264 268 280 288 341 345 352 355 371 380 384 413 456 464 477 489 493
Compactness: 2462.784050
Weights: 301.000000 5061.000000 1529.000000
Center Node: 464

District 18
Nodes: 2 4 46 50 53 85 128 146 178 189 201 242 247 296 330 333 337 343 367 377 381 383 408 434 465 495
Compactness: 2499.995006
Weights: 291.000000 5178.000000 1527.000000
Center Node: 189

District 19
Nodes: 9 23 31 38 48 61 63 81 139 160 214 260 275 315 325 328 370 400 414 436 448 491
Compactness: 1999.273628
Weights: 291.000000 5559.000000 1424.000000
Center Node: 328

District 20
Nodes: 20 26 33 36 102 116 165 179 183 231 256 285 290 314 334 361 378 396 417 424 462 490
Compactness: 2257.325554
Weights: 274.000000 5116.000000 1563.000000
Center Node: 462
