BalanceViolation 198.184000
AffinityLoss 1869.000000
Compactness 61460.853498
District 1
Nodes: 148 248 293 317 407 417 500 569 637 653 704 714 754 767 792 798 801 890 954 979
Compactness: 1976.535313
Weights: 218.000000 4621.000000 1174.000000
Center Node: 569

District 2
Nodes: 15 36 50 68 82 229 250 391 436 482 499 525 640 661 690 765 807 870 896 903 961
Compactness: 1555.531031
Weights: 241.000000 3805.000000 1244.000000
Center Node: 903

District 3
Nodes: 43 174 178 245 246 252 260 343 394 447 450 564 571 604 687 748 791 811 901 928
Compactness: 967.514178
Weights: 207.000000 4085.000000 1162.000000
Center Node: 447

District 4
Nodes: 61 114 170 244 251 313 364 434 529 537 581 639 727 793 803 861 863 865 944 974 985
Compactness: 888.125003
Weights: 276.000000 4653.000000 1213.000000
Center Node: 537

District 5
Nodes: 44 95 128 155 173 327 426 431 533 547 632 644 645 721 822 873 875 894 895
Compactness: 1014.636898
Weights: 230.000000 4550.000000 1239.000000
Center Node: 128

District 6
Nodes: 22 112 193 225 264 288 309 321 344 360 378 448 544 580 686 709 844 986 991
Compactness: 1142.998758
Weights: 203.000000 4112.000000 1249.000000
Center Node: 264

District 7
Nodes: 26 63 192 218 257 356 377 410 443 519 535 617 660 682 716 731 802 816 830 971
Compactness: 1252.651186
Weights: 212.000000 4555.000000 1125.000000
Center Node: 830

District 8
Nodes: 28 138 141 207 285 318 351 354 369 370 442 458 484 496 502 539 554 559 598 652 843 923
Compactness: 1153.103515
Weights: 264.000000 3966.000000 1200.000000
Center Node: 354

District 9
Nodes: 31 59 65 96 136 162 202 276 286 468 489 579 607 717 741 805 876 886
Compactness: 999.601303
Weights: 212.000000 3786.000000 1047.000000
Center Node: 136

District 10
Nodes: 24 27 126 131 216 274 279 314 338 375 441 511 698 699 705 758 823 846 857 916 983
Compactness: 1121.120939
Weights: 273.000000 4138.000000 1035.000000
Center Node: 375

District 11
Nodes: 12 62 66 156 283 346 385 389 461 557 558 575 603 605 614 723 739 777 917 964 977
Compactness: 1261.406802
Weights: 254.000000 4429.000000 1104.000000
Center Node: 558

District 12
Nodes: 10 132 147 261 415 446 474 478 517 555 628 642 688 691 764 786 809 825 872 877 911
Compactness: 1392.643569
Weights: 252.000000 3788.000000 1252.000000
Center Node: 628

District 13
Nodes: 13 55 60 74 98 107 127 134 234 267 291 339 363 481 521 549 560 616 678 871 898
Compactness: 1158.708802
Weights: 247.000000 4582.000000 1097.000000
Center Node: 678

District 14
Nodes: 1 73 93 105 195 208 269 311 330 467 475 578 648 663 724 773 788 867 930 949 999
Compactness: 1197.159425
Weights: 242.000000 4563.000000 1064.000000
Center Node: 73

District 15
Nodes: 32 40 49 52 79 94 169 188 301 348 366 371 506 595 638 747 763 838 887 935
Compactness: 847.721324
Weights: 248.000000 3835.000000 1181.000000
Center Node: 79

District 16
Nodes: 100 118 237 273 294 298 449 483 527 613 797 842 883 891 906 927 948 980 996
Compactness: 1176.684526
Weights: 243.000000 4632.000000 1169.000000
Center Node: 298

District 17
Nodes: 3 35 108 122 129 135 159 331 374 548 567 618 670 689 697 720 849 924
Compactness: 1199.021381
Weights: 225.000000 3863.000000 1035.000000
Center Node: 35

District 18
Nodes: 115 142 168 380 413 470 487 576 619 668 702 718 722 752 771 836 856 864 882
Compactness: 1240.435450
Weights: 223.000000 4572.000000 1248.000000
Center Node: 722

District 19
Nodes: 39 42 160 256 299 387 399 455 582 615 662 700 707 729 740 888 934 955 960 966
Compactness: 1127.167282
Weights: 223.000000 3903.000000 1189.000000
Center Node: 740

District 20
Nodes: 64 177 300 308 358 393 402 432 522 523 573 654 669 715 744 795 806 837 881 953
Compactness: 1570.028979
Weights: 215.000000 4205.000000 1246.000000
Center Node: 669

District 21
Nodes: 16 58 161 238 297 310 337 476 528 550 552 594 609 624 673 713 762 859 868 889 907 933
Compactness: 1371.939208
Weights: 262.000000 4036.000000 1258.000000
Center Node: 238

District 22
Nodes: 45 116 145 151 187 240 284 312 488 515 538 584 599 745 749 761 824 829 922 947
Compactness: 1193.052073
Weights: 262.000000 4632.000000 1087.000000
Center Node: 947

District 23
Nodes: 104 146 150 163 176 200 282 287 296 390 400 411 608 635 659 696 734 778 919 956 962 972
Compactness: 2883.387902
Weights: 261.000000 4637.000000 1100.000000
Center Node: 778

District 24
Nodes: 9 137 140 270 357 408 427 439 513 577 735 737 756 787 820 834 839 840 899 909
Compactness: 1114.538717
Weights: 230.000000 4670.000000 1064.000000
Center Node: 577

District 25
Nodes: 41 111 165 186 262 290 304 324 350 383 463 492 563 626 743 757 769 776 780 812 847 879 912
Compactness: 1091.429250
Weights: 260.000000 4666.000000 1254.000000
Center Node: 757

District 26
Nodes: 88 99 191 222 236 341 347 421 429 440 480 541 543 622 730 775 932 942 988
Compactness: 1639.326812
Weights: 276.000000 4467.000000 1005.000000
Center Node: 429

District 27
Nodes: 8 121 171 181 259 305 316 319 382 384 406 508 514 561 708 781 790 794 869 978
Compactness: 1305.466423
Weights: 219.000000 3907.000000 1069.000000
Center Node: 8

District 28
Nodes: 20 76 123 154 194 210 254 320 367 509 510 516 518 532 534 643 672 918 940 941 997
Compactness: 1108.891072
Weights: 257.000000 4599.000000 1106.000000
Center Node: 672

District 29
Nodes: 53 102 106 109 326 412 419 460 572 658 674 680 683 770 785 819 831 937 968
Compactness: 1184.992088
Weights: 219.000000 3814.000000 1055.000000
Center Node: 102

District 30
Nodes: 54 164 184 228 247 275 303 425 490 531 657 789 913 931 936 975 995
Compactness: 849.123983
Weights: 218.000000 3963.000000 1075.000000
Center Node: 490

District 31
Nodes: 14 226 253 315 433 435 451 473 477 491 494 676 799 817 851 852 853 855 874 984
Compactness: 1234.246651
Weights: 251.000000 4478.000000 1211.000000
Center Node: 874

District 32
Nodes: 17 87 90 120 271 333 340 388 404 486 565 625 650 728 732 845 866 910 990
Compactness: 1045.025386
Weights: 255.000000 4000.000000 1214.000000
Center Node: 845

District 33
Nodes: 6 7 84 97 172 396 445 465 585 587 679 751 804 850 860 915 925 939 946 963
Compactness: 1191.266975
Weights: 260.000000 4158.000000 1229.000000
Center Node: 925

District 34
Nodes: 0 85 86 166 175 272 355 437 453 507 520 545 591 701 725 772 808 815 833 959
Compactness: 1019.191548
Weights: 230.000000 4143.000000 1051.000000
Center Node: 959

District 35
Nodes: 29 30 57 91 230 263 266 398 422 457 556 566 606 627 684 738 800 835 880 926 950 965
Compactness: 1131.732044
Weights: 256.000000 4483.000000 1141.000000
Center Node: 91

District 36
Nodes: 21 25 80 110 182 212 231 325 336 392 405 464 593 675 768 796 878 914
Compactness: 927.942684
Weights: 216.000000 3930.000000 1052.000000
Center Node: 325

District 37
Nodes: 2 33 83 124 152 179 241 242 255 265 365 381 428 629 694 726 814 826 902
Compactness: 1485.707223
Weights: 226.000000 4564.000000 1163.000000
Center Node: 381

District 38
Nodes: 23 67 69 72 232 281 329 349 359 498 553 583 633 636 667 711 813 938 943
Compactness: 903.981202
Weights: 225.000000 3862.000000 1230.000000
Center Node: 281

District 39
Nodes: 48 77 78 183 224 227 249 323 345 353 372 373 376 479 524 526 592 602 634 655 905
Compactness: 2026.908488
Weights: 263.000000 4336.000000 1149.000000
Center Node: 524

District 40
Nodes: 5 157 214 223 352 589 612 733 753 782 784 810 862 908 945 969 970 987 993
Compactness: 1436.809868
Weights: 256.000000 4340.000000 1056.000000
Center Node: 969

District 41
Nodes: 203 332 379 395 414 418 424 501 568 623 651 677 693 706 779 783 884 904
Compactness: 952.442403
Weights: 205.000000 4567.000000 1017.000000
Center Node: 332

District 42
Nodes: 11 56 113 117 204 221 328 334 420 438 469 542 631 647 766 818 920 952 992
Compactness: 1079.961209
Weights: 229.000000 3990.000000 1240.000000
Center Node: 766

District 43
Nodes: 38 75 119 180 268 295 368 401 409 430 466 540 546 586 601 620 719 760 929
Compactness: 808.907711
Weights: 245.000000 4091.000000 1081.000000
Center Node: 601

District 44
Nodes: 18 19 189 190 199 211 219 239 292 362 423 562 574 588 685 774 841 848 858 893
Compactness: 1304.653893
Weights: 255.000000 3839.000000 1203.000000
Center Node: 199

District 45
Nodes: 37 46 70 89 144 149 198 201 233 277 459 493 504 505 596 600 641 665 681 695 710 750 827 885 892
Compactness: 1427.848698
Weights: 262.000000 4497.000000 1201.000000
Center Node: 198

District 46
Nodes: 51 139 206 322 342 397 454 462 471 472 497 503 512 530 536 630 712 746 973 976 981 989 994
Compactness: 1281.681070
Weights: 258.000000 4530.000000 1249.000000
Center Node: 206

District 47
Nodes: 4 92 101 143 185 215 235 258 280 302 307 335 416 452 611 656 832 900 921 998
Compactness: 1262.385326
Weights: 267.000000 3889.000000 1188.000000
Center Node: 215

District 48
Nodes: 47 125 133 158 197 213 217 243 289 306 361 456 590 621 646 664 666 742
Compactness: 952.481873
Weights: 229.000000 3923.000000 1032.000000
Center Node: 306

District 49
Nodes: 103 153 167 205 444 570 597 649 692 703 736 755 828 897 951 958 967 982
Compactness: 990.110889
Weights: 216.000000 4037.000000 1127.000000
Center Node: 755

District 50
Nodes: 34 71 81 130 196 209 220 278 386 403 485 495 551 610 671 759 821 854 957
Compactness: 1012.625165
Weights: 229.000000 4413.000000 1034.000000
Center Node: 495
