BalanceViolation 493.038000
AffinityLoss 951.000000
Compactness 32365.994336
District 1
Nodes: 33 36 116 185 218 254 260 308 394 430
Compactness: 576.198365
Weights: 108.000000 2236.000000 621.000000
Center Node: 394

District 2
Nodes: 77 79 114 146 213 366 428 465 485
Compactness: 394.079465
Weights: 118.000000 2174.000000 594.000000
Center Node: 146

District 3
Nodes: 29 86 151 162 163 165 354 377 421 449 478
Compactness: 675.208191
Weights: 140.000000 1955.000000 637.000000
Center Node: 421

District 4
Nodes: 41 142 150 268 285 349 469 476 482
Compactness: 2620.153746
Weights: 104.000000 1936.000000 516.000000
Center Node: 285

District 5
Nodes: 105 134 157 216 351 373 420 446 479 491
Compactness: 811.188970
Weights: 128.000000 2174.000000 542.000000
Center Node: 134

District 6
Nodes: 0 4 13 52 78 111 388 425 438 495
Compactness: 762.112515
Weights: 117.000000 2312.000000 454.000000
Center Node: 388

District 7
Nodes: 42 166 171 172 199 211 236 237 251 286 450
Compactness: 1083.829070
Weights: 142.000000 2025.000000 596.000000
Center Node: 42

District 8
Nodes: 63 68 108 207 250 253 266 281 381 424
Compactness: 1004.192704
Weights: 124.000000 2344.000000 552.000000
Center Node: 424

District 9
Nodes: 7 31 110 141 193 432 434 467 493 494
Compactness: 483.027848
Weights: 124.000000 2236.000000 549.000000
Center Node: 494

District 10
Nodes: 26 143 233 242 272 313 350 408 448 483
Compactness: 581.529545
Weights: 122.000000 2334.000000 587.000000
Center Node: 242

District 11
Nodes: 3 71 147 178 224 248 258 279 346 371
Compactness: 652.206519
Weights: 124.000000 2282.000000 604.000000
Center Node: 371

District 12
Nodes: 18 32 160 168 182 228 240 270 330 339 447 481
Compactness: 720.819099
Weights: 126.000000 2212.000000 532.000000
Center Node: 160

District 13
Nodes: 1 37 40 85 89 106 219 221 310 327
Compactness: 463.397707
Weights: 139.000000 2023.000000 644.000000
Center Node: 219

District 14
Nodes: 38 50 53 57 214 249 261 291 375 383 392 399
Compactness: 568.501000
Weights: 136.000000 1964.000000 657.000000
Center Node: 249

District 15
Nodes: 2 15 88 186 234 273 429 458 474 498
Compactness: 494.626899
Weights: 127.000000 2267.000000 482.000000
Center Node: 429

District 16
Nodes: 21 35 76 169 192 200 205 225 391 472
Compactness: 816.157791
Weights: 126.000000 2331.000000 579.000000
Center Node: 391

District 17
Nodes: 11 44 128 238 329 340 368 443 464 490
Compactness: 404.999394
Weights: 125.000000 2298.000000 566.000000
Center Node: 128

District 18
Nodes: 23 83 99 387 404 405 440 456 460 468
Compactness: 732.091361
Weights: 136.000000 2121.000000 587.000000
Center Node: 404

District 19
Nodes: 8 46 100 175 194 255 269 367 407 427 457 470
Compactness: 994.835957
Weights: 132.000000 2343.000000 614.000000
Center Node: 407

District 20
Nodes: 30 67 122 206 316 365 380 386 389 396 471
Compactness: 649.517885
Weights: 132.000000 2104.000000 570.000000
Center Node: 471

District 21
Nodes: 64 74 84 144 155 191 303 395 475 484
Compactness: 943.753234
Weights: 129.000000 2260.000000 554.000000
Center Node: 64

District 22
Nodes: 117 137 159 180 222 297 324 333 454
Compactness: 415.119083
Weights: 89.000000 1926.000000 690.000000
Center Node: 333

District 23
Nodes: 9 20 75 118 129 275 358 439 453 496
Compactness: 381.041338
Weights: 117.000000 1964.000000 529.000000
Center Node: 439

District 24
Nodes: 14 90 96 245 343 398 400 423 486
Compactness: 493.731414
Weights: 109.000000 2259.000000 543.000000
Center Node: 90

District 25
Nodes: 6 127 135 148 154 209 210 212 290 321 412 462
Compactness: 680.835504
Weights: 148.000000 2220.000000 536.000000
Center Node: 412

District 26
Nodes: 62 101 188 263 289 315 319 338 369 403
Compactness: 635.543647
Weights: 136.000000 2262.000000 559.000000
Center Node: 319

District 27
Nodes: 177 220 235 259 280 305 317 372 379 477
Compactness: 1145.051718
Weights: 133.000000 1933.000000 658.000000
Center Node: 317

District 28
Nodes: 5 10 48 94 153 230 252 306 348
Compactness: 612.729538
Weights: 108.000000 2242.000000 542.000000
Center Node: 252

District 29
Nodes: 70 257 274 284 292 295 307 378 409 414
Compactness: 559.177141
Weights: 132.000000 1954.000000 522.000000
Center Node: 307

District 30
Nodes: 103 119 136 158 217 300 301 360 417 418
Compactness: 412.217354
Weights: 108.000000 2290.000000 552.000000
Center Node: 360

District 31
Nodes: 173 189 282 326 336 355 370 390 410 480
Compactness: 314.164328
Weights: 92.000000 2021.000000 619.000000
Center Node: 173

District 32
Nodes: 102 181 198 229 244 267 276 320 444
Compactness: 387.724024
Weights: 99.000000 2159.000000 556.000000
Center Node: 229

District 33
Nodes: 34 120 130 132 204 232 287 413 466
Compactness: 518.570081
Weights: 146.000000 1960.000000 515.000000
Center Node: 204

District 34
Nodes: 97 104 109 139 227 311 314 328 384
Compactness: 457.956048
Weights: 105.000000 2147.000000 633.000000
Center Node: 97

District 35
Nodes: 61 73 82 125 243 264 345 352 435 436
Compactness: 538.066878
Weights: 151.000000 2342.000000 566.000000
Center Node: 352

District 36
Nodes: 121 124 126 215 278 323 357 382 385 461
Compactness: 374.473147
Weights: 142.000000 1978.000000 594.000000
Center Node: 126

District 37
Nodes: 69 140 170 179 203 356 362 419 445
Compactness: 651.887394
Weights: 114.000000 2298.000000 507.000000
Center Node: 362

District 38
Nodes: 131 152 156 174 201 239 293 341 361 401 431 497
Compactness: 588.418148
Weights: 155.000000 2052.000000 623.000000
Center Node: 131

District 39
Nodes: 25 80 95 123 190 208 325 359 406 426
Compactness: 564.018050
Weights: 138.000000 2289.000000 550.000000
Center Node: 80

District 40
Nodes: 58 138 256 265 299 335 422 451 489
Compactness: 502.333261
Weights: 130.000000 1967.000000 627.000000
Center Node: 335

District 41
Nodes: 47 56 72 133 184 271 302 334 363
Compactness: 477.219919
Weights: 100.000000 2244.000000 554.000000
Center Node: 271

District 42
Nodes: 22 24 28 202 231 294 331 376 452 455 473
Compactness: 612.622777
Weights: 133.000000 2128.000000 594.000000
Center Node: 455

District 43
Nodes: 16 27 43 98 183 197 277 322 393 416
Compactness: 591.702278
Weights: 115.000000 1964.000000 695.000000
Center Node: 197

District 44
Nodes: 45 60 81 91 161 312 364 397 411 499
Compactness: 513.218137
Weights: 138.000000 2057.000000 526.000000
Center Node: 60

District 45
Nodes: 19 59 112 164 196 226 304 318 337 442
Compactness: 799.796681
Weights: 115.000000 2132.000000 622.000000
Center Node: 164

District 46
Nodes: 92 107 167 187 195 223 309 437 463 492
Compactness: 730.779268
Weights: 96.000000 2167.000000 629.000000
Center Node: 167

District 47
Nodes: 12 51 54 65 115 246 332 374 433
Compactness: 431.985429
Weights: 121.000000 2016.000000 547.000000
Center Node: 65

District 48
Nodes: 39 113 247 344 353 402 415 459 487
Compactness: 693.687769
Weights: 118.000000 2016.000000 539.000000
Center Node: 247

District 49
Nodes: 17 49 55 66 87 262 283 288 347 441 488
Compactness: 488.515929
Weights: 131.000000 2341.000000 617.000000
Center Node: 262

District 50
Nodes: 93 145 149 176 241 296 298 342
Compactness: 360.980787
Weights: 116.000000 1982.000000 512.000000
Center Node: 342
