BalanceViolation 841.464000
AffinityLoss 1956.000000
Compactness 63255.751238
District 1
Nodes: 3 39 96 108 176 193 201 423 429 432 434 445 486 595 626 786 797 875 879 915 936
Compactness: 973.027910
Weights: 217.000000 4169.000000 1249.000000
Center Node: 797

District 2
Nodes: 7 31 79 102 103 137 197 231 240 337 349 416 457 524 566 635 655 673 908 932 935 971
Compactness: 2488.024273
Weights: 282.000000 4190.000000 1245.000000
Center Node: 932

District 3
Nodes: 30 53 68 88 135 269 277 323 379 427 439 534 550 554 604 718 764 791 817 820
Compactness: 1030.994774
Weights: 292.000000 4335.000000 1125.000000
Center Node: 379

District 4
Nodes: 33 155 168 188 208 214 215 219 350 440 452 488 541 568 660 708 747 853 919 976 979 984
Compactness: 1591.579678
Weights: 237.000000 4421.000000 1099.000000
Center Node: 214

District 5
Nodes: 11 13 67 82 95 115 144 221 330 419 582 616 639 691 711 756 832 836 964 968
Compactness: 1095.723744
Weights: 254.000000 4322.000000 1219.000000
Center Node: 964

District 6
Nodes: 12 25 92 260 334 361 376 460 494 529 622 672 740 788 795 805 867 887 973
Compactness: 1035.776025
Weights: 240.000000 4144.000000 1257.000000
Center Node: 334

District 7
Nodes: 1 6 111 191 195 227 235 338 354 402 407 480 654 710 760 771 779 815 980
Compactness: 880.144636
Weights: 231.000000 4433.000000 1169.000000
Center Node: 195

District 8
Nodes: 38 62 65 86 149 299 317 326 378 394 397 408 413 431 444 533 556 594 681 724 870 951
Compactness: 2580.545787
Weights: 266.000000 3965.000000 1234.000000
Center Node: 724

District 9
Nodes: 2 21 54 112 141 257 270 307 372 455 474 476 535 590 609 677 755 806 807 838
Compactness: 1127.747121
Weights: 239.000000 4392.000000 1253.000000
Center Node: 21

District 10
Nodes: 15 64 122 321 325 351 405 489 517 571 579 633 669 765 809 839 889 912 933 934 948
Compactness: 1135.221255
Weights: 272.000000 4036.000000 1330.000000
Center Node: 633

District 11
Nodes: 16 58 114 129 175 187 262 294 314 483 531 573 606 613 614 704 772 914 975
Compactness: 918.961043
Weights: 240.000000 4418.000000 1169.000000
Center Node: 573

District 12
Nodes: 136 169 209 298 447 458 500 559 598 615 735 800 827 859 866 878 911 920 922 944
Compactness: 1301.846665
Weights: 233.000000 4395.000000 1176.000000
Center Node: 827

District 13
Nodes: 14 61 89 250 356 404 412 418 453 481 572 586 693 698 778 897 923 930 960 990
Compactness: 792.480242
Weights: 243.000000 4011.000000 1211.000000
Center Node: 250

District 14
Nodes: 8 77 185 223 238 255 344 433 508 513 596 597 625 697 732 767 865 880 925 983
Compactness: 1306.633718
Weights: 245.000000 3984.000000 1226.000000
Center Node: 732

District 15
Nodes: 69 178 196 281 311 343 420 462 512 570 602 643 653 728 826 843 938
Compactness: 1032.916323
Weights: 219.000000 4069.000000 1234.000000
Center Node: 728

District 16
Nodes: 44 46 50 145 146 173 303 346 403 503 519 731 744 752 789 792 813 842 892 949
Compactness: 1098.317308
Weights: 239.000000 4178.000000 1226.000000
Center Node: 146

District 17
Nodes: 4 28 55 84 316 352 437 438 449 498 600 618 623 668 674 690 695 733 810 828 864 884 947 963
Compactness: 1622.114997
Weights: 246.000000 4123.000000 1228.000000
Center Node: 449

District 18
Nodes: 83 94 104 118 151 163 165 170 205 292 331 415 450 478 520 548 549 599 611 712 717 869 991
Compactness: 1277.393789
Weights: 251.000000 4121.000000 1144.000000
Center Node: 869

District 19
Nodes: 70 124 218 329 374 426 469 491 562 581 638 642 709 713 742 754 763 776 831 952
Compactness: 742.120746
Weights: 242.000000 4407.000000 1174.000000
Center Node: 562

District 20
Nodes: 75 130 266 286 287 290 305 355 359 422 454 468 510 608 721 774 785 861 872
Compactness: 890.015112
Weights: 282.000000 4296.000000 1155.000000
Center Node: 774

District 21
Nodes: 120 142 157 315 395 473 506 509 591 629 650 656 794 818 871 890 924 940 950 957
Compactness: 1715.882979
Weights: 225.000000 4122.000000 1234.000000
Center Node: 591

District 22
Nodes: 131 251 254 289 442 465 497 515 628 640 644 647 661 725 727 761 781 814 833 841 852
Compactness: 1144.642018
Weights: 255.000000 4300.000000 1096.000000
Center Node: 131

District 23
Nodes: 45 87 139 160 164 167 263 322 348 367 396 446 499 523 584 621 685 686 953 969
Compactness: 1138.558888
Weights: 239.000000 3995.000000 1280.000000
Center Node: 621

District 24
Nodes: 85 154 183 184 192 409 430 435 466 522 610 636 730 769 862 899 903 939 942
Compactness: 916.332752
Weights: 283.000000 4435.000000 1096.000000
Center Node: 939

District 25
Nodes: 63 110 132 166 186 217 272 324 353 410 424 467 518 552 574 585 670 692 857 885 927
Compactness: 1339.625901
Weights: 256.000000 4122.000000 1234.000000
Center Node: 518

District 26
Nodes: 5 24 134 147 156 213 318 340 490 530 592 652 680 855 881 901 904 917 928
Compactness: 1420.181605
Weights: 222.000000 4325.000000 1189.000000
Center Node: 592

District 27
Nodes: 27 59 133 172 181 210 252 342 347 399 495 580 589 671 759 808 858 895 926 937
Compactness: 1229.614348
Weights: 236.000000 4012.000000 1310.000000
Center Node: 210

District 28
Nodes: 43 60 91 99 220 229 276 297 371 436 482 537 547 688 705 746 750 840 972 999
Compactness: 1630.139242
Weights: 244.000000 4410.000000 1232.000000
Center Node: 43

District 29
Nodes: 10 80 140 189 259 264 267 358 456 544 553 588 631 714 715 720 854 921 974 978 996
Compactness: 1632.061281
Weights: 275.000000 4061.000000 1155.000000
Center Node: 259

District 30
Nodes: 52 148 161 225 278 293 295 313 532 540 564 575 577 583 617 737 796 802 830 844 961 977
Compactness: 1267.074853
Weights: 252.000000 4025.000000 1161.000000
Center Node: 844

District 31
Nodes: 0 37 49 93 97 301 306 308 310 386 475 501 563 620 734 751 849 905 929 988
Compactness: 870.891416
Weights: 244.000000 4095.000000 1194.000000
Center Node: 49

District 32
Nodes: 42 126 304 320 339 511 536 569 684 748 753 775 804 824 850 902 955 962 987
Compactness: 1121.370089
Weights: 260.000000 4362.000000 1131.000000
Center Node: 955

District 33
Nodes: 22 32 56 109 128 138 200 228 244 253 261 302 375 389 398 421 443 627 766 883 898
Compactness: 1311.182299
Weights: 254.000000 4420.000000 1196.000000
Center Node: 398

District 34
Nodes: 19 158 179 202 222 226 271 341 357 384 387 459 528 555 593 716 801 816 891
Compactness: 1138.676875
Weights: 233.000000 4439.000000 1027.000000
Center Node: 593

District 35
Nodes: 40 74 81 117 121 194 245 249 364 377 502 538 645 722 773 798 860 916 954
Compactness: 1359.872986
Weights: 235.000000 4261.000000 1227.000000
Center Node: 645

District 36
Nodes: 41 76 78 101 204 216 279 288 291 327 648 701 706 739 790 847 863 873 882 945
Compactness: 909.520102
Weights: 233.000000 4124.000000 1244.000000
Center Node: 706

District 37
Nodes: 66 284 332 362 382 425 472 477 487 565 619 667 689 743 782 829 888 909 941 967
Compactness: 985.401888
Weights: 235.000000 4067.000000 1197.000000
Center Node: 667

District 38
Nodes: 51 152 198 265 300 380 493 542 558 560 624 651 676 679 803 851 868 893 966 995
Compactness: 1394.685495
Weights: 233.000000 4300.000000 1201.000000
Center Node: 851

District 39
Nodes: 159 174 232 233 241 373 385 390 471 526 632 664 675 699 707 723 846 896 943 986
Compactness: 1200.733923
Weights: 248.000000 4118.000000 1164.000000
Center Node: 390

District 40
Nodes: 26 71 127 153 177 246 275 282 370 392 464 551 659 696 768 783 799 845 856 956 985
Compactness: 1938.776381
Weights: 273.000000 3995.000000 1217.000000
Center Node: 392

District 41
Nodes: 36 98 107 242 296 366 381 400 428 545 662 663 687 700 729 770 784 835
Compactness: 806.365423
Weights: 200.000000 4169.000000 1232.000000
Center Node: 662

District 42
Nodes: 23 73 162 230 336 383 388 492 496 543 546 777 793 823 848 886 931 989 992 993
Compactness: 1223.507939
Weights: 235.000000 4164.000000 1174.000000
Center Node: 848

District 43
Nodes: 20 90 100 125 211 224 363 369 401 411 539 601 634 666 726 811 837 965 997
Compactness: 1058.349845
Weights: 201.000000 4386.000000 1117.000000
Center Node: 224

District 44
Nodes: 17 18 57 116 123 243 280 319 414 461 514 521 561 607 682 821 874 894 994
Compactness: 1167.308124
Weights: 255.000000 4276.000000 1136.000000
Center Node: 521

District 45
Nodes: 9 143 207 345 441 505 527 567 630 719 738 745 812 819 834 877 918 958 982
Compactness: 1311.078311
Weights: 249.000000 4199.000000 1186.000000
Center Node: 738

District 46
Nodes: 47 199 256 273 283 328 360 368 463 649 657 665 678 702 757 780 822 876 913
Compactness: 905.662418
Weights: 214.000000 4389.000000 1172.000000
Center Node: 757

District 47
Nodes: 171 180 239 248 274 333 335 393 470 484 557 578 587 612 658 736 749 758 762 946
Compactness: 1981.358738
Weights: 233.000000 4423.000000 1224.000000
Center Node: 762

District 48
Nodes: 34 35 48 105 119 203 212 237 365 451 479 525 641 646 741 825 910 959
Compactness: 1434.073598
Weights: 250.000000 4044.000000 1143.000000
Center Node: 451

District 49
Nodes: 29 113 150 182 190 206 234 247 285 312 406 448 576 637 683 694 787 900 907 970
Compactness: 1321.285620
Weights: 228.000000 4153.000000 1244.000000
Center Node: 576

District 50
Nodes: 72 106 236 258 268 309 391 417 485 504 507 516 603 605 703 906 981 998
Compactness: 1459.950756
Weights: 236.000000 4443.000000 1148.000000
Center Node: 507
