BalanceViolation 567.691000
AffinityLoss 1872.000000
Compactness 71763.443396
District 1
Nodes: 18 90 101 158 172 343 353 380 388 465 518 553 608 634 648 719 758 848 879 901
Compactness: 1094.643698
Weights: 236.000000 4194.000000 1122.000000
Center Node: 90

District 2
Nodes: 28 103 115 118 128 143 150 170 183 217 277 311 519 547 646 797 826 905 926 935 997
Compactness: 995.270875
Weights: 230.000000 4194.000000 1187.000000
Center Node: 997

District 3
Nodes: 13 95 122 168 264 294 336 355 423 467 468 513 610 637 660 794 832 836 863 865
Compactness: 1299.632371
Weights: 237.000000 4085.000000 1074.000000
Center Node: 95

District 4
Nodes: 48 61 133 255 360 368 447 486 538 557 560 575 603 655 661 684 698 743 744 787 936
Compactness: 1497.216583
Weights: 254.000000 4277.000000 1066.000000
Center Node: 936

District 5
Nodes: 104 308 339 341 347 412 532 583 597 600 645 658 716 765 840 913 958 999
Compactness: 1167.164458
Weights: 206.000000 4314.000000 1078.000000
Center Node: 532

District 6
Nodes: 125 179 245 283 319 358 414 472 485 531 541 544 556 621 816 853 856 860 904 973 976
Compactness: 1466.513510
Weights: 245.000000 4426.000000 1029.000000
Center Node: 531

District 7
Nodes: 17 81 151 161 252 265 363 365 392 466 554 601 604 725 772 786 814 823 825 906 970 989
Compactness: 1456.407272
Weights: 245.000000 4254.000000 1119.000000
Center Node: 265

District 8
Nodes: 96 97 107 138 198 223 271 305 410 473 496 501 636 639 680 708 712 755 764 978 996
Compactness: 1880.233620
Weights: 265.000000 4014.000000 1284.000000
Center Node: 96

District 9
Nodes: 5 31 54 108 194 203 273 275 299 416 448 475 495 540 695 711 778 873 912 918 921
Compactness: 1949.464251
Weights: 257.000000 4127.000000 1183.000000
Center Node: 540

District 10
Nodes: 0 51 84 181 214 230 334 397 471 609 623 630 644 812 835 889 900 910 981 988
Compactness: 1106.539954
Weights: 240.000000 4376.000000 1148.000000
Center Node: 397

District 11
Nodes: 129 162 191 241 431 480 508 549 563 587 590 605 611 619 674 733 734 759 760 798 831 897
Compactness: 1478.360432
Weights: 235.000000 4381.000000 1176.000000
Center Node: 760

District 12
Nodes: 3 11 33 62 92 131 182 227 235 246 285 344 350 370 371 528 586 638 775
Compactness: 1463.895076
Weights: 241.000000 4239.000000 1081.000000
Center Node: 131

District 13
Nodes: 16 26 32 49 63 94 110 260 284 340 385 405 441 484 543 727 745 800 850 880 914
Compactness: 1534.240415
Weights: 296.000000 4033.000000 1108.000000
Center Node: 745

District 14
Nodes: 1 30 76 160 166 212 251 337 387 461 478 499 506 572 573 602 720 795 867 878
Compactness: 1223.560599
Weights: 246.000000 4058.000000 1181.000000
Center Node: 251

District 15
Nodes: 36 70 85 130 221 228 290 292 400 438 570 598 633 757 883 894 908 924 929 980 987
Compactness: 1102.776437
Weights: 286.000000 4418.000000 1064.000000
Center Node: 70

District 16
Nodes: 52 68 216 239 267 306 318 427 490 493 585 631 671 696 767 824 870 920
Compactness: 1052.059340
Weights: 184.000000 4307.000000 1172.000000
Center Node: 631

District 17
Nodes: 146 156 174 209 219 257 262 315 325 422 424 555 606 681 703 737 754 785 807
Compactness: 1018.826226
Weights: 241.000000 4161.000000 1173.000000
Center Node: 606

District 18
Nodes: 72 82 139 159 169 213 231 327 420 445 483 624 678 709 753 769 808 877 909 964 968
Compactness: 1201.173790
Weights: 249.000000 4178.000000 1163.000000
Center Node: 231

District 19
Nodes: 77 142 199 207 286 331 393 430 451 453 559 569 663 687 749 791 818 948 952 991
Compactness: 1236.288231
Weights: 252.000000 4092.000000 1134.000000
Center Node: 199

District 20
Nodes: 20 35 124 141 177 390 406 418 571 643 656 666 702 735 869 882 895 969 995
Compactness: 939.755392
Weights: 251.000000 4258.000000 1067.000000
Center Node: 418

District 21
Nodes: 9 64 106 215 249 297 301 316 317 481 525 617 792 838 881 911 919 949 956 982 998
Compactness: 1920.292893
Weights: 256.000000 4130.000000 1069.000000
Center Node: 919

District 22
Nodes: 10 41 102 147 193 211 403 415 469 474 479 487 627 747 788 821 885 951 975
Compactness: 2069.266534
Weights: 208.000000 4433.000000 1088.000000
Center Node: 951

District 23
Nodes: 25 310 323 356 369 382 409 463 477 500 521 599 626 632 642 689 810 842 917 962
Compactness: 1387.601760
Weights: 225.000000 4342.000000 1113.000000
Center Node: 25

District 24
Nodes: 45 116 135 180 188 395 421 442 449 552 613 629 657 682 704 717 811 928 942
Compactness: 1196.737539
Weights: 199.000000 4135.000000 1193.000000
Center Node: 421

District 25
Nodes: 14 80 127 173 226 276 342 419 426 429 444 545 679 721 741 768 927 931 971
Compactness: 1212.892195
Weights: 253.000000 4019.000000 1087.000000
Center Node: 931

District 26
Nodes: 42 109 137 254 288 300 375 377 386 399 550 582 593 750 793 822 833 854 884 963
Compactness: 1160.555941
Weights: 242.000000 4033.000000 1181.000000
Center Node: 854

District 27
Nodes: 59 60 86 266 362 367 372 378 417 425 439 665 683 713 728 817 864 937 954
Compactness: 1305.735389
Weights: 244.000000 4144.000000 1095.000000
Center Node: 60

District 28
Nodes: 22 24 88 120 225 434 462 464 502 510 526 529 576 592 732 762 796 837 851 966
Compactness: 1279.035508
Weights: 245.000000 4359.000000 1109.000000
Center Node: 88

District 29
Nodes: 47 148 197 238 242 278 289 376 511 536 542 567 690 692 875 903 938 960
Compactness: 993.250498
Weights: 236.000000 4139.000000 1125.000000
Center Node: 690

District 30
Nodes: 19 50 74 132 165 204 210 272 282 345 450 512 537 691 715 751 790 830 932
Compactness: 2516.099963
Weights: 248.000000 4419.000000 1152.000000
Center Node: 272

District 31
Nodes: 12 37 56 113 140 144 206 296 313 332 503 650 669 670 705 724 739 859 939 977
Compactness: 865.191613
Weights: 259.000000 4350.000000 1054.000000
Center Node: 56

District 32
Nodes: 71 83 91 105 123 185 187 229 261 314 329 335 379 491 504 591 801 843 907 945 967
Compactness: 2514.855575
Weights: 252.000000 4088.000000 1074.000000
Center Node: 591

District 33
Nodes: 15 78 93 184 303 321 523 524 566 574 615 616 718 736 738 925 933 941 974
Compactness: 1061.274052
Weights: 252.000000 4345.000000 1114.000000
Center Node: 574

District 34
Nodes: 29 100 152 163 175 186 208 256 373 384 401 440 459 489 514 527 548 688 922
Compactness: 946.141580
Weights: 255.000000 4107.000000 1075.000000
Center Node: 175

District 35
Nodes: 21 240 396 398 433 476 580 589 596 641 649 662 699 781 815 846 892 893 972 994
Compactness: 2578.406134
Weights: 245.000000 4322.000000 1144.000000
Center Node: 589

District 36
Nodes: 114 117 200 268 280 330 354 443 470 551 579 625 675 697 766 783 789 799 898 923 953
Compactness: 1703.453195
Weights: 250.000000 4234.000000 1159.000000
Center Node: 443

District 37
Nodes: 23 34 66 154 167 189 324 328 351 497 520 522 562 581 614 844 888 992 993
Compactness: 1352.523293
Weights: 240.000000 4300.000000 1126.000000
Center Node: 23

District 38
Nodes: 55 67 79 112 119 134 176 218 220 248 407 435 558 622 659 707 782 874 887 947
Compactness: 1178.118032
Weights: 273.000000 4114.000000 1110.000000
Center Node: 112

District 39
Nodes: 40 73 111 157 224 247 302 359 361 374 391 408 411 437 584 620 654 714 829 841 902 984
Compactness: 1247.996150
Weights: 266.000000 4010.000000 1097.000000
Center Node: 391

District 40
Nodes: 38 39 171 178 190 234 263 293 338 456 488 509 530 577 647 756 763 770 930 943
Compactness: 1450.765604
Weights: 247.000000 4262.000000 1089.000000
Center Node: 577

District 41
Nodes: 6 8 44 58 99 155 196 205 291 357 498 505 546 677 693 723 855 890 915
Compactness: 3363.302552
Weights: 247.000000 4312.000000 1076.000000
Center Node: 8

District 42
Nodes: 53 98 121 222 244 253 298 304 346 364 494 535 595 726 730 740 827 868 965
Compactness: 2114.227335
Weights: 218.000000 4012.000000 1247.000000
Center Node: 346

District 43
Nodes: 164 258 307 312 320 454 482 492 539 588 722 729 746 761 771 773 803 845 944 961
Compactness: 1302.822913
Weights: 263.000000 4017.000000 1160.000000
Center Node: 773

District 44
Nodes: 4 27 87 153 259 326 507 533 640 664 685 710 774 805 819 820 847 852 858 891
Compactness: 1743.825929
Weights: 232.000000 4193.000000 1182.000000
Center Node: 774

District 45
Nodes: 89 149 192 352 517 565 568 612 618 667 676 742 777 779 784 839 857 872 979 986
Compactness: 1110.957395
Weights: 235.000000 4348.000000 1155.000000
Center Node: 872

District 46
Nodes: 43 136 201 202 232 236 322 348 394 428 436 457 515 534 561 668 776 828 876 886 946
Compactness: 1295.558841
Weights: 245.000000 4382.000000 1122.000000
Center Node: 668

District 47
Nodes: 7 57 69 126 269 333 402 404 432 578 607 672 706 780 802 806 849 866 899 916 955 983
Compactness: 1317.392068
Weights: 244.000000 4127.000000 1158.000000
Center Node: 404

District 48
Nodes: 2 46 75 145 243 250 287 309 458 516 564 651 731 804 862 871 934 950 959 990
Compactness: 1269.384596
Weights: 237.000000 4248.000000 1046.000000
Center Node: 250

District 49
Nodes: 233 270 281 349 383 389 413 452 455 594 652 653 694 700 748 809 896 985
Compactness: 1043.719156
Weights: 232.000000 4400.000000 1046.000000
Center Node: 700

District 50
Nodes: 65 195 237 274 279 295 366 381 446 460 628 635 673 686 701 752 813 834 861 940 957
Compactness: 1098.036632
Weights: 254.000000 4414.000000 1166.000000
Center Node: 686
