BalanceViolation 5271.232000
AffinityLoss 961.000000
Compactness 27979.978359
District 1
Nodes: 15 134 137 177 188 208 217 226 298 494
Compactness: 596.053379
Weights: 91.000000 2181.000000 617.000000
Center Node: 208

District 2
Nodes: 102 171 213 221 253 294 340 394
Compactness: 431.357981
Weights: 86.000000 1830.000000 569.000000
Center Node: 253

District 3
Nodes: 52 122 133 150 259 283 302 387 428 449
Compactness: 502.233930
Weights: 132.000000 1998.000000 608.000000
Center Node: 449

District 4
Nodes: 80 199 240 324 395
Compactness: 134.879581
Weights: 77.000000 960.000000 301.000000
Center Node: 240

District 5
Nodes: 6 42 59 124 189 371 444 463
Compactness: 273.431649
Weights: 112.000000 2153.000000 541.000000
Center Node: 59

District 6
Nodes: 31 48 107 112 141 152 316 329 334 416 443 446
Compactness: 462.306409
Weights: 124.000000 2029.000000 601.000000
Center Node: 141

District 7
Nodes: 114 155 195 265 311 331 339 390 417
Compactness: 339.373420
Weights: 99.000000 1868.000000 532.000000
Center Node: 311

District 8
Nodes: 95 104 131 180 242 262 267 274 358 392 495
Compactness: 677.589951
Weights: 167.000000 2336.000000 667.000000
Center Node: 180

District 9
Nodes: 158 167 185 207 231 273 304 305 426 455 481
Compactness: 655.750769
Weights: 131.000000 2230.000000 654.000000
Center Node: 273

District 10
Nodes: 82 108 153 255 281 359 400 454
Compactness: 423.699610
Weights: 105.000000 2292.000000 504.000000
Center Node: 281

District 11
Nodes: 28 39 44 111 119 223 227 338 348 381 409
Compactness: 661.481392
Weights: 128.000000 2081.000000 555.000000
Center Node: 381

District 12
Nodes: 27 94 117 237 249 291 322 364 373 461 468
Compactness: 386.892785
Weights: 135.000000 2122.000000 534.000000
Center Node: 117

District 13
Nodes: 14 41 73 113 161 162 239 285 289 317 496
Compactness: 754.009522
Weights: 153.000000 2381.000000 732.000000
Center Node: 496

District 14
Nodes: 70 143 168 169 219 238 247 279 313 456
Compactness: 490.426900
Weights: 125.000000 1871.000000 495.000000
Center Node: 70

District 15
Nodes: 2 20 67 135 327 372 385 413
Compactness: 257.447141
Weights: 86.000000 1420.000000 380.000000
Center Node: 20

District 16
Nodes: 4 32 37 74 198 377 425 460 464 467 471 477
Compactness: 753.148423
Weights: 105.000000 2141.000000 615.000000
Center Node: 467

District 17
Nodes: 19 56 90 236 264 325 442 469
Compactness: 523.231799
Weights: 98.000000 1878.000000 434.000000
Center Node: 236

District 18
Nodes: 7 11 38 45 118 145 159 295 452
Compactness: 395.376916
Weights: 113.000000 1958.000000 548.000000
Center Node: 295

District 19
Nodes: 5 10 40 58 220 275 277 300 345 366 403 441
Compactness: 952.721897
Weights: 154.000000 2118.000000 764.000000
Center Node: 441

District 20
Nodes: 36 61 98 222 235 314 382 391 437 462
Compactness: 497.096026
Weights: 118.000000 2395.000000 615.000000
Center Node: 382

District 21
Nodes: 16 25 51 87 100 130 132 187 225 282 287 402 457
Compactness: 602.464779
Weights: 150.000000 2158.000000 510.000000
Center Node: 16

District 22
Nodes: 57 64 96 123 142 210 333 357 438
Compactness: 395.815520
Weights: 116.000000 2175.000000 525.000000
Center Node: 57

District 23
Nodes: 29 62 140 250 278 296 323 356 361 368 401
Compactness: 629.265841
Weights: 146.000000 2175.000000 483.000000
Center Node: 356

District 24
Nodes: 21 26 54 79 129 147 321 349 419 484
Compactness: 717.327586
Weights: 125.000000 1851.000000 696.000000
Center Node: 79

District 25
Nodes: 0 50 89 163 165 271 315 330 379 380 485 497
Compactness: 661.832199
Weights: 151.000000 1928.000000 646.000000
Center Node: 163

District 26
Nodes: 72 91 92 120 157 178 201 306 388 458
Compactness: 381.781952
Weights: 148.000000 2189.000000 605.000000
Center Node: 458

District 27
Nodes: 71 115 136 138 175 183 194 232 270 309 328 336 341 430 453 489
Compactness: 1395.548757
Weights: 207.000000 2009.000000 795.000000
Center Node: 489

District 28
Nodes: 34 43 63 93 209 228 269 389 399 420
Compactness: 604.526791
Weights: 125.000000 1951.000000 586.000000
Center Node: 399

District 29
Nodes: 60 66 125 139 170 179 182 204 212 233 268 346 406 422 480
Compactness: 1052.251357
Weights: 188.000000 2361.000000 676.000000
Center Node: 125

District 30
Nodes: 75 77 84 88 276 297 369 427 466
Compactness: 456.732677
Weights: 109.000000 1885.000000 510.000000
Center Node: 369

District 31
Nodes: 105 191 197 230 353 386 429 450 451
Compactness: 327.247655
Weights: 110.000000 2069.000000 632.000000
Center Node: 451

District 32
Nodes: 13 174 200 206 243 286 288 290 347 363
Compactness: 685.031224
Weights: 120.000000 2269.000000 608.000000
Center Node: 363

District 33
Nodes: 30 47 83 85 101 196 202 260 308 418
Compactness: 575.972537
Weights: 122.000000 1867.000000 584.000000
Center Node: 101

District 34
Nodes: 17 46 128 211 299 303 344 354 375 478
Compactness: 589.144931
Weights: 105.000000 2267.000000 617.000000
Center Node: 299

District 35
Nodes: 1 106 280 337 383 404 421 431 435 459
Compactness: 696.336976
Weights: 120.000000 2219.000000 525.000000
Center Node: 431

District 36
Nodes: 103 160 172 203 215 218 224 312 376 378 436
Compactness: 1374.357798
Weights: 127.000000 2230.000000 549.000000
Center Node: 218

District 37
Nodes: 86 110 151 320 410 412 423 472 474 479
Compactness: 611.203039
Weights: 141.000000 2010.000000 631.000000
Center Node: 423

District 38
Nodes: 68 81 192 193 246 307 342 355 398 465 490 499
Compactness: 535.864225
Weights: 142.000000 2378.000000 799.000000
Center Node: 193

District 39
Nodes: 12 23 65 173 216 266 318 350 396 447
Compactness: 365.642055
Weights: 119.000000 2132.000000 611.000000
Center Node: 396

District 40
Nodes: 146 184 229 252 254 272 405 439 492
Compactness: 590.178391
Weights: 114.000000 2162.000000 600.000000
Center Node: 439

District 41
Nodes: 35 53 205 214 332 351 360 393 407 433 476 486
Compactness: 600.841871
Weights: 131.000000 1857.000000 750.000000
Center Node: 35

District 42
Nodes: 22 99 109 126 144 148 365 374 384 397
Compactness: 566.232725
Weights: 88.000000 2225.000000 610.000000
Center Node: 374

District 43
Nodes: 9 97 190 326 411 470 493 498
Compactness: 406.430392
Weights: 107.000000 2150.000000 488.000000
Center Node: 493

District 44
Nodes: 127 164 176 263 301 415 473
Compactness: 436.027460
Weights: 87.000000 1804.000000 352.000000
Center Node: 127

District 45
Nodes: 78 234 251 310 362 440
Compactness: 148.716028
Weights: 73.000000 991.000000 538.000000
Center Node: 251

District 46
Nodes: 154 248 256 258 293 335 352 482 483 487
Compactness: 575.978870
Weights: 125.000000 1929.000000 633.000000
Center Node: 483

District 47
Nodes: 18 24 49 186 319 370 414 434 475
Compactness: 325.684126
Weights: 103.000000 2138.000000 497.000000
Center Node: 434

District 48
Nodes: 3 8 55 121 181 257 261 292 424 445
Compactness: 573.776839
Weights: 129.000000 2136.000000 588.000000
Center Node: 121

District 49
Nodes: 69 76 116 149 156 343 367 488 491
Compactness: 495.951045
Weights: 103.000000 1604.000000 543.000000
Center Node: 76

District 50
Nodes: 33 166 241 244 245 284 408 432 448
Compactness: 433.303232
Weights: 103.000000 2220.000000 514.000000
Center Node: 244
