BalanceViolation 5.450000
AffinityLoss 1600.000000
Compactness 97333.701794
District 1
Nodes: 8 11 38 56 117 121 138 141 171 181 204 221 259 305 316 319 328 351 368 382 384 401 406 420 438 458 466 469 484 508 514 525 542 559 561 647 661 708 719 766 790 794 818 869 870 896 920 952 978 992
Compactness: 4695.502327
Weights: 571.000000 10100.000000 2972.000000
Center Node: 406

District 2
Nodes: 104 146 148 157 163 176 200 214 248 282 287 293 296 317 352 400 407 411 415 417 500 569 589 608 612 635 637 659 696 704 714 733 734 754 767 778 782 792 798 801 810 872 890 908 956 962 969 970 972 979 993
Compactness: 4164.666651
Weights: 585.000000 10924.000000 2943.000000
Center Node: 908

District 3
Nodes: 21 25 35 43 47 80 108 125 129 174 178 213 217 245 246 252 260 289 306 325 331 343 374 392 394 423 447 450 564 571 575 593 604 605 614 618 664 687 689 697 748 777 791 796 811 878 901 914 917 924 928
Compactness: 4867.905875
Weights: 601.000000 10179.000000 2995.000000
Center Node: 571

District 4
Nodes: 26 63 100 118 165 186 192 203 237 273 294 298 324 332 377 410 414 418 424 449 483 519 535 563 613 626 660 682 693 743 769 779 783 797 802 812 830 842 879 883 884 904 906 927 971 980 996
Compactness: 4305.880803
Weights: 569.000000 10428.000000 2832.000000
Center Node: 906

District 5
Nodes: 13 14 42 55 60 74 87 90 98 107 127 134 220 234 267 271 278 291 299 333 339 340 363 455 481 485 495 549 551 560 582 610 615 616 644 650 671 676 678 707 732 740 759 821 866 888 898 934 957 966 990
Compactness: 3976.693977
Weights: 628.000000 10615.000000 2939.000000
Center Node: 616

District 6
Nodes: 1 23 29 30 31 57 59 65 67 69 91 93 96 136 162 202 208 230 263 266 281 286 329 359 398 422 489 498 553 556 566 579 607 627 633 636 667 711 724 738 741 800 805 813 876 886 926 936 938 949 975
Compactness: 5663.687278
Weights: 605.000000 11090.000000 2956.000000
Center Node: 67

District 7
Nodes: 51 88 99 139 150 191 206 222 236 322 323 342 353 380 390 397 429 440 454 462 471 472 480 497 503 512 530 536 543 622 630 653 668 712 718 730 746 752 775 784 862 919 932 945 954 973 976 981 988 989
Compactness: 4532.416359
Weights: 634.000000 10967.000000 2723.000000
Center Node: 454

District 8
Nodes: 2 20 24 27 33 76 83 124 126 131 154 179 194 210 216 241 242 255 265 274 279 314 338 375 381 408 441 510 511 516 532 534 629 643 654 672 694 699 702 726 758 787 799 814 820 823 826 857 916 918 983
Compactness: 6038.277895
Weights: 626.000000 11108.000000 2733.000000
Center Node: 210

District 9
Nodes: 0 6 7 16 22 84 86 97 112 130 132 160 175 193 225 264 272 288 309 321 344 355 360 378 437 446 448 544 552 580 585 662 679 686 700 709 751 804 815 825 844 850 860 877 911 915 925 959 960 963 986 991
Compactness: 6791.173180
Weights: 611.000000 10805.000000 2994.000000
Center Node: 16

District 10
Nodes: 53 75 101 102 105 109 119 143 173 180 185 195 258 268 295 302 326 330 409 412 419 457 460 475 540 546 586 601 620 656 658 674 680 683 745 760 770 781 819 831 835 873 880 929 937 950 965 968 999
Compactness: 5550.706369
Weights: 587.000000 10494.000000 2863.000000
Center Node: 760

District 11
Nodes: 4 12 17 66 92 110 120 151 156 187 199 211 215 235 280 283 292 312 335 346 362 385 387 388 389 404 452 557 558 565 603 625 675 723 728 729 739 768 832 845 893 900 910 921 955 964 977 998
Compactness: 5565.703083
Weights: 628.000000 10418.000000 2742.000000
Center Node: 625

District 12
Nodes: 15 36 50 54 68 72 73 82 164 184 228 229 232 247 250 269 275 303 311 349 391 425 436 467 482 490 499 531 578 583 640 648 657 663 690 765 773 788 789 807 867 903 913 930 931 943 961 995
Compactness: 4349.851471
Weights: 570.000000 10367.000000 2723.000000
Center Node: 247

District 13
Nodes: 5 10 34 58 71 147 161 172 196 223 238 261 297 310 337 386 396 403 445 465 474 476 478 517 528 550 555 587 594 609 624 628 642 673 688 691 713 753 762 764 786 809 854 859 868 889 907 933 939 946 987
Compactness: 4614.296619
Weights: 619.000000 10411.000000 2961.000000
Center Node: 762

District 14
Nodes: 61 114 123 170 177 244 251 254 308 313 320 358 364 367 379 395 402 432 434 501 509 518 527 529 537 568 573 581 623 639 651 677 706 727 776 793 803 837 861 863 865 891 940 944 948 974 985 997
Compactness: 4184.460790
Weights: 575.000000 10998.000000 2764.000000
Center Node: 114

District 15
Nodes: 37 41 46 70 89 111 144 149 198 201 218 233 257 262 277 290 304 341 347 350 356 383 421 443 459 463 492 493 504 505 541 596 600 617 641 665 681 695 698 705 710 716 731 750 757 780 816 827 846 847 885 892 912 941 942
Compactness: 4536.247489
Weights: 627.000000 11098.000000 2746.000000
Center Node: 198

District 16
Nodes: 32 39 40 49 52 62 79 85 94 133 158 166 169 188 197 212 231 243 256 301 336 348 361 366 371 399 405 453 456 461 506 507 520 545 590 591 595 621 638 646 666 701 725 742 747 763 772 808 833 838 887 935
Compactness: 4189.202900
Weights: 603.000000 10239.000000 2978.000000
Center Node: 32

District 17
Nodes: 28 64 103 113 152 153 167 205 285 300 334 354 365 393 428 442 444 496 502 522 523 539 554 570 597 598 631 649 652 669 692 703 715 736 744 755 795 806 828 843 881 897 923 951 953 958 967 982
Compactness: 4332.590051
Weights: 570.000000 10138.000000 2850.000000
Center Node: 597

District 18
Nodes: 48 77 78 81 115 142 168 183 209 224 227 249 345 372 373 376 413 433 451 470 477 479 487 491 494 521 524 526 576 592 602 619 634 655 722 771 817 836 855 856 864 871 874 882 905 984 994
Compactness: 4840.343939
Weights: 587.000000 10447.000000 2855.000000
Center Node: 479

District 19
Nodes: 3 18 19 45 116 122 135 145 159 182 189 190 219 239 240 276 284 307 464 468 488 515 538 548 562 567 574 584 588 599 606 670 684 685 717 720 749 761 774 785 824 829 841 848 849 858 922 947
Compactness: 4878.796900
Weights: 620.000000 10224.000000 2742.000000
Center Node: 848

District 20
Nodes: 9 44 95 106 128 137 140 155 207 226 253 270 315 318 327 357 369 370 416 426 427 430 431 435 439 473 486 513 533 547 572 577 611 632 645 721 735 737 756 822 834 839 840 851 852 853 875 894 895 899 902 909
Compactness: 5255.297838
Weights: 589.000000 11054.000000 2903.000000
Center Node: 270
