BalanceViolation 15.912500
AffinityLoss 1612.000000
Compactness 109361.811110
District 1
Nodes: 37 42 79 121 161 183 222 235 242 256 262 296 313 318 332 354 368 382 395 401 412 506 517 534 537 588 591 626 633 684 710 719 739 751 785 809 810 823 839 866 877 895 900 925 963 965 975 990
Compactness: 4744.464111
Weights: 584.000000 10322.000000 2875.000000
Center Node: 684

District 2
Nodes: 19 76 124 127 136 139 155 185 220 251 286 291 292 298 299 303 305 308 423 447 468 475 485 490 500 543 547 572 601 628 637 653 698 706 724 732 735 736 756 782 795 797 822 826 832 835 872 923 930 937 943
Compactness: 7277.243113
Weights: 597.000000 10993.000000 3052.000000
Center Node: 923

District 3
Nodes: 13 56 67 69 75 106 112 115 143 164 171 189 194 197 198 200 219 243 295 325 436 442 462 466 472 498 499 530 532 600 617 643 676 704 705 734 748 784 858 859 868 919 932 938 951 964 977 978 989
Compactness: 4349.326034
Weights: 618.000000 9969.000000 2788.000000
Center Node: 75

District 4
Nodes: 1 2 5 9 15 26 44 68 109 123 184 214 238 268 272 277 282 304 335 339 417 452 563 599 607 619 639 644 649 654 660 691 693 707 713 720 730 753 803 820 842 844 845 898 927 961 967 999
Compactness: 4845.863460
Weights: 585.000000 10851.000000 2798.000000
Center Node: 693

District 5
Nodes: 38 52 95 105 116 119 148 202 248 260 324 366 386 396 403 413 422 469 481 497 503 520 542 546 554 562 585 615 622 623 647 671 692 712 718 726 733 812 814 841 870 885 906 911 971 993 997
Compactness: 5348.265393
Weights: 575.000000 10054.000000 2982.000000
Center Node: 413

District 6
Nodes: 3 4 22 24 30 64 88 100 118 129 138 145 151 152 230 234 247 257 307 328 329 380 383 384 428 437 445 448 458 493 494 496 515 536 568 576 602 781 815 847 860 903 921 939 991 992
Compactness: 3143.001222
Weights: 614.000000 10794.000000 2857.000000
Center Node: 22

District 7
Nodes: 16 40 85 89 98 146 158 176 179 192 224 276 306 310 320 322 348 357 371 389 450 474 487 514 524 528 569 570 571 574 596 667 677 679 699 711 741 742 758 774 799 863 875 897 904 913 935 947 953 955 982
Compactness: 5039.277540
Weights: 593.000000 10304.000000 2913.000000
Center Node: 16

District 8
Nodes: 7 21 43 58 61 63 133 134 141 154 167 175 180 191 196 227 274 281 284 309 327 341 353 405 441 465 484 510 538 541 560 586 605 614 618 624 650 651 657 709 715 717 779 786 791 792 807 830 843 871 888 920 924 957 960 988
Compactness: 8653.229278
Weights: 614.000000 10339.000000 2996.000000
Center Node: 510

District 9
Nodes: 47 62 70 73 90 92 99 101 104 159 173 178 187 212 237 278 293 349 350 390 406 408 416 419 424 440 444 477 489 526 529 550 565 578 582 592 610 612 674 701 708 729 762 805 811 813 828 840 862 884 933 979
Compactness: 6019.809500
Weights: 608.000000 10985.000000 2812.000000
Center Node: 701

District 10
Nodes: 8 11 12 86 93 130 157 169 208 240 253 265 270 287 340 367 378 397 402 411 446 454 457 491 525 561 579 646 675 680 716 750 760 768 773 793 800 837 848 854 855 861 874 891 908 915 940 944 958 994
Compactness: 4174.500065
Weights: 571.000000 10925.000000 2870.000000
Center Node: 12

District 11
Nodes: 32 34 60 65 87 103 206 232 233 259 294 317 319 323 344 345 355 358 361 372 375 385 392 449 453 473 476 486 516 523 551 553 557 558 609 629 645 648 656 659 664 672 723 731 740 765 816 818 886 893 942
Compactness: 4903.635930
Weights: 620.000000 10481.000000 2879.000000
Center Node: 893

District 12
Nodes: 27 39 46 80 117 142 162 163 168 195 223 246 263 267 279 300 347 352 356 394 415 421 461 480 507 508 531 545 556 590 598 613 670 678 687 690 747 755 829 834 896 905 910 914 974 981 984
Compactness: 4408.638760
Weights: 626.000000 10058.000000 2796.000000
Center Node: 267

District 13
Nodes: 0 20 23 33 53 57 59 81 91 144 153 201 221 261 273 275 301 312 314 321 359 363 391 431 432 456 463 483 555 577 583 584 603 616 658 666 695 696 798 833 838 887 892 918 945 959 968 973 987 995 996
Compactness: 5605.995875
Weights: 587.000000 10577.000000 3028.000000
Center Node: 321

District 14
Nodes: 18 28 31 50 66 71 108 113 125 131 204 285 316 330 374 379 387 407 410 455 511 535 552 564 566 573 593 604 620 621 632 636 641 663 673 683 686 689 738 749 787 796 802 819 831 850 917 952 956 962
Compactness: 4750.187508
Weights: 576.000000 10787.000000 3044.000000
Center Node: 535

District 15
Nodes: 6 17 36 45 94 126 128 132 150 170 181 199 209 236 252 269 280 289 326 333 346 360 377 388 399 414 435 464 492 519 521 539 544 549 595 608 611 661 669 697 745 746 752 770 771 776 846 849 880 922 934 946
Compactness: 6302.760652
Weights: 626.000000 10936.000000 2894.000000
Center Node: 326

District 16
Nodes: 55 107 114 160 211 213 245 254 264 297 311 334 336 369 376 393 420 438 439 482 505 518 581 587 606 635 638 662 688 714 722 728 757 763 764 767 769 794 821 836 864 876 890 912 931 941 949 970
Compactness: 4542.737410
Weights: 602.000000 10382.000000 2906.000000
Center Node: 107

District 17
Nodes: 110 111 120 135 147 156 207 216 226 229 258 290 351 398 400 409 418 425 443 467 470 488 527 540 580 589 597 631 682 703 727 737 783 825 851 856 857 869 878 879 889 899 926 948 966 976 985 998
Compactness: 3860.354988
Weights: 551.000000 10581.000000 3075.000000
Center Node: 857

District 18
Nodes: 48 54 96 102 122 140 188 210 217 225 239 271 283 302 315 338 342 343 362 373 429 460 512 513 522 533 559 594 634 652 655 665 668 694 700 702 772 775 777 801 827 852 865 867 881 883 902 916 950 969 980
Compactness: 4611.823361
Weights: 588.000000 10025.000000 3019.000000
Center Node: 343

District 19
Nodes: 25 29 35 49 74 77 78 83 84 137 166 177 190 193 203 205 231 241 249 255 337 370 427 430 459 479 501 502 548 575 625 630 640 642 685 725 743 744 754 766 778 780 808 824 853 873 894 907 909 929 954 972
Compactness: 11587.413355
Weights: 581.000000 10111.000000 3077.000000
Center Node: 894

District 20
Nodes: 10 14 41 51 72 82 97 149 165 172 174 182 186 215 218 228 244 250 266 288 331 364 365 381 404 426 433 434 451 471 478 495 504 509 567 627 681 721 759 761 788 789 790 804 806 817 882 901 928 936 983 986
Compactness: 5193.283553
Weights: 619.000000 10061.000000 2981.000000
Center Node: 149
