BalanceViolation 0.000000
AffinityLoss 1539.000000
Compactness 106991.327683
District 1
Nodes: 1 5 9 15 26 84 166 213 214 254 268 272 282 304 334 335 339 370 376 417 501 563 565 575 607 635 639 644 649 654 660 688 691 693 707 713 725 730 757 778 820 844 845 898 927 961 972 999
Compactness: 4832.360273
Weights: 572.000000 11283.000000 2680.000000
Center Node: 304

District 2
Nodes: 0 13 65 75 115 171 185 194 197 200 206 219 232 286 295 305 312 317 325 385 392 431 436 453 462 472 473 475 476 498 516 523 530 609 617 643 648 676 704 705 731 740 756 782 784 816 826 859 919 938 964 977 995
Compactness: 10715.995490
Weights: 652.000000 11003.000000 3128.000000
Center Node: 453

District 3
Nodes: 17 36 40 43 63 132 141 170 180 191 199 227 236 256 274 280 284 310 327 341 346 353 354 360 371 377 441 484 506 528 541 546 560 570 574 586 611 614 618 650 651 657 697 709 739 741 746 751 770 771 776 791 792 900 946 953 957 982 988
Compactness: 11995.517142
Weights: 632.000000 11410.000000 3003.000000
Center Node: 17

District 4
Nodes: 19 23 53 57 81 91 127 136 139 144 153 174 182 228 301 314 321 359 363 423 433 451 456 463 483 485 577 584 603 628 629 666 696 708 721 765 795 817 838 872 892 918 943 945 959 968 973 986
Compactness: 4271.705970
Weights: 543.000000 9881.000000 2729.000000
Center Node: 968

District 5
Nodes: 34 48 54 102 122 129 188 210 217 225 271 302 315 338 343 362 373 429 460 494 512 513 522 533 559 594 621 634 652 655 665 668 700 702 801 802 827 837 852 867 881 883 903 916 950 969
Compactness: 3944.783504
Weights: 542.000000 9850.000000 2860.000000
Center Node: 102

District 6
Nodes: 16 85 86 89 120 121 147 158 192 242 287 296 313 318 320 322 348 389 397 398 412 487 514 524 540 571 588 596 633 675 677 679 711 774 799 809 823 854 866 875 877 926 935 947 963
Compactness: 4316.181454
Weights: 540.000000 9573.000000 2670.000000
Center Node: 514

District 7
Nodes: 29 35 49 68 74 77 78 98 146 176 179 184 190 193 224 231 241 249 276 306 357 459 474 548 569 597 599 619 625 630 667 685 699 742 743 744 754 758 780 808 853 863 873 897 904 913 929 954 955
Compactness: 3870.704854
Weights: 560.000000 9430.000000 2978.000000
Center Node: 77

District 8
Nodes: 2 44 47 73 76 90 101 159 173 178 212 237 278 292 293 303 390 406 408 419 424 440 444 447 489 500 526 547 550 572 582 612 674 698 701 706 720 729 732 736 762 797 805 811 828 832 862 884 933
Compactness: 4967.971922
Weights: 568.000000 11410.000000 2666.000000
Center Node: 698

District 9
Nodes: 7 21 52 58 61 95 125 133 134 148 154 167 175 196 202 281 309 324 330 366 386 465 497 503 510 520 538 562 573 585 605 624 647 673 686 715 717 733 738 786 787 807 831 843 871 885 888 906 911 924 971 993
Compactness: 5560.007744
Weights: 626.000000 10204.000000 3204.000000
Center Node: 202

District 10
Nodes: 32 56 60 87 103 168 223 233 259 279 283 294 319 323 331 344 345 347 355 356 358 361 372 375 426 449 461 486 507 508 509 551 555 557 558 645 656 659 664 672 723 790 818 847 865 886 893 901 942 951 980 984
Compactness: 4866.088371
Weights: 656.000000 9625.000000 3097.000000
Center Node: 372

District 11
Nodes: 3 10 22 24 62 64 88 100 118 138 145 151 152 186 230 234 266 311 328 329 380 383 384 393 428 434 437 448 458 482 493 496 515 529 536 568 602 627 638 761 781 789 806 815 860 921 931 939 949 992
Compactness: 4101.014488
Weights: 656.000000 11469.000000 3062.000000
Center Node: 230

District 12
Nodes: 18 28 31 50 66 71 79 93 94 131 150 161 207 252 269 326 351 374 399 402 407 410 446 455 511 519 535 539 552 564 566 593 608 632 636 641 646 683 689 710 745 749 750 785 819 848 850 880 917 925 956
Compactness: 4304.815560
Weights: 622.000000 11166.000000 2769.000000
Center Node: 94

District 13
Nodes: 27 46 67 69 106 112 117 142 143 162 163 164 189 195 198 243 246 267 352 394 422 442 466 469 499 531 532 556 590 598 600 613 670 671 678 687 690 712 734 748 755 829 834 858 868 905 910 914 932 978 981 989
Compactness: 4114.153691
Weights: 649.000000 10633.000000 2955.000000
Center Node: 466

District 14
Nodes: 8 11 12 108 113 130 157 169 204 208 240 253 265 270 285 316 337 340 367 378 379 387 411 427 454 457 491 502 525 561 579 604 620 640 663 680 760 768 773 775 793 796 800 855 861 874 891 908 915 940 944 952 958 962
Compactness: 5021.921561
Weights: 628.000000 11244.000000 3192.000000
Center Node: 680

District 15
Nodes: 83 110 111 135 137 156 177 183 205 216 226 229 258 290 400 409 418 425 430 443 450 452 467 470 488 517 527 537 580 589 591 631 682 703 727 737 766 783 825 851 856 857 869 878 879 889 899 948 966 976 985 998
Compactness: 3920.855488
Weights: 580.000000 10942.000000 3224.000000
Center Node: 467

District 16
Nodes: 20 70 92 109 123 124 155 187 201 203 220 238 251 273 277 291 298 299 308 349 391 468 471 490 543 583 601 637 642 653 658 695 724 735 753 798 822 835 842 887 923 930 937 967 979 987 996
Compactness: 8155.152859
Weights: 569.000000 9747.000000 2789.000000
Center Node: 887

District 17
Nodes: 4 14 30 33 41 51 59 72 82 97 149 165 172 215 218 221 244 250 257 261 275 288 307 364 365 381 404 432 445 477 478 495 504 553 567 576 592 610 616 681 759 788 804 833 882 928 936 983
Compactness: 4772.044322
Weights: 567.000000 9522.000000 2868.000000
Center Node: 97

District 18
Nodes: 6 37 42 45 126 128 181 209 222 235 262 289 332 333 368 382 388 395 401 414 435 464 492 521 534 544 549 595 626 661 669 684 719 752 810 839 846 849 895 922 934 965 975 990
Compactness: 3772.817480
Weights: 543.000000 9484.000000 2913.000000
Center Node: 42

District 19
Nodes: 25 55 99 104 107 114 160 211 245 247 255 264 297 336 350 369 416 420 438 439 479 505 518 578 581 587 606 662 714 716 722 728 763 764 767 769 794 803 813 821 824 836 840 864 876 890 894 907 909 912 941 970 991 994
Compactness: 5446.720159
Weights: 647.000000 11360.000000 3179.000000
Center Node: 107

District 20
Nodes: 38 39 80 96 105 116 119 140 239 248 260 263 300 342 396 403 405 413 415 421 480 481 542 545 554 615 622 623 692 694 718 726 747 772 777 779 812 814 830 841 870 896 902 920 960 974 997
Compactness: 4040.515350
Weights: 583.000000 10299.000000 2676.000000
Center Node: 554
