BalanceViolation 63.942500
AffinityLoss 911.000000
Compactness 55381.886489
District 1
Nodes: 37 44 50 83 91 110 178 202 203 211 220 308 318 328 339 340 366 395 404 408 453 459 476 498
Compactness: 1908.126529
Weights: 306.000000 5282.000000 1372.000000
Center Node: 459

District 2
Nodes: 10 13 16 49 72 81 108 112 128 176 183 235 262 265 266 269 293 297 298 375 444 463 466
Compactness: 2241.089962
Weights: 272.000000 5266.000000 1371.000000
Center Node: 265

District 3
Nodes: 22 40 79 86 89 132 134 146 189 192 199 222 228 229 232 321 329 349 392 427 433 443 457 472 474 486 490
Compactness: 3506.635347
Weights: 273.000000 5058.000000 1457.000000
Center Node: 189

District 4
Nodes: 5 36 41 43 59 80 106 115 117 118 172 174 177 215 217 237 244 267 327 383 394 428 431 448 495
Compactness: 2953.589999
Weights: 282.000000 4855.000000 1493.000000
Center Node: 267

District 5
Nodes: 7 26 54 55 71 82 167 186 219 231 238 272 310 311 338 351 360 363 379 402 413 417 420 454
Compactness: 5430.418031
Weights: 267.000000 5218.000000 1476.000000
Center Node: 272

District 6
Nodes: 30 52 58 104 119 147 161 179 184 200 209 230 252 253 305 334 367 416 462 467 482 488 491
Compactness: 1709.011498
Weights: 290.000000 5123.000000 1361.000000
Center Node: 367

District 7
Nodes: 84 99 114 155 157 164 175 185 226 251 264 289 295 369 385 390 399 411 426 464 484 494 496
Compactness: 2862.892013
Weights: 307.000000 5227.000000 1376.000000
Center Node: 494

District 8
Nodes: 9 14 15 21 23 46 53 76 101 180 197 233 240 268 274 348 358 374 387 403 422 423 445 452 471 489 497
Compactness: 2426.199360
Weights: 302.000000 5184.000000 1504.000000
Center Node: 358

District 9
Nodes: 1 28 39 67 77 122 140 144 213 223 246 278 284 306 337 352 370 372 376 378 381 415 429 455 475
Compactness: 3599.520344
Weights: 273.000000 5082.000000 1459.000000
Center Node: 415

District 10
Nodes: 4 11 42 47 74 75 107 111 126 156 173 188 205 224 225 236 243 277 279 317 331 346 371 424
Compactness: 2099.675879
Weights: 288.000000 5251.000000 1401.000000
Center Node: 47

District 11
Nodes: 6 19 34 45 66 113 125 204 218 227 256 301 304 322 333 389 406 412 418 439 458 468 479
Compactness: 1614.435678
Weights: 280.000000 4901.000000 1404.000000
Center Node: 256

District 12
Nodes: 12 51 56 64 87 121 133 136 137 150 151 168 181 206 271 282 302 326 332 347 364 410 440 446 450 470 499
Compactness: 2497.823228
Weights: 299.000000 4851.000000 1503.000000
Center Node: 64

District 13
Nodes: 73 88 92 100 109 127 130 159 195 234 245 270 344 345 350 373 380 388 396 414 435 447 465 478
Compactness: 3364.209674
Weights: 281.000000 5094.000000 1395.000000
Center Node: 380

District 14
Nodes: 38 60 68 70 94 103 131 139 143 165 196 201 241 261 273 276 280 291 294 313 325 341 391 398 405 407 419
Compactness: 2633.278015
Weights: 274.000000 5068.000000 1501.000000
Center Node: 419

District 15
Nodes: 8 65 85 102 124 141 158 170 190 193 249 255 263 288 309 314 324 356 382 409 421 425 436 460 493
Compactness: 2520.642103
Weights: 340.000000 4904.000000 1477.000000
Center Node: 309

District 16
Nodes: 3 20 33 57 62 63 93 123 138 166 169 208 212 242 257 292 312 315 319 336 342 430 434 451 480 483
Compactness: 2374.828637
Weights: 288.000000 4874.000000 1380.000000
Center Node: 292

District 17
Nodes: 0 24 31 48 61 95 142 152 154 160 163 191 239 254 275 283 287 320 354 362 365 368 386 393 432 441
Compactness: 3529.931284
Weights: 301.000000 5201.000000 1359.000000
Center Node: 61

District 18
Nodes: 32 78 97 129 135 149 162 171 207 210 221 250 281 285 300 303 323 343 355 361 384 437 461 487
Compactness: 2104.092051
Weights: 302.000000 5326.000000 1393.000000
Center Node: 361

District 19
Nodes: 17 29 69 90 98 105 120 145 148 187 194 198 216 247 258 259 290 316 330 335 377 401 438 469 477 481 485 492
Compactness: 2938.012204
Weights: 304.000000 5253.000000 1455.000000
Center Node: 17

District 20
Nodes: 2 18 25 27 35 96 116 153 182 214 248 260 286 296 299 307 353 357 359 397 400 442 449 456 473
Compactness: 3067.474651
Weights: 307.000000 5049.000000 1488.000000
Center Node: 307
