BalanceViolation 1295.884000
AffinityLoss 1870.000000
Compactness 61863.580807
District 1
Nodes: 51 88 139 150 222 236 342 390 503 530 543 746 752 919 932 973 976 981 988 994
Compactness: 1866.718704
Weights: 267.000000 4364.000000 1106.000000
Center Node: 150

District 2
Nodes: 15 36 50 68 82 181 250 391 438 525 640 657 661 690 765 807 870 896 903 961
Compactness: 1378.542149
Weights: 242.000000 4051.000000 1138.000000
Center Node: 903

District 3
Nodes: 47 174 178 246 252 260 289 343 447 450 564 664 687 689 748 791 811 901 928
Compactness: 937.592502
Weights: 214.000000 4080.000000 1098.000000
Center Node: 564

District 4
Nodes: 64 177 300 308 358 367 393 402 523 573 669 715 727 795 806 837 940 953 974
Compactness: 1372.572344
Weights: 210.000000 4465.000000 1109.000000
Center Node: 940

District 5
Nodes: 14 44 155 235 315 416 426 431 486 491 565 611 644 745 822 853 875 895 998
Compactness: 1225.456167
Weights: 254.000000 4028.000000 1177.000000
Center Node: 875

District 6
Nodes: 22 84 97 112 193 225 264 288 344 360 378 448 544 580 662 850 860 963 986
Compactness: 1177.157954
Weights: 210.000000 4393.000000 1170.000000
Center Node: 360

District 7
Nodes: 146 163 176 200 214 282 287 296 352 400 411 589 608 612 635 659 696 733 734 908 972
Compactness: 1082.725467
Weights: 249.000000 4382.000000 1161.000000
Center Node: 146

District 8
Nodes: 26 63 165 186 192 237 273 294 377 563 797 802 842 904 906 927 971 980
Compactness: 1095.104754
Weights: 206.000000 4315.000000 1181.000000
Center Node: 294

District 9
Nodes: 31 57 59 65 91 96 136 162 202 263 266 286 489 566 579 741 749 805 876
Compactness: 1204.163314
Weights: 232.000000 4381.000000 1030.000000
Center Node: 59

District 10
Nodes: 11 56 113 141 204 221 328 334 351 406 559 631 708 794 818 843 920 952 992
Compactness: 1283.964554
Weights: 242.000000 4293.000000 1156.000000
Center Node: 794

District 11
Nodes: 24 27 83 115 131 142 226 279 375 470 511 699 702 705 826 836 846 851 856 902 916 983
Compactness: 1312.951802
Weights: 264.000000 4341.000000 1173.000000
Center Node: 24

District 12
Nodes: 71 77 81 196 209 220 224 267 291 345 386 485 551 602 655 854 898 905 957
Compactness: 1109.860752
Weights: 255.000000 4363.000000 1074.000000
Center Node: 224

District 13
Nodes: 25 52 92 156 231 301 385 389 461 506 557 558 605 614 723 739 768 796 914 917
Compactness: 1111.186768
Weights: 240.000000 4044.000000 1131.000000
Center Node: 385

District 14
Nodes: 1 69 73 93 195 208 311 349 467 499 578 583 633 663 724 773 867 930 949
Compactness: 1101.342967
Weights: 209.000000 4179.000000 988.000000
Center Node: 73

District 15
Nodes: 35 108 122 135 219 239 468 574 588 604 607 618 670 685 717 720 774 849 886 924
Compactness: 1632.724110
Weights: 264.000000 3863.000000 1187.000000
Center Node: 849

District 16
Nodes: 5 58 238 261 317 337 517 528 594 609 673 762 764 809 859 872 889 907 970 987
Compactness: 1253.193395
Weights: 217.000000 4093.000000 1382.000000
Center Node: 764

District 17
Nodes: 9 28 207 270 318 354 357 369 370 439 442 502 577 598 652 737 834 840 899 909
Compactness: 1086.191968
Weights: 242.000000 4208.000000 1088.000000
Center Node: 834

District 18
Nodes: 39 42 86 160 175 256 278 299 321 355 455 610 615 700 740 815 821 844 888 960 966
Compactness: 1296.821060
Weights: 229.000000 4434.000000 1184.000000
Center Node: 160

District 19
Nodes: 32 40 49 79 94 169 188 348 366 520 590 595 638 646 742 747 763 838 887 935
Compactness: 829.793960
Weights: 250.000000 4007.000000 1194.000000
Center Node: 595

District 20
Nodes: 4 19 151 185 187 215 258 280 284 302 307 312 335 452 515 584 656 761 900 921 922 947
Compactness: 1278.880676
Weights: 280.000000 4232.000000 1194.000000
Center Node: 307

District 21
Nodes: 61 100 118 203 251 298 313 424 449 483 501 527 613 651 677 883 884 996
Compactness: 1218.423916
Weights: 226.000000 4428.000000 1086.000000
Center Node: 527

District 22
Nodes: 201 257 277 347 380 421 429 440 480 504 505 541 665 681 716 718 892 942
Compactness: 923.148343
Weights: 225.000000 4478.000000 1002.000000
Center Node: 681

District 23
Nodes: 99 148 157 191 206 353 373 397 417 454 462 471 472 497 500 512 536 630 712 810 969 989 993
Compactness: 2176.019635
Weights: 240.000000 4421.000000 1104.000000
Center Node: 712

District 24
Nodes: 2 152 154 179 194 210 365 428 522 570 629 649 654 694 726 744 814 881 923
Compactness: 930.948191
Weights: 209.000000 4479.000000 1093.000000
Center Node: 694

District 25
Nodes: 13 60 127 234 363 435 451 473 477 494 521 524 676 799 817 852 855 871 874 984
Compactness: 2625.576404
Weights: 219.000000 4420.000000 1151.000000
Center Node: 799

District 26
Nodes: 324 332 383 395 414 418 568 623 626 693 743 769 776 779 783 812 847 879 912
Compactness: 1124.007896
Weights: 257.000000 4104.000000 1083.000000
Center Node: 776

District 27
Nodes: 8 117 121 171 259 305 316 319 382 384 420 469 508 514 542 561 647 766 781 790 869 978
Compactness: 1457.716913
Weights: 227.000000 4036.000000 1208.000000
Center Node: 384

District 28
Nodes: 48 168 227 249 372 376 413 433 479 487 576 592 619 668 722 771 864 882
Compactness: 1204.843772
Weights: 240.000000 4034.000000 1203.000000
Center Node: 619

District 29
Nodes: 103 153 167 205 285 444 539 554 597 692 703 736 755 828 897 951 958 967 982
Compactness: 1120.578856
Weights: 226.000000 4164.000000 1184.000000
Center Node: 736

District 30
Nodes: 29 101 145 173 398 457 599 606 627 684 738 785 800 829 831 835 880 950 965
Compactness: 1151.226533
Weights: 247.000000 4481.000000 1090.000000
Center Node: 880

District 31
Nodes: 78 183 223 248 293 310 322 323 526 624 634 713 753 754 767 782 784 786 862 868 945
Compactness: 1226.079010
Weights: 243.000000 4373.000000 1101.000000
Center Node: 784

District 32
Nodes: 12 17 66 120 346 387 388 399 404 582 625 728 729 832 845 866 910 955 964 977 990
Compactness: 1273.370754
Weights: 266.000000 4095.000000 1176.000000
Center Node: 625

District 33
Nodes: 21 125 133 158 197 212 213 217 243 245 306 325 336 361 371 392 405 456 621 666
Compactness: 1040.060946
Weights: 226.000000 4145.000000 1169.000000
Center Node: 158

District 34
Nodes: 54 164 184 228 229 247 275 303 425 436 482 490 531 789 913 931 936 975 995
Compactness: 1034.840879
Weights: 227.000000 3986.000000 1195.000000
Center Node: 931

District 35
Nodes: 6 7 16 34 130 161 172 297 396 403 476 495 550 552 585 679 707 751 759 925 933 946
Compactness: 1251.742106
Weights: 286.000000 4464.000000 1187.000000
Center Node: 172

District 36
Nodes: 114 170 244 364 379 432 434 529 537 581 639 706 793 803 861 863 865 891 944 948 985
Compactness: 1018.403408
Weights: 247.000000 4274.000000 1177.000000
Center Node: 537

District 37
Nodes: 55 74 87 90 98 107 134 271 333 339 340 481 549 560 616 650 671 678 732 934
Compactness: 969.327595
Weights: 260.000000 4268.000000 1166.000000
Center Node: 134

District 38
Nodes: 41 46 70 89 111 144 216 233 262 290 304 350 441 463 492 493 600 641 698 757 780 827 885
Compactness: 1366.131952
Weights: 238.000000 4209.000000 1114.000000
Center Node: 463

District 39
Nodes: 38 75 119 138 180 368 401 409 430 458 466 484 496 546 586 601 620 719 760 929
Compactness: 836.862595
Weights: 246.000000 4114.000000 1192.000000
Center Node: 929

District 40
Nodes: 10 132 147 415 445 446 465 474 478 555 587 628 642 688 691 804 825 877 911 915 939
Compactness: 1193.782811
Weights: 271.000000 4372.000000 1193.000000
Center Node: 10

District 41
Nodes: 37 149 198 218 341 356 410 443 459 519 535 596 617 660 682 695 710 731 750 816 830
Compactness: 1277.871950
Weights: 225.000000 4468.000000 1075.000000
Center Node: 356

District 42
Nodes: 23 30 67 72 230 232 281 329 359 422 498 553 556 636 667 711 813 926 938 943
Compactness: 1152.146669
Weights: 231.000000 4089.000000 1201.000000
Center Node: 281

District 43
Nodes: 0 62 85 166 272 309 437 453 507 545 591 603 686 701 709 725 772 808 833 959 991
Compactness: 1087.532141
Weights: 259.000000 4126.000000 1204.000000
Center Node: 959

District 44
Nodes: 95 106 128 143 326 327 419 547 572 632 645 658 721 756 819 839 873 894 937
Compactness: 1113.561751
Weights: 193.000000 4064.000000 1114.000000
Center Node: 658

District 45
Nodes: 20 76 123 254 274 314 320 338 509 510 516 518 532 534 643 672 758 857 918 941 997
Compactness: 1076.650736
Weights: 248.000000 4092.000000 1100.000000
Center Node: 918

District 46
Nodes: 18 45 110 116 190 199 240 276 283 292 362 488 538 562 575 675 777 824 841 848 858
Compactness: 1377.030363
Weights: 273.000000 4028.000000 1297.000000
Center Node: 824

District 47
Nodes: 3 43 80 129 159 182 189 211 331 374 394 423 464 548 567 571 593 697 878 893
Compactness: 1327.509151
Weights: 234.000000 4299.000000 1176.000000
Center Node: 3

District 48
Nodes: 33 124 126 137 140 241 242 253 255 265 381 408 427 513 533 735 787 820 823
Compactness: 1055.641302
Weights: 244.000000 4380.000000 1057.000000
Center Node: 408

District 49
Nodes: 104 407 569 622 637 653 704 714 730 775 778 792 798 801 890 954 956 962 979
Compactness: 1294.665237
Weights: 253.000000 4358.000000 1093.000000
Center Node: 792

District 50
Nodes: 53 102 105 109 268 269 295 330 412 460 475 540 648 674 680 683 770 788 968 999
Compactness: 1320.933626
Weights: 243.000000 4339.000000 1102.000000
Center Node: 674
