BalanceViolation 1127.527500
AffinityLoss 946.000000
Compactness 48563.748148
District 1
Nodes: 13 15 108 137 166 177 200 202 206 217 241 243 244 281 284 288 347 363 400 408 448 494
Compactness: 2212.467351
Weights: 240.000000 5133.000000 1480.000000
Center Node: 363

District 2
Nodes: 18 24 49 80 160 172 186 199 218 224 240 312 319 324 370 373 376 395 414 434 436 475 487
Compactness: 2610.916811
Weights: 281.000000 4911.000000 1305.000000
Center Node: 475

District 3
Nodes: 6 21 26 42 54 59 79 124 129 146 147 165 189 254 321 330 349 371 419 444 463 484 497
Compactness: 3937.354747
Weights: 305.000000 4932.000000 1538.000000
Center Node: 254

District 4
Nodes: 9 10 58 102 115 136 138 171 175 190 234 251 253 275 309 310 328 340 345 362 366 394 411 440 441 470 489
Compactness: 2532.287632
Weights: 351.000000 4906.000000 1765.000000
Center Node: 136

District 5
Nodes: 12 23 29 62 65 121 134 173 181 188 208 216 226 261 266 278 298 318 350 361 396 401 424 447
Compactness: 1900.250382
Weights: 271.000000 5217.000000 1397.000000
Center Node: 318

District 6
Nodes: 5 34 40 43 93 114 155 195 209 213 220 221 228 265 269 294 311 331 339 343 367 390 399 403 417 491
Compactness: 3277.916833
Weights: 295.000000 5033.000000 1645.000000
Center Node: 265

District 7
Nodes: 17 46 95 104 128 131 180 211 242 262 267 274 299 303 344 354 355 358 375 392 478 495
Compactness: 1836.329993
Weights: 276.000000 4875.000000 1336.000000
Center Node: 392

District 8
Nodes: 2 20 67 71 72 78 127 135 164 176 178 183 194 232 263 301 306 327 336 341 372 385 413 415 430 453 473
Compactness: 2199.510210
Weights: 316.000000 5099.000000 1433.000000
Center Node: 67

District 9
Nodes: 22 28 39 44 91 97 109 111 119 126 144 148 157 201 223 227 270 338 348 374 381 384 388 397 409 498
Compactness: 2472.353087
Weights: 308.000000 5244.000000 1516.000000
Center Node: 223

District 10
Nodes: 1 4 32 35 37 53 106 150 198 205 214 280 332 337 351 360 383 393 404 407 421 431 433 435 459 476 486
Compactness: 2331.746087
Weights: 294.000000 5290.000000 1474.000000
Center Node: 393

District 11
Nodes: 105 158 167 184 185 207 229 230 231 252 272 273 296 304 305 353 356 405 426 439 450 455 481 492
Compactness: 2500.222546
Weights: 293.000000 5047.000000 1469.000000
Center Node: 272

District 12
Nodes: 19 27 56 90 94 117 191 197 236 237 249 264 291 320 322 325 364 368 386 429 442 451 461 468 469
Compactness: 2082.236619
Weights: 300.000000 5363.000000 1367.000000
Center Node: 237

District 13
Nodes: 33 57 64 68 81 96 123 142 192 193 210 245 246 307 333 342 357 398 432 438 465 490 499
Compactness: 1859.100797
Weights: 298.000000 4927.000000 1439.000000
Center Node: 64

District 14
Nodes: 30 47 70 83 85 86 101 110 140 151 169 196 238 247 250 260 308 313 323 410 412 418 423 472 474 479
Compactness: 2799.704019
Weights: 327.000000 4866.000000 1457.000000
Center Node: 308

District 15
Nodes: 0 3 8 14 41 50 55 73 89 113 161 162 163 239 257 271 285 289 292 315 317 379 380 445 485 496
Compactness: 2784.802436
Weights: 346.000000 5117.000000 1548.000000
Center Node: 161

District 16
Nodes: 16 25 51 52 82 87 100 122 130 132 133 153 187 225 255 259 282 283 287 302 359 387 402 428 449 457
Compactness: 1922.414782
Weights: 344.000000 5304.000000 1241.000000
Center Node: 51

District 17
Nodes: 69 75 76 77 84 88 143 149 156 168 219 256 276 277 279 297 300 326 352 369 427 456 466 482 488 493
Compactness: 2592.310600
Weights: 315.000000 5280.000000 1525.000000
Center Node: 77

District 18
Nodes: 7 11 38 45 63 103 116 118 145 154 159 203 215 248 258 293 295 335 378 389 420 452 483
Compactness: 2224.715156
Weights: 313.000000 4860.000000 1221.000000
Center Node: 389

District 19
Nodes: 31 48 60 66 74 107 112 125 139 141 152 170 182 212 268 316 329 334 346 377 416 425 443 446 454 460 464 467 471 477
Compactness: 2639.309026
Weights: 310.000000 4854.000000 1524.000000
Center Node: 443

District 20
Nodes: 36 61 92 98 99 120 174 179 204 222 233 235 286 290 314 365 382 391 406 422 437 458 462 480
Compactness: 1847.799035
Weights: 290.000000 5323.000000 1287.000000
Center Node: 382
