BalanceViolation 0.000000
AffinityLoss 1673.000000
Compactness 115139.715021
District 1
Nodes: 28 47 103 115 116 118 128 143 150 164 170 183 217 242 277 278 311 323 376 382 395 452 463 477 511 519 542 547 567 594 629 632 646 653 690 704 722 746 797 803 826 875 905 926 935 938 944 960 961 997
Compactness: 5593.892638
Weights: 583.000000 10777.000000 2766.000000
Center Node: 150

District 2
Nodes: 17 38 64 151 161 171 190 205 215 252 263 265 293 297 338 363 365 456 464 466 488 502 525 554 570 592 601 604 647 677 725 732 762 763 772 786 792 814 823 825 838 906 919 929 943 956 970 989 998
Compactness: 5073.289361
Weights: 581.000000 10149.000000 2729.000000
Center Node: 772

District 3
Nodes: 13 21 22 88 95 120 122 168 174 225 240 264 294 325 358 396 398 433 467 468 472 476 526 556 580 596 606 610 621 641 660 662 699 703 781 785 794 815 836 837 856 860 863 865 892 893 966
Compactness: 20109.938830
Weights: 580.000000 10045.000000 2798.000000
Center Node: 225

District 4
Nodes: 44 52 53 58 99 107 121 155 222 239 244 253 271 288 291 300 306 318 346 357 364 399 427 494 498 501 505 516 535 546 550 582 593 595 631 671 693 730 767 855 868 870 884 890 915 920 934 963 965
Compactness: 4987.209436
Weights: 582.000000 10242.000000 2912.000000
Center Node: 364

District 5
Nodes: 3 11 12 14 80 126 127 173 182 206 226 246 276 285 308 332 342 344 350 371 412 419 426 429 444 503 528 543 545 578 600 650 670 679 721 739 768 800 840 859 913 927 931 955 971 986 999
Compactness: 4293.271058
Weights: 619.000000 10433.000000 2696.000000
Center Node: 429

District 6
Nodes: 4 5 10 31 41 55 67 76 79 112 119 134 147 153 176 193 194 218 259 326 403 408 416 448 469 533 558 597 607 627 640 659 664 685 695 707 711 747 774 778 806 820 847 858 866 873 912 947 975 991
Compactness: 5573.569175
Weights: 584.000000 10503.000000 2828.000000
Center Node: 685

District 7
Nodes: 0 34 74 106 136 139 158 159 169 202 213 231 232 236 301 304 322 327 334 343 348 380 384 428 445 457 497 515 534 562 617 624 630 644 668 678 719 726 740 758 769 776 808 827 828 876 886 888 909 964 978
Compactness: 5193.462010
Weights: 599.000000 11028.000000 2773.000000
Center Node: 776

District 8
Nodes: 20 35 83 89 91 123 149 185 187 233 261 281 335 360 368 375 386 393 406 418 430 504 508 517 549 559 571 575 587 590 591 655 666 667 735 743 748 801 835 843 895 896 907 945 967 969 985 995
Compactness: 3879.098693
Weights: 594.000000 11018.000000 2939.000000
Center Node: 967

District 9
Nodes: 32 49 63 94 125 146 156 209 219 245 257 260 262 268 280 283 284 315 330 340 362 405 422 424 443 484 555 589 615 625 649 665 681 697 727 737 745 754 766 807 816 849 850 853 880 923 953 972 976
Compactness: 4539.244613
Weights: 631.000000 10030.000000 2888.000000
Center Node: 754

District 10
Nodes: 7 26 57 59 60 69 86 104 110 266 269 302 333 347 367 372 374 378 385 402 404 411 417 425 432 439 441 532 645 658 672 683 706 713 714 765 780 802 817 846 864 899 902 914 916 937 954 983 984 994
Compactness: 4996.250601
Weights: 633.000000 10396.000000 2793.000000
Center Node: 425

District 11
Nodes: 15 24 36 65 70 78 85 93 179 184 221 228 290 303 319 321 400 414 434 462 485 510 523 524 529 531 541 544 566 574 576 616 628 686 718 757 783 796 813 834 851 894 904 908 924 925 933 941 973 974 980 987
Compactness: 3986.910952
Weights: 638.000000 10783.000000 2672.000000
Center Node: 221

District 12
Nodes: 87 102 124 141 142 177 207 211 286 331 341 352 390 415 451 453 454 474 487 507 563 565 568 569 583 588 612 618 643 676 687 702 710 716 777 779 784 791 818 821 839 857 869 872 882 885 948 951 952 958 979
Compactness: 4663.422778
Weights: 588.000000 10909.000000 2853.000000
Center Node: 618

District 13
Nodes: 19 37 51 56 82 84 98 113 132 137 140 144 165 181 192 201 210 214 230 254 296 298 313 339 394 397 450 471 512 537 609 623 656 669 691 705 715 724 742 751 790 812 830 889 900 910 939 977 981 988
Compactness: 3901.876441
Weights: 628.000000 10952.000000 2753.000000
Center Node: 51

District 14
Nodes: 27 45 54 77 108 135 180 188 199 203 258 273 275 299 307 312 320 421 442 449 475 482 492 495 539 540 552 611 613 657 663 682 717 729 734 749 761 771 773 805 811 819 845 852 891 897 918 921 928 942
Compactness: 5421.635591
Weights: 592.000000 10246.000000 2892.000000
Center Node: 180

District 15
Nodes: 2 42 46 48 61 68 71 75 105 109 133 145 216 229 243 250 255 267 287 309 314 329 369 377 379 447 458 486 490 491 493 538 557 560 564 585 603 651 661 696 731 750 787 793 804 822 824 833 854 862 871 936 950 959 990
Compactness: 5475.575682
Weights: 637.000000 10961.000000 2938.000000
Center Node: 243

District 16
Nodes: 25 129 148 162 191 197 238 241 270 289 310 349 356 383 389 409 413 431 455 480 500 521 536 599 605 619 626 642 652 674 684 689 692 694 698 700 733 744 759 760 798 809 810 831 842 903 917 962
Compactness: 3876.574428
Weights: 594.000000 10561.000000 2815.000000
Center Node: 619

District 17
Nodes: 1 30 40 73 111 157 160 166 212 220 224 247 248 251 336 337 355 359 361 387 391 407 423 435 437 461 478 479 499 506 513 572 573 584 602 620 622 637 654 720 728 782 788 795 829 832 841 867 874 878 887
Compactness: 4988.755406
Weights: 620.000000 10229.000000 2679.000000
Center Node: 1

District 18
Nodes: 6 8 9 23 66 72 81 96 97 138 154 167 189 196 198 223 305 317 324 328 351 392 410 420 473 481 483 496 520 522 561 581 614 636 639 680 708 709 712 723 753 755 764 844 877 949 968 992 993 996
Compactness: 7287.178942
Weights: 636.000000 10270.000000 2930.000000
Center Node: 167

District 19
Nodes: 18 39 90 101 130 152 172 178 186 234 249 256 279 292 316 353 373 381 388 401 438 440 459 460 465 489 509 514 518 530 548 553 577 598 608 633 634 635 648 673 756 770 848 879 881 883 901 911 922 930 946 982
Compactness: 5022.077735
Weights: 640.000000 10836.000000 2816.000000
Center Node: 186

District 20
Nodes: 16 29 33 43 50 62 92 100 114 117 131 163 175 195 200 204 208 227 235 237 272 274 282 295 345 354 366 370 436 446 470 527 551 579 586 638 675 688 701 736 738 741 752 775 789 799 861 898 932 940 957
Compactness: 6276.480651
Weights: 639.000000 10756.000000 2751.000000
Center Node: 195
