BalanceViolation 151.760000
AffinityLoss 1932.000000
Compactness 64092.038155
District 1
Nodes: 3 39 108 176 193 201 423 429 432 434 486 536 595 682 786 797 821 875 879 936
Compactness: 896.537528
Weights: 234.000000 3857.000000 1104.000000
Center Node: 595

District 2
Nodes: 7 79 102 103 137 231 335 337 349 416 457 470 524 557 566 635 772 889 908 932 953 971
Compactness: 2231.728382
Weights: 272.000000 4320.000000 1245.000000
Center Node: 79

District 3
Nodes: 30 53 68 88 179 202 269 277 323 379 427 439 534 550 554 604 718 791 817 820
Compactness: 1057.185163
Weights: 280.000000 4291.000000 1123.000000
Center Node: 379

District 4
Nodes: 33 86 155 157 168 214 215 219 279 350 452 488 568 660 681 708 747 890 919 943 950 976
Compactness: 3145.720546
Weights: 259.000000 4634.000000 1046.000000
Center Node: 33

District 5
Nodes: 13 47 82 95 115 144 199 221 273 399 419 495 582 639 691 711 756 832 836 964
Compactness: 951.675917
Weights: 264.000000 3938.000000 1269.000000
Center Node: 639

District 6
Nodes: 12 25 140 185 260 358 361 460 494 622 672 720 740 788 795 805 856 887 973 978
Compactness: 1231.993820
Weights: 239.000000 3887.000000 1248.000000
Center Node: 460

District 7
Nodes: 1 6 111 121 195 227 235 245 354 402 407 480 654 710 760 771 980
Compactness: 1598.682109
Weights: 220.000000 4354.000000 1085.000000
Center Node: 245

District 8
Nodes: 38 65 132 149 288 299 317 326 353 378 394 397 408 413 444 533 552 556 724 857 870 951
Compactness: 2363.041945
Weights: 257.000000 3861.000000 1301.000000
Center Node: 724

District 9
Nodes: 2 21 83 141 151 217 292 307 548 549 560 676 677 679 712 869 893 927 965 991
Compactness: 1858.686581
Weights: 225.000000 4454.000000 1102.000000
Center Node: 548

District 10
Nodes: 15 64 122 222 321 325 351 489 517 571 579 633 655 669 765 809 839 912 933 934 948
Compactness: 1082.474255
Weights: 269.000000 3917.000000 1256.000000
Center Node: 633

District 11
Nodes: 16 58 114 129 175 187 262 294 314 371 483 531 573 606 613 614 704 914 975 981
Compactness: 1016.825190
Weights: 242.000000 4559.000000 1293.000000
Center Node: 573

District 12
Nodes: 136 152 209 298 430 458 500 559 615 624 680 735 800 827 866 878 898 911 920 967
Compactness: 1111.884681
Weights: 223.000000 4442.000000 1303.000000
Center Node: 559

District 13
Nodes: 14 89 250 356 404 412 418 453 481 572 586 693 698 778 824 897 930 960 990
Compactness: 709.488827
Weights: 232.000000 4232.000000 1107.000000
Center Node: 250

District 14
Nodes: 8 26 77 127 223 238 385 508 513 526 596 597 625 664 697 723 732 767 880 925 983
Compactness: 1189.480649
Weights: 255.000000 3801.000000 1218.000000
Center Node: 596

District 15
Nodes: 69 105 178 196 237 266 287 343 420 462 512 570 643 653 728 741 826 843
Compactness: 1117.840674
Weights: 237.000000 3820.000000 1288.000000
Center Node: 826

District 16
Nodes: 44 46 81 113 146 190 303 346 403 443 503 734 744 752 789 792 798 813 892 907
Compactness: 1205.855707
Weights: 230.000000 4120.000000 1308.000000
Center Node: 44

District 17
Nodes: 4 55 84 316 352 437 449 498 600 618 623 668 674 690 733 810 828 864 884 947 963
Compactness: 1266.315780
Weights: 212.000000 3854.000000 1075.000000
Center Node: 352

District 18
Nodes: 51 73 94 118 162 163 165 170 205 331 336 383 450 478 492 520 599 611 651 717 989 995
Compactness: 1436.524159
Weights: 263.000000 3872.000000 1100.000000
Center Node: 163

District 19
Nodes: 70 107 124 296 329 374 426 469 562 581 642 709 713 742 754 763 776 831 952
Compactness: 726.789481
Weights: 213.000000 4465.000000 1121.000000
Center Node: 763

District 20
Nodes: 75 130 295 305 355 359 360 422 454 468 510 564 577 583 608 721 774 802 844 872
Compactness: 922.619604
Weights: 272.000000 4603.000000 1082.000000
Center Node: 422

District 21
Nodes: 142 233 315 324 395 467 473 506 509 591 629 650 656 794 818 924 940 957
Compactness: 921.530236
Weights: 199.000000 4021.000000 1142.000000
Center Node: 315

District 22
Nodes: 131 135 251 254 289 442 459 465 497 515 528 628 644 647 661 725 727 761 781 833 841 852
Compactness: 1196.802394
Weights: 262.000000 4532.000000 1110.000000
Center Node: 289

District 23
Nodes: 45 87 167 197 240 263 348 367 396 446 499 523 584 621 673 686 759 935 969
Compactness: 960.980581
Weights: 238.000000 4142.000000 1305.000000
Center Node: 621

District 24
Nodes: 52 85 154 183 192 409 466 522 532 575 598 610 737 769 862 899 939 944 968
Compactness: 1250.664515
Weights: 257.000000 4456.000000 1194.000000
Center Node: 862

District 25
Nodes: 20 63 110 112 166 211 272 410 424 474 518 535 574 585 590 594 609 670 692 755 885
Compactness: 1651.371949
Weights: 266.000000 4096.000000 1185.000000
Center Node: 272

District 26
Nodes: 5 24 40 134 147 249 318 490 502 530 561 592 652 722 855 881 901 928
Compactness: 1033.275292
Weights: 216.000000 3797.000000 1153.000000
Center Node: 928

District 27
Nodes: 11 27 59 67 133 172 181 210 252 322 342 347 516 580 603 671 685 808 858 895 937
Compactness: 1396.855619
Weights: 237.000000 4076.000000 1313.000000
Center Node: 210

District 28
Nodes: 43 60 91 99 229 276 281 297 309 311 436 482 537 602 688 703 705 750 840 999
Compactness: 1430.881790
Weights: 246.000000 4629.000000 1228.000000
Center Node: 43

District 29
Nodes: 10 80 189 259 264 267 365 456 464 544 553 567 588 631 715 799 854 921 938 974 996
Compactness: 1460.787881
Weights: 264.000000 3953.000000 1141.000000
Center Node: 189

District 30
Nodes: 119 148 161 225 257 270 293 372 455 476 540 617 646 796 807 830 837 838 942 961 977 997
Compactness: 1309.906784
Weights: 224.000000 4620.000000 1245.000000
Center Node: 807

District 31
Nodes: 0 37 49 139 173 301 306 308 310 330 389 475 484 501 563 620 751 849 905 929 988
Compactness: 1075.778049
Weights: 259.000000 4409.000000 1296.000000
Center Node: 49

District 32
Nodes: 28 42 126 304 320 339 438 511 569 684 695 748 753 775 804 902 923 955 962 987
Compactness: 1262.250402
Weights: 265.000000 3866.000000 1131.000000
Center Node: 511

District 33
Nodes: 22 32 56 97 109 128 138 200 228 244 253 261 302 375 398 421 447 616 627 766 883
Compactness: 1265.345248
Weights: 274.000000 4514.000000 1073.000000
Center Node: 398

District 34
Nodes: 19 158 171 271 341 357 384 387 405 555 593 716 731 764 801 816 842 891 946
Compactness: 1208.802314
Weights: 253.000000 4556.000000 1107.000000
Center Node: 716

District 35
Nodes: 74 117 156 191 194 285 338 364 377 538 645 773 779 859 860 916 922 954
Compactness: 1446.799673
Weights: 223.000000 4330.000000 1150.000000
Center Node: 645

District 36
Nodes: 41 62 76 78 101 104 204 216 291 327 415 431 648 701 706 739 790 847 863 873 882 945
Compactness: 1087.364679
Weights: 242.000000 4491.000000 1308.000000
Center Node: 706

District 37
Nodes: 57 66 213 284 332 340 362 382 425 472 477 487 565 619 667 689 782 829 909 915 917 941
Compactness: 1198.669771
Weights: 255.000000 4461.000000 1233.000000
Center Node: 332

District 38
Nodes: 54 169 184 198 265 300 380 435 493 542 558 636 730 803 806 851 868 888 903 966
Compactness: 1509.686107
Weights: 259.000000 4056.000000 1276.000000
Center Node: 380

District 39
Nodes: 120 159 174 188 232 241 373 390 471 541 632 675 699 707 846 871 896 979 986
Compactness: 977.399569
Weights: 262.000000 3814.000000 1138.000000
Center Node: 699

District 40
Nodes: 71 153 177 208 246 275 282 370 392 440 551 659 696 768 783 845 853 956 984 985
Compactness: 1378.022445
Weights: 246.000000 4090.000000 1117.000000
Center Node: 551

District 41
Nodes: 36 61 98 242 366 381 400 428 545 662 663 687 700 729 770 784 835 850
Compactness: 875.285809
Weights: 208.000000 3756.000000 1305.000000
Center Node: 662

District 42
Nodes: 23 218 230 388 445 491 496 543 546 626 638 777 793 823 848 886 931 992 993
Compactness: 912.831879
Weights: 217.000000 4315.000000 1186.000000
Center Node: 777

District 43
Nodes: 90 100 125 186 224 255 313 344 363 369 401 411 433 539 601 634 666 726 811 865
Compactness: 1289.833327
Weights: 231.000000 4504.000000 1275.000000
Center Node: 811

District 44
Nodes: 17 18 96 116 123 243 280 319 414 461 514 521 607 743 874 894 904 994
Compactness: 1050.492901
Weights: 224.000000 3847.000000 1149.000000
Center Node: 521

District 45
Nodes: 9 31 143 207 345 441 505 527 630 719 738 745 812 819 834 877 918 958 982
Compactness: 1328.451965
Weights: 260.000000 4359.000000 1131.000000
Center Node: 738

District 46
Nodes: 256 278 283 290 328 368 463 589 649 657 665 678 702 757 780 785 822 861 876 913
Compactness: 1036.954023
Weights: 228.000000 4449.000000 1190.000000
Center Node: 678

District 47
Nodes: 50 93 145 160 180 226 239 248 274 333 386 393 519 578 587 612 658 736 749 758 762 949
Compactness: 1960.404098
Weights: 259.000000 4619.000000 1302.000000
Center Node: 762

District 48
Nodes: 34 35 48 92 203 286 334 376 451 479 525 529 641 714 825 867 910 959
Compactness: 1050.204269
Weights: 255.000000 4615.000000 1251.000000
Center Node: 959

District 49
Nodes: 29 150 182 206 234 247 312 406 448 576 637 640 683 694 787 814 815 900 970
Compactness: 1067.058550
Weights: 221.000000 3833.000000 1086.000000
Center Node: 29

District 50
Nodes: 72 106 164 212 220 236 258 268 391 417 485 504 507 547 605 746 906 926 972 998
Compactness: 1375.995037
Weights: 258.000000 4556.000000 1290.000000
Center Node: 926
