BalanceViolation 11465.416000
AffinityLoss 978.000000
Compactness 30132.321780
District 1
Nodes: 3 27 83 272 286 303 364 394 459
Compactness: 348.233841
Weights: 90.000000 2070.000000 484.000000
Center Node: 3

District 2
Nodes: 15 19 38 155 258 279 429 458
Compactness: 349.920120
Weights: 119.000000 1593.000000 545.000000
Center Node: 15

District 3
Nodes: 95 111 252 335 342 478
Compactness: 131.384964
Weights: 87.000000 994.000000 315.000000
Center Node: 342

District 4
Nodes: 24 28 61 80 174 192 220 230 337 357 417 421
Compactness: 523.767704
Weights: 149.000000 3101.000000 667.000000
Center Node: 417

District 5
Nodes: 13 194 212 247 306 333 400 405 412 469
Compactness: 672.841416
Weights: 121.000000 1838.000000 597.000000
Center Node: 212

District 6
Nodes: 1 105 130 319 329 379 381 486
Compactness: 376.828542
Weights: 93.000000 1632.000000 430.000000
Center Node: 130

District 7
Nodes: 8 22 48 51 185 189 198 219 237 446
Compactness: 549.633987
Weights: 138.000000 2277.000000 530.000000
Center Node: 219

District 8
Nodes: 12 79 107 143 146 159 193 197 311 341 349 456 482
Compactness: 907.972362
Weights: 146.000000 2276.000000 725.000000
Center Node: 79

District 9
Nodes: 23 59 119 173 249 334 358 360 384 407 440 450 474 495
Compactness: 1000.569646
Weights: 170.000000 2469.000000 828.000000
Center Node: 358

District 10
Nodes: 25 47 90 106 132 162 259 270 338 368 387 425 464 471
Compactness: 798.821378
Weights: 143.000000 3430.000000 754.000000
Center Node: 25

District 11
Nodes: 52 125 126 127 169 239 246 318 326 411 448
Compactness: 549.218703
Weights: 116.000000 1928.000000 737.000000
Center Node: 246

District 12
Nodes: 175 178 200 262 294 302 351 375 434 445 488
Compactness: 571.609992
Weights: 142.000000 2133.000000 721.000000
Center Node: 262

District 13
Nodes: 55 122 141 160 186 233 280 438 439
Compactness: 406.005879
Weights: 107.000000 1990.000000 524.000000
Center Node: 160

District 14
Nodes: 14 34 140 157 235 299 300 363 422 441 472
Compactness: 454.157562
Weights: 145.000000 2098.000000 600.000000
Center Node: 14

District 15
Nodes: 39 62 244 245 296 298 343 397 398 476
Compactness: 474.131211
Weights: 126.000000 1926.000000 566.000000
Center Node: 343

District 16
Nodes: 29 50 68 91 128 297 369 393
Compactness: 282.576348
Weights: 62.000000 1942.000000 477.000000
Center Node: 297

District 17
Nodes: 40 67 81 184 209 223 276 278 314 372 452
Compactness: 638.871804
Weights: 102.000000 2288.000000 610.000000
Center Node: 67

District 18
Nodes: 7 46 70 71 76 86 110 129 133 134 148 213 215 480 487
Compactness: 987.484819
Weights: 170.000000 2289.000000 807.000000
Center Node: 46

District 19
Nodes: 6 18 31 142 164 285 332 444 477 497
Compactness: 476.484045
Weights: 125.000000 2027.000000 497.000000
Center Node: 477

District 20
Nodes: 53 65 112 151 154 161 177 229 313 316 403 449 492
Compactness: 764.316334
Weights: 151.000000 2172.000000 806.000000
Center Node: 154

District 21
Nodes: 42 182 240 320 373 436 491 494
Compactness: 381.897423
Weights: 83.000000 2193.000000 486.000000
Center Node: 182

District 22
Nodes: 118 131 224 261 353 383 442
Compactness: 316.633241
Weights: 70.000000 1512.000000 353.000000
Center Node: 118

District 23
Nodes: 16 97 163 227 322 325 344 345
Compactness: 361.810267
Weights: 71.000000 1590.000000 477.000000
Center Node: 344

District 24
Nodes: 0 21 84 88 99 115 150 183 260 263 432
Compactness: 542.243981
Weights: 91.000000 2165.000000 612.000000
Center Node: 150

District 25
Nodes: 26 64 108 156 256 356 374 402 493
Compactness: 469.768124
Weights: 123.000000 2005.000000 572.000000
Center Node: 374

District 26
Nodes: 2 9 208 309 321 336 339 377 419 435 453
Compactness: 601.136510
Weights: 153.000000 1993.000000 844.000000
Center Node: 435

District 27
Nodes: 32 87 179 191 205 274 291 346 415 451
Compactness: 557.366825
Weights: 115.000000 2136.000000 541.000000
Center Node: 415

District 28
Nodes: 49 57 73 145 218 390 392 408 418
Compactness: 492.896210
Weights: 108.000000 1243.000000 510.000000
Center Node: 145

District 29
Nodes: 92 96 222 232 289 328 352 380 443
Compactness: 439.156616
Weights: 93.000000 2204.000000 561.000000
Center Node: 352

District 30
Nodes: 69 100 137 304 307 317 354 389 433
Compactness: 413.976234
Weights: 89.000000 1813.000000 569.000000
Center Node: 307

District 31
Nodes: 63 104 168 206 207 241 254 266 273 327 416 460 481
Compactness: 959.331234
Weights: 128.000000 2294.000000 825.000000
Center Node: 168

District 32
Nodes: 17 77 102 267 271 281 310 315 331 359 361 409 465 466
Compactness: 781.829449
Weights: 191.000000 2186.000000 803.000000
Center Node: 359

District 33
Nodes: 30 43 114 136 217 226 243 365 420 455 475
Compactness: 619.875888
Weights: 115.000000 2683.000000 421.000000
Center Node: 217

District 34
Nodes: 44 75 78 202 204 228 236 347 463
Compactness: 4535.670483
Weights: 105.000000 1940.000000 484.000000
Center Node: 463

District 35
Nodes: 170 180 221 231 250 293 324 362 367 370
Compactness: 708.931491
Weights: 114.000000 1944.000000 547.000000
Center Node: 231

District 36
Nodes: 11 45 56 138 149 181 195 257 371 376 431 457 498
Compactness: 740.438810
Weights: 159.000000 2118.000000 799.000000
Center Node: 457

District 37
Nodes: 41 85 94 135 388
Compactness: 194.655176
Weights: 40.000000 1243.000000 281.000000
Center Node: 41

District 38
Nodes: 72 282 323 385 424 437 479 484 496
Compactness: 484.505726
Weights: 104.000000 1527.000000 436.000000
Center Node: 479

District 39
Nodes: 124 153 199 216 248 290 426 485 489
Compactness: 451.709785
Weights: 104.000000 2372.000000 423.000000
Center Node: 124

District 40
Nodes: 33 82 113 152 167 172 211 234 265 269 292 413 414
Compactness: 745.489516
Weights: 164.000000 2046.000000 629.000000
Center Node: 414

District 41
Nodes: 35 66 116 158 196 264 277 284 348 395 468
Compactness: 524.845686
Weights: 136.000000 1990.000000 573.000000
Center Node: 468

District 42
Nodes: 4 60 144 165 190 225 268 283 340 428 447
Compactness: 709.567185
Weights: 123.000000 1990.000000 555.000000
Center Node: 144

District 43
Nodes: 93 103 203 382 399 470 483
Compactness: 278.785740
Weights: 104.000000 1650.000000 415.000000
Center Node: 483

District 44
Nodes: 74 176 214 251 253 378 396 430 499
Compactness: 524.062272
Weights: 99.000000 2304.000000 530.000000
Center Node: 253

District 45
Nodes: 10 98 109 287 295 312 406 410 473
Compactness: 337.059532
Weights: 128.000000 1815.000000 494.000000
Center Node: 473

District 46
Nodes: 5 20 120 308 391 401 427 462
Compactness: 284.933527
Weights: 76.000000 1791.000000 621.000000
Center Node: 20

District 47
Nodes: 54 121 166 238 275 288 305 330
Compactness: 401.845334
Weights: 86.000000 1662.000000 508.000000
Center Node: 121

District 48
Nodes: 36 117 123 188 210 355 386 404 490
Compactness: 264.817106
Weights: 110.000000 1821.000000 536.000000
Center Node: 188

District 49
Nodes: 37 89 139 171 187 201 255 350 423 454 461
Compactness: 460.518987
Weights: 132.000000 2307.000000 506.000000
Center Node: 201

District 50
Nodes: 58 101 147 242 301 366 467
Compactness: 281.732768
Weights: 73.000000 1299.000000 360.000000
Center Node: 101
