BalanceViolation 4.870000
AffinityLoss 788.000000
Compactness 57296.023724
District 1
Nodes: 6 13 40 41 59 72 153 159 195 198 208 220 223 283 309 348 378 423 437 439 459 461 486 488 493
Compactness: 2779.242693
Weights: 333.000000 5576.000000 1398.000000
Center Node: 223

District 2
Nodes: 14 37 58 85 94 130 140 164 167 171 178 242 247 268 281 287 294 299 333 367 382 393 410 440 441 465
Compactness: 9516.251742
Weights: 293.000000 4959.000000 1619.000000
Center Node: 247

District 3
Nodes: 35 39 131 136 147 148 172 222 225 227 234 238 257 278 292 320 326 364 366 368 395 421 449 499
Compactness: 1735.585550
Weights: 342.000000 5102.000000 1357.000000
Center Node: 292

District 4
Nodes: 2 4 5 46 50 53 57 146 189 190 296 330 337 350 358 362 371 372 377 380 381 383 408 478 489 495
Compactness: 2600.003880
Weights: 310.000000 4808.000000 1548.000000
Center Node: 478

District 5
Nodes: 3 11 30 34 98 113 120 160 166 180 230 232 267 274 298 324 340 356 369 400 407 451 469 481
Compactness: 2122.842539
Weights: 290.000000 5641.000000 1330.000000
Center Node: 113

District 6
Nodes: 0 16 25 78 80 83 84 91 97 101 109 117 119 151 173 176 224 228 229 300 353 404 432 457 492 494
Compactness: 2601.325198
Weights: 324.000000 5625.000000 1573.000000
Center Node: 176

District 7
Nodes: 9 15 31 38 47 48 52 61 63 156 174 204 219 260 261 275 307 315 370 379 403 414 448 463 491
Compactness: 3685.159428
Weights: 284.000000 5326.000000 1578.000000
Center Node: 448

District 8
Nodes: 19 26 65 73 74 79 102 112 116 129 170 175 177 181 197 231 240 241 246 249 290 349 374 428 490
Compactness: 2597.989184
Weights: 295.000000 5457.000000 1507.000000
Center Node: 197

District 9
Nodes: 1 27 45 87 88 105 106 118 138 142 144 154 184 202 216 218 248 250 253 305 316 331 376 405 433 445 471
Compactness: 1830.945035
Weights: 280.000000 5699.000000 1548.000000
Center Node: 118

District 10
Nodes: 10 44 70 96 115 121 168 188 193 236 262 264 265 271 276 291 313 384 397 443 456 464 480
Compactness: 1723.905547
Weights: 334.000000 5050.000000 1490.000000
Center Node: 70

District 11
Nodes: 7 18 89 92 163 199 226 258 266 304 312 321 322 327 336 338 339 342 351 354 359 365 411 444 446 460
Compactness: 2881.228405
Weights: 298.000000 5740.000000 1328.000000
Center Node: 444

District 12
Nodes: 71 77 93 95 103 213 255 263 273 295 303 332 375 389 390 394 399 401 409 415 418 427 435 442 476
Compactness: 2777.943761
Weights: 298.000000 5198.000000 1568.000000
Center Node: 418

District 13
Nodes: 28 141 157 161 185 196 205 206 211 212 221 233 243 259 301 317 347 357 391 422 450 452 453 455 474 497
Compactness: 3912.379847
Weights: 326.000000 5412.000000 1348.000000
Center Node: 233

District 14
Nodes: 17 21 81 104 107 110 137 139 214 217 284 308 325 328 344 402 406 425 436 482 496
Compactness: 1607.748686
Weights: 278.000000 5253.000000 1357.000000
Center Node: 110

District 15
Nodes: 51 67 68 76 90 111 134 150 158 235 237 252 279 297 318 319 363 385 386 398 419 454 458 470
Compactness: 2115.479438
Weights: 326.000000 5010.000000 1564.000000
Center Node: 68

District 16
Nodes: 8 42 54 62 69 99 108 128 132 149 191 201 207 251 280 282 329 335 341 343 345 355 373 413 430 434
Compactness: 3177.877992
Weights: 277.000000 5475.000000 1598.000000
Center Node: 132

District 17
Nodes: 20 22 33 36 66 126 165 169 179 183 186 209 256 285 288 314 334 352 361 396 416 417 424 462 473 477
Compactness: 2338.693030
Weights: 313.000000 4940.000000 1622.000000
Center Node: 361

District 18
Nodes: 12 43 55 60 64 100 114 123 124 125 145 162 182 200 239 254 293 306 346 388 426 438 472 484 498
Compactness: 2280.610091
Weights: 315.000000 4802.000000 1335.000000
Center Node: 388

District 19
Nodes: 24 29 49 56 82 127 133 143 152 155 192 210 244 245 269 270 277 289 302 323 387 412 429 483 485
Compactness: 2115.942872
Weights: 317.000000 5559.000000 1433.000000
Center Node: 82

District 20
Nodes: 23 32 75 86 122 135 187 194 203 215 272 286 310 311 360 392 420 431 447 466 467 468 475 479 487
Compactness: 2894.868807
Weights: 299.000000 5086.000000 1413.000000
Center Node: 194
