BalanceViolation 2873.334000
AffinityLoss 907.000000
Compactness 31866.830226
District 1
Nodes: 27 45 83 84 138 142 144 316 353
Compactness: 337.899654
Weights: 92.000000 2151.000000 614.000000
Center Node: 45

District 2
Nodes: 4 96 146 265 271 296 330 337 372 397 495
Compactness: 963.099083
Weights: 135.000000 2001.000000 654.000000
Center Node: 337

District 3
Nodes: 32 37 94 171 281 294 382 466 468 475
Compactness: 512.316120
Weights: 123.000000 2219.000000 583.000000
Center Node: 382

District 4
Nodes: 20 33 126 165 209 288 352 361 396 424 462
Compactness: 634.329937
Weights: 139.000000 1803.000000 636.000000
Center Node: 20

District 5
Nodes: 59 71 95 152 220 245 303 389 435 442
Compactness: 604.836072
Weights: 119.000000 2193.000000 522.000000
Center Node: 220

District 6
Nodes: 141 157 185 230 259 322 340 354 407
Compactness: 491.807218
Weights: 112.000000 2204.000000 436.000000
Center Node: 259

District 7
Nodes: 47 86 156 167 203 204 219 261 310 403 420
Compactness: 815.749301
Weights: 127.000000 2111.000000 673.000000
Center Node: 156

District 8
Nodes: 55 64 114 124 125 145 388 426 438 472 484
Compactness: 613.647054
Weights: 139.000000 2217.000000 501.000000
Center Node: 472

District 9
Nodes: 131 147 148 196 222 227 320 368 395 499
Compactness: 483.586026
Weights: 153.000000 2120.000000 632.000000
Center Node: 227

District 10
Nodes: 121 262 264 291 384 443 464 477 493
Compactness: 569.617926
Weights: 138.000000 2062.000000 575.000000
Center Node: 264

District 11
Nodes: 17 48 214 308 325 344 451 482
Compactness: 363.885916
Weights: 108.000000 2254.000000 499.000000
Center Node: 214

District 12
Nodes: 13 74 76 134 150 297 318 385 437
Compactness: 646.224531
Weights: 130.000000 2070.000000 489.000000
Center Node: 318

District 13
Nodes: 24 29 56 82 120 210 269 302 387 412
Compactness: 282.668192
Weights: 126.000000 2237.000000 523.000000
Center Node: 56

District 14
Nodes: 42 99 191 213 251 255 343 415 463
Compactness: 550.866484
Weights: 98.000000 2013.000000 673.000000
Center Node: 255

District 15
Nodes: 26 102 116 170 179 231 285 473 490
Compactness: 557.310699
Weights: 103.000000 2076.000000 647.000000
Center Node: 116

District 16
Nodes: 1 28 106 154 216 218 253 289 445 452 471
Compactness: 516.829311
Weights: 112.000000 2199.000000 569.000000
Center Node: 445

District 17
Nodes: 92 199 312 336 339 342 365 411 444
Compactness: 332.751032
Weights: 119.000000 2265.000000 480.000000
Center Node: 444

District 18
Nodes: 72 181 195 198 309 348 378 439 461 486
Compactness: 582.905921
Weights: 143.000000 2062.000000 662.000000
Center Node: 439

District 19
Nodes: 79 112 129 162 175 197 290 293 349 374 498
Compactness: 625.219347
Weights: 147.000000 2155.000000 559.000000
Center Node: 374

District 20
Nodes: 58 75 122 135 140 194 272 287 431 441 447
Compactness: 801.020836
Weights: 128.000000 2192.000000 643.000000
Center Node: 431

District 21
Nodes: 43 67 68 237 239 252 386 404 419 458 470
Compactness: 690.622300
Weights: 144.000000 2046.000000 811.000000
Center Node: 458

District 22
Nodes: 63 81 139 275 328 436 448 491
Compactness: 417.129780
Weights: 89.000000 2201.000000 529.000000
Center Node: 436

District 23
Nodes: 111 119 155 158 235 319 363 483 485
Compactness: 702.133972
Weights: 126.000000 2158.000000 607.000000
Center Node: 363

District 24
Nodes: 5 50 57 70 168 313 350 358 362 480
Compactness: 548.622376
Weights: 122.000000 2077.000000 652.000000
Center Node: 350

District 25
Nodes: 35 151 172 202 229 238 331 364 405 449
Compactness: 638.143340
Weights: 128.000000 2177.000000 576.000000
Center Node: 364

District 26
Nodes: 10 22 44 115 188 193 236 276 314 334
Compactness: 682.686148
Weights: 115.000000 1983.000000 584.000000
Center Node: 193

District 27
Nodes: 40 41 153 159 208 223 283 423 459
Compactness: 442.134405
Weights: 96.000000 2156.000000 461.000000
Center Node: 41

District 28
Nodes: 8 69 108 280 282 341 394 413 430 476 488
Compactness: 783.268730
Weights: 135.000000 2119.000000 651.000000
Center Node: 430

District 29
Nodes: 18 89 226 266 304 327 351 359 369 425 460 496
Compactness: 889.201823
Weights: 135.000000 2084.000000 623.000000
Center Node: 304

District 30
Nodes: 205 212 221 317 391 433 453 455 474 497
Compactness: 929.543019
Weights: 106.000000 2169.000000 536.000000
Center Node: 221

District 31
Nodes: 3 160 166 174 180 232 274 307 370
Compactness: 409.038728
Weights: 112.000000 2187.000000 387.000000
Center Node: 166

District 32
Nodes: 2 14 46 53 178 201 247 268 377 381 383
Compactness: 652.946404
Weights: 141.000000 2144.000000 621.000000
Center Node: 2

District 33
Nodes: 54 62 77 93 103 263 332 375 401 418
Compactness: 693.953509
Weights: 112.000000 2041.000000 688.000000
Center Node: 93

District 34
Nodes: 52 85 207 299 333 335 379 393 409 410 440
Compactness: 1453.941261
Weights: 116.000000 2018.000000 657.000000
Center Node: 440

District 35
Nodes: 6 36 66 169 183 186 256 416 417
Compactness: 481.245908
Weights: 106.000000 1985.000000 638.000000
Center Node: 183

District 36
Nodes: 98 206 270 323 324 347 356 357 422
Compactness: 578.774406
Weights: 102.000000 2249.000000 360.000000
Center Node: 357

District 37
Nodes: 19 65 73 177 240 241 246 249 306 428
Compactness: 837.314928
Weights: 113.000000 2094.000000 579.000000
Center Node: 249

District 38
Nodes: 87 88 105 118 184 248 250 305 376
Compactness: 291.838086
Weights: 92.000000 2077.000000 523.000000
Center Node: 118

District 39
Nodes: 12 60 90 100 123 182 200 228 279 346 398 454
Compactness: 703.762849
Weights: 151.000000 2002.000000 651.000000
Center Node: 123

District 40
Nodes: 164 189 190 242 367 371 380 408 456 465 478 489
Compactness: 1378.950721
Weights: 146.000000 2075.000000 675.000000
Center Node: 189

District 41
Nodes: 11 30 34 113 267 298 400 469 481
Compactness: 507.578054
Weights: 117.000000 2144.000000 628.000000
Center Node: 34

District 42
Nodes: 16 51 91 97 117 176 300 432 492 494
Compactness: 556.876078
Weights: 131.000000 2193.000000 619.000000
Center Node: 117

District 43
Nodes: 21 104 107 110 137 284 392 402 406 487
Compactness: 403.593372
Weights: 121.000000 2007.000000 672.000000
Center Node: 104

District 44
Nodes: 49 127 133 143 192 244 273 277 295 429
Compactness: 633.153678
Weights: 139.000000 2101.000000 607.000000
Center Node: 127

District 45
Nodes: 39 136 225 234 257 278 292 326 366 421
Compactness: 357.214500
Weights: 150.000000 2189.000000 468.000000
Center Node: 326

District 46
Nodes: 0 25 78 80 101 109 173 224 254 457
Compactness: 917.494969
Weights: 116.000000 2019.000000 613.000000
Center Node: 0

District 47
Nodes: 128 130 132 149 329 345 355 373 390 427 434
Compactness: 652.724836
Weights: 114.000000 2073.000000 666.000000
Center Node: 149

District 48
Nodes: 7 161 163 211 233 243 258 301 321 338 446 450
Compactness: 1363.243112
Weights: 153.000000 2042.000000 579.000000
Center Node: 301

District 49
Nodes: 15 187 215 217 286 311 360 467 479
Compactness: 413.224609
Weights: 108.000000 2200.000000 612.000000
Center Node: 479

District 50
Nodes: 9 23 31 38 61 260 315 399 414
Compactness: 569.903665
Weights: 105.000000 2104.000000 671.000000
Center Node: 38
