BalanceViolation 2303.676000
AffinityLoss 934.000000
Compactness 30331.276801
District 1
Nodes: 8 141 193 249 309 314 353 397 421 493
Compactness: 439.443822
Weights: 160.000000 2207.000000 575.000000
Center Node: 493

District 2
Nodes: 19 66 113 125 256 301 304 333 406 458
Compactness: 381.547363
Weights: 123.000000 1963.000000 603.000000
Center Node: 304

District 3
Nodes: 38 41 70 131 143 241 280 291 313 419 431
Compactness: 762.921081
Weights: 122.000000 2064.000000 598.000000
Center Node: 38

District 4
Nodes: 86 132 134 146 199 222 228 321 349 457 486 490
Compactness: 1157.953405
Weights: 97.000000 1944.000000 601.000000
Center Node: 457

District 5
Nodes: 98 105 127 145 159 171 194 300 316 330
Compactness: 608.388153
Weights: 116.000000 2137.000000 486.000000
Center Node: 316

District 6
Nodes: 58 104 147 209 253 334 367 416 467
Compactness: 572.155281
Weights: 104.000000 2003.000000 542.000000
Center Node: 467

District 7
Nodes: 23 59 81 115 217 240 327 394 423
Compactness: 491.370548
Weights: 96.000000 2042.000000 597.000000
Center Node: 394

District 8
Nodes: 12 56 57 62 93 121 168 181 342 450
Compactness: 646.441781
Weights: 126.000000 1873.000000 540.000000
Center Node: 62

District 9
Nodes: 78 155 164 207 226 264 289 369 484 496
Compactness: 471.996102
Weights: 154.000000 2019.000000 545.000000
Center Node: 264

District 10
Nodes: 13 72 112 128 235 262 266 298 466
Compactness: 382.013064
Weights: 87.000000 1935.000000 623.000000
Center Node: 266

District 11
Nodes: 67 77 306 352 370 372 376 420
Compactness: 1120.578328
Weights: 95.000000 1942.000000 534.000000
Center Node: 372

District 12
Nodes: 4 11 42 47 74 205 224 279 346
Compactness: 386.155085
Weights: 122.000000 1870.000000 573.000000
Center Node: 346

District 13
Nodes: 37 44 91 178 202 211 220 234 340 366 459
Compactness: 769.331338
Weights: 130.000000 2024.000000 593.000000
Center Node: 178

District 14
Nodes: 16 21 49 176 183 297 387 444 452 463
Compactness: 480.659596
Weights: 114.000000 2130.000000 550.000000
Center Node: 297

District 15
Nodes: 163 218 227 412 418 439 443 468 479
Compactness: 736.377284
Weights: 101.000000 2215.000000 533.000000
Center Node: 412

District 16
Nodes: 26 55 173 258 290 351 379 401 477 492
Compactness: 681.192019
Weights: 106.000000 2159.000000 678.000000
Center Node: 351

District 17
Nodes: 20 28 140 144 169 208 257 312 336 378 434 475
Compactness: 874.485198
Weights: 148.000000 1598.000000 601.000000
Center Node: 378

District 18
Nodes: 29 109 187 335 344 350 373 377 396 438 478 499
Compactness: 568.488081
Weights: 119.000000 2118.000000 568.000000
Center Node: 29

District 19
Nodes: 3 150 151 166 212 271 302 319 364 427 470
Compactness: 1203.758297
Weights: 116.000000 1934.000000 614.000000
Center Node: 470

District 20
Nodes: 80 103 139 174 177 196 237 261 273 428 448
Compactness: 814.025244
Weights: 117.000000 2037.000000 644.000000
Center Node: 428

District 21
Nodes: 7 54 138 272 278 284 402 410 429 430
Compactness: 735.751028
Weights: 87.000000 1894.000000 607.000000
Center Node: 402

District 22
Nodes: 24 83 239 318 362 365 368 393 441 476
Compactness: 361.312803
Weights: 126.000000 2126.000000 551.000000
Center Node: 441

District 23
Nodes: 15 35 36 76 118 153 172 268 286 307 359 403
Compactness: 808.922511
Weights: 140.000000 2115.000000 584.000000
Center Node: 268

District 24
Nodes: 175 185 251 295 391 399 405 411
Compactness: 340.882561
Weights: 82.000000 2120.000000 441.000000
Center Node: 295

District 25
Nodes: 10 39 65 124 158 223 356 381
Compactness: 530.349018
Weights: 102.000000 2200.000000 414.000000
Center Node: 65

District 26
Nodes: 135 149 162 221 308 355 384 395 487
Compactness: 448.432394
Weights: 113.000000 2124.000000 557.000000
Center Node: 355

District 27
Nodes: 85 108 265 269 274 293 374 375 445
Compactness: 499.405198
Weights: 120.000000 2060.000000 523.000000
Center Node: 293

District 28
Nodes: 64 133 195 206 282 326 347 440 446 462 488
Compactness: 630.612771
Weights: 116.000000 2116.000000 571.000000
Center Node: 488

District 29
Nodes: 73 88 95 130 152 160 254 283 435 491
Compactness: 425.748312
Weights: 139.000000 2160.000000 494.000000
Center Node: 254

District 30
Nodes: 97 156 210 243 285 323 341 343 390 407 461
Compactness: 779.171205
Weights: 123.000000 1983.000000 539.000000
Center Node: 390

District 31
Nodes: 0 6 34 45 142 204 322 389 404 498
Compactness: 601.501858
Weights: 126.000000 2058.000000 603.000000
Center Node: 389

District 32
Nodes: 1 122 213 246 263 337 382 415 455 460
Compactness: 736.305727
Weights: 114.000000 1981.000000 547.000000
Center Node: 455

District 33
Nodes: 33 63 123 242 292 315 360 451 480 483
Compactness: 646.360317
Weights: 103.000000 1889.000000 618.000000
Center Node: 480

District 34
Nodes: 17 69 90 198 216 247 259 388 481 485
Compactness: 548.636318
Weights: 97.000000 2064.000000 507.000000
Center Node: 247

District 35
Nodes: 27 43 214 215 244 248 260 267 299 398 449 495
Compactness: 547.574217
Weights: 145.000000 1944.000000 746.000000
Center Node: 244

District 36
Nodes: 51 87 119 136 137 161 252 305 332 414
Compactness: 810.534400
Weights: 121.000000 2110.000000 562.000000
Center Node: 252

District 37
Nodes: 92 100 245 270 320 345 380 447 465
Compactness: 765.721025
Weights: 106.000000 2184.000000 549.000000
Center Node: 447

District 38
Nodes: 71 120 148 186 231 310 311 338 363 454
Compactness: 470.566279
Weights: 109.000000 2087.000000 584.000000
Center Node: 338

District 39
Nodes: 25 82 102 167 190 219 238 409 413 417
Compactness: 570.167308
Weights: 117.000000 1897.000000 580.000000
Center Node: 417

District 40
Nodes: 2 18 96 182 296 400 442 456 473
Compactness: 640.362311
Weights: 119.000000 2183.000000 562.000000
Center Node: 182

District 41
Nodes: 110 129 250 328 339 408 437 453
Compactness: 389.344086
Weights: 113.000000 2130.000000 512.000000
Center Node: 408

District 42
Nodes: 101 170 255 288 324 348 425 436 471 497
Compactness: 448.997365
Weights: 107.000000 2023.000000 634.000000
Center Node: 288

District 43
Nodes: 30 52 179 184 192 200 230 329 482
Compactness: 312.109009
Weights: 125.000000 1954.000000 605.000000
Center Node: 30

District 44
Nodes: 75 107 116 126 225 236 277 357 371 424 469
Compactness: 712.037623
Weights: 116.000000 1926.000000 650.000000
Center Node: 277

District 45
Nodes: 22 40 79 89 189 229 232 392 433 472 474
Compactness: 606.317188
Weights: 126.000000 1964.000000 651.000000
Center Node: 22

District 46
Nodes: 32 111 188 281 303 317 331 361
Compactness: 343.220802
Weights: 104.000000 2094.000000 556.000000
Center Node: 331

District 47
Nodes: 9 14 46 53 180 197 233 358 383 422 489
Compactness: 437.889805
Weights: 133.000000 2019.000000 590.000000
Center Node: 46

District 48
Nodes: 50 84 99 114 157 203 385 426 464 494
Compactness: 514.092794
Weights: 132.000000 2154.000000 563.000000
Center Node: 385

District 49
Nodes: 5 60 68 94 106 117 165 201 276 294 325
Compactness: 613.606608
Weights: 110.000000 2124.000000 598.000000
Center Node: 5

District 50
Nodes: 31 48 61 154 191 275 287 354 386 432
Compactness: 506.062889
Weights: 112.000000 2170.000000 529.000000
Center Node: 48
