BalanceViolation 1267.778000
AffinityLoss 1948.000000
Compactness 62118.207186
District 1
Nodes: 5 22 163 204 215 338 353 500 512 528 585 597 782 798 813 816 874 912
Compactness: 815.342630
Weights: 253.000000 4133.000000 1223.000000
Center Node: 528

District 2
Nodes: 115 123 206 244 302 439 470 486 601 618 642 647 729 774 803 808 851 872
Compactness: 1380.307031
Weights: 198.000000 4112.000000 952.000000
Center Node: 803

District 3
Nodes: 28 196 236 285 303 357 387 412 416 421 468 523 574 608 728 756 802 871 937 944
Compactness: 1077.086819
Weights: 226.000000 4415.000000 1161.000000
Center Node: 937

District 4
Nodes: 50 64 104 141 156 188 235 247 255 279 516 521 555 659 683 691 739 750 892 972 983
Compactness: 1476.513308
Weights: 270.000000 4022.000000 1297.000000
Center Node: 156

District 5
Nodes: 1 133 153 155 181 210 229 296 347 425 483 513 529 638 662 887 897 914 929 968
Compactness: 2665.127619
Weights: 246.000000 4034.000000 1200.000000
Center Node: 1

District 6
Nodes: 26 48 80 128 130 222 233 263 376 382 424 455 538 586 588 593 654 752 757 896 991
Compactness: 1268.763445
Weights: 251.000000 4237.000000 1138.000000
Center Node: 455

District 7
Nodes: 77 81 120 330 339 379 427 571 591 626 682 688 715 833 883 900 917 961 992
Compactness: 1155.161078
Weights: 230.000000 4333.000000 1193.000000
Center Node: 917

District 8
Nodes: 12 105 124 177 238 273 499 531 535 557 560 670 702 742 835 848 850 946 967 998
Compactness: 1235.297556
Weights: 275.000000 4043.000000 1138.000000
Center Node: 557

District 9
Nodes: 72 185 240 249 287 336 392 459 493 502 522 587 623 703 717 842 879 882 955 956
Compactness: 1287.335879
Weights: 250.000000 4137.000000 1102.000000
Center Node: 72

District 10
Nodes: 91 149 205 300 453 490 565 566 648 653 671 740 755 764 779 839 845 873 948 957
Compactness: 1225.215405
Weights: 258.000000 4031.000000 1182.000000
Center Node: 490

District 11
Nodes: 10 24 31 59 60 118 226 251 286 321 333 346 355 375 422 471 474 622 692 733 758 859 927
Compactness: 1454.167949
Weights: 240.000000 4249.000000 1198.000000
Center Node: 24

District 12
Nodes: 49 121 129 143 164 267 280 331 373 413 496 534 605 627 639 646 781 903 947 978
Compactness: 1226.291419
Weights: 258.000000 4447.000000 1127.000000
Center Node: 373

District 13
Nodes: 37 138 147 152 277 318 343 510 532 553 595 610 711 753 772 795 812 834 860 888 945
Compactness: 1325.352833
Weights: 242.000000 4326.000000 1156.000000
Center Node: 772

District 14
Nodes: 36 87 203 237 304 323 377 436 460 680 697 707 760 778 792 909 924 990
Compactness: 1186.847726
Weights: 248.000000 4209.000000 1140.000000
Center Node: 792

District 15
Nodes: 8 30 51 119 228 260 312 406 456 465 526 698 704 723 727 814 866 869 906 931
Compactness: 1298.985896
Weights: 248.000000 4083.000000 1202.000000
Center Node: 30

District 16
Nodes: 13 97 182 198 245 325 334 348 393 430 454 495 545 590 603 634 674 705 741 890 895 913 989
Compactness: 1170.207700
Weights: 278.000000 4156.000000 1232.000000
Center Node: 495

District 17
Nodes: 230 350 368 374 381 438 450 466 527 643 690 693 737 747 807 855 863 905
Compactness: 1114.112778
Weights: 234.000000 4322.000000 1037.000000
Center Node: 690

District 18
Nodes: 32 162 212 224 243 319 329 354 404 444 445 487 582 592 652 787 790 902 935 939
Compactness: 1484.436919
Weights: 210.000000 4286.000000 1217.000000
Center Node: 354

District 19
Nodes: 20 62 70 103 112 144 313 414 473 615 651 663 667 668 748 763 843 857 920 922 923 986
Compactness: 1678.922366
Weights: 236.000000 4022.000000 1335.000000
Center Node: 663

District 20
Nodes: 68 95 111 161 165 180 190 209 242 258 288 415 447 501 655 706 769 811 884 976 994
Compactness: 1250.752554
Weights: 221.000000 4291.000000 1158.000000
Center Node: 447

District 21
Nodes: 18 46 100 109 134 146 265 378 419 420 463 504 551 672 794 827 854 898 925 942 996
Compactness: 1425.241422
Weights: 248.000000 4347.000000 1108.000000
Center Node: 420

District 22
Nodes: 23 57 69 106 122 126 262 276 311 337 342 452 461 491 497 598 665 695 714 849 938 953
Compactness: 1379.425579
Weights: 234.000000 4377.000000 1197.000000
Center Node: 126

District 23
Nodes: 90 92 214 248 364 366 399 403 440 477 479 498 509 542 546 596 700 824 891 899 960
Compactness: 1224.042231
Weights: 247.000000 4442.000000 1179.000000
Center Node: 542

District 24
Nodes: 14 56 179 241 253 282 340 448 451 541 572 614 625 645 762 907 943 958 970 971
Compactness: 1059.553116
Weights: 247.000000 4400.000000 1126.000000
Center Node: 253

District 25
Nodes: 55 67 178 219 306 320 335 507 511 562 640 641 649 650 696 719 751 791 926
Compactness: 1093.836876
Weights: 236.000000 4102.000000 1232.000000
Center Node: 67

District 26
Nodes: 2 11 15 17 71 108 110 158 197 314 322 359 433 467 548 589 635 657 661 669 676 724 837
Compactness: 1376.365906
Weights: 267.000000 4169.000000 1236.000000
Center Node: 158

District 27
Nodes: 38 58 65 150 231 261 289 380 388 397 435 475 536 543 554 579 616 776 784 885 954 973 974
Compactness: 1109.569824
Weights: 251.000000 4454.000000 1225.000000
Center Node: 973

District 28
Nodes: 45 86 151 171 183 250 268 271 295 441 485 515 609 716 771 815 867 964 979
Compactness: 900.864059
Weights: 216.000000 4394.000000 1117.000000
Center Node: 964

District 29
Nodes: 47 98 168 207 259 264 272 281 352 469 549 620 713 726 841 864 911 952 997
Compactness: 1135.206595
Weights: 276.000000 4105.000000 1126.000000
Center Node: 168

District 30
Nodes: 99 174 220 232 256 284 400 401 402 418 428 573 599 612 677 681 785 786 788 886 981
Compactness: 1260.789334
Weights: 261.000000 4259.000000 1142.000000
Center Node: 599

District 31
Nodes: 19 83 216 227 292 395 396 505 530 537 581 606 617 664 684 720 736 770 801 993
Compactness: 1158.741112
Weights: 238.000000 4269.000000 1145.000000
Center Node: 664

District 32
Nodes: 33 66 78 114 137 167 169 365 372 383 462 484 503 533 673 721 831 910 940 949 975 987
Compactness: 1490.855896
Weights: 243.000000 4118.000000 1173.000000
Center Node: 383

District 33
Nodes: 3 21 35 89 173 189 195 326 328 349 394 437 540 547 558 564 569 709 875 988
Compactness: 1152.107378
Weights: 237.000000 4331.000000 1233.000000
Center Node: 564

District 34
Nodes: 27 84 96 157 175 176 199 201 217 367 398 446 481 602 631 731 821 847 894
Compactness: 1254.061200
Weights: 226.000000 4459.000000 1216.000000
Center Node: 631

District 35
Nodes: 43 79 85 107 116 160 221 257 274 327 371 391 575 584 658 699 793 799 921
Compactness: 1020.100554
Weights: 202.000000 4078.000000 1296.000000
Center Node: 327

District 36
Nodes: 117 213 246 324 384 432 457 514 578 604 644 660 718 732 800 881 966
Compactness: 1440.681167
Weights: 189.000000 4416.000000 1081.000000
Center Node: 384

District 37
Nodes: 16 159 200 305 308 344 351 476 482 508 552 633 745 749 822 844 934 969
Compactness: 961.977388
Weights: 220.000000 4267.000000 1123.000000
Center Node: 200

District 38
Nodes: 63 74 82 113 140 225 443 472 519 544 583 621 666 686 730 766 806 880 893 916
Compactness: 941.290242
Weights: 230.000000 4236.000000 1227.000000
Center Node: 225

District 39
Nodes: 29 145 309 317 417 449 506 568 613 689 743 775 809 818 828 846 870 876 928 933
Compactness: 1257.056565
Weights: 225.000000 4371.000000 1155.000000
Center Node: 568

District 40
Nodes: 9 61 94 125 166 170 283 293 363 385 488 559 600 619 628 694 761 767 838 861 932
Compactness: 1069.514454
Weights: 239.000000 4375.000000 1134.000000
Center Node: 861

District 41
Nodes: 142 218 234 297 356 561 563 577 594 624 656 678 685 710 722 735 878 908 919 999
Compactness: 943.339775
Weights: 258.000000 4334.000000 1125.000000
Center Node: 142

District 42
Nodes: 191 192 254 407 410 411 492 675 679 701 725 734 759 783 789 817 853 868 962 963
Compactness: 982.431023
Weights: 227.000000 4080.000000 1212.000000
Center Node: 789

District 43
Nodes: 42 54 75 101 136 186 252 423 442 517 520 738 777 797 825 856 877 915 959 980 982
Compactness: 1708.145615
Weights: 206.000000 4383.000000 952.000000
Center Node: 520

District 44
Nodes: 6 73 154 187 360 362 386 431 539 580 607 746 804 820 826 865 904 965 995
Compactness: 1252.435955
Weights: 245.000000 4078.000000 1113.000000
Center Node: 607

District 45
Nodes: 52 88 93 135 208 278 294 301 341 361 408 480 810 840 852 951 977 984
Compactness: 1167.377388
Weights: 231.000000 4356.000000 1179.000000
Center Node: 408

District 46
Nodes: 102 132 148 184 223 266 275 298 345 369 390 429 494 525 611 712 780 796 936 950 985
Compactness: 1300.879841
Weights: 244.000000 4351.000000 1173.000000
Center Node: 275

District 47
Nodes: 0 127 194 290 299 310 316 332 434 518 524 576 630 687 773 823 829 858 901 918
Compactness: 1103.033255
Weights: 306.000000 4372.000000 1133.000000
Center Node: 310

District 48
Nodes: 7 25 39 40 41 131 139 239 307 358 389 458 464 556 629 708 765 805 830 862
Compactness: 1121.994948
Weights: 272.000000 4370.000000 1122.000000
Center Node: 307

District 49
Nodes: 4 53 270 370 405 409 426 478 489 567 570 636 768 819 889
Compactness: 714.259478
Weights: 158.000000 4075.000000 1059.000000
Center Node: 489

District 50
Nodes: 34 44 76 172 193 202 211 269 291 315 550 632 637 744 754 832 836 930 941
Compactness: 1336.800103
Weights: 268.000000 4140.000000 1217.000000
Center Node: 44
