BalanceViolation 17334.360000
AffinityLoss 987.000000
Compactness 26835.557865
District 1
Nodes: 29 68 91 128 297 369 393
Compactness: 239.100631
Weights: 48.000000 1713.000000 379.000000
Center Node: 297

District 2
Nodes: 15 19 38 155 258 279 429 458
Compactness: 349.920120
Weights: 119.000000 1593.000000 545.000000
Center Node: 15

District 3
Nodes: 24 28 61 80 174 192 220 230 337 357 417 421
Compactness: 523.767704
Weights: 149.000000 3101.000000 667.000000
Center Node: 417

District 4
Nodes: 21 84 88 99 113 167 260 265 269 292 432
Compactness: 717.658679
Weights: 101.000000 2150.000000 553.000000
Center Node: 99

District 5
Nodes: 6 18 31 142 285 332 477 497
Compactness: 288.544294
Weights: 109.000000 1534.000000 412.000000
Center Node: 142

District 6
Nodes: 79 107 159 193 197 311 349 482
Compactness: 276.184390
Weights: 86.000000 1393.000000 449.000000
Center Node: 159

District 7
Nodes: 42 52 125 126 127 169 239 246 318 326 448
Compactness: 563.698008
Weights: 130.000000 1856.000000 735.000000
Center Node: 246

District 8
Nodes: 4 105 144 190 225 268 283 319 340 379 381 428
Compactness: 704.849498
Weights: 144.000000 2125.000000 668.000000
Center Node: 428

District 9
Nodes: 16 97 163 221 227 250 322 325 344 345 362
Compactness: 636.583389
Weights: 117.000000 1931.000000 644.000000
Center Node: 325

District 10
Nodes: 25 32 47 87 90 179 270 338 368 387 425 464 471
Compactness: 655.113366
Weights: 121.000000 3156.000000 699.000000
Center Node: 25

District 11
Nodes: 2 122 141 160 217 233 243 280 420
Compactness: 457.042395
Weights: 119.000000 2217.000000 499.000000
Center Node: 233

District 12
Nodes: 26 64 83 108 256 356 374 402 493
Compactness: 391.987943
Weights: 123.000000 1839.000000 539.000000
Center Node: 374

District 13
Nodes: 63 104 140 168 176 251 254 273 396 416 460 481
Compactness: 695.557527
Weights: 132.000000 2202.000000 871.000000
Center Node: 63

District 14
Nodes: 69 100 298 304 307 317 354 389 397 433
Compactness: 487.617200
Weights: 117.000000 1888.000000 616.000000
Center Node: 307

District 15
Nodes: 50 53 54 121 151 166 238 275 288 305 316 330 403 449 492
Compactness: 1268.911550
Weights: 166.000000 2791.000000 978.000000
Center Node: 305

District 16
Nodes: 13 194 212 247 306 320 333 400 405 412 469
Compactness: 759.503995
Weights: 125.000000 2199.000000 623.000000
Center Node: 212

District 17
Nodes: 175 178 200 206 207 241 266 294 302 327 375 431
Compactness: 616.197594
Weights: 118.000000 2157.000000 741.000000
Center Node: 200

District 18
Nodes: 49 57 73 98 145 218 390 392 406 408 410 418
Compactness: 779.066136
Weights: 155.000000 1913.000000 653.000000
Center Node: 218

District 19
Nodes: 12 118 143 146 224 341 353 376 442 456
Compactness: 474.026901
Weights: 107.000000 2047.000000 577.000000
Center Node: 224

District 20
Nodes: 33 82 95 111 152 172 211 234 252 335 342 413 414 478
Compactness: 672.401276
Weights: 196.000000 2275.000000 731.000000
Center Node: 413

District 21
Nodes: 101 147 301 309 321 366 377 419 435 453
Compactness: 543.098179
Weights: 127.000000 1646.000000 695.000000
Center Node: 377

District 22
Nodes: 23 59 173 249 358 360 440 450 495
Compactness: 391.140569
Weights: 109.000000 1553.000000 514.000000
Center Node: 360

District 23
Nodes: 0 1 115 130 150 183 263 329 486 496
Compactness: 342.358110
Weights: 107.000000 1461.000000 495.000000
Center Node: 1

District 24
Nodes: 7 46 70 71 76 86 110 129 133 134 148 213 215 480 487
Compactness: 987.484819
Weights: 170.000000 2289.000000 807.000000
Center Node: 46

District 25
Nodes: 55 170 180 186 231 293 324 367 370 438 439
Compactness: 814.934674
Weights: 101.000000 2519.000000 580.000000
Center Node: 170

District 26
Nodes: 14 34 157 235 299 300 363 422 441 472
Compactness: 401.767714
Weights: 128.000000 1929.000000 507.000000
Center Node: 14

District 27
Nodes: 40 62 67 81 184 209 244 452 476
Compactness: 279.553946
Weights: 80.000000 1648.000000 518.000000
Center Node: 452

District 28
Nodes: 41 44 78 85 94 135 202 204 259 388 463
Compactness: 560.711544
Weights: 118.000000 2656.000000 635.000000
Center Node: 85

District 29
Nodes: 8 9 22 102 185 208 271 281 315 336 339 465
Compactness: 1924.426672
Weights: 143.000000 2126.000000 711.000000
Center Node: 336

District 30
Nodes: 74 131 214 253 261 355 378 383 430 499
Compactness: 503.343371
Weights: 111.000000 2215.000000 453.000000
Center Node: 378

District 31
Nodes: 5 20 120 216 308 391 401 427 462 489
Compactness: 468.061707
Weights: 99.000000 2296.000000 737.000000
Center Node: 20

District 32
Nodes: 65 119 154 161 177 313 334 384 407 474
Compactness: 355.935525
Weights: 130.000000 1841.000000 616.000000
Center Node: 177

District 33
Nodes: 106 132 162 191 205 274 291 346 415 451
Compactness: 420.349710
Weights: 126.000000 2279.000000 526.000000
Center Node: 415

District 34
Nodes: 37 89 139 171 187 201 255 350 423 454 461
Compactness: 460.518987
Weights: 132.000000 2307.000000 506.000000
Center Node: 201

District 35
Nodes: 60 165 223 276 278 314 372 447
Compactness: 413.916198
Weights: 76.000000 1826.000000 405.000000
Center Node: 278

District 36
Nodes: 36 117 123 188 210 386 404 490
Compactness: 197.719803
Weights: 102.000000 1730.000000 520.000000
Center Node: 188

District 37
Nodes: 17 77 153 164 310 331 359 361 409 444 466
Compactness: 636.903932
Weights: 140.000000 2347.000000 601.000000
Center Node: 466

District 38
Nodes: 35 66 116 158 196 264 277 284 348 395 468
Compactness: 524.845686
Weights: 136.000000 1990.000000 573.000000
Center Node: 468

District 39
Nodes: 124 199 248 262 290 351 426 434 445 485 488
Compactness: 595.501299
Weights: 148.000000 2724.000000 541.000000
Center Node: 445

District 40
Nodes: 92 96 156 222 232 289 328 352 380 443
Compactness: 473.021570
Weights: 102.000000 2433.000000 652.000000
Center Node: 352

District 41
Nodes: 10 109 137 287 295 312 473
Compactness: 207.369648
Weights: 89.000000 1448.000000 434.000000
Center Node: 473

District 42
Nodes: 48 51 112 189 198 219 229 237 446
Compactness: 523.131553
Weights: 121.000000 1715.000000 567.000000
Center Node: 219

District 43
Nodes: 182 240 373 411 436 491 494
Compactness: 272.417002
Weights: 65.000000 1904.000000 462.000000
Center Node: 182

District 44
Nodes: 11 45 56 138 149 181 195 257 371 457 498
Compactness: 610.938081
Weights: 139.000000 1703.000000 652.000000
Center Node: 457

District 45
Nodes: 3 27 272 286 303 364 394 459
Compactness: 279.610859
Weights: 81.000000 2007.000000 426.000000
Center Node: 3

District 46
Nodes: 72 282 323 385 424 437 479 484
Compactness: 436.713065
Weights: 88.000000 1473.000000 398.000000
Center Node: 479

District 47
Nodes: 30 43 114 136 226 365 455 475
Compactness: 355.726389
Weights: 89.000000 1923.000000 288.000000
Center Node: 226

District 48
Nodes: 39 58 242 245 296 343 398 467
Compactness: 258.197132
Weights: 101.000000 1843.000000 399.000000
Center Node: 39

District 49
Nodes: 75 228 236 267 347
Compactness: 759.341790
Weights: 45.000000 748.000000 279.000000
Center Node: 236

District 50
Nodes: 93 103 203 382 399 470 483
Compactness: 278.785740
Weights: 104.000000 1650.000000 415.000000
Center Node: 483
