BalanceViolation 102.962000
AffinityLoss 1799.000000
Compactness 63340.751244
District 1
Nodes: 130 131 184 195 200 237 279 295 366 381 470 523 628 638 673 686 752 813 834 861 940 957
Compactness: 1059.441319
Weights: 268.000000 4575.000000 1041.000000
Center Node: 861

District 2
Nodes: 28 103 115 116 128 143 170 183 217 277 311 519 547 629 797 826 905 921 926 935 997
Compactness: 1084.273199
Weights: 223.000000 4088.000000 1224.000000
Center Node: 183

District 3
Nodes: 52 99 155 216 306 318 357 427 493 498 505 631 693 767 855 870 890 915 920
Compactness: 1057.151412
Weights: 217.000000 4523.000000 1202.000000
Center Node: 870

District 4
Nodes: 95 122 168 294 355 396 423 467 468 476 513 580 610 660 662 699 815 863 865
Compactness: 1020.933729
Weights: 219.000000 4235.000000 1099.000000
Center Node: 396

District 5
Nodes: 20 83 91 141 233 281 360 418 504 571 666 743 748 779 869 945 967 969 985 995
Compactness: 969.195143
Weights: 221.000000 3818.000000 1203.000000
Center Node: 969

District 6
Nodes: 5 27 31 55 67 76 79 112 119 134 176 194 218 275 448 685 695 707 711 778 912 947
Compactness: 1397.712376
Weights: 263.000000 3911.000000 1223.000000
Center Node: 695

District 7
Nodes: 23 34 72 231 317 328 343 380 420 445 481 520 562 624 678 764 769 886 888 992
Compactness: 1765.540632
Weights: 248.000000 4000.000000 1146.000000
Center Node: 420

District 8
Nodes: 9 81 151 154 161 167 196 205 338 365 502 601 677 763 792 814 838 949 956 970 989 993 998
Compactness: 4332.239680
Weights: 256.000000 4605.000000 1214.000000
Center Node: 196

District 9
Nodes: 32 94 174 209 219 262 268 315 354 405 555 606 681 697 754 766 807 923
Compactness: 932.255050
Weights: 269.000000 3804.000000 1140.000000
Center Node: 555

District 10
Nodes: 10 104 419 429 469 532 545 597 600 645 658 721 765 821 913 927 951 971
Compactness: 991.264326
Weights: 221.000000 3814.000000 1140.000000
Center Node: 913

District 11
Nodes: 129 241 258 289 312 431 480 492 611 663 729 733 734 759 760 761 798 831 845 897
Compactness: 1458.143142
Weights: 234.000000 4378.000000 1181.000000
Center Node: 760

District 12
Nodes: 19 37 51 56 74 132 165 210 236 296 313 394 450 512 537 623 691 790 939 988
Compactness: 905.587218
Weights: 268.000000 4473.000000 1194.000000
Center Node: 450

District 13
Nodes: 48 61 133 145 255 267 369 447 458 486 538 557 560 603 651 661 684 731 787 804 862 936
Compactness: 1317.427876
Weights: 267.000000 4511.000000 1016.000000
Center Node: 560

District 14
Nodes: 22 24 88 120 179 225 290 433 434 464 472 510 526 529 576 596 762 796 837 894 966
Compactness: 1214.214807
Weights: 267.000000 4448.000000 1109.000000
Center Node: 88

District 15
Nodes: 39 64 215 234 297 373 401 488 514 525 530 634 770 879 881 901 911 919 930 982
Compactness: 1213.376538
Weights: 250.000000 3907.000000 1122.000000
Center Node: 911

District 16
Nodes: 25 162 197 323 356 382 409 463 500 521 536 619 632 642 674 810 917 962
Compactness: 922.660896
Weights: 227.000000 4109.000000 1041.000000
Center Node: 500

District 17
Nodes: 1 60 73 111 212 224 247 266 359 378 391 411 499 620 654 683 713 714 817 829 864
Compactness: 1196.614996
Weights: 285.000000 3791.000000 1055.000000
Center Node: 829

District 18
Nodes: 0 53 98 139 223 244 298 304 334 494 535 630 644 726 740 808 827 868 965 978
Compactness: 1478.149450
Weights: 242.000000 3967.000000 1219.000000
Center Node: 827

District 19
Nodes: 45 54 108 135 203 273 299 421 449 475 495 540 613 657 717 805 819 891 918 928
Compactness: 1362.143655
Weights: 225.000000 3823.000000 1204.000000
Center Node: 819

District 20
Nodes: 65 117 173 280 443 524 574 579 615 616 718 736 738 741 789 799 898 925 933 941 974
Compactness: 1287.032182
Weights: 263.000000 4641.000000 1152.000000
Center Node: 524

District 21
Nodes: 38 70 85 178 228 263 292 400 438 509 570 577 592 598 633 732 757 883 929
Compactness: 1120.642870
Weights: 264.000000 4592.000000 1021.000000
Center Node: 883

District 22
Nodes: 3 11 12 62 92 144 206 227 235 246 276 285 332 344 370 371 670 724 859 977
Compactness: 1299.778844
Weights: 249.000000 4559.000000 1041.000000
Center Node: 285

District 23
Nodes: 86 156 240 257 264 284 325 362 372 417 424 589 641 649 737 836 846 892 893 972
Compactness: 1575.276923
Weights: 238.000000 3823.000000 1223.000000
Center Node: 641

District 24
Nodes: 102 142 211 352 474 487 507 533 565 568 583 627 676 716 777 820 885 958
Compactness: 1366.355477
Weights: 184.000000 4635.000000 1078.000000
Center Node: 474

District 25
Nodes: 43 50 204 232 272 274 282 345 348 384 436 446 465 586 648 715 751 828 830 876 932
Compactness: 1473.815189
Weights: 268.000000 4461.000000 1126.000000
Center Node: 43

District 26
Nodes: 14 89 308 341 412 503 517 612 650 667 669 705 739 784 840 857 872 986 999
Compactness: 978.516637
Weights: 234.000000 4607.000000 1125.000000
Center Node: 784

District 27
Nodes: 71 137 185 229 230 254 261 329 335 375 379 386 397 801 833 843 900 907 910
Compactness: 1062.052633
Weights: 253.000000 4003.000000 1106.000000
Center Node: 379

District 28
Nodes: 30 40 157 160 166 220 248 337 361 435 478 558 573 584 602 622 782 841 867 874 878 887
Compactness: 1281.659948
Weights: 266.000000 4607.000000 1205.000000
Center Node: 40

District 29
Nodes: 16 49 63 110 126 260 269 340 342 385 441 484 551 665 675 727 745 850 899 914 954 983
Compactness: 1681.485208
Weights: 280.000000 3840.000000 1106.000000
Center Node: 260

District 30
Nodes: 105 187 310 349 368 413 452 477 491 575 594 599 626 652 653 655 689 698 700 744
Compactness: 1165.449743
Weights: 252.000000 4625.000000 1051.000000
Center Node: 349

District 31
Nodes: 6 8 44 58 96 121 239 253 271 291 305 364 501 546 595 639 712 723 730
Compactness: 1036.502306
Weights: 257.000000 3930.000000 1061.000000
Center Node: 723

District 32
Nodes: 125 146 245 283 319 330 358 422 531 541 556 621 625 703 783 785 816 853 860 953 976
Compactness: 1504.919421
Weights: 229.000000 4022.000000 1102.000000
Center Node: 245

District 33
Nodes: 47 148 164 238 242 376 511 542 567 605 690 692 746 803 875 903 938 960
Compactness: 919.745527
Weights: 225.000000 3912.000000 1091.000000
Center Node: 875

District 34
Nodes: 15 36 78 93 221 303 321 414 462 485 544 566 851 856 904 908 924 973 980 987
Compactness: 1332.385364
Weights: 242.000000 4607.000000 1062.000000
Center Node: 851

District 35
Nodes: 82 136 159 169 201 202 213 322 327 428 457 515 561 668 753 776 909 964 968
Compactness: 998.477562
Weights: 220.000000 4634.000000 1063.000000
Center Node: 515

District 36
Nodes: 124 177 199 207 390 454 549 559 563 618 643 687 702 791 818 839 882 952 979
Compactness: 1055.459996
Weights: 248.000000 4490.000000 1025.000000
Center Node: 124

District 37
Nodes: 41 193 302 374 402 403 407 408 415 479 659 664 747 788 902 975 984
Compactness: 1003.798172
Weights: 232.000000 3890.000000 1045.000000
Center Node: 479

District 38
Nodes: 13 21 251 336 367 387 398 437 461 506 572 637 720 728 781 794 795 832 937 994
Compactness: 1809.540733
Weights: 254.000000 4178.000000 1010.000000
Center Node: 728

District 39
Nodes: 4 87 147 153 259 286 326 331 416 482 569 588 640 682 710 774 847 852 858 873 942 991
Compactness: 1475.984278
Weights: 246.000000 4600.000000 1205.000000
Center Node: 991

District 40
Nodes: 118 150 180 188 278 307 320 395 442 539 552 646 704 722 771 773 811 944 961
Compactness: 889.423465
Weights: 239.000000 3936.000000 1137.000000
Center Node: 307

District 41
Nodes: 2 46 68 75 222 287 300 346 490 516 582 585 671 696 824 884 934 963 990
Compactness: 1376.698491
Weights: 217.000000 4051.000000 1120.000000
Center Node: 934

District 42
Nodes: 77 191 270 383 389 393 430 451 453 455 508 587 590 591 694 749 809 842 896 948
Compactness: 1075.846186
Weights: 238.000000 4092.000000 1212.000000
Center Node: 590

District 43
Nodes: 66 97 107 138 198 351 410 473 483 496 534 614 636 680 708 709 755 844 877 996
Compactness: 1172.392154
Weights: 242.000000 3814.000000 1215.000000
Center Node: 680

District 44
Nodes: 17 171 190 252 265 293 363 392 456 466 554 604 647 725 756 772 786 823 825 906 943
Compactness: 1310.157244
Weights: 238.000000 4632.000000 1232.000000
Center Node: 786

District 45
Nodes: 35 84 113 123 140 149 181 192 214 339 406 471 656 735 742 812 835 889 895 981
Compactness: 1069.501859
Weights: 242.000000 4628.000000 1077.000000
Center Node: 656

District 46
Nodes: 18 29 100 152 163 175 186 208 256 440 459 460 489 527 548 608 635 688 701 922
Compactness: 1031.424121
Weights: 268.000000 4134.000000 1196.000000
Center Node: 175

District 47
Nodes: 7 57 59 69 333 347 404 425 432 439 578 607 672 706 780 802 806 866 916
Compactness: 939.093204
Weights: 198.000000 4267.000000 1021.000000
Center Node: 706

District 48
Nodes: 26 33 80 114 127 182 226 350 426 444 528 543 679 768 775 800 849 880 931 955
Compactness: 1209.652332
Weights: 260.000000 3812.000000 1138.000000
Center Node: 426

District 49
Nodes: 90 101 106 158 172 189 249 301 316 324 353 388 497 518 522 553 581 617 719 758 848 946
Compactness: 1075.970378
Weights: 260.000000 4511.000000 1124.000000
Center Node: 172

District 50
Nodes: 42 109 243 250 288 309 314 377 399 550 564 593 609 750 793 822 854 871 950 959
Compactness: 1083.387355
Weights: 222.000000 3811.000000 1078.000000
Center Node: 750
