BalanceViolation 514.132000
AffinityLoss 1883.000000
Compactness 60062.283484
District 1
Nodes: 13 97 182 198 245 325 334 348 349 393 394 430 495 545 569 674 705 890 895 913 989
Compactness: 964.964238
Weights: 250.000000 3880.000000 1141.000000
Center Node: 198

District 2
Nodes: 50 64 104 156 235 255 279 378 396 521 530 555 606 659 683 684 739 750 770 801 892
Compactness: 1249.586658
Weights: 224.000000 3910.000000 1269.000000
Center Node: 606

District 3
Nodes: 133 153 155 181 229 296 323 347 425 460 483 662 778 887 897 914 924 929 968
Compactness: 989.977969
Weights: 213.000000 4299.000000 1240.000000
Center Node: 229

District 4
Nodes: 54 206 244 302 368 423 439 470 520 601 647 693 729 774 777 803 808 851 877 915 959
Compactness: 1289.758982
Weights: 238.000000 4549.000000 1047.000000
Center Node: 601

District 5
Nodes: 22 95 111 165 180 190 209 215 242 258 288 331 415 447 501 597 639 655 706 976 994
Compactness: 1248.662614
Weights: 240.000000 4240.000000 1173.000000
Center Node: 447

District 6
Nodes: 12 124 162 177 238 445 499 531 533 535 557 702 742 790 835 850 946 967 998
Compactness: 1043.125493
Weights: 237.000000 4632.000000 1033.000000
Center Node: 850

District 7
Nodes: 191 192 254 336 407 410 411 492 493 522 623 675 679 703 717 725 734 783 789 817 853 963
Compactness: 1414.900332
Weights: 264.000000 4294.000000 1269.000000
Center Node: 783

District 8
Nodes: 77 88 93 208 278 330 341 361 408 480 688 715 810 840 852 951 961 977 984
Compactness: 1033.605219
Weights: 252.000000 4384.000000 1271.000000
Center Node: 93

District 9
Nodes: 9 26 61 94 125 166 170 283 293 363 382 385 588 600 694 767 838 861 932 991
Compactness: 827.135403
Weights: 219.000000 3973.000000 1088.000000
Center Node: 767

District 10
Nodes: 0 43 79 85 106 160 214 221 327 371 518 524 584 658 687 699 793 799 829 921
Compactness: 1198.176171
Weights: 223.000000 4341.000000 1275.000000
Center Node: 793

District 11
Nodes: 91 149 205 300 365 453 490 565 640 648 661 671 721 740 755 839 845 957
Compactness: 942.621742
Weights: 263.000000 3896.000000 1075.000000
Center Node: 845

District 12
Nodes: 10 24 31 59 60 103 131 226 246 286 324 333 375 458 474 622 629 644 651 732 758 881 986
Compactness: 1434.825442
Weights: 259.000000 4613.000000 1258.000000
Center Node: 474

District 13
Nodes: 14 120 179 241 253 298 340 351 427 494 525 541 552 572 591 602 614 625 833 900 943
Compactness: 1091.863686
Weights: 226.000000 4494.000000 1150.000000
Center Node: 525

District 14
Nodes: 154 220 232 256 360 362 386 400 402 418 431 607 612 746 785 804 820 904 995
Compactness: 831.389506
Weights: 260.000000 3969.000000 1111.000000
Center Node: 232

District 15
Nodes: 32 212 224 243 354 404 582 592 613 743 775 787 846 870 876 933 935
Compactness: 823.840812
Weights: 170.000000 3799.000000 1016.000000
Center Node: 404

District 16
Nodes: 115 132 230 266 294 350 369 374 381 438 466 486 618 642 643 690 712 747 807 872 905
Compactness: 1539.924725
Weights: 254.000000 4626.000000 1201.000000
Center Node: 807

District 17
Nodes: 46 72 134 141 146 185 249 287 392 459 502 504 587 672 794 842 854 879 898 955 956
Compactness: 1272.194687
Weights: 252.000000 4468.000000 1087.000000
Center Node: 185

District 18
Nodes: 36 87 203 237 299 304 316 377 436 680 697 707 760 773 792 909 962 990
Compactness: 1072.709555
Weights: 271.000000 4138.000000 1053.000000
Center Node: 760

District 19
Nodes: 45 142 171 234 250 268 441 485 515 577 594 609 624 656 771 815 867 919 964 999
Compactness: 1196.418680
Weights: 215.000000 4631.000000 1128.000000
Center Node: 515

District 20
Nodes: 57 82 262 338 472 500 528 585 621 653 695 714 766 782 798 813 816 873 910 916 938 949
Compactness: 1696.914013
Weights: 246.000000 3946.000000 1279.000000
Center Node: 472

District 21
Nodes: 49 65 129 157 201 267 306 335 380 413 534 536 543 616 627 719 731 894 903
Compactness: 1121.405641
Weights: 228.000000 4660.000000 1109.000000
Center Node: 129

District 22
Nodes: 30 42 51 75 101 119 123 228 260 456 517 526 636 727 797 814 819 866 869 889
Compactness: 983.553214
Weights: 219.000000 4451.000000 1217.000000
Center Node: 869

District 23
Nodes: 48 128 130 172 193 211 222 269 359 376 424 455 632 637 744 752 896 930
Compactness: 934.047602
Weights: 249.000000 3885.000000 1109.000000
Center Node: 424

District 24
Nodes: 20 52 135 188 216 247 292 301 313 516 581 664 667 691 720 736 763 972 983
Compactness: 1501.336279
Weights: 257.000000 4449.000000 1146.000000
Center Node: 581

District 25
Nodes: 25 40 117 305 308 344 379 464 508 578 604 660 682 708 718 800 805 934 969
Compactness: 846.614754
Weights: 238.000000 4552.000000 1180.000000
Center Node: 800

District 26
Nodes: 28 196 236 285 357 387 416 421 468 523 574 608 802 871 937 944
Compactness: 773.439158
Weights: 185.000000 3676.000000 993.000000
Center Node: 387

District 27
Nodes: 5 107 163 204 218 257 274 353 366 391 399 546 563 678 700 710 874 878 891 912
Compactness: 1196.227405
Weights: 242.000000 4347.000000 1269.000000
Center Node: 546

District 28
Nodes: 1 98 127 168 207 264 290 310 434 513 576 630 713 823 858 901 918 952
Compactness: 1855.683534
Weights: 277.000000 3883.000000 1053.000000
Center Node: 858

District 29
Nodes: 90 92 183 240 248 332 364 403 440 477 479 498 509 542 596 701 759 824 868 882 899 960
Compactness: 1837.827475
Weights: 264.000000 4550.000000 1251.000000
Center Node: 868

District 30
Nodes: 33 66 78 114 137 167 169 273 319 337 372 383 462 484 503 673 831 939 940 975 987
Compactness: 1377.825984
Weights: 231.000000 3952.000000 1201.000000
Center Node: 383

District 31
Nodes: 23 69 122 126 276 277 311 318 342 452 461 491 497 510 532 598 665 812 849 953
Compactness: 965.387024
Weights: 218.000000 4524.000000 1083.000000
Center Node: 342

District 32
Nodes: 19 83 227 251 321 346 395 471 505 537 551 617 733 748 859 920 923 925 993 996
Compactness: 1138.833399
Weights: 221.000000 4074.000000 1049.000000
Center Node: 993

District 33
Nodes: 3 35 173 195 326 328 329 437 444 487 540 547 558 590 652 709 875 902 988
Compactness: 1048.522273
Weights: 237.000000 3887.000000 1188.000000
Center Node: 328

District 34
Nodes: 56 81 102 148 184 223 275 345 390 429 451 611 626 780 796 863 917 936 950 985 992
Compactness: 1139.373170
Weights: 247.000000 4386.000000 1251.000000
Center Node: 950

District 35
Nodes: 55 67 68 164 178 219 320 507 511 605 646 649 650 696 751 806 811 926 947 948
Compactness: 1110.115940
Weights: 262.000000 4113.000000 1232.000000
Center Node: 178

District 36
Nodes: 16 121 143 159 200 280 373 476 482 496 633 645 745 749 781 822 844 958 978
Compactness: 1036.825070
Weights: 227.000000 4466.000000 1157.000000
Center Node: 280

District 37
Nodes: 7 39 41 139 239 271 297 307 356 358 389 556 561 685 722 735 765 769 830 862 908
Compactness: 1354.249861
Weights: 292.000000 4208.000000 1074.000000
Center Node: 41

District 38
Nodes: 62 70 112 144 213 339 384 414 432 457 473 514 571 615 663 668 843 857 883 922 966
Compactness: 1603.448607
Weights: 234.000000 4400.000000 1254.000000
Center Node: 668

District 39
Nodes: 18 86 100 109 118 151 265 295 355 419 420 422 463 692 716 827 927 942 979
Compactness: 827.347796
Weights: 235.000000 4588.000000 1255.000000
Center Node: 100

District 40
Nodes: 4 53 270 282 370 448 450 489 527 567 570 737 762 768 855 907 970 971
Compactness: 716.832976
Weights: 193.000000 4532.000000 1144.000000
Center Node: 567

District 41
Nodes: 8 136 186 233 252 263 312 442 465 538 619 654 698 704 723 738 825 856 906 931 980 982
Compactness: 2430.002756
Weights: 253.000000 4553.000000 1240.000000
Center Node: 704

District 42
Nodes: 27 84 96 175 176 199 217 367 398 405 406 409 426 446 478 481 559 631 821 847
Compactness: 1017.678959
Weights: 248.000000 4332.000000 1146.000000
Center Node: 199

District 43
Nodes: 29 89 145 303 309 317 412 417 449 506 564 568 689 728 756 809 818 828 928
Compactness: 1418.725433
Weights: 205.000000 3753.000000 1083.000000
Center Node: 309

District 44
Nodes: 6 37 47 116 138 147 152 194 343 352 575 580 595 610 711 772 795 834 841 888
Compactness: 1334.666190
Weights: 251.000000 3988.000000 1198.000000
Center Node: 795

District 45
Nodes: 38 58 150 231 261 289 388 397 435 475 488 548 554 579 628 669 761 776 784 885 954 973 974
Compactness: 1114.897044
Weights: 250.000000 4638.000000 1228.000000
Center Node: 475

District 46
Nodes: 99 105 174 284 401 428 553 560 573 599 670 677 681 753 786 788 848 860 886 945 981
Compactness: 1155.833325
Weights: 249.000000 3858.000000 1116.000000
Center Node: 401

District 47
Nodes: 73 187 210 259 272 281 469 529 539 549 620 638 726 826 864 865 911 965 997
Compactness: 1242.921716
Weights: 275.000000 4023.000000 1046.000000
Center Node: 911

District 48
Nodes: 63 74 113 140 161 225 443 512 519 544 566 583 666 686 730 764 779 880 884 893
Compactness: 847.006848
Weights: 251.000000 4560.000000 1238.000000
Center Node: 113

District 49
Nodes: 34 44 76 80 197 202 291 315 454 550 586 593 603 634 741 754 757 832 836 941
Compactness: 1485.491509
Weights: 262.000000 3882.000000 1240.000000
Center Node: 76

District 50
Nodes: 2 11 15 17 21 71 108 110 158 189 314 322 433 467 562 589 635 641 657 676 724 791 837
Compactness: 1483.566615
Weights: 243.000000 4144.000000 1230.000000
Center Node: 2
