BalanceViolation 0.000000
AffinityLoss 766.000000
Compactness 52382.332500
District 1
Nodes: 3 4 8 34 64 71 84 120 130 132 155 178 204 224 231 232 287 294 303 395 407 413 457 466
Compactness: 2627.806120
Weights: 335.000000 5004.000000 1499.000000
Center Node: 34

District 2
Nodes: 30 41 54 62 101 122 150 188 246 256 263 268 289 315 319 338 349 365 369 389 396 403 433 469 471
Compactness: 2272.217437
Weights: 326.000000 5571.000000 1348.000000
Center Node: 433

District 3
Nodes: 33 61 82 116 177 220 235 243 254 259 260 264 280 305 308 317 345 352 372 379 394 430 435 436 477
Compactness: 2590.285561
Weights: 312.000000 5556.000000 1535.000000
Center Node: 260

District 4
Nodes: 9 72 77 79 93 114 118 129 142 146 149 176 213 267 275 285 302 358 363 366 398 428 439 465 476 482 485 496
Compactness: 5345.417282
Weights: 302.000000 5893.000000 1571.000000
Center Node: 213

District 5
Nodes: 16 38 43 48 50 53 57 98 154 183 197 214 233 249 261 277 306 313 322 347 383 385 392 393 399 408 416 462
Compactness: 2780.781614
Weights: 325.000000 4941.000000 1567.000000
Center Node: 38

District 6
Nodes: 15 63 68 103 107 108 119 123 143 186 187 207 217 253 266 281 300 360 381 418 448 463 498
Compactness: 2680.785848
Weights: 283.000000 5520.000000 1395.000000
Center Node: 253

District 7
Nodes: 29 86 91 147 151 161 162 163 165 257 279 292 312 354 364 371 377 397 411 421 427 449 478 499
Compactness: 2858.403266
Weights: 316.000000 5129.000000 1311.000000
Center Node: 499

District 8
Nodes: 0 35 37 78 131 152 156 174 192 200 201 205 225 239 255 293 341 361 391 401 425 431 438 472 495 497
Compactness: 2174.480116
Weights: 328.000000 5070.000000 1317.000000
Center Node: 201

District 9
Nodes: 7 14 18 31 39 90 96 110 113 193 228 245 247 343 344 400 415 423 432 434 459 467 484 486 487 494
Compactness: 2350.995706
Weights: 324.000000 5895.000000 1434.000000
Center Node: 110

District 10
Nodes: 5 12 17 26 49 51 55 66 87 94 172 206 242 262 283 288 316 348 350 380 483 488
Compactness: 1725.855395
Weights: 293.000000 5015.000000 1320.000000
Center Node: 262

District 11
Nodes: 22 24 28 117 137 141 159 180 191 202 222 248 258 297 324 331 333 346 376 452 454 455 473 493
Compactness: 1888.983021
Weights: 279.000000 5186.000000 1576.000000
Center Node: 376

District 12
Nodes: 1 21 27 40 73 76 85 89 97 104 109 125 139 169 185 219 221 227 310 311 314 328 384
Compactness: 1980.637238
Weights: 318.000000 5039.000000 1525.000000
Center Node: 40

District 13
Nodes: 25 69 80 95 140 157 190 208 212 216 290 325 351 362 406 419 420 426 446 461 470 474 475
Compactness: 2694.711195
Weights: 306.000000 5367.000000 1320.000000
Center Node: 95

District 14
Nodes: 10 19 42 58 59 67 138 153 166 199 211 226 230 236 237 251 252 265 299 335 422 450
Compactness: 2074.170745
Weights: 281.000000 5021.000000 1375.000000
Center Node: 450

District 15
Nodes: 56 74 88 133 144 160 168 170 179 182 184 203 234 240 270 271 273 296 330 339 353 356 402 445 447 458
Compactness: 2361.158396
Weights: 327.000000 5864.000000 1303.000000
Center Node: 447

District 16
Nodes: 11 13 44 45 52 60 70 81 100 111 128 194 238 274 284 295 307 329 340 368 378 388 409 414 443 464 490
Compactness: 2640.197912
Weights: 340.000000 5465.000000 1428.000000
Center Node: 409

District 17
Nodes: 6 46 105 106 121 124 126 127 134 135 148 175 209 210 215 269 278 321 323 327 357 359 367 373 382 412 479 491
Compactness: 3353.219353
Weights: 317.000000 5540.000000 1463.000000
Center Node: 135

District 18
Nodes: 36 112 164 171 173 189 196 218 282 286 291 304 318 326 336 337 355 370 375 390 410 442 451 480 489
Compactness: 3182.200294
Weights: 283.000000 5044.000000 1503.000000
Center Node: 326

District 19
Nodes: 23 65 83 92 99 115 136 158 167 195 223 272 301 309 332 374 386 387 404 405 417 437 440 441 456 460 468 492
Compactness: 3010.408897
Weights: 320.000000 5860.000000 1575.000000
Center Node: 460

District 20
Nodes: 2 20 32 47 75 102 145 181 198 229 241 244 250 276 298 320 334 342 424 429 444 453 481
Compactness: 1789.617102
Weights: 279.000000 5261.000000 1428.000000
Center Node: 481
