BalanceViolation 981.458000
AffinityLoss 962.000000
Compactness 31740.030853
District 1
Nodes: 12 71 148 186 231 310 311 338 363 454
Compactness: 473.753778
Weights: 102.000000 2244.000000 551.000000
Center Node: 338

District 2
Nodes: 38 41 70 131 143 273 280 291 313
Compactness: 473.682705
Weights: 90.000000 1918.000000 408.000000
Center Node: 280

District 3
Nodes: 66 113 301 304 333 418 439 443 458 468
Compactness: 668.824927
Weights: 128.000000 2080.000000 599.000000
Center Node: 66

District 4
Nodes: 13 72 108 128 235 265 266 269 375
Compactness: 418.174087
Weights: 104.000000 2140.000000 531.000000
Center Node: 72

District 5
Nodes: 86 134 146 192 199 222 228 321 329 482 486
Compactness: 995.582433
Weights: 120.000000 2223.000000 497.000000
Center Node: 134

District 6
Nodes: 84 98 129 135 149 221 308 355 464
Compactness: 559.146795
Weights: 103.000000 2141.000000 564.000000
Center Node: 355

District 7
Nodes: 23 27 36 43 59 118 172 214 248 489
Compactness: 459.760613
Weights: 113.000000 1934.000000 574.000000
Center Node: 118

District 8
Nodes: 67 77 262 298 306 370 372 420 466
Compactness: 1591.535277
Weights: 105.000000 1999.000000 655.000000
Center Node: 298

District 9
Nodes: 52 184 200 209 253 367 416 467
Compactness: 251.620347
Weights: 107.000000 2285.000000 492.000000
Center Node: 416

District 10
Nodes: 73 88 92 245 345 380 447 465
Compactness: 733.272367
Weights: 99.000000 2257.000000 523.000000
Center Node: 447

District 11
Nodes: 8 96 141 314 353 397 421 473 493
Compactness: 297.957550
Weights: 126.000000 1934.000000 592.000000
Center Node: 141

District 12
Nodes: 11 42 106 111 117 201 205 224 279 346
Compactness: 587.725933
Weights: 113.000000 1992.000000 597.000000
Center Node: 42

District 13
Nodes: 2 107 145 173 258 400 442 456 469 477
Compactness: 698.506476
Weights: 130.000000 2031.000000 616.000000
Center Node: 173

District 14
Nodes: 33 63 123 150 166 208 212 292 312 319 410 430
Compactness: 716.695981
Weights: 121.000000 1844.000000 657.000000
Center Node: 123

District 15
Nodes: 103 139 177 196 237 261 398 428 448
Compactness: 570.460614
Weights: 102.000000 1741.000000 587.000000
Center Node: 448

District 16
Nodes: 0 37 44 91 100 142 178 318 365 366 368 441
Compactness: 604.296780
Weights: 134.000000 2047.000000 641.000000
Center Node: 0

District 17
Nodes: 48 61 130 160 163 191 239 254 287 320 354 386
Compactness: 1098.993770
Weights: 134.000000 2189.000000 581.000000
Center Node: 354

District 18
Nodes: 10 39 65 158 223 246 337 381
Compactness: 489.047714
Weights: 99.000000 2010.000000 422.000000
Center Node: 39

District 19
Nodes: 155 185 226 251 295 399 411 496
Compactness: 328.349744
Weights: 101.000000 2175.000000 507.000000
Center Node: 185

District 20
Nodes: 14 170 176 183 288 297 387 444 452 463
Compactness: 633.324379
Weights: 107.000000 1833.000000 619.000000
Center Node: 387

District 21
Nodes: 105 127 159 171 194 198 316 330 388 485
Compactness: 516.145857
Weights: 122.000000 2087.000000 581.000000
Center Node: 330

District 22
Nodes: 3 137 151 232 257 271 302 349 364 427 457
Compactness: 894.865300
Weights: 110.000000 1836.000000 686.000000
Center Node: 271

District 23
Nodes: 7 54 167 238 242 272 284 352 402 413 429 451
Compactness: 1136.500748
Weights: 107.000000 2163.000000 679.000000
Center Node: 402

District 24
Nodes: 109 119 133 161 195 283 335 344 350 373 414 435 478
Compactness: 778.679154
Weights: 161.000000 2228.000000 598.000000
Center Node: 109

District 25
Nodes: 17 29 90 120 187 247 259 377 396 438 481
Compactness: 747.488866
Weights: 105.000000 2224.000000 547.000000
Center Node: 90

District 26
Nodes: 25 82 182 190 219 296 409 417
Compactness: 311.651036
Weights: 112.000000 2005.000000 570.000000
Center Node: 417

District 27
Nodes: 19 24 125 154 218 227 362 393 412 479
Compactness: 678.735853
Weights: 111.000000 2163.000000 547.000000
Center Node: 479

District 28
Nodes: 56 64 168 181 206 282 326 332 347 440
Compactness: 536.792233
Weights: 116.000000 1964.000000 641.000000
Center Node: 440

District 29
Nodes: 97 114 156 210 243 303 323 384 461
Compactness: 547.202018
Weights: 109.000000 1872.000000 460.000000
Center Node: 323

District 30
Nodes: 15 18 35 286 307 348 359 403 471 497
Compactness: 507.442408
Weights: 124.000000 1835.000000 516.000000
Center Node: 403

District 31
Nodes: 16 21 49 85 274 293 374 436 445
Compactness: 382.608193
Weights: 98.000000 2001.000000 484.000000
Center Node: 374

District 32
Nodes: 4 47 74 116 126 225 236 277 357 371
Compactness: 486.936805
Weights: 114.000000 1863.000000 613.000000
Center Node: 225

District 33
Nodes: 5 60 68 94 165 241 276 325 391 419 431
Compactness: 512.823867
Weights: 137.000000 1848.000000 585.000000
Center Node: 68

District 34
Nodes: 110 234 250 328 339 395 408 437 453
Compactness: 468.388741
Weights: 126.000000 2165.000000 586.000000
Center Node: 408

District 35
Nodes: 1 102 122 213 263 278 376 382 415 455 460
Compactness: 787.319254
Weights: 125.000000 2184.000000 608.000000
Center Node: 460

District 36
Nodes: 50 83 202 211 220 270 340 459 476
Compactness: 634.325464
Weights: 128.000000 2178.000000 521.000000
Center Node: 202

District 37
Nodes: 20 28 132 140 144 169 336 378 434 475 480 483
Compactness: 802.568924
Weights: 135.000000 2033.000000 626.000000
Center Node: 378

District 38
Nodes: 57 62 93 121 138 315 342 360 446 450 470 499
Compactness: 1142.278268
Weights: 143.000000 2016.000000 595.000000
Center Node: 57

District 39
Nodes: 31 58 95 104 147 152 275 334 432 491
Compactness: 404.131399
Weights: 109.000000 2171.000000 580.000000
Center Node: 104

District 40
Nodes: 32 162 188 281 300 317 331 361 487
Compactness: 482.054335
Weights: 103.000000 1983.000000 552.000000
Center Node: 281

District 41
Nodes: 75 80 174 215 244 260 267 299 424 449 495
Compactness: 638.405022
Weights: 113.000000 1811.000000 618.000000
Center Node: 495

District 42
Nodes: 26 55 69 216 290 351 379 401 492
Compactness: 581.068099
Weights: 86.000000 2312.000000 537.000000
Center Node: 401

District 43
Nodes: 53 81 115 197 217 327 383 394 423
Compactness: 662.769157
Weights: 100.000000 2060.000000 584.000000
Center Node: 217

District 44
Nodes: 99 157 164 203 264 289 369 385 426 494
Compactness: 606.700834
Weights: 156.000000 1960.000000 534.000000
Center Node: 99

District 45
Nodes: 6 34 45 204 256 322 389 404 406 498
Compactness: 531.471823
Weights: 128.000000 1897.000000 610.000000
Center Node: 389

District 46
Nodes: 30 51 87 136 179 230 252 305 462 488
Compactness: 590.269386
Weights: 113.000000 2185.000000 579.000000
Center Node: 51

District 47
Nodes: 22 40 79 89 189 229 392 433 472 474 490
Compactness: 585.309017
Weights: 125.000000 1813.000000 632.000000
Center Node: 79

District 48
Nodes: 78 175 207 285 294 341 343 390 405 407 484
Compactness: 888.119260
Weights: 123.000000 2066.000000 616.000000
Center Node: 484

District 49
Nodes: 9 46 76 153 180 233 240 268 358 422
Compactness: 496.777970
Weights: 117.000000 2017.000000 602.000000
Center Node: 422

District 50
Nodes: 101 112 124 193 249 255 309 324 356 425
Compactness: 749.489294
Weights: 142.000000 2110.000000 525.000000
Center Node: 425
