BalanceViolation 23.612500
AffinityLoss 832.000000
Compactness 56455.430474
District 1
Nodes: 32 47 56 77 79 114 133 142 146 160 163 176 184 213 296 330 334 342 363 366 400 428 465 485
Compactness: 3973.384792
Weights: 298.000000 5606.000000 1430.000000
Center Node: 77

District 2
Nodes: 33 82 116 173 177 220 235 243 254 260 280 282 304 305 308 317 345 355 370 372 390 394 430 477 480
Compactness: 2045.382705
Weights: 285.000000 5498.000000 1496.000000
Center Node: 220

District 3
Nodes: 29 86 91 117 151 161 222 248 258 297 324 333 346 354 364 377 397 409 411 414 421 449 478 499
Compactness: 2671.099096
Weights: 327.000000 5519.000000 1435.000000
Center Node: 364

District 4
Nodes: 41 62 65 92 101 115 150 167 188 195 206 223 268 285 309 315 319 338 349 369 433 437 469 482
Compactness: 3591.315169
Weights: 303.000000 5315.000000 1467.000000
Center Node: 223

District 5
Nodes: 25 105 124 126 127 134 154 157 190 209 210 212 216 323 351 357 359 373 382 412 420 426 446 475 479 491
Compactness: 3763.230785
Weights: 325.000000 5393.000000 1395.000000
Center Node: 154

District 6
Nodes: 15 23 63 68 103 107 108 119 136 186 187 207 250 253 266 281 300 381 405 418 463 474 492 498
Compactness: 2596.906612
Weights: 295.000000 5493.000000 1376.000000
Center Node: 207

District 7
Nodes: 0 4 8 13 46 78 131 156 175 201 239 259 269 274 293 295 341 361 379 388 401 407 425 431 461 495 497
Compactness: 2813.964709
Weights: 324.000000 5449.000000 1423.000000
Center Node: 431

District 8
Nodes: 19 57 59 153 164 166 196 199 211 214 226 230 236 237 265 286 306 318 337 383 392 399 442 450 489
Compactness: 2166.347261
Weights: 295.000000 5105.000000 1503.000000
Center Node: 199

District 9
Nodes: 7 22 24 31 64 137 141 159 180 191 193 202 294 303 376 415 434 452 454 455 467 473 484 487 493 494
Compactness: 2307.257515
Weights: 325.000000 5125.000000 1508.000000
Center Node: 191

District 10
Nodes: 2 69 74 88 95 140 144 155 168 170 179 182 203 234 270 273 276 356 362 419 429 445 447 458
Compactness: 1949.077207
Weights: 295.000000 5516.000000 1383.000000
Center Node: 170

District 11
Nodes: 1 16 21 27 37 40 85 89 97 98 104 139 169 200 215 219 221 227 277 278 314 328 385 416
Compactness: 2099.415836
Weights: 315.000000 5144.000000 1520.000000
Center Node: 219

District 12
Nodes: 5 17 49 51 55 66 87 94 99 233 242 252 262 283 288 316 347 348 350 408 441 483 488
Compactness: 1488.120997
Weights: 301.000000 5273.000000 1380.000000
Center Node: 262

District 13
Nodes: 3 28 34 71 84 120 130 132 147 178 204 224 231 232 257 279 287 292 312 331 371 395 413 466 470
Compactness: 2357.653765
Weights: 325.000000 5121.000000 1379.000000
Center Node: 287

District 14
Nodes: 11 44 45 52 60 70 81 100 111 128 162 165 174 194 238 284 307 329 340 368 378 427 438 443 457 464 490
Compactness: 3958.359105
Weights: 325.000000 5370.000000 1448.000000
Center Node: 194

District 15
Nodes: 10 30 38 42 48 50 54 58 67 122 138 171 172 256 263 289 299 313 335 365 380 389 396 403 422 451 471
Compactness: 2907.892829
Weights: 307.000000 5505.000000 1470.000000
Center Node: 58

District 16
Nodes: 14 18 39 72 90 96 110 113 228 241 245 247 271 302 339 343 344 353 398 402 423 432 459 486
Compactness: 2264.650221
Weights: 290.000000 5521.000000 1401.000000
Center Node: 14

District 17
Nodes: 6 36 43 53 112 135 148 183 185 189 197 218 249 251 261 290 291 321 322 325 326 336 375 393 410 462
Compactness: 5228.565746
Weights: 324.000000 5126.000000 1433.000000
Center Node: 148

District 18
Nodes: 9 20 75 93 102 118 129 145 149 181 198 229 240 244 267 275 298 320 358 424 439 444 453 476 481 496
Compactness: 2015.791986
Weights: 296.000000 5595.000000 1472.000000
Center Node: 453

District 19
Nodes: 12 26 80 83 123 143 158 208 217 246 272 301 332 360 374 386 387 404 406 417 440 448 456 460 468
Compactness: 2921.984971
Weights: 322.000000 5446.000000 1404.000000
Center Node: 158

District 20
Nodes: 35 61 73 76 106 109 121 125 152 192 205 225 255 264 310 311 327 352 367 384 391 435 436 472
Compactness: 3335.029165
Weights: 317.000000 5121.000000 1470.000000
Center Node: 125
