BalanceViolation 1094.700000
AffinityLoss 949.000000
Compactness 30210.359017
District 1
Nodes: 17 30 48 308 325 400 451 469 491
Compactness: 566.626902
Weights: 111.000000 2296.000000 525.000000
Center Node: 48

District 2
Nodes: 19 65 73 177 240 241 249 306 428
Compactness: 652.412805
Weights: 103.000000 2033.000000 525.000000
Center Node: 19

District 3
Nodes: 50 96 146 271 296 330 337 350 358 372
Compactness: 692.731728
Weights: 127.000000 1914.000000 605.000000
Center Node: 337

District 4
Nodes: 131 147 148 196 205 222 227 320 395 453
Compactness: 492.243554
Weights: 134.000000 2209.000000 567.000000
Center Node: 320

District 5
Nodes: 6 8 195 309 341 378 439 461 493
Compactness: 559.356573
Weights: 139.000000 1939.000000 529.000000
Center Node: 461

District 6
Nodes: 16 117 119 252 353 404 432 492 494
Compactness: 300.438715
Weights: 108.000000 2290.000000 516.000000
Center Node: 16

District 7
Nodes: 9 52 77 204 207 251 335 379 409 415 440 463
Compactness: 904.076335
Weights: 125.000000 1943.000000 728.000000
Center Node: 409

District 8
Nodes: 141 157 185 206 259 321 354 357 422 446
Compactness: 627.633756
Weights: 120.000000 2323.000000 517.000000
Center Node: 259

District 9
Nodes: 37 94 171 284 294 382 466 468 487
Compactness: 460.220400
Weights: 108.000000 2316.000000 548.000000
Center Node: 171

District 10
Nodes: 127 155 192 244 277 363 429 483 485
Compactness: 449.875699
Weights: 117.000000 2365.000000 521.000000
Center Node: 483

District 11
Nodes: 20 26 116 179 231 246 285 361 396
Compactness: 438.301494
Weights: 113.000000 2062.000000 582.000000
Center Node: 285

District 12
Nodes: 93 103 263 332 375 390 401 418 427 435
Compactness: 708.936895
Weights: 110.000000 2054.000000 667.000000
Center Node: 418

District 13
Nodes: 135 187 194 203 215 311 360 467 479
Compactness: 379.476317
Weights: 108.000000 2020.000000 625.000000
Center Node: 311

District 14
Nodes: 1 28 88 118 154 216 253 289 323 445 452
Compactness: 580.225993
Weights: 111.000000 2288.000000 558.000000
Center Node: 445

District 15
Nodes: 10 44 70 115 121 193 236 276 443
Compactness: 529.129101
Weights: 115.000000 2058.000000 620.000000
Center Node: 276

District 16
Nodes: 60 100 123 129 162 182 200 279 346 398 454 498
Compactness: 747.037641
Weights: 144.000000 1908.000000 641.000000
Center Node: 100

District 17
Nodes: 14 128 130 149 201 247 268 329 343 355 489
Compactness: 680.772663
Weights: 113.000000 1931.000000 743.000000
Center Node: 130

District 18
Nodes: 21 92 104 312 336 339 342 365 402 411 444
Compactness: 599.990537
Weights: 152.000000 2290.000000 646.000000
Center Node: 312

District 19
Nodes: 98 226 230 322 324 340 347 356 407 460 481
Compactness: 733.034453
Weights: 117.000000 2251.000000 507.000000
Center Node: 230

District 20
Nodes: 78 101 151 176 202 229 300 364 405 457
Compactness: 634.219405
Weights: 126.000000 2112.000000 612.000000
Center Node: 101

District 21
Nodes: 0 25 80 91 109 173 224 228 254 484
Compactness: 601.964955
Weights: 126.000000 1924.000000 562.000000
Center Node: 25

District 22
Nodes: 161 212 218 221 317 368 391 433 455 474 497
Compactness: 1119.413652
Weights: 128.000000 2008.000000 570.000000
Center Node: 221

District 23
Nodes: 22 66 165 169 186 209 288 314 334 352 424
Compactness: 662.551712
Weights: 128.000000 1878.000000 592.000000
Center Node: 314

District 24
Nodes: 4 46 53 57 362 367 381 465 478 495
Compactness: 677.354405
Weights: 115.000000 1908.000000 653.000000
Center Node: 478

District 25
Nodes: 51 67 76 150 158 235 237 297 318 385 458
Compactness: 816.409604
Weights: 159.000000 1968.000000 648.000000
Center Node: 150

District 26
Nodes: 15 38 61 81 139 275 286 328 436
Compactness: 402.511909
Weights: 122.000000 1976.000000 697.000000
Center Node: 275

District 27
Nodes: 18 113 266 304 327 344 351 359 369 425 496
Compactness: 728.338693
Weights: 131.000000 2307.000000 632.000000
Center Node: 496

District 28
Nodes: 33 36 126 170 183 256 416 417 462 490
Compactness: 527.339054
Weights: 103.000000 1897.000000 767.000000
Center Node: 416

District 29
Nodes: 32 58 75 140 281 287 392 393 431 441 447 475
Compactness: 720.013703
Weights: 140.000000 2310.000000 618.000000
Center Node: 441

District 30
Nodes: 79 102 112 175 197 290 293 374 473
Compactness: 453.214459
Weights: 121.000000 2058.000000 533.000000
Center Node: 79

District 31
Nodes: 29 87 106 111 144 184 250 305 319
Compactness: 381.082180
Weights: 66.000000 2253.000000 557.000000
Center Node: 87

District 32
Nodes: 3 11 34 160 180 232 267 298
Compactness: 358.277715
Weights: 102.000000 2313.000000 532.000000
Center Node: 267

District 33
Nodes: 107 110 122 137 214 217 272 406 482
Compactness: 508.183098
Weights: 113.000000 2320.000000 583.000000
Center Node: 110

District 34
Nodes: 40 41 133 153 208 223 283 423 442 459
Compactness: 661.055044
Weights: 108.000000 2317.000000 558.000000
Center Node: 41

District 35
Nodes: 5 168 188 190 265 291 313 371 380 397 480
Compactness: 497.245989
Weights: 158.000000 1970.000000 588.000000
Center Node: 291

District 36
Nodes: 105 172 225 238 248 331 421 449 471 499
Compactness: 709.739085
Weights: 149.000000 2041.000000 600.000000
Center Node: 225

District 37
Nodes: 59 71 95 143 152 159 220 245 273 295
Compactness: 613.133229
Weights: 126.000000 2329.000000 550.000000
Center Node: 220

District 38
Nodes: 69 108 262 264 280 384 456 464 477
Compactness: 262.438364
Weights: 122.000000 2039.000000 636.000000
Center Node: 464

District 39
Nodes: 55 64 114 124 125 145 388 426 438 472
Compactness: 537.239264
Weights: 133.000000 1922.000000 435.000000
Center Node: 55

District 40
Nodes: 27 45 83 84 138 142 316 376
Compactness: 240.414186
Weights: 97.000000 1981.000000 547.000000
Center Node: 45

District 41
Nodes: 7 89 163 199 211 233 243 258 301 338 450
Compactness: 1340.882028
Weights: 135.000000 2237.000000 549.000000
Center Node: 338

District 42
Nodes: 23 31 47 86 156 167 219 261 310 403 420
Compactness: 697.074104
Weights: 122.000000 2136.000000 661.000000
Center Node: 156

District 43
Nodes: 132 198 282 345 373 389 394 413 430 476 488
Compactness: 589.015683
Weights: 125.000000 2033.000000 643.000000
Center Node: 282

District 44
Nodes: 13 72 74 134 181 348 349 437 486
Compactness: 483.912599
Weights: 125.000000 2102.000000 523.000000
Center Node: 437

District 45
Nodes: 63 166 174 274 303 307 315 370 414 448
Compactness: 602.447081
Weights: 120.000000 2335.000000 491.000000
Center Node: 274

District 46
Nodes: 35 39 136 234 257 278 292 326 366
Compactness: 309.123063
Weights: 131.000000 1996.000000 411.000000
Center Node: 136

District 47
Nodes: 42 54 62 99 191 213 255 260 399 434
Compactness: 1131.886265
Weights: 129.000000 2223.000000 701.000000
Center Node: 434

District 48
Nodes: 24 49 56 82 120 210 269 270 302 387 412
Compactness: 370.003851
Weights: 149.000000 2308.000000 580.000000
Center Node: 412

District 49
Nodes: 2 85 164 178 189 242 299 333 377 383 408 410
Compactness: 1032.954640
Weights: 130.000000 2152.000000 650.000000
Center Node: 2

District 50
Nodes: 12 43 68 90 97 239 386 419 470
Compactness: 438.398435
Weights: 118.000000 1875.000000 665.000000
Center Node: 386
