BalanceViolation 217.055000
AffinityLoss 891.000000
Compactness 46785.150746
District 1
Nodes: 57 64 68 81 96 123 142 192 193 210 245 246 307 333 342 355 357 398 432 438 465 478 490 499
Compactness: 1826.780596
Weights: 292.000000 5037.000000 1479.000000
Center Node: 81

District 2
Nodes: 7 11 18 38 45 49 80 103 118 145 159 172 186 199 215 218 240 295 319 324 370 378 395 414 434 452 475
Compactness: 2923.542009
Weights: 332.000000 5543.000000 1539.000000
Center Node: 172

District 3
Nodes: 2 20 67 78 102 127 135 164 171 176 251 253 263 301 310 327 340 362 372 385 394 413 415 440 473
Compactness: 2188.150569
Weights: 288.000000 5348.000000 1549.000000
Center Node: 78

District 4
Nodes: 105 158 167 185 191 197 207 230 231 273 304 305 322 353 386 426 429 450 451 455 481
Compactness: 1857.843501
Weights: 246.000000 4659.000000 1309.000000
Center Node: 231

District 5
Nodes: 47 70 75 77 83 84 85 101 143 168 169 219 238 247 260 276 279 297 300 313 326 369 418 427 456 493 498
Compactness: 2818.318555
Weights: 332.000000 5400.000000 1422.000000
Center Node: 247

District 6
Nodes: 31 48 60 66 107 112 125 139 141 152 153 170 182 212 268 281 316 329 334 346 359 416 443 446 454 460 464 471 477
Compactness: 2596.976405
Weights: 320.000000 5370.000000 1459.000000
Center Node: 443

District 7
Nodes: 1 4 32 35 37 53 74 106 198 205 214 332 351 360 377 383 393 404 407 421 425 431 433 459 467 476 486
Compactness: 2435.188461
Weights: 301.000000 4933.000000 1552.000000
Center Node: 35

District 8
Nodes: 0 3 8 14 41 50 73 89 113 161 162 163 165 239 271 285 289 315 317 330 379 380 485 496 497
Compactness: 2551.061655
Weights: 333.000000 4970.000000 1471.000000
Center Node: 14

District 9
Nodes: 34 43 69 76 88 93 114 116 155 156 195 209 228 265 269 311 331 339 343 367 390 399 417 466 491
Compactness: 2516.838545
Weights: 284.000000 4589.000000 1505.000000
Center Node: 343

District 10
Nodes: 19 24 27 56 86 90 94 117 151 160 236 237 264 291 312 320 325 364 373 436 442 461 468 469 487
Compactness: 2225.944831
Weights: 312.000000 5180.000000 1317.000000
Center Node: 364

District 11
Nodes: 15 23 30 55 121 134 137 173 177 181 188 196 202 208 217 226 257 261 292 318 424 445 494
Compactness: 2227.736230
Weights: 266.000000 5291.000000 1494.000000
Center Node: 188

District 12
Nodes: 28 39 72 97 111 119 126 144 148 157 183 194 201 223 227 232 270 336 338 341 348 381 384 388 397 409 430 453
Compactness: 2736.673101
Weights: 331.000000 4946.000000 1590.000000
Center Node: 409

District 13
Nodes: 13 33 36 98 108 166 174 200 206 241 243 244 284 286 288 290 298 347 363 400 408 448
Compactness: 2766.154812
Weights: 243.000000 5158.000000 1371.000000
Center Node: 36

District 14
Nodes: 5 9 10 40 58 71 115 136 138 175 190 213 220 221 234 275 277 294 309 328 345 366 403 411 441 470 489
Compactness: 2630.030928
Weights: 353.000000 4585.000000 1580.000000
Center Node: 366

District 15
Nodes: 6 21 26 42 54 59 79 124 129 146 147 189 254 321 349 371 419 444 463 484
Compactness: 1884.409958
Weights: 272.000000 4667.000000 1400.000000
Center Node: 129

District 16
Nodes: 63 149 154 203 224 248 256 258 293 308 335 352 376 389 410 412 420 423 472 474 479 482 483 488
Compactness: 2187.255328
Weights: 330.000000 4901.000000 1456.000000
Center Node: 293

District 17
Nodes: 16 25 51 52 82 87 100 122 130 132 133 150 187 225 255 259 280 282 283 287 302 337 387 402 428 435 449 457
Compactness: 2053.012131
Weights: 343.000000 5510.000000 1326.000000
Center Node: 130

District 18
Nodes: 12 29 62 65 110 140 184 216 229 249 250 252 266 272 278 296 323 350 356 361 368 396 401 405 439 447 492
Compactness: 2505.259412
Weights: 324.000000 5551.000000 1454.000000
Center Node: 356

District 19
Nodes: 22 44 61 91 92 99 109 120 178 179 204 222 233 235 306 314 365 374 382 391 406 422 437 458 462 480
Compactness: 2230.308512
Weights: 309.000000 5393.000000 1481.000000
Center Node: 314

District 20
Nodes: 17 46 95 104 128 131 180 211 242 262 267 274 299 303 344 354 358 375 392 495
Compactness: 1623.665208
Weights: 262.000000 4550.000000 1213.000000
Center Node: 392
