BalanceViolation 546.646000
AffinityLoss 1915.000000
Compactness 68942.531229
District 1
Nodes: 14 41 65 87 206 233 317 426 473 509 516 523 731 740 756 759 790 818 893 901 928 942
Compactness: 1355.401179
Weights: 287.000000 4245.000000 1124.000000
Center Node: 790

District 2
Nodes: 29 40 98 146 176 224 249 276 310 357 474 548 574 625 667 685 699 741 758 863 897 904
Compactness: 1284.310140
Weights: 249.000000 3991.000000 1225.000000
Center Node: 897

District 3
Nodes: 17 37 61 126 132 141 284 354 377 528 570 586 618 650 651 657 751 792 823 934 953 982
Compactness: 4857.998110
Weights: 227.000000 4043.000000 1165.000000
Center Node: 934

District 4
Nodes: 2 44 99 123 160 278 297 334 339 350 406 419 440 565 701 720 813 862 876 961 970
Compactness: 1444.209791
Weights: 249.000000 4304.000000 1119.000000
Center Node: 350

District 5
Nodes: 11 12 28 66 108 113 130 208 387 446 454 491 502 525 646 680 689 749 760 768 773 850
Compactness: 1333.270741
Weights: 244.000000 4306.000000 1135.000000
Center Node: 108

District 6
Nodes: 27 80 119 248 300 421 481 545 554 622 623 671 692 718 726 814 870 960
Compactness: 1027.280968
Weights: 251.000000 3987.000000 1229.000000
Center Node: 554

District 7
Nodes: 57 127 136 201 273 301 321 363 391 423 431 485 628 658 695 795 872 943 968 987 996
Compactness: 1097.523688
Weights: 222.000000 3998.000000 1231.000000
Center Node: 628

District 8
Nodes: 13 67 75 194 197 200 219 295 442 472 498 617 676 704 705 784 859 919 938 989
Compactness: 1242.882114
Weights: 247.000000 4030.000000 1124.000000
Center Node: 705

District 9
Nodes: 36 128 181 256 262 289 388 521 544 549 595 626 669 752 770 846 849 895 965
Compactness: 1240.623653
Weights: 247.000000 4004.000000 1184.000000
Center Node: 388

District 10
Nodes: 10 30 64 100 138 152 186 230 311 445 458 493 602 627 761 781 860 991 992
Compactness: 917.112758
Weights: 226.000000 4346.000000 1212.000000
Center Node: 860

District 11
Nodes: 110 166 177 226 417 452 470 580 599 644 682 737 766 778 898 907 966 972
Compactness: 1107.976142
Weights: 181.000000 4071.000000 1191.000000
Center Node: 766

District 12
Nodes: 4 34 102 122 168 223 271 315 338 347 373 522 533 559 702 801 881 883 950
Compactness: 1441.228556
Weights: 252.000000 4041.000000 1152.000000
Center Node: 338

District 13
Nodes: 43 52 95 196 316 330 465 573 585 621 634 663 686 738 787 796 831 867 885 906
Compactness: 1623.206099
Weights: 230.000000 4295.000000 1221.000000
Center Node: 686

District 14
Nodes: 85 89 120 135 147 158 216 322 348 487 514 524 540 596 677 679 711 774 926 935 947
Compactness: 1204.955446
Weights: 259.000000 4117.000000 1115.000000
Center Node: 322

District 15
Nodes: 124 155 251 286 298 299 305 308 468 475 490 637 653 732 782 822 887 923 937
Compactness: 1133.715151
Weights: 242.000000 4345.000000 1232.000000
Center Node: 822

District 16
Nodes: 112 142 143 162 243 356 436 476 499 507 600 609 648 664 670 678 734 748 834 910 984
Compactness: 1309.376599
Weights: 282.000000 3989.000000 1160.000000
Center Node: 600

District 17
Nodes: 19 72 172 221 228 250 404 451 463 478 567 577 616 681 838 892 918 959 973 986
Compactness: 1279.290419
Weights: 249.000000 4252.000000 1127.000000
Center Node: 451

District 18
Nodes: 23 53 81 90 91 92 101 144 153 187 471 483 550 603 674 696 762 798 884 979
Compactness: 1652.653114
Weights: 220.000000 4167.000000 1198.000000
Center Node: 603

District 19
Nodes: 8 169 240 255 264 337 340 420 427 714 716 769 793 800 861 908 909 941 994
Compactness: 1303.402088
Weights: 245.000000 4351.000000 1122.000000
Center Node: 264

District 20
Nodes: 31 45 94 131 150 170 252 269 333 399 410 414 564 566 611 632 636 745 771 776 946
Compactness: 1261.125285
Weights: 233.000000 4402.000000 1069.000000
Center Node: 745

District 21
Nodes: 9 26 214 272 304 335 563 607 649 660 691 693 707 713 730 753 803 820 842 927 967
Compactness: 895.440362
Weights: 262.000000 4394.000000 1097.000000
Center Node: 927

District 22
Nodes: 21 106 134 148 167 202 366 386 403 405 422 469 503 510 520 562 605 624 643 712
Compactness: 2973.567899
Weights: 229.000000 4179.000000 1194.000000
Center Node: 562

District 23
Nodes: 49 74 77 78 83 193 203 459 597 630 642 754 780 783 808 853 873 899 929 954
Compactness: 1283.588165
Weights: 218.000000 4208.000000 1213.000000
Center Node: 754

District 24
Nodes: 107 114 211 369 438 439 505 578 581 587 662 763 767 794 824 840 864 890 912 931
Compactness: 1373.046688
Weights: 246.000000 4004.000000 1139.000000
Center Node: 107

District 25
Nodes: 88 165 218 234 257 266 307 328 361 380 448 496 504 513 536 568 576 659 789 804 847
Compactness: 1267.948254
Weights: 254.000000 4286.000000 1226.000000
Center Node: 496

District 26
Nodes: 86 111 137 205 287 290 378 397 430 479 488 561 589 640 675 750 825 854 869
Compactness: 1228.026836
Weights: 223.000000 4092.000000 1187.000000
Center Node: 397

District 27
Nodes: 96 140 210 217 429 460 512 615 655 694 700 747 772 777 812 827 896 902 969 974
Compactness: 1164.684601
Weights: 218.000000 3982.000000 1224.000000
Center Node: 969

District 28
Nodes: 63 180 191 199 209 227 236 274 280 341 346 435 441 484 492 541 560 697 709 746 791 922 988
Compactness: 1545.845676
Weights: 253.000000 4265.000000 1140.000000
Center Node: 227

District 29
Nodes: 48 54 188 225 270 285 302 343 362 379 411 594 620 652 668 775 802 852 940 962
Compactness: 1369.931878
Weights: 218.000000 4278.000000 1214.000000
Center Node: 188

District 30
Nodes: 93 121 207 318 351 382 395 398 402 412 511 593 684 839 848 855 917 963
Compactness: 1860.501765
Weights: 230.000000 4308.000000 1201.000000
Center Node: 848

District 31
Nodes: 32 56 171 232 294 319 325 345 355 375 385 392 449 453 462 530 645 723 816 951 964
Compactness: 1073.357744
Weights: 250.000000 4196.000000 1214.000000
Center Node: 385

District 32
Nodes: 16 156 179 306 320 371 389 443 450 527 569 571 742 744 799 875 913 955 998
Compactness: 802.485507
Weights: 211.000000 4380.000000 1219.000000
Center Node: 955

District 33
Nodes: 3 22 24 129 145 151 329 383 384 428 437 494 515 815 903 921 939
Compactness: 708.693479
Weights: 221.000000 4412.000000 1105.000000
Center Node: 384

District 34
Nodes: 183 192 222 242 296 313 368 401 409 506 517 537 588 591 633 739 809 866 877 900
Compactness: 1415.032069
Weights: 250.000000 4014.000000 1133.000000
Center Node: 809

District 35
Nodes: 69 115 117 164 189 195 198 352 466 532 556 598 690 829 858 868 905 932 977 978 981
Compactness: 1342.077758
Weights: 249.000000 4087.000000 1138.000000
Center Node: 932

District 36
Nodes: 60 82 103 259 279 283 288 323 331 344 358 372 486 508 551 557 558 656 672 865 886
Compactness: 1253.171289
Weights: 256.000000 4026.000000 1220.000000
Center Node: 557

District 37
Nodes: 38 105 116 260 281 324 396 413 497 542 647 733 779 830 841 843 920 971 993 997
Compactness: 1276.311932
Weights: 236.000000 4372.000000 1208.000000
Center Node: 830

District 38
Nodes: 39 46 163 239 246 263 267 342 394 415 461 480 531 590 613 665 687 755 914 980
Compactness: 1737.503101
Weights: 271.000000 4092.000000 1196.000000
Center Node: 39

District 39
Nodes: 51 97 149 174 182 215 244 359 364 381 433 434 592 610 721 788 817 936 945 983
Compactness: 1240.887645
Weights: 238.000000 4124.000000 1179.000000
Center Node: 983

District 40
Nodes: 18 50 71 125 204 374 407 455 535 539 552 604 641 673 683 819 880 952 956
Compactness: 1122.301170
Weights: 235.000000 4381.000000 1215.000000
Center Node: 539

District 41
Nodes: 20 76 173 220 291 293 303 349 408 543 583 601 706 724 735 736 797 828 835 930
Compactness: 1505.221611
Weights: 240.000000 4017.000000 1201.000000
Center Node: 76

District 42
Nodes: 55 62 104 365 390 393 416 477 482 495 518 529 708 728 729 805 806 811 882 933 949
Compactness: 1884.651426
Weights: 249.000000 4032.000000 1199.000000
Center Node: 482

District 43
Nodes: 47 70 73 159 178 212 237 292 424 444 447 489 500 526 547 572 582 612 698 832
Compactness: 1321.201957
Weights: 256.000000 4374.000000 1065.000000
Center Node: 159

District 44
Nodes: 229 231 258 400 418 425 467 631 703 727 851 856 857 878 879 889 948 976 985
Compactness: 833.971195
Weights: 222.000000 4349.000000 1166.000000
Center Node: 467

District 45
Nodes: 0 33 59 139 185 261 275 312 314 432 456 553 555 584 629 666 765 826 833 995
Compactness: 1290.961886
Weights: 245.000000 4252.000000 1214.000000
Center Node: 59

District 46
Nodes: 7 58 133 154 175 309 327 353 360 538 546 614 715 717 786 807 871 888 911 924 957
Compactness: 1488.945453
Weights: 242.000000 4026.000000 1221.000000
Center Node: 538

District 47
Nodes: 25 84 213 245 254 268 282 376 575 635 654 688 722 725 757 764 821 894
Compactness: 1048.701835
Weights: 200.000000 4380.000000 1020.000000
Center Node: 757

District 48
Nodes: 118 157 247 253 265 336 367 457 579 606 638 836 837 874 891 915 916 944 958
Compactness: 1249.506807
Weights: 258.000000 4218.000000 1195.000000
Center Node: 891

District 49
Nodes: 6 42 79 161 235 326 332 464 519 534 608 661 710 719 785 810 925 975 990
Compactness: 932.532621
Weights: 218.000000 4369.000000 1234.000000
Center Node: 785

District 50
Nodes: 1 5 15 35 68 109 184 190 238 241 277 370 501 619 639 743 844 845 999
Compactness: 1334.890582
Weights: 195.000000 4154.000000 1130.000000
Center Node: 999
