BalanceViolation 52.350000
AffinityLoss 1869.000000
Compactness 66998.211097
District 1
Nodes: 14 206 233 261 344 432 509 516 553 555 629 666 731 740 756 765 790 818 826 942
Compactness: 1144.020669
Weights: 250.000000 4071.000000 1161.000000
Center Node: 509

District 2
Nodes: 40 49 98 146 176 249 276 310 357 474 528 574 625 667 685 699 758 863 897 904 953
Compactness: 1135.060147
Weights: 250.000000 3773.000000 1191.000000
Center Node: 357

District 3
Nodes: 17 36 61 126 132 141 209 256 284 346 377 549 586 614 618 657 669 715 770 792 934 982
Compactness: 2946.968747
Weights: 222.000000 4575.000000 1266.000000
Center Node: 934

District 4
Nodes: 2 99 123 237 272 278 334 339 350 406 419 440 444 447 489 500 565 698 701 803 820 842
Compactness: 1838.572314
Weights: 264.000000 4565.000000 1060.000000
Center Node: 419

District 5
Nodes: 11 12 169 208 253 265 337 351 457 491 502 525 579 593 749 760 768 800 848 874 891 915
Compactness: 1167.596477
Weights: 236.000000 4287.000000 1248.000000
Center Node: 457

District 6
Nodes: 80 248 263 396 403 405 422 469 481 542 545 554 622 623 671 692 779 920 960
Compactness: 1325.414689
Weights: 249.000000 4308.000000 1115.000000
Center Node: 248

District 7
Nodes: 13 115 171 194 200 295 462 472 498 530 648 676 704 705 784 859 919 964 989
Compactness: 1145.416453
Weights: 250.000000 3791.000000 1118.000000
Center Node: 498

District 8
Nodes: 20 23 136 153 201 273 321 363 391 423 485 628 658 695 696 795 798 923 943 987 996
Compactness: 966.966674
Weights: 226.000000 4204.000000 1240.000000
Center Node: 23

District 9
Nodes: 37 128 181 183 192 222 289 388 414 521 588 595 626 633 739 751 846 849
Compactness: 1957.020822
Weights: 227.000000 4074.000000 1188.000000
Center Node: 595

District 10
Nodes: 64 100 138 152 186 230 311 329 393 458 482 493 518 606 627 761 781 794 806 860 991
Compactness: 1357.916870
Weights: 259.000000 4441.000000 1264.000000
Center Node: 493

District 11
Nodes: 83 166 177 417 452 470 580 599 639 644 682 725 766 778 907 966 972 985
Compactness: 1020.959573
Weights: 183.000000 4460.000000 1103.000000
Center Node: 177

District 12
Nodes: 4 34 102 122 168 223 283 307 315 338 361 373 522 533 702 801 847 865 881
Compactness: 1183.225024
Weights: 259.000000 3868.000000 1098.000000
Center Node: 34

District 13
Nodes: 50 125 204 316 374 407 455 539 552 573 641 673 683 686 787 796 819 831 956
Compactness: 1098.633224
Weights: 217.000000 4051.000000 1264.000000
Center Node: 673

District 14
Nodes: 85 89 120 135 147 158 320 322 348 487 514 524 570 596 677 679 711 774 875 935 947
Compactness: 1165.977700
Weights: 250.000000 4581.000000 1108.000000
Center Node: 935

District 15
Nodes: 46 162 259 267 294 319 355 356 436 476 507 531 558 609 613 664 678 834 984
Compactness: 1434.991036
Weights: 258.000000 4032.000000 1071.000000
Center Node: 356

District 16
Nodes: 97 127 172 182 185 228 301 359 404 451 463 478 567 577 681 721 872 918 945 959 968
Compactness: 1505.597845
Weights: 253.000000 4295.000000 1165.000000
Center Node: 577

District 17
Nodes: 8 107 114 211 240 255 264 420 581 714 716 769 836 861 890 908 909 941
Compactness: 870.937725
Weights: 246.000000 3930.000000 1102.000000
Center Node: 211

District 18
Nodes: 44 47 70 73 159 178 212 291 408 424 526 547 582 601 653 706 720 736 797 832 887
Compactness: 1865.585975
Weights: 251.000000 4219.000000 1275.000000
Center Node: 408

District 19
Nodes: 28 71 94 131 150 161 170 252 269 326 333 399 519 564 611 632 661 745 771 776 946
Compactness: 1159.559007
Weights: 274.000000 4152.000000 1057.000000
Center Node: 252

District 20
Nodes: 9 203 214 238 277 563 607 619 642 649 660 691 693 707 713 730 753 927 961 967
Compactness: 2200.303974
Weights: 249.000000 4547.000000 1094.000000
Center Node: 277

District 21
Nodes: 7 21 38 105 116 134 148 167 324 366 386 503 510 520 562 605 624 647
Compactness: 1223.426868
Weights: 218.000000 3874.000000 1221.000000
Center Node: 503

District 22
Nodes: 62 90 101 173 292 293 297 529 550 612 674 729 762 805 811 828 862 884 933
Compactness: 1335.997747
Weights: 229.000000 4534.000000 1069.000000
Center Node: 762

District 23
Nodes: 29 35 74 77 78 190 193 231 425 459 548 630 631 754 780 783 808 851 853 873 948 954
Compactness: 1412.726524
Weights: 238.000000 3987.000000 1285.000000
Center Node: 78

District 24
Nodes: 96 119 140 210 260 300 421 615 694 718 726 772 812 814 841 870 896 902 969 997
Compactness: 1112.486832
Weights: 220.000000 4164.000000 1156.000000
Center Node: 812

District 25
Nodes: 30 82 145 151 165 215 218 234 257 266 288 445 448 496 504 513 536 568 576 789 804 939
Compactness: 1283.466985
Weights: 239.000000 4336.000000 1268.000000
Center Node: 568

District 26
Nodes: 32 56 65 197 232 317 325 345 375 385 392 449 453 473 523 645 723 816 938 951
Compactness: 1072.140738
Weights: 243.000000 3945.000000 1061.000000
Center Node: 392

District 27
Nodes: 93 111 137 205 216 290 340 378 397 427 430 479 589 640 737 793 825 855 994
Compactness: 1316.253909
Weights: 217.000000 4336.000000 1245.000000
Center Node: 205

District 28
Nodes: 48 54 188 225 285 302 343 362 460 620 621 634 655 663 668 700 802 827 852 867
Compactness: 801.890575
Weights: 210.000000 4527.000000 1191.000000
Center Node: 668

District 29
Nodes: 55 104 160 247 369 416 438 505 578 587 728 763 767 813 821 824 840 912 931 949
Compactness: 1977.771270
Weights: 252.000000 4038.000000 1082.000000
Center Node: 821

District 30
Nodes: 45 63 180 191 199 227 236 274 280 341 435 441 484 492 560 650 697 709 746 791 922 988
Compactness: 1541.508476
Weights: 242.000000 4226.000000 1056.000000
Center Node: 227

District 31
Nodes: 79 207 287 395 398 402 410 412 511 534 561 675 710 750 839 850 917 925
Compactness: 896.319036
Weights: 237.000000 3847.000000 1073.000000
Center Node: 839

District 32
Nodes: 43 52 95 202 281 330 353 413 465 497 585 733 738 830 843 885 906 971 993
Compactness: 1327.116266
Weights: 235.000000 4068.000000 1179.000000
Center Node: 497

District 33
Nodes: 16 156 179 224 306 371 389 443 450 527 569 571 741 742 744 799 913 955 998
Compactness: 807.774858
Weights: 217.000000 4057.000000 1272.000000
Center Node: 955

District 34
Nodes: 3 22 24 88 118 129 328 380 383 384 428 437 494 515 638 815 903 921
Compactness: 921.922774
Weights: 253.000000 4326.000000 1098.000000
Center Node: 921

District 35
Nodes: 67 69 75 106 112 143 164 189 198 219 243 442 499 532 600 617 643 858 868 910 977 978
Compactness: 1327.874408
Weights: 262.000000 4152.000000 1203.000000
Center Node: 532

District 36
Nodes: 86 121 242 262 296 354 368 401 409 506 517 537 540 591 809 823 854 877 895 900 965
Compactness: 1786.577504
Weights: 258.000000 3800.000000 1163.000000
Center Node: 809

District 37
Nodes: 60 87 103 279 323 331 358 372 426 486 508 551 557 656 659 672 759 886 893 901 928
Compactness: 1109.475566
Weights: 262.000000 3808.000000 1221.000000
Center Node: 557

District 38
Nodes: 0 19 33 41 59 72 139 221 250 275 314 456 584 616 833 838 892 973 986 995
Compactness: 1442.145042
Weights: 227.000000 4045.000000 1271.000000
Center Node: 892

District 39
Nodes: 124 155 251 286 298 299 305 308 312 431 468 475 490 543 572 637 732 782 822 937
Compactness: 1828.873987
Weights: 262.000000 4575.000000 1240.000000
Center Node: 822

District 40
Nodes: 39 217 239 246 342 347 415 429 461 480 512 559 590 665 747 755 777 914 974 980
Compactness: 1235.180276
Weights: 254.000000 3790.000000 1168.000000
Center Node: 239

District 41
Nodes: 10 51 91 149 174 244 364 365 381 390 433 434 477 495 592 602 610 708 788 882 936 983
Compactness: 1556.175804
Weights: 239.000000 4592.000000 1269.000000
Center Node: 51

District 42
Nodes: 157 270 271 336 367 454 594 652 662 775 837 864 883 916 940 944 950 958 992
Compactness: 1618.936980
Weights: 251.000000 4609.000000 1214.000000
Center Node: 916

District 43
Nodes: 53 57 76 81 92 144 187 220 303 349 471 483 583 603 724 735 817 835 930 979
Compactness: 1264.687921
Weights: 221.000000 3791.000000 1278.000000
Center Node: 979

District 44
Nodes: 110 226 229 258 400 418 467 488 703 727 856 857 869 878 879 889 899 926 976
Compactness: 793.943229
Weights: 212.000000 4513.000000 1184.000000
Center Node: 467

District 45
Nodes: 58 133 154 175 196 309 327 360 538 541 546 651 717 786 807 871 888 911 924 957
Compactness: 1249.631524
Weights: 233.000000 3787.000000 1058.000000
Center Node: 538

District 46
Nodes: 25 26 84 213 245 282 304 335 376 439 575 635 688 722 757 764 876 894 970
Compactness: 1793.567736
Weights: 220.000000 4382.000000 1126.000000
Center Node: 26

District 47
Nodes: 18 31 66 108 113 130 379 387 411 446 535 566 604 636 646 680 689 773 880 952 962
Compactness: 1209.376864
Weights: 230.000000 4545.000000 1204.000000
Center Node: 113

District 48
Nodes: 6 42 235 313 318 332 382 464 544 608 684 719 752 785 810 866 963 975 990
Compactness: 1066.419735
Weights: 215.000000 3875.000000 1264.000000
Center Node: 719

District 49
Nodes: 1 5 15 68 109 184 241 254 268 370 501 597 654 743 844 845 898 929 999
Compactness: 1323.103326
Weights: 217.000000 4603.000000 1151.000000
Center Node: 898

District 50
Nodes: 27 117 142 163 195 352 394 466 556 598 670 687 690 712 734 748 829 905 932 981
Compactness: 870.713394
Weights: 249.000000 4179.000000 1184.000000
Center Node: 352
