BalanceViolation 9317.037000
AffinityLoss 978.000000
Compactness 33063.274880
District 1
Nodes: 67 136 138 234 385 473
Compactness: 548.237765
Weights: 76.000000 859.000000 310.000000
Center Node: 234

District 2
Nodes: 6 42 59 124 189 371 463
Compactness: 201.007069
Weights: 97.000000 1906.000000 442.000000
Center Node: 59

District 3
Nodes: 78 80 176 199 240 324 395 415 440
Compactness: 3740.649747
Weights: 137.000000 1847.000000 562.000000
Center Node: 199

District 4
Nodes: 106 310 362 383 404 459
Compactness: 1832.139168
Weights: 68.000000 1292.000000 321.000000
Center Node: 404

District 5
Nodes: 15 137 177 200 202 206 217 298 347 494
Compactness: 619.192174
Weights: 119.000000 2158.000000 646.000000
Center Node: 15

District 6
Nodes: 69 76 149 156 265 331 343 367 417 488 491
Compactness: 814.771830
Weights: 131.000000 2061.000000 650.000000
Center Node: 69

District 7
Nodes: 95 104 131 180 242 262 267 274 358 392 495
Compactness: 677.589951
Weights: 167.000000 2336.000000 667.000000
Center Node: 180

District 8
Nodes: 31 48 107 112 141 152 316 329 334 416 446 477
Compactness: 433.156875
Weights: 124.000000 1998.000000 605.000000
Center Node: 141

District 9
Nodes: 105 158 167 207 231 273 304 305 426 455 481
Compactness: 746.831756
Weights: 136.000000 2431.000000 624.000000
Center Node: 273

District 10
Nodes: 28 97 126 144 148 326 348 384 397 498
Compactness: 459.264980
Weights: 123.000000 2026.000000 584.000000
Center Node: 397

District 11
Nodes: 27 56 94 117 237 291 320 364 373 461 468
Compactness: 391.587518
Weights: 137.000000 2137.000000 510.000000
Center Node: 291

District 12
Nodes: 16 25 82 87 187 225 255 282 287 359 402 457
Compactness: 793.422535
Weights: 159.000000 2419.000000 501.000000
Center Node: 225

District 13
Nodes: 3 8 73 113 261 285 289 317 496
Compactness: 451.675098
Weights: 132.000000 2417.000000 600.000000
Center Node: 317

District 14
Nodes: 5 9 40 190 213 220 275 345 366 403 441
Compactness: 904.604853
Weights: 139.000000 2054.000000 716.000000
Center Node: 9

District 15
Nodes: 19 24 90 236 264 325 414 442 469
Compactness: 529.882063
Weights: 117.000000 2222.000000 494.000000
Center Node: 325

District 16
Nodes: 13 98 174 241 243 284 286 288 290 363
Compactness: 566.849951
Weights: 122.000000 2270.000000 505.000000
Center Node: 243

District 17
Nodes: 7 11 38 45 118 145 159 295 378 452
Compactness: 496.011940
Weights: 132.000000 2158.000000 606.000000
Center Node: 295

District 18
Nodes: 57 64 81 96 123 142 333 357 438
Compactness: 433.174685
Weights: 126.000000 2303.000000 589.000000
Center Node: 57

District 19
Nodes: 2 20 127 135 164 263 301 327 413
Compactness: 552.721776
Weights: 87.000000 2064.000000 432.000000
Center Node: 164

District 20
Nodes: 29 62 249 250 278 296 356 361 368 401
Compactness: 542.740961
Weights: 139.000000 1964.000000 464.000000
Center Node: 356

District 21
Nodes: 4 35 53 198 214 332 360 407 433
Compactness: 283.267068
Weights: 95.000000 1540.000000 511.000000
Center Node: 433

District 22
Nodes: 21 26 54 79 129 147 321 349 419 484
Compactness: 626.392609
Weights: 125.000000 1851.000000 696.000000
Center Node: 484

District 23
Nodes: 75 84 143 168 247 276 279 313 369
Compactness: 670.021804
Weights: 101.000000 2124.000000 549.000000
Center Node: 276

District 24
Nodes: 51 52 100 122 130 132 133 259 283 428 449
Compactness: 420.860436
Weights: 148.000000 2230.000000 543.000000
Center Node: 122

District 25
Nodes: 0 165 271 315 330 379 444 485
Compactness: 354.918849
Weights: 101.000000 1192.000000 374.000000
Center Node: 271

District 26
Nodes: 44 91 92 120 157 201 314 382 388
Compactness: 441.726001
Weights: 119.000000 1988.000000 530.000000
Center Node: 120

District 27
Nodes: 68 192 193 246 307 342 355 398 465 490 499
Compactness: 498.377641
Weights: 124.000000 1986.000000 713.000000
Center Node: 193

District 28
Nodes: 34 43 63 93 116 209 228 269 389 399 420
Compactness: 654.880856
Weights: 137.000000 2126.000000 620.000000
Center Node: 43

District 29
Nodes: 77 88 114 155 195 297 311 339 390 427 466
Compactness: 563.223685
Weights: 124.000000 1941.000000 648.000000
Center Node: 390

District 30
Nodes: 185 191 197 230 322 353 386 429 450 451
Compactness: 368.300456
Weights: 110.000000 2228.000000 685.000000
Center Node: 451

District 31
Nodes: 17 46 128 211 299 303 344 354 375 478
Compactness: 589.144931
Weights: 105.000000 2267.000000 617.000000
Center Node: 299

District 32
Nodes: 10 58 115 175 277 300 309 328 372 411 470 489 493
Compactness: 858.388474
Weights: 181.000000 2312.000000 706.000000
Center Node: 58

District 33
Nodes: 30 47 70 83 85 101 169 196 238 260 308 418 474
Compactness: 774.901634
Weights: 150.000000 2137.000000 729.000000
Center Node: 260

District 34
Nodes: 103 160 172 203 215 218 224 312 376 436 487
Compactness: 1163.251790
Weights: 121.000000 2385.000000 580.000000
Center Node: 224

District 35
Nodes: 60 66 108 153 170 182 212 268 281 454
Compactness: 700.119171
Weights: 109.000000 2100.000000 616.000000
Center Node: 212

District 36
Nodes: 86 110 140 151 323 410 412 423 472 479
Compactness: 601.065234
Weights: 136.000000 2102.000000 595.000000
Center Node: 423

District 37
Nodes: 33 166 210 244 245 400 408 432 448
Compactness: 458.961280
Weights: 89.000000 2166.000000 541.000000
Center Node: 408

District 38
Nodes: 12 23 65 173 216 266 318 350 396 447
Compactness: 365.642055
Weights: 119.000000 2132.000000 611.000000
Center Node: 396

District 39
Nodes: 1 150 205 280 302 337 387 393 421 431 435 486
Compactness: 612.633327
Weights: 124.000000 2021.000000 750.000000
Center Node: 421

District 40
Nodes: 146 184 229 252 254 272 405 439 492
Compactness: 590.178391
Weights: 114.000000 2162.000000 600.000000
Center Node: 439

District 41
Nodes: 102 171 221 251 253 294 340 394
Compactness: 359.576478
Weights: 94.000000 1822.000000 588.000000
Center Node: 253

District 42
Nodes: 39 71 111 119 183 223 227 336 381 409 453
Compactness: 521.447787
Weights: 148.000000 1797.000000 609.000000
Center Node: 119

District 43
Nodes: 36 61 125 139 179 204 222 233 346 406 422 443 480
Compactness: 840.140840
Weights: 165.000000 2109.000000 575.000000
Center Node: 204

District 44
Nodes: 22 99 109 235 365 374 391 437 462
Compactness: 372.340843
Weights: 77.000000 2154.000000 580.000000
Center Node: 365

District 45
Nodes: 32 37 74 351 377 425 460 464 467 471 476
Compactness: 905.867358
Weights: 110.000000 1985.000000 591.000000
Center Node: 467

District 46
Nodes: 14 41 50 89 161 162 163 239 380 497
Compactness: 527.935615
Weights: 133.000000 1969.000000 660.000000
Center Node: 89

District 47
Nodes: 154 219 248 256 258 293 335 352 456 482 483
Compactness: 677.975461
Weights: 149.000000 2019.000000 612.000000
Center Node: 293

District 48
Nodes: 55 121 134 181 188 208 226 257 292 424 445
Compactness: 738.455018
Weights: 112.000000 2219.000000 701.000000
Center Node: 121

District 49
Nodes: 72 178 194 232 270 306 338 341 430 458
Compactness: 562.202339
Weights: 111.000000 2106.000000 605.000000
Center Node: 178

District 50
Nodes: 18 49 186 319 370 434 475
Compactness: 225.564751
Weights: 74.000000 1489.000000 404.000000
Center Node: 370
