BalanceViolation 0.000000
AffinityLoss 810.000000
Compactness 51851.510066
District 1
Nodes: 24 31 48 61 130 154 163 191 218 239 245 275 287 320 345 354 362 365 380 386 393 412 418 476
Compactness: 2814.560413
Weights: 274.000000 5430.000000 1303.000000
Center Node: 61

District 2
Nodes: 10 13 16 39 72 77 108 112 128 176 235 246 262 265 266 269 293 298 370 375 381 444 466
Compactness: 1912.383459
Weights: 272.000000 5195.000000 1392.000000
Center Node: 72

District 3
Nodes: 5 38 41 60 68 70 94 103 131 139 143 196 241 261 273 276 280 291 313 325 391 419 428 431 448
Compactness: 2121.067883
Weights: 264.000000 4786.000000 1308.000000
Center Node: 41

District 4
Nodes: 20 22 28 40 63 67 140 144 169 229 242 272 306 315 336 337 352 372 376 378 392 434 451 475 480 483
Compactness: 3335.729424
Weights: 273.000000 4817.000000 1463.000000
Center Node: 451

District 5
Nodes: 2 15 25 26 35 55 96 107 173 182 190 258 296 351 379 400 401 403 409 442 456 477 492
Compactness: 2654.429319
Weights: 290.000000 5122.000000 1496.000000
Center Node: 2

District 6
Nodes: 50 78 84 99 114 157 162 203 207 221 285 289 308 343 355 361 369 384 385 426 461 464 487 494
Compactness: 1954.606765
Weights: 311.000000 4599.000000 1309.000000
Center Node: 114

District 7
Nodes: 1 8 65 102 122 141 193 213 223 249 263 278 284 309 360 382 402 415 420 421 429 455 460 493
Compactness: 2156.629510
Weights: 311.000000 4726.000000 1346.000000
Center Node: 263

District 8
Nodes: 9 23 36 46 53 59 81 115 180 183 197 217 233 240 297 358 383 387 394 422 423 463 489
Compactness: 1696.425101
Weights: 269.000000 4659.000000 1381.000000
Center Node: 423

District 9
Nodes: 17 29 69 90 105 120 145 159 187 194 198 216 247 259 290 316 330 335 350 363 373 377 388 396 438 469 481 485
Compactness: 2659.794427
Weights: 306.000000 5529.000000 1360.000000
Center Node: 159

District 10
Nodes: 4 11 32 42 47 74 75 106 111 116 117 126 201 205 224 225 236 277 279 303 317 331 346 371 424
Compactness: 2083.986376
Weights: 288.000000 4987.000000 1535.000000
Center Node: 346

District 11
Nodes: 14 18 21 49 85 101 124 158 170 255 274 288 314 324 348 353 356 359 374 397 425 436 445 452 471 473 497
Compactness: 2820.003684
Weights: 293.000000 5546.000000 1563.000000
Center Node: 445

District 12
Nodes: 92 98 110 127 129 135 149 171 188 234 250 281 300 328 339 395 408 437 447 453 465
Compactness: 1967.795128
Weights: 269.000000 5408.000000 1317.000000
Center Node: 250

District 13
Nodes: 27 43 76 80 118 153 172 174 177 214 215 237 244 248 260 267 268 286 299 307 327 357 398 449 495
Compactness: 2091.640775
Weights: 294.000000 4629.000000 1570.000000
Center Node: 248

District 14
Nodes: 0 6 37 44 83 91 100 113 142 178 202 211 220 256 270 304 318 322 340 366 368 389 404 406 441 459 498
Compactness: 2381.064582
Weights: 319.000000 5432.000000 1520.000000
Center Node: 368

District 15
Nodes: 12 30 51 87 123 136 137 150 166 168 206 212 230 252 282 292 319 332 347 440 446 450 462 482
Compactness: 2575.770286
Weights: 287.000000 4673.000000 1433.000000
Center Node: 332

District 16
Nodes: 19 34 45 52 66 125 184 200 204 209 227 253 301 329 333 416 439 443 458 467 468 479
Compactness: 5086.996640
Weights: 299.000000 4714.000000 1318.000000
Center Node: 125

District 17
Nodes: 3 33 79 86 89 132 134 146 151 189 192 199 208 222 228 232 257 271 302 312 321 349 364 427 433 457 472 474 486 490
Compactness: 3562.380073
Weights: 313.000000 5210.000000 1547.000000
Center Node: 427

District 18
Nodes: 58 73 88 95 104 109 119 133 147 152 160 161 179 195 254 283 305 326 334 344 367 414 432 435 478 488 491 499
Compactness: 2897.163320
Weights: 316.000000 5501.000000 1516.000000
Center Node: 414

District 19
Nodes: 7 54 56 57 62 64 71 82 93 121 138 148 167 181 186 219 231 238 310 311 338 342 410 413 417 430 454 470
Compactness: 3047.014926
Weights: 307.000000 5611.000000 1550.000000
Center Node: 7

District 20
Nodes: 97 155 156 164 165 175 185 210 226 243 251 264 294 295 323 341 390 399 405 407 411 484 496
Compactness: 2032.067974
Weights: 281.000000 5493.000000 1398.000000
Center Node: 484
