BalanceViolation 1851.540000
AffinityLoss 889.000000
Compactness 68327.093941
District 1
Nodes: 2 18 86 92 96 101 102 147 199 215 271 285 289 301 309 328 332 351 366 377 402 419 426 434 465 488
Compactness: 9395.880676
Weights: 354.000000 5655.000000 1581.000000
Center Node: 86

District 2
Nodes: 10 15 19 38 49 57 73 75 98 145 155 218 228 236 258 279 287 295 347 390 392 406 408 410 418 429 458 473
Compactness: 2827.497635
Weights: 362.000000 4742.000000 1618.000000
Center Node: 392

District 3
Nodes: 3 33 82 95 108 111 113 152 167 172 175 211 234 252 256 265 292 335 342 375 394 413 414 478 493
Compactness: 11488.391515
Weights: 317.000000 4647.000000 1396.000000
Center Node: 493

District 4
Nodes: 24 28 36 61 80 117 123 131 174 188 192 210 220 230 337 355 357 386 404 417 421 490
Compactness: 1255.368647
Weights: 267.000000 5240.000000 1239.000000
Center Node: 220

District 5
Nodes: 5 17 26 77 156 216 222 232 262 267 281 290 310 321 331 352 359 361 409 435 445 453 466 467 489
Compactness: 3780.039424
Weights: 321.000000 4873.000000 1420.000000
Center Node: 17

District 6
Nodes: 42 52 125 126 127 169 182 212 239 240 246 247 318 320 326 333 373 405 411 412 436 448 469 491 494
Compactness: 2269.831433
Weights: 265.000000 5176.000000 1577.000000
Center Node: 373

District 7
Nodes: 8 22 48 51 53 65 112 151 154 185 189 198 219 229 237 288 305 316 403 446 449 492
Compactness: 1772.266493
Weights: 266.000000 4344.000000 1343.000000
Center Node: 112

District 8
Nodes: 25 32 41 44 47 78 85 87 90 94 135 179 202 204 259 270 338 368 387 388 425 464 471
Compactness: 1784.615115
Weights: 235.000000 5487.000000 1291.000000
Center Node: 387

District 9
Nodes: 11 12 45 56 79 107 118 138 143 146 149 159 181 193 197 224 311 341 349 353 376 383 442 456 482
Compactness: 2255.353997
Weights: 276.000000 4804.000000 1378.000000
Center Node: 146

District 10
Nodes: 6 9 20 31 120 124 142 153 164 208 248 308 315 336 339 391 401 427 444 462 477 485 497
Compactness: 3044.077802
Weights: 247.000000 4704.000000 1462.000000
Center Node: 164

District 11
Nodes: 27 39 40 58 62 67 81 184 209 223 242 244 245 272 286 296 298 303 343 397 398 452 459 476
Compactness: 4915.926727
Weights: 242.000000 5209.000000 1297.000000
Center Node: 398

District 12
Nodes: 0 1 21 72 84 88 99 115 150 183 260 263 269 282 323 385 424 432 437 479 484 486 496
Compactness: 1730.038098
Weights: 231.000000 4269.000000 1200.000000
Center Node: 496

District 13
Nodes: 16 55 97 122 141 160 163 170 180 186 221 227 231 233 250 280 293 322 324 325 344 345 362 367 370 438 439
Compactness: 4743.786190
Weights: 292.000000 5524.000000 1548.000000
Center Node: 160

District 14
Nodes: 23 30 43 59 114 119 136 161 173 177 217 226 243 249 313 334 358 360 365 384 407 420 440 450 455 474 475 495
Compactness: 2564.706931
Weights: 318.000000 5799.000000 1376.000000
Center Node: 43

District 15
Nodes: 14 34 63 74 104 140 157 168 176 214 235 251 253 261 273 299 300 363 378 396 416 422 430 441 460 472 481 499
Compactness: 2284.234458
Weights: 332.000000 5512.000000 1657.000000
Center Node: 396

District 16
Nodes: 4 60 105 130 144 165 190 225 268 276 278 283 314 319 329 340 372 379 381 428 443 447
Compactness: 2633.158734
Weights: 247.000000 4207.000000 1140.000000
Center Node: 225

District 17
Nodes: 29 50 54 64 68 83 91 93 103 121 128 166 203 238 275 297 330 356 364 369 374 382 393 399 470 483
Compactness: 2762.849352
Weights: 322.000000 5452.000000 1520.000000
Center Node: 121

District 18
Nodes: 7 46 70 71 76 106 110 129 132 133 134 148 162 191 205 213 274 291 346 380 415 451 463 480 487
Compactness: 2439.364662
Weights: 281.000000 4628.000000 1361.000000
Center Node: 70

District 19
Nodes: 13 37 69 89 100 109 137 139 171 187 194 201 255 304 306 307 312 317 350 354 389 400 423 433 454 461
Compactness: 2219.525673
Weights: 307.000000 5470.000000 1449.000000
Center Node: 201

District 20
Nodes: 35 66 116 158 178 195 196 200 206 207 241 254 257 264 266 277 284 294 302 327 348 371 395 431 457 468 498
Compactness: 2160.180379
Weights: 307.000000 4567.000000 1638.000000
Center Node: 195
