BalanceViolation 1544.129000
AffinityLoss 935.000000
Compactness 31478.813565
District 1
Nodes: 2 80 88 203 234 406 429 458 474 498
Compactness: 500.752750
Weights: 114.000000 2285.000000 460.000000
Center Node: 88

District 2
Nodes: 220 235 259 264 280 305 317 372 379 477
Compactness: 1294.426366
Weights: 128.000000 2074.000000 635.000000
Center Node: 317

District 3
Nodes: 29 44 151 163 165 329 377 421 449
Compactness: 668.020135
Weights: 135.000000 2202.000000 604.000000
Center Node: 421

District 4
Nodes: 41 62 101 150 188 263 289 319 349 369
Compactness: 599.037077
Weights: 133.000000 2204.000000 608.000000
Center Node: 101

District 5
Nodes: 8 46 85 131 156 174 225 239 367 401 407 472
Compactness: 820.508357
Weights: 145.000000 2133.000000 550.000000
Center Node: 46

District 6
Nodes: 77 79 114 146 213 366 428 465 485
Compactness: 394.079465
Weights: 118.000000 2174.000000 594.000000
Center Node: 146

District 7
Nodes: 112 153 166 199 214 226 230 236 251 306
Compactness: 579.301190
Weights: 119.000000 2235.000000 605.000000
Center Node: 166

District 8
Nodes: 7 113 141 193 247 415 434 493 494
Compactness: 414.732173
Weights: 88.000000 2086.000000 566.000000
Center Node: 7

District 9
Nodes: 23 107 167 266 309 387 404 463 492
Compactness: 594.498063
Weights: 130.000000 2047.000000 589.000000
Center Node: 492

District 10
Nodes: 5 26 49 66 83 172 272 288 380 441
Compactness: 572.851030
Weights: 135.000000 2164.000000 567.000000
Center Node: 49

District 11
Nodes: 3 147 178 224 231 279 287 294 371 466
Compactness: 638.270620
Weights: 122.000000 2048.000000 599.000000
Center Node: 3

District 12
Nodes: 9 20 75 129 267 275 298 358 439 453 496
Compactness: 373.715930
Weights: 130.000000 2189.000000 610.000000
Center Node: 439

District 13
Nodes: 6 105 127 135 148 154 209 210 373 412 479
Compactness: 424.036366
Weights: 123.000000 2087.000000 509.000000
Center Node: 412

District 14
Nodes: 11 13 52 81 128 238 368 388 438 443 464 490
Compactness: 1078.271449
Weights: 140.000000 2277.000000 566.000000
Center Node: 490

District 15
Nodes: 33 36 97 227 243 314 328 352 430
Compactness: 682.510581
Weights: 117.000000 2078.000000 604.000000
Center Node: 97

District 16
Nodes: 18 72 74 168 182 270 339 402 486
Compactness: 561.024886
Weights: 108.000000 2285.000000 477.000000
Center Node: 270

District 17
Nodes: 22 137 159 180 202 258 297 376 454
Compactness: 504.176097
Weights: 103.000000 1788.000000 643.000000
Center Node: 454

District 18
Nodes: 67 138 299 335 338 389 396 403 422 433
Compactness: 1140.576565
Weights: 124.000000 2139.000000 608.000000
Center Node: 433

District 19
Nodes: 35 73 76 109 192 205 311 384 391 435
Compactness: 580.258339
Weights: 125.000000 2096.000000 568.000000
Center Node: 76

District 20
Nodes: 69 95 140 155 179 190 362 419 475
Compactness: 396.489640
Weights: 121.000000 2267.000000 521.000000
Center Node: 362

District 21
Nodes: 19 59 164 282 304 318 337 355 390 480
Compactness: 955.178619
Weights: 112.000000 2033.000000 620.000000
Center Node: 318

District 22
Nodes: 124 132 134 212 323 351 357 413 420 446 457 470
Compactness: 1128.595888
Weights: 159.000000 2112.000000 591.000000
Center Node: 470

District 23
Nodes: 1 16 43 98 104 139 197 277 385 393 416
Compactness: 865.368162
Weights: 124.000000 2253.000000 622.000000
Center Node: 98

District 24
Nodes: 65 92 246 268 315 332 374 437 469 482
Compactness: 558.863420
Weights: 133.000000 2093.000000 558.000000
Center Node: 332

District 25
Nodes: 123 143 158 217 242 301 321 350 360 448
Compactness: 620.207579
Weights: 122.000000 2163.000000 588.000000
Center Node: 143

District 26
Nodes: 45 60 91 161 162 312 340 354 397 411 414
Compactness: 686.039792
Weights: 141.000000 2046.000000 613.000000
Center Node: 60

District 27
Nodes: 70 100 111 194 274 284 295 307 378 409
Compactness: 488.474789
Weights: 130.000000 2061.000000 569.000000
Center Node: 100

District 28
Nodes: 102 181 198 229 250 320 424 444 481
Compactness: 312.344535
Weights: 95.000000 2221.000000 574.000000
Center Node: 181

District 29
Nodes: 0 78 152 201 293 341 361 425 431 495 497
Compactness: 616.698386
Weights: 140.000000 2202.000000 595.000000
Center Node: 361

District 30
Nodes: 56 93 118 149 184 241 296 334 342
Compactness: 382.034715
Weights: 108.000000 2198.000000 501.000000
Center Node: 342

District 31
Nodes: 37 40 89 106 169 200 219 221 310 327
Compactness: 472.115512
Weights: 139.000000 2216.000000 620.000000
Center Node: 221

District 32
Nodes: 24 28 71 84 191 303 331 395 452 455 473
Compactness: 709.582012
Weights: 136.000000 2031.000000 619.000000
Center Node: 24

District 33
Nodes: 61 82 125 177 260 308 345 436
Compactness: 426.398189
Weights: 116.000000 2212.000000 544.000000
Center Node: 82

District 34
Nodes: 12 51 99 195 223 386 440 456 460 468
Compactness: 703.834662
Weights: 113.000000 2190.000000 583.000000
Center Node: 456

District 35
Nodes: 17 55 87 233 262 347 348 408 483
Compactness: 299.152881
Weights: 113.000000 2241.000000 561.000000
Center Node: 87

District 36
Nodes: 14 90 96 343 344 398 400 423 459
Compactness: 492.406941
Weights: 113.000000 2135.000000 538.000000
Center Node: 90

District 37
Nodes: 63 68 108 142 187 281 285 381 476
Compactness: 540.873071
Weights: 93.000000 2122.000000 575.000000
Center Node: 108

District 38
Nodes: 10 38 48 50 53 94 252 313 322 462 488
Compactness: 983.132653
Weights: 128.000000 2153.000000 616.000000
Center Node: 313

District 39
Nodes: 30 54 58 115 122 206 256 283 316 365 471
Compactness: 632.387427
Weights: 134.000000 2178.000000 559.000000
Center Node: 471

District 40
Nodes: 21 121 126 175 215 255 269 278 382 461
Compactness: 432.121412
Weights: 126.000000 2165.000000 633.000000
Center Node: 175

District 41
Nodes: 31 39 64 110 144 353 432 467 484 487
Compactness: 710.777001
Weights: 143.000000 2053.000000 498.000000
Center Node: 467

District 42
Nodes: 27 57 183 185 249 261 291 375 383 392 399
Compactness: 675.878650
Weights: 137.000000 2028.000000 626.000000
Center Node: 383

District 43
Nodes: 25 208 216 290 325 359 426 491
Compactness: 411.416793
Weights: 91.000000 2284.000000 559.000000
Center Node: 25

District 44
Nodes: 42 171 196 211 237 265 286 442 450 451 489
Compactness: 765.587969
Weights: 144.000000 2107.000000 565.000000
Center Node: 211

District 45
Nodes: 15 103 119 136 186 207 253 300 405 417 418
Compactness: 696.534086
Weights: 127.000000 2211.000000 597.000000
Center Node: 418

District 46
Nodes: 160 170 240 244 273 276 356 445 447
Compactness: 464.954625
Weights: 130.000000 2063.000000 381.000000
Center Node: 445

District 47
Nodes: 86 117 222 248 324 333 346 364 478 499
Compactness: 740.229746
Weights: 116.000000 2166.000000 563.000000
Center Node: 324

District 48
Nodes: 116 173 189 218 254 326 336 370 394 410
Compactness: 380.259303
Weights: 92.000000 2033.000000 668.000000
Center Node: 370

District 49
Nodes: 4 34 120 130 157 204 232 257 292 427
Compactness: 678.417054
Weights: 156.000000 2183.000000 586.000000
Center Node: 232

District 50
Nodes: 32 47 133 145 176 228 245 271 302 330 363
Compactness: 831.410612
Weights: 125.000000 2230.000000 588.000000
Center Node: 271
