BalanceViolation 0.000000
AffinityLoss 1596.000000
Compactness 107101.032877
District 1
Nodes: 30 46 50 53 68 88 135 145 146 158 248 251 269 271 277 323 341 357 379 384 387 393 403 427 439 465 503 528 534 550 554 555 578 587 658 716 718 731 736 764 791 792 801 813 817 820 841 842 891
Compactness: 6488.788726
Weights: 637.000000 10957.000000 2897.000000
Center Node: 587

District 2
Nodes: 8 12 26 33 71 127 153 155 168 177 188 208 214 215 246 275 282 350 373 392 440 452 488 513 526 551 568 625 660 664 672 696 697 707 708 747 768 783 788 795 845 853 856 880 896 919 925 956 979 984 985 986
Compactness: 7751.111655
Weights: 628.000000 10531.000000 2835.000000
Center Node: 392

District 3
Nodes: 14 17 36 42 61 89 98 126 242 250 296 320 339 356 366 381 400 404 412 418 426 428 453 469 514 662 663 687 693 698 700 713 729 748 753 763 770 775 778 784 824 835 850 897 930 950 955 960
Compactness: 4513.786630
Weights: 604.000000 10505.000000 3121.000000
Center Node: 61

District 4
Nodes: 9 31 43 58 60 91 99 102 143 187 220 229 264 267 276 281 297 309 345 349 371 436 441 464 505 527 537 567 588 631 688 704 705 715 719 738 745 750 799 812 819 834 840 854 877 918 958 974 982 996 999
Compactness: 6183.420482
Weights: 636.000000 10141.000000 3064.000000
Center Node: 750

District 5
Nodes: 21 52 54 75 130 141 148 154 161 183 184 192 225 257 270 278 295 359 422 435 455 463 466 468 522 532 540 564 575 583 608 610 649 677 730 757 769 780 796 806 807 844 862 868 899 903 939 942
Compactness: 4217.645500
Weights: 620.000000 10851.000000 2847.000000
Center Node: 796

District 6
Nodes: 23 38 41 62 70 76 78 101 104 124 149 204 216 279 288 291 299 317 326 327 374 378 397 408 413 415 431 444 491 556 562 581 642 648 681 701 706 709 739 742 754 776 790 831 847 863 870 873 882 945 951
Compactness: 4852.371863
Weights: 616.000000 10399.000000 2938.000000
Center Node: 739

District 7
Nodes: 5 18 24 29 40 74 81 84 117 134 147 156 191 206 243 245 249 280 318 346 352 364 377 490 502 530 561 576 592 600 615 652 668 680 710 722 773 798 855 859 860 866 881 884 901 916 922 928 954 963
Compactness: 6548.601503
Weights: 588.000000 10818.000000 3123.000000
Center Node: 74

District 8
Nodes: 7 16 114 129 137 164 175 197 231 236 240 262 263 294 314 337 348 396 416 457 483 504 516 524 531 566 573 603 606 613 614 621 635 685 686 703 772 889 906 908 914 932 935 969 975 981
Compactness: 3418.915957
Weights: 609.000000 10221.000000 2896.000000
Center Node: 16

District 9
Nodes: 10 25 34 80 92 140 178 189 203 207 259 260 334 358 365 370 376 420 451 456 460 479 494 525 529 544 553 622 630 641 653 659 714 720 740 741 805 843 867 887 921 938 959 973 978
Compactness: 4424.701530
Weights: 614.000000 10223.000000 2956.000000
Center Node: 140

District 10
Nodes: 0 22 32 37 49 56 93 97 109 128 138 173 200 221 228 244 253 261 273 301 302 306 308 310 330 375 386 389 398 421 443 475 501 563 582 616 620 627 691 711 734 751 752 766 832 849 883 892 905 929 968 988
Compactness: 4524.433796
Weights: 629.000000 10990.000000 3050.000000
Center Node: 56

District 11
Nodes: 48 77 90 100 119 125 185 186 223 224 241 255 293 305 313 344 361 363 369 372 385 411 433 476 508 510 539 577 596 597 601 617 634 646 723 726 732 737 767 802 811 830 837 838 865 872 961 977 983 997
Compactness: 5623.342223
Weights: 585.000000 10925.000000 2986.000000
Center Node: 313

District 12
Nodes: 35 69 72 105 106 133 196 212 237 258 266 268 286 287 290 311 343 355 417 454 462 482 485 507 512 547 570 580 589 602 605 643 702 721 728 746 774 785 825 826 861 876 895 910 913 926 972 998
Compactness: 4003.983031
Weights: 591.000000 10297.000000 3129.000000
Center Node: 212

District 13
Nodes: 39 57 73 96 107 108 123 162 170 176 193 218 230 329 331 332 336 382 383 388 423 429 434 445 477 486 487 492 496 520 543 545 546 569 595 611 626 638 777 782 786 793 797 823 829 848 875 879 886 915 931 936 941 952 992 993
Compactness: 4821.201752
Weights: 584.000000 11029.000000 3096.000000
Center Node: 445

District 14
Nodes: 44 111 113 121 131 150 182 190 194 247 254 285 289 303 312 338 354 402 442 448 459 497 515 538 604 628 637 640 644 645 647 661 683 694 725 727 744 760 761 771 779 781 787 789 814 833 852 900 907 970
Compactness: 5568.356506
Weights: 589.000000 11065.000000 2871.000000
Center Node: 640

District 15
Nodes: 1 3 4 6 28 55 116 195 201 227 234 235 304 316 319 406 407 432 437 438 449 480 481 498 511 536 572 586 607 618 623 654 674 682 684 690 695 733 804 810 815 821 828 864 874 894 902 904 923 947 962 980 987 990
Compactness: 11794.861993
Weights: 625.000000 10921.000000 3116.000000
Center Node: 1

District 16
Nodes: 63 86 110 120 132 142 157 159 166 174 219 232 233 238 315 324 353 390 395 401 424 467 471 473 506 509 518 541 574 585 591 629 632 650 656 666 675 692 699 794 818 846 871 885 890 924 940 943 957 976
Compactness: 4808.154511
Weights: 606.000000 10113.000000 3035.000000
Center Node: 940

District 17
Nodes: 2 20 51 65 83 94 112 118 151 163 165 205 211 217 272 292 307 394 410 450 474 478 493 533 535 548 549 552 558 560 590 594 599 609 651 670 676 679 712 717 724 755 803 851 857 869 893 927 965 966 989 991 995
Compactness: 4784.884181
Weights: 617.000000 10561.000000 2848.000000
Center Node: 991

District 18
Nodes: 66 85 136 152 169 198 209 213 265 284 298 300 340 362 380 409 414 425 430 447 458 461 472 500 521 542 559 565 598 619 624 636 667 689 735 743 800 827 878 888 898 909 911 917 920 944 967 994
Compactness: 3969.166072
Weights: 598.000000 10154.000000 2952.000000
Center Node: 624

District 19
Nodes: 15 19 64 79 103 122 171 179 180 202 222 226 239 274 321 325 333 335 351 367 405 470 484 489 517 519 557 571 579 584 593 612 633 655 669 673 749 758 762 765 809 816 839 912 933 934 946 948 949 953 971
Compactness: 5001.349694
Weights: 636.000000 10256.000000 2854.000000
Center Node: 325

District 20
Nodes: 11 13 27 45 47 59 67 82 87 95 115 139 144 160 167 172 181 199 210 252 256 283 322 328 342 347 360 368 391 399 419 446 495 499 523 639 657 665 671 678 756 759 808 822 836 858 937 964
Compactness: 3801.955271
Weights: 594.000000 10086.000000 3070.000000
Center Node: 67
