BalanceViolation 0.000000
AffinityLoss 1517.000000
Compactness 101767.777901
District 1
Nodes: 19 44 46 50 53 68 93 145 146 171 173 179 202 226 239 248 274 341 379 386 393 405 427 439 459 503 519 534 554 563 578 587 593 612 620 658 718 731 744 749 762 789 792 801 820 842 891 892 946 949
Compactness: 4901.477604
Weights: 615.000000 11240.000000 2757.000000
Center Node: 587

District 2
Nodes: 8 12 33 71 153 155 168 177 208 214 215 238 246 275 282 334 350 392 440 452 526 529 551 568 597 659 660 664 672 696 697 707 708 723 740 747 767 768 783 788 795 845 853 856 880 896 919 956 976 979 984 985 986
Compactness: 7708.380135
Weights: 659.000000 11373.000000 2868.000000
Center Node: 392

District 3
Nodes: 3 14 36 42 61 70 89 98 126 201 242 250 296 320 339 356 366 381 400 404 412 426 428 429 453 481 545 569 662 663 687 693 698 700 709 713 729 748 753 770 775 778 784 824 835 850 897 930 950 955 960
Compactness: 4559.209693
Weights: 636.000000 11449.000000 3266.000000
Center Node: 663

District 4
Nodes: 9 31 43 60 69 99 102 143 187 207 229 264 267 276 297 309 345 349 371 420 436 441 464 482 505 527 537 566 567 588 630 631 688 705 715 719 728 738 745 750 812 819 834 854 877 918 921 938 958 974 982 996 999
Compactness: 5887.709693
Weights: 669.000000 11236.000000 3041.000000
Center Node: 143

District 5
Nodes: 52 130 141 148 154 161 183 184 192 225 256 257 270 278 295 360 368 409 435 463 466 522 532 540 564 575 577 583 608 610 649 665 730 737 769 780 796 806 822 844 862 876 899 903 939 942
Compactness: 3693.540253
Weights: 566.000000 10216.000000 2715.000000
Center Node: 575

District 6
Nodes: 23 38 41 62 76 78 101 104 124 149 204 216 279 288 291 299 317 326 327 374 378 397 413 415 431 444 533 556 562 581 611 642 648 670 701 706 739 742 754 790 831 847 863 870 873 882 945 951
Compactness: 4138.555613
Weights: 574.000000 9739.000000 2766.000000
Center Node: 739

District 7
Nodes: 5 24 40 74 81 84 113 117 134 147 156 190 191 194 249 285 303 312 318 346 364 377 490 502 530 538 576 600 615 637 645 652 668 680 694 710 722 773 798 800 859 860 866 881 884 901 907 916 922 928 954 963
Compactness: 6276.923212
Weights: 598.000000 11572.000000 3259.000000
Center Node: 74

District 8
Nodes: 7 16 58 79 91 114 129 137 164 175 197 231 236 262 263 294 314 337 348 396 457 483 489 504 524 531 573 603 606 613 614 621 635 685 703 704 772 906 908 914 932 969 975 981
Compactness: 3062.166889
Weights: 600.000000 9536.000000 2758.000000
Center Node: 483

District 9
Nodes: 10 25 34 48 77 80 92 140 185 189 203 259 260 355 358 361 365 370 376 451 454 456 460 479 494 525 544 553 622 641 714 720 721 741 774 799 805 867 887 910 959 973 978
Compactness: 4073.577893
Weights: 570.000000 9554.000000 2738.000000
Center Node: 714

District 10
Nodes: 0 22 32 37 49 56 97 109 128 138 200 228 244 253 261 273 301 302 306 308 310 330 375 389 398 403 421 443 447 475 501 582 598 616 627 691 734 752 766 813 832 883 905 929 944 968 988
Compactness: 4110.436839
Weights: 587.000000 10120.000000 2713.000000
Center Node: 302

District 11
Nodes: 20 21 26 75 90 119 125 127 223 224 255 293 305 307 313 344 359 372 385 422 433 455 468 476 508 510 513 539 590 596 601 617 625 634 646 666 677 726 732 802 807 830 837 838 865 872 925 961 977 983 997
Compactness: 5542.668444
Weights: 587.000000 11122.000000 3013.000000
Center Node: 313

District 12
Nodes: 35 72 105 106 133 178 196 212 220 237 258 266 268 281 286 287 290 311 343 391 417 462 485 507 512 547 570 580 602 605 643 653 702 746 785 825 826 840 843 858 861 895 913 926 972 998
Compactness: 3703.297362
Weights: 570.000000 9508.000000 3040.000000
Center Node: 212

District 13
Nodes: 39 57 66 73 96 107 108 116 123 162 170 176 193 218 230 329 331 336 382 383 388 414 423 432 434 445 469 486 487 491 492 496 543 546 558 595 626 638 763 776 777 786 793 797 821 823 829 848 875 879 886 915 931 936 941 952 989 992 993
Compactness: 5201.491899
Weights: 637.000000 11527.000000 3280.000000
Center Node: 993

District 14
Nodes: 29 30 88 111 121 131 135 158 182 206 235 245 251 254 269 277 289 323 402 442 448 465 497 515 528 550 604 628 640 644 647 661 683 725 727 760 761 764 781 787 791 814 817 833 841 852 900 970
Compactness: 5100.453836
Weights: 641.000000 10586.000000 2705.000000
Center Node: 131

District 15
Nodes: 1 4 6 17 28 55 150 195 227 234 247 304 316 319 338 352 354 406 407 418 437 438 449 480 498 511 514 536 572 586 607 618 623 654 674 682 684 690 695 733 771 779 804 810 815 828 864 874 894 902 904 923 947 962 980 987 990
Compactness: 11406.647979
Weights: 667.000000 10977.000000 3263.000000
Center Node: 227

District 16
Nodes: 63 86 110 120 132 142 157 159 166 174 188 219 232 233 241 315 324 353 373 390 395 401 408 424 467 471 473 488 506 509 518 541 585 591 629 632 650 656 675 681 692 699 794 818 846 871 885 890 924 940 943 957
Compactness: 4866.204457
Weights: 629.000000 10504.000000 3224.000000
Center Node: 940

District 17
Nodes: 2 51 54 65 83 94 100 112 118 151 163 165 186 205 211 217 272 292 363 369 394 410 411 450 474 478 493 520 535 548 549 552 560 574 594 599 609 651 676 679 712 717 724 755 803 811 851 857 868 869 893 927 965 966 991 995
Compactness: 5415.617288
Weights: 671.000000 11098.000000 3061.000000
Center Node: 991

District 18
Nodes: 18 85 136 152 169 198 209 213 243 265 280 284 298 300 332 340 362 380 425 430 458 461 472 477 500 521 542 559 561 565 592 619 624 636 667 689 735 743 782 827 855 878 888 898 909 911 917 920 967 994
Compactness: 4245.884957
Weights: 586.000000 10212.000000 3167.000000
Center Node: 967

District 19
Nodes: 15 64 103 122 160 180 222 240 271 321 325 333 335 351 357 367 384 387 416 470 484 517 523 555 557 571 579 584 633 655 669 673 716 736 751 758 765 809 816 839 889 912 933 934 935 948 953 971
Compactness: 4571.518250
Weights: 585.000000 9554.000000 2972.000000
Center Node: 809

District 20
Nodes: 11 13 27 45 47 59 67 82 87 95 115 139 144 167 172 181 199 210 221 252 283 322 328 342 347 399 419 446 495 499 516 589 639 657 671 678 686 711 756 757 759 808 836 849 937 964
Compactness: 3302.015605
Weights: 559.000000 9920.000000 3078.000000
Center Node: 756
