BalanceViolation 25.855000
AffinityLoss 1543.000000
Compactness 100373.209717
District 1
Nodes: 5 82 85 90 92 107 163 191 204 214 218 248 257 274 327 332 338 364 366 391 399 403 440 477 492 498 518 524 542 546 563 576 584 585 656 678 699 700 710 734 759 789 824 853 868 874 878 891 912 921 960
Compactness: 5035.025083
Weights: 625.000000 10989.000000 3170.000000
Center Node: 542

District 2
Nodes: 8 26 30 51 53 54 75 101 136 186 206 228 233 244 252 260 263 302 312 382 405 439 442 455 456 470 486 517 520 588 601 642 647 693 704 723 729 738 774 777 797 803 808 819 825 851 856 872 877 889 915 931 959 980 982 991
Compactness: 7104.831013
Weights: 618.000000 11671.000000 2886.000000
Center Node: 75

District 3
Nodes: 28 29 32 145 162 196 212 224 236 243 285 303 309 317 354 357 387 404 412 416 417 421 449 468 487 506 523 540 568 574 582 592 608 613 689 728 743 756 775 787 802 809 818 828 846 870 871 876 928 933 935 937 944
Compactness: 6295.045867
Weights: 564.000000 11519.000000 3073.000000
Center Node: 568

District 4
Nodes: 19 50 64 83 104 134 141 146 156 235 255 279 292 321 378 395 396 420 422 471 504 505 516 521 530 537 555 606 617 659 664 672 683 684 720 739 750 770 794 801 854 892 898 925 972 993 996
Compactness: 3878.780487
Weights: 559.000000 9705.000000 2680.000000
Center Node: 505

District 5
Nodes: 38 48 58 128 129 130 172 211 219 222 231 261 269 289 306 314 335 359 376 388 413 424 435 475 488 507 548 562 579 586 616 627 628 632 635 637 641 648 661 669 719 752 757 761 776 784 791 896 954 973
Compactness: 4377.177898
Weights: 578.000000 9887.000000 2862.000000
Center Node: 231

District 6
Nodes: 25 40 70 77 88 93 117 200 208 278 294 308 330 339 341 361 390 408 432 464 482 508 514 571 604 611 633 660 668 688 708 712 715 718 796 800 810 843 852 883 917 934 951 961 977 984 992
Compactness: 4363.916483
Weights: 594.000000 11245.000000 3107.000000
Center Node: 77

District 7
Nodes: 12 23 69 105 114 124 126 137 174 177 238 273 284 311 337 401 428 445 491 499 503 531 533 535 553 557 560 573 599 670 677 681 702 742 753 786 788 790 835 848 849 850 860 886 940 945 946 949 953 967 981 998
Compactness: 4569.931846
Weights: 636.000000 10527.000000 2687.000000
Center Node: 998

District 8
Nodes: 1 47 73 98 99 133 153 155 168 187 210 229 259 272 281 290 296 323 347 352 360 402 425 434 469 483 513 529 539 549 607 620 638 662 726 746 820 826 864 865 887 897 911 924 929 952 965 968 997
Compactness: 4607.489937
Weights: 653.000000 10153.000000 2960.000000
Center Node: 726

District 9
Nodes: 7 10 24 31 39 41 59 60 118 139 142 234 239 250 271 286 297 307 333 346 355 356 358 375 389 441 458 515 556 561 577 594 622 624 629 685 692 722 733 735 765 827 830 862 867 908 919 927 999
Compactness: 4586.471466
Weights: 563.000000 9649.000000 2620.000000
Center Node: 297

District 10
Nodes: 4 14 56 121 143 175 179 241 253 270 280 282 340 351 370 409 426 448 450 451 478 489 496 527 541 552 567 570 572 602 614 625 645 737 745 762 768 781 833 844 855 900 903 907 943 958 970 971 978
Compactness: 5170.474190
Weights: 572.000000 11614.000000 2936.000000
Center Node: 900

District 11
Nodes: 55 63 67 74 113 140 178 205 225 262 300 453 472 490 511 519 544 565 566 583 640 649 650 653 666 671 686 721 730 755 764 779 839 845 873 880 884 893 910 916 926 938 948 957 987
Compactness: 3561.499161
Weights: 564.000000 9772.000000 2783.000000
Center Node: 566

District 12
Nodes: 18 45 46 72 86 100 109 151 171 183 185 192 240 249 265 268 287 295 336 392 411 419 459 463 479 485 493 502 509 522 551 587 596 609 623 701 703 716 717 725 771 783 815 842 859 879 882 899 942 955 956 964 979
Compactness: 4704.336894
Weights: 653.000000 11308.000000 2939.000000
Center Node: 86

District 13
Nodes: 11 13 15 17 34 44 76 80 97 158 182 193 197 198 202 245 291 315 325 334 348 349 393 430 454 467 495 538 545 550 569 590 593 603 634 654 657 674 676 705 724 741 744 754 832 836 837 890 895 913 930 941 988 989
Compactness: 5042.346226
Weights: 658.000000 9697.000000 3078.000000
Center Node: 741

District 14
Nodes: 0 36 87 127 181 194 203 207 221 237 254 264 299 304 310 316 371 377 407 410 436 460 630 675 679 680 687 697 707 713 760 773 778 792 793 817 823 829 841 858 901 909 914 918 962 963 990
Compactness: 4273.926818
Weights: 645.000000 10666.000000 2837.000000
Center Node: 823

District 15
Nodes: 16 22 49 68 95 111 159 161 164 165 180 190 209 215 242 258 267 288 320 331 353 373 415 443 447 476 500 501 512 528 534 597 605 639 646 655 696 706 749 751 769 782 798 806 811 813 816 822 947 976 994
Compactness: 5057.500111
Weights: 635.000000 10201.000000 3114.000000
Center Node: 706

District 16
Nodes: 9 27 61 65 84 94 96 119 125 150 157 166 170 176 199 201 217 283 293 363 367 380 385 397 398 406 446 465 481 536 543 554 559 600 619 631 694 698 727 731 767 814 821 838 847 861 885 894 906 932 974
Compactness: 7016.870229
Weights: 579.000000 11591.000000 2935.000000
Center Node: 397

District 17
Nodes: 6 37 43 57 79 106 116 122 138 147 152 154 160 220 232 256 276 277 318 342 343 362 386 400 418 431 452 461 497 510 532 575 580 595 598 610 612 621 658 665 695 711 714 766 772 785 795 799 804 812 834 888 904 995
Compactness: 5673.076142
Weights: 627.000000 10815.000000 3173.000000
Center Node: 152

District 18
Nodes: 2 3 21 33 35 66 71 78 89 91 108 110 149 167 169 173 189 195 319 322 326 328 329 365 372 383 394 433 437 444 462 484 547 558 564 589 652 673 709 740 831 875 902 939 975
Compactness: 4421.216874
Weights: 542.000000 9790.000000 2767.000000
Center Node: 437

District 19
Nodes: 20 52 62 103 112 131 135 144 188 213 216 226 227 246 247 251 301 313 324 384 414 457 473 474 581 615 644 651 663 667 691 732 736 748 758 763 805 857 881 920 922 923 966 983 986
Compactness: 4230.478722
Weights: 515.000000 10092.000000 2659.000000
Center Node: 112

District 20
Nodes: 42 81 102 115 120 123 132 148 184 223 230 266 275 298 305 344 345 350 368 369 374 379 381 423 427 429 438 466 480 494 525 526 578 591 618 626 636 643 682 690 747 780 807 840 863 866 869 905 936 950 969 985
Compactness: 6402.814269
Weights: 639.000000 11505.000000 2878.000000
Center Node: 184
