BalanceViolation 1.902500
AffinityLoss 1547.000000
Compactness 102152.801500
District 1
Nodes: 11 13 17 34 44 76 80 97 173 182 193 197 198 202 245 269 291 315 325 326 334 348 349 393 394 430 454 495 545 550 569 590 593 603 634 654 674 705 741 754 832 836 875 890 895 913 930 941 988 989
Compactness: 4787.174730
Weights: 627.000000 10123.000000 2919.000000
Center Node: 348

District 2
Nodes: 19 46 50 64 72 83 134 141 146 156 185 235 249 255 279 287 321 336 378 392 396 420 422 459 471 502 504 505 521 530 537 555 587 606 623 659 672 683 717 733 739 750 794 801 842 854 859 879 892 898 925 955 956 993 996
Compactness: 5839.570065
Weights: 628.000000 10960.000000 2983.000000
Center Node: 672

District 3
Nodes: 1 36 73 98 133 153 155 168 181 187 210 229 237 259 264 281 290 296 316 323 347 425 434 469 483 513 529 549 620 638 662 713 726 760 778 826 864 887 897 911 914 924 929 952 965 968 990
Compactness: 4062.961617
Weights: 625.000000 10113.000000 2842.000000
Center Node: 864

District 4
Nodes: 4 42 56 101 123 148 206 223 230 266 270 275 345 350 368 369 370 374 381 390 429 438 439 448 450 451 466 489 526 527 567 570 611 618 642 643 690 693 729 737 762 780 807 808 819 855 866 872 905 907 936
Compactness: 5232.422430
Weights: 577.000000 11082.000000 2987.000000
Center Node: 450

District 5
Nodes: 5 22 63 68 74 113 140 161 163 164 165 204 215 218 225 242 258 288 331 338 353 443 447 501 512 528 544 546 563 583 597 605 646 655 656 666 678 686 706 710 730 806 811 816 874 878 880 884 912
Compactness: 3810.411029
Weights: 603.000000 10963.000000 2935.000000
Center Node: 161

District 6
Nodes: 12 32 69 99 105 124 126 152 162 174 177 212 224 238 243 256 276 284 342 400 401 402 404 428 452 461 499 510 532 535 553 557 560 573 582 592 665 670 677 681 702 742 753 790 820 835 848 850 860 946 967 998
Compactness: 5530.659682
Weights: 625.000000 11033.000000 2891.000000
Center Node: 967

District 7
Nodes: 87 90 92 127 191 192 203 240 248 254 299 304 377 399 403 407 410 411 436 440 460 492 493 509 522 542 596 675 679 680 697 701 703 707 725 734 759 773 783 789 792 817 824 853 868 882 899 909 962 963
Compactness: 4882.172005
Weights: 596.000000 10161.000000 2818.000000
Center Node: 853

District 8
Nodes: 9 26 27 51 61 84 94 96 125 136 166 170 175 176 199 217 233 283 293 312 363 367 382 385 398 406 446 455 465 478 481 488 559 588 600 602 619 631 694 698 704 723 727 761 767 814 821 838 847 861 906 932 991
Compactness: 4363.342615
Weights: 596.000000 11135.000000 2806.000000
Center Node: 446

District 9
Nodes: 62 70 81 88 93 102 132 144 208 278 294 298 330 341 361 408 414 427 473 480 525 552 571 615 625 626 668 688 712 715 745 747 796 810 833 840 843 852 863 900 917 922 950 951 961 977 984 985 992
Compactness: 9978.092627
Weights: 620.000000 10312.000000 3031.000000
Center Node: 900

District 10
Nodes: 2 3 15 21 35 55 67 71 91 108 149 172 178 189 195 205 219 300 320 322 328 359 365 433 437 453 511 558 562 589 635 640 641 648 649 650 661 671 696 740 751 755 791 837 845 947 957
Compactness: 4930.404815
Weights: 613.000000 10175.000000 2885.000000
Center Node: 91

District 11
Nodes: 18 31 45 86 100 109 118 142 151 171 183 234 250 265 268 271 286 295 297 355 356 375 419 441 463 479 485 515 551 577 594 609 624 685 692 716 735 771 815 827 867 908 919 927 942 964 979 999
Compactness: 3722.901668
Weights: 575.000000 10417.000000 2764.000000
Center Node: 485

District 12
Nodes: 14 16 49 95 120 121 129 143 159 179 184 200 201 241 253 267 280 305 308 340 344 351 373 379 476 482 494 496 508 534 572 591 614 627 639 645 731 749 781 822 844 894 903 934 943 958 969 976 978
Compactness: 4618.679163
Weights: 589.000000 10923.000000 2871.000000
Center Node: 844

District 13
Nodes: 6 37 47 79 106 116 138 147 154 160 194 207 220 232 272 277 318 343 352 360 362 386 418 431 539 580 595 599 607 610 612 658 711 746 772 785 786 788 795 799 804 812 834 841 865 886 888 904 981 995 997
Compactness: 5502.879897
Weights: 625.000000 10325.000000 3018.000000
Center Node: 154

District 14
Nodes: 28 29 89 145 196 236 285 303 309 317 354 357 387 412 416 417 421 444 449 468 487 506 523 540 547 564 568 574 608 613 689 709 728 743 756 775 787 802 809 818 828 846 870 871 876 902 928 933 935 937 944
Compactness: 5857.283509
Weights: 576.000000 10912.000000 2994.000000
Center Node: 309

District 15
Nodes: 8 30 53 54 75 115 119 186 228 244 252 260 263 282 302 405 409 423 426 442 456 470 486 517 520 541 601 636 647 738 768 774 777 797 803 825 851 856 869 877 889 915 931 959 970 971 980 982
Compactness: 5512.770659
Weights: 569.000000 10950.000000 2763.000000
Center Node: 517

District 16
Nodes: 38 48 58 65 110 128 130 150 157 158 211 222 231 261 289 306 314 335 376 380 388 397 413 424 435 467 475 507 536 538 543 548 554 579 586 616 628 632 637 657 669 676 719 724 744 752 757 776 784 885 896 954 973 974
Compactness: 4873.091422
Weights: 629.000000 10915.000000 3040.000000
Center Node: 231

District 17
Nodes: 7 25 39 40 41 59 60 77 111 117 139 180 190 209 213 239 307 333 339 358 384 389 415 432 457 458 464 514 556 561 578 604 622 629 633 660 682 708 718 722 765 769 800 805 830 862 883 966 994
Compactness: 4638.612572
Weights: 576.000000 10908.000000 2903.000000
Center Node: 464

District 18
Nodes: 0 43 82 85 107 214 221 257 274 310 327 332 364 366 371 391 472 477 497 498 500 518 524 575 576 584 585 621 630 687 695 699 700 714 766 782 793 798 813 823 829 858 891 901 918 921 960
Compactness: 4422.153579
Weights: 583.000000 10210.000000 3025.000000
Center Node: 584

District 19
Nodes: 10 20 24 52 103 104 112 131 135 188 216 226 227 246 247 251 292 301 313 324 346 395 474 516 581 617 644 651 663 664 667 684 691 720 732 736 748 758 763 770 857 881 920 923 972 983 986
Compactness: 4388.276375
Weights: 581.000000 10590.000000 2763.000000
Center Node: 20

District 20
Nodes: 23 33 57 66 78 114 122 137 167 169 262 273 311 319 329 337 372 383 445 462 484 490 491 503 519 531 533 565 566 598 652 653 673 721 764 779 831 839 849 873 893 910 916 926 938 939 940 945 948 949 953 975 987
Compactness: 5198.941040
Weights: 606.000000 10189.000000 2906.000000
Center Node: 484
