BalanceViolation 0.000000
AffinityLoss 1592.000000
Compactness 96736.669999
District 1
Nodes: 37 41 46 76 111 123 149 165 186 254 262 304 314 324 332 350 383 395 414 418 463 492 493 509 510 516 532 534 568 600 623 626 643 672 693 743 757 758 769 776 780 783 847 879 912 918 997
Compactness: 4022.978502
Weights: 541.000000 10228.000000 2577.000000
Center Node: 324

District 2
Nodes: 3 21 35 43 47 80 108 110 125 129 133 158 159 174 178 182 197 213 217 245 246 252 260 289 325 331 343 374 394 447 450 464 548 564 571 575 593 604 618 664 675 687 689 697 720 748 768 811 878 901 914 928
Compactness: 4638.247078
Weights: 624.000000 11136.000000 3060.000000
Center Node: 571

District 3
Nodes: 15 36 50 54 68 82 164 181 184 228 229 247 250 259 269 275 303 311 382 391 425 436 438 482 490 499 525 531 542 583 640 657 661 663 690 765 773 789 807 870 896 903 913 931 936 961 975 995
Compactness: 4485.458557
Weights: 587.000000 9561.000000 2886.000000
Center Node: 250

District 4
Nodes: 104 146 148 157 163 176 200 214 248 282 287 293 296 352 400 407 411 417 500 569 589 608 612 635 637 659 696 714 733 734 767 778 782 792 798 801 810 890 908 954 956 962 969 972 979 993
Compactness: 3534.301949
Weights: 541.000000 10209.000000 2674.000000
Center Node: 801

District 5
Nodes: 39 42 55 74 87 90 98 107 134 155 160 220 234 267 271 278 291 333 339 340 404 481 485 494 495 549 551 560 565 582 610 615 616 644 650 671 700 707 732 759 821 845 888 910 934 957 966 984 990
Compactness: 4017.138178
Weights: 642.000000 10561.000000 2967.000000
Center Node: 74

District 6
Nodes: 23 29 31 57 59 65 67 91 96 122 135 136 162 202 219 232 239 240 263 266 286 468 489 556 566 574 579 588 599 606 607 627 636 667 670 684 685 711 717 741 749 774 791 800 805 813 849 858 876 886 924 938
Compactness: 6745.769791
Weights: 649.000000 11636.000000 3031.000000
Center Node: 741

District 7
Nodes: 9 38 53 105 117 119 121 124 138 140 154 171 179 180 285 318 351 354 368 370 381 406 458 469 475 484 502 508 513 540 546 559 586 598 601 620 694 708 719 726 760 781 794 834 840 843 899 929
Compactness: 4794.185772
Weights: 555.000000 10545.000000 2683.000000
Center Node: 484

District 8
Nodes: 51 78 88 99 139 150 183 191 206 222 236 322 342 353 373 380 390 397 429 440 454 462 471 472 487 497 503 512 530 536 543 622 630 653 704 712 718 730 746 752 754 775 919 932 945 973 976 981 988 989 994
Compactness: 4465.435411
Weights: 623.000000 11175.000000 2622.000000
Center Node: 454

District 9
Nodes: 6 7 10 16 22 34 84 97 112 130 132 161 172 193 225 264 344 360 378 396 403 415 445 446 448 465 474 478 544 552 555 580 585 587 628 662 679 691 751 804 825 850 860 877 907 911 915 925 933 939 946 960 963 986
Compactness: 5162.317187
Weights: 659.000000 11164.000000 3123.000000
Center Node: 16

District 10
Nodes: 5 58 71 77 81 147 196 209 223 224 238 249 261 297 310 317 323 337 345 386 476 517 526 528 550 594 602 609 624 634 642 655 673 688 713 753 762 764 784 786 809 854 859 862 868 872 889 905 970 987
Compactness: 4665.683925
Weights: 607.000000 9993.000000 2885.000000
Center Node: 58

District 11
Nodes: 0 4 12 17 25 52 62 66 85 92 120 156 166 256 283 292 299 346 385 387 388 389 399 423 437 453 455 507 545 557 558 591 603 605 614 625 701 723 725 728 729 739 740 772 777 796 808 832 866 917 955 959 964 977
Compactness: 4719.287271
Weights: 653.000000 11129.000000 3040.000000
Center Node: 603

District 12
Nodes: 20 33 126 153 177 194 210 226 241 242 253 255 265 274 300 320 358 367 435 444 451 473 477 518 522 533 654 669 692 699 703 744 787 795 799 806 817 820 823 828 851 852 855 857 874 881 902 940 953
Compactness: 7373.173564
Weights: 586.000000 11558.000000 3013.000000
Center Node: 241

District 13
Nodes: 13 24 27 48 60 70 83 115 127 131 142 144 168 216 227 233 279 363 372 375 376 413 433 470 479 511 521 524 576 592 619 668 678 702 705 722 771 826 827 836 846 856 864 871 882 898 916 983
Compactness: 5100.271118
Weights: 576.000000 9582.000000 2735.000000
Center Node: 856

District 14
Nodes: 1 30 69 72 73 93 102 109 195 208 230 268 281 295 316 329 330 349 359 412 422 457 460 467 498 553 578 633 648 674 680 683 724 738 770 788 831 835 867 880 926 930 943 949 950 965 968 999
Compactness: 4236.156898
Weights: 560.000000 10356.000000 2734.000000
Center Node: 195

District 15
Nodes: 18 19 45 116 145 151 173 185 187 189 190 199 211 215 235 258 276 280 302 307 312 326 335 362 398 416 419 426 452 486 488 515 538 562 567 584 611 656 745 761 785 819 824 829 841 848 893 900 921 922 937 947 998
Compactness: 5055.234666
Weights: 656.000000 9822.000000 3016.000000
Center Node: 187

District 16
Nodes: 32 40 49 79 86 94 169 175 188 212 231 243 272 288 301 306 309 321 336 348 355 361 366 371 392 405 456 461 506 520 590 595 621 638 646 666 686 709 742 747 763 815 833 838 844 887 935 991
Compactness: 3723.878666
Weights: 544.000000 9947.000000 2624.000000
Center Node: 79

District 17
Nodes: 2 8 11 56 64 103 113 141 152 167 204 221 305 319 328 334 365 384 420 428 514 523 539 554 561 570 597 629 631 647 649 715 736 755 766 790 814 818 869 897 920 923 951 952 958 967 978 982 992
Compactness: 4597.446296
Weights: 543.000000 9904.000000 3010.000000
Center Node: 818

District 18
Nodes: 61 100 114 118 170 203 205 244 251 273 298 308 313 364 379 393 402 424 432 434 449 483 501 527 529 537 573 581 613 639 651 677 706 727 793 797 803 837 861 863 865 883 884 891 904 927 944 948 974 985 996
Compactness: 5076.114763
Weights: 609.000000 11626.000000 2825.000000
Center Node: 379

District 19
Nodes: 26 63 89 192 198 201 218 237 257 277 290 294 338 341 347 356 377 410 421 441 443 459 480 504 505 519 535 541 563 596 617 641 660 665 681 682 695 698 710 716 731 750 779 802 812 816 830 842 885 892 906 941 942 971 980
Compactness: 5214.922791
Weights: 645.000000 11553.000000 3021.000000
Center Node: 218

District 20
Nodes: 14 28 44 75 95 101 106 128 137 143 207 270 284 315 327 357 369 401 408 409 427 430 431 439 442 466 491 496 547 572 577 632 645 652 658 676 721 735 737 756 822 839 853 873 875 894 895 909
Compactness: 5108.667617
Weights: 605.000000 10419.000000 2688.000000
Center Node: 357
