BalanceViolation 6002.440000
AffinityLoss 907.000000
Compactness 49417.302272
District 1
Nodes: 13 37 69 89 100 137 139 171 187 194 201 255 304 306 307 312 317 350 354 389 400 423 433 454 461
Compactness: 2007.359400
Weights: 296.000000 5290.000000 1401.000000
Center Node: 201

District 2
Nodes: 25 32 41 44 47 78 85 87 90 94 135 162 179 202 259 270 338 368 387 388 425 464 471
Compactness: 1771.245045
Weights: 228.000000 5329.000000 1276.000000
Center Node: 387

District 3
Nodes: 21 33 82 84 88 95 99 111 113 152 167 172 211 234 252 260 265 269 292 335 342 413 414 432 478
Compactness: 2103.044326
Weights: 297.000000 4425.000000 1284.000000
Center Node: 113

District 4
Nodes: 24 28 61 80 117 153 164 174 188 192 210 220 230 248 285 337 357 386 404 417 421 485 497
Compactness: 4224.031277
Weights: 269.000000 5549.000000 1232.000000
Center Node: 28

District 5
Nodes: 8 22 48 51 53 65 112 119 151 154 161 177 185 189 198 219 229 237 313 334 384 403 407 446 449 474 492
Compactness: 2635.839375
Weights: 331.000000 5234.000000 1626.000000
Center Node: 403

District 6
Nodes: 11 12 35 45 56 66 116 138 149 158 178 181 195 196 200 207 257 264 277 284 294 302 348 371 375 376 395 431 457 468 498
Compactness: 2517.422072
Weights: 376.000000 5355.000000 1925.000000
Center Node: 498

District 7
Nodes: 10 15 19 38 49 57 73 75 98 109 145 155 218 228 236 258 279 287 295 347 390 392 406 408 410 418 429 458 473
Compactness: 3015.925429
Weights: 373.000000 4922.000000 1666.000000
Center Node: 145

District 8
Nodes: 0 1 72 105 115 130 144 150 183 190 225 263 268 282 283 319 323 329 340 379 381 385 424 428 437 479 484 486 496
Compactness: 2793.675449
Weights: 324.000000 4839.000000 1493.000000
Center Node: 329

District 9
Nodes: 14 34 63 74 104 140 157 168 176 206 235 241 251 254 266 273 299 300 327 363 396 416 422 441 460 472 481
Compactness: 2628.106341
Weights: 301.000000 5174.000000 1608.000000
Center Node: 251

District 10
Nodes: 16 55 97 163 170 180 186 221 227 231 250 293 322 324 325 344 345 362 367 370 438 439
Compactness: 2404.021590
Weights: 218.000000 4450.000000 1224.000000
Center Node: 367

District 11
Nodes: 5 17 20 102 120 124 199 216 271 290 308 359 391 401 426 427 462 465 466 489
Compactness: 2390.216121
Weights: 241.000000 4152.000000 1251.000000
Center Node: 489

District 12
Nodes: 29 50 54 68 91 93 103 121 128 166 203 238 275 288 297 305 316 330 369 382 393 399 470 483
Compactness: 1648.053580
Weights: 271.000000 5385.000000 1424.000000
Center Node: 393

District 13
Nodes: 23 30 43 59 114 122 136 141 160 173 217 226 233 243 249 280 358 360 365 420 440 450 455 475 495
Compactness: 2211.159921
Weights: 298.000000 5310.000000 1259.000000
Center Node: 450

District 14
Nodes: 2 9 58 101 147 208 242 301 309 315 321 336 339 366 377 419 435 453 467
Compactness: 1683.383809
Weights: 243.000000 3351.000000 1304.000000
Center Node: 377

District 15
Nodes: 7 46 70 71 76 86 106 110 129 132 133 134 148 191 204 205 213 215 274 291 346 380 415 451 463 480 487
Compactness: 2660.858454
Weights: 319.000000 5307.000000 1467.000000
Center Node: 487

District 16
Nodes: 4 39 40 60 62 67 81 165 184 209 223 244 245 276 278 296 298 314 343 372 397 398 447 452 476
Compactness: 2213.080355
Weights: 269.000000 5304.000000 1376.000000
Center Node: 40

District 17
Nodes: 36 79 107 118 123 131 143 146 159 193 197 214 224 253 261 311 341 349 353 355 378 383 430 442 456 482 490 499
Compactness: 3598.395502
Weights: 313.000000 5720.000000 1473.000000
Center Node: 442

District 18
Nodes: 42 52 125 126 127 169 182 212 239 240 246 247 318 320 326 333 373 405 411 412 436 448 469 491 494
Compactness: 2269.831433
Weights: 265.000000 5176.000000 1577.000000
Center Node: 373

District 19
Nodes: 6 18 31 77 92 96 142 175 262 267 281 310 328 331 332 351 361 409 434 444 445 477 488
Compactness: 2720.675053
Weights: 299.000000 4720.000000 1303.000000
Center Node: 409

District 20
Nodes: 3 26 27 64 83 108 156 222 232 256 272 286 289 303 352 356 364 374 394 402 443 459 493
Compactness: 1920.977739
Weights: 258.000000 5317.000000 1322.000000
Center Node: 64
