BalanceViolation 0.000000
AffinityLoss 1419.000000
Compactness 104858.935271
District 1
Nodes: 47 129 148 164 191 197 238 241 242 258 278 289 312 376 389 409 431 463 480 492 511 521 536 542 567 605 632 642 663 690 692 729 733 734 746 759 760 761 773 798 803 831 845 875 897 903 917 938 944 960
Compactness: 4036.020057
Weights: 607.000000 10712.000000 2932.000000
Center Node: 605

District 2
Nodes: 24 78 88 120 161 171 190 205 225 252 263 265 290 292 293 338 363 456 462 464 466 502 526 529 570 577 592 596 601 604 647 725 732 762 763 772 786 814 823 825 851 894 906 943 987 989
Compactness: 4753.051398
Weights: 554.000000 9512.000000 2645.000000
Center Node: 293

District 3
Nodes: 13 21 22 63 95 122 168 240 264 294 325 336 355 396 398 417 423 433 467 468 472 476 513 556 580 589 610 637 641 649 660 662 699 703 728 737 781 794 815 832 836 837 846 860 863 865 893 966 994
Compactness: 7651.677595
Weights: 587.000000 10870.000000 2797.000000
Center Node: 815

District 4
Nodes: 0 6 52 53 58 68 98 121 155 216 223 230 239 253 298 304 306 318 364 399 427 493 494 498 505 535 593 631 644 693 696 708 726 730 740 755 767 824 827 855 868 870 884 890 915 920 963 965
Compactness: 5892.874407
Weights: 549.000000 10529.000000 3038.000000
Center Node: 884

District 5
Nodes: 11 14 80 104 126 127 173 182 226 246 276 341 342 344 347 350 412 419 426 429 444 528 543 545 578 600 645 658 670 672 679 721 765 768 784 800 840 913 927 931 955 971 986 999
Compactness: 3867.757979
Weights: 569.000000 9957.000000 2588.000000
Center Node: 127

District 6
Nodes: 5 10 31 45 55 67 76 79 112 119 134 147 176 194 203 218 259 273 308 326 416 448 469 532 533 540 583 597 640 664 685 695 707 711 747 778 805 820 821 847 858 873 891 912 918 947 958
Compactness: 5774.376589
Weights: 570.000000 9791.000000 2550.000000
Center Node: 416

District 7
Nodes: 34 72 82 106 136 139 158 159 169 198 201 213 231 236 322 327 343 351 380 394 420 428 436 445 457 473 483 497 515 534 553 561 562 614 624 668 678 680 709 719 753 758 764 769 776 808 844 877 886 964 968 978 993
Compactness: 4909.336139
Weights: 638.000000 11609.000000 2969.000000
Center Node: 753

District 8
Nodes: 20 35 84 89 91 109 123 137 141 149 185 187 214 229 244 254 261 288 300 314 329 335 360 375 379 386 390 406 418 504 517 550 582 609 656 735 750 793 822 833 835 843 854 882 895 900 907 910 945 967 969 995
Compactness: 4964.179168
Weights: 641.000000 11278.000000 2972.000000
Center Node: 907

District 9
Nodes: 32 94 125 146 156 174 179 209 219 245 257 262 268 283 284 303 315 319 321 358 405 422 424 484 510 531 541 555 606 621 681 697 727 754 783 785 796 807 853 856 892 904 953 972 973 976
Compactness: 4925.830360
Weights: 581.000000 9556.000000 2542.000000
Center Node: 853

District 10
Nodes: 4 77 87 102 124 142 153 177 199 207 211 286 331 352 415 451 453 454 474 482 487 507 565 568 569 588 612 618 627 643 666 676 687 702 710 716 748 774 777 779 791 818 839 852 857 869 872 885 942 948 951 952 979 991
Compactness: 5389.466591
Weights: 589.000000 11544.000000 3053.000000
Center Node: 142

District 11
Nodes: 7 57 59 60 69 86 110 260 266 302 333 340 362 367 372 374 378 385 402 404 411 425 432 437 439 441 620 665 683 706 713 714 745 780 802 817 849 850 864 899 902 914 916 937 954 983 984
Compactness: 3959.030850
Weights: 624.000000 9522.000000 2597.000000
Center Node: 864

District 12
Nodes: 3 43 62 70 85 92 130 131 195 200 208 227 228 237 256 272 274 279 282 285 295 345 366 370 381 384 446 460 470 489 527 586 598 628 633 635 638 673 686 688 701 715 751 752 757 813 861 883 932 940 957 977 980
Compactness: 4630.109215
Weights: 653.000000 11608.000000 2823.000000
Center Node: 366

District 13
Nodes: 12 19 37 50 51 56 74 113 132 140 144 165 181 192 204 206 210 296 313 332 334 339 371 397 450 471 503 512 537 623 630 650 667 669 691 705 724 739 742 790 812 830 859 889 909 939 981 988
Compactness: 3505.631941
Weights: 576.000000 10970.000000 2551.000000
Center Node: 939

District 14
Nodes: 27 28 54 103 108 115 116 118 128 135 143 150 170 180 183 188 217 275 277 299 307 311 320 395 421 442 449 475 495 519 539 547 552 613 629 646 657 682 704 717 722 771 797 811 819 826 905 921 926 928 935 961 997
Compactness: 4494.619314
Weights: 608.000000 10379.000000 3070.000000
Center Node: 704

District 15
Nodes: 2 42 46 48 61 71 75 83 105 133 145 222 243 250 255 267 287 309 346 368 369 377 447 458 486 490 491 516 538 557 560 564 575 585 595 599 603 626 651 655 661 671 684 698 731 743 787 801 804 862 871 934 936 950 959 990
Compactness: 5785.139604
Weights: 658.000000 11603.000000 2962.000000
Center Node: 603

District 16
Nodes: 25 162 233 270 281 310 323 349 356 382 383 393 413 430 452 455 477 500 508 549 559 563 571 587 590 591 594 611 619 652 653 674 689 694 700 744 749 809 810 842 896 962 985
Compactness: 3446.429150
Weights: 553.000000 10021.000000 2621.000000
Center Node: 700

District 17
Nodes: 1 30 40 41 73 111 157 160 166 193 212 220 224 247 248 251 337 359 361 387 391 403 407 408 435 461 478 479 499 506 558 572 573 584 602 607 622 654 659 720 782 788 795 806 829 841 866 867 874 878 887 975
Compactness: 4683.384856
Weights: 654.000000 10287.000000 2861.000000
Center Node: 157

District 18
Nodes: 8 9 17 23 44 64 66 81 96 97 99 107 138 151 154 167 189 196 271 291 297 305 317 324 328 357 365 392 410 481 488 496 501 520 522 525 546 554 581 636 639 677 712 723 792 838 919 949 956 970 992 996 998
Compactness: 11681.824918
Weights: 662.000000 9958.000000 3060.000000
Center Node: 317

District 19
Nodes: 18 29 38 39 90 100 101 152 163 172 175 178 186 202 215 232 234 249 301 316 348 353 373 388 401 438 440 459 465 509 514 518 530 548 608 617 634 648 756 770 828 848 876 879 881 888 901 911 922 929 930 946 982
Compactness: 5161.830420
Weights: 666.000000 10602.000000 2793.000000
Center Node: 634

District 20
Nodes: 15 16 26 33 36 49 65 93 114 117 184 221 235 269 280 330 354 400 414 434 443 485 523 524 544 551 566 574 576 579 615 616 625 675 718 736 738 741 766 775 789 799 816 834 880 898 908 923 924 925 933 941 974
Compactness: 5346.364720
Weights: 659.000000 10816.000000 2797.000000
Center Node: 524
