BalanceViolation 110945.214925
AffinityLoss 317.000000
Compactness 102019.700000
District 1
Nodes: 28 29 30 31 33 34
Compactness: 2736.300000
Weights: 1395.000000 6787.000000 0.000000
Center Node: 29

District 2
Nodes: 66 67 68
Compactness: 1192.000000
Weights: 710.000000 4847.700000 0.000000
Center Node: 67

District 3
Nodes: 85 86 87 88 89
Compactness: 3483.700000
Weights: 1075.000000 5652.900000 0.000000
Center Node: 86

District 4
Nodes: 124 136
Compactness: 1072.200000
Weights: 950.000000 4662.700000 0.000000
Center Node: 124

District 5
Nodes: 130
Compactness: 0.000000
Weights: 560.000000 3312.400000 0.000000
Center Node: 130

District 6
Nodes: 143 144
Compactness: 475.100000
Weights: 1365.000000 6054.700000 0.000000
Center Node: 144

District 7
Nodes: 152 153 154
Compactness: 2119.600000
Weights: 275.000000 1925.200000 0.000000
Center Node: 153

District 8
Nodes: 163
Compactness: 0.000000
Weights: 1335.000000 8416.300000 0.000000
Center Node: 163

District 9
Nodes: 174
Compactness: 0.000000
Weights: 275.000000 1099.900000 0.000000
Center Node: 174

District 10
Nodes: 114 116
Compactness: 1192.500000
Weights: 580.000000 4418.400000 0.000000
Center Node: 116

District 11
Nodes: 138
Compactness: 0.000000
Weights: 735.000000 4055.800000 0.000000
Center Node: 138

District 12
Nodes: 46 51
Compactness: 1143.800000
Weights: 1175.000000 7153.100000 0.000000
Center Node: 51

District 13
Nodes: 148
Compactness: 0.000000
Weights: 435.000000 2951.700000 0.000000
Center Node: 148

District 14
Nodes: 159 160
Compactness: 1084.200000
Weights: 1075.000000 6207.600000 0.000000
Center Node: 160

District 15
Nodes: 121
Compactness: 0.000000
Weights: 500.000000 2760.300000 0.000000
Center Node: 121

District 16
Nodes: 140 141
Compactness: 2224.600000
Weights: 790.000000 4358.000000 0.000000
Center Node: 141

District 17
Nodes: 99 100 103 104 106
Compactness: 3672.800000
Weights: 1120.000000 6090.300000 0.000000
Center Node: 103

District 18
Nodes: 132 137
Compactness: 717.100000
Weights: 845.000000 5397.000000 0.000000
Center Node: 132

District 19
Nodes: 8 9 25
Compactness: 1390.100000
Weights: 1715.000000 9360.200000 0.000000
Center Node: 9

District 20
Nodes: 155
Compactness: 0.000000
Weights: 760.000000 4123.000000 0.000000
Center Node: 155

District 21
Nodes: 128 142
Compactness: 1849.800000
Weights: 1145.000000 6471.000000 0.000000
Center Node: 128

District 22
Nodes: 171 172
Compactness: 959.100000
Weights: 1775.000000 9627.100000 0.000000
Center Node: 171

District 23
Nodes: 173
Compactness: 0.000000
Weights: 240.000000 1514.300000 0.000000
Center Node: 173

District 24
Nodes: 41 65
Compactness: 1355.500000
Weights: 1590.000000 8819.800000 0.000000
Center Node: 41

District 25
Nodes: 2 3
Compactness: 390.800000
Weights: 1995.000000 9231.100000 0.000000
Center Node: 2

District 26
Nodes: 52 55 56
Compactness: 1831.400000
Weights: 1300.000000 6381.900000 0.000000
Center Node: 55

District 27
Nodes: 59 62
Compactness: 969.700000
Weights: 1350.000000 6523.300000 0.000000
Center Node: 62

District 28
Nodes: 19 20 73 74
Compactness: 1862.100000
Weights: 1465.000000 8167.600000 0.000000
Center Node: 74

District 29
Nodes: 75 76 77 78 79
Compactness: 3991.000000
Weights: 990.000000 5807.200000 0.000000
Center Node: 77

District 30
Nodes: 44 118 119
Compactness: 5145.500000
Weights: 1390.000000 7390.700000 0.000000
Center Node: 44

District 31
Nodes: 120
Compactness: 0.000000
Weights: 735.000000 4302.200000 0.000000
Center Node: 120

District 32
Nodes: 149 150 151
Compactness: 1710.000000
Weights: 465.000000 2650.200000 0.000000
Center Node: 150

District 33
Nodes: 129 131
Compactness: 1984.300000
Weights: 1205.000000 7279.100000 0.000000
Center Node: 131

District 34
Nodes: 162
Compactness: 0.000000
Weights: 1500.000000 5178.100000 0.000000
Center Node: 162

District 35
Nodes: 125
Compactness: 0.000000
Weights: 730.000000 4495.200000 0.000000
Center Node: 125

District 36
Nodes: 147
Compactness: 0.000000
Weights: 845.000000 4222.600000 0.000000
Center Node: 147

District 37
Nodes: 139
Compactness: 0.000000
Weights: 95.000000 891.600000 0.000000
Center Node: 139

District 38
Nodes: 10 90 91
Compactness: 1639.900000
Weights: 1590.000000 6651.000000 0.000000
Center Node: 90

District 39
Nodes: 102 105 107 108 111
Compactness: 3971.400000
Weights: 1230.000000 5770.000000 0.000000
Center Node: 107

District 40
Nodes: 92 93 98
Compactness: 2057.400000
Weights: 1235.000000 7616.700000 0.000000
Center Node: 93

District 41
Nodes: 45 47 48 49 53 54 101
Compactness: 4250.200000
Weights: 1150.000000 7122.700000 0.000000
Center Node: 47

District 42
Nodes: 5 22 23 24
Compactness: 1868.400000
Weights: 1795.000000 8896.300000 0.000000
Center Node: 24

District 43
Nodes: 115 117
Compactness: 853.800000
Weights: 615.000000 4617.200000 0.000000
Center Node: 115

District 44
Nodes: 123
Compactness: 0.000000
Weights: 875.000000 5518.600000 0.000000
Center Node: 123

District 45
Nodes: 122
Compactness: 0.000000
Weights: 775.000000 3312.400000 0.000000
Center Node: 122

District 46
Nodes: 166 167
Compactness: 986.600000
Weights: 965.000000 4987.000000 0.000000
Center Node: 166

District 47
Nodes: 36 37
Compactness: 507.500000
Weights: 1605.000000 8240.200000 0.000000
Center Node: 36

District 48
Nodes: 69 70
Compactness: 415.300000
Weights: 1860.000000 9358.800000 0.000000
Center Node: 69

District 49
Nodes: 35 38 39
Compactness: 2078.000000
Weights: 1475.000000 6763.900000 0.000000
Center Node: 38

District 50
Nodes: 0 1 18
Compactness: 1650.400000
Weights: 1405.000000 9070.800000 0.000000
Center Node: 0

District 51
Nodes: 156 157 158
Compactness: 1359.400000
Weights: 1045.000000 6690.300000 0.000000
Center Node: 156

District 52
Nodes: 80 81 82 83 84
Compactness: 2147.000000
Weights: 955.000000 4945.700000 0.000000
Center Node: 81

District 53
Nodes: 32 40
Compactness: 1554.900000
Weights: 1495.000000 8791.700000 0.000000
Center Node: 32

District 54
Nodes: 135
Compactness: 0.000000
Weights: 920.000000 5432.700000 0.000000
Center Node: 135

District 55
Nodes: 126 127
Compactness: 818.900000
Weights: 770.000000 4377.800000 0.000000
Center Node: 126

District 56
Nodes: 94 95 96 97
Compactness: 1925.100000
Weights: 1400.000000 6662.400000 0.000000
Center Node: 97

District 57
Nodes: 133 134
Compactness: 883.700000
Weights: 1295.000000 6072.900000 0.000000
Center Node: 133

District 58
Nodes: 63 64 71 72
Compactness: 2891.600000
Weights: 1405.000000 7152.300000 0.000000
Center Node: 63

District 59
Nodes: 4 6 7
Compactness: 1193.200000
Weights: 1705.000000 7492.300000 0.000000
Center Node: 6

District 60
Nodes: 145 146
Compactness: 1346.800000
Weights: 1135.000000 7169.400000 0.000000
Center Node: 146

District 61
Nodes: 165 168
Compactness: 1046.400000
Weights: 1235.000000 6642.000000 0.000000
Center Node: 165

District 62
Nodes: 42 43 50 57 109 110 112 113
Compactness: 9762.900000
Weights: 915.000000 6589.600000 0.000000
Center Node: 43

District 63
Nodes: 26 27 58 60 61
Compactness: 2939.500000
Weights: 1505.000000 7397.800000 0.000000
Center Node: 58

District 64
Nodes: 15 16 17
Compactness: 1284.800000
Weights: 1280.000000 7128.300000 0.000000
Center Node: 16

District 65
Nodes: 11 12 13 14 21
Compactness: 3252.300000
Weights: 1490.000000 7173.600000 0.000000
Center Node: 13

District 66
Nodes: 161 169
Compactness: 2216.700000
Weights: 1390.000000 6252.400000 0.000000
Center Node: 169

District 67
Nodes: 164 170
Compactness: 2564.400000
Weights: 1150.000000 5553.100000 0.000000
Center Node: 164
