BalanceViolation 112821.657090
AffinityLoss 308.000000
Compactness 102115.900000
District 1
Nodes: 3 7
Compactness: 633.600000
Weights: 1805.000000 8486.500000 0.000000
Center Node: 3

District 2
Nodes: 66 67 68
Compactness: 1192.000000
Weights: 730.000000 4847.700000 0.000000
Center Node: 67

District 3
Nodes: 83 85 86 87 88 89
Compactness: 4269.000000
Weights: 920.000000 6014.300000 0.000000
Center Node: 86

District 4
Nodes: 133 134
Compactness: 883.700000
Weights: 930.000000 6072.900000 0.000000
Center Node: 133

District 5
Nodes: 130
Compactness: 0.000000
Weights: 575.000000 3312.400000 0.000000
Center Node: 130

District 6
Nodes: 143 144
Compactness: 475.100000
Weights: 1075.000000 6054.700000 0.000000
Center Node: 144

District 7
Nodes: 149 150
Compactness: 1025.100000
Weights: 320.000000 2042.400000 0.000000
Center Node: 149

District 8
Nodes: 163
Compactness: 0.000000
Weights: 2355.000000 8416.300000 0.000000
Center Node: 163

District 9
Nodes: 174
Compactness: 0.000000
Weights: 150.000000 1099.900000 0.000000
Center Node: 174

District 10
Nodes: 155
Compactness: 0.000000
Weights: 640.000000 4123.000000 0.000000
Center Node: 155

District 11
Nodes: 49 50 51
Compactness: 735.100000
Weights: 790.000000 6236.100000 0.000000
Center Node: 50

District 12
Nodes: 138
Compactness: 0.000000
Weights: 665.000000 4055.800000 0.000000
Center Node: 138

District 13
Nodes: 122
Compactness: 0.000000
Weights: 540.000000 3312.400000 0.000000
Center Node: 122

District 14
Nodes: 148
Compactness: 0.000000
Weights: 425.000000 2951.700000 0.000000
Center Node: 148

District 15
Nodes: 43 109 111 112 113
Compactness: 4799.200000
Weights: 465.000000 3370.800000 0.000000
Center Node: 109

District 16
Nodes: 120 141
Compactness: 1154.100000
Weights: 1180.000000 7641.000000 0.000000
Center Node: 120

District 17
Nodes: 29 30 31 33 34
Compactness: 2163.100000
Weights: 1260.000000 6452.400000 0.000000
Center Node: 33

District 18
Nodes: 36 37
Compactness: 507.500000
Weights: 1300.000000 8240.200000 0.000000
Center Node: 36

District 19
Nodes: 161 169
Compactness: 2216.700000
Weights: 965.000000 6252.400000 0.000000
Center Node: 169

District 20
Nodes: 173
Compactness: 0.000000
Weights: 185.000000 1514.300000 0.000000
Center Node: 173

District 21
Nodes: 156 157 158
Compactness: 1359.400000
Weights: 855.000000 6690.300000 0.000000
Center Node: 156

District 22
Nodes: 9 25
Compactness: 644.500000
Weights: 1270.000000 5974.500000 0.000000
Center Node: 9

District 23
Nodes: 42 118 119
Compactness: 2354.400000
Weights: 885.000000 5901.100000 0.000000
Center Node: 119

District 24
Nodes: 32 40
Compactness: 1554.900000
Weights: 1560.000000 8791.700000 0.000000
Center Node: 32

District 25
Nodes: 124 136
Compactness: 1072.200000
Weights: 625.000000 4662.700000 0.000000
Center Node: 124

District 26
Nodes: 128 142
Compactness: 1849.800000
Weights: 895.000000 6471.000000 0.000000
Center Node: 128

District 27
Nodes: 135
Compactness: 0.000000
Weights: 690.000000 5432.700000 0.000000
Center Node: 135

District 28
Nodes: 159 160
Compactness: 1084.200000
Weights: 845.000000 6207.600000 0.000000
Center Node: 160

District 29
Nodes: 75 77 78
Compactness: 2233.000000
Weights: 835.000000 4918.900000 0.000000
Center Node: 77

District 30
Nodes: 140
Compactness: 0.000000
Weights: 165.000000 1019.200000 0.000000
Center Node: 140

District 31
Nodes: 129 131
Compactness: 1984.300000
Weights: 1270.000000 7279.100000 0.000000
Center Node: 131

District 32
Nodes: 17 18
Compactness: 843.800000
Weights: 1345.000000 7920.000000 0.000000
Center Node: 17

District 33
Nodes: 63 64 72
Compactness: 1820.200000
Weights: 950.000000 5758.600000 0.000000
Center Node: 63

District 34
Nodes: 125 126 127
Compactness: 1617.000000
Weights: 1380.000000 8873.000000 0.000000
Center Node: 127

District 35
Nodes: 147
Compactness: 0.000000
Weights: 765.000000 4222.600000 0.000000
Center Node: 147

District 36
Nodes: 139
Compactness: 0.000000
Weights: 115.000000 891.600000 0.000000
Center Node: 139

District 37
Nodes: 162 164
Compactness: 941.500000
Weights: 2775.000000 9580.200000 0.000000
Center Node: 162

District 38
Nodes: 115 117
Compactness: 853.800000
Weights: 845.000000 4617.200000 0.000000
Center Node: 115

District 39
Nodes: 44 46
Compactness: 2307.100000
Weights: 940.000000 5665.600000 0.000000
Center Node: 44

District 40
Nodes: 47 48 53 54 57 105 106 107 108 110
Compactness: 12123.600000
Weights: 1205.000000 7151.900000 0.000000
Center Node: 106

District 41
Nodes: 13 21 92
Compactness: 2084.500000
Weights: 895.000000 5914.800000 0.000000
Center Node: 21

District 42
Nodes: 10 90 91
Compactness: 1639.900000
Weights: 2785.000000 6651.000000 0.000000
Center Node: 90

District 43
Nodes: 151 152 153 154
Compactness: 3186.600000
Weights: 390.000000 2533.000000 0.000000
Center Node: 152

District 44
Nodes: 165 168
Compactness: 1046.400000
Weights: 1130.000000 6642.000000 0.000000
Center Node: 165

District 45
Nodes: 11 12 14 22 23 24
Compactness: 4587.800000
Weights: 1015.000000 7118.500000 0.000000
Center Node: 12

District 46
Nodes: 132 137
Compactness: 717.100000
Weights: 915.000000 5397.000000 0.000000
Center Node: 132

District 47
Nodes: 35 38 39
Compactness: 2078.000000
Weights: 1415.000000 6763.900000 0.000000
Center Node: 38

District 48
Nodes: 8 62
Compactness: 1749.900000
Weights: 1065.000000 7387.100000 0.000000
Center Node: 8

District 49
Nodes: 114 116
Compactness: 1192.500000
Weights: 720.000000 4418.400000 0.000000
Center Node: 116

District 50
Nodes: 121
Compactness: 0.000000
Weights: 435.000000 2760.300000 0.000000
Center Node: 121

District 51
Nodes: 41 65
Compactness: 1355.500000
Weights: 1430.000000 8819.800000 0.000000
Center Node: 65

District 52
Nodes: 15 16 20
Compactness: 1681.800000
Weights: 1400.000000 7165.700000 0.000000
Center Node: 16

District 53
Nodes: 145 146
Compactness: 1346.800000
Weights: 1455.000000 7169.400000 0.000000
Center Node: 146

District 54
Nodes: 166 167 171
Compactness: 1856.800000
Weights: 1540.000000 8613.200000 0.000000
Center Node: 167

District 55
Nodes: 76 79 80 81 82 84
Compactness: 3558.200000
Weights: 790.000000 5472.600000 0.000000
Center Node: 80

District 56
Nodes: 0 1 2
Compactness: 1963.800000
Weights: 1090.000000 7607.800000 0.000000
Center Node: 0

District 57
Nodes: 69 70
Compactness: 415.300000
Weights: 1255.000000 9358.800000 0.000000
Center Node: 69

District 58
Nodes: 52 55 56
Compactness: 1778.300000
Weights: 975.000000 6381.900000 0.000000
Center Node: 52

District 59
Nodes: 95 99 100 101
Compactness: 2041.400000
Weights: 790.000000 7005.600000 0.000000
Center Node: 99

District 60
Nodes: 28 94 96 97 98
Compactness: 2635.800000
Weights: 1080.000000 8502.500000 0.000000
Center Node: 96

District 61
Nodes: 27 59 93
Compactness: 1959.400000
Weights: 1090.000000 7356.500000 0.000000
Center Node: 93

District 62
Nodes: 45 102 103 104
Compactness: 1830.000000
Weights: 500.000000 6170.800000 0.000000
Center Node: 103

District 63
Nodes: 4 5 6
Compactness: 735.500000
Weights: 1670.000000 8181.400000 0.000000
Center Node: 4

District 64
Nodes: 26 58 60 61 71
Compactness: 3922.900000
Weights: 1210.000000 7398.300000 0.000000
Center Node: 60

District 65
Nodes: 170 172
Compactness: 970.000000
Weights: 1190.000000 7151.900000 0.000000
Center Node: 170

District 66
Nodes: 123
Compactness: 0.000000
Weights: 680.000000 5518.600000 0.000000
Center Node: 123

District 67
Nodes: 19 73 74
Compactness: 1083.800000
Weights: 1045.000000 6049.600000 0.000000
Center Node: 74
