BalanceViolation 107569.990597
AffinityLoss 316.000000
Compactness 103388.800000
District 1
Nodes: 41 65
Compactness: 1355.500000
Weights: 1300.000000 8819.800000 0.000000
Center Node: 65

District 2
Nodes: 66 67 68
Compactness: 1192.000000
Weights: 725.000000 4847.700000 0.000000
Center Node: 67

District 3
Nodes: 79 80 81 82 83 84
Compactness: 2989.000000
Weights: 870.000000 5065.400000 0.000000
Center Node: 81

District 4
Nodes: 125 126 127
Compactness: 1617.000000
Weights: 1610.000000 8873.000000 0.000000
Center Node: 127

District 5
Nodes: 130
Compactness: 0.000000
Weights: 475.000000 3312.400000 0.000000
Center Node: 130

District 6
Nodes: 143 144
Compactness: 475.100000
Weights: 685.000000 6054.700000 0.000000
Center Node: 144

District 7
Nodes: 149 150 151
Compactness: 1710.000000
Weights: 370.000000 2650.200000 0.000000
Center Node: 150

District 8
Nodes: 172
Compactness: 0.000000
Weights: 1020.000000 6000.900000 0.000000
Center Node: 172

District 9
Nodes: 174
Compactness: 0.000000
Weights: 220.000000 1099.900000 0.000000
Center Node: 174

District 10
Nodes: 155
Compactness: 0.000000
Weights: 580.000000 4123.000000 0.000000
Center Node: 155

District 11
Nodes: 44 46
Compactness: 2307.100000
Weights: 745.000000 5665.600000 0.000000
Center Node: 44

District 12
Nodes: 138
Compactness: 0.000000
Weights: 665.000000 4055.800000 0.000000
Center Node: 138

District 13
Nodes: 122 124
Compactness: 2689.500000
Weights: 1060.000000 5692.400000 0.000000
Center Node: 122

District 14
Nodes: 0 1 15 16
Compactness: 3212.000000
Weights: 1265.000000 8279.100000 0.000000
Center Node: 15

District 15
Nodes: 140 141
Compactness: 2224.600000
Weights: 705.000000 4358.000000 0.000000
Center Node: 141

District 16
Nodes: 148
Compactness: 0.000000
Weights: 355.000000 2951.700000 0.000000
Center Node: 148

District 17
Nodes: 105 107 108 109 111 112 113
Compactness: 6010.300000
Weights: 695.000000 4840.400000 0.000000
Center Node: 108

District 18
Nodes: 159 160
Compactness: 1084.200000
Weights: 1030.000000 6207.600000 0.000000
Center Node: 160

District 19
Nodes: 47 48 56
Compactness: 2014.800000
Weights: 820.000000 5630.100000 0.000000
Center Node: 48

District 20
Nodes: 142
Compactness: 0.000000
Weights: 480.000000 2758.700000 0.000000
Center Node: 142

District 21
Nodes: 118 119
Compactness: 995.500000
Weights: 760.000000 5162.100000 0.000000
Center Node: 119

District 22
Nodes: 173
Compactness: 0.000000
Weights: 225.000000 1514.300000 0.000000
Center Node: 173

District 23
Nodes: 133 134
Compactness: 883.700000
Weights: 1065.000000 6072.900000 0.000000
Center Node: 133

District 24
Nodes: 26 27 35 58 59
Compactness: 2795.300000
Weights: 1125.000000 7016.600000 0.000000
Center Node: 26

District 25
Nodes: 19 20 73 74
Compactness: 1862.100000
Weights: 1215.000000 8167.600000 0.000000
Center Node: 74

District 26
Nodes: 8 9
Compactness: 933.500000
Weights: 1530.000000 6251.700000 0.000000
Center Node: 8

District 27
Nodes: 135
Compactness: 0.000000
Weights: 935.000000 5432.700000 0.000000
Center Node: 135

District 28
Nodes: 152 153 154
Compactness: 2119.600000
Weights: 215.000000 1925.200000 0.000000
Center Node: 153

District 29
Nodes: 49 52 53 54 55
Compactness: 2560.000000
Weights: 875.000000 4875.200000 0.000000
Center Node: 52

District 30
Nodes: 5 23 24
Compactness: 1365.300000
Weights: 1125.000000 6300.500000 0.000000
Center Node: 5

District 31
Nodes: 120 136
Compactness: 2338.900000
Weights: 1090.000000 6584.900000 0.000000
Center Node: 136

District 32
Nodes: 32 40
Compactness: 1554.900000
Weights: 1330.000000 8791.700000 0.000000
Center Node: 32

District 33
Nodes: 162 163
Compactness: 985.000000
Weights: 2225.000000 13594.400000 0.000000
Center Node: 162

District 34
Nodes: 75 76 77 78
Compactness: 3277.100000
Weights: 955.000000 5687.500000 0.000000
Center Node: 77

District 35
Nodes: 147
Compactness: 0.000000
Weights: 660.000000 4222.600000 0.000000
Center Node: 147

District 36
Nodes: 139
Compactness: 0.000000
Weights: 175.000000 891.600000 0.000000
Center Node: 139

District 37
Nodes: 132 137
Compactness: 717.100000
Weights: 720.000000 5397.000000 0.000000
Center Node: 132

District 38
Nodes: 114 116
Compactness: 1192.500000
Weights: 800.000000 4418.400000 0.000000
Center Node: 116

District 39
Nodes: 129 131
Compactness: 1984.300000
Weights: 1195.000000 7279.100000 0.000000
Center Node: 131

District 40
Nodes: 21 25
Compactness: 901.500000
Weights: 1165.000000 6682.200000 0.000000
Center Node: 21

District 41
Nodes: 165 168
Compactness: 1046.400000
Weights: 1100.000000 6642.000000 0.000000
Center Node: 165

District 42
Nodes: 161 169
Compactness: 2216.700000
Weights: 960.000000 6252.400000 0.000000
Center Node: 169

District 43
Nodes: 31 100 101
Compactness: 1348.600000
Weights: 1235.000000 6682.700000 0.000000
Center Node: 101

District 44
Nodes: 95 96 99 102
Compactness: 4231.100000
Weights: 855.000000 7695.600000 0.000000
Center Node: 95

District 45
Nodes: 115 117
Compactness: 853.800000
Weights: 795.000000 4617.200000 0.000000
Center Node: 115

District 46
Nodes: 85 86 87 88 89
Compactness: 3483.700000
Weights: 945.000000 5652.900000 0.000000
Center Node: 86

District 47
Nodes: 2 3
Compactness: 390.800000
Weights: 1790.000000 9231.100000 0.000000
Center Node: 2

District 48
Nodes: 4 6 7
Compactness: 1193.200000
Weights: 1920.000000 7492.300000 0.000000
Center Node: 6

District 49
Nodes: 128
Compactness: 0.000000
Weights: 575.000000 3712.300000 0.000000
Center Node: 128

District 50
Nodes: 121
Compactness: 0.000000
Weights: 585.000000 2760.300000 0.000000
Center Node: 121

District 51
Nodes: 17 18
Compactness: 843.800000
Weights: 1175.000000 7920.000000 0.000000
Center Node: 17

District 52
Nodes: 36 37 60
Compactness: 980.600000
Weights: 1740.000000 9742.400000 0.000000
Center Node: 36

District 53
Nodes: 61 62
Compactness: 459.300000
Weights: 1095.000000 6464.700000 0.000000
Center Node: 61

District 54
Nodes: 69 70
Compactness: 415.300000
Weights: 1570.000000 9358.800000 0.000000
Center Node: 69

District 55
Nodes: 91 92 93
Compactness: 784.200000
Weights: 1135.000000 7111.100000 0.000000
Center Node: 92

District 56
Nodes: 10 90 94
Compactness: 3066.600000
Weights: 980.000000 5808.400000 0.000000
Center Node: 94

District 57
Nodes: 28 29 30 33 97 98
Compactness: 3549.100000
Weights: 1050.000000 8557.800000 0.000000
Center Node: 28

District 58
Nodes: 43 45 57 103 104 106 110
Compactness: 5700.600000
Weights: 955.000000 5821.200000 0.000000
Center Node: 104

District 59
Nodes: 166 167 171
Compactness: 1856.800000
Weights: 1445.000000 8613.200000 0.000000
Center Node: 167

District 60
Nodes: 145 146
Compactness: 1346.800000
Weights: 1360.000000 7169.400000 0.000000
Center Node: 146

District 61
Nodes: 63 64 71 72
Compactness: 2891.600000
Weights: 1210.000000 7152.300000 0.000000
Center Node: 63

District 62
Nodes: 156 157 158
Compactness: 1359.400000
Weights: 1045.000000 6690.300000 0.000000
Center Node: 156

District 63
Nodes: 11 12 13 14 22
Compactness: 3406.400000
Weights: 1140.000000 6195.700000 0.000000
Center Node: 12

District 64
Nodes: 34 38 39
Compactness: 2328.900000
Weights: 1145.000000 6485.500000 0.000000
Center Node: 38

District 65
Nodes: 123
Compactness: 0.000000
Weights: 985.000000 5518.600000 0.000000
Center Node: 123

District 66
Nodes: 42 50 51
Compactness: 1723.300000
Weights: 780.000000 5581.200000 0.000000
Center Node: 51

District 67
Nodes: 164 170
Compactness: 2564.400000
Weights: 805.000000 5553.100000 0.000000
Center Node: 164
