BalanceViolation 108498.745224
AffinityLoss 322.000000
Compactness 104453.700000
District 1
Nodes: 26 35 58 59 60
Compactness: 2324.700000
Weights: 1400.000000 7125.600000 0.000000
Center Node: 58

District 2
Nodes: 66 67 68
Compactness: 1192.000000
Weights: 895.000000 4847.700000 0.000000
Center Node: 67

District 3
Nodes: 79 80 81 82 83 84
Compactness: 2989.000000
Weights: 895.000000 5065.400000 0.000000
Center Node: 81

District 4
Nodes: 120 141
Compactness: 1154.100000
Weights: 1435.000000 7641.000000 0.000000
Center Node: 120

District 5
Nodes: 130 131
Compactness: 2504.600000
Weights: 870.000000 4843.100000 0.000000
Center Node: 131

District 6
Nodes: 143 144
Compactness: 475.100000
Weights: 895.000000 6054.700000 0.000000
Center Node: 144

District 7
Nodes: 149 150 151
Compactness: 1710.000000
Weights: 360.000000 2650.200000 0.000000
Center Node: 150

District 8
Nodes: 156 158
Compactness: 597.100000
Weights: 1885.000000 4695.800000 0.000000
Center Node: 158

District 9
Nodes: 173 174
Compactness: 2982.700000
Weights: 450.000000 2614.200000 0.000000
Center Node: 173

District 10
Nodes: 155
Compactness: 0.000000
Weights: 595.000000 4123.000000 0.000000
Center Node: 155

District 11
Nodes: 44 51
Compactness: 1565.100000
Weights: 800.000000 5944.700000 0.000000
Center Node: 44

District 12
Nodes: 121
Compactness: 0.000000
Weights: 435.000000 2760.300000 0.000000
Center Node: 121

District 13
Nodes: 166 167
Compactness: 986.600000
Weights: 995.000000 4987.000000 0.000000
Center Node: 166

District 14
Nodes: 138
Compactness: 0.000000
Weights: 1020.000000 4055.800000 0.000000
Center Node: 138

District 15
Nodes: 148
Compactness: 0.000000
Weights: 475.000000 2951.700000 0.000000
Center Node: 148

District 16
Nodes: 57 104 105 106 107 108 110 111 112
Compactness: 9745.900000
Weights: 1220.000000 6291.000000 0.000000
Center Node: 108

District 17
Nodes: 163
Compactness: 0.000000
Weights: 2325.000000 8416.300000 0.000000
Center Node: 163

District 18
Nodes: 45 47 48 101 103
Compactness: 2748.700000
Weights: 1390.000000 6108.000000 0.000000
Center Node: 45

District 19
Nodes: 128 142
Compactness: 1849.800000
Weights: 1135.000000 6471.000000 0.000000
Center Node: 128

District 20
Nodes: 3 6 7
Compactness: 1242.800000
Weights: 2010.000000 9637.500000 0.000000
Center Node: 3

District 21
Nodes: 118 119
Compactness: 995.500000
Weights: 1310.000000 5162.100000 0.000000
Center Node: 119

District 22
Nodes: 133 134
Compactness: 883.700000
Weights: 1040.000000 6072.900000 0.000000
Center Node: 133

District 23
Nodes: 11 12 14 22 24
Compactness: 3530.200000
Weights: 2295.000000 6228.800000 0.000000
Center Node: 11

District 24
Nodes: 132 137
Compactness: 717.100000
Weights: 890.000000 5397.000000 0.000000
Center Node: 132

District 25
Nodes: 162
Compactness: 0.000000
Weights: 1905.000000 5178.100000 0.000000
Center Node: 162

District 26
Nodes: 152 153 154
Compactness: 2119.600000
Weights: 215.000000 1925.200000 0.000000
Center Node: 153

District 27
Nodes: 46 52 55
Compactness: 1188.500000
Weights: 1005.000000 5796.000000 0.000000
Center Node: 55

District 28
Nodes: 140
Compactness: 0.000000
Weights: 185.000000 1019.200000 0.000000
Center Node: 140

District 29
Nodes: 15 18
Compactness: 1237.000000
Weights: 1290.000000 8204.500000 0.000000
Center Node: 15

District 30
Nodes: 32 40
Compactness: 1554.900000
Weights: 1640.000000 8791.700000 0.000000
Center Node: 32

District 31
Nodes: 159 160
Compactness: 1084.200000
Weights: 1770.000000 6207.600000 0.000000
Center Node: 160

District 32
Nodes: 124 136
Compactness: 1072.200000
Weights: 675.000000 4662.700000 0.000000
Center Node: 124

District 33
Nodes: 125 126 127
Compactness: 1617.000000
Weights: 1675.000000 8873.000000 0.000000
Center Node: 127

District 34
Nodes: 147
Compactness: 0.000000
Weights: 860.000000 4222.600000 0.000000
Center Node: 147

District 35
Nodes: 139
Compactness: 0.000000
Weights: 125.000000 891.600000 0.000000
Center Node: 139

District 36
Nodes: 75 76 77 78
Compactness: 3277.100000
Weights: 1060.000000 5687.500000 0.000000
Center Node: 77

District 37
Nodes: 129
Compactness: 0.000000
Weights: 935.000000 5748.400000 0.000000
Center Node: 129

District 38
Nodes: 157 161
Compactness: 1330.700000
Weights: 1755.000000 4939.900000 0.000000
Center Node: 161

District 39
Nodes: 114 116
Compactness: 1192.500000
Weights: 760.000000 4418.400000 0.000000
Center Node: 116

District 40
Nodes: 21 27 93
Compactness: 2402.900000
Weights: 1225.000000 8408.300000 0.000000
Center Node: 93

District 41
Nodes: 171 172
Compactness: 959.100000
Weights: 1705.000000 9627.100000 0.000000
Center Node: 171

District 42
Nodes: 145 146
Compactness: 1346.800000
Weights: 1390.000000 7169.400000 0.000000
Center Node: 146

District 43
Nodes: 94 96 100
Compactness: 1660.600000
Weights: 1295.000000 5897.100000 0.000000
Center Node: 96

District 44
Nodes: 95 99 102
Compactness: 3627.500000
Weights: 2040.000000 5825.400000 0.000000
Center Node: 95

District 45
Nodes: 4 5
Compactness: 475.900000
Weights: 1590.000000 7030.400000 0.000000
Center Node: 5

District 46
Nodes: 0 1 2
Compactness: 1963.800000
Weights: 1135.000000 7607.800000 0.000000
Center Node: 0

District 47
Nodes: 28 29 30 97 98
Compactness: 2547.200000
Weights: 1280.000000 6920.700000 0.000000
Center Node: 28

District 48
Nodes: 115 117
Compactness: 853.800000
Weights: 930.000000 4617.200000 0.000000
Center Node: 115

District 49
Nodes: 90 91 92
Compactness: 771.300000
Weights: 1395.000000 5757.600000 0.000000
Center Node: 91

District 50
Nodes: 122
Compactness: 0.000000
Weights: 685.000000 3312.400000 0.000000
Center Node: 122

District 51
Nodes: 63 65 71
Compactness: 2260.000000
Weights: 1180.000000 6565.300000 0.000000
Center Node: 63

District 52
Nodes: 39 41
Compactness: 861.100000
Weights: 1835.000000 7816.700000 0.000000
Center Node: 41

District 53
Nodes: 16 17 20
Compactness: 1666.400000
Weights: 1155.000000 6881.200000 0.000000
Center Node: 16

District 54
Nodes: 165 168
Compactness: 1046.400000
Weights: 1235.000000 6642.000000 0.000000
Center Node: 165

District 55
Nodes: 8 9 23
Compactness: 2291.000000
Weights: 1340.000000 7141.400000 0.000000
Center Node: 8

District 56
Nodes: 85 86 87 88 89
Compactness: 3483.700000
Weights: 980.000000 5652.900000 0.000000
Center Node: 86

District 57
Nodes: 69 70
Compactness: 415.300000
Weights: 1555.000000 9358.800000 0.000000
Center Node: 69

District 58
Nodes: 42 43 50 109 113
Compactness: 4868.300000
Weights: 675.000000 3733.400000 0.000000
Center Node: 43

District 59
Nodes: 31 33 34 38
Compactness: 2422.200000
Weights: 1705.000000 8281.000000 0.000000
Center Node: 33

District 60
Nodes: 61 62 64
Compactness: 1811.300000
Weights: 1325.000000 7268.500000 0.000000
Center Node: 61

District 61
Nodes: 10 13 25
Compactness: 1916.600000
Weights: 1575.000000 6343.000000 0.000000
Center Node: 13

District 62
Nodes: 36 37
Compactness: 507.500000
Weights: 1515.000000 8240.200000 0.000000
Center Node: 36

District 63
Nodes: 135
Compactness: 0.000000
Weights: 835.000000 5432.700000 0.000000
Center Node: 135

District 64
Nodes: 164 169 170
Compactness: 3655.900000
Weights: 2520.000000 8860.100000 0.000000
Center Node: 169

District 65
Nodes: 123
Compactness: 0.000000
Weights: 1115.000000 5518.600000 0.000000
Center Node: 123

District 66
Nodes: 49 53 54 56
Compactness: 2814.500000
Weights: 1320.000000 6539.100000 0.000000
Center Node: 54

District 67
Nodes: 19 72 73 74
Compactness: 1956.200000
Weights: 1620.000000 8877.600000 0.000000
Center Node: 73
