BalanceViolation 94055.711642
AffinityLoss 308.000000
Compactness 102428.300000
District 1
Nodes: 29 30 31 32 33
Compactness: 2131.000000
Weights: 1230.000000 6395.900000 0.000000
Center Node: 30

District 2
Nodes: 66 67 68
Compactness: 1192.000000
Weights: 730.000000 4847.700000 0.000000
Center Node: 67

District 3
Nodes: 77 78 80 81 87 88
Compactness: 4876.600000
Weights: 965.000000 6438.300000 0.000000
Center Node: 78

District 4
Nodes: 123
Compactness: 0.000000
Weights: 680.000000 5518.600000 0.000000
Center Node: 123

District 5
Nodes: 130
Compactness: 0.000000
Weights: 575.000000 3312.400000 0.000000
Center Node: 130

District 6
Nodes: 148
Compactness: 0.000000
Weights: 425.000000 2951.700000 0.000000
Center Node: 148

District 7
Nodes: 152 153 154
Compactness: 2119.600000
Weights: 300.000000 1925.200000 0.000000
Center Node: 153

District 8
Nodes: 170 172
Compactness: 926.200000
Weights: 1190.000000 7151.900000 0.000000
Center Node: 172

District 9
Nodes: 173 174
Compactness: 2982.700000
Weights: 335.000000 2614.200000 0.000000
Center Node: 173

District 10
Nodes: 138
Compactness: 0.000000
Weights: 665.000000 4055.800000 0.000000
Center Node: 138

District 11
Nodes: 114 116
Compactness: 1192.500000
Weights: 720.000000 4418.400000 0.000000
Center Node: 116

District 12
Nodes: 121
Compactness: 0.000000
Weights: 435.000000 2760.300000 0.000000
Center Node: 121

District 13
Nodes: 44 51
Compactness: 1565.100000
Weights: 835.000000 5944.700000 0.000000
Center Node: 44

District 14
Nodes: 142
Compactness: 0.000000
Weights: 430.000000 2758.700000 0.000000
Center Node: 142

District 15
Nodes: 3 6 8
Compactness: 1782.400000
Weights: 1885.000000 9391.400000 0.000000
Center Node: 3

District 16
Nodes: 156 157 158
Compactness: 1936.600000
Weights: 855.000000 6690.300000 0.000000
Center Node: 157

District 17
Nodes: 143 144
Compactness: 475.100000
Weights: 1075.000000 6054.700000 0.000000
Center Node: 144

District 18
Nodes: 167 171
Compactness: 1082.600000
Weights: 1380.000000 7496.000000 0.000000
Center Node: 171

District 19
Nodes: 60 61 62
Compactness: 1235.100000
Weights: 1300.000000 7966.900000 0.000000
Center Node: 61

District 20
Nodes: 120 140
Compactness: 2406.600000
Weights: 800.000000 5321.400000 0.000000
Center Node: 140

District 21
Nodes: 155
Compactness: 0.000000
Weights: 640.000000 4123.000000 0.000000
Center Node: 155

District 22
Nodes: 99 102 103 104
Compactness: 2208.800000
Weights: 500.000000 6307.500000 0.000000
Center Node: 103

District 23
Nodes: 125 126
Compactness: 1026.100000
Weights: 925.000000 6064.800000 0.000000
Center Node: 125

District 24
Nodes: 46 55
Compactness: 678.000000
Weights: 750.000000 4887.600000 0.000000
Center Node: 46

District 25
Nodes: 11 12 13 14 22 24
Compactness: 4318.800000
Weights: 1075.000000 7285.600000 0.000000
Center Node: 11

District 26
Nodes: 118 119
Compactness: 995.500000
Weights: 790.000000 5162.100000 0.000000
Center Node: 119

District 27
Nodes: 141
Compactness: 0.000000
Weights: 545.000000 3338.800000 0.000000
Center Node: 141

District 28
Nodes: 69 70
Compactness: 415.300000
Weights: 1255.000000 9358.800000 0.000000
Center Node: 69

District 29
Nodes: 135
Compactness: 0.000000
Weights: 690.000000 5432.700000 0.000000
Center Node: 135

District 30
Nodes: 37 39
Compactness: 1073.100000
Weights: 1715.000000 8541.000000 0.000000
Center Node: 37

District 31
Nodes: 162 164
Compactness: 941.500000
Weights: 2775.000000 9580.200000 0.000000
Center Node: 162

District 32
Nodes: 132 137
Compactness: 717.100000
Weights: 915.000000 5397.000000 0.000000
Center Node: 132

District 33
Nodes: 159 160
Compactness: 1084.200000
Weights: 845.000000 6207.600000 0.000000
Center Node: 160

District 34
Nodes: 147
Compactness: 0.000000
Weights: 765.000000 4222.600000 0.000000
Center Node: 147

District 35
Nodes: 139
Compactness: 0.000000
Weights: 115.000000 891.600000 0.000000
Center Node: 139

District 36
Nodes: 21 92 97
Compactness: 2433.500000
Weights: 910.000000 6721.900000 0.000000
Center Node: 92

District 37
Nodes: 129 131
Compactness: 1984.300000
Weights: 1270.000000 7279.100000 0.000000
Center Node: 131

District 38
Nodes: 49 50 52 53 54 57
Compactness: 3736.800000
Weights: 780.000000 5491.700000 0.000000
Center Node: 49

District 39
Nodes: 82 83 84 85 86 89
Compactness: 4365.800000
Weights: 1065.000000 6266.800000 0.000000
Center Node: 85

District 40
Nodes: 163 168
Compactness: 1289.600000
Weights: 2800.000000 11221.400000 0.000000
Center Node: 168

District 41
Nodes: 115 117
Compactness: 853.800000
Weights: 845.000000 4617.200000 0.000000
Center Node: 115

District 42
Nodes: 19 20 73 74
Compactness: 1862.100000
Weights: 1440.000000 8167.600000 0.000000
Center Node: 74

District 43
Nodes: 0 1 18
Compactness: 1650.400000
Weights: 1445.000000 9070.800000 0.000000
Center Node: 0

District 44
Nodes: 58 59 93
Compactness: 2000.400000
Weights: 1020.000000 6930.900000 0.000000
Center Node: 93

District 45
Nodes: 122
Compactness: 0.000000
Weights: 540.000000 3312.400000 0.000000
Center Node: 122

District 46
Nodes: 41 65
Compactness: 1355.500000
Weights: 1430.000000 8819.800000 0.000000
Center Node: 65

District 47
Nodes: 40
Compactness: 0.000000
Weights: 1425.000000 8064.200000 0.000000
Center Node: 40

District 48
Nodes: 4 5
Compactness: 475.900000
Weights: 1425.000000 7030.400000 0.000000
Center Node: 5

District 49
Nodes: 149 150 151
Compactness: 1710.000000
Weights: 410.000000 2650.200000 0.000000
Center Node: 150

District 50
Nodes: 161 169
Compactness: 2216.700000
Weights: 965.000000 6252.400000 0.000000
Center Node: 169

District 51
Nodes: 165 166
Compactness: 2094.700000
Weights: 845.000000 4954.100000 0.000000
Center Node: 165

District 52
Nodes: 127 128
Compactness: 1447.100000
Weights: 920.000000 6520.500000 0.000000
Center Node: 128

District 53
Nodes: 124 136
Compactness: 1072.200000
Weights: 625.000000 4662.700000 0.000000
Center Node: 124

District 54
Nodes: 9 23 25
Compactness: 1793.400000
Weights: 1390.000000 6864.200000 0.000000
Center Node: 25

District 55
Nodes: 133 134
Compactness: 883.700000
Weights: 930.000000 6072.900000 0.000000
Center Node: 133

District 56
Nodes: 15 16 17
Compactness: 1284.800000
Weights: 1325.000000 7128.300000 0.000000
Center Node: 16

District 57
Nodes: 26 27 28 98 101
Compactness: 3543.900000
Weights: 1050.000000 7688.800000 0.000000
Center Node: 28

District 58
Nodes: 145 146
Compactness: 1346.800000
Weights: 1455.000000 7169.400000 0.000000
Center Node: 146

District 59
Nodes: 63 64 71 72
Compactness: 2891.600000
Weights: 1240.000000 7152.300000 0.000000
Center Node: 63

District 60
Nodes: 94 95 96 100
Compactness: 2267.900000
Weights: 820.000000 7282.600000 0.000000
Center Node: 96

District 61
Nodes: 42 43 109 110 113
Compactness: 3987.500000
Weights: 475.000000 3389.400000 0.000000
Center Node: 113

District 62
Nodes: 2 7
Compactness: 1024.400000
Weights: 1265.000000 8008.200000 0.000000
Center Node: 2

District 63
Nodes: 105 106 107 108 111 112
Compactness: 4550.800000
Weights: 740.000000 4201.800000 0.000000
Center Node: 107

District 64
Nodes: 45 47 48 56
Compactness: 2645.800000
Weights: 1020.000000 6630.900000 0.000000
Center Node: 47

District 65
Nodes: 75 76 79
Compactness: 1541.100000
Weights: 515.000000 3700.700000 0.000000
Center Node: 76

District 66
Nodes: 10 90 91
Compactness: 1639.900000
Weights: 2785.000000 6651.000000 0.000000
Center Node: 90

District 67
Nodes: 34 35 36 38
Compactness: 3115.400000
Weights: 1165.000000 7247.100000 0.000000
Center Node: 34
