BalanceViolation 89951.456418
AffinityLoss 317.000000
Compactness 103959.900000
District 1
Nodes: 115 116 117
Compactness: 1908.900000
Weights: 715.000000 5380.900000 0.000000
Center Node: 115

District 2
Nodes: 66 67 68
Compactness: 1192.000000
Weights: 710.000000 4847.700000 0.000000
Center Node: 67

District 3
Nodes: 80 81 82 83 84
Compactness: 2147.000000
Weights: 955.000000 4945.700000 0.000000
Center Node: 81

District 4
Nodes: 133 134
Compactness: 883.700000
Weights: 1295.000000 6072.900000 0.000000
Center Node: 133

District 5
Nodes: 130 131
Compactness: 2504.600000
Weights: 845.000000 4843.100000 0.000000
Center Node: 131

District 6
Nodes: 143 144
Compactness: 475.100000
Weights: 1365.000000 6054.700000 0.000000
Center Node: 144

District 7
Nodes: 149 150 151
Compactness: 1710.000000
Weights: 465.000000 2650.200000 0.000000
Center Node: 150

District 8
Nodes: 156 158
Compactness: 597.100000
Weights: 740.000000 4695.800000 0.000000
Center Node: 158

District 9
Nodes: 173 174
Compactness: 2982.700000
Weights: 515.000000 2614.200000 0.000000
Center Node: 173

District 10
Nodes: 138
Compactness: 0.000000
Weights: 735.000000 4055.800000 0.000000
Center Node: 138

District 11
Nodes: 166 167
Compactness: 986.600000
Weights: 965.000000 4987.000000 0.000000
Center Node: 166

District 12
Nodes: 52 55 56
Compactness: 1778.300000
Weights: 1300.000000 6381.900000 0.000000
Center Node: 52

District 13
Nodes: 148
Compactness: 0.000000
Weights: 435.000000 2951.700000 0.000000
Center Node: 148

District 14
Nodes: 139
Compactness: 0.000000
Weights: 95.000000 891.600000 0.000000
Center Node: 139

District 15
Nodes: 155
Compactness: 0.000000
Weights: 760.000000 4123.000000 0.000000
Center Node: 155

District 16
Nodes: 102 105 106
Compactness: 1695.200000
Weights: 1015.000000 4968.200000 0.000000
Center Node: 102

District 17
Nodes: 164 170
Compactness: 2564.400000
Weights: 1150.000000 5553.100000 0.000000
Center Node: 164

District 18
Nodes: 36 58 59 60
Compactness: 1302.400000
Weights: 1360.000000 6732.600000 0.000000
Center Node: 60

District 19
Nodes: 122 124
Compactness: 2689.500000
Weights: 1360.000000 5692.400000 0.000000
Center Node: 122

District 20
Nodes: 3 6 7
Compactness: 1242.800000
Weights: 2015.000000 9637.500000 0.000000
Center Node: 3

District 21
Nodes: 128
Compactness: 0.000000
Weights: 730.000000 3712.300000 0.000000
Center Node: 128

District 22
Nodes: 123
Compactness: 0.000000
Weights: 875.000000 5518.600000 0.000000
Center Node: 123

District 23
Nodes: 120
Compactness: 0.000000
Weights: 735.000000 4302.200000 0.000000
Center Node: 120

District 24
Nodes: 118 119
Compactness: 995.500000
Weights: 890.000000 5162.100000 0.000000
Center Node: 119

District 25
Nodes: 28 29 30 31 32
Compactness: 2287.700000
Weights: 1020.000000 5093.400000 0.000000
Center Node: 30

District 26
Nodes: 152 153 154
Compactness: 2119.600000
Weights: 275.000000 1925.200000 0.000000
Center Node: 153

District 27
Nodes: 11 12 22 23 25
Compactness: 2671.600000
Weights: 1550.000000 7777.000000 0.000000
Center Node: 12

District 28
Nodes: 140 141
Compactness: 2224.600000
Weights: 790.000000 4358.000000 0.000000
Center Node: 141

District 29
Nodes: 15 18
Compactness: 1237.000000
Weights: 1315.000000 8204.500000 0.000000
Center Node: 15

District 30
Nodes: 41 64
Compactness: 1566.700000
Weights: 1180.000000 6578.800000 0.000000
Center Node: 64

District 31
Nodes: 163
Compactness: 0.000000
Weights: 1335.000000 8416.300000 0.000000
Center Node: 163

District 32
Nodes: 159 160
Compactness: 1084.200000
Weights: 1075.000000 6207.600000 0.000000
Center Node: 160

District 33
Nodes: 47 48 49 50 53 54 57
Compactness: 4371.500000
Weights: 1025.000000 6190.500000 0.000000
Center Node: 53

District 34
Nodes: 75 76 77 78 79
Compactness: 3991.000000
Weights: 990.000000 5807.200000 0.000000
Center Node: 77

District 35
Nodes: 147
Compactness: 0.000000
Weights: 845.000000 4222.600000 0.000000
Center Node: 147

District 36
Nodes: 129
Compactness: 0.000000
Weights: 920.000000 5748.400000 0.000000
Center Node: 129

District 37
Nodes: 125 126 127
Compactness: 1617.000000
Weights: 1500.000000 8873.000000 0.000000
Center Node: 127

District 38
Nodes: 107 108 109 110 111 112
Compactness: 4848.300000
Weights: 590.000000 4002.700000 0.000000
Center Node: 108

District 39
Nodes: 21 91 92
Compactness: 1478.400000
Weights: 1785.000000 7243.400000 0.000000
Center Node: 92

District 40
Nodes: 142
Compactness: 0.000000
Weights: 415.000000 2758.700000 0.000000
Center Node: 142

District 41
Nodes: 171 172
Compactness: 959.100000
Weights: 1775.000000 9627.100000 0.000000
Center Node: 171

District 42
Nodes: 4 5 24
Compactness: 943.200000
Weights: 1875.000000 8120.300000 0.000000
Center Node: 5

District 43
Nodes: 94 96 97
Compactness: 858.600000
Weights: 1075.000000 5276.900000 0.000000
Center Node: 96

District 44
Nodes: 16 19 73 74
Compactness: 2596.200000
Weights: 1660.000000 8732.200000 0.000000
Center Node: 74

District 45
Nodes: 0 1 2
Compactness: 1963.800000
Weights: 1410.000000 7607.800000 0.000000
Center Node: 0

District 46
Nodes: 85 86 87 88 89
Compactness: 3483.700000
Weights: 1075.000000 5652.900000 0.000000
Center Node: 86

District 47
Nodes: 121
Compactness: 0.000000
Weights: 500.000000 2760.300000 0.000000
Center Node: 121

District 48
Nodes: 37
Compactness: 0.000000
Weights: 1240.000000 6499.300000 0.000000
Center Node: 37

District 49
Nodes: 33 40
Compactness: 1476.100000
Weights: 1650.000000 9701.300000 0.000000
Center Node: 33

District 50
Nodes: 161 162
Compactness: 2036.400000
Weights: 2195.000000 8123.500000 0.000000
Center Node: 162

District 51
Nodes: 165 168
Compactness: 1046.400000
Weights: 1235.000000 6642.000000 0.000000
Center Node: 165

District 52
Nodes: 132 137
Compactness: 717.100000
Weights: 845.000000 5397.000000 0.000000
Center Node: 132

District 53
Nodes: 8 9 62
Compactness: 1597.000000
Weights: 1895.000000 10253.100000 0.000000
Center Node: 9

District 54
Nodes: 17 20 69
Compactness: 2890.000000
Weights: 1775.000000 9618.700000 0.000000
Center Node: 20

District 55
Nodes: 46 51
Compactness: 1143.800000
Weights: 1175.000000 7153.100000 0.000000
Center Node: 51

District 56
Nodes: 145 146
Compactness: 1346.800000
Weights: 1135.000000 7169.400000 0.000000
Center Node: 146

District 57
Nodes: 26 27 34 93
Compactness: 1957.800000
Weights: 1400.000000 6690.100000 0.000000
Center Node: 26

District 58
Nodes: 98 100 101
Compactness: 1634.700000
Weights: 965.000000 7373.600000 0.000000
Center Node: 100

District 59
Nodes: 63 65 72
Compactness: 2420.500000
Weights: 1505.000000 7999.600000 0.000000
Center Node: 63

District 60
Nodes: 42 43 44 113
Compactness: 3733.200000
Weights: 800.000000 4151.300000 0.000000
Center Node: 42

District 61
Nodes: 45 95 99 103 104
Compactness: 4281.300000
Weights: 1230.000000 5391.400000 0.000000
Center Node: 103

District 62
Nodes: 61 70 71
Compactness: 1828.700000
Weights: 1520.000000 7795.700000 0.000000
Center Node: 71

District 63
Nodes: 10 13 14 90
Compactness: 3362.700000
Weights: 1340.000000 6682.500000 0.000000
Center Node: 10

District 64
Nodes: 35 38 39
Compactness: 2078.000000
Weights: 1475.000000 6763.900000 0.000000
Center Node: 38

District 65
Nodes: 114
Compactness: 0.000000
Weights: 480.000000 3654.700000 0.000000
Center Node: 114

District 66
Nodes: 135 136
Compactness: 1431.700000
Weights: 1285.000000 7715.400000 0.000000
Center Node: 136

District 67
Nodes: 157 169
Compactness: 1019.700000
Weights: 1000.000000 5301.500000 0.000000
Center Node: 169
