Initial solution objectives: Balance violation = 28331.9520, Affinity loss = 948, Compactness = 28170.3190
Iteration 1:  28177.604000 944.000000 27780.254845 (0,1)
Iteration 502:  27714.018000 920.000000 27319.469608 (0,3)
Iteration 1003:  19026.244000 984.000000 24956.209801 (2,2)
Iteration 1014:  18566.244000 983.000000 25260.216602 (0,3)
Iteration 1515:  16197.450000 966.000000 27245.017864 (3,2)
Iteration 2024:  15632.818000 936.000000 33188.181706 (3,3)
Iteration 2026:  15426.768000 936.000000 33121.227597 (2,3)
Iteration 2027:  15426.768000 936.000000 33082.087974 (1,1)
Iteration 6574:  14295.216000 935.000000 30462.198573 (0,3)
Iteration 6576:  14074.336000 935.000000 30321.167777 (0,3)
Iteration 6577:  13728.064000 935.000000 30377.675415 (0,0)
Iteration 6579:  13087.064000 935.000000 30471.228088 (0,3)
Iteration 6580:  13016.270000 935.000000 30561.529947 (1,3)
Iteration 6585:  12667.222000 935.000000 30521.355895 (0,0)
Iteration 6586:  11891.258000 936.000000 30576.066320 (1,0)
Iteration 6588:  11832.938000 936.000000 30493.041406 (0,2)
Iteration 8819:  11603.346000 972.000000 29497.878586 (0,3)
Iteration 8831:  11542.570000 972.000000 29289.124372 (0,3)
Iteration 8834:  11488.234000 972.000000 29216.544858 (0,3)
Iteration 8874:  11430.988000 973.000000 29734.105886 (1,0)
Iteration 8962:  11196.190000 970.000000 31859.050698 (0,3)
Iteration 8964:  11069.112000 970.000000 31876.726295 (2,3)
Iteration 8968:  10989.934000 970.000000 31927.426407 (0,3)
Iteration 8969:  10969.140000 970.000000 31938.934160 (0,3)
Iteration 8974:  10922.988000 970.000000 31978.393930 (1,3)
Iteration 9018:  10884.958000 961.000000 30430.334490 (3,3)
Iteration 9020:  10871.524000 961.000000 30483.649473 (0,0)
Iteration 9046:  10862.926000 960.000000 30806.608788 (0,3)
Iteration 9053:  10439.470000 960.000000 30863.222819 (0,3)
Iteration 9058:  10435.184000 960.000000 30955.921760 (0,3)
Iteration 9062:  10426.390000 960.000000 31122.595980 (1,0)
Iteration 9065:  10313.746000 960.000000 31216.540766 (0,3)
Iteration 9074:  10116.674000 958.000000 32270.461587 (0,3)
Iteration 10354:  10033.252000 947.000000 30968.196849 (0,3)
Iteration 10363:  9913.252000 947.000000 31080.412766 (0,3)
Iteration 10376:  9823.972000 947.000000 31116.272976 (0,3)
Iteration 10390:  9812.750000 945.000000 30959.495189 (0,1)
Iteration 10409:  9772.908000 946.000000 30795.958685 (0,3)
Iteration 10450:  8052.050000 946.000000 31200.478144 (0,3)
Iteration 10453:  7954.978000 946.000000 31178.077235 (0,3)
Iteration 10460:  7875.056000 946.000000 31174.985415 (0,3)
Iteration 10473:  7810.870000 946.000000 31090.168819 (1,3)
Iteration 10500:  7692.148000 948.000000 31088.870230 (0,3)
Iteration 10504:  7601.940000 948.000000 30979.007749 (0,3)
Iteration 10515:  7592.392000 948.000000 30902.869434 (0,3)
Iteration 10520:  7563.046000 948.000000 30888.095766 (0,3)
Iteration 10524:  7551.480000 948.000000 30921.406091 (0,3)
Iteration 10542:  6930.324000 948.000000 30873.644441 (0,3)
Iteration 10544:  6843.496000 948.000000 30842.965732 (1,3)
Iteration 10549:  6787.268000 948.000000 30804.675637 (0,3)
Iteration 10601:  6764.798000 948.000000 30524.131819 (2,3)
Iteration 10602:  6657.440000 948.000000 30518.530363 (1,3)
Iteration 10609:  6639.206000 948.000000 30442.897189 (1,3)
Iteration 10613:  6585.284000 948.000000 30572.244850 (0,3)
Iteration 10618:  6579.568000 948.000000 30439.434537 (0,3)
Iteration 10690:  5933.154000 947.000000 29578.417631 (3,3)
Iteration 10707:  5924.232000 945.000000 29566.648608 (0,3)
Iteration 10712:  5880.798000 945.000000 29599.186042 (0,3)
Iteration 10720:  5565.876000 945.000000 29498.315915 (0,3)
Iteration 10728:  5563.878000 945.000000 29496.846309 (0,3)
Iteration 10729:  5512.654000 945.000000 29486.555130 (0,3)
Iteration 10761:  5443.376000 945.000000 30000.581904 (0,3)
Iteration 10780:  5401.714000 945.000000 30282.914842 (0,0)
Iteration 10781:  5400.222000 945.000000 30254.793012 (0,2)
Iteration 10783:  5388.786000 945.000000 30265.087482 (0,3)
Iteration 10785:  5338.066000 947.000000 30328.230671 (0,0)
Iteration 11041:  5224.390000 945.000000 29650.619390 (0,3)
Iteration 11053:  5179.162000 945.000000 29631.410047 (0,3)
Iteration 11066:  5158.240000 945.000000 29633.293351 (0,3)
Iteration 11071:  4993.218000 945.000000 29637.917129 (0,3)
Iteration 11078:  4974.056000 945.000000 29740.548297 (0,3)
Iteration 11099:  4961.832000 944.000000 29784.728618 (1,0)
Iteration 11105:  4887.174000 944.000000 29874.615444 (1,3)
Iteration 11110:  4634.542000 944.000000 29966.413784 (0,3)
Iteration 11121:  4595.202000 944.000000 29901.519773 (0,3)
Iteration 11124:  4573.844000 944.000000 29899.747376 (0,3)
Iteration 11217:  4552.212000 945.000000 30010.339403 (0,3)
Iteration 11234:  4505.720000 945.000000 30008.462342 (0,3)
Iteration 11305:  4481.460000 946.000000 30157.587081 (0,3)
Iteration 11309:  4408.158000 946.000000 30175.426601 (1,3)
Iteration 11342:  4388.392000 946.000000 30204.522111 (0,0)
Iteration 11648:  4387.360000 943.000000 30523.396552 (0,3)
Iteration 11668:  4348.076000 943.000000 30650.738533 (3,3)
Iteration 11676:  4331.362000 943.000000 30430.501295 (0,3)
Iteration 11680:  4286.134000 943.000000 30411.291952 (0,3)
Iteration 11706:  4248.352000 943.000000 30440.970082 (0,3)
Iteration 11741:  4220.292000 942.000000 30496.538249 (0,0)
Iteration 11747:  4183.798000 942.000000 30465.898794 (1,3)
Iteration 11756:  4109.140000 942.000000 30555.785620 (0,3)
Iteration 11879:  4078.790000 943.000000 30708.122215 (0,3)
Iteration 11914:  3954.024000 943.000000 30834.464105 (0,3)
Iteration 11917:  3938.024000 943.000000 30863.396156 (0,3)
Iteration 11924:  3822.254000 943.000000 30872.573325 (0,3)
Iteration 11939:  3774.254000 943.000000 30869.913257 (0,3)
Iteration 11943:  3767.176000 943.000000 30939.827282 (0,3)
Iteration 11951:  3605.496000 941.000000 31223.235837 (0,0)
Iteration 11966:  3467.646000 941.000000 31392.459616 (0,3)
Iteration 12141:  3429.056000 941.000000 31583.998959 (0,3)
Iteration 12156:  3428.056000 941.000000 31395.660782 (0,3)
Iteration 12187:  3427.078000 941.000000 31426.301979 (0,3)
Iteration 12298:  3398.284000 941.000000 31423.579099 (0,3)
Iteration 12338:  3344.640000 941.000000 31823.017429 (0,0)
Iteration 12390:  3337.132000 941.000000 31755.057271 (0,3)
Iteration 12392:  3289.262000 941.000000 31565.104261 (0,3)
Iteration 12443:  3247.934000 939.000000 31440.164296 (0,3)
Iteration 12493:  3201.342000 939.000000 31289.500041 (0,3)
Iteration 12754:  3174.288000 939.000000 31241.160373 (0,3)
total iterations: 215235, time elapsed: 3600.01s
Destroy operator: destroy_random_leafs, Weight: 0.2727, Score: 28042.60, Count: 102806
Destroy operator: destroy_path, Weight: 0.1130, Score: 5014.75, Count: 44379
Destroy operator: destroy_worst_affinity, Weight: 0.0870, Score: 3002.35, Count: 34514
Destroy operator: destroy_district_group, Weight: 0.0830, Score: 2783.55, Count: 33535
Repair operator: repair_greedy_feasible, Weight: 0.1038, Score: 4435.30, Count: 42731
Repair operator: repair_affinity_compact, Weight: 0.0735, Score: 2301.95, Count: 31302
Repair operator: repair_nearest_center, Weight: 0.0756, Score: 2471.15, Count: 32668
Repair operator: repair_2regret, Weight: 0.2729, Score: 29634.85, Count: 108533
