Initial solution objectives: Balance violation = 27314.9100, Affinity loss = 1815, Compactness = 99095.4276
Iteration 504:  26104.000000 1923.000000 104865.712874 (3,3)
Iteration 505:  26052.575000 1922.000000 104713.226426 (2,3)
Iteration 506:  18710.870000 1921.000000 104117.518984 (3,3)
Iteration 507:  18611.690000 1920.000000 104058.204636 (0,2)
Iteration 508:  15985.445000 1912.000000 105769.220778 (3,2)
Iteration 515:  15892.475000 1912.000000 101812.767773 (0,0)
Iteration 516:  15842.005000 1910.000000 101694.069293 (0,2)
Iteration 1017:  14610.130000 1762.000000 91989.955866 (0,2)
Iteration 1018:  14567.165000 1759.000000 91826.360709 (0,2)
Iteration 1019:  13257.940000 1759.000000 91160.421772 (3,2)
Iteration 4534:  12111.390000 1773.000000 100129.337179 (3,2)
Iteration 7046:  10162.830000 1973.000000 91146.048830 (0,3)
Iteration 7057:  8110.790000 1971.000000 91484.583153 (0,3)
Iteration 7060:  7975.970000 1971.000000 91517.426705 (1,3)
Iteration 7061:  7613.700000 1971.000000 91292.313117 (0,1)
Iteration 7064:  6707.810000 1969.000000 91350.844195 (0,1)
Iteration 7065:  6407.485000 1967.000000 92068.311482 (3,2)
Iteration 7069:  5807.190000 1966.000000 91267.225665 (3,3)
Iteration 7072:  5130.345000 1965.000000 91009.766314 (0,2)
Iteration 7086:  3858.550000 1964.000000 91146.430158 (0,3)
Iteration 7089:  3858.550000 1964.000000 91034.391208 (1,3)
Iteration 7099:  3684.510000 1961.000000 90846.941741 (0,3)
Iteration 7102:  3622.275000 1961.000000 90818.058065 (1,3)
Iteration 7103:  1219.335000 1962.000000 90968.328182 (3,3)
Iteration 7105:  1129.155000 1961.000000 91096.251481 (0,3)
Iteration 7106:  967.155000 1961.000000 91065.553031 (0,3)
Iteration 7109:  908.265000 1962.000000 91001.171862 (3,3)
Iteration 7149:  611.685000 1954.000000 91519.242712 (0,3)
Iteration 16921:  542.360000 1688.000000 106574.332648 (0,3)
Iteration 16926:  542.360000 1687.000000 106593.243433 (0,3)
Iteration 16942:  475.070000 1683.000000 106441.220489 (0,2)
Iteration 16954:  459.650000 1680.000000 106166.766218 (0,3)
Iteration 16964:  442.400000 1679.000000 106417.566479 (0,3)
Iteration 16966:  382.180000 1678.000000 106108.823040 (0,2)
Iteration 16974:  277.270000 1677.000000 106348.993110 (0,3)
Iteration 16978:  277.270000 1677.000000 106348.913722 (1,3)
Iteration 16979:  262.110000 1674.000000 106111.569102 (0,1)
Iteration 16982:  146.855000 1674.000000 106214.511060 (0,3)
Iteration 16986:  68.910000 1673.000000 106658.465035 (0,3)
Iteration 17011:  66.800000 1675.000000 106640.915288 (0,3)
Iteration 17076:  66.800000 1671.000000 106703.293060 (0,3)
Iteration 17082:  66.800000 1671.000000 106690.482309 (2,3)
Iteration 17088:  46.700000 1669.000000 105934.077922 (0,2)
Iteration 17092:  15.855000 1668.000000 106162.077767 (0,3)
Iteration 17107:  0.000000 1667.000000 106344.489864 (0,3)
Iteration 17108:  0.000000 1666.000000 106388.898260 (0,3)
Iteration 17116:  0.000000 1666.000000 106204.068661 (1,1)
Iteration 17135:  0.000000 1665.000000 106286.444683 (0,3)
Iteration 17187:  0.000000 1663.000000 106744.722675 (1,3)
Iteration 17200:  0.000000 1663.000000 106740.695708 (1,3)
Iteration 17210:  0.000000 1658.000000 107018.546166 (0,3)
Iteration 17214:  0.000000 1658.000000 106988.571046 (2,3)
Iteration 17220:  0.000000 1657.000000 107280.510775 (1,1)
Iteration 17235:  0.000000 1655.000000 107073.857872 (0,3)
Iteration 17248:  0.000000 1653.000000 107406.442572 (0,3)
Iteration 17255:  0.000000 1652.000000 107388.834813 (0,3)
Iteration 17257:  0.000000 1651.000000 107266.785409 (1,3)
Iteration 17258:  0.000000 1650.000000 107625.399191 (1,3)
Iteration 17275:  0.000000 1649.000000 107646.927304 (0,3)
Iteration 17280:  0.000000 1647.000000 107893.414460 (0,3)
Iteration 17518:  0.000000 1630.000000 108516.624678 (1,3)
Iteration 17529:  0.000000 1629.000000 108375.496955 (1,2)
Iteration 17534:  0.000000 1629.000000 108288.993752 (0,3)
Iteration 17566:  0.000000 1625.000000 108063.174063 (0,3)
Iteration 17580:  0.000000 1622.000000 107810.777412 (2,3)
Iteration 17590:  0.000000 1621.000000 107744.871857 (0,3)
Iteration 17598:  0.000000 1620.000000 108059.982954 (1,0)
Iteration 47504:  0.000000 1575.000000 102560.687364 (0,2)
Iteration 47524:  0.000000 1566.000000 102360.220300 (0,3)
Iteration 47526:  0.000000 1565.000000 102313.698891 (0,3)
Iteration 47527:  0.000000 1563.000000 102515.940047 (1,1)
Iteration 47535:  0.000000 1560.000000 102516.854232 (2,3)
Iteration 47538:  0.000000 1560.000000 102506.159044 (1,2)
Iteration 47549:  0.000000 1556.000000 102283.062623 (0,3)
Iteration 47585:  0.000000 1556.000000 102234.990438 (1,2)
Iteration 47592:  0.000000 1554.000000 102327.423312 (1,1)
Iteration 47602:  0.000000 1554.000000 102125.114143 (0,3)
Iteration 47619:  0.000000 1554.000000 102117.709891 (1,0)
Iteration 47620:  0.000000 1553.000000 102190.579106 (0,3)
Iteration 47624:  0.000000 1551.000000 102219.238236 (1,3)
Iteration 47625:  0.000000 1551.000000 102186.414416 (1,0)
Iteration 47630:  0.000000 1551.000000 102001.483616 (0,3)
Iteration 47631:  0.000000 1551.000000 101870.399077 (1,2)
Iteration 47637:  0.000000 1548.000000 101877.629479 (0,3)
Iteration 47659:  0.000000 1546.000000 101950.043602 (0,3)
Iteration 47722:  0.000000 1545.000000 102135.986762 (0,3)
Iteration 47730:  0.000000 1545.000000 101994.429350 (1,2)
Iteration 47738:  0.000000 1540.000000 102322.241923 (0,3)
Iteration 47781:  0.000000 1540.000000 102297.971221 (1,3)
Iteration 47801:  0.000000 1539.000000 102028.099370 (0,3)
Iteration 47810:  0.000000 1539.000000 102004.782443 (0,3)
Iteration 47814:  0.000000 1538.000000 102201.778610 (0,3)
Iteration 47818:  0.000000 1538.000000 102122.461907 (0,3)
Iteration 47831:  0.000000 1538.000000 101993.096037 (1,1)
Iteration 47834:  0.000000 1536.000000 101739.382930 (0,3)
Iteration 47854:  0.000000 1536.000000 101695.329995 (1,1)
Iteration 47855:  0.000000 1533.000000 101816.999867 (0,3)
Iteration 47856:  0.000000 1532.000000 101943.144618 (0,3)
Iteration 47879:  0.000000 1529.000000 102102.319501 (2,3)
Iteration 47891:  0.000000 1529.000000 102007.776508 (2,3)
Iteration 47895:  0.000000 1529.000000 101966.448564 (1,2)
Iteration 47901:  0.000000 1529.000000 101878.773421 (1,3)
Iteration 47907:  0.000000 1529.000000 101862.431421 (2,3)
Iteration 47933:  0.000000 1526.000000 101839.755467 (1,3)
Iteration 47943:  0.000000 1525.000000 101778.203868 (0,3)
Iteration 47975:  0.000000 1524.000000 101751.113263 (1,3)
Iteration 48015:  0.000000 1523.000000 101754.004422 (1,2)
Iteration 48026:  0.000000 1523.000000 101626.592394 (0,2)
Iteration 48045:  0.000000 1523.000000 101573.442344 (1,2)
Iteration 48046:  0.000000 1522.000000 101651.708544 (1,3)
Iteration 48071:  0.000000 1517.000000 101668.407385 (1,2)
Iteration 48086:  0.000000 1517.000000 101617.631560 (1,2)
Iteration 48351:  0.000000 1502.000000 101287.875728 (0,2)
Iteration 48361:  0.000000 1501.000000 101447.677308 (1,3)
Iteration 48365:  0.000000 1501.000000 101447.677308 (1,0)
Iteration 48405:  0.000000 1500.000000 101655.154437 (1,3)
Iteration 48406:  0.000000 1497.000000 101898.976276 (0,3)
Iteration 48414:  0.000000 1497.000000 101831.189026 (0,3)
Iteration 48425:  0.000000 1496.000000 102037.788543 (1,1)
Iteration 48443:  0.000000 1494.000000 102296.374290 (0,3)
Iteration 48449:  0.000000 1491.000000 102582.869518 (0,3)
Iteration 48488:  0.000000 1490.000000 102406.880116 (1,3)
Iteration 48489:  0.000000 1487.000000 102345.340394 (0,3)
Iteration 48490:  0.000000 1486.000000 102351.570217 (1,3)
Iteration 48511:  0.000000 1483.000000 102476.056226 (0,3)
Iteration 48514:  0.000000 1482.000000 102382.038732 (0,3)
Iteration 48523:  0.000000 1481.000000 102389.259541 (0,3)
Iteration 48528:  0.000000 1481.000000 102335.698582 (0,3)
Iteration 48534:  0.000000 1481.000000 102300.903666 (1,0)
Iteration 48545:  0.000000 1479.000000 102267.147904 (0,3)
Iteration 48589:  0.000000 1477.000000 102256.939901 (0,3)
Iteration 48605:  0.000000 1476.000000 102293.405143 (1,3)
Iteration 48612:  0.000000 1471.000000 102650.016412 (0,3)
Iteration 48626:  0.000000 1469.000000 102990.722970 (0,3)
Iteration 48629:  0.000000 1468.000000 103249.742847 (0,3)
Iteration 48679:  0.000000 1467.000000 103201.535404 (0,3)
Iteration 48683:  0.000000 1467.000000 103171.410789 (1,3)
Iteration 48692:  0.000000 1466.000000 103165.588398 (0,3)
Iteration 48699:  0.000000 1464.000000 103208.003694 (0,3)
Iteration 48744:  0.000000 1464.000000 103205.588883 (0,3)
Iteration 48794:  0.000000 1464.000000 103160.673280 (1,0)
Iteration 48826:  0.000000 1463.000000 103149.525871 (0,3)
Iteration 48855:  0.000000 1463.000000 102964.772039 (0,3)
Iteration 48859:  0.000000 1460.000000 103048.553578 (0,3)
Iteration 48871:  0.000000 1460.000000 102782.441187 (0,3)
Iteration 48872:  0.000000 1459.000000 102935.772038 (0,3)
Iteration 48923:  0.000000 1458.000000 102837.336142 (0,3)
Iteration 48932:  0.000000 1458.000000 102744.320133 (1,1)
Iteration 48933:  0.000000 1458.000000 102697.627691 (0,3)
Iteration 48965:  0.000000 1458.000000 102517.347367 (0,2)
Iteration 48968:  0.000000 1457.000000 102618.527219 (1,3)
Iteration 48973:  0.000000 1455.000000 102725.535670 (0,3)
Iteration 48982:  0.000000 1455.000000 102725.535670 (1,2)
Iteration 49022:  0.000000 1455.000000 102698.698398 (0,3)
Iteration 49038:  0.000000 1454.000000 102683.676654 (1,3)
Iteration 49048:  0.000000 1453.000000 102980.745549 (1,3)
Iteration 49099:  0.000000 1451.000000 102928.302159 (0,3)
Iteration 49132:  0.000000 1451.000000 102860.064106 (0,3)
Iteration 49133:  0.000000 1450.000000 102767.717691 (0,3)
Iteration 49160:  0.000000 1450.000000 102687.754608 (1,0)
Iteration 49239:  0.000000 1450.000000 102596.982936 (0,3)
Iteration 49257:  0.000000 1449.000000 103062.875272 (0,3)
Iteration 49258:  0.000000 1449.000000 103045.826097 (0,3)
Iteration 49275:  0.000000 1448.000000 103163.997357 (1,3)
Iteration 49283:  0.000000 1445.000000 103128.506773 (0,3)
Iteration 49289:  0.000000 1445.000000 102926.001141 (0,3)
Iteration 49299:  0.000000 1443.000000 103086.490094 (0,3)
Iteration 49339:  0.000000 1441.000000 102938.013187 (0,3)
Iteration 49799:  0.000000 1438.000000 102959.862496 (1,0)
Iteration 49837:  0.000000 1438.000000 102901.537672 (0,3)
Iteration 49869:  0.000000 1438.000000 102856.672813 (0,3)
Iteration 49878:  0.000000 1438.000000 102849.910677 (0,3)
Iteration 49906:  0.000000 1436.000000 102848.683873 (0,3)
Iteration 49960:  0.000000 1436.000000 102732.955522 (0,3)
Iteration 49969:  0.000000 1436.000000 102669.037894 (0,3)
Iteration 50006:  0.000000 1434.000000 102711.658088 (0,3)
Iteration 50040:  0.000000 1434.000000 102672.066066 (0,3)
Iteration 50043:  0.000000 1432.000000 102890.622057 (0,3)
Iteration 50218:  0.000000 1431.000000 102641.114022 (0,3)
Iteration 50601:  0.000000 1431.000000 102602.676187 (0,3)
Iteration 50705:  0.000000 1431.000000 102562.555056 (0,3)
Iteration 50890:  0.000000 1430.000000 102724.023573 (0,3)
Iteration 50901:  0.000000 1430.000000 102267.422717 (0,3)
Iteration 50906:  0.000000 1429.000000 102303.594124 (1,3)
Iteration 50931:  0.000000 1426.000000 102781.345979 (0,3)
Iteration 50987:  0.000000 1425.000000 102704.333016 (0,3)
Iteration 51432:  0.000000 1424.000000 103051.657997 (1,1)
Iteration 51743:  0.000000 1423.000000 102989.952188 (1,3)
Iteration 51848:  0.000000 1423.000000 102869.499124 (0,3)
Iteration 51873:  0.000000 1423.000000 102833.097861 (0,3)
Iteration 51963:  0.000000 1423.000000 102778.246233 (0,3)
Iteration 52049:  0.000000 1423.000000 102775.609303 (0,3)
Iteration 52080:  0.000000 1422.000000 102932.856734 (0,3)
Iteration 52154:  0.000000 1422.000000 102841.651816 (0,3)
Iteration 52244:  0.000000 1421.000000 102909.945993 (0,3)
Iteration 52356:  0.000000 1420.000000 103092.599958 (0,3)
Iteration 52369:  0.000000 1420.000000 102996.836406 (2,3)
Iteration 52442:  0.000000 1418.000000 103018.956509 (0,3)
Iteration 52534:  0.000000 1417.000000 102905.628678 (1,3)
Iteration 52727:  0.000000 1417.000000 102827.313642 (1,1)
Iteration 52757:  0.000000 1414.000000 103310.190018 (0,3)
Iteration 52773:  0.000000 1414.000000 103237.549773 (2,3)
Iteration 52788:  0.000000 1413.000000 103384.234855 (0,3)
Iteration 52887:  0.000000 1413.000000 103373.281975 (0,3)
Iteration 52967:  0.000000 1412.000000 103478.535159 (0,3)
Iteration 53036:  0.000000 1412.000000 103458.735958 (0,3)
Iteration 53065:  0.000000 1411.000000 103515.922865 (0,3)
Iteration 53107:  0.000000 1410.000000 103779.980600 (0,3)
Iteration 53160:  0.000000 1410.000000 103687.869608 (0,3)
Iteration 53170:  0.000000 1409.000000 103821.508087 (0,3)
Iteration 53171:  0.000000 1409.000000 103794.592440 (2,3)
Iteration 53251:  0.000000 1408.000000 103827.331988 (0,3)
Iteration 53412:  0.000000 1407.000000 103883.468219 (0,3)
Iteration 53464:  0.000000 1407.000000 103868.795406 (0,3)
Iteration 53466:  0.000000 1407.000000 103868.795406 (1,1)
Iteration 53467:  0.000000 1407.000000 103839.320683 (2,3)
Iteration 53506:  0.000000 1407.000000 103790.872639 (0,3)
Iteration 53548:  0.000000 1407.000000 103788.618533 (0,3)
Iteration 53636:  0.000000 1407.000000 103762.819198 (0,3)
Iteration 53746:  0.000000 1406.000000 103597.144000 (0,3)
Iteration 53757:  0.000000 1405.000000 103652.567639 (1,0)
Iteration 53762:  0.000000 1404.000000 103282.557989 (0,3)
Iteration 53836:  0.000000 1403.000000 103433.225572 (0,3)
Iteration 53915:  0.000000 1403.000000 103381.142872 (0,3)
Iteration 53964:  0.000000 1403.000000 103373.094811 (0,3)
Iteration 54035:  0.000000 1403.000000 103052.047096 (1,3)
Iteration 54048:  0.000000 1402.000000 103401.812247 (1,3)
Iteration 54241:  0.000000 1401.000000 103451.922379 (0,3)
Iteration 54315:  0.000000 1401.000000 103324.500996 (0,3)
Iteration 54520:  0.000000 1401.000000 103144.693564 (0,3)
Iteration 54592:  0.000000 1400.000000 103020.264578 (0,3)
Iteration 54779:  0.000000 1400.000000 102986.753416 (1,3)
Iteration 54964:  0.000000 1400.000000 102952.581043 (0,3)
Iteration 55377:  0.000000 1400.000000 102859.305088 (0,3)
Iteration 55383:  0.000000 1398.000000 102820.224338 (0,3)
Iteration 55387:  0.000000 1397.000000 102853.661084 (0,3)
Iteration 55526:  0.000000 1397.000000 102754.344293 (0,3)
Iteration 55693:  0.000000 1396.000000 102623.222483 (0,3)
Iteration 55737:  0.000000 1395.000000 102715.099168 (0,3)
Iteration 55746:  0.000000 1392.000000 103173.277213 (0,3)
Iteration 55748:  0.000000 1390.000000 103590.349618 (0,3)
Iteration 55803:  0.000000 1390.000000 103243.454595 (0,3)
Iteration 55807:  0.000000 1390.000000 103210.374646 (0,3)
Iteration 55833:  0.000000 1390.000000 103119.574497 (0,3)
Iteration 55847:  0.000000 1390.000000 102924.170363 (0,3)
Iteration 55859:  0.000000 1390.000000 102895.359930 (0,3)
Iteration 55874:  0.000000 1389.000000 103023.971511 (1,0)
Iteration 55951:  0.000000 1387.000000 103005.813489 (0,3)
Iteration 56027:  0.000000 1386.000000 102907.731024 (0,3)
Iteration 56068:  0.000000 1386.000000 102842.287835 (0,3)
Iteration 56087:  0.000000 1386.000000 102802.914049 (0,3)
Iteration 56094:  0.000000 1385.000000 102679.615469 (0,3)
Iteration 56095:  0.000000 1385.000000 102679.615469 (1,2)
Iteration 56137:  0.000000 1385.000000 102676.258375 (1,1)
Iteration 56190:  0.000000 1384.000000 102632.692011 (0,3)
Iteration 56199:  0.000000 1384.000000 102540.747796 (2,3)
Iteration 56213:  0.000000 1384.000000 102524.323857 (0,3)
Iteration 56228:  0.000000 1382.000000 102864.476371 (0,3)
Iteration 56247:  0.000000 1381.000000 102981.248303 (2,3)
Iteration 56285:  0.000000 1380.000000 103122.687470 (0,3)
Iteration 56388:  0.000000 1380.000000 103107.578008 (0,3)
Iteration 56457:  0.000000 1379.000000 102930.094538 (0,3)
Iteration 56497:  0.000000 1377.000000 103171.405504 (0,3)
Iteration 56606:  0.000000 1376.000000 103213.188745 (0,3)
Iteration 56624:  0.000000 1375.000000 103268.373503 (0,3)
Iteration 56672:  0.000000 1375.000000 103204.753443 (0,3)
Iteration 56768:  0.000000 1374.000000 103319.728629 (0,3)
Iteration 56794:  0.000000 1374.000000 103315.565647 (1,3)
Iteration 56799:  0.000000 1374.000000 103315.565647 (2,3)
Iteration 57054:  0.000000 1372.000000 103227.492115 (0,3)
Iteration 57094:  0.000000 1370.000000 103057.377016 (0,3)
Iteration 57103:  0.000000 1370.000000 102993.103647 (2,3)
Iteration 57145:  0.000000 1370.000000 102978.430834 (0,3)
Iteration 57157:  0.000000 1370.000000 102914.533922 (2,3)
Iteration 57206:  0.000000 1369.000000 103034.954885 (0,3)
Iteration 57211:  0.000000 1369.000000 102756.369973 (0,3)
Iteration 57215:  0.000000 1369.000000 102679.671048 (2,3)
Iteration 57293:  0.000000 1369.000000 102601.183793 (2,3)
Iteration 57329:  0.000000 1369.000000 102369.347350 (0,3)
Iteration 57466:  0.000000 1369.000000 102312.690580 (1,1)
Iteration 57474:  0.000000 1369.000000 102275.412078 (0,3)
Iteration 57479:  0.000000 1368.000000 102273.131613 (0,3)
Iteration 57491:  0.000000 1368.000000 102246.716034 (2,3)
Iteration 57504:  0.000000 1367.000000 102138.685605 (0,3)
Iteration 57543:  0.000000 1367.000000 102129.754230 (0,3)
Iteration 57554:  0.000000 1367.000000 101727.615534 (0,3)
Iteration 57605:  0.000000 1366.000000 101751.220609 (0,3)
Iteration 57679:  0.000000 1366.000000 101403.171383 (0,3)
Iteration 57696:  0.000000 1365.000000 101518.628822 (0,3)
Iteration 57715:  0.000000 1364.000000 101513.569068 (1,1)
Iteration 57717:  0.000000 1363.000000 101607.383812 (1,1)
Iteration 57777:  0.000000 1363.000000 101571.412362 (0,3)
Iteration 57851:  0.000000 1362.000000 101610.725408 (0,3)
Iteration 57887:  0.000000 1362.000000 101603.412302 (0,3)
Iteration 57974:  0.000000 1361.000000 101758.744662 (0,3)
Iteration 58080:  0.000000 1360.000000 101615.900424 (0,3)
Iteration 58236:  0.000000 1360.000000 101591.910892 (1,2)
Iteration 58326:  0.000000 1360.000000 101582.693446 (0,3)
Iteration 58482:  0.000000 1360.000000 101531.183834 (0,3)
Iteration 58597:  0.000000 1360.000000 101482.989100 (0,3)
Iteration 58943:  0.000000 1360.000000 101338.009390 (0,3)
Iteration 59209:  0.000000 1359.000000 101152.398218 (0,3)
total iterations: 71297, time elapsed: 3600.05s
Destroy operator: destroy_random_leafs, Weight: 0.1814, Score: 5065.80, Count: 27886
Destroy operator: destroy_path, Weight: 0.1110, Score: 1930.90, Count: 17362
Destroy operator: destroy_worst_affinity, Weight: 0.0819, Score: 1125.30, Count: 13724
Destroy operator: destroy_district_group, Weight: 0.0629, Score: 775.70, Count: 12324
Repair operator: repair_greedy_feasible, Weight: 0.0711, Score: 890.15, Count: 12515
Repair operator: repair_affinity_compact, Weight: 0.0764, Score: 1013.40, Count: 13242
Repair operator: repair_nearest_center, Weight: 0.0848, Score: 1325.15, Count: 15614
Repair operator: repair_2regret, Weight: 0.1892, Score: 5669.00, Count: 29925
