Initial solution objectives: Balance violation = 21369.5850, Affinity loss = 1653, Compactness = 102771.8294
Iteration 0:  16917.562500 1643.000000 103672.023543 (0,3)
Iteration 4064:  15148.302500 1772.000000 93904.418291 (0,3)
Iteration 4082:  14808.287500 1792.000000 96200.850843 (2,3)
Iteration 4085:  13735.615000 1792.000000 96110.576433 (0,3)
Iteration 4101:  12717.320000 1776.000000 95775.648976 (0,3)
Iteration 4115:  11706.292500 1779.000000 98306.150803 (0,3)
Iteration 5295:  11322.795000 1524.000000 114222.741616 (0,3)
Iteration 5300:  9711.792500 1530.000000 114506.879996 (0,3)
Iteration 5318:  9300.265000 1516.000000 113802.243982 (0,3)
Iteration 5320:  9200.177500 1515.000000 114302.014684 (1,3)
Iteration 5322:  8845.297500 1520.000000 115321.740529 (0,0)
Iteration 5328:  8423.590000 1524.000000 115607.977821 (1,3)
Iteration 5329:  7367.115000 1529.000000 116009.018473 (0,3)
Iteration 7505:  6433.130000 1589.000000 105740.520134 (0,3)
Iteration 7512:  5572.917500 1590.000000 105652.705402 (0,3)
Iteration 7514:  5546.500000 1588.000000 105643.590790 (0,3)
Iteration 7517:  5043.087500 1588.000000 105847.637360 (0,3)
Iteration 7557:  4761.592500 1590.000000 105930.757325 (0,3)
Iteration 7563:  4706.975000 1590.000000 106565.003308 (0,3)
Iteration 7565:  4416.890000 1594.000000 106364.740506 (0,3)
Iteration 7568:  3623.095000 1596.000000 106303.372293 (0,3)
Iteration 7579:  3448.090000 1592.000000 105794.411329 (0,3)
Iteration 7635:  3402.270000 1597.000000 106359.974811 (0,3)
Iteration 7646:  3224.125000 1597.000000 107054.186568 (0,3)
Iteration 7663:  2932.947500 1595.000000 108189.695730 (0,3)
Iteration 7671:  2909.270000 1590.000000 108013.332369 (0,3)
Iteration 7673:  2624.182500 1590.000000 108025.961667 (0,3)
Iteration 7685:  2554.975000 1594.000000 107250.722195 (0,3)
Iteration 7701:  2395.945000 1586.000000 107092.125233 (0,3)
Iteration 7703:  2373.652500 1586.000000 107230.318473 (1,3)
Iteration 7706:  2334.357500 1586.000000 107320.185508 (1,3)
Iteration 7717:  2150.240000 1584.000000 108118.049415 (0,3)
Iteration 7720:  2078.650000 1584.000000 108248.827839 (0,3)
Iteration 7728:  1752.617500 1576.000000 108551.731084 (0,3)
Iteration 7775:  1642.972500 1567.000000 108581.807672 (0,3)
Iteration 7784:  1564.530000 1568.000000 108237.814811 (1,0)
Iteration 7788:  1535.942500 1570.000000 108342.414703 (1,3)
Iteration 7807:  1135.730000 1555.000000 108544.150405 (0,3)
Iteration 7814:  990.615000 1555.000000 109219.325193 (0,3)
Iteration 7820:  944.290000 1557.000000 109265.469921 (0,3)
Iteration 7902:  889.992500 1549.000000 108605.366002 (0,3)
Iteration 8699:  853.347500 1792.000000 134706.338823 (0,3)
Iteration 8718:  719.680000 1786.000000 130556.002433 (0,3)
Iteration 8732:  715.647500 1786.000000 130922.637923 (0,3)
Iteration 8734:  707.647500 1787.000000 130996.874374 (0,3)
Iteration 8763:  620.812500 1787.000000 134970.039064 (1,3)
Iteration 8794:  591.525000 1785.000000 133200.502957 (0,3)
Iteration 8827:  526.107500 1779.000000 132704.655605 (0,3)
Iteration 8829:  515.812500 1779.000000 132721.035699 (2,3)
Iteration 14728:  444.970000 1679.000000 104669.780340 (1,3)
Iteration 14802:  439.970000 1677.000000 108442.560405 (0,3)
Iteration 14804:  439.970000 1676.000000 108638.483688 (0,3)
Iteration 14846:  439.970000 1674.000000 108636.566645 (0,3)
Iteration 14905:  425.057500 1673.000000 108638.415468 (0,3)
Iteration 14937:  192.552500 1672.000000 108742.396359 (1,0)
Iteration 14959:  192.552500 1670.000000 108517.612463 (1,3)
Iteration 14972:  188.970000 1670.000000 108453.811485 (1,2)
Iteration 15003:  183.877500 1671.000000 108370.533535 (0,3)
Iteration 15008:  175.965000 1669.000000 108388.214609 (0,3)
Iteration 15013:  175.965000 1668.000000 108391.472358 (1,3)
Iteration 15045:  172.052500 1668.000000 108266.189151 (2,3)
Iteration 15078:  168.842500 1668.000000 108072.079980 (0,3)
Iteration 15088:  162.342500 1666.000000 108235.716771 (0,3)
Iteration 15094:  155.430000 1666.000000 108121.793979 (2,3)
Iteration 15095:  153.517500 1667.000000 108249.031509 (1,0)
Iteration 15104:  153.517500 1666.000000 108073.501976 (2,3)
Iteration 15127:  133.640000 1664.000000 107915.182814 (0,3)
Iteration 15168:  115.965000 1659.000000 108511.736990 (0,3)
Iteration 15173:  110.470000 1657.000000 108404.095812 (0,3)
Iteration 15216:  110.470000 1656.000000 108401.373611 (2,3)
Iteration 15293:  99.382500 1652.000000 108109.294799 (0,3)
Iteration 15301:  94.465000 1651.000000 108212.472635 (0,3)
Iteration 15402:  93.465000 1644.000000 107660.952757 (1,0)
Iteration 15432:  89.377500 1642.000000 107589.380097 (0,3)
Iteration 15459:  82.465000 1640.000000 107563.522953 (1,0)
Iteration 15806:  79.377500 1621.000000 112827.765614 (0,3)
Iteration 15807:  69.672500 1619.000000 112647.327000 (0,3)
Iteration 15858:  63.760000 1617.000000 113084.912606 (0,3)
Iteration 15894:  62.760000 1616.000000 113142.385324 (0,3)
Iteration 15904:  62.465000 1614.000000 112964.808884 (0,3)
Iteration 15905:  62.377500 1615.000000 112918.798534 (0,3)
Iteration 15933:  56.465000 1613.000000 113191.857953 (0,3)
Iteration 15939:  50.877500 1612.000000 113041.930962 (0,3)
Iteration 15945:  49.877500 1611.000000 113138.678433 (0,3)
Iteration 16260:  47.377500 1607.000000 113624.734160 (0,3)
Iteration 16582:  43.640000 1596.000000 119946.797109 (1,0)
Iteration 16707:  34.382500 1589.000000 119817.153272 (0,3)
Iteration 16773:  34.382500 1589.000000 119699.542486 (0,3)
Iteration 16915:  34.382500 1588.000000 120249.359230 (0,3)
Iteration 16922:  32.470000 1590.000000 120232.508975 (1,3)
Iteration 16948:  32.470000 1588.000000 120274.010482 (0,3)
Iteration 16984:  30.382500 1586.000000 120499.865207 (0,3)
Iteration 17029:  30.382500 1586.000000 120481.922084 (0,3)
total iterations: 61404, time elapsed: 3600.03s
Destroy operator: destroy_random_leafs, Weight: 0.1937, Score: 5048.35, Count: 26074
Destroy operator: destroy_path, Weight: 0.0976, Score: 1395.90, Count: 14322
Destroy operator: destroy_worst_affinity, Weight: 0.0825, Score: 982.90, Count: 11939
Destroy operator: destroy_district_group, Weight: 0.0611, Score: 554.10, Count: 9068
Repair operator: repair_greedy_feasible, Weight: 0.0718, Score: 806.20, Count: 11232
Repair operator: repair_affinity_compact, Weight: 0.0645, Score: 645.65, Count: 10025
Repair operator: repair_nearest_center, Weight: 0.0736, Score: 846.10, Count: 11503
Repair operator: repair_2regret, Weight: 0.1986, Score: 5683.30, Count: 28643
