Initial solution objectives: Balance violation = 29334.3700, Affinity loss = 967, Compactness = 27850.0897
Iteration 1:  28885.063000 967.000000 27917.469054 (1,0)
Iteration 3:  28750.942000 967.000000 28024.192123 (3,1)
Iteration 7:  27927.225000 967.000000 28070.580713 (3,3)
Iteration 508:  27220.544000 938.000000 27118.516764 (3,3)
Iteration 510:  26052.863000 953.000000 27589.696763 (3,2)
Iteration 1517:  25982.782000 935.000000 26432.876726 (3,1)
Iteration 3020:  22837.650000 988.000000 26458.595096 (2,0)
Iteration 3035:  22063.891000 987.000000 26504.350678 (0,3)
Iteration 3038:  20837.186000 987.000000 26155.566455 (3,1)
Iteration 3039:  20660.333000 986.000000 25967.794511 (0,2)
Iteration 3040:  20631.065000 986.000000 25898.788883 (0,0)
Iteration 3041:  20512.437000 986.000000 25771.722690 (3,3)
Iteration 8051:  18991.597000 950.000000 27038.596588 (1,0)
Iteration 8054:  18099.493000 949.000000 27009.259673 (2,3)
Iteration 8066:  17765.943000 950.000000 27296.074630 (3,2)
Iteration 31617:  17467.708000 948.000000 26539.932076 (2,3)
Iteration 31618:  17331.347000 946.000000 27193.726007 (0,0)
Iteration 31632:  17318.453000 946.000000 27257.974614 (0,3)
Iteration 31644:  16721.320000 947.000000 27402.613644 (0,3)
Iteration 31649:  16685.693000 947.000000 27439.658122 (1,2)
Iteration 31651:  16574.654000 947.000000 27453.684677 (1,3)
Iteration 31655:  16566.814000 948.000000 27489.318257 (3,2)
Iteration 31665:  16198.361000 948.000000 27474.715982 (1,3)
Iteration 31679:  16186.974000 948.000000 27523.245605 (0,3)
Iteration 31701:  16137.054000 948.000000 27576.190540 (0,0)
Iteration 31711:  15904.120000 947.000000 28420.123139 (3,0)
Iteration 41789:  15596.816000 969.000000 26816.511008 (0,1)
Iteration 41794:  15542.134000 969.000000 26794.004057 (1,3)
Iteration 41804:  15119.655000 969.000000 26817.945406 (2,3)
Iteration 41805:  15016.655000 969.000000 26829.809492 (1,3)
Iteration 41813:  14004.147000 969.000000 26925.440050 (0,3)
Iteration 41828:  12442.827000 969.000000 26999.868943 (3,3)
Iteration 41850:  11763.778000 969.000000 27204.414569 (0,3)
Iteration 41851:  11454.979000 969.000000 27272.504633 (2,3)
Iteration 41854:  10893.100000 962.000000 27273.545175 (3,3)
Iteration 41855:  10849.020000 962.000000 27320.496174 (2,3)
Iteration 41868:  10821.981000 962.000000 27305.116624 (0,0)
Iteration 41883:  10608.850000 962.000000 27334.519626 (0,3)
Iteration 41886:  10344.770000 960.000000 27265.855049 (3,1)
Iteration 41890:  10336.237000 961.000000 27323.465925 (0,0)
Iteration 41891:  10280.755000 961.000000 27363.063175 (0,3)
Iteration 41900:  9917.383000 959.000000 27482.010023 (0,3)
Iteration 41911:  9853.463000 960.000000 27540.501264 (0,0)
Iteration 41923:  9539.783000 960.000000 27415.503407 (0,2)
Iteration 41964:  9456.557000 960.000000 27404.934294 (1,1)
Iteration 41970:  9193.811000 960.000000 27384.317754 (0,3)
Iteration 41972:  9151.665000 960.000000 27371.610052 (3,3)
Iteration 41975:  9076.424000 960.000000 27254.777321 (0,1)
Iteration 42013:  8968.731000 960.000000 27371.779896 (0,0)
Iteration 42018:  8959.559000 960.000000 27402.595753 (0,0)
Iteration 42032:  8895.559000 960.000000 27400.651527 (0,3)
Iteration 42036:  8838.880000 960.000000 27354.495502 (0,3)
Iteration 42043:  8626.960000 961.000000 27453.568989 (0,3)
Iteration 42046:  8580.066000 961.000000 27421.422953 (3,3)
Iteration 42059:  8531.531000 965.000000 27554.034427 (1,0)
Iteration 42140:  8529.531000 965.000000 27478.776979 (0,3)
Iteration 42152:  8491.797000 965.000000 27456.416071 (0,2)
Iteration 42200:  8470.797000 965.000000 27470.843732 (0,3)
Iteration 42257:  8428.131000 964.000000 27453.654923 (1,3)
Iteration 42285:  8193.570000 965.000000 27345.240633 (0,2)
Iteration 42305:  8137.837000 965.000000 27347.146087 (0,3)
Iteration 42311:  8077.638000 965.000000 27414.468854 (0,3)
Iteration 42338:  7896.800000 967.000000 27531.833048 (0,3)
Iteration 42472:  7887.800000 967.000000 27483.484341 (0,0)
Iteration 42876:  7856.107000 967.000000 27525.906816 (0,3)
total iterations: 286083, time elapsed: 3600.01s
Destroy operator: destroy_random_leafs, Weight: 0.0667, Score: 5277.00, Count: 79108
Destroy operator: destroy_path, Weight: 0.0557, Score: 3622.35, Count: 65054
Destroy operator: destroy_worst_affinity, Weight: 0.0564, Score: 3668.35, Count: 65097
Destroy operator: destroy_district_group, Weight: 0.0656, Score: 5036.40, Count: 76823
Repair operator: repair_greedy_feasible, Weight: 0.0605, Score: 4253.90, Count: 70278
Repair operator: repair_affinity_compact, Weight: 0.0562, Score: 3720.50, Count: 66174
Repair operator: repair_nearest_center, Weight: 0.0580, Score: 3920.85, Count: 67574
Repair operator: repair_2regret, Weight: 0.0696, Score: 5708.85, Count: 82056
