Initial solution objectives: Balance violation = 19838.6000, Affinity loss = 876, Compactness = 50697.6873
Iteration 501:  13236.170000 898.000000 47978.233753 (0,0)
Iteration 502:  11102.660000 896.000000 48076.509372 (2,3)
Iteration 503:  10981.710000 897.000000 48200.497125 (0,0)
Iteration 2006:  10843.150000 941.000000 47328.482847 (2,1)
Iteration 2007:  10650.520000 941.000000 47064.698094 (2,3)
Iteration 2009:  9709.110000 938.000000 46951.953681 (0,3)
Iteration 2516:  9515.540000 838.000000 48679.139020 (1,3)
Iteration 2520:  9463.120000 838.000000 48922.208531 (0,3)
Iteration 3534:  8957.610000 910.000000 50140.147035 (0,0)
Iteration 3536:  8629.100000 910.000000 50058.270157 (1,0)
Iteration 3537:  8377.100000 909.000000 49848.136515 (0,3)
Iteration 3541:  8362.100000 909.000000 49599.796945 (0,2)
Iteration 6250:  8193.100000 914.000000 56185.955673 (0,3)
Iteration 6251:  8081.530000 913.000000 56221.674943 (1,1)
Iteration 6258:  7615.400000 913.000000 56241.905389 (0,3)
Iteration 6277:  7607.790000 911.000000 56472.128557 (0,3)
Iteration 6297:  7440.970000 906.000000 56136.409261 (0,3)
Iteration 6298:  7078.910000 908.000000 55868.004865 (0,3)
Iteration 6302:  6792.950000 908.000000 55692.893950 (0,3)
Iteration 6309:  6690.330000 908.000000 55790.138518 (0,3)
Iteration 6310:  6682.570000 908.000000 55940.859267 (1,3)
Iteration 6314:  6611.330000 908.000000 55785.185973 (0,1)
Iteration 7440:  5938.300000 910.000000 53920.683573 (0,3)
Iteration 7441:  5934.120000 906.000000 53772.911515 (0,3)
Iteration 7448:  5112.380000 910.000000 53579.645529 (0,3)
Iteration 7450:  3729.050000 906.000000 53621.681437 (0,3)
Iteration 7546:  3553.160000 909.000000 53653.288085 (0,3)
Iteration 7550:  2704.410000 908.000000 53764.856410 (0,3)
Iteration 7559:  2401.630000 908.000000 53909.443657 (0,3)
Iteration 7569:  2009.180000 908.000000 53942.870247 (0,3)
Iteration 7643:  1966.840000 904.000000 54411.027575 (0,3)
Iteration 7645:  1479.910000 906.000000 54554.711210 (1,3)
Iteration 7653:  1473.390000 909.000000 54510.756530 (0,2)
Iteration 7656:  988.060000 909.000000 54674.039325 (0,3)
Iteration 7866:  977.400000 891.000000 54693.626798 (0,3)
Iteration 7868:  879.360000 891.000000 54892.572076 (0,3)
Iteration 7869:  792.580000 894.000000 54967.357370 (0,3)
Iteration 7871:  777.580000 894.000000 54751.526615 (0,3)
Iteration 7872:  712.720000 893.000000 54677.674130 (0,3)
Iteration 7876:  528.150000 891.000000 54870.902419 (1,2)
Iteration 10268:  524.790000 864.000000 50900.432000 (0,3)
Iteration 12045:  394.940000 859.000000 50557.379265 (0,3)
Iteration 12051:  374.490000 858.000000 50627.234654 (0,3)
Iteration 12054:  371.550000 858.000000 50604.549390 (0,3)
Iteration 12056:  364.130000 857.000000 50489.754948 (0,3)
Iteration 12415:  352.830000 834.000000 48946.054468 (0,3)
Iteration 12459:  352.090000 831.000000 48508.783606 (1,3)
Iteration 12461:  350.090000 831.000000 48399.545150 (0,3)
Iteration 12463:  350.090000 829.000000 48432.372130 (1,2)
Iteration 12468:  315.960000 829.000000 48464.988922 (0,3)
Iteration 12477:  308.960000 828.000000 48421.200299 (0,3)
Iteration 12482:  300.230000 826.000000 48537.840360 (0,3)
Iteration 12535:  275.890000 824.000000 48635.302454 (0,3)
Iteration 12569:  271.150000 825.000000 48635.998721 (0,3)
Iteration 12588:  270.150000 825.000000 48580.973094 (0,0)
Iteration 12595:  270.150000 825.000000 48555.612132 (0,3)
Iteration 12600:  270.150000 824.000000 48396.085601 (0,3)
Iteration 12611:  269.410000 824.000000 48448.754941 (0,1)
Iteration 12642:  213.280000 825.000000 48347.036617 (1,1)
Iteration 12778:  157.590000 820.000000 48271.420918 (2,3)
Iteration 12804:  147.590000 819.000000 50061.767796 (0,3)
Iteration 12830:  126.000000 819.000000 49977.571886 (0,3)
Iteration 12910:  116.400000 815.000000 49945.386270 (0,3)
Iteration 12932:  98.020000 817.000000 50126.996631 (0,0)
Iteration 12933:  93.150000 816.000000 50223.933363 (0,3)
Iteration 12942:  93.150000 816.000000 50186.382026 (1,3)
Iteration 12983:  91.730000 818.000000 50257.759273 (0,3)
Iteration 13159:  83.200000 818.000000 50103.137384 (0,3)
Iteration 25458:  71.740000 851.000000 52621.847539 (0,3)
Iteration 25468:  63.800000 851.000000 52573.600157 (1,3)
Iteration 25469:  63.800000 851.000000 52488.552207 (0,3)
Iteration 25513:  59.860000 851.000000 52392.083545 (0,3)
Iteration 25535:  50.730000 852.000000 52757.696778 (0,0)
Iteration 25538:  50.730000 852.000000 52667.759044 (0,3)
Iteration 25564:  50.730000 851.000000 52765.881687 (0,3)
Iteration 25574:  50.730000 851.000000 52680.852987 (0,3)
Iteration 25583:  50.730000 851.000000 52616.659552 (0,3)
Iteration 25585:  50.730000 850.000000 52645.226793 (0,3)
Iteration 25613:  50.730000 850.000000 52615.698117 (0,3)
Iteration 25702:  50.730000 850.000000 52594.090298 (0,3)
Iteration 25881:  50.730000 850.000000 52579.340726 (0,3)
Iteration 25907:  50.730000 850.000000 52354.119427 (0,3)
Iteration 25910:  50.730000 850.000000 52346.083076 (2,3)
Iteration 25912:  50.730000 850.000000 52261.054376 (0,3)
Iteration 26042:  50.730000 848.000000 52297.895306 (0,3)
Iteration 26083:  50.730000 847.000000 52308.845930 (0,3)
Iteration 26087:  50.730000 846.000000 52461.186455 (0,3)
Iteration 26137:  50.730000 844.000000 52360.466544 (0,3)
Iteration 26159:  50.730000 843.000000 52357.487627 (0,3)
Iteration 26197:  50.730000 843.000000 52338.675971 (0,3)
Iteration 26228:  50.730000 843.000000 52240.670025 (0,3)
Iteration 26285:  50.730000 843.000000 52187.934576 (0,3)
Iteration 26733:  50.730000 842.000000 52157.492919 (0,3)
Iteration 26760:  50.730000 842.000000 52079.810625 (0,3)
Iteration 26954:  50.730000 842.000000 51946.108698 (0,3)
Iteration 27139:  50.730000 842.000000 51828.631612 (0,3)
Iteration 27532:  43.170000 846.000000 51613.487230 (0,0)
Iteration 27538:  32.730000 846.000000 51503.722883 (2,3)
Iteration 27539:  32.730000 845.000000 51572.343080 (1,3)
Iteration 27629:  32.730000 844.000000 51683.441169 (0,1)
Iteration 27633:  0.000000 844.000000 51720.031138 (0,3)
Iteration 27722:  0.000000 842.000000 51722.360568 (0,3)
Iteration 27757:  0.000000 841.000000 51791.976363 (0,3)
Iteration 27839:  0.000000 841.000000 51785.775248 (1,3)
Iteration 27948:  0.000000 840.000000 51703.141421 (0,3)
Iteration 27976:  0.000000 839.000000 51602.442559 (0,3)
Iteration 28157:  0.000000 837.000000 51640.907964 (0,3)
Iteration 28432:  0.000000 837.000000 51616.685736 (0,3)
Iteration 28644:  0.000000 836.000000 51599.702902 (0,3)
Iteration 28708:  0.000000 836.000000 51589.291789 (0,3)
Iteration 28814:  0.000000 836.000000 51518.100641 (0,3)
Iteration 28815:  0.000000 836.000000 51511.182415 (0,3)
Iteration 28823:  0.000000 836.000000 51468.540759 (0,3)
Iteration 28880:  0.000000 834.000000 51545.958634 (0,3)
Iteration 28891:  0.000000 833.000000 51561.216353 (0,3)
Iteration 29307:  0.000000 833.000000 51514.682646 (0,3)
Iteration 29674:  0.000000 833.000000 50877.338198 (0,3)
Iteration 29713:  0.000000 832.000000 50470.514627 (1,0)
Iteration 29715:  0.000000 832.000000 50463.379829 (1,0)
Iteration 29721:  0.000000 830.000000 50457.318234 (1,3)
Iteration 29878:  0.000000 830.000000 50450.183436 (0,3)
Iteration 29903:  0.000000 828.000000 50475.251126 (0,3)
Iteration 29944:  0.000000 826.000000 50255.677949 (0,3)
Iteration 29994:  0.000000 824.000000 50149.879746 (0,3)
Iteration 30005:  0.000000 824.000000 50113.289777 (0,3)
Iteration 30070:  0.000000 824.000000 49967.406734 (0,3)
Iteration 30071:  0.000000 824.000000 49964.743035 (0,3)
Iteration 30151:  0.000000 823.000000 50060.014417 (0,3)
Iteration 30200:  0.000000 823.000000 50055.866017 (0,3)
total iterations: 328462, time elapsed: 3600.04s
Destroy operator: destroy_random_leafs, Weight: 0.2206, Score: 33773.90, Count: 153158
Destroy operator: destroy_path, Weight: 0.1052, Score: 7730.65, Count: 73476
Destroy operator: destroy_worst_affinity, Weight: 0.0831, Score: 4942.65, Count: 59423
Destroy operator: destroy_district_group, Weight: 0.0603, Score: 2558.15, Count: 42404
Repair operator: repair_greedy_feasible, Weight: 0.0936, Score: 6123.00, Count: 65382
Repair operator: repair_affinity_compact, Weight: 0.0767, Score: 4108.45, Count: 53569
Repair operator: repair_nearest_center, Weight: 0.0809, Score: 4530.30, Count: 55991
Repair operator: repair_2regret, Weight: 0.2231, Score: 34243.60, Count: 153519
