Initial solution objectives: Balance violation = 13786.1200, Affinity loss = 861, Compactness = 48024.3524
Iteration 0:  12044.315000 860.000000 47827.132663 (0,3)
Iteration 2:  11131.315000 862.000000 47917.205865 (0,3)
Iteration 504:  9001.105000 919.000000 49030.930862 (3,2)
Iteration 505:  7726.830000 921.000000 49320.447043 (0,0)
Iteration 507:  6261.495000 920.000000 49391.055318 (3,3)
Iteration 1522:  5791.670000 897.000000 44740.543045 (3,2)
Iteration 1523:  5728.985000 895.000000 44728.073528 (1,0)
Iteration 3536:  5086.120000 844.000000 44928.682377 (3,3)
Iteration 3539:  5060.115000 843.000000 44927.598364 (0,2)
Iteration 3545:  4996.180000 842.000000 45403.075090 (0,3)
Iteration 5635:  4990.005000 814.000000 47063.867307 (0,3)
Iteration 5641:  4317.675000 815.000000 47004.132730 (0,3)
Iteration 7545:  4157.535000 877.000000 49515.849171 (0,2)
Iteration 7547:  4157.535000 877.000000 49479.795492 (1,0)
Iteration 7552:  3321.300000 880.000000 49560.980484 (0,3)
Iteration 7553:  3268.300000 880.000000 49678.906238 (0,3)
Iteration 7554:  2970.285000 880.000000 49617.988935 (2,3)
Iteration 7559:  2813.970000 880.000000 49946.859778 (0,0)
Iteration 7561:  2619.675000 881.000000 50166.325225 (0,3)
Iteration 7563:  2548.905000 881.000000 50089.012678 (0,3)
Iteration 7567:  2548.340000 880.000000 50099.767730 (0,3)
Iteration 7575:  2515.695000 877.000000 50231.495310 (0,3)
Iteration 7577:  2508.715000 876.000000 50413.307317 (1,3)
Iteration 8238:  2290.610000 887.000000 55057.085148 (0,2)
Iteration 8244:  2192.715000 887.000000 55039.744816 (0,3)
Iteration 8293:  2170.540000 883.000000 53851.713402 (0,3)
Iteration 8306:  2138.225000 881.000000 53800.665235 (0,3)
Iteration 8380:  2136.965000 867.000000 53499.546836 (0,3)
Iteration 8424:  2067.010000 868.000000 53792.182828 (0,3)
Iteration 8447:  1830.110000 865.000000 52856.628663 (0,2)
Iteration 8448:  1830.110000 865.000000 52547.545973 (1,1)
Iteration 8450:  1664.090000 861.000000 52449.232707 (2,3)
Iteration 8454:  1565.070000 861.000000 52384.733074 (0,3)
Iteration 8464:  1558.070000 861.000000 52445.429820 (0,0)
Iteration 8483:  1555.465000 862.000000 52685.811796 (0,3)
Iteration 8484:  1546.860000 862.000000 52756.334668 (0,3)
Iteration 8492:  1455.595000 860.000000 53082.328160 (0,3)
Iteration 8493:  1390.990000 859.000000 53061.074415 (0,3)
Iteration 8517:  1336.805000 860.000000 52824.469584 (0,3)
Iteration 8519:  1336.805000 860.000000 52824.469584 (0,3)
Iteration 8527:  1321.825000 862.000000 52658.127545 (0,3)
Iteration 8533:  1321.825000 862.000000 52540.814782 (0,3)
Iteration 8536:  1114.930000 860.000000 52406.681342 (0,1)
Iteration 8557:  1056.670000 857.000000 52272.329013 (0,3)
Iteration 8560:  908.320000 856.000000 52334.794301 (0,3)
Iteration 8561:  884.320000 856.000000 52362.107550 (1,0)
Iteration 8566:  674.055000 856.000000 51995.121274 (0,3)
Iteration 8603:  572.555000 850.000000 51867.925598 (0,3)
Iteration 8606:  509.555000 850.000000 51765.377455 (0,3)
Iteration 8773:  460.300000 834.000000 50119.226493 (0,2)
Iteration 8782:  446.655000 836.000000 49856.817711 (0,3)
Iteration 8801:  375.695000 837.000000 49927.262779 (0,3)
Iteration 8820:  368.695000 836.000000 50273.177369 (0,3)
Iteration 8826:  300.675000 835.000000 50512.179288 (0,3)
Iteration 8831:  292.675000 835.000000 50681.707612 (0,3)
Iteration 8836:  290.280000 833.000000 50586.621481 (0,3)
Iteration 8837:  259.155000 836.000000 50446.012457 (0,2)
Iteration 8925:  244.890000 829.000000 50096.818153 (0,3)
Iteration 8927:  198.510000 828.000000 50070.468270 (0,3)
Iteration 8932:  155.385000 828.000000 50374.041437 (0,3)
Iteration 9281:  112.340000 821.000000 51500.687577 (0,3)
Iteration 9287:  112.340000 821.000000 51391.905782 (0,3)
Iteration 9297:  103.320000 822.000000 51262.632889 (0,3)
Iteration 9569:  55.945000 815.000000 50889.208786 (0,3)
Iteration 20548:  32.865000 878.000000 48508.808964 (0,0)
Iteration 20551:  32.865000 877.000000 48445.102093 (0,3)
Iteration 20580:  32.865000 875.000000 48392.073710 (0,3)
Iteration 20581:  32.865000 875.000000 48392.073710 (1,0)
Iteration 20586:  32.865000 875.000000 48343.389014 (2,3)
Iteration 20602:  32.865000 875.000000 48281.802094 (0,3)
Iteration 20607:  32.865000 875.000000 48241.574408 (2,3)
Iteration 20610:  32.865000 875.000000 48239.202970 (0,3)
Iteration 20623:  32.865000 874.000000 48188.947756 (0,3)
Iteration 20625:  32.865000 873.000000 48333.036119 (0,3)
Iteration 20629:  26.865000 876.000000 47711.146597 (0,2)
Iteration 20653:  13.865000 875.000000 47746.319057 (1,3)
Iteration 20680:  13.865000 874.000000 48062.292710 (1,3)
Iteration 20758:  13.865000 874.000000 48049.659209 (0,3)
Iteration 20763:  13.865000 874.000000 48016.513406 (0,3)
Iteration 20765:  13.865000 874.000000 47935.030232 (0,3)
Iteration 20771:  13.865000 874.000000 47903.163542 (0,3)
Iteration 20774:  11.245000 874.000000 47860.083808 (0,3)
Iteration 20804:  11.245000 873.000000 47924.798858 (0,3)
Iteration 20964:  11.245000 872.000000 48054.737846 (0,3)
Iteration 20999:  11.245000 872.000000 47844.021036 (0,3)
Iteration 21003:  11.245000 872.000000 47841.252267 (0,3)
Iteration 21004:  11.245000 872.000000 47828.023515 (2,3)
Iteration 21035:  11.245000 872.000000 47794.147836 (0,3)
Iteration 21039:  11.245000 872.000000 47673.934074 (2,2)
Iteration 21044:  11.245000 872.000000 47648.052186 (0,0)
Iteration 21059:  11.245000 872.000000 47525.457172 (0,3)
Iteration 21099:  11.245000 872.000000 47524.416697 (0,3)
Iteration 21105:  11.245000 872.000000 47515.400160 (0,3)
Iteration 21128:  11.245000 872.000000 47376.816814 (0,2)
Iteration 21140:  11.245000 872.000000 47277.115603 (0,3)
Iteration 21157:  11.245000 872.000000 47224.990939 (0,3)
Iteration 21163:  11.245000 872.000000 47169.070934 (1,3)
Iteration 21180:  11.245000 872.000000 47051.360878 (0,3)
Iteration 21182:  11.245000 872.000000 47000.277925 (0,3)
Iteration 21184:  2.620000 871.000000 47049.602398 (0,3)
Iteration 21202:  2.620000 871.000000 47046.831223 (0,3)
Iteration 21213:  2.620000 871.000000 47023.833327 (0,3)
Iteration 21292:  0.000000 871.000000 47096.355380 (0,0)
Iteration 21324:  0.000000 871.000000 47077.703902 (0,3)
Iteration 21354:  0.000000 871.000000 46990.252458 (0,2)
Iteration 21486:  0.000000 870.000000 47137.074186 (0,3)
Iteration 21586:  0.000000 870.000000 46999.218662 (0,3)
Iteration 21615:  0.000000 870.000000 46990.376587 (0,3)
Iteration 21768:  0.000000 869.000000 47122.022676 (0,0)
Iteration 21838:  0.000000 868.000000 46995.696139 (0,3)
Iteration 21845:  0.000000 868.000000 46984.202066 (0,3)
Iteration 21852:  0.000000 868.000000 46942.353329 (2,3)
Iteration 21927:  0.000000 868.000000 46868.299555 (0,3)
Iteration 22022:  0.000000 868.000000 46857.403353 (0,3)
Iteration 22368:  0.000000 868.000000 46729.134595 (0,3)
Iteration 22671:  0.000000 866.000000 46977.984090 (0,3)
Iteration 22683:  0.000000 866.000000 46932.456459 (0,3)
Iteration 22854:  0.000000 864.000000 46944.589328 (0,3)
Iteration 22947:  0.000000 864.000000 46930.230247 (0,3)
Iteration 23305:  0.000000 864.000000 46925.534827 (0,3)
Iteration 23320:  0.000000 864.000000 46850.022526 (0,3)
Iteration 23398:  0.000000 863.000000 46899.211528 (0,3)
Iteration 23564:  0.000000 863.000000 46886.450082 (0,0)
Iteration 23566:  0.000000 863.000000 46874.956009 (0,3)
Iteration 23777:  0.000000 863.000000 46857.515775 (0,3)
Iteration 23918:  0.000000 863.000000 46830.703523 (0,3)
Iteration 23919:  0.000000 863.000000 46813.434079 (0,3)
Iteration 23920:  0.000000 863.000000 46796.317654 (0,3)
Iteration 24023:  0.000000 863.000000 46788.944690 (0,3)
Iteration 24055:  0.000000 862.000000 46855.230382 (0,3)
Iteration 24073:  0.000000 862.000000 46803.244474 (0,3)
Iteration 24142:  0.000000 861.000000 46955.984820 (0,3)
Iteration 24215:  0.000000 861.000000 46922.559845 (0,1)
Iteration 24232:  0.000000 861.000000 46905.443420 (0,3)
Iteration 24440:  0.000000 860.000000 46967.370587 (0,3)
Iteration 24759:  0.000000 860.000000 46934.503524 (0,3)
Iteration 24953:  0.000000 860.000000 46919.239730 (0,3)
Iteration 25045:  0.000000 859.000000 47182.603390 (0,3)
Iteration 25060:  0.000000 859.000000 47169.597752 (0,3)
Iteration 25125:  0.000000 859.000000 47142.113602 (0,3)
Iteration 25129:  0.000000 859.000000 47098.251750 (2,3)
Iteration 25189:  0.000000 859.000000 47094.342455 (0,3)
Iteration 25195:  0.000000 859.000000 47071.780697 (0,3)
Iteration 25214:  0.000000 859.000000 47010.796718 (0,3)
Iteration 25541:  0.000000 859.000000 46988.234960 (0,3)
Iteration 25550:  0.000000 859.000000 46941.105163 (0,3)
Iteration 25568:  0.000000 859.000000 46914.361015 (0,3)
Iteration 25702:  0.000000 859.000000 46752.222000 (0,3)
Iteration 25722:  0.000000 859.000000 46729.660242 (1,3)
Iteration 193027:  0.000000 827.000000 53491.668532 (0,0)
Iteration 193056:  0.000000 826.000000 53623.067159 (0,0)
Iteration 193072:  0.000000 825.000000 53666.032364 (0,3)
Iteration 193073:  0.000000 824.000000 53773.653364 (0,3)
Iteration 193088:  0.000000 824.000000 53685.768680 (0,0)
Iteration 193120:  0.000000 824.000000 53518.518033 (0,3)
Iteration 193155:  0.000000 824.000000 53347.513770 (0,3)
Iteration 193189:  0.000000 824.000000 53302.089225 (0,3)
Iteration 193228:  0.000000 824.000000 53236.333226 (0,3)
Iteration 193275:  0.000000 824.000000 53227.332398 (0,3)
Iteration 193309:  0.000000 823.000000 53277.512657 (0,3)
Iteration 193347:  0.000000 823.000000 53146.721996 (0,0)
Iteration 193441:  0.000000 823.000000 52958.726323 (0,3)
Iteration 193484:  0.000000 822.000000 53056.438503 (0,3)
Iteration 193511:  0.000000 822.000000 52979.956481 (0,3)
Iteration 193512:  0.000000 821.000000 52788.545427 (0,3)
Iteration 193636:  0.000000 820.000000 52722.735084 (0,3)
Iteration 193653:  0.000000 819.000000 52794.986295 (0,3)
Iteration 193670:  0.000000 818.000000 52849.869636 (0,3)
Iteration 193689:  0.000000 818.000000 52732.950315 (0,3)
Iteration 193924:  0.000000 818.000000 52679.479685 (0,3)
Iteration 194005:  0.000000 816.000000 52864.534403 (0,3)
Iteration 194008:  0.000000 816.000000 52849.416601 (0,3)
Iteration 194131:  0.000000 815.000000 52738.324054 (1,1)
Iteration 194142:  0.000000 814.000000 52904.341378 (0,3)
Iteration 194162:  0.000000 814.000000 52891.890564 (1,3)
Iteration 194251:  0.000000 813.000000 52976.295368 (0,3)
Iteration 194256:  0.000000 813.000000 52976.295368 (0,3)
Iteration 194257:  0.000000 812.000000 52981.860182 (0,3)
Iteration 194277:  0.000000 810.000000 52975.519186 (0,3)
Iteration 194368:  0.000000 809.000000 53084.002116 (0,3)
Iteration 194394:  0.000000 807.000000 53148.948184 (0,3)
Iteration 194402:  0.000000 807.000000 53082.023996 (0,3)
Iteration 194432:  0.000000 807.000000 53050.927521 (0,3)
Iteration 194534:  0.000000 807.000000 53031.619660 (0,3)
Iteration 194539:  0.000000 805.000000 53154.499248 (0,3)
Iteration 194579:  0.000000 803.000000 53130.105296 (0,3)
Iteration 194721:  0.000000 803.000000 53046.951890 (0,3)
total iterations: 281789, time elapsed: 3600.01s
Destroy operator: destroy_random_leafs, Weight: 0.2267, Score: 29865.90, Count: 131679
Destroy operator: destroy_path, Weight: 0.1106, Score: 6965.50, Count: 63015
Destroy operator: destroy_worst_affinity, Weight: 0.0857, Score: 4318.60, Count: 50411
Destroy operator: destroy_district_group, Weight: 0.0612, Score: 2244.40, Count: 36683
Repair operator: repair_greedy_feasible, Weight: 0.1003, Score: 5731.35, Count: 57145
Repair operator: repair_affinity_compact, Weight: 0.0778, Score: 3365.05, Count: 43250
Repair operator: repair_nearest_center, Weight: 0.0863, Score: 4455.65, Count: 51635
Repair operator: repair_2regret, Weight: 0.2299, Score: 29842.35, Count: 129758
