Initial solution objectives: Balance violation = 40249.1080, Affinity loss = 1981, Compactness = 55938.4820
Iteration 0:  38914.762000 1980.000000 55751.147528 (2,3)
Iteration 505:  37263.242000 1909.000000 58666.596282 (3,3)
Iteration 3010:  33338.315000 1939.000000 55876.025293 (2,3)
Iteration 4017:  33336.214000 1911.000000 56804.459972 (0,3)
Iteration 5020:  24607.173000 1942.000000 55848.745992 (2,3)
Iteration 9253:  24510.183000 1885.000000 58171.715081 (2,3)
Iteration 9265:  24179.860000 1884.000000 58051.881691 (0,3)
Iteration 9969:  23726.743000 1879.000000 60947.802989 (0,3)
Iteration 9971:  23528.291000 1879.000000 60947.796459 (0,3)
Iteration 9977:  22834.926000 1878.000000 61136.872721 (0,3)
Iteration 9978:  22261.239000 1879.000000 61261.860805 (0,3)
Iteration 9979:  21465.659000 1879.000000 61316.707333 (0,3)
Iteration 9983:  21419.690000 1880.000000 61323.108758 (0,3)
Iteration 10023:  20904.501000 1878.000000 61107.994578 (0,3)
Iteration 10028:  20742.404000 1878.000000 61076.772344 (0,3)
Iteration 10029:  20655.401000 1877.000000 60893.518915 (0,3)
Iteration 10035:  20171.012000 1875.000000 60949.625676 (0,3)
Iteration 10044:  20171.012000 1875.000000 60927.770888 (2,3)
Iteration 10045:  19936.884000 1876.000000 60777.731048 (0,3)
Iteration 10049:  19887.012000 1876.000000 60980.916378 (0,3)
Iteration 10052:  19881.276000 1876.000000 61034.273785 (1,3)
Iteration 10067:  19857.142000 1876.000000 61135.585344 (0,3)
Iteration 10197:  19852.767000 1876.000000 61938.626421 (0,3)
Iteration 10266:  19673.188000 1879.000000 61921.281614 (0,3)
Iteration 10267:  19660.528000 1879.000000 61941.911765 (2,3)
Iteration 10274:  19573.580000 1880.000000 61849.781307 (0,3)
Iteration 10281:  19540.181000 1880.000000 61764.955686 (1,2)
Iteration 10283:  19490.663000 1880.000000 61691.272310 (0,3)
Iteration 10292:  19131.788000 1881.000000 61693.566303 (0,3)
Iteration 10301:  18696.413000 1881.000000 61799.288985 (0,3)
Iteration 10303:  18569.663000 1882.000000 61750.427953 (0,3)
Iteration 10305:  18408.059000 1882.000000 61765.267456 (0,3)
Iteration 10307:  18364.948000 1882.000000 61811.038819 (0,3)
Iteration 10308:  18305.274000 1881.000000 61810.318964 (0,3)
Iteration 10319:  18102.034000 1879.000000 61823.753724 (0,3)
Iteration 10326:  17794.034000 1879.000000 61946.184962 (0,3)
Iteration 10332:  17773.034000 1879.000000 61968.872449 (0,3)
Iteration 10334:  17764.725000 1878.000000 61989.956893 (0,3)
Iteration 10338:  17763.749000 1878.000000 61976.949801 (0,3)
Iteration 10354:  17733.618000 1879.000000 62166.715434 (0,3)
Iteration 10371:  17690.965000 1877.000000 62024.366819 (0,2)
Iteration 10373:  17674.913000 1877.000000 62055.718295 (2,3)
Iteration 10378:  17562.552000 1877.000000 62118.046756 (0,3)
Iteration 10417:  17337.820000 1878.000000 62174.305428 (0,3)
Iteration 10421:  17234.205000 1877.000000 62217.425817 (1,1)
Iteration 10423:  16987.215000 1878.000000 62385.906733 (0,3)
Iteration 10432:  16881.277000 1878.000000 62464.264508 (0,3)
Iteration 10449:  16823.742000 1878.000000 62373.059894 (0,3)
Iteration 10450:  16654.110000 1877.000000 62219.468192 (0,3)
Iteration 10460:  16631.447000 1877.000000 62317.462865 (0,3)
Iteration 10471:  16464.267000 1877.000000 62330.615494 (0,3)
Iteration 10480:  16444.906000 1877.000000 62276.254961 (0,3)
Iteration 10493:  16287.878000 1877.000000 62457.387103 (0,0)
Iteration 10497:  16267.854000 1877.000000 62464.779169 (0,3)
Iteration 10500:  16169.167000 1877.000000 62440.774939 (2,3)
Iteration 10501:  16147.580000 1877.000000 62487.027980 (0,3)
Iteration 10511:  16147.580000 1877.000000 62484.343690 (0,3)
Iteration 10513:  15951.753000 1877.000000 62221.420741 (0,3)
Iteration 10516:  15950.176000 1877.000000 62220.342619 (0,3)
Iteration 10529:  15658.200000 1879.000000 62442.077877 (0,3)
Iteration 11633:  15451.026000 1979.000000 56759.796444 (0,3)
Iteration 11634:  15451.026000 1979.000000 56823.951326 (1,0)
Iteration 11636:  15317.155000 1979.000000 56811.926850 (1,3)
Iteration 11640:  15077.162000 1979.000000 56852.200804 (0,3)
Iteration 11646:  15077.162000 1979.000000 56816.080647 (0,3)
Iteration 11648:  14593.977000 1979.000000 56822.814972 (0,3)
Iteration 11654:  14269.588000 1979.000000 56786.101037 (2,3)
Iteration 11659:  14139.769000 1979.000000 56701.140202 (0,3)
Iteration 11660:  13943.363000 1979.000000 56739.022153 (0,3)
Iteration 11661:  13630.838000 1979.000000 56723.675529 (0,3)
Iteration 11662:  13395.606000 1980.000000 56829.015551 (0,3)
Iteration 11666:  13350.009000 1980.000000 56859.596354 (0,3)
Iteration 11667:  13310.950000 1980.000000 56887.631562 (1,3)
Iteration 11669:  13229.686000 1980.000000 56876.824788 (2,3)
Iteration 11673:  13166.002000 1980.000000 56995.438775 (0,3)
Iteration 11678:  12984.665000 1980.000000 57038.784033 (0,3)
Iteration 11688:  12065.665000 1980.000000 57207.775419 (0,3)
Iteration 11689:  11963.703000 1980.000000 57297.080213 (0,3)
Iteration 11706:  11951.568000 1980.000000 57360.239475 (0,3)
Iteration 11709:  11745.602000 1980.000000 57677.124773 (0,3)
Iteration 11715:  11625.203000 1980.000000 57694.703655 (0,3)
Iteration 11726:  11500.585000 1980.000000 57673.634568 (0,3)
Iteration 11729:  11458.922000 1980.000000 57704.085669 (0,3)
Iteration 11741:  11442.797000 1980.000000 57821.974139 (0,3)
Iteration 11742:  11385.971000 1980.000000 57812.677315 (0,3)
Iteration 11743:  11286.555000 1980.000000 57967.718825 (0,3)
Iteration 11751:  11186.979000 1978.000000 57949.988715 (0,3)
Iteration 11757:  10653.555000 1979.000000 57913.184504 (0,3)
Iteration 11763:  10020.294000 1979.000000 57976.559946 (0,3)
Iteration 11774:  9712.933000 1978.000000 58135.638247 (0,3)
Iteration 11776:  9500.654000 1978.000000 58131.233443 (0,3)
Iteration 11782:  9434.136000 1978.000000 58024.121271 (0,3)
Iteration 11788:  8619.664000 1978.000000 58069.476161 (2,3)
Iteration 11796:  8561.348000 1978.000000 58129.357855 (0,3)
Iteration 11797:  8543.265000 1978.000000 58228.307502 (0,3)
Iteration 11803:  8443.664000 1978.000000 58246.055017 (2,3)
Iteration 11807:  8397.640000 1978.000000 58299.687873 (1,3)
Iteration 11809:  8279.980000 1978.000000 58385.083213 (0,3)
Iteration 11813:  8245.480000 1978.000000 58432.066704 (1,3)
Iteration 11833:  8141.796000 1978.000000 58380.904204 (0,3)
Iteration 11848:  7664.820000 1978.000000 58393.188541 (0,3)
Iteration 11852:  7219.355000 1977.000000 58417.020346 (0,3)
Iteration 11860:  7212.559000 1976.000000 58382.755023 (0,3)
Iteration 11862:  7152.559000 1976.000000 58326.936875 (0,3)
Iteration 11865:  6957.479000 1975.000000 58210.875998 (0,3)
Iteration 11867:  6857.056000 1975.000000 58194.802495 (1,3)
Iteration 11935:  6804.747000 1975.000000 58088.659885 (0,3)
Iteration 11937:  6653.223000 1975.000000 58051.203257 (0,3)
Iteration 11940:  6582.848000 1975.000000 58127.701619 (0,3)
Iteration 11942:  6495.247000 1975.000000 58153.171489 (2,3)
Iteration 11950:  6416.646000 1974.000000 58316.744006 (0,3)
Iteration 11966:  6410.257000 1974.000000 58351.574401 (0,3)
Iteration 11967:  6322.122000 1974.000000 58347.590981 (2,3)
Iteration 11991:  6313.390000 1974.000000 58731.961961 (0,3)
Iteration 12001:  6202.408000 1974.000000 58671.599660 (2,3)
Iteration 12002:  6153.116000 1974.000000 58632.167065 (0,3)
Iteration 12018:  6034.592000 1974.000000 58699.588950 (0,3)
Iteration 12032:  5965.255000 1974.000000 58554.928946 (0,3)
Iteration 12075:  5960.515000 1975.000000 58397.284581 (0,3)
Iteration 12080:  5874.515000 1975.000000 58507.766232 (0,3)
Iteration 12090:  5867.074000 1975.000000 58532.562167 (0,3)
Iteration 12129:  5854.974000 1974.000000 58507.307492 (0,3)
Iteration 12130:  5844.522000 1974.000000 58447.443613 (0,3)
Iteration 12134:  5767.713000 1974.000000 58442.432901 (0,3)
Iteration 12142:  5734.863000 1974.000000 58496.982483 (0,3)
Iteration 12148:  5693.262000 1974.000000 58610.662684 (0,3)
Iteration 12192:  5594.070000 1973.000000 58638.957502 (0,3)
Iteration 12208:  5585.101000 1972.000000 58633.184490 (0,3)
Iteration 12225:  5575.734000 1973.000000 58586.085034 (1,0)
Iteration 12230:  5549.133000 1973.000000 58655.446161 (0,3)
Iteration 12239:  5459.748000 1973.000000 58680.457281 (0,3)
Iteration 12241:  5458.748000 1973.000000 58569.538776 (0,3)
Iteration 12249:  5438.769000 1973.000000 58606.936281 (0,3)
Iteration 12265:  5387.133000 1973.000000 58675.523313 (0,3)
Iteration 12269:  5229.160000 1973.000000 58859.591895 (0,3)
Iteration 12270:  5224.136000 1973.000000 58911.697220 (0,3)
Iteration 12272:  5206.452000 1973.000000 58926.646589 (0,3)
Iteration 12286:  5199.816000 1973.000000 59175.301885 (0,3)
Iteration 12305:  5131.056000 1973.000000 59120.667584 (0,3)
Iteration 12307:  5004.080000 1973.000000 59118.180625 (0,3)
Iteration 12308:  4956.896000 1973.000000 59103.171051 (0,3)
Iteration 12339:  4880.271000 1973.000000 59120.041071 (0,3)
Iteration 12349:  4867.670000 1973.000000 59234.258142 (0,3)
Iteration 12363:  4858.580000 1973.000000 59276.370177 (0,3)
Iteration 12636:  4854.908000 1973.000000 59820.421548 (0,3)
Iteration 12674:  4837.564000 1973.000000 59882.095238 (0,3)
Iteration 12849:  4804.540000 1973.000000 60001.873691 (0,3)
Iteration 12921:  4796.206000 1972.000000 60006.571597 (0,3)
Iteration 12925:  4794.147000 1972.000000 59999.003876 (0,3)
Iteration 12942:  4745.123000 1971.000000 60108.503058 (0,3)
Iteration 12949:  4696.147000 1971.000000 60032.966418 (0,3)
Iteration 12972:  4674.626000 1971.000000 60196.543386 (0,3)
Iteration 13026:  4436.303000 1969.000000 60398.278610 (2,3)
Iteration 13032:  4404.900000 1970.000000 60314.995524 (0,3)
Iteration 13044:  4392.900000 1970.000000 60301.433378 (0,3)
Iteration 13058:  4153.785000 1970.000000 60263.346311 (0,3)
Iteration 13063:  4102.184000 1970.000000 60223.245769 (0,3)
Iteration 13067:  4089.399000 1970.000000 60309.831810 (0,3)
Iteration 13107:  3970.972000 1970.000000 60180.734699 (0,3)
Iteration 13114:  3962.309000 1970.000000 60089.385636 (0,3)
Iteration 13119:  3960.886000 1969.000000 60125.025083 (0,3)
Iteration 13126:  3953.886000 1969.000000 60033.667752 (0,3)
Iteration 13129:  3875.910000 1969.000000 60125.248211 (0,3)
Iteration 13192:  3874.049000 1969.000000 60035.123726 (0,3)
Iteration 13221:  3752.357000 1968.000000 60181.507707 (0,3)
Iteration 13240:  3736.093000 1967.000000 60220.930974 (0,3)
Iteration 13255:  3698.093000 1967.000000 60228.498695 (0,3)
Iteration 13256:  3697.694000 1967.000000 60307.027459 (0,3)
Iteration 13362:  3696.590000 1967.000000 60481.184993 (0,3)
Iteration 13364:  3690.854000 1967.000000 60438.461991 (2,3)
Iteration 13476:  3653.055000 1968.000000 60324.779508 (0,3)
Iteration 13533:  3646.156000 1968.000000 60329.786876 (0,3)
Iteration 13723:  3630.690000 1968.000000 60662.557224 (0,3)
Iteration 13764:  3599.527000 1968.000000 60695.833712 (0,3)
Iteration 13769:  3579.166000 1968.000000 60642.279707 (0,3)
Iteration 13838:  3571.166000 1968.000000 60648.535748 (0,3)
Iteration 14178:  3524.816000 1969.000000 60824.321261 (0,3)
Iteration 14190:  3508.885000 1969.000000 60710.810984 (0,3)
Iteration 14198:  3508.034000 1969.000000 60741.096967 (0,3)
Iteration 14202:  3436.072000 1969.000000 60767.844850 (0,3)
Iteration 14210:  3435.673000 1969.000000 60870.975424 (0,3)
Iteration 14219:  3419.072000 1969.000000 60897.746415 (2,3)
Iteration 14224:  3408.471000 1969.000000 61052.961804 (0,3)
Iteration 14229:  3398.471000 1969.000000 61057.746349 (0,3)
Iteration 14239:  3398.048000 1969.000000 61110.119172 (0,3)
Iteration 14273:  3389.149000 1969.000000 61358.162036 (0,3)
Iteration 14309:  3388.812000 1969.000000 61291.348733 (0,3)
Iteration 14329:  3385.312000 1969.000000 61413.358995 (0,3)
Iteration 14357:  3376.927000 1969.000000 61351.739874 (0,3)
Iteration 14384:  3372.951000 1969.000000 61427.184676 (0,3)
Iteration 14644:  3276.999000 1969.000000 61269.703771 (0,3)
Iteration 14660:  3260.735000 1969.000000 61220.615011 (0,3)
Iteration 14681:  3257.735000 1969.000000 61361.564019 (0,3)
Iteration 14765:  3245.172000 1969.000000 61197.589296 (0,3)
Iteration 14776:  3230.773000 1969.000000 61140.034877 (0,3)
Iteration 14844:  3227.113000 1969.000000 60904.668011 (0,3)
Iteration 14856:  3193.738000 1969.000000 60966.063483 (0,3)
Iteration 14861:  3176.030000 1969.000000 60978.074117 (0,3)
Iteration 14960:  2936.867000 1969.000000 60972.675294 (0,3)
Iteration 15056:  2929.867000 1969.000000 60965.123118 (0,3)
Iteration 15109:  2929.867000 1969.000000 60953.811398 (0,3)
Iteration 15137:  2928.867000 1969.000000 61000.752818 (0,3)
Iteration 15222:  2621.639000 1969.000000 60855.708364 (0,3)
Iteration 15315:  2614.307000 1970.000000 60743.233922 (0,3)
Iteration 15328:  2511.585000 1970.000000 60676.407442 (0,3)
Iteration 15373:  2511.585000 1970.000000 60661.006055 (0,3)
Iteration 15379:  2497.956000 1970.000000 60527.497587 (0,3)
Iteration 15518:  2478.032000 1970.000000 60582.207545 (0,3)
Iteration 15539:  2456.032000 1970.000000 60605.750926 (0,3)
Iteration 15540:  2443.070000 1970.000000 60600.594515 (0,3)
Iteration 15543:  2441.671000 1970.000000 60670.686991 (2,3)
Iteration 17341:  2388.227000 1900.000000 61300.454959 (0,3)
Iteration 17347:  2381.130000 1900.000000 61367.684047 (0,3)
Iteration 17355:  2297.852000 1900.000000 61446.731531 (0,3)
Iteration 17357:  2264.505000 1900.000000 61472.304800 (0,3)
Iteration 17360:  2162.731000 1901.000000 61396.933975 (0,3)
Iteration 17364:  2107.731000 1901.000000 61549.394909 (0,3)
Iteration 17396:  2069.415000 1902.000000 61626.686097 (0,3)
Iteration 17399:  2054.439000 1902.000000 61769.033580 (0,3)
Iteration 17417:  2043.838000 1902.000000 61819.345083 (0,3)
Iteration 17420:  1967.338000 1902.000000 61902.134972 (0,3)
Iteration 17427:  1965.623000 1902.000000 62110.858461 (0,3)
Iteration 17436:  1964.075000 1902.000000 62338.760503 (0,3)
Iteration 17442:  1922.429000 1902.000000 62412.615864 (0,3)
Iteration 17448:  1919.564000 1902.000000 62367.023137 (0,3)
Iteration 17454:  1891.481000 1902.000000 62409.506008 (0,3)
Iteration 17457:  1891.481000 1902.000000 62359.635535 (0,3)
Iteration 17476:  1849.818000 1902.000000 62424.984549 (0,3)
Iteration 17484:  1810.509000 1902.000000 62496.608018 (0,3)
Iteration 17485:  1786.742000 1902.000000 62470.894043 (0,3)
Iteration 17554:  1772.457000 1902.000000 62465.241070 (0,3)
Iteration 17556:  1742.409000 1902.000000 62505.654025 (0,3)
Iteration 17582:  1740.725000 1902.000000 62405.535688 (0,3)
Iteration 17778:  1652.985000 1902.000000 62419.397966 (0,3)
Iteration 17829:  1650.384000 1902.000000 62441.225844 (0,3)
Iteration 17842:  1649.999000 1902.000000 62445.715014 (0,3)
Iteration 17859:  1648.999000 1902.000000 62541.459006 (0,0)
Iteration 17860:  1642.023000 1902.000000 62629.027444 (0,3)
Iteration 17883:  1642.023000 1902.000000 62612.351242 (0,3)
Iteration 17903:  1638.408000 1902.000000 62552.063553 (0,3)
Iteration 17913:  1573.831000 1902.000000 62489.236978 (0,3)
Iteration 17921:  1560.470000 1902.000000 62491.499883 (0,3)
Iteration 17954:  1540.734000 1902.000000 62487.713517 (0,3)
Iteration 18067:  1535.657000 1902.000000 62540.113518 (0,3)
Iteration 18076:  1472.966000 1901.000000 62601.491351 (0,3)
Iteration 18090:  1381.230000 1901.000000 62588.161944 (1,3)
Iteration 18096:  1287.966000 1901.000000 62581.912720 (0,3)
Iteration 18137:  1265.889000 1900.000000 62567.645264 (0,3)
Iteration 18140:  1249.764000 1901.000000 62604.041576 (0,3)
Iteration 18149:  1194.240000 1901.000000 62569.217695 (2,3)
Iteration 18203:  1194.240000 1901.000000 62545.846849 (0,3)
Iteration 18248:  1183.927000 1899.000000 63240.604148 (0,3)
Iteration 18255:  1161.663000 1899.000000 63194.966564 (2,3)
Iteration 18278:  1155.663000 1900.000000 63140.351067 (1,1)
Iteration 18567:  1151.403000 1899.000000 63129.650060 (0,3)
Iteration 18596:  1130.042000 1899.000000 63116.060811 (0,3)
Iteration 18872:  1129.042000 1899.000000 63100.090525 (0,3)
total iterations: 91901, time elapsed: 3600.01s
Destroy operator: destroy_random_leafs, Weight: 0.2795, Score: 12475.40, Count: 44803
Destroy operator: destroy_path, Weight: 0.0986, Score: 1618.95, Count: 16466
Destroy operator: destroy_worst_affinity, Weight: 0.1019, Score: 1786.40, Count: 17575
Destroy operator: destroy_district_group, Weight: 0.0682, Score: 889.55, Count: 13056
Repair operator: repair_greedy_feasible, Weight: 0.0732, Score: 1065.20, Count: 14562
Repair operator: repair_affinity_compact, Weight: 0.0625, Score: 810.55, Count: 12973
Repair operator: repair_nearest_center, Weight: 0.0647, Score: 863.40, Count: 13365
Repair operator: repair_2regret, Weight: 0.2761, Score: 14031.15, Count: 51000
