Initial solution objectives: Balance violation = 16343.0500, Affinity loss = 1779, Compactness = 94428.4552
Iteration 0:  15635.855000 1772.000000 94041.492542 (2,3)
Iteration 5:  15536.855000 1772.000000 93962.164753 (2,3)
Iteration 6:  15452.080000 1772.000000 93921.844483 (2,3)
Iteration 8:  15072.130000 1775.000000 93970.990066 (0,3)
Iteration 1010:  6713.335000 1811.000000 92286.635292 (1,3)
Iteration 5592:  6076.020000 1855.000000 100566.851537 (0,3)
Iteration 5596:  5342.510000 1856.000000 100892.661512 (0,3)
Iteration 5599:  5294.510000 1856.000000 100952.790694 (0,3)
Iteration 6725:  5163.690000 1757.000000 96433.590510 (0,3)
Iteration 6741:  4891.460000 1757.000000 96467.133743 (0,3)
Iteration 6873:  4866.290000 1745.000000 96003.739733 (0,3)
Iteration 6875:  4357.125000 1747.000000 95831.183090 (0,3)
Iteration 6876:  4328.125000 1747.000000 95894.815549 (1,3)
Iteration 6882:  4160.845000 1747.000000 96047.413740 (0,3)
Iteration 6931:  3875.865000 1739.000000 96809.553765 (0,3)
Iteration 6979:  3856.245000 1728.000000 95349.190444 (0,3)
Iteration 6991:  3838.700000 1723.000000 95265.835990 (0,3)
Iteration 6993:  3736.840000 1723.000000 95320.517482 (0,3)
Iteration 7007:  3675.745000 1721.000000 95686.102552 (3,3)
Iteration 7008:  3586.235000 1718.000000 95697.685098 (0,3)
Iteration 7009:  3122.745000 1720.000000 95643.352824 (0,3)
Iteration 7278:  3008.015000 1651.000000 90857.039889 (0,2)
Iteration 7280:  2964.785000 1651.000000 90941.897764 (1,3)
Iteration 7282:  1930.195000 1653.000000 90992.875956 (0,3)
Iteration 11979:  1839.045000 1837.000000 95725.504019 (0,3)
Iteration 11983:  1839.045000 1836.000000 95780.717702 (0,3)
Iteration 11992:  1439.045000 1836.000000 95780.147810 (0,3)
Iteration 12390:  1435.555000 1825.000000 96017.523564 (0,3)
Iteration 12391:  1149.235000 1825.000000 95965.204498 (1,3)
Iteration 12732:  971.140000 1822.000000 96013.753337 (0,3)
Iteration 12745:  815.605000 1822.000000 96060.324393 (0,3)
Iteration 12870:  725.525000 1821.000000 96223.373634 (0,3)
Iteration 12916:  724.295000 1821.000000 96321.755021 (0,3)
Iteration 12943:  697.615000 1822.000000 96310.777204 (1,1)
Iteration 12961:  697.615000 1820.000000 96307.229475 (0,3)
Iteration 13348:  697.615000 1814.000000 96559.066500 (0,3)
Iteration 13538:  638.615000 1819.000000 96681.211772 (0,3)
Iteration 13550:  638.615000 1819.000000 96596.243585 (1,3)
Iteration 13570:  638.615000 1819.000000 96507.827327 (1,1)
Iteration 13791:  601.470000 1821.000000 96742.431659 (0,2)
Iteration 13793:  536.100000 1821.000000 96767.006548 (1,0)
Iteration 13829:  468.280000 1820.000000 96554.972297 (0,3)
Iteration 13906:  465.555000 1820.000000 96501.008448 (0,3)
Iteration 13925:  465.555000 1820.000000 96481.551186 (1,3)
Iteration 14023:  455.650000 1821.000000 96487.663229 (0,2)
Iteration 14049:  451.970000 1821.000000 96510.995396 (1,2)
Iteration 14067:  428.600000 1821.000000 96488.151051 (0,3)
Iteration 14083:  428.600000 1820.000000 96531.629058 (0,3)
Iteration 14123:  428.600000 1819.000000 96629.254242 (1,1)
Iteration 14127:  428.600000 1819.000000 96613.603600 (1,2)
Iteration 14133:  423.555000 1818.000000 96642.088972 (0,3)
Iteration 14351:  421.925000 1820.000000 96046.313616 (0,3)
Iteration 14387:  421.925000 1820.000000 95976.119904 (1,3)
Iteration 14397:  421.925000 1818.000000 96086.020407 (1,3)
Iteration 14480:  418.245000 1822.000000 96211.881327 (1,0)
Iteration 14616:  392.565000 1820.000000 96285.122919 (1,3)
Iteration 14753:  329.340000 1814.000000 97011.730466 (0,3)
Iteration 14773:  329.340000 1813.000000 97256.327749 (0,3)
Iteration 14782:  329.340000 1813.000000 97127.316764 (0,3)
Iteration 14786:  308.710000 1812.000000 97127.653899 (0,3)
Iteration 14843:  308.710000 1812.000000 97118.822793 (0,3)
Iteration 15153:  308.565000 1809.000000 97258.275309 (1,3)
Iteration 15174:  287.935000 1809.000000 97301.096918 (1,3)
Iteration 15243:  230.710000 1807.000000 97420.759112 (0,3)
Iteration 15263:  224.080000 1808.000000 97395.887935 (1,2)
Iteration 15493:  219.615000 1810.000000 97436.858028 (1,3)
Iteration 15573:  211.615000 1810.000000 97508.692933 (1,3)
Iteration 15791:  195.485000 1812.000000 97383.849885 (1,1)
Iteration 15795:  195.485000 1812.000000 97365.023151 (0,1)
Iteration 15870:  195.485000 1811.000000 97422.402092 (1,3)
Iteration 15885:  195.485000 1809.000000 97551.650205 (1,3)
Iteration 16131:  170.340000 1812.000000 97397.394232 (1,1)
Iteration 16133:  170.340000 1811.000000 97616.705198 (1,3)
Iteration 16151:  170.340000 1810.000000 97809.725123 (0,3)
Iteration 16152:  170.340000 1810.000000 97763.293369 (1,2)
Iteration 16226:  156.340000 1809.000000 98107.484655 (1,2)
Iteration 16327:  156.340000 1808.000000 98200.245775 (0,3)
Iteration 16438:  156.340000 1808.000000 98154.626734 (0,3)
Iteration 16474:  156.340000 1808.000000 98132.095489 (1,1)
Iteration 16550:  156.340000 1806.000000 98081.822135 (1,2)
Iteration 16577:  111.970000 1807.000000 97985.594488 (0,2)
Iteration 16672:  111.970000 1806.000000 98096.432467 (0,3)
Iteration 16690:  111.970000 1806.000000 97942.005614 (1,0)
Iteration 16699:  111.970000 1806.000000 97880.198588 (0,3)
Iteration 16718:  111.970000 1804.000000 97841.838031 (1,3)
Iteration 24211:  104.710000 1923.000000 88768.593260 (0,3)
Iteration 24244:  104.710000 1923.000000 88760.252661 (0,3)
Iteration 24443:  90.080000 1922.000000 88718.333227 (0,3)
Iteration 24514:  90.080000 1921.000000 88778.567512 (0,3)
Iteration 24621:  28.950000 1921.000000 88861.744840 (1,2)
Iteration 24623:  18.225000 1921.000000 88870.337249 (2,3)
Iteration 24738:  18.225000 1920.000000 88916.936600 (0,3)
Iteration 25001:  18.225000 1920.000000 88907.352144 (0,3)
Iteration 25005:  18.225000 1920.000000 88886.044487 (1,1)
Iteration 25028:  18.225000 1920.000000 88863.484752 (0,3)
Iteration 25088:  18.225000 1920.000000 88828.585982 (0,3)
Iteration 25328:  18.225000 1920.000000 88692.029890 (0,3)
Iteration 25337:  18.225000 1919.000000 88733.738514 (1,3)
Iteration 25353:  18.225000 1918.000000 88682.251556 (0,3)
Iteration 25359:  18.225000 1918.000000 88674.380421 (2,3)
Iteration 25368:  18.225000 1918.000000 88659.671492 (0,3)
Iteration 25376:  18.225000 1918.000000 88652.291039 (2,3)
Iteration 25457:  18.225000 1918.000000 88640.585837 (0,3)
Iteration 25473:  18.225000 1918.000000 88632.118508 (0,3)
Iteration 25498:  14.225000 1918.000000 88623.867802 (1,3)
Iteration 25525:  14.225000 1918.000000 88615.566838 (1,3)
Iteration 25526:  14.225000 1918.000000 88614.277828 (2,3)
Iteration 25555:  14.225000 1918.000000 88564.534582 (0,3)
Iteration 25572:  10.225000 1918.000000 88565.725483 (1,2)
Iteration 25703:  10.225000 1917.000000 88546.734887 (0,3)
Iteration 25737:  10.225000 1915.000000 88687.880242 (0,3)
Iteration 25766:  9.630000 1915.000000 88619.003589 (0,3)
Iteration 25817:  9.630000 1914.000000 88665.949661 (1,2)
Iteration 25844:  9.630000 1912.000000 88835.629842 (0,3)
Iteration 25853:  9.630000 1911.000000 88839.207458 (0,3)
Iteration 25868:  9.630000 1911.000000 88813.528483 (1,3)
Iteration 26010:  9.630000 1911.000000 88812.048374 (1,3)
Iteration 26053:  9.630000 1911.000000 88793.579810 (0,3)
Iteration 26084:  9.630000 1911.000000 88785.729418 (0,3)
Iteration 26137:  9.630000 1911.000000 88781.869770 (1,3)
Iteration 26215:  9.630000 1910.000000 88744.742058 (0,3)
Iteration 26221:  9.630000 1910.000000 88740.882410 (1,2)
Iteration 26252:  9.630000 1910.000000 88717.947834 (0,3)
Iteration 26313:  9.630000 1909.000000 88724.447064 (0,3)
Iteration 26498:  9.630000 1909.000000 88664.322248 (0,3)
Iteration 26501:  9.630000 1909.000000 88656.568914 (2,3)
Iteration 26513:  9.630000 1908.000000 88693.696723 (1,3)
Iteration 26518:  9.630000 1908.000000 88681.023871 (0,3)
Iteration 26531:  9.630000 1908.000000 88678.577705 (2,3)
Iteration 26625:  9.630000 1908.000000 88572.827379 (0,3)
Iteration 26718:  9.630000 1908.000000 88445.387675 (0,3)
Iteration 26744:  9.630000 1908.000000 88440.123864 (0,3)
Iteration 26768:  9.630000 1908.000000 88387.183846 (0,3)
Iteration 26784:  5.225000 1913.000000 88693.301433 (0,0)
Iteration 26792:  0.000000 1913.000000 88648.865396 (0,3)
Iteration 26816:  0.000000 1912.000000 88589.298352 (0,3)
Iteration 26819:  0.000000 1912.000000 88523.220697 (0,3)
Iteration 26825:  0.000000 1910.000000 88581.687741 (0,3)
Iteration 26856:  0.000000 1909.000000 88529.105172 (1,2)
Iteration 26869:  0.000000 1908.000000 88496.468677 (0,3)
Iteration 26976:  0.000000 1908.000000 88477.056290 (0,3)
Iteration 26991:  0.000000 1908.000000 88450.064830 (1,0)
Iteration 27074:  0.000000 1907.000000 88457.391100 (1,1)
Iteration 27520:  0.000000 1906.000000 88481.391607 (0,3)
Iteration 27557:  0.000000 1906.000000 88452.086526 (0,3)
Iteration 27573:  0.000000 1906.000000 88379.196872 (0,3)
Iteration 27604:  0.000000 1905.000000 88450.520553 (0,3)
Iteration 27623:  0.000000 1904.000000 88437.849081 (0,3)
Iteration 27718:  0.000000 1904.000000 88264.114773 (0,1)
Iteration 27776:  0.000000 1902.000000 88419.082554 (1,3)
Iteration 27859:  0.000000 1902.000000 88335.301039 (0,3)
Iteration 27916:  0.000000 1902.000000 88272.798231 (1,1)
Iteration 27961:  0.000000 1901.000000 88468.464998 (0,3)
Iteration 28030:  0.000000 1900.000000 88515.823718 (0,3)
Iteration 28090:  0.000000 1900.000000 88460.311411 (1,3)
Iteration 28092:  0.000000 1897.000000 88585.637906 (0,3)
Iteration 28101:  0.000000 1896.000000 88626.279350 (0,3)
Iteration 28109:  0.000000 1895.000000 88679.244031 (0,3)
Iteration 28138:  0.000000 1893.000000 88730.766311 (0,3)
Iteration 28210:  0.000000 1893.000000 88655.485711 (0,3)
Iteration 28226:  0.000000 1892.000000 88740.400097 (0,3)
Iteration 28232:  0.000000 1892.000000 88709.315657 (1,3)
Iteration 28267:  0.000000 1892.000000 88662.653197 (0,3)
Iteration 28501:  0.000000 1892.000000 88661.739733 (0,3)
Iteration 28608:  0.000000 1892.000000 88653.765398 (0,3)
Iteration 28614:  0.000000 1892.000000 88631.807743 (2,3)
Iteration 28683:  0.000000 1892.000000 88581.799062 (0,3)
Iteration 28693:  0.000000 1891.000000 88603.745560 (1,3)
Iteration 28896:  0.000000 1891.000000 88580.176397 (0,3)
Iteration 28923:  0.000000 1891.000000 88580.058191 (1,2)
Iteration 28945:  0.000000 1891.000000 88566.703865 (0,3)
Iteration 29142:  0.000000 1891.000000 88526.214102 (0,3)
Iteration 29143:  0.000000 1891.000000 88505.370913 (1,3)
Iteration 34944:  0.000000 1747.000000 94203.103929 (0,3)
Iteration 34953:  0.000000 1747.000000 94092.056043 (0,3)
Iteration 34965:  0.000000 1746.000000 94026.778035 (0,3)
Iteration 34974:  0.000000 1745.000000 94216.562725 (0,0)
Iteration 34985:  0.000000 1744.000000 94090.048325 (0,3)
Iteration 35002:  0.000000 1744.000000 94066.432716 (0,3)
Iteration 35015:  0.000000 1742.000000 94112.885904 (0,3)
Iteration 35038:  0.000000 1741.000000 94129.931909 (0,3)
Iteration 35056:  0.000000 1741.000000 94014.708986 (0,3)
Iteration 35057:  0.000000 1741.000000 94002.294557 (0,3)
Iteration 35065:  0.000000 1739.000000 94020.277705 (1,3)
Iteration 35068:  0.000000 1739.000000 93973.463851 (1,3)
Iteration 35102:  0.000000 1738.000000 93880.583564 (0,3)
Iteration 35110:  0.000000 1736.000000 93784.984926 (0,3)
Iteration 35145:  0.000000 1736.000000 93676.594849 (0,3)
Iteration 35184:  0.000000 1735.000000 93580.263276 (0,3)
Iteration 35190:  0.000000 1735.000000 93501.575824 (0,3)
Iteration 35241:  0.000000 1735.000000 93375.301784 (0,3)
Iteration 35245:  0.000000 1735.000000 93330.746722 (0,3)
Iteration 35298:  0.000000 1735.000000 93329.844432 (0,3)
Iteration 35416:  0.000000 1733.000000 93364.549216 (1,3)
Iteration 35491:  0.000000 1733.000000 93111.056372 (0,3)
Iteration 35581:  0.000000 1733.000000 93078.984940 (0,3)
Iteration 35585:  0.000000 1733.000000 92832.853371 (0,3)
Iteration 35621:  0.000000 1733.000000 92755.964295 (1,3)
Iteration 35669:  0.000000 1733.000000 92705.212777 (1,3)
Iteration 35687:  0.000000 1733.000000 92639.183363 (1,3)
Iteration 35763:  0.000000 1733.000000 92511.370902 (0,3)
Iteration 35822:  0.000000 1733.000000 92491.116120 (0,3)
Iteration 35846:  0.000000 1733.000000 92466.745238 (0,3)
Iteration 35848:  0.000000 1732.000000 92644.929332 (0,3)
Iteration 35931:  0.000000 1731.000000 92862.009783 (0,3)
Iteration 35974:  0.000000 1731.000000 92744.777919 (0,3)
Iteration 35992:  0.000000 1731.000000 92741.110148 (0,1)
Iteration 36007:  0.000000 1731.000000 92729.246921 (0,3)
Iteration 36084:  0.000000 1731.000000 92713.424099 (0,3)
Iteration 36152:  0.000000 1731.000000 92433.816695 (1,3)
Iteration 36180:  0.000000 1731.000000 92403.090185 (1,0)
Iteration 36215:  0.000000 1730.000000 92391.319015 (0,3)
Iteration 36225:  0.000000 1730.000000 92283.319817 (0,3)
Iteration 36267:  0.000000 1730.000000 92254.174022 (0,3)
Iteration 36315:  0.000000 1730.000000 92205.086670 (0,3)
Iteration 36527:  0.000000 1730.000000 92105.978161 (0,3)
Iteration 36937:  0.000000 1730.000000 92093.052116 (0,3)
Iteration 37186:  0.000000 1729.000000 92245.099490 (0,3)
Iteration 37196:  0.000000 1729.000000 92162.134628 (0,3)
Iteration 37241:  0.000000 1729.000000 92158.654367 (0,3)
Iteration 37354:  0.000000 1729.000000 92075.910324 (0,3)
Iteration 37362:  0.000000 1729.000000 92011.332972 (0,3)
Iteration 37390:  0.000000 1729.000000 91909.148979 (0,3)
Iteration 37449:  0.000000 1727.000000 91794.855684 (0,3)
Iteration 37586:  0.000000 1726.000000 92232.473554 (1,0)
Iteration 37767:  0.000000 1726.000000 92229.702968 (0,3)
Iteration 37861:  0.000000 1724.000000 92033.454753 (0,3)
Iteration 38049:  0.000000 1723.000000 92097.716553 (0,3)
Iteration 38229:  0.000000 1723.000000 92054.435914 (0,3)
Iteration 38288:  0.000000 1722.000000 91954.916938 (0,3)
Iteration 38346:  0.000000 1721.000000 91960.342894 (0,3)
Iteration 38420:  0.000000 1721.000000 91958.617851 (1,2)
Iteration 38441:  0.000000 1721.000000 91910.995581 (1,2)
Iteration 38522:  0.000000 1721.000000 91860.051362 (0,3)
Iteration 38729:  0.000000 1721.000000 91823.761451 (0,3)
Iteration 39029:  0.000000 1721.000000 91808.267795 (0,3)
Iteration 39066:  0.000000 1721.000000 91764.360578 (0,3)
Iteration 39096:  0.000000 1721.000000 91758.811547 (0,3)
Iteration 39182:  0.000000 1721.000000 91738.835473 (1,3)
Iteration 39204:  0.000000 1721.000000 91736.538422 (0,3)
Iteration 39251:  0.000000 1720.000000 91760.952122 (0,3)
Iteration 39265:  0.000000 1720.000000 91743.643314 (1,3)
Iteration 39267:  0.000000 1720.000000 91740.882110 (1,3)
Iteration 39277:  0.000000 1720.000000 91729.960161 (0,3)
Iteration 39287:  0.000000 1720.000000 91683.074619 (0,3)
Iteration 39288:  0.000000 1720.000000 91674.751120 (0,3)
Iteration 39290:  0.000000 1717.000000 91991.782327 (0,3)
Iteration 39316:  0.000000 1717.000000 91906.501243 (0,3)
Iteration 39329:  0.000000 1717.000000 91878.145282 (0,3)
Iteration 39362:  0.000000 1717.000000 91748.433844 (0,3)
Iteration 39369:  0.000000 1716.000000 91706.740865 (0,3)
Iteration 39389:  0.000000 1716.000000 91696.367112 (0,3)
Iteration 39445:  0.000000 1716.000000 91641.960986 (0,3)
Iteration 39559:  0.000000 1714.000000 91618.113491 (0,3)
Iteration 40042:  0.000000 1714.000000 91511.899504 (0,3)
Iteration 40364:  0.000000 1713.000000 91810.803027 (0,3)
Iteration 40424:  0.000000 1713.000000 91769.046596 (0,2)
Iteration 40858:  0.000000 1712.000000 91839.517869 (0,3)
Iteration 41295:  0.000000 1712.000000 91829.496126 (0,3)
Iteration 41434:  0.000000 1712.000000 91827.984334 (0,3)
Iteration 41774:  0.000000 1712.000000 91778.245628 (0,3)
Iteration 41953:  0.000000 1712.000000 91774.837953 (0,3)
Iteration 42057:  0.000000 1712.000000 91745.056655 (0,3)
Iteration 42136:  0.000000 1712.000000 91727.404893 (0,3)
Iteration 42158:  0.000000 1712.000000 91717.821247 (0,3)
Iteration 42358:  0.000000 1710.000000 91857.392965 (0,3)
Iteration 42427:  0.000000 1710.000000 91834.181471 (0,3)
Iteration 42502:  0.000000 1710.000000 91746.113169 (1,1)
Iteration 42560:  0.000000 1710.000000 91717.441623 (0,3)
Iteration 42587:  0.000000 1710.000000 91703.090418 (0,3)
Iteration 73065:  0.000000 1681.000000 94765.695078 (0,3)
Iteration 73080:  0.000000 1680.000000 94753.610050 (0,3)
Iteration 73119:  0.000000 1676.000000 94953.076428 (0,3)
Iteration 73140:  0.000000 1675.000000 95005.327703 (0,3)
Iteration 73273:  0.000000 1668.000000 94801.661529 (1,0)
Iteration 73327:  0.000000 1667.000000 94763.110631 (0,3)
Iteration 73330:  0.000000 1667.000000 94722.217500 (0,3)
Iteration 73426:  0.000000 1666.000000 94621.937636 (0,3)
Iteration 73468:  0.000000 1665.000000 94627.058028 (0,3)
Iteration 73504:  0.000000 1665.000000 94547.620807 (1,3)
Iteration 73536:  0.000000 1665.000000 94534.061600 (1,3)
Iteration 73538:  0.000000 1665.000000 94439.371906 (2,3)
Iteration 73539:  0.000000 1665.000000 94428.314556 (0,3)
Iteration 73551:  0.000000 1663.000000 94369.144190 (0,3)
Iteration 73553:  0.000000 1661.000000 94353.525010 (0,3)
Iteration 73569:  0.000000 1660.000000 94363.795202 (2,3)
Iteration 73608:  0.000000 1660.000000 94327.261298 (0,3)
Iteration 73609:  0.000000 1659.000000 94345.092563 (1,3)
Iteration 73655:  0.000000 1657.000000 94275.034640 (0,3)
Iteration 73708:  0.000000 1657.000000 94234.733915 (0,3)
Iteration 73732:  0.000000 1657.000000 94221.139059 (0,3)
Iteration 73740:  0.000000 1656.000000 94307.763198 (0,3)
Iteration 73871:  0.000000 1656.000000 94297.707013 (0,3)
Iteration 73881:  0.000000 1654.000000 94231.348381 (0,3)
Iteration 73964:  0.000000 1653.000000 94245.739884 (0,1)
Iteration 74041:  0.000000 1652.000000 94371.904188 (0,3)
Iteration 74066:  0.000000 1652.000000 94367.201297 (1,3)
Iteration 74138:  0.000000 1652.000000 94346.808362 (0,3)
Iteration 74157:  0.000000 1652.000000 94323.334363 (1,2)
Iteration 74195:  0.000000 1652.000000 94304.778107 (1,1)
Iteration 74201:  0.000000 1652.000000 94296.623011 (1,1)
Iteration 74252:  0.000000 1650.000000 94301.257536 (0,3)
Iteration 74469:  0.000000 1648.000000 94356.444725 (1,0)
Iteration 74570:  0.000000 1648.000000 94208.245569 (0,3)
Iteration 74598:  0.000000 1648.000000 94201.515078 (0,3)
Iteration 74655:  0.000000 1648.000000 94181.793927 (0,3)
Iteration 74722:  0.000000 1647.000000 94149.554699 (0,3)
Iteration 74726:  0.000000 1646.000000 94125.103022 (0,3)
Iteration 74851:  0.000000 1645.000000 94306.284186 (0,3)
Iteration 74872:  0.000000 1644.000000 94312.464514 (0,3)
Iteration 75068:  0.000000 1642.000000 94315.247903 (1,0)
total iterations: 89440, time elapsed: 3600.16s
Destroy operator: destroy_random_leafs, Weight: 0.1754, Score: 6318.00, Count: 36070
Destroy operator: destroy_path, Weight: 0.1081, Score: 2579.05, Count: 23867
Destroy operator: destroy_worst_affinity, Weight: 0.0744, Score: 1213.35, Count: 16315
Destroy operator: destroy_district_group, Weight: 0.0580, Score: 765.95, Count: 13187
Repair operator: repair_greedy_feasible, Weight: 0.0722, Score: 1135.90, Count: 15758
Repair operator: repair_affinity_compact, Weight: 0.0749, Score: 1269.80, Count: 16972
Repair operator: repair_nearest_center, Weight: 0.0830, Score: 1528.05, Count: 18416
Repair operator: repair_2regret, Weight: 0.1814, Score: 6942.60, Count: 38293
