Initial solution objectives: Balance violation = 14911.9875, Affinity loss = 874, Compactness = 48220.8041
Iteration 3043:  14888.722500 921.000000 53106.506787 (0,2)
Iteration 3050:  13386.752500 903.000000 51163.213055 (3,3)
Iteration 3051:  13198.325000 903.000000 51076.924024 (0,3)
Iteration 4201:  13190.595000 962.000000 47081.223222 (0,2)
Iteration 4203:  13140.982500 962.000000 47195.509487 (0,0)
Iteration 4786:  12874.005000 829.000000 47492.702801 (1,1)
Iteration 4787:  12513.920000 829.000000 47450.891434 (1,3)
Iteration 4800:  11541.005000 828.000000 46668.273514 (3,2)
Iteration 6831:  11017.780000 970.000000 48496.431117 (0,1)
Iteration 6834:  10594.780000 970.000000 48489.154000 (0,3)
Iteration 6845:  9580.617500 970.000000 48862.996033 (0,3)
Iteration 6848:  9399.617500 968.000000 48757.097166 (0,1)
Iteration 6850:  9341.132500 966.000000 48458.881739 (0,3)
Iteration 6887:  8586.280000 970.000000 48091.184704 (0,3)
Iteration 6890:  8473.152500 969.000000 48065.522980 (1,1)
Iteration 6896:  7438.050000 969.000000 48082.108688 (1,3)
Iteration 6900:  7111.785000 969.000000 48125.479960 (2,3)
Iteration 6901:  6774.957500 969.000000 48348.331247 (0,3)
Iteration 6904:  6765.567500 967.000000 48354.684807 (1,2)
Iteration 6916:  6231.602500 969.000000 48247.255515 (0,3)
Iteration 6918:  5964.180000 969.000000 48296.855704 (0,3)
Iteration 6921:  5897.087500 969.000000 48315.629700 (1,3)
Iteration 6926:  5779.485000 970.000000 48714.503718 (0,3)
Iteration 6928:  5741.485000 970.000000 48732.267678 (2,3)
Iteration 6968:  5671.852500 967.000000 48422.715426 (0,3)
Iteration 6971:  5450.645000 969.000000 48360.398481 (0,3)
Iteration 6974:  4996.457500 969.000000 48253.744936 (0,3)
Iteration 6978:  4282.160000 969.000000 48384.664132 (0,3)
Iteration 6988:  4005.320000 969.000000 48368.241318 (0,3)
Iteration 6989:  3972.320000 969.000000 48375.696537 (1,2)
Iteration 6991:  3915.922500 969.000000 48424.464618 (0,3)
Iteration 6992:  3360.235000 969.000000 48338.404217 (0,3)
Iteration 7001:  3300.235000 969.000000 48335.388551 (1,2)
Iteration 7008:  3298.235000 969.000000 48974.741096 (0,3)
Iteration 7120:  3263.955000 967.000000 48865.469143 (0,3)
Iteration 7123:  3099.825000 967.000000 48858.904866 (0,3)
Iteration 7232:  3057.097500 964.000000 48793.350518 (0,3)
Iteration 7234:  3009.232500 964.000000 48376.638268 (0,2)
Iteration 7249:  3007.455000 963.000000 48240.756387 (0,3)
Iteration 7250:  2799.895000 963.000000 48260.573780 (0,3)
Iteration 7294:  2712.472500 962.000000 47627.526817 (0,3)
Iteration 7332:  2435.270000 962.000000 47781.651191 (0,3)
Iteration 7354:  2406.395000 962.000000 48218.918594 (0,3)
Iteration 7526:  2256.237500 961.000000 49674.507772 (0,3)
Iteration 7556:  2240.435000 955.000000 49599.953567 (0,3)
Iteration 7871:  2229.305000 950.000000 56653.438808 (0,3)
Iteration 7875:  2177.492500 950.000000 56681.274492 (0,3)
Iteration 7876:  2154.010000 950.000000 56590.048524 (1,0)
Iteration 7878:  2121.800000 950.000000 56681.170212 (2,3)
Iteration 8234:  2114.357500 943.000000 55990.652134 (0,3)
Iteration 8264:  2058.890000 943.000000 56395.715501 (0,3)
Iteration 8267:  2016.575000 943.000000 56267.204606 (1,3)
Iteration 8268:  1943.362500 943.000000 56490.199608 (0,3)
Iteration 8278:  1819.900000 944.000000 56197.647869 (0,3)
Iteration 8279:  1819.215000 944.000000 56150.223428 (1,3)
Iteration 8283:  1808.502500 944.000000 56125.056728 (0,3)
Iteration 8286:  1589.387500 944.000000 55888.965274 (0,3)
Iteration 8288:  1540.660000 944.000000 55879.501840 (0,3)
Iteration 8294:  1422.075000 944.000000 55933.202444 (1,2)
Iteration 8298:  1380.122500 944.000000 55783.017879 (0,3)
Iteration 8299:  1099.637500 945.000000 56340.161126 (0,3)
Iteration 8316:  1096.895000 944.000000 57303.269187 (0,3)
Iteration 8330:  1095.470000 945.000000 57656.600952 (0,3)
Iteration 8334:  903.127500 945.000000 57181.917470 (0,3)
Iteration 8353:  861.525000 943.000000 57001.385781 (0,3)
Iteration 8717:  819.002500 940.000000 56615.307135 (0,3)
Iteration 8724:  816.392500 940.000000 56692.124657 (0,3)
Iteration 8732:  806.392500 940.000000 56824.884304 (0,3)
Iteration 8785:  747.165000 945.000000 57335.511570 (0,3)
Iteration 9737:  635.187500 932.000000 50028.292602 (0,3)
Iteration 9744:  558.500000 932.000000 50139.734180 (0,3)
Iteration 10027:  494.892500 933.000000 49753.546207 (0,3)
Iteration 10085:  456.077500 930.000000 49899.260355 (0,3)
Iteration 10134:  449.965000 933.000000 52502.141705 (0,3)
Iteration 10139:  449.965000 933.000000 52423.639304 (2,3)
Iteration 10140:  440.755000 933.000000 52433.242464 (1,3)
Iteration 10157:  413.365000 932.000000 52592.159785 (0,1)
Iteration 10185:  364.575000 932.000000 52642.161408 (0,3)
Iteration 10190:  349.185000 932.000000 52729.572666 (0,3)
Iteration 10207:  325.042500 929.000000 52793.115855 (0,3)
Iteration 10296:  309.832500 933.000000 53681.048520 (0,3)
Iteration 10311:  274.137500 933.000000 53898.744841 (2,3)
Iteration 10319:  265.710000 933.000000 53893.187490 (0,3)
Iteration 10343:  206.890000 931.000000 54354.937050 (0,3)
Iteration 68847:  191.832500 907.000000 55254.631676 (0,3)
Iteration 68852:  189.645000 907.000000 55161.868605 (0,3)
Iteration 68939:  170.372500 907.000000 55178.299247 (0,3)
Iteration 68941:  165.372500 907.000000 55114.112514 (0,3)
Iteration 68995:  117.292500 907.000000 55109.103334 (0,3)
Iteration 68997:  108.082500 909.000000 55151.259697 (0,3)
Iteration 68999:  101.472500 908.000000 55171.327563 (0,3)
Iteration 69027:  79.887500 908.000000 55016.187465 (0,3)
Iteration 69163:  72.887500 907.000000 55143.075233 (0,3)
Iteration 69495:  66.070000 908.000000 55085.006964 (0,0)
Iteration 69619:  52.172500 908.000000 55231.716003 (1,0)
Iteration 69666:  49.150000 908.000000 55347.925586 (0,3)
Iteration 69787:  48.940000 908.000000 55398.403998 (0,0)
Iteration 69943:  46.252500 906.000000 55575.539350 (0,3)
Iteration 70160:  46.252500 906.000000 55311.138543 (0,3)
Iteration 70193:  46.252500 906.000000 55177.659410 (0,3)
Iteration 70326:  44.962500 905.000000 55371.958717 (0,3)
Iteration 70669:  44.962500 905.000000 55357.102220 (0,3)
Iteration 70956:  42.962500 905.000000 55237.867533 (0,3)
Iteration 71391:  31.592500 905.000000 55189.431073 (0,3)
Iteration 71576:  31.382500 905.000000 55239.909485 (1,3)
Iteration 71897:  28.695000 903.000000 54969.395499 (0,3)
Iteration 71976:  28.695000 903.000000 54822.686460 (0,3)
Iteration 72021:  28.695000 903.000000 54754.898260 (0,3)
total iterations: 222191, time elapsed: 3600.00s
Destroy operator: destroy_random_leafs, Weight: 0.2425, Score: 25749.25, Count: 106274
Destroy operator: destroy_path, Weight: 0.1064, Score: 5036.40, Count: 47354
Destroy operator: destroy_worst_affinity, Weight: 0.0917, Score: 3727.50, Count: 40672
Destroy operator: destroy_district_group, Weight: 0.0610, Score: 1701.75, Count: 27890
Repair operator: repair_greedy_feasible, Weight: 0.0953, Score: 4040.95, Count: 42438
Repair operator: repair_affinity_compact, Weight: 0.0738, Score: 2481.30, Count: 33646
Repair operator: repair_nearest_center, Weight: 0.0777, Score: 2811.90, Count: 36218
Repair operator: repair_2regret, Weight: 0.2448, Score: 26880.75, Count: 109888
