Initial solution objectives: Balance violation = 36597.2800, Affinity loss = 1872, Compactness = 56215.1096
Iteration 0:  36330.280000 1872.000000 56258.597660 (1,3)
Iteration 2:  35037.345000 1875.000000 56780.975171 (3,3)
Iteration 3:  34853.307000 1875.000000 56501.503078 (0,2)
Iteration 4:  34278.476000 1876.000000 56344.136939 (0,2)
Iteration 2008:  34141.907000 1870.000000 61466.551684 (0,0)
Iteration 2009:  33250.422000 1868.000000 61591.980053 (0,3)
Iteration 5015:  30773.894000 1951.000000 55706.059944 (0,2)
Iteration 5020:  30434.306000 1951.000000 55782.547198 (1,3)
Iteration 6571:  30146.224000 1932.000000 60383.349898 (0,0)
Iteration 6574:  30130.400000 1931.000000 60415.045846 (0,3)
Iteration 6604:  30102.368000 1928.000000 60793.089670 (0,3)
Iteration 6607:  29963.581000 1927.000000 60674.926636 (0,2)
Iteration 6608:  27077.770000 1933.000000 59541.365896 (3,3)
Iteration 6614:  26235.921000 1935.000000 59493.919809 (0,3)
Iteration 6647:  25393.562000 1928.000000 62096.354224 (0,3)
Iteration 6666:  24584.751000 1929.000000 60696.985822 (0,3)
Iteration 6679:  24054.755000 1929.000000 60469.860576 (2,3)
Iteration 6700:  23000.507000 1933.000000 60974.158779 (0,3)
Iteration 6721:  22849.790000 1931.000000 61769.357349 (0,3)
Iteration 7348:  20274.034000 1912.000000 59963.149983 (0,3)
Iteration 7351:  19374.227000 1913.000000 59960.357926 (0,3)
Iteration 7373:  19000.922000 1911.000000 60300.663616 (0,3)
Iteration 7375:  17164.378000 1912.000000 60183.931253 (0,3)
Iteration 7379:  16562.195000 1911.000000 60248.417158 (0,3)
Iteration 7407:  16534.429000 1911.000000 60784.889429 (0,3)
Iteration 7414:  16127.776000 1911.000000 61024.752501 (1,3)
Iteration 7423:  15610.443000 1911.000000 61048.030660 (0,3)
Iteration 7431:  15599.457000 1910.000000 60789.249640 (2,3)
Iteration 7445:  14890.741000 1909.000000 60729.484847 (0,3)
Iteration 7447:  14321.121000 1910.000000 61272.305974 (0,0)
Iteration 7448:  13401.900000 1910.000000 61420.981965 (0,3)
Iteration 7476:  13309.257000 1908.000000 60314.558307 (0,3)
Iteration 7482:  11950.318000 1907.000000 60395.251541 (0,3)
Iteration 7500:  11855.238000 1905.000000 59786.846716 (2,3)
Iteration 7504:  11803.230000 1905.000000 59824.691796 (0,3)
Iteration 7505:  11387.766000 1906.000000 59911.208196 (0,3)
Iteration 8279:  11169.686000 1887.000000 71948.486305 (0,3)
Iteration 8280:  11034.058000 1887.000000 71612.805014 (0,3)
Iteration 8283:  10789.964000 1887.000000 71395.706068 (0,3)
Iteration 8290:  10756.845000 1886.000000 72040.560657 (0,3)
Iteration 8293:  10307.977000 1886.000000 72201.786861 (0,3)
Iteration 8296:  10242.931000 1886.000000 72191.475832 (0,3)
Iteration 8300:  10137.939000 1886.000000 72791.964540 (0,3)
Iteration 8301:  10018.313000 1886.000000 72766.724620 (0,3)
Iteration 8302:  9368.869000 1887.000000 72204.274417 (0,2)
Iteration 8307:  8949.772000 1887.000000 72230.901244 (1,3)
Iteration 8319:  8688.946000 1885.000000 72385.225219 (2,3)
Iteration 8326:  8306.876000 1885.000000 70810.961312 (0,3)
Iteration 8342:  8104.958000 1886.000000 70954.786872 (0,3)
Iteration 8350:  7785.032000 1887.000000 70958.299276 (0,3)
Iteration 8372:  7536.374000 1887.000000 70695.349923 (0,3)
Iteration 8374:  7416.068000 1885.000000 70861.593163 (0,3)
Iteration 8377:  7245.425000 1885.000000 70851.162971 (0,3)
Iteration 8451:  7057.424000 1881.000000 70026.297385 (0,3)
Iteration 8453:  6844.259000 1881.000000 70063.592819 (0,3)
Iteration 8500:  6821.068000 1883.000000 68979.291709 (0,3)
Iteration 8512:  6658.600000 1884.000000 68978.822360 (0,3)
Iteration 8521:  6238.888000 1884.000000 68627.431952 (0,3)
Iteration 8531:  5588.135000 1885.000000 68116.301967 (0,3)
Iteration 8535:  5574.038000 1885.000000 68197.598678 (1,3)
Iteration 8540:  5542.038000 1885.000000 68207.923097 (1,3)
Iteration 8552:  5360.195000 1887.000000 68715.898828 (0,3)
Iteration 8564:  5288.756000 1887.000000 68852.270881 (0,3)
Iteration 8584:  5117.320000 1884.000000 68767.508194 (0,3)
Iteration 8607:  4728.837000 1884.000000 68336.854262 (0,3)
Iteration 8609:  4633.923000 1884.000000 68892.174433 (2,3)
Iteration 8610:  4627.597000 1884.000000 68851.954943 (0,3)
Iteration 8616:  4617.961000 1884.000000 68884.570478 (2,3)
Iteration 8617:  4448.790000 1884.000000 68810.205578 (0,3)
Iteration 8618:  4326.281000 1884.000000 68824.565927 (0,3)
Iteration 12058:  4089.962000 1950.000000 66145.089226 (0,3)
Iteration 12059:  4066.636000 1950.000000 66119.169705 (0,3)
Iteration 12066:  3943.561000 1953.000000 66133.632254 (0,3)
Iteration 12068:  3937.658000 1953.000000 66180.412606 (0,3)
Iteration 12080:  3920.602000 1952.000000 66620.272524 (0,3)
Iteration 12090:  3903.292000 1952.000000 66283.213444 (0,3)
Iteration 12098:  3892.505000 1952.000000 66354.763137 (0,3)
Iteration 12099:  3793.688000 1952.000000 66301.667429 (2,3)
Iteration 12121:  3739.438000 1953.000000 66359.551563 (0,3)
Iteration 12131:  3620.306000 1953.000000 66213.017983 (0,3)
Iteration 12142:  3579.004000 1953.000000 66503.187323 (0,3)
Iteration 12161:  3561.408000 1953.000000 66433.446368 (0,3)
Iteration 12165:  3465.040000 1953.000000 66439.888108 (0,3)
Iteration 12175:  3420.857000 1953.000000 66469.753138 (0,3)
Iteration 12178:  3393.764000 1952.000000 66437.010850 (0,3)
Iteration 12188:  3226.993000 1952.000000 66323.717246 (2,3)
Iteration 12234:  3166.342000 1948.000000 66285.559944 (0,3)
Iteration 12239:  2980.923000 1947.000000 66240.910704 (0,3)
Iteration 12246:  2940.613000 1947.000000 66156.940474 (0,3)
Iteration 12248:  2933.613000 1947.000000 66152.460293 (0,3)
Iteration 12269:  2930.287000 1947.000000 66093.851546 (0,3)
Iteration 12284:  2792.190000 1947.000000 66088.521302 (1,3)
Iteration 12285:  2561.864000 1946.000000 66057.996255 (0,3)
Iteration 12294:  2536.228000 1946.000000 66050.554852 (0,3)
Iteration 12328:  2470.131000 1946.000000 66100.607421 (0,3)
Iteration 12454:  2411.148000 1946.000000 66338.682073 (0,3)
Iteration 12475:  2405.639000 1946.000000 66354.860400 (0,3)
Iteration 12557:  2362.239000 1946.000000 66632.962472 (0,3)
Iteration 12565:  2355.239000 1946.000000 66652.511727 (0,3)
Iteration 60132:  2349.953000 1910.000000 69979.993870 (0,3)
Iteration 60133:  2318.235000 1910.000000 70028.047005 (1,3)
Iteration 60171:  2308.138000 1910.000000 70142.423003 (0,3)
Iteration 60195:  2270.220000 1910.000000 69805.627449 (0,3)
Iteration 60221:  2228.845000 1910.000000 69830.567610 (0,3)
Iteration 60227:  2221.845000 1910.000000 69952.449090 (0,3)
Iteration 60231:  2189.384000 1910.000000 69996.144941 (0,3)
Iteration 60235:  2169.481000 1910.000000 70084.217317 (0,3)
Iteration 60344:  2164.117000 1910.000000 70196.353199 (0,3)
Iteration 60349:  2148.346000 1910.000000 70114.325919 (0,3)
Iteration 60361:  2048.700000 1908.000000 70148.806203 (0,3)
Iteration 60365:  1988.795000 1908.000000 70484.943108 (0,3)
Iteration 60372:  1952.806000 1909.000000 70341.327846 (0,3)
Iteration 60381:  1943.806000 1909.000000 70295.662315 (0,3)
Iteration 60422:  1938.810000 1909.000000 70219.441152 (0,3)
Iteration 60423:  1928.174000 1909.000000 70665.152488 (0,3)
Iteration 60467:  1878.357000 1909.000000 70745.230750 (1,3)
Iteration 60504:  1869.721000 1909.000000 70754.055002 (0,3)
Iteration 60516:  1815.904000 1907.000000 70757.119242 (0,3)
Iteration 60527:  1805.904000 1907.000000 70765.656956 (0,3)
Iteration 60534:  1788.818000 1907.000000 70728.941371 (0,3)
Iteration 60540:  1786.904000 1906.000000 70721.923877 (0,3)
Iteration 60544:  1771.481000 1906.000000 70783.647121 (0,3)
Iteration 60551:  1771.481000 1906.000000 70700.889936 (0,3)
Iteration 60593:  1770.481000 1906.000000 70692.120692 (0,3)
Iteration 60616:  1753.571000 1906.000000 70695.062351 (1,3)
Iteration 60624:  1741.849000 1906.000000 70776.864534 (0,3)
Iteration 60644:  1731.849000 1906.000000 70930.074877 (0,3)
Iteration 60660:  1687.582000 1906.000000 70959.349124 (0,3)
Iteration 60677:  1670.523000 1906.000000 70960.941885 (0,3)
Iteration 60723:  1646.794000 1906.000000 70970.022043 (0,3)
Iteration 60819:  1559.527000 1908.000000 71294.149038 (0,3)
Iteration 60935:  1532.258000 1908.000000 71236.298423 (0,3)
Iteration 60937:  1516.344000 1908.000000 71289.883165 (0,3)
Iteration 61084:  1506.891000 1909.000000 71244.130329 (0,3)
Iteration 61260:  1494.255000 1909.000000 71217.429742 (0,3)
Iteration 61287:  1488.255000 1909.000000 71218.584189 (0,3)
Iteration 61480:  1470.345000 1909.000000 71220.181488 (1,3)
Iteration 61529:  1466.393000 1909.000000 71407.017556 (0,3)
Iteration 61531:  1466.393000 1909.000000 71370.876040 (0,3)
Iteration 61579:  1456.970000 1909.000000 71412.954675 (0,3)
Iteration 61620:  1443.880000 1911.000000 71404.367000 (1,2)
Iteration 61754:  1408.431000 1911.000000 71524.612096 (0,3)
Iteration 61774:  1407.431000 1911.000000 71561.035366 (0,3)
Iteration 61861:  1406.334000 1911.000000 71560.298600 (0,3)
Iteration 62168:  1347.694000 1911.000000 71537.790652 (0,3)
Iteration 62217:  1342.020000 1911.000000 71380.480021 (0,3)
Iteration 62355:  1324.110000 1911.000000 71382.077319 (1,3)
Iteration 62455:  1320.110000 1911.000000 71379.431594 (0,3)
Iteration 62510:  1319.106000 1911.000000 71524.320987 (0,3)
Iteration 62607:  1312.106000 1911.000000 71678.873613 (0,3)
Iteration 62620:  1312.106000 1911.000000 71615.407564 (0,3)
Iteration 62760:  1288.027000 1911.000000 71568.634935 (0,3)
Iteration 62888:  1284.117000 1911.000000 71544.723422 (0,3)
Iteration 63017:  1255.020000 1911.000000 71595.777305 (0,3)
Iteration 63228:  1219.009000 1911.000000 71597.374603 (1,3)
Iteration 63243:  1217.102000 1911.000000 71537.325902 (0,3)
Iteration 63331:  1211.106000 1911.000000 71529.890603 (0,3)
Iteration 63606:  1204.097000 1909.000000 71574.145073 (0,3)
Iteration 63720:  1188.097000 1909.000000 71446.666075 (0,3)
Iteration 63751:  1186.423000 1909.000000 71445.642790 (0,3)
Iteration 63754:  1172.240000 1909.000000 71425.182637 (0,3)
Iteration 63791:  1160.240000 1908.000000 71332.766061 (0,3)
Iteration 63837:  1155.337000 1908.000000 71271.042816 (0,3)
Iteration 63920:  1155.337000 1908.000000 71216.353404 (0,3)
Iteration 63931:  1142.663000 1908.000000 71216.430367 (0,3)
Iteration 64008:  1129.656000 1906.000000 71177.810506 (0,3)
Iteration 64086:  1106.656000 1906.000000 71148.716405 (0,3)
Iteration 64129:  1078.024000 1906.000000 71208.628264 (0,3)
Iteration 64302:  1072.474000 1906.000000 71200.030129 (0,3)
Iteration 64306:  1053.897000 1906.000000 71250.573668 (0,3)
Iteration 64388:  1052.223000 1906.000000 71262.433403 (0,3)
Iteration 64431:  1038.855000 1906.000000 71283.741234 (0,3)
Iteration 64439:  1038.855000 1906.000000 71264.902587 (0,3)
Iteration 64447:  1035.491000 1906.000000 71218.832736 (0,3)
Iteration 64475:  1022.401000 1908.000000 71210.245061 (1,2)
Iteration 64479:  1004.405000 1908.000000 71225.502643 (0,3)
Iteration 64495:  1004.405000 1908.000000 71071.492023 (0,3)
Iteration 64601:  1003.769000 1908.000000 71569.351125 (0,3)
Iteration 64628:  1000.817000 1908.000000 71622.054970 (0,3)
Iteration 64817:  998.634000 1908.000000 71792.083091 (0,3)
Iteration 64871:  993.586000 1908.000000 71794.758556 (0,3)
Iteration 64904:  993.586000 1908.000000 71773.806497 (0,3)
Iteration 64934:  993.586000 1908.000000 71683.686932 (0,3)
Iteration 64962:  993.586000 1908.000000 71668.789784 (0,3)
Iteration 65074:  993.586000 1908.000000 71658.640766 (0,3)
Iteration 65316:  986.916000 1907.000000 71693.698340 (0,3)
Iteration 65329:  982.552000 1907.000000 71369.014347 (2,3)
Iteration 65335:  972.878000 1907.000000 71363.460971 (0,3)
Iteration 65403:  957.242000 1909.000000 71396.538248 (0,3)
Iteration 65470:  947.423000 1909.000000 71386.662462 (0,3)
Iteration 65522:  941.423000 1909.000000 71558.157390 (0,3)
Iteration 65876:  921.970000 1909.000000 71544.180498 (0,3)
Iteration 66283:  921.970000 1909.000000 71530.167345 (0,3)
total iterations: 105154, time elapsed: 3600.00s
Destroy operator: destroy_random_leafs, Weight: 0.2820, Score: 15025.95, Count: 53383
Destroy operator: destroy_path, Weight: 0.1011, Score: 1989.00, Count: 19713
Destroy operator: destroy_worst_affinity, Weight: 0.0923, Score: 1669.00, Count: 18106
Destroy operator: destroy_district_group, Weight: 0.0668, Score: 931.65, Count: 13951
Repair operator: repair_greedy_feasible, Weight: 0.0791, Score: 1360.75, Count: 17228
Repair operator: repair_affinity_compact, Weight: 0.0638, Score: 900.50, Count: 14115
Repair operator: repair_nearest_center, Weight: 0.0683, Score: 1069.90, Count: 15670
Repair operator: repair_2regret, Weight: 0.2806, Score: 16284.45, Count: 58140
