Initial solution objectives: Balance violation = 26137.8300, Affinity loss = 1663, Compactness = 89793.2385
Iteration 1002:  20872.440000 1753.000000 92142.845079 (2,0)
Iteration 1003:  18065.635000 1754.000000 92603.131234 (0,3)
Iteration 1004:  17901.057500 1765.000000 95708.202447 (3,2)
Iteration 5030:  17637.660000 1832.000000 96636.330223 (0,3)
Iteration 5031:  17637.660000 1832.000000 96579.541584 (2,3)
Iteration 5544:  17018.195000 1791.000000 93168.223763 (3,3)
Iteration 5545:  16902.400000 1789.000000 93268.278861 (1,3)
Iteration 5546:  16896.460000 1789.000000 93071.516754 (1,1)
Iteration 5552:  15083.660000 1789.000000 94018.926563 (0,3)
Iteration 6585:  14776.465000 1837.000000 104585.892647 (0,3)
Iteration 6593:  14137.620000 1832.000000 104164.574886 (0,3)
Iteration 7666:  13992.190000 1938.000000 98845.739550 (0,1)
Iteration 7667:  13818.912500 1938.000000 98620.026395 (0,2)
Iteration 7669:  13105.450000 1938.000000 98424.060220 (0,1)
Iteration 7674:  12897.172500 1938.000000 98212.629088 (1,2)
Iteration 7676:  12458.305000 1936.000000 98252.909776 (0,1)
Iteration 7678:  10979.325000 1934.000000 98220.358355 (0,3)
Iteration 7683:  10171.860000 1934.000000 98574.837938 (0,3)
Iteration 7684:  9413.055000 1932.000000 98571.925287 (0,3)
Iteration 7685:  8345.717500 1931.000000 98787.697336 (0,3)
Iteration 7687:  8032.777500 1931.000000 98792.002539 (1,3)
Iteration 7688:  7901.307500 1928.000000 98560.598994 (0,1)
Iteration 7701:  7481.582500 1927.000000 98890.104223 (0,3)
Iteration 7703:  7451.917500 1927.000000 98946.340722 (2,3)
Iteration 7704:  7082.377500 1927.000000 98811.020428 (0,3)
Iteration 7706:  7081.652500 1927.000000 98832.762634 (1,3)
Iteration 7732:  6314.537500 1924.000000 97873.393046 (0,3)
Iteration 7733:  6125.537500 1924.000000 97891.297833 (0,3)
Iteration 7742:  5807.407500 1923.000000 97607.119100 (0,3)
Iteration 7745:  5668.142500 1923.000000 96656.308032 (0,2)
Iteration 7755:  5632.325000 1925.000000 96939.948090 (1,0)
Iteration 7761:  5215.282500 1925.000000 97036.223454 (0,3)
Iteration 7773:  4611.830000 1923.000000 97782.769382 (0,3)
Iteration 7778:  4170.385000 1922.000000 97536.914230 (0,3)
Iteration 7784:  3856.312500 1921.000000 97645.563214 (0,3)
Iteration 7797:  3248.705000 1920.000000 98175.973733 (0,3)
Iteration 7801:  2895.902500 1920.000000 98482.478001 (0,3)
Iteration 7821:  2640.012500 1911.000000 98894.935542 (0,3)
Iteration 7834:  2568.850000 1910.000000 99111.735258 (0,3)
Iteration 7916:  2517.807500 1893.000000 100841.451038 (0,1)
Iteration 7921:  2082.667500 1890.000000 100473.561670 (0,0)
Iteration 7922:  2048.607500 1890.000000 100609.209202 (0,3)
Iteration 7965:  1969.580000 1883.000000 98623.398151 (0,3)
Iteration 7969:  1937.580000 1883.000000 98573.076387 (2,3)
Iteration 7970:  1926.580000 1883.000000 98549.310238 (2,3)
Iteration 7977:  1891.035000 1884.000000 98498.997959 (0,3)
Iteration 7984:  1742.770000 1884.000000 98430.097395 (0,3)
Iteration 8195:  1456.247500 1875.000000 99013.176225 (0,3)
Iteration 8197:  1143.995000 1875.000000 99218.363972 (0,3)
Iteration 8199:  929.695000 1875.000000 99257.658259 (0,3)
Iteration 8202:  788.480000 1873.000000 99343.147086 (0,3)
Iteration 8206:  713.805000 1873.000000 99276.021693 (0,3)
Iteration 8208:  432.102500 1873.000000 99086.122934 (2,3)
Iteration 22143:  430.175000 1901.000000 100292.744862 (1,0)
Iteration 22151:  418.715000 1901.000000 100168.457036 (0,3)
Iteration 22183:  373.477500 1900.000000 100186.249881 (0,3)
Iteration 22190:  362.937500 1900.000000 100175.253256 (0,3)
Iteration 22303:  355.200000 1900.000000 100177.041639 (0,3)
Iteration 22305:  349.200000 1900.000000 100162.578587 (1,2)
Iteration 22399:  349.200000 1900.000000 100126.987064 (0,3)
Iteration 22401:  343.740000 1900.000000 100078.042812 (0,3)
Iteration 22543:  304.297500 1900.000000 100229.654661 (1,0)
Iteration 22657:  304.297500 1900.000000 100170.532120 (0,3)
Iteration 22761:  294.995000 1900.000000 100173.794399 (0,3)
Iteration 22767:  280.092500 1900.000000 100137.140975 (0,3)
Iteration 22797:  265.355000 1900.000000 100011.767596 (0,3)
Iteration 23068:  254.020000 1900.000000 99966.107803 (0,3)
Iteration 23115:  254.020000 1900.000000 99949.096407 (0,3)
Iteration 23183:  243.592500 1900.000000 99685.564302 (0,3)
Iteration 23199:  243.592500 1900.000000 99674.291310 (0,3)
Iteration 23230:  237.592500 1900.000000 100011.652127 (1,1)
Iteration 23373:  236.592500 1900.000000 99600.612923 (0,3)
Iteration 23402:  230.592500 1900.000000 99937.973740 (1,0)
Iteration 23423:  229.370000 1899.000000 99710.310446 (0,3)
Iteration 23427:  222.705000 1899.000000 99803.821025 (1,2)
Iteration 23482:  221.165000 1900.000000 99685.140867 (0,3)
Iteration 23529:  218.705000 1900.000000 99644.043686 (1,3)
Iteration 23563:  201.927500 1901.000000 99863.201996 (0,3)
Iteration 23636:  188.927500 1901.000000 99913.876385 (1,0)
Iteration 23722:  185.690000 1901.000000 99832.589852 (0,3)
Iteration 34954:  143.672500 1584.000000 120203.395214 (0,3)
Iteration 34978:  139.435000 1584.000000 120194.961298 (0,3)
Iteration 34983:  105.932500 1586.000000 120408.975532 (0,3)
Iteration 34995:  97.432500 1586.000000 120305.916605 (0,3)
Iteration 35015:  95.932500 1584.000000 119810.825426 (0,3)
Iteration 35065:  95.932500 1583.000000 119787.384598 (0,3)
Iteration 35078:  78.392500 1582.000000 119662.478260 (0,3)
Iteration 35094:  78.392500 1581.000000 119732.596346 (1,3)
Iteration 35142:  78.392500 1581.000000 119727.092631 (1,3)
Iteration 35181:  73.657500 1580.000000 119631.692687 (0,3)
Iteration 35186:  73.657500 1578.000000 119365.648866 (0,3)
Iteration 35405:  64.895000 1577.000000 119179.997324 (0,3)
Iteration 35475:  61.392500 1578.000000 119185.150952 (0,3)
Iteration 35520:  57.655000 1577.000000 118698.545300 (0,3)
Iteration 35537:  57.655000 1576.000000 118561.010793 (0,3)
Iteration 35612:  40.655000 1577.000000 118800.200586 (1,0)
Iteration 35617:  40.655000 1577.000000 118729.575040 (1,0)
Iteration 35642:  40.655000 1577.000000 118693.676962 (1,1)
Iteration 35675:  40.655000 1577.000000 118621.288663 (0,3)
Iteration 35729:  40.655000 1577.000000 118571.456291 (1,1)
Iteration 35853:  40.655000 1576.000000 118601.985506 (0,3)
Iteration 35910:  40.655000 1575.000000 118567.212388 (0,3)
Iteration 35917:  40.655000 1574.000000 118570.735634 (1,0)
Iteration 35944:  40.655000 1574.000000 118486.717321 (0,3)
Iteration 35969:  40.655000 1572.000000 118281.324644 (0,3)
Iteration 36033:  40.655000 1572.000000 118241.443202 (0,3)
Iteration 36063:  40.162500 1572.000000 118173.196545 (0,0)
Iteration 36155:  40.162500 1571.000000 118166.096702 (0,3)
Iteration 36163:  36.425000 1573.000000 118275.192721 (0,3)
Iteration 36403:  25.662500 1573.000000 118031.468291 (0,3)
Iteration 36406:  25.662500 1573.000000 117995.570213 (0,3)
Iteration 36503:  25.662500 1571.000000 117887.678487 (0,3)
Iteration 36548:  18.662500 1571.000000 117868.213097 (0,3)
Iteration 36549:  18.662500 1571.000000 117868.213097 (1,3)
Iteration 36617:  18.425000 1571.000000 117859.779182 (1,3)
Iteration 36863:  17.687500 1570.000000 117928.787492 (0,3)
Iteration 36890:  17.687500 1570.000000 117927.510269 (0,3)
Iteration 36972:  17.687500 1566.000000 117910.699667 (0,3)
Iteration 37106:  17.687500 1565.000000 117914.222913 (1,0)
Iteration 37140:  17.687500 1565.000000 117887.133502 (0,3)
Iteration 37229:  17.687500 1565.000000 117835.243113 (0,3)
Iteration 37247:  17.687500 1565.000000 117814.082667 (0,3)
Iteration 37433:  17.687500 1565.000000 117702.465939 (0,3)
Iteration 37489:  17.687500 1564.000000 117715.310864 (0,3)
total iterations: 57942, time elapsed: 3600.02s
Destroy operator: destroy_random_leafs, Weight: 0.1672, Score: 3836.90, Count: 22866
Destroy operator: destroy_path, Weight: 0.0958, Score: 1321.25, Count: 13751
Destroy operator: destroy_worst_affinity, Weight: 0.0779, Score: 906.55, Count: 11609
Destroy operator: destroy_district_group, Weight: 0.0600, Score: 583.05, Count: 9715
Repair operator: repair_greedy_feasible, Weight: 0.0716, Score: 819.80, Count: 11427
Repair operator: repair_affinity_compact, Weight: 0.0665, Score: 714.40, Count: 10737
Repair operator: repair_nearest_center, Weight: 0.0699, Score: 781.50, Count: 11198
Repair operator: repair_2regret, Weight: 0.1756, Score: 4332.05, Count: 24579
