Initial solution objectives: Balance violation = 31526.6440, Affinity loss = 1839, Compactness = 59756.9928
Iteration 501:  22061.816000 1865.000000 58307.843713 (0,0)
Iteration 3006:  21321.018000 1817.000000 58901.400129 (1,3)
Iteration 3507:  20676.770000 1916.000000 57772.962743 (0,0)
Iteration 3509:  20619.918000 1916.000000 57610.980330 (1,1)
Iteration 3512:  20453.320000 1916.000000 57671.406163 (0,0)
Iteration 3513:  19010.938000 1916.000000 57834.010909 (0,3)
Iteration 4527:  18984.602000 1943.000000 57955.254229 (3,3)
Iteration 7534:  18862.488000 1902.000000 55394.892215 (1,2)
Iteration 7539:  18181.372000 1901.000000 55569.341344 (0,3)
Iteration 7543:  17623.010000 1896.000000 55717.601122 (2,3)
Iteration 7552:  16844.980000 1897.000000 55923.789089 (0,3)
Iteration 7559:  16205.054000 1893.000000 55696.682637 (0,2)
Iteration 7572:  15027.056000 1895.000000 56408.091822 (0,3)
Iteration 7579:  15024.166000 1894.000000 56373.438309 (2,3)
Iteration 7580:  13946.312000 1894.000000 56516.795459 (0,3)
Iteration 7584:  13689.746000 1893.000000 56379.860008 (0,3)
Iteration 7591:  12457.146000 1892.000000 56580.894391 (0,3)
Iteration 7598:  12046.582000 1892.000000 56508.186352 (1,1)
Iteration 7601:  11783.940000 1890.000000 56474.230320 (0,3)
Iteration 7604:  10866.558000 1890.000000 56505.884982 (0,0)
Iteration 7634:  10696.170000 1887.000000 56563.544895 (2,3)
Iteration 7636:  10684.150000 1887.000000 56707.667982 (0,3)
Iteration 7642:  10647.972000 1887.000000 56575.272405 (1,3)
Iteration 7644:  10499.968000 1887.000000 56649.665045 (1,3)
Iteration 7654:  10353.984000 1889.000000 56773.425457 (0,3)
Iteration 7721:  10121.972000 1882.000000 56950.280309 (0,3)
Iteration 7723:  9876.298000 1882.000000 56897.023764 (2,3)
Iteration 7742:  9002.598000 1877.000000 56001.920866 (0,3)
Iteration 7743:  7985.734000 1878.000000 56082.371160 (0,3)
Iteration 9491:  7694.758000 1976.000000 58497.711219 (0,0)
Iteration 9508:  7574.556000 1976.000000 58121.185393 (2,3)
Iteration 9510:  7524.556000 1976.000000 58105.632240 (1,3)
Iteration 9513:  7374.334000 1976.000000 58019.810779 (0,3)
Iteration 9514:  7237.042000 1976.000000 58047.034615 (2,3)
Iteration 9519:  7092.990000 1976.000000 58311.743813 (0,3)
Iteration 9538:  6971.584000 1976.000000 58575.502975 (0,3)
Iteration 9542:  6960.292000 1978.000000 58595.832204 (0,3)
Iteration 9550:  6379.206000 1978.000000 58945.529748 (0,3)
Iteration 9553:  6379.206000 1978.000000 58945.104088 (0,3)
Iteration 9557:  5914.782000 1978.000000 59009.992360 (0,3)
Iteration 9559:  5829.400000 1978.000000 59058.100795 (1,0)
Iteration 9561:  5762.108000 1978.000000 59114.441958 (0,3)
Iteration 9582:  5731.332000 1979.000000 59235.432961 (0,3)
Iteration 9584:  5626.074000 1979.000000 59211.050119 (0,3)
Iteration 9628:  5456.208000 1979.000000 59205.888381 (0,3)
Iteration 9629:  5131.200000 1979.000000 59261.580949 (0,3)
Iteration 9631:  4957.930000 1979.000000 59362.346814 (0,0)
Iteration 9640:  4596.184000 1979.000000 59524.366780 (0,3)
Iteration 9884:  4440.084000 1977.000000 59051.144882 (0,3)
Iteration 9895:  4399.194000 1977.000000 58910.717108 (0,3)
Iteration 9915:  4278.140000 1977.000000 58808.637999 (0,3)
Iteration 9917:  4217.288000 1977.000000 58837.284407 (1,1)
Iteration 14385:  4098.568000 1934.000000 62874.432562 (0,3)
Iteration 14388:  4031.984000 1933.000000 62923.771799 (0,3)
Iteration 14391:  3911.480000 1933.000000 62991.883140 (0,3)
Iteration 14405:  3907.390000 1933.000000 62960.760368 (1,0)
Iteration 14416:  3907.390000 1933.000000 62956.975177 (0,3)
Iteration 14478:  3860.518000 1928.000000 63556.058678 (0,3)
Iteration 14485:  3704.390000 1928.000000 63465.778853 (0,3)
Iteration 14489:  3643.756000 1928.000000 63290.511306 (0,3)
Iteration 14491:  3590.736000 1925.000000 63252.325676 (0,3)
Iteration 14498:  3540.884000 1926.000000 62982.997774 (0,3)
Iteration 14509:  3540.612000 1926.000000 63149.264577 (0,3)
Iteration 14514:  3488.522000 1926.000000 63084.362408 (0,3)
Iteration 14519:  3488.522000 1926.000000 62962.814690 (1,3)
Iteration 14521:  3299.464000 1926.000000 62946.674528 (0,3)
Iteration 14528:  3281.464000 1926.000000 62845.426691 (0,3)
Iteration 14532:  3247.282000 1926.000000 62847.138338 (0,3)
Iteration 14571:  3232.172000 1926.000000 62887.889438 (0,3)
Iteration 14627:  3204.082000 1926.000000 62880.799811 (0,3)
Iteration 14629:  3190.230000 1926.000000 62854.187830 (1,1)
Iteration 14658:  3190.230000 1926.000000 62793.373210 (0,3)
Iteration 14665:  3190.230000 1926.000000 62702.892526 (0,3)
Iteration 14931:  3145.630000 1927.000000 62857.921651 (0,3)
Iteration 14960:  3144.830000 1927.000000 62820.514112 (2,3)
Iteration 14973:  3142.830000 1927.000000 62828.887163 (0,3)
Iteration 15156:  3135.668000 1927.000000 62709.762408 (0,3)
Iteration 15169:  3112.198000 1927.000000 62678.496737 (0,3)
Iteration 15216:  3107.034000 1927.000000 62671.260709 (2,3)
Iteration 15274:  3101.724000 1928.000000 62682.024883 (0,3)
Iteration 15280:  3054.724000 1928.000000 62677.316498 (1,3)
Iteration 15287:  2840.614000 1928.000000 62646.227962 (0,3)
Iteration 15302:  2829.888000 1928.000000 62706.705889 (0,3)
Iteration 15309:  2828.290000 1928.000000 62790.382097 (0,3)
Iteration 15329:  2823.308000 1928.000000 62821.527219 (0,3)
Iteration 15346:  2812.582000 1930.000000 62878.091553 (0,3)
Iteration 15353:  2804.400000 1930.000000 62950.867572 (0,3)
Iteration 15381:  2795.108000 1930.000000 62914.044414 (0,3)
Iteration 15383:  2791.108000 1930.000000 62938.062438 (0,3)
Iteration 15385:  2790.126000 1930.000000 62942.313995 (0,3)
Iteration 15689:  2784.236000 1929.000000 62388.930108 (0,3)
Iteration 15760:  2781.346000 1929.000000 62360.015259 (0,3)
Iteration 15775:  2781.346000 1929.000000 62312.071827 (0,3)
Iteration 15824:  2779.456000 1929.000000 62241.371236 (0,3)
Iteration 15866:  2779.456000 1928.000000 62189.390429 (0,3)
Iteration 16005:  2773.236000 1928.000000 62189.612720 (0,3)
Iteration 16008:  2759.418000 1928.000000 62166.350813 (0,3)
Iteration 16010:  2691.164000 1928.000000 62233.749968 (0,0)
Iteration 16014:  2682.566000 1928.000000 62227.340410 (0,3)
Iteration 16039:  2670.586000 1928.000000 62226.507144 (0,3)
Iteration 16040:  2670.586000 1928.000000 62217.394920 (0,3)
Iteration 16041:  2670.586000 1928.000000 62151.848431 (0,3)
Iteration 16095:  2670.586000 1928.000000 62151.484084 (0,3)
Iteration 16135:  2612.586000 1929.000000 62118.218852 (1,2)
Iteration 16174:  2610.586000 1929.000000 62164.862930 (0,3)
Iteration 16181:  2520.586000 1929.000000 62199.795452 (0,3)
Iteration 16223:  2520.586000 1929.000000 62188.524656 (0,3)
Iteration 16413:  2520.586000 1929.000000 62157.727724 (0,3)
Iteration 16422:  2520.586000 1929.000000 62127.066086 (0,3)
Iteration 16438:  2494.586000 1929.000000 62145.758804 (0,3)
Iteration 16634:  2485.748000 1929.000000 62246.748413 (0,3)
Iteration 16638:  2485.748000 1928.000000 62147.293590 (0,3)
Iteration 16643:  2481.658000 1928.000000 62144.410596 (0,3)
Iteration 16780:  2432.404000 1927.000000 62041.861578 (0,3)
Iteration 16832:  2432.404000 1927.000000 62035.933919 (0,3)
Iteration 16857:  2423.514000 1927.000000 61995.034677 (0,3)
Iteration 16897:  2423.514000 1927.000000 61987.674773 (0,3)
Iteration 20807:  2409.328000 1824.000000 62436.646973 (0,3)
Iteration 20808:  2397.328000 1824.000000 62431.378005 (0,3)
Iteration 20816:  2270.366000 1824.000000 62384.809263 (0,3)
Iteration 20820:  2258.654000 1824.000000 62413.189413 (0,3)
Iteration 20824:  2256.604000 1824.000000 62352.669526 (0,3)
Iteration 20829:  2243.514000 1824.000000 62461.364750 (0,3)
Iteration 20830:  2240.424000 1822.000000 62531.417756 (1,3)
Iteration 20835:  2240.424000 1822.000000 62528.788270 (0,3)
Iteration 20840:  2068.502000 1822.000000 62410.516535 (0,3)
Iteration 20842:  2068.502000 1822.000000 62378.889317 (2,3)
Iteration 20848:  2068.502000 1822.000000 62378.889317 (1,3)
Iteration 20849:  2017.502000 1822.000000 62331.147765 (0,3)
Iteration 20851:  2010.700000 1822.000000 62340.457569 (0,3)
Iteration 20869:  1890.828000 1822.000000 62356.507183 (0,3)
Iteration 20893:  1839.498000 1822.000000 62399.582330 (0,3)
Iteration 20925:  1830.388000 1822.000000 62352.511549 (0,3)
Iteration 20930:  1803.556000 1822.000000 62313.324208 (0,3)
Iteration 20932:  1802.666000 1820.000000 62208.251354 (0,3)
Iteration 21003:  1705.900000 1815.000000 62376.913869 (0,0)
Iteration 21037:  1594.028000 1815.000000 62376.562748 (0,3)
Iteration 21042:  1594.028000 1814.000000 62305.772509 (1,1)
Iteration 21055:  1197.028000 1813.000000 62256.793267 (0,3)
Iteration 21056:  1135.938000 1810.000000 62288.212094 (0,3)
Iteration 21059:  1135.048000 1810.000000 62272.587186 (0,3)
Iteration 21064:  1117.920000 1810.000000 62357.833040 (0,3)
Iteration 21068:  1117.920000 1810.000000 62338.376939 (0,3)
Iteration 21070:  988.048000 1810.000000 62317.270275 (0,3)
Iteration 21074:  988.048000 1810.000000 62277.156494 (0,3)
Iteration 21098:  971.048000 1808.000000 62280.499970 (0,3)
Iteration 21101:  971.048000 1808.000000 62227.116250 (0,3)
Iteration 21107:  966.958000 1808.000000 62159.980285 (0,3)
Iteration 21113:  926.810000 1808.000000 62159.372833 (0,3)
Iteration 21116:  926.810000 1808.000000 62129.576263 (2,3)
Iteration 21117:  823.522000 1806.000000 62147.486040 (0,3)
Iteration 21141:  821.432000 1804.000000 62038.931486 (0,3)
Iteration 21159:  820.542000 1806.000000 62131.331359 (0,3)
Iteration 21192:  820.542000 1804.000000 62094.809426 (0,3)
Iteration 21233:  820.542000 1804.000000 62011.414071 (0,3)
Iteration 21238:  801.888000 1804.000000 61823.279936 (0,3)
Iteration 21242:  801.888000 1804.000000 61801.543316 (0,3)
Iteration 21248:  801.888000 1804.000000 61762.119758 (1,3)
Iteration 21251:  801.888000 1804.000000 61725.150054 (0,3)
Iteration 21294:  799.596000 1803.000000 61869.614020 (0,3)
Iteration 21316:  799.596000 1803.000000 61849.597181 (0,3)
Iteration 21317:  799.596000 1803.000000 61789.324423 (0,3)
Iteration 21322:  526.724000 1803.000000 61760.174215 (0,3)
Iteration 21327:  526.724000 1803.000000 61717.012247 (0,3)
Iteration 21330:  506.872000 1803.000000 61687.327534 (0,3)
Iteration 21350:  506.872000 1803.000000 61625.035488 (0,3)
Iteration 21377:  506.872000 1803.000000 61593.921438 (0,3)
Iteration 21407:  506.872000 1803.000000 61467.548851 (0,3)
Iteration 21411:  506.872000 1802.000000 61355.400109 (0,3)
Iteration 21418:  490.872000 1803.000000 61297.425959 (1,3)
Iteration 21428:  490.634000 1802.000000 61315.373501 (0,3)
Iteration 21497:  490.634000 1800.000000 61325.537104 (1,3)
Iteration 21507:  488.762000 1800.000000 61280.668204 (0,3)
Iteration 21547:  485.910000 1800.000000 61262.447099 (0,3)
Iteration 21557:  471.762000 1802.000000 61246.610020 (0,3)
Iteration 21583:  471.762000 1802.000000 61187.437414 (2,3)
Iteration 21624:  471.762000 1802.000000 61164.874521 (0,3)
Iteration 21631:  471.762000 1802.000000 61109.662207 (0,3)
Iteration 21640:  467.724000 1802.000000 61158.391333 (0,3)
Iteration 21680:  467.724000 1802.000000 61106.246083 (0,3)
Iteration 21713:  467.724000 1802.000000 61087.172744 (0,3)
Iteration 21751:  467.724000 1802.000000 61058.949390 (1,3)
Iteration 21769:  467.724000 1802.000000 61057.051343 (0,3)
Iteration 21771:  467.724000 1802.000000 60971.547473 (0,3)
Iteration 21783:  467.724000 1802.000000 60912.374867 (0,3)
Iteration 21789:  467.724000 1800.000000 60796.271767 (0,3)
Iteration 21812:  439.942000 1801.000000 60741.507196 (1,3)
Iteration 21825:  433.852000 1801.000000 60694.615501 (0,3)
Iteration 21862:  433.852000 1801.000000 60690.240073 (0,3)
Iteration 21877:  431.962000 1801.000000 60694.679760 (0,3)
Iteration 22016:  380.236000 1801.000000 60593.237041 (0,3)
Iteration 22018:  380.236000 1801.000000 60580.663739 (0,3)
Iteration 22026:  357.274000 1800.000000 60585.617122 (0,3)
Iteration 22328:  320.184000 1800.000000 60797.606936 (0,0)
Iteration 22355:  266.332000 1800.000000 60779.446349 (0,3)
Iteration 22366:  266.332000 1800.000000 60712.795326 (1,3)
Iteration 22493:  266.332000 1800.000000 60645.380315 (0,3)
Iteration 22609:  266.332000 1800.000000 60610.478179 (0,3)
Iteration 22627:  266.332000 1800.000000 60596.473360 (0,3)
Iteration 22660:  266.332000 1799.000000 60769.460113 (0,3)
Iteration 22681:  230.440000 1799.000000 60713.983111 (3,3)
Iteration 22695:  230.440000 1798.000000 60849.521124 (0,3)
Iteration 22706:  230.440000 1798.000000 60829.302936 (0,3)
Iteration 22755:  228.350000 1799.000000 60895.909213 (1,0)
Iteration 22763:  210.440000 1798.000000 60922.525810 (0,3)
Iteration 22791:  201.350000 1797.000000 60977.640150 (0,3)
Iteration 22793:  198.460000 1799.000000 60970.449690 (0,3)
Iteration 22845:  198.460000 1798.000000 61030.258411 (0,3)
Iteration 22876:  186.440000 1797.000000 61124.180839 (0,3)
Iteration 22931:  185.350000 1798.000000 61219.035380 (3,3)
Iteration 22957:  185.350000 1798.000000 61205.030561 (0,3)
Iteration 23012:  179.948000 1797.000000 61274.354272 (0,3)
Iteration 23016:  169.948000 1798.000000 61269.400889 (0,3)
Iteration 23047:  169.948000 1798.000000 61267.143525 (0,3)
Iteration 23096:  169.058000 1797.000000 61327.623413 (0,3)
Iteration 23201:  169.058000 1797.000000 61240.822518 (0,3)
Iteration 23322:  169.058000 1797.000000 61226.817699 (0,3)
Iteration 23502:  169.058000 1797.000000 61219.726851 (0,3)
Iteration 23871:  169.058000 1797.000000 61185.946888 (0,3)
Iteration 23982:  169.058000 1797.000000 61173.698362 (0,3)
Iteration 24148:  169.058000 1797.000000 61173.665168 (0,3)
Iteration 24180:  169.058000 1797.000000 61092.003991 (0,3)
Iteration 24185:  169.058000 1797.000000 61059.489710 (0,3)
Iteration 24205:  169.058000 1797.000000 61048.815759 (0,3)
Iteration 24211:  169.058000 1797.000000 61023.028017 (0,3)
Iteration 24222:  169.058000 1797.000000 60936.142342 (0,3)
total iterations: 105563, time elapsed: 3600.01s
Destroy operator: destroy_random_leafs, Weight: 0.2855, Score: 14867.40, Count: 52123
Destroy operator: destroy_path, Weight: 0.1095, Score: 2337.95, Count: 21374
Destroy operator: destroy_worst_affinity, Weight: 0.0939, Score: 1713.15, Count: 18240
Destroy operator: destroy_district_group, Weight: 0.0662, Score: 914.15, Count: 13825
Repair operator: repair_greedy_feasible, Weight: 0.0840, Score: 1558.00, Count: 18534
Repair operator: repair_affinity_compact, Weight: 0.0681, Score: 1045.75, Count: 15366
Repair operator: repair_nearest_center, Weight: 0.0681, Score: 1021.35, Count: 15000
Repair operator: repair_2regret, Weight: 0.2863, Score: 16207.55, Count: 56662
