Initial solution objectives: Balance violation = 15860.4400, Affinity loss = 1638, Compactness = 97277.4840
Iteration 1:  15835.300000 1617.000000 99780.386951 (0,3)
Iteration 3:  12071.820000 1622.000000 100387.988481 (3,3)
Iteration 8:  11887.480000 1625.000000 99381.326841 (0,2)
Iteration 12:  9676.700000 1633.000000 99516.959531 (0,3)
Iteration 6059:  9298.715000 1879.000000 94582.102543 (0,1)
Iteration 6067:  8868.475000 1872.000000 94573.741954 (1,1)
Iteration 6074:  6872.190000 1871.000000 94885.921675 (0,3)
Iteration 6080:  6741.145000 1871.000000 94971.668755 (2,3)
Iteration 6083:  6114.930000 1874.000000 95406.624552 (0,3)
Iteration 6100:  5623.055000 1874.000000 95176.029926 (0,3)
Iteration 6215:  5001.045000 1869.000000 95786.588837 (0,3)
Iteration 6218:  4626.045000 1869.000000 95765.255444 (1,1)
Iteration 6226:  4241.065000 1862.000000 102661.221026 (0,3)
Iteration 6228:  3516.065000 1862.000000 102750.391924 (0,3)
Iteration 6236:  3032.570000 1863.000000 102774.781541 (0,3)
Iteration 6408:  2633.510000 1839.000000 103534.784203 (0,3)
Iteration 10606:  2133.940000 1852.000000 93369.843973 (0,2)
Iteration 10610:  2073.940000 1851.000000 93097.252964 (0,2)
Iteration 10611:  2073.940000 1849.000000 93046.229902 (0,3)
Iteration 10613:  1898.795000 1846.000000 93084.264074 (0,1)
Iteration 13326:  1849.510000 1735.000000 95520.189249 (0,3)
Iteration 13354:  1833.600000 1733.000000 95666.971564 (0,3)
Iteration 13357:  1832.035000 1731.000000 95878.253506 (0,3)
Iteration 13385:  1511.080000 1731.000000 95958.710296 (1,3)
Iteration 13386:  1250.080000 1731.000000 95973.995920 (1,1)
Iteration 13428:  1157.125000 1732.000000 95722.116955 (0,3)
Iteration 13451:  1139.790000 1732.000000 95704.430153 (0,3)
Iteration 13454:  1118.490000 1732.000000 95438.252657 (0,2)
Iteration 13463:  1093.410000 1731.000000 95454.251192 (1,3)
Iteration 13489:  1080.410000 1724.000000 95531.284514 (0,3)
Iteration 13514:  1080.410000 1724.000000 95387.709504 (0,1)
Iteration 13646:  1066.500000 1726.000000 95802.670895 (0,3)
Iteration 13649:  1031.165000 1730.000000 95607.561425 (0,2)
Iteration 13652:  903.340000 1730.000000 95323.947453 (0,2)
Iteration 13658:  787.165000 1728.000000 95413.562634 (0,3)
Iteration 13681:  787.165000 1728.000000 95396.992398 (0,3)
Iteration 13724:  726.055000 1726.000000 95385.621923 (1,1)
Iteration 13727:  704.055000 1724.000000 95508.692592 (1,3)
Iteration 13784:  648.030000 1724.000000 94582.986454 (0,2)
Iteration 13792:  632.220000 1724.000000 94824.526628 (1,3)
Iteration 13793:  626.075000 1721.000000 94841.077019 (0,3)
Iteration 13804:  598.120000 1722.000000 94935.187129 (0,3)
Iteration 13819:  586.200000 1720.000000 95100.837861 (0,3)
Iteration 13830:  584.345000 1719.000000 94975.186238 (0,3)
Iteration 13854:  577.490000 1721.000000 94929.372256 (1,2)
Iteration 13870:  574.455000 1722.000000 94996.740180 (0,3)
Iteration 13895:  574.455000 1719.000000 95263.079929 (0,3)
Iteration 13924:  371.700000 1721.000000 94972.387301 (0,2)
Iteration 13928:  371.700000 1719.000000 101781.940479 (1,0)
Iteration 13944:  190.665000 1719.000000 101506.459769 (0,3)
Iteration 13946:  190.665000 1717.000000 101388.948861 (0,3)
Iteration 13965:  182.665000 1717.000000 101412.638336 (1,3)
Iteration 13978:  182.665000 1713.000000 100405.334691 (0,3)
Iteration 14009:  175.710000 1713.000000 100385.515352 (0,3)
Iteration 14019:  175.710000 1710.000000 100172.102973 (1,3)
Iteration 14031:  161.490000 1711.000000 100330.736870 (0,3)
Iteration 14075:  161.490000 1710.000000 99956.164066 (0,3)
Iteration 20199:  116.670000 1648.000000 99032.257917 (0,3)
Iteration 20204:  116.670000 1646.000000 99051.884379 (0,3)
Iteration 20205:  76.710000 1642.000000 99123.107244 (0,3)
Iteration 20222:  65.075000 1637.000000 99011.289226 (0,3)
Iteration 20223:  65.075000 1637.000000 98968.632576 (2,3)
Iteration 20236:  60.710000 1639.000000 99165.463759 (1,0)
Iteration 20243:  60.710000 1639.000000 99126.030570 (2,3)
Iteration 20262:  60.710000 1639.000000 99107.476429 (2,3)
Iteration 20265:  60.710000 1637.000000 99179.427063 (1,3)
Iteration 20267:  54.855000 1636.000000 99239.752071 (1,3)
Iteration 20272:  54.855000 1636.000000 99215.440567 (2,3)
Iteration 20275:  54.855000 1635.000000 99039.082853 (0,2)
Iteration 20280:  54.855000 1631.000000 99082.966942 (0,3)
Iteration 20288:  54.855000 1631.000000 99009.065685 (2,3)
Iteration 20295:  54.855000 1629.000000 99213.647333 (0,3)
Iteration 20305:  54.855000 1627.000000 99210.367424 (0,3)
Iteration 20321:  54.855000 1625.000000 99294.853714 (0,3)
Iteration 20325:  42.855000 1622.000000 99179.900222 (0,3)
Iteration 20357:  42.855000 1622.000000 98703.005687 (0,3)
Iteration 20395:  39.710000 1615.000000 98649.360096 (0,3)
Iteration 20411:  39.710000 1614.000000 98747.581694 (1,3)
Iteration 20498:  39.710000 1614.000000 98071.484250 (1,3)
Iteration 20505:  39.710000 1613.000000 98198.196463 (0,3)
Iteration 20529:  36.855000 1617.000000 98719.159023 (0,0)
Iteration 20530:  36.855000 1616.000000 98459.407115 (2,3)
Iteration 20537:  36.855000 1612.000000 98441.904108 (1,0)
Iteration 20540:  36.855000 1612.000000 98378.407481 (1,1)
Iteration 20542:  36.855000 1611.000000 98363.011757 (0,3)
Iteration 20558:  36.855000 1610.000000 98475.960420 (1,3)
Iteration 20564:  36.855000 1610.000000 98441.854508 (1,2)
Iteration 20566:  36.855000 1609.000000 98534.592038 (0,3)
Iteration 20570:  36.855000 1607.000000 98540.712720 (0,3)
Iteration 20579:  36.855000 1607.000000 98436.832322 (2,3)
Iteration 20636:  36.855000 1606.000000 98379.201233 (0,3)
Iteration 20638:  36.855000 1605.000000 98349.049734 (0,3)
Iteration 20658:  36.855000 1604.000000 98157.223217 (0,3)
Iteration 20663:  36.855000 1604.000000 98123.903980 (1,3)
Iteration 20673:  36.855000 1603.000000 98136.152866 (0,3)
Iteration 20698:  36.855000 1602.000000 98233.423821 (1,3)
Iteration 20724:  30.810000 1602.000000 98440.180446 (1,1)
Iteration 20731:  30.810000 1602.000000 98392.185569 (0,3)
Iteration 20736:  30.810000 1601.000000 98409.623039 (0,3)
Iteration 20742:  30.810000 1600.000000 98390.845267 (0,3)
Iteration 20744:  20.855000 1603.000000 98537.003081 (0,3)
Iteration 20746:  20.855000 1602.000000 98583.348298 (0,3)
Iteration 20758:  20.855000 1601.000000 98533.539386 (0,3)
Iteration 20761:  20.855000 1601.000000 98352.611132 (0,3)
Iteration 20762:  20.855000 1599.000000 98156.860369 (0,3)
Iteration 20777:  0.000000 1602.000000 98415.477126 (0,0)
Iteration 20792:  0.000000 1601.000000 98451.623843 (0,3)
Iteration 20804:  0.000000 1600.000000 98357.827298 (0,3)
Iteration 20817:  0.000000 1598.000000 98336.691668 (1,3)
Iteration 20830:  0.000000 1596.000000 98494.857873 (0,3)
Iteration 20833:  0.000000 1596.000000 98370.112599 (0,3)
Iteration 20844:  0.000000 1595.000000 98279.661826 (0,3)
Iteration 20885:  0.000000 1594.000000 98314.011137 (1,0)
Iteration 20889:  0.000000 1594.000000 98312.069816 (1,3)
Iteration 20913:  0.000000 1594.000000 98226.566005 (0,3)
Iteration 20988:  0.000000 1593.000000 98373.285061 (0,3)
Iteration 20996:  0.000000 1592.000000 98209.514648 (0,3)
Iteration 21027:  0.000000 1592.000000 98205.166698 (1,0)
Iteration 21205:  0.000000 1590.000000 98063.175249 (0,3)
Iteration 21217:  0.000000 1590.000000 97922.106136 (0,3)
Iteration 21219:  0.000000 1589.000000 97732.375056 (0,3)
Iteration 21233:  0.000000 1588.000000 97903.784983 (0,3)
Iteration 21305:  0.000000 1584.000000 98195.114480 (0,3)
Iteration 21430:  0.000000 1582.000000 98114.579991 (0,3)
Iteration 21454:  0.000000 1580.000000 98292.531445 (0,3)
Iteration 21569:  0.000000 1579.000000 98063.744546 (0,3)
Iteration 21643:  0.000000 1577.000000 98079.090843 (0,3)
Iteration 21644:  0.000000 1576.000000 98245.487992 (0,3)
Iteration 21678:  0.000000 1570.000000 98257.833094 (0,3)
Iteration 21718:  0.000000 1569.000000 98397.088974 (0,3)
Iteration 21736:  0.000000 1566.000000 98539.910710 (0,3)
Iteration 21767:  0.000000 1566.000000 98525.943156 (1,3)
Iteration 21908:  0.000000 1563.000000 98475.806130 (0,3)
Iteration 21923:  0.000000 1561.000000 98475.963535 (0,3)
Iteration 21940:  0.000000 1558.000000 98511.922763 (0,3)
Iteration 22086:  0.000000 1556.000000 98752.338470 (0,3)
Iteration 22099:  0.000000 1555.000000 98774.365366 (0,3)
total iterations: 65931, time elapsed: 3600.27s
Destroy operator: destroy_random_leafs, Weight: 0.7025, Score: 14075.50, Count: 20027
Destroy operator: destroy_path, Weight: 0.5911, Score: 9647.00, Count: 16310
Destroy operator: destroy_worst_affinity, Weight: 0.5456, Score: 8335.50, Count: 15277
Destroy operator: destroy_district_group, Weight: 0.5100, Score: 7301.00, Count: 14316
Repair operator: repair_greedy_feasible, Weight: 0.5433, Score: 8329.50, Count: 15320
Repair operator: repair_affinity_compact, Weight: 0.5395, Score: 8135.00, Count: 15076
Repair operator: repair_nearest_center, Weight: 0.5528, Score: 8523.50, Count: 15422
Repair operator: repair_2regret, Weight: 0.7142, Score: 14371.00, Count: 20112
