Initial solution objectives: Balance violation = 30405.0925, Affinity loss = 1874, Compactness = 104990.2550
Iteration 1:  28711.187500 1874.000000 104591.908323 (2,1)
Iteration 2:  28269.187500 1874.000000 104516.248689 (1,1)
Iteration 4:  28075.077500 1869.000000 105184.784221 (0,3)
Iteration 1006:  25167.192500 1766.000000 98251.069604 (2,3)
Iteration 3511:  16253.687500 1748.000000 87846.608763 (1,0)
Iteration 3512:  16051.067500 1747.000000 87812.210486 (0,2)
Iteration 3517:  16045.192500 1753.000000 89045.133752 (3,2)
Iteration 3526:  15623.680000 1744.000000 89778.391689 (3,3)
Iteration 3531:  14015.692500 1745.000000 89642.407509 (0,3)
Iteration 4107:  13130.437500 1739.000000 104209.386604 (0,3)
Iteration 6660:  10829.390000 1892.000000 96749.924684 (0,3)
Iteration 7230:  10586.897500 1687.000000 102252.762117 (0,3)
Iteration 7236:  9999.390000 1689.000000 102092.574594 (0,3)
Iteration 7237:  9044.295000 1690.000000 102013.953512 (0,3)
Iteration 7240:  8277.517500 1691.000000 102163.815670 (0,3)
Iteration 7261:  7276.040000 1692.000000 102347.978815 (0,3)
Iteration 7266:  6801.445000 1692.000000 102891.544055 (0,3)
Iteration 7269:  6759.262500 1693.000000 103278.773531 (0,0)
Iteration 8494:  6703.237500 1480.000000 109101.945707 (0,3)
Iteration 8495:  6693.632500 1480.000000 109059.715742 (1,2)
Iteration 8501:  6610.650000 1481.000000 109342.024178 (0,3)
Iteration 8504:  6213.827500 1478.000000 109495.062602 (2,3)
Iteration 8509:  5967.930000 1479.000000 109621.033621 (0,3)
Iteration 8661:  5754.880000 1474.000000 113599.257380 (0,3)
Iteration 8665:  5534.967500 1475.000000 113851.246251 (0,3)
Iteration 8671:  5513.470000 1475.000000 113868.186547 (2,3)
Iteration 8679:  5301.757500 1478.000000 114166.432422 (0,3)
Iteration 8691:  5254.760000 1481.000000 114491.335088 (0,3)
Iteration 8700:  5166.665000 1478.000000 114260.778902 (0,3)
Iteration 8734:  4840.877500 1480.000000 114160.977093 (0,3)
Iteration 8741:  4804.245000 1475.000000 114902.114158 (1,0)
Iteration 8743:  4071.360000 1474.000000 115162.962140 (0,3)
Iteration 8747:  3974.360000 1474.000000 114803.214169 (0,3)
Iteration 8751:  3627.172500 1475.000000 114962.828050 (0,3)
Iteration 8757:  3449.397500 1474.000000 115187.892913 (0,3)
Iteration 8758:  3442.387500 1474.000000 115304.544330 (2,3)
Iteration 10878:  3034.847500 1738.000000 93990.431927 (0,3)
Iteration 10887:  2981.847500 1738.000000 93986.797784 (1,3)
Iteration 10898:  2941.760000 1737.000000 94369.853569 (2,3)
Iteration 10905:  2929.365000 1737.000000 94443.199575 (0,3)
Iteration 10948:  2760.372500 1738.000000 95007.566594 (0,3)
Iteration 10974:  2723.715000 1736.000000 95171.300875 (0,3)
Iteration 10988:  2723.715000 1736.000000 95149.451478 (0,3)
Iteration 10991:  2469.500000 1738.000000 95252.634858 (0,3)
Iteration 10995:  2465.895000 1738.000000 95213.951359 (0,3)
Iteration 10996:  2386.902500 1738.000000 95034.489881 (0,3)
Iteration 10999:  2367.517500 1738.000000 95098.815704 (0,3)
Iteration 11005:  2256.915000 1737.000000 95315.376353 (0,3)
Iteration 11011:  1870.517500 1736.000000 95171.556926 (0,3)
Iteration 11025:  1715.725000 1731.000000 94895.439563 (0,3)
Iteration 11060:  1573.907500 1731.000000 95204.179845 (0,3)
Iteration 11061:  1551.607500 1727.000000 95222.422556 (0,3)
Iteration 11077:  1274.790000 1726.000000 95229.849828 (0,3)
Iteration 11121:  1240.410000 1722.000000 95252.860121 (1,2)
Iteration 11122:  1182.505000 1720.000000 95001.528532 (0,3)
Iteration 11129:  1078.512500 1720.000000 95284.622871 (0,3)
Iteration 11134:  1077.517500 1717.000000 95316.670328 (2,3)
Iteration 11137:  1042.517500 1717.000000 95222.196404 (0,3)
Iteration 11148:  1025.717500 1717.000000 95133.346383 (0,3)
Iteration 11508:  970.697500 1694.000000 96724.706807 (0,3)
Iteration 11510:  950.200000 1693.000000 96771.859181 (0,3)
Iteration 11529:  883.407500 1690.000000 96981.593395 (0,3)
Iteration 11532:  831.795000 1690.000000 97120.383418 (0,3)
Iteration 11540:  823.905000 1691.000000 97529.152026 (0,3)
Iteration 11888:  778.227500 1675.000000 112012.008279 (1,3)
Iteration 11889:  773.622500 1674.000000 112030.206207 (0,3)
Iteration 11966:  587.407500 1668.000000 122247.564555 (0,3)
Iteration 11967:  582.012500 1668.000000 122339.419129 (0,3)
Iteration 11978:  575.017500 1668.000000 122120.594512 (0,3)
Iteration 11981:  559.515000 1669.000000 121902.678977 (0,3)
Iteration 11988:  559.515000 1669.000000 121902.678977 (1,2)
Iteration 11996:  548.110000 1668.000000 121719.631092 (0,3)
Iteration 12005:  513.500000 1666.000000 121568.574480 (0,3)
Iteration 12018:  452.110000 1666.000000 121490.225556 (0,3)
Iteration 12087:  367.612500 1661.000000 120937.275070 (0,3)
Iteration 12097:  358.215000 1659.000000 120659.633472 (0,3)
Iteration 12115:  332.417500 1659.000000 120466.007793 (1,1)
Iteration 12116:  285.807500 1659.000000 120350.534739 (0,3)
Iteration 12117:  277.417500 1659.000000 120459.994205 (1,0)
Iteration 12129:  180.820000 1654.000000 120343.730008 (0,3)
Iteration 12208:  180.717500 1644.000000 119521.870216 (0,3)
Iteration 12214:  127.717500 1644.000000 119363.373978 (0,3)
Iteration 15202:  122.500000 1695.000000 100300.809886 (0,3)
Iteration 15370:  87.210000 1697.000000 99685.969468 (1,0)
Iteration 15796:  84.307500 1688.000000 100163.871253 (0,3)
Iteration 15804:  84.307500 1688.000000 100151.430173 (1,3)
Iteration 16034:  81.015000 1680.000000 100074.390778 (0,3)
Iteration 16064:  81.015000 1680.000000 100060.868834 (1,2)
Iteration 16143:  77.410000 1681.000000 100055.055447 (0,3)
Iteration 16147:  77.410000 1681.000000 100026.919873 (1,1)
Iteration 16150:  77.410000 1681.000000 100026.919873 (1,3)
Iteration 16155:  71.410000 1680.000000 100141.844869 (0,3)
Iteration 16202:  61.707500 1679.000000 100137.818158 (0,3)
Iteration 16374:  61.210000 1668.000000 105535.278380 (2,3)
Iteration 16390:  61.210000 1666.000000 105311.807696 (0,3)
Iteration 16452:  44.210000 1662.000000 105244.827697 (0,3)
Iteration 16488:  20.712500 1662.000000 105235.533440 (0,3)
Iteration 16593:  18.620000 1658.000000 104612.236086 (0,3)
Iteration 16767:  13.605000 1651.000000 104861.632421 (0,3)
Iteration 16860:  11.620000 1650.000000 105042.509970 (0,3)
Iteration 16865:  11.620000 1649.000000 105094.196255 (1,0)
Iteration 16868:  11.620000 1649.000000 105054.001958 (1,3)
Iteration 16916:  11.620000 1649.000000 105026.668060 (1,3)
Iteration 16946:  11.215000 1649.000000 105107.385253 (0,3)
total iterations: 61565, time elapsed: 3600.02s
Destroy operator: destroy_random_leafs, Weight: 0.1756, Score: 4454.75, Count: 25426
Destroy operator: destroy_path, Weight: 0.0953, Score: 1361.75, Count: 14300
Destroy operator: destroy_worst_affinity, Weight: 0.0790, Score: 957.70, Count: 12111
Destroy operator: destroy_district_group, Weight: 0.0626, Score: 609.30, Count: 9727
Repair operator: repair_greedy_feasible, Weight: 0.0712, Score: 811.45, Count: 11398
Repair operator: repair_affinity_compact, Weight: 0.0682, Score: 742.40, Count: 10899
Repair operator: repair_nearest_center, Weight: 0.0757, Score: 895.10, Count: 11836
Repair operator: repair_2regret, Weight: 0.1803, Score: 4934.55, Count: 27431
