Initial solution objectives: Balance violation = 45992.3160, Affinity loss = 1939, Compactness = 56860.6895
Iteration 1503:  41465.585000 1884.000000 59013.980315 (1,1)
Iteration 2505:  24098.156000 1941.000000 57666.693248 (1,3)
Iteration 2506:  24074.559000 1941.000000 57656.151472 (1,2)
Iteration 8326:  23787.008000 1847.000000 69085.315759 (0,3)
Iteration 8328:  23751.253000 1847.000000 69053.082636 (2,3)
Iteration 8334:  23659.447000 1846.000000 69400.552510 (0,0)
Iteration 8337:  23601.200000 1846.000000 69589.612708 (1,3)
Iteration 8344:  23100.968000 1847.000000 70022.893751 (0,3)
Iteration 9190:  22937.443000 1821.000000 64519.908709 (0,3)
Iteration 9192:  22683.755000 1820.000000 64634.999738 (0,3)
Iteration 9195:  21828.525000 1819.000000 65097.248264 (0,3)
Iteration 9201:  21666.396000 1819.000000 65204.727274 (0,3)
Iteration 9207:  20421.920000 1820.000000 65294.520901 (0,3)
Iteration 9218:  19724.449000 1815.000000 65397.175711 (0,3)
Iteration 9243:  18997.852000 1811.000000 65151.243953 (0,3)
Iteration 9250:  16773.225000 1807.000000 65530.664890 (0,3)
Iteration 9254:  16494.276000 1807.000000 65601.587289 (0,3)
Iteration 9282:  16218.822000 1811.000000 66459.037384 (0,0)
Iteration 9287:  16015.562000 1803.000000 66564.456785 (0,1)
Iteration 9288:  15910.085000 1803.000000 66560.344802 (1,2)
Iteration 9294:  15248.562000 1805.000000 67058.725703 (0,3)
Iteration 9296:  15213.166000 1805.000000 67046.188949 (1,2)
Iteration 9298:  15203.008000 1805.000000 67017.710359 (1,1)
Iteration 9302:  14605.209000 1805.000000 67000.719470 (0,3)
Iteration 9304:  14363.692000 1809.000000 67251.091843 (0,3)
Iteration 9306:  13861.642000 1809.000000 67672.459116 (0,3)
Iteration 9322:  13225.720000 1814.000000 68266.761592 (0,3)
Iteration 9326:  13157.525000 1815.000000 67884.091578 (0,3)
Iteration 9340:  13120.494000 1815.000000 67430.173224 (0,3)
Iteration 9350:  12973.803000 1814.000000 68567.212200 (0,3)
Iteration 9352:  12896.774000 1814.000000 68778.662770 (0,0)
Iteration 9357:  12706.499000 1816.000000 68707.910777 (0,3)
Iteration 9358:  12648.542000 1815.000000 68635.040791 (0,0)
Iteration 9361:  12108.787000 1815.000000 68549.110264 (1,3)
Iteration 9369:  11884.190000 1815.000000 68528.210734 (0,3)
Iteration 9374:  11808.901000 1815.000000 68458.999244 (0,3)
Iteration 9391:  11502.421000 1815.000000 68316.024630 (0,3)
Iteration 9394:  11351.421000 1815.000000 68342.096351 (1,3)
Iteration 9423:  10999.488000 1802.000000 68365.064751 (0,3)
Iteration 9450:  10580.255000 1800.000000 68401.474030 (0,3)
Iteration 9464:  10000.330000 1801.000000 68418.082837 (0,3)
Iteration 9471:  9957.370000 1801.000000 68292.333838 (0,1)
Iteration 9481:  9730.052000 1800.000000 68264.849021 (0,3)
Iteration 9510:  8982.727000 1801.000000 68273.347889 (0,3)
Iteration 9522:  8769.130000 1800.000000 68267.309501 (0,3)
Iteration 9525:  8756.734000 1800.000000 68223.305718 (0,3)
Iteration 9535:  8633.139000 1799.000000 68173.835815 (0,3)
Iteration 9545:  8299.824000 1800.000000 68020.241059 (0,3)
Iteration 9554:  8285.421000 1800.000000 68144.320040 (0,3)
Iteration 9570:  8062.393000 1797.000000 68187.086093 (0,3)
Iteration 9579:  7969.684000 1797.000000 68448.404462 (0,3)
Iteration 9581:  7954.643000 1797.000000 68498.463449 (1,3)
Iteration 9586:  7905.395000 1797.000000 68517.319777 (0,3)
Iteration 9588:  7881.441000 1797.000000 68611.253371 (0,3)
Iteration 9589:  7788.436000 1798.000000 68523.933545 (0,3)
Iteration 9623:  7780.255000 1795.000000 68741.550108 (0,3)
Iteration 9628:  7721.421000 1795.000000 68939.474129 (0,3)
Iteration 9629:  7013.981000 1794.000000 69032.070581 (0,3)
Iteration 9631:  6895.625000 1794.000000 69008.633847 (0,3)
Iteration 9632:  6493.674000 1792.000000 69035.844789 (0,3)
Iteration 9650:  6411.497000 1792.000000 68632.303558 (0,3)
Iteration 9655:  6264.856000 1792.000000 68752.727691 (0,3)
Iteration 9661:  6193.698000 1792.000000 68624.734722 (0,3)
Iteration 9667:  6082.897000 1792.000000 68600.651396 (0,3)
Iteration 9671:  5987.096000 1790.000000 68524.136449 (0,3)
Iteration 9845:  5872.094000 1785.000000 68415.312504 (0,3)
Iteration 9855:  5784.609000 1785.000000 68452.361467 (0,3)
Iteration 10016:  5765.852000 1792.000000 69170.799149 (0,3)
Iteration 10019:  5735.855000 1792.000000 69402.276758 (0,3)
Iteration 10065:  5652.432000 1792.000000 69114.859322 (0,3)
Iteration 10085:  5642.334000 1794.000000 69727.002447 (0,3)
Iteration 10086:  5616.938000 1794.000000 69795.578277 (0,3)
Iteration 10087:  5527.664000 1792.000000 69735.177908 (0,3)
Iteration 10142:  5480.167000 1796.000000 71068.931430 (0,3)
Iteration 10143:  5446.808000 1796.000000 71102.982041 (0,3)
Iteration 10148:  5317.452000 1797.000000 71216.417381 (0,3)
Iteration 10151:  5286.649000 1797.000000 71192.061600 (0,3)
Iteration 10167:  5274.600000 1795.000000 70895.836885 (0,3)
Iteration 10205:  5241.818000 1795.000000 70808.360059 (0,3)
Iteration 10252:  5115.909000 1800.000000 71058.078514 (0,3)
Iteration 10259:  5097.305000 1799.000000 71071.351495 (0,3)
Iteration 10350:  5081.310000 1802.000000 71017.942295 (0,3)
Iteration 10354:  5056.951000 1802.000000 71076.018749 (0,3)
Iteration 10362:  5042.665000 1803.000000 70958.340556 (0,3)
Iteration 10364:  5037.506000 1802.000000 71158.408896 (0,3)
Iteration 10366:  4898.553000 1802.000000 71253.058701 (0,3)
Iteration 10374:  4896.910000 1802.000000 71222.151684 (0,3)
Iteration 10383:  4843.907000 1802.000000 71180.936654 (0,3)
Iteration 10583:  4826.197000 1796.000000 73313.281537 (0,3)
Iteration 10610:  4810.424000 1795.000000 72860.641066 (0,3)
Iteration 10617:  4776.415000 1795.000000 72731.160822 (0,3)
Iteration 10704:  4596.381000 1797.000000 72601.883962 (0,3)
Iteration 10707:  4483.143000 1797.000000 72454.932619 (0,3)
Iteration 10713:  4465.143000 1797.000000 72457.199815 (0,3)
Iteration 10720:  4282.300000 1796.000000 72586.068863 (0,3)
Iteration 10787:  4076.989000 1793.000000 72865.693527 (0,3)
Iteration 10862:  3836.747000 1792.000000 72835.015290 (0,3)
Iteration 10867:  3774.711000 1791.000000 74109.302567 (0,3)
Iteration 10893:  3741.866000 1791.000000 74041.310076 (0,3)
Iteration 10894:  3727.262000 1793.000000 74743.177101 (0,3)
Iteration 10896:  3474.547000 1793.000000 74868.029088 (0,3)
Iteration 10900:  3463.027000 1793.000000 74774.652350 (0,3)
Iteration 10905:  3454.423000 1793.000000 74729.058172 (0,3)
Iteration 10926:  3453.571000 1795.000000 74515.816373 (0,3)
Iteration 17757:  3248.411000 1890.000000 62959.995902 (1,3)
Iteration 17763:  3169.259000 1889.000000 63168.645517 (0,3)
Iteration 17804:  3137.097000 1889.000000 63139.093972 (0,3)
Iteration 17808:  3132.738000 1889.000000 63150.383309 (0,3)
Iteration 17820:  3128.379000 1888.000000 63109.723403 (0,3)
Iteration 17826:  3106.020000 1889.000000 63150.067566 (0,3)
Iteration 17832:  3057.862000 1889.000000 63147.004874 (1,3)
Iteration 17834:  2952.506000 1890.000000 63248.236437 (0,3)
Iteration 17857:  2947.469000 1890.000000 63309.132551 (0,3)
Iteration 17866:  2936.066000 1890.000000 63315.701657 (0,3)
Iteration 17954:  2924.224000 1889.000000 63436.841532 (0,3)
Iteration 17973:  2864.469000 1889.000000 63381.181062 (0,3)
Iteration 18002:  2862.311000 1889.000000 63405.536743 (0,3)
Iteration 18069:  2848.915000 1889.000000 63381.282113 (0,3)
Iteration 18071:  2832.757000 1889.000000 63356.971114 (0,3)
Iteration 18085:  2794.558000 1889.000000 63330.241622 (0,3)
Iteration 18095:  2793.753000 1889.000000 63355.172514 (0,3)
Iteration 18097:  2787.753000 1889.000000 63330.816833 (0,3)
Iteration 18108:  2631.199000 1889.000000 63324.975269 (0,3)
Iteration 18133:  2591.361000 1889.000000 63408.984555 (0,3)
Iteration 18139:  2589.361000 1889.000000 63541.828916 (2,3)
Iteration 18169:  2562.002000 1889.000000 63558.600822 (1,3)
Iteration 18175:  2560.002000 1889.000000 63527.388194 (0,3)
Iteration 18178:  2524.199000 1889.000000 63568.478388 (0,3)
Iteration 18197:  2499.317000 1889.000000 63533.145247 (0,3)
Iteration 18222:  2491.763000 1888.000000 63466.263240 (0,3)
Iteration 18224:  2487.357000 1888.000000 63431.286163 (0,3)
Iteration 18235:  2445.843000 1888.000000 63318.921727 (0,3)
Iteration 18240:  2318.159000 1888.000000 63406.715382 (0,3)
Iteration 18257:  2310.565000 1888.000000 63378.734327 (0,3)
Iteration 18298:  2291.444000 1888.000000 63377.024798 (0,3)
Iteration 18323:  2289.602000 1888.000000 63366.886264 (0,3)
Iteration 18360:  2285.088000 1888.000000 63413.830761 (0,3)
Iteration 18388:  2281.732000 1889.000000 63380.711453 (0,3)
Iteration 18401:  2267.574000 1889.000000 63468.683612 (0,3)
Iteration 18450:  2132.655000 1887.000000 63299.905627 (0,3)
Iteration 18465:  2020.692000 1887.000000 63330.635565 (0,3)
Iteration 18469:  2020.692000 1887.000000 63323.952194 (0,3)
Iteration 18517:  1984.209000 1887.000000 63282.437719 (0,3)
Iteration 18645:  1953.098000 1887.000000 63316.014904 (0,3)
Iteration 18676:  1950.987000 1887.000000 63326.946582 (0,3)
Iteration 18683:  1942.504000 1887.000000 63338.351800 (0,3)
Iteration 18705:  1838.455000 1887.000000 63341.185402 (0,3)
Iteration 18707:  1749.414000 1887.000000 63263.021798 (2,3)
Iteration 18711:  1619.455000 1887.000000 63202.832928 (2,3)
Iteration 18722:  1616.096000 1887.000000 63179.614260 (0,3)
Iteration 18723:  1544.651000 1887.000000 63461.667088 (0,0)
Iteration 18732:  1454.453000 1886.000000 63578.542580 (0,3)
Iteration 18736:  1439.611000 1886.000000 63576.099491 (0,3)
Iteration 18789:  1345.100000 1886.000000 63353.469999 (0,3)
Iteration 18790:  1338.862000 1886.000000 63259.093462 (0,3)
Iteration 18793:  1336.661000 1886.000000 63232.602084 (0,3)
Iteration 18796:  1300.304000 1886.000000 63242.248228 (0,3)
Iteration 18801:  1280.304000 1885.000000 63262.415400 (0,3)
Iteration 18806:  1265.663000 1885.000000 63202.557210 (0,3)
Iteration 18834:  1212.822000 1885.000000 63151.171804 (0,3)
Iteration 18840:  1205.218000 1885.000000 63191.308191 (0,3)
Iteration 18845:  1186.861000 1885.000000 63171.479187 (0,3)
Iteration 18879:  1185.306000 1885.000000 63105.184091 (0,3)
Iteration 18891:  1185.306000 1885.000000 63046.949159 (0,3)
Iteration 18915:  1170.823000 1886.000000 62999.260892 (0,3)
Iteration 18932:  1170.823000 1886.000000 62989.443610 (1,3)
Iteration 18974:  1168.981000 1886.000000 62963.709898 (0,3)
Iteration 19021:  1164.421000 1886.000000 63121.366412 (0,3)
Iteration 19022:  1147.579000 1886.000000 63144.585080 (0,3)
Iteration 19030:  1146.025000 1885.000000 63193.570938 (0,3)
Iteration 19049:  1129.868000 1886.000000 63488.293031 (0,3)
Iteration 19055:  1095.865000 1886.000000 63432.599282 (0,3)
Iteration 19165:  981.026000 1886.000000 63396.105892 (0,3)
Iteration 19316:  961.896000 1886.000000 63303.457336 (2,3)
Iteration 19330:  927.103000 1886.000000 63279.747321 (0,3)
Iteration 19339:  925.698000 1886.000000 63259.987473 (0,3)
Iteration 19353:  921.499000 1886.000000 63249.807566 (0,3)
Iteration 19396:  916.737000 1886.000000 63141.047042 (0,3)
Iteration 19455:  916.737000 1886.000000 63123.729574 (0,3)
Iteration 19651:  916.737000 1886.000000 63089.266573 (0,3)
Iteration 19667:  915.737000 1886.000000 63072.574451 (0,3)
Iteration 19669:  860.179000 1886.000000 63045.626200 (0,3)
Iteration 19691:  857.783000 1886.000000 63048.331539 (0,3)
Iteration 19697:  839.780000 1886.000000 62964.322253 (0,3)
Iteration 19972:  839.780000 1886.000000 62935.974275 (0,3)
Iteration 20043:  823.581000 1886.000000 62894.562879 (0,3)
Iteration 20211:  817.986000 1884.000000 62862.157103 (0,3)
Iteration 20240:  800.144000 1884.000000 62924.358012 (0,3)
Iteration 20301:  800.144000 1884.000000 62835.766980 (0,3)
Iteration 20323:  800.144000 1884.000000 62826.320409 (0,3)
Iteration 20342:  798.144000 1884.000000 62894.357308 (0,3)
Iteration 20520:  758.343000 1884.000000 62931.992774 (0,3)
Iteration 20635:  749.977000 1884.000000 62924.786915 (0,3)
Iteration 20946:  747.977000 1884.000000 62889.513406 (0,3)
Iteration 20984:  732.054000 1884.000000 62741.396511 (0,3)
Iteration 21028:  653.856000 1886.000000 62854.540277 (0,3)
Iteration 21214:  652.094000 1886.000000 62841.380494 (0,3)
Iteration 21333:  649.735000 1885.000000 62888.192668 (0,3)
Iteration 21801:  649.735000 1885.000000 62785.343650 (0,3)
Iteration 21951:  645.893000 1884.000000 62831.604867 (0,3)
Iteration 22050:  645.893000 1883.000000 62951.303673 (0,3)
Iteration 22052:  645.893000 1883.000000 62947.039808 (0,0)
Iteration 22190:  630.694000 1883.000000 63010.079522 (1,0)
Iteration 22238:  616.815000 1883.000000 62957.581738 (0,3)
total iterations: 76669, time elapsed: 3600.01s
Destroy operator: destroy_random_leafs, Weight: 0.2757, Score: 10466.65, Count: 37825
Destroy operator: destroy_path, Weight: 0.1008, Score: 1536.80, Count: 15210
Destroy operator: destroy_worst_affinity, Weight: 0.0898, Score: 1142.30, Count: 12699
Destroy operator: destroy_district_group, Weight: 0.0705, Score: 770.90, Count: 10934
Repair operator: repair_greedy_feasible, Weight: 0.0771, Score: 992.55, Count: 12850
Repair operator: repair_affinity_compact, Weight: 0.0687, Score: 800.50, Count: 11643
Repair operator: repair_nearest_center, Weight: 0.0714, Score: 862.20, Count: 12083
Repair operator: repair_2regret, Weight: 0.2799, Score: 11261.40, Count: 40092
