Initial solution objectives: Balance violation = 22516.6050, Affinity loss = 859, Compactness = 49119.2517
Iteration 0:  21870.335000 862.000000 48721.277917 (0,2)
Iteration 7:  16969.465000 876.000000 57162.219640 (3,0)
Iteration 508:  14064.070000 782.000000 47135.373459 (0,0)
Iteration 512:  13836.400000 779.000000 47173.557796 (0,3)
Iteration 513:  13545.700000 779.000000 47189.557813 (0,2)
Iteration 517:  12525.915000 788.000000 46332.131466 (3,2)
Iteration 1018:  2816.575000 959.000000 52862.160672 (3,0)
Iteration 14623:  2771.235000 979.000000 45737.828017 (1,3)
Iteration 14634:  2715.935000 978.000000 45650.674237 (0,3)
Iteration 14637:  2636.565000 978.000000 45641.188628 (0,0)
Iteration 14643:  2580.280000 978.000000 45772.829853 (0,0)
Iteration 14662:  2502.280000 978.000000 45886.136782 (0,3)
Iteration 14676:  2294.310000 977.000000 45723.688177 (0,2)
Iteration 14695:  1831.950000 975.000000 45629.484284 (1,3)
Iteration 14736:  1812.765000 975.000000 45694.257735 (1,3)
Iteration 14738:  1767.810000 976.000000 45651.585863 (0,3)
Iteration 14762:  1733.665000 976.000000 45680.829006 (1,3)
Iteration 14779:  1656.865000 975.000000 45682.652526 (0,3)
Iteration 14780:  1573.550000 974.000000 45708.724264 (0,3)
Iteration 14793:  1555.365000 975.000000 45734.939118 (0,3)
Iteration 14795:  1518.505000 974.000000 45707.357184 (2,3)
Iteration 14805:  1476.990000 971.000000 47761.961390 (0,3)
Iteration 14815:  1458.160000 970.000000 47777.207219 (0,0)
Iteration 14869:  1456.975000 970.000000 47602.236149 (0,3)
Iteration 14886:  1439.175000 970.000000 47529.070062 (0,3)
Iteration 14923:  1427.135000 970.000000 47472.958277 (0,3)
Iteration 15001:  1427.135000 970.000000 47394.723284 (0,3)
Iteration 15007:  1427.135000 970.000000 47342.366756 (2,3)
Iteration 15086:  1424.120000 970.000000 47505.192312 (1,3)
Iteration 15247:  1423.950000 970.000000 47696.701571 (2,3)
Iteration 15279:  1421.135000 970.000000 47727.745600 (0,3)
Iteration 15707:  1421.135000 970.000000 47705.991074 (0,0)
Iteration 15866:  1421.135000 970.000000 47643.356909 (0,3)
Iteration 15891:  1376.135000 971.000000 47532.153295 (1,2)
Iteration 15944:  1284.850000 971.000000 47595.931839 (1,1)
Iteration 16115:  1284.850000 971.000000 47505.103078 (0,3)
Iteration 18712:  1154.410000 983.000000 43071.719582 (0,3)
Iteration 18713:  1130.895000 983.000000 43103.155059 (1,2)
Iteration 18714:  1130.895000 983.000000 43049.445906 (1,2)
Iteration 18734:  1123.895000 983.000000 43086.203299 (0,3)
Iteration 18824:  1123.680000 982.000000 43309.537427 (0,3)
Iteration 35007:  1098.605000 842.000000 44269.880061 (0,3)
Iteration 35059:  966.935000 841.000000 44181.229274 (0,2)
Iteration 35066:  746.905000 842.000000 44098.668165 (0,3)
Iteration 35129:  746.905000 842.000000 44090.823897 (1,0)
Iteration 35137:  715.575000 840.000000 44226.491861 (0,3)
Iteration 35138:  669.620000 839.000000 44218.188306 (0,3)
Iteration 35144:  606.615000 841.000000 44541.967821 (0,3)
Iteration 35155:  572.615000 842.000000 44521.173634 (0,3)
Iteration 35174:  572.615000 841.000000 44600.687142 (0,3)
Iteration 35179:  572.615000 840.000000 44623.558563 (0,3)
Iteration 35186:  559.330000 840.000000 44484.575711 (0,3)
Iteration 35249:  538.315000 840.000000 44396.642926 (0,3)
Iteration 35257:  532.330000 840.000000 44579.294645 (0,3)
Iteration 35281:  528.330000 841.000000 44668.202388 (0,3)
Iteration 35300:  523.330000 840.000000 44550.643278 (2,3)
Iteration 35313:  441.800000 838.000000 44780.658122 (0,1)
Iteration 35349:  437.800000 838.000000 44790.499928 (0,3)
Iteration 35366:  437.800000 836.000000 44832.741672 (2,3)
Iteration 35386:  348.785000 836.000000 44787.038570 (0,3)
Iteration 35470:  335.785000 835.000000 44761.781287 (0,3)
Iteration 35491:  325.785000 835.000000 44749.018570 (1,3)
Iteration 35496:  320.800000 835.000000 44739.842703 (1,3)
Iteration 35509:  258.845000 835.000000 44584.020402 (0,3)
Iteration 35535:  239.030000 836.000000 44796.859367 (0,3)
Iteration 35610:  239.030000 834.000000 44835.692016 (0,3)
Iteration 35642:  239.030000 832.000000 44791.513604 (0,3)
Iteration 35694:  237.745000 830.000000 44873.796741 (0,3)
Iteration 35757:  237.745000 830.000000 44832.784404 (0,3)
Iteration 35790:  237.745000 829.000000 44899.211822 (0,3)
Iteration 36283:  230.760000 830.000000 45070.204476 (0,0)
Iteration 36393:  222.890000 829.000000 44958.308884 (0,3)
total iterations: 228052, time elapsed: 3600.02s
Destroy operator: destroy_random_leafs, Weight: 0.5312, Score: 31473.00, Count: 59249
Destroy operator: destroy_path, Weight: 0.5128, Score: 28793.50, Count: 56156
Destroy operator: destroy_worst_affinity, Weight: 0.5113, Score: 28476.50, Count: 55700
Destroy operator: destroy_district_group, Weight: 0.5163, Score: 29403.00, Count: 56946
Repair operator: repair_greedy_feasible, Weight: 0.5166, Score: 29258.50, Count: 56639
Repair operator: repair_affinity_compact, Weight: 0.5072, Score: 28223.00, Count: 55646
Repair operator: repair_nearest_center, Weight: 0.5125, Score: 28850.50, Count: 56292
Repair operator: repair_2regret, Weight: 0.5350, Score: 31814.00, Count: 59474
