Initial solution objectives: Balance violation = 16448.5280, Affinity loss = 998, Compactness = 26674.7775
Iteration 1:  14996.388000 998.000000 27071.538411 (0,0)
Iteration 3:  14831.814000 998.000000 27086.388388 (2,3)
Iteration 3524:  13405.612000 978.000000 27311.804248 (3,3)
Iteration 3526:  12777.944000 978.000000 27580.008939 (2,3)
Iteration 4694:  12562.798000 944.000000 28798.740798 (3,3)
Iteration 4697:  12175.842000 945.000000 28907.966243 (0,0)
Iteration 6326:  12171.016000 967.000000 28653.895654 (3,3)
Iteration 6327:  11259.758000 967.000000 28760.936038 (0,3)
Iteration 6328:  11082.706000 967.000000 28765.802584 (0,3)
Iteration 6331:  10952.232000 967.000000 28880.728402 (0,0)
Iteration 6333:  10849.306000 967.000000 28920.466651 (0,0)
Iteration 6341:  10713.798000 966.000000 29079.614541 (0,2)
Iteration 6345:  10647.874000 964.000000 29849.793333 (2,1)
Iteration 6358:  10382.792000 962.000000 29365.117213 (3,3)
Iteration 6362:  10324.982000 962.000000 29195.234425 (3,3)
Iteration 6363:  10062.370000 962.000000 29143.413610 (3,3)
Iteration 6364:  9557.272000 961.000000 29124.070825 (0,3)
Iteration 6365:  8976.570000 961.000000 29285.126693 (0,3)
Iteration 6367:  8350.298000 961.000000 29208.873971 (0,3)
Iteration 6379:  8333.232000 963.000000 29470.309069 (0,0)
Iteration 6381:  8293.232000 963.000000 29451.895406 (1,3)
Iteration 6397:  7994.998000 966.000000 29462.816543 (0,1)
Iteration 6399:  7992.606000 965.000000 29692.405200 (2,3)
Iteration 6405:  7826.222000 965.000000 29735.210331 (0,0)
Iteration 6411:  7764.516000 965.000000 29889.115174 (0,3)
Iteration 6412:  7684.266000 965.000000 29898.055106 (0,0)
Iteration 6477:  7330.542000 960.000000 29258.246061 (0,3)
Iteration 6481:  7322.434000 959.000000 29386.318579 (0,3)
Iteration 6484:  7033.300000 961.000000 29483.862705 (3,3)
Iteration 6489:  6924.990000 962.000000 29268.185313 (0,3)
Iteration 6490:  6737.242000 962.000000 29298.427752 (0,3)
Iteration 6495:  6238.156000 962.000000 29456.652761 (1,3)
Iteration 6622:  6168.114000 959.000000 29206.834810 (3,3)
Iteration 6624:  5764.378000 961.000000 29315.472275 (0,3)
Iteration 6629:  5654.494000 961.000000 29304.752264 (1,3)
Iteration 6632:  5554.144000 961.000000 29330.474325 (0,3)
Iteration 6637:  5544.846000 961.000000 29422.764078 (0,3)
Iteration 7832:  5456.592000 952.000000 28996.902315 (0,3)
Iteration 7850:  5400.838000 951.000000 29073.421069 (0,3)
Iteration 8096:  5328.964000 949.000000 29507.672398 (0,3)
Iteration 8105:  5323.334000 949.000000 29677.414127 (0,3)
Iteration 8107:  5133.874000 949.000000 29691.976433 (0,3)
Iteration 8173:  4986.880000 949.000000 29572.213824 (0,3)
Iteration 8178:  4985.630000 949.000000 29489.510833 (0,3)
Iteration 8181:  4802.130000 949.000000 29692.108204 (0,3)
Iteration 8193:  4108.604000 950.000000 30082.603922 (0,3)
Iteration 8195:  3835.858000 950.000000 30143.407145 (1,3)
Iteration 8512:  3558.552000 949.000000 30155.417901 (1,3)
Iteration 8516:  3498.802000 949.000000 30088.098918 (0,3)
Iteration 8528:  3401.660000 949.000000 30213.422425 (0,3)
Iteration 8704:  3391.942000 946.000000 29724.682012 (0,3)
Iteration 8719:  3383.644000 945.000000 29661.517429 (1,1)
Iteration 8722:  3301.502000 945.000000 29768.023369 (0,3)
Iteration 8731:  3242.062000 945.000000 29864.414603 (0,3)
Iteration 8738:  3227.062000 945.000000 29884.850782 (2,3)
Iteration 9973:  3053.686000 958.000000 28700.506186 (0,3)
Iteration 9976:  2859.338000 958.000000 28584.267286 (2,3)
Iteration 10022:  2754.010000 958.000000 28639.290654 (1,0)
Iteration 10053:  2629.924000 959.000000 28685.838543 (0,3)
Iteration 10055:  2581.554000 960.000000 28774.884521 (3,3)
Iteration 10067:  2520.554000 960.000000 28743.779105 (0,3)
Iteration 10132:  2280.610000 961.000000 28906.988403 (0,3)
Iteration 10134:  2233.692000 960.000000 28988.869164 (0,3)
Iteration 10137:  2210.692000 960.000000 29041.172779 (1,0)
Iteration 10180:  1951.692000 960.000000 29965.673248 (0,3)
Iteration 10181:  1940.320000 960.000000 30071.270052 (0,0)
Iteration 10400:  1911.738000 960.000000 29634.053051 (2,3)
Iteration 10410:  1907.186000 959.000000 29747.250161 (0,3)
Iteration 10412:  1829.186000 959.000000 29728.922138 (0,3)
Iteration 10416:  1816.578000 959.000000 29722.025035 (1,2)
Iteration 10435:  1629.354000 960.000000 29633.608418 (0,3)
Iteration 10447:  1616.104000 960.000000 29552.255627 (0,3)
Iteration 10451:  1616.104000 960.000000 29466.815711 (2,3)
Iteration 10578:  1572.758000 960.000000 29341.497503 (0,3)
Iteration 10582:  1560.038000 960.000000 29568.134669 (0,3)
Iteration 10596:  1551.452000 961.000000 29530.312275 (0,3)
Iteration 10602:  1520.452000 961.000000 29592.854752 (0,3)
Iteration 10618:  1509.934000 961.000000 29687.029252 (2,3)
Iteration 10619:  1242.800000 961.000000 29686.647485 (0,3)
Iteration 10696:  1228.534000 960.000000 29887.436774 (0,3)
Iteration 10698:  1172.534000 960.000000 29837.360635 (0,3)
Iteration 10705:  1141.176000 960.000000 29831.685713 (0,3)
Iteration 10714:  1133.974000 960.000000 29875.936775 (0,3)
Iteration 10998:  1061.658000 957.000000 29596.343466 (0,3)
Iteration 11015:  1056.658000 957.000000 29673.626359 (1,1)
Iteration 11208:  1056.020000 953.000000 30235.107903 (0,3)
Iteration 11212:  1056.020000 951.000000 30292.674736 (0,3)
Iteration 11292:  1008.662000 951.000000 30330.625132 (0,0)
Iteration 11294:  977.304000 951.000000 30324.950210 (0,3)
Iteration 11613:  973.854000 952.000000 30472.881769 (0,0)
Iteration 11629:  967.040000 951.000000 30392.682733 (0,3)
Iteration 11649:  942.648000 950.000000 30369.228166 (0,3)
Iteration 11928:  917.254000 951.000000 30390.124377 (0,3)
total iterations: 315367, time elapsed: 3600.00s
Destroy operator: destroy_random_leafs, Weight: 0.2691, Score: 41521.80, Count: 154270
Destroy operator: destroy_path, Weight: 0.1084, Score: 6911.35, Count: 63783
Destroy operator: destroy_worst_affinity, Weight: 0.0853, Score: 4295.20, Count: 50357
Destroy operator: destroy_district_group, Weight: 0.0760, Score: 3570.35, Count: 46956
Repair operator: repair_greedy_feasible, Weight: 0.1135, Score: 7802.05, Count: 68726
Repair operator: repair_affinity_compact, Weight: 0.0693, Score: 2965.45, Count: 42820
Repair operator: repair_nearest_center, Weight: 0.0736, Score: 3368.50, Count: 45740
Repair operator: repair_2regret, Weight: 0.2667, Score: 42162.70, Count: 158080
