Initial solution objectives: Balance violation = 23668.7730, Affinity loss = 973, Compactness = 26571.1339
Iteration 1503:  23598.852000 934.000000 28267.002135 (1,0)
Iteration 1512:  23594.027000 934.000000 27693.883071 (0,0)
Iteration 2013:  22203.828000 957.000000 25888.072256 (2,2)
Iteration 4528:  20880.272000 954.000000 28757.045967 (1,2)
Iteration 4532:  20659.103000 952.000000 28788.878017 (3,3)
Iteration 5040:  20089.215000 978.000000 27554.586209 (3,2)
Iteration 5076:  19807.302000 978.000000 28272.442759 (0,0)
Iteration 5077:  19807.302000 978.000000 28272.442759 (2,3)
Iteration 5135:  18188.729000 971.000000 27998.262368 (3,1)
Iteration 5163:  17664.670000 972.000000 27189.933731 (0,3)
Iteration 5164:  17368.665000 972.000000 27163.423257 (3,3)
Iteration 5165:  17227.938000 972.000000 27157.195900 (1,3)
Iteration 5167:  16866.938000 972.000000 27306.335177 (0,3)
Iteration 5169:  16545.267000 972.000000 27416.743880 (0,0)
Iteration 8740:  16510.453000 978.000000 27132.747388 (0,2)
Iteration 8741:  16498.180000 978.000000 27077.282157 (1,2)
Iteration 8742:  16156.296000 978.000000 27067.805087 (0,3)
Iteration 8743:  15337.445000 978.000000 27154.207866 (0,3)
Iteration 8745:  15179.570000 978.000000 27270.449281 (0,3)
Iteration 8746:  15142.014000 978.000000 27211.998149 (0,3)
Iteration 8758:  15121.708000 976.000000 27566.801191 (0,3)
Iteration 8759:  14727.554000 976.000000 27611.312728 (0,3)
Iteration 8774:  14600.535000 976.000000 27623.938131 (1,3)
Iteration 8777:  14198.678000 975.000000 27764.344626 (0,3)
Iteration 8779:  13931.372000 974.000000 27558.286141 (0,2)
Iteration 8785:  13190.252000 974.000000 27679.834064 (0,0)
Iteration 8799:  13058.239000 970.000000 28066.203821 (0,3)
Iteration 8800:  12982.480000 970.000000 28257.261727 (1,0)
Iteration 8802:  12874.480000 970.000000 28192.837515 (0,3)
Iteration 8807:  12835.480000 972.000000 28343.609636 (0,3)
Iteration 8809:  12671.049000 972.000000 28399.121374 (0,3)
Iteration 8812:  12376.229000 971.000000 28281.888318 (0,2)
Iteration 8836:  12149.469000 971.000000 28166.429469 (0,3)
Iteration 8837:  12119.344000 971.000000 28552.680928 (1,0)
Iteration 8853:  12001.845000 969.000000 28412.082749 (0,3)
Iteration 8855:  11775.609000 969.000000 28418.603219 (3,3)
Iteration 8857:  11736.053000 968.000000 28400.135184 (1,3)
Iteration 8862:  11727.053000 968.000000 28630.836475 (0,3)
Iteration 8864:  11722.568000 969.000000 28526.787869 (0,2)
Iteration 8869:  11626.373000 970.000000 28358.529120 (0,2)
Iteration 8945:  11479.197000 968.000000 28913.879919 (0,3)
Iteration 8946:  11401.424000 968.000000 28418.305608 (1,3)
Iteration 8973:  11377.434000 972.000000 28450.227006 (0,3)
Iteration 8975:  11252.452000 972.000000 28502.745065 (0,3)
Iteration 8985:  11135.913000 969.000000 28703.625263 (1,3)
Iteration 8994:  10928.803000 969.000000 28862.644563 (0,0)
Iteration 8997:  10866.387000 969.000000 28852.805729 (0,3)
Iteration 9000:  10761.897000 968.000000 29054.056686 (0,0)
Iteration 9018:  10708.180000 968.000000 29315.426151 (0,0)
Iteration 9020:  10633.759000 967.000000 29374.463281 (0,1)
Iteration 9024:  10268.884000 967.000000 29349.928137 (0,3)
Iteration 9027:  10246.884000 967.000000 29454.589756 (0,3)
Iteration 9088:  10235.656000 969.000000 29417.993322 (2,2)
Iteration 9101:  9925.730000 969.000000 29425.346846 (0,0)
Iteration 9104:  9808.960000 970.000000 29346.201086 (0,2)
Iteration 9126:  9563.363000 970.000000 29395.204972 (0,3)
Iteration 9127:  9539.354000 968.000000 29365.679178 (0,0)
Iteration 9134:  9476.096000 968.000000 29352.753769 (0,3)
Iteration 9139:  9315.823000 968.000000 29371.769556 (0,3)
Iteration 9148:  9035.096000 966.000000 29338.501644 (0,3)
Iteration 9169:  8992.051000 962.000000 29214.934016 (0,3)
Iteration 9177:  8681.301000 962.000000 29224.502339 (0,3)
Iteration 9183:  8514.658000 960.000000 29118.857619 (0,3)
Iteration 9184:  8440.306000 960.000000 29117.118880 (0,0)
Iteration 9185:  8425.144000 960.000000 29146.293283 (1,3)
Iteration 9294:  8370.243000 955.000000 29828.564121 (0,0)
Iteration 9300:  8260.785000 953.000000 29621.789974 (0,3)
Iteration 9301:  8196.785000 953.000000 29587.855174 (0,3)
Iteration 9312:  8023.132000 955.000000 29556.819534 (0,0)
Iteration 9314:  7812.859000 955.000000 29610.965437 (0,3)
Iteration 9320:  7713.225000 956.000000 29471.096426 (0,3)
Iteration 9351:  7576.023000 952.000000 29138.294368 (0,3)
Iteration 9481:  7558.180000 952.000000 29394.034887 (0,3)
Iteration 9482:  7445.328000 953.000000 29370.607050 (0,3)
Iteration 9487:  7205.291000 953.000000 29318.121795 (0,3)
Iteration 9498:  7184.300000 953.000000 29169.508065 (1,2)
Iteration 9505:  7155.911000 953.000000 29178.046363 (0,3)
Iteration 9507:  7065.152000 953.000000 29218.276140 (0,3)
Iteration 9509:  6926.995000 954.000000 29293.381751 (0,0)
Iteration 9510:  6892.144000 956.000000 29297.111142 (0,3)
Iteration 9517:  6673.098000 958.000000 29360.819599 (0,3)
Iteration 9545:  6650.214000 958.000000 29355.452963 (0,3)
Iteration 9549:  6640.487000 956.000000 29324.839540 (1,3)
Iteration 9550:  6600.019000 956.000000 29463.330744 (0,3)
Iteration 9552:  6576.417000 956.000000 29445.743731 (0,3)
Iteration 9561:  6455.426000 956.000000 29455.777866 (0,3)
Iteration 9845:  6438.372000 946.000000 30022.091454 (0,3)
Iteration 9865:  6136.622000 946.000000 30080.735303 (0,3)
Iteration 9875:  6133.497000 946.000000 30063.872375 (0,3)
Iteration 9979:  6114.625000 946.000000 30495.573965 (0,3)
Iteration 9992:  5792.157000 945.000000 30747.864590 (0,3)
Iteration 9998:  5773.750000 945.000000 30667.477179 (1,1)
Iteration 10002:  5583.880000 945.000000 30785.416201 (0,3)
Iteration 10047:  5525.052000 943.000000 30622.501186 (0,3)
Iteration 10072:  5520.924000 941.000000 30737.574643 (0,3)
Iteration 10080:  5473.642000 941.000000 30708.439264 (0,3)
Iteration 10098:  5382.172000 943.000000 30598.123509 (0,3)
Iteration 10104:  5296.916000 943.000000 30587.535923 (0,3)
Iteration 10105:  5180.448000 943.000000 30593.295454 (0,0)
Iteration 10107:  5168.439000 945.000000 30587.118706 (0,3)
Iteration 10115:  5168.439000 943.000000 30593.469420 (0,3)
Iteration 10124:  5158.555000 943.000000 30625.652100 (1,3)
Iteration 10332:  5063.005000 939.000000 32506.548977 (0,3)
Iteration 10351:  4959.958000 939.000000 32589.091156 (0,3)
Iteration 10355:  4940.357000 939.000000 32671.207240 (0,3)
Iteration 10359:  4772.204000 939.000000 32617.934414 (0,3)
Iteration 10369:  4736.908000 939.000000 32523.118178 (1,3)
Iteration 10372:  4613.750000 938.000000 32580.125389 (0,3)
Iteration 10386:  4540.310000 938.000000 32623.627890 (0,3)
Iteration 10434:  4393.875000 938.000000 32251.818636 (0,3)
Iteration 10447:  4359.699000 938.000000 32282.762739 (0,0)
Iteration 10455:  4300.690000 935.000000 32902.183397 (0,3)
Iteration 10473:  4243.417000 934.000000 32934.414052 (0,3)
Iteration 10658:  4201.553000 936.000000 32819.179841 (0,3)
Iteration 10769:  4188.237000 934.000000 32706.931491 (0,3)
Iteration 10783:  4162.793000 935.000000 32844.598569 (0,3)
Iteration 10788:  4106.793000 935.000000 32837.698915 (0,3)
Iteration 10798:  4091.793000 935.000000 32811.209431 (0,3)
Iteration 48800:  4022.494000 927.000000 32046.387016 (0,3)
Iteration 48809:  3890.582000 927.000000 32100.903869 (0,3)
Iteration 48813:  3876.323000 927.000000 32017.264158 (0,3)
Iteration 48828:  3848.730000 927.000000 32186.475538 (0,3)
Iteration 48830:  3808.730000 927.000000 32130.638601 (0,3)
Iteration 48869:  3741.864000 927.000000 32089.850597 (0,3)
Iteration 48871:  3723.748000 927.000000 32193.981167 (0,3)
Iteration 48877:  3581.326000 927.000000 32783.665980 (0,3)
Iteration 48901:  3568.715000 927.000000 32811.296643 (0,3)
Iteration 48903:  3553.168000 926.000000 32802.943273 (0,3)
Iteration 48915:  3543.177000 926.000000 32744.418923 (0,3)
Iteration 48931:  3526.904000 926.000000 32718.207444 (0,3)
Iteration 48946:  3525.756000 926.000000 32688.277653 (0,3)
Iteration 48950:  3459.446000 926.000000 32620.583302 (0,3)
Iteration 48960:  3362.571000 926.000000 32908.308969 (0,0)
Iteration 48965:  3361.571000 926.000000 32936.065662 (0,3)
Iteration 48974:  3360.571000 926.000000 32910.987124 (0,3)
Iteration 48978:  3355.525000 926.000000 32976.583930 (0,3)
Iteration 48989:  3235.345000 925.000000 32946.462066 (0,3)
Iteration 49006:  3228.017000 927.000000 33006.925294 (0,3)
Iteration 49011:  3228.017000 927.000000 32944.179023 (0,3)
Iteration 49020:  3218.832000 927.000000 33027.818735 (0,3)
Iteration 49041:  3167.554000 927.000000 33064.452405 (1,3)
Iteration 49045:  3163.998000 927.000000 33052.729468 (0,3)
Iteration 49070:  3122.558000 926.000000 33012.644746 (0,3)
Iteration 49077:  3102.043000 925.000000 33077.777932 (0,0)
Iteration 49083:  3050.765000 925.000000 33114.411602 (1,3)
Iteration 49084:  2979.899000 925.000000 33190.972866 (0,3)
Iteration 49097:  2883.140000 925.000000 33206.626569 (0,3)
Iteration 49118:  2835.297000 923.000000 33206.189800 (0,3)
Iteration 49140:  2792.181000 923.000000 33079.142231 (0,3)
Iteration 49202:  2760.899000 923.000000 33654.700501 (0,0)
Iteration 49210:  2755.899000 923.000000 33564.163015 (0,3)
Iteration 49223:  2735.330000 923.000000 33530.647340 (0,3)
Iteration 49237:  2697.298000 923.000000 33414.125568 (0,0)
Iteration 49269:  2626.821000 923.000000 33521.734381 (0,3)
Iteration 49322:  2626.821000 923.000000 33282.949075 (0,3)
Iteration 49335:  2595.571000 923.000000 33230.251150 (0,3)
Iteration 49403:  2563.553000 923.000000 33296.516460 (0,3)
Iteration 49745:  2554.553000 923.000000 33276.215275 (0,3)
Iteration 49861:  2522.594000 923.000000 33314.412089 (0,3)
Iteration 50162:  2512.553000 923.000000 33256.138892 (0,3)
total iterations: 279310, time elapsed: 3600.02s
Destroy operator: destroy_random_leafs, Weight: 0.2694, Score: 37390.85, Count: 138749
Destroy operator: destroy_path, Weight: 0.1066, Score: 5982.90, Count: 56069
Destroy operator: destroy_worst_affinity, Weight: 0.0849, Score: 3758.20, Count: 44239
Destroy operator: destroy_district_group, Weight: 0.0755, Score: 3037.70, Count: 40252
Repair operator: repair_greedy_feasible, Weight: 0.1091, Score: 6442.60, Count: 59034
Repair operator: repair_affinity_compact, Weight: 0.0699, Score: 2665.35, Count: 38114
Repair operator: repair_nearest_center, Weight: 0.0735, Score: 3023.05, Count: 41147
Repair operator: repair_2regret, Weight: 0.2697, Score: 38038.65, Count: 141014
