Initial solution objectives: Balance violation = 28308.1020, Affinity loss = 1948, Compactness = 56582.3693
Iteration 507:  27573.634000 1940.000000 59021.162191 (0,0)
Iteration 508:  27011.628000 1940.000000 59052.479685 (1,3)
Iteration 514:  26229.104000 1940.000000 58799.070713 (0,3)
Iteration 525:  25936.374000 1940.000000 58629.859020 (3,3)
Iteration 538:  25146.358000 1940.000000 58205.684630 (3,3)
Iteration 539:  25112.896000 1940.000000 58215.681044 (1,1)
Iteration 2549:  24911.428000 1920.000000 58395.602721 (0,3)
Iteration 2550:  24523.016000 1915.000000 58009.523475 (0,1)
Iteration 2551:  24523.016000 1915.000000 58031.645200 (1,0)
Iteration 2552:  24150.904000 1915.000000 58311.581903 (3,3)
Iteration 2553:  23889.562000 1915.000000 58216.304031 (3,3)
Iteration 2557:  22827.060000 1915.000000 58889.668971 (0,3)
Iteration 3063:  22823.348000 1981.000000 55734.733639 (0,3)
Iteration 3065:  22751.036000 1981.000000 55651.025218 (2,3)
Iteration 3066:  22232.622000 1981.000000 55764.565255 (0,3)
Iteration 3067:  21781.160000 1981.000000 55788.964609 (0,3)
Iteration 5095:  20114.922000 1933.000000 54884.123421 (0,3)
Iteration 5101:  19078.558000 1933.000000 54795.642804 (0,0)
Iteration 5125:  18734.070000 1930.000000 55870.537570 (0,3)
Iteration 5127:  17612.702000 1932.000000 55477.976475 (0,2)
Iteration 5128:  17232.234000 1930.000000 55477.206398 (0,3)
Iteration 5131:  17034.702000 1930.000000 55433.023461 (0,1)
Iteration 5133:  16801.142000 1929.000000 55520.920509 (0,3)
Iteration 5136:  16582.118000 1930.000000 55599.485796 (0,3)
Iteration 8219:  16460.996000 1900.000000 56872.399969 (0,3)
Iteration 8221:  16422.700000 1899.000000 56951.155048 (2,3)
Iteration 8222:  16179.654000 1898.000000 56926.790396 (0,3)
Iteration 8223:  15959.240000 1896.000000 56997.766346 (0,3)
Iteration 8226:  15021.972000 1899.000000 57401.986139 (0,3)
Iteration 8234:  14645.624000 1900.000000 59159.387595 (3,3)
Iteration 8237:  14441.570000 1900.000000 59179.350139 (2,3)
Iteration 8239:  14338.958000 1895.000000 59903.062886 (0,1)
Iteration 8253:  14041.972000 1896.000000 61025.947187 (0,3)
Iteration 8258:  13016.936000 1897.000000 61126.861393 (0,3)
Iteration 8261:  12616.172000 1897.000000 61144.995696 (2,3)
Iteration 8311:  11885.824000 1893.000000 60971.984537 (0,3)
Iteration 8314:  11378.692000 1893.000000 60635.089344 (0,3)
Iteration 8319:  11374.224000 1893.000000 60653.410731 (2,3)
Iteration 8884:  11309.502000 1888.000000 57804.774546 (1,3)
Iteration 8892:  10763.178000 1887.000000 58367.278081 (0,3)
Iteration 8896:  10283.330000 1890.000000 58285.735897 (0,3)
Iteration 8897:  9853.946000 1890.000000 58143.615379 (0,3)
Iteration 8908:  9834.606000 1890.000000 57888.087337 (1,3)
Iteration 8909:  9777.864000 1890.000000 57905.427070 (1,3)
Iteration 8915:  9563.154000 1888.000000 57672.275798 (1,3)
Iteration 8919:  9459.166000 1886.000000 57684.885701 (0,3)
Iteration 8920:  9459.166000 1885.000000 57729.471023 (2,3)
Iteration 8934:  9373.598000 1883.000000 57435.360186 (0,3)
Iteration 8940:  9308.544000 1883.000000 57407.829038 (2,3)
Iteration 8947:  8951.640000 1883.000000 57497.804525 (0,3)
Iteration 8956:  8635.336000 1883.000000 57451.298757 (0,3)
Iteration 8957:  8563.282000 1883.000000 57404.733121 (2,3)
Iteration 8959:  8439.990000 1883.000000 57430.815716 (1,2)
Iteration 8961:  7711.420000 1883.000000 57475.549388 (0,3)
Iteration 8963:  7562.420000 1883.000000 57654.240380 (0,3)
Iteration 8973:  7543.020000 1884.000000 57999.284453 (0,0)
Iteration 8974:  7397.966000 1884.000000 58071.204164 (1,0)
Iteration 8989:  7299.522000 1882.000000 57984.714748 (0,3)
Iteration 9000:  7071.498000 1879.000000 58040.978858 (0,3)
Iteration 9008:  7023.450000 1879.000000 58027.164083 (0,3)
Iteration 9010:  6939.152000 1879.000000 58048.614256 (0,3)
Iteration 9014:  6794.200000 1879.000000 58056.789816 (0,3)
Iteration 9020:  6750.904000 1879.000000 58158.891598 (0,3)
Iteration 9106:  6589.640000 1873.000000 58504.371997 (0,3)
Iteration 9109:  6587.416000 1873.000000 58478.064714 (0,3)
Iteration 9126:  6455.290000 1874.000000 58540.944826 (0,0)
Iteration 9245:  6445.216000 1875.000000 59490.535027 (2,3)
Iteration 9249:  6419.850000 1875.000000 59509.792900 (0,3)
Iteration 9250:  6286.796000 1873.000000 59324.309687 (0,3)
Iteration 9277:  6284.240000 1876.000000 59145.377093 (0,3)
Iteration 9278:  6279.996000 1876.000000 59224.142418 (0,3)
Iteration 9279:  6213.254000 1877.000000 59197.827844 (0,3)
Iteration 9288:  6087.736000 1877.000000 59147.162017 (0,3)
Iteration 9320:  5881.786000 1878.000000 60015.113769 (0,3)
Iteration 9358:  5834.198000 1878.000000 59864.349356 (0,3)
Iteration 9359:  5821.198000 1878.000000 59866.863076 (0,3)
Iteration 9394:  5809.536000 1879.000000 60110.105810 (0,3)
Iteration 9413:  5773.692000 1878.000000 60043.413019 (0,3)
Iteration 9512:  5695.064000 1876.000000 60306.905211 (0,3)
Iteration 9514:  5583.426000 1876.000000 60542.556220 (0,0)
Iteration 9516:  5449.060000 1874.000000 60415.092011 (0,3)
Iteration 9518:  5353.506000 1874.000000 60458.621995 (0,3)
Iteration 9522:  4969.416000 1873.000000 60074.334529 (0,3)
Iteration 9523:  4942.856000 1872.000000 60202.508219 (0,3)
Iteration 9528:  4705.352000 1872.000000 60555.110131 (0,3)
Iteration 9529:  4672.250000 1872.000000 60563.284853 (0,3)
Iteration 9531:  4666.250000 1872.000000 60648.625567 (1,3)
Iteration 9535:  4596.376000 1875.000000 60756.211463 (0,3)
Iteration 9540:  4566.810000 1875.000000 60805.955655 (0,3)
Iteration 9541:  4496.858000 1875.000000 60791.071204 (0,3)
Iteration 9551:  4367.780000 1876.000000 60992.048937 (0,3)
Iteration 9555:  4367.244000 1876.000000 60692.396575 (0,3)
Iteration 9557:  4185.292000 1876.000000 60713.092312 (0,3)
Iteration 9566:  4184.340000 1876.000000 60800.196842 (0,3)
Iteration 9569:  4139.872000 1876.000000 60878.304559 (0,3)
Iteration 9572:  4111.404000 1876.000000 60855.760900 (0,3)
Iteration 12511:  3864.624000 1904.000000 60538.068163 (0,3)
Iteration 12544:  3841.448000 1904.000000 60561.941171 (0,3)
Iteration 12547:  3560.382000 1903.000000 60685.089680 (0,3)
Iteration 12548:  3559.070000 1903.000000 60640.302139 (0,3)
Iteration 12549:  3559.070000 1903.000000 60640.302139 (1,3)
Iteration 12885:  3551.642000 1893.000000 60746.477318 (0,3)
Iteration 12886:  3551.642000 1893.000000 60732.114197 (1,3)
Iteration 12946:  3538.908000 1890.000000 60615.530038 (1,0)
Iteration 12977:  3456.908000 1890.000000 60619.585954 (0,3)
Iteration 12978:  3446.956000 1890.000000 60635.533687 (0,3)
Iteration 12991:  3380.400000 1890.000000 60578.447538 (0,3)
Iteration 12997:  3380.400000 1890.000000 60569.710629 (0,3)
Iteration 13066:  3378.692000 1890.000000 60684.600120 (0,3)
Iteration 13067:  3378.692000 1890.000000 60639.218939 (0,3)
Iteration 13069:  3378.692000 1890.000000 60609.931007 (2,3)
Iteration 13073:  3378.692000 1890.000000 60608.673347 (0,3)
Iteration 13086:  3378.692000 1890.000000 60466.388231 (1,3)
Iteration 13087:  2946.984000 1890.000000 60365.325140 (0,3)
Iteration 13108:  2923.100000 1888.000000 60347.943984 (0,3)
Iteration 13144:  2762.090000 1892.000000 59915.889857 (0,2)
Iteration 13401:  2524.746000 1886.000000 59605.370743 (0,3)
Iteration 13404:  2504.740000 1888.000000 59750.907007 (0,0)
Iteration 13416:  2485.966000 1887.000000 59785.244263 (0,3)
Iteration 13418:  2464.434000 1887.000000 60241.877451 (0,3)
Iteration 13435:  2405.284000 1885.000000 60090.818513 (0,3)
Iteration 13465:  2280.900000 1887.000000 59645.793450 (0,3)
Iteration 13496:  2266.660000 1888.000000 59611.663354 (0,3)
Iteration 13499:  2266.660000 1888.000000 59563.648949 (0,3)
Iteration 13501:  2266.660000 1888.000000 59562.584374 (3,3)
Iteration 13536:  2258.836000 1887.000000 60562.794086 (0,3)
Iteration 13578:  2258.304000 1887.000000 60514.583319 (0,3)
Iteration 13579:  2256.548000 1887.000000 60561.209053 (0,3)
Iteration 13581:  2255.304000 1887.000000 60710.300735 (0,3)
Iteration 13722:  2252.494000 1882.000000 60625.606662 (0,3)
Iteration 13744:  2237.366000 1882.000000 60785.524084 (0,3)
Iteration 13754:  2237.366000 1882.000000 60779.204332 (0,3)
Iteration 13764:  2237.366000 1882.000000 60746.916440 (0,3)
Iteration 13765:  2237.366000 1882.000000 60741.770262 (0,3)
Iteration 13983:  2054.352000 1881.000000 59931.220185 (0,3)
Iteration 13985:  2054.352000 1881.000000 59924.335548 (0,3)
Iteration 13986:  2054.352000 1881.000000 59902.991026 (0,3)
Iteration 13994:  1898.314000 1881.000000 59836.574913 (0,3)
Iteration 14004:  1897.022000 1881.000000 59778.635682 (0,3)
Iteration 14019:  1889.490000 1881.000000 59938.355320 (0,3)
Iteration 14036:  1881.782000 1881.000000 59986.088593 (1,3)
Iteration 14084:  1805.972000 1880.000000 59704.362495 (1,3)
Iteration 14169:  1792.270000 1878.000000 59792.521860 (0,3)
Iteration 14173:  1792.270000 1878.000000 59707.640431 (1,3)
Iteration 14188:  1785.216000 1880.000000 59759.322058 (0,3)
Iteration 14198:  1779.748000 1882.000000 59733.458493 (0,3)
Iteration 14199:  1778.748000 1882.000000 59632.658255 (0,3)
Iteration 14239:  1778.748000 1882.000000 59625.240463 (0,3)
Iteration 14263:  1778.748000 1882.000000 59622.514602 (0,3)
Iteration 14306:  1778.088000 1880.000000 59553.359581 (0,3)
Iteration 14526:  1776.386000 1880.000000 59663.380721 (0,3)
Iteration 14536:  1772.386000 1880.000000 59698.914646 (0,3)
Iteration 14556:  1760.210000 1880.000000 59745.406151 (0,3)
Iteration 14578:  1760.210000 1879.000000 59892.239086 (0,3)
Iteration 14612:  1749.040000 1877.000000 59873.486074 (0,3)
Iteration 14630:  1749.040000 1877.000000 59852.300822 (0,3)
Iteration 14648:  1748.508000 1877.000000 59897.689411 (0,3)
Iteration 14980:  1719.914000 1871.000000 59819.915929 (0,3)
Iteration 14988:  1712.446000 1871.000000 59905.476844 (0,3)
Iteration 15021:  1712.446000 1871.000000 59894.080099 (0,3)
Iteration 15029:  1708.738000 1871.000000 59893.554355 (0,3)
Iteration 15381:  1597.510000 1865.000000 60262.053055 (0,0)
Iteration 15392:  1554.904000 1865.000000 60435.052369 (0,3)
Iteration 15419:  1554.904000 1863.000000 60461.329223 (0,3)
Iteration 15422:  1554.904000 1863.000000 60380.154014 (0,3)
Iteration 15451:  1554.904000 1863.000000 60259.680565 (0,3)
Iteration 15463:  1554.904000 1862.000000 60315.134153 (0,3)
Iteration 15472:  1554.904000 1862.000000 60226.620328 (0,3)
Iteration 15475:  1554.904000 1861.000000 60247.438568 (0,3)
Iteration 15476:  1540.592000 1861.000000 60241.133533 (0,3)
Iteration 15494:  1529.280000 1861.000000 60192.541493 (0,3)
Iteration 15518:  1446.890000 1860.000000 60022.996527 (0,3)
Iteration 15572:  1443.578000 1859.000000 60054.915139 (0,3)
Iteration 15573:  1443.578000 1859.000000 60028.187582 (0,3)
Iteration 15617:  1423.110000 1859.000000 60680.303284 (0,3)
Iteration 15639:  1423.110000 1859.000000 60605.884047 (0,3)
Iteration 15644:  1423.110000 1859.000000 60586.004365 (0,3)
Iteration 15712:  1423.110000 1858.000000 60646.278116 (0,3)
Iteration 15788:  1422.918000 1858.000000 60970.712236 (0,0)
Iteration 15793:  1422.918000 1858.000000 60969.428470 (0,3)
Iteration 15805:  1416.918000 1858.000000 61027.863008 (0,3)
Iteration 15819:  1416.918000 1858.000000 61023.360895 (0,3)
Iteration 15854:  1276.230000 1858.000000 61041.875730 (1,3)
Iteration 15938:  1276.004000 1858.000000 61015.005188 (1,3)
Iteration 15952:  1275.698000 1858.000000 61008.577537 (0,3)
Iteration 15981:  1258.138000 1856.000000 61141.579741 (0,3)
Iteration 16044:  1258.138000 1856.000000 61136.060717 (0,3)
Iteration 16112:  1257.430000 1857.000000 61158.351706 (1,2)
Iteration 16147:  1169.138000 1857.000000 61157.610945 (1,1)
Iteration 16194:  1079.742000 1857.000000 61232.877872 (1,0)
Iteration 16218:  1069.742000 1857.000000 61208.712007 (0,3)
Iteration 16283:  1031.992000 1861.000000 61056.084813 (1,2)
Iteration 16286:  1031.992000 1860.000000 61050.644568 (1,3)
Iteration 16287:  1028.700000 1860.000000 61073.845696 (0,3)
Iteration 16376:  1026.700000 1858.000000 61235.305770 (0,3)
Iteration 16779:  1026.040000 1857.000000 61392.143250 (0,3)
Iteration 16786:  1011.954000 1857.000000 61337.052792 (0,3)
Iteration 16839:  1011.954000 1857.000000 61226.807789 (0,3)
Iteration 16873:  1002.416000 1857.000000 61237.334447 (0,3)
Iteration 16891:  928.708000 1857.000000 61256.126133 (0,3)
Iteration 17047:  915.190000 1856.000000 61213.923875 (0,3)
Iteration 17117:  898.586000 1855.000000 60916.753802 (0,3)
Iteration 17138:  898.586000 1855.000000 60888.983005 (0,3)
Iteration 17143:  898.586000 1855.000000 60842.359700 (0,3)
Iteration 17171:  895.812000 1855.000000 60795.008605 (0,3)
Iteration 17209:  895.812000 1854.000000 60739.193341 (1,0)
Iteration 17307:  888.812000 1854.000000 60798.856417 (0,3)
Iteration 17318:  888.104000 1854.000000 60893.764712 (1,3)
Iteration 17348:  885.636000 1854.000000 60927.902288 (0,3)
Iteration 17641:  841.702000 1855.000000 60716.953079 (1,3)
Iteration 18138:  839.570000 1852.000000 60750.383099 (0,3)
Iteration 18334:  786.108000 1850.000000 60481.457583 (0,3)
Iteration 18342:  786.108000 1850.000000 60458.263296 (0,3)
Iteration 18346:  786.108000 1850.000000 60457.737552 (0,3)
Iteration 18385:  786.108000 1848.000000 60479.853772 (0,3)
Iteration 18402:  786.108000 1848.000000 60446.058150 (0,3)
Iteration 18408:  762.796000 1846.000000 60458.092700 (1,3)
Iteration 112506:  731.906000 1834.000000 63432.093346 (1,0)
Iteration 112510:  723.196000 1833.000000 63393.334825 (0,3)
Iteration 112513:  684.934000 1830.000000 63154.474470 (0,3)
Iteration 112522:  673.758000 1830.000000 63223.471266 (0,3)
Iteration 112523:  631.970000 1831.000000 63405.024318 (0,3)
Iteration 112537:  631.970000 1830.000000 63351.844381 (0,3)
Iteration 112538:  608.744000 1830.000000 63305.478139 (0,3)
Iteration 112541:  582.378000 1832.000000 63305.285343 (0,3)
Iteration 112566:  580.690000 1833.000000 63282.163702 (1,2)
Iteration 112591:  580.690000 1833.000000 63250.196775 (0,3)
Iteration 112598:  576.206000 1833.000000 63449.994635 (0,3)
Iteration 112606:  510.718000 1833.000000 63480.870203 (0,3)
Iteration 112622:  505.250000 1831.000000 63619.167559 (0,3)
Iteration 112637:  505.250000 1831.000000 63603.148996 (0,3)
Iteration 112649:  468.938000 1831.000000 63529.955687 (0,3)
Iteration 112674:  467.938000 1831.000000 63455.549627 (0,3)
Iteration 112692:  462.646000 1831.000000 63445.210028 (0,3)
Iteration 112704:  462.646000 1831.000000 63372.615410 (0,3)
Iteration 112720:  462.646000 1831.000000 63325.310567 (0,3)
Iteration 112733:  450.802000 1831.000000 64356.588498 (0,3)
Iteration 112737:  450.802000 1831.000000 64350.353736 (2,3)
Iteration 112755:  428.856000 1831.000000 64154.809599 (0,3)
Iteration 112765:  420.148000 1829.000000 64087.100486 (0,3)
Iteration 112790:  416.680000 1827.000000 64091.722360 (0,3)
Iteration 112812:  416.680000 1827.000000 64051.943684 (0,3)
Iteration 112831:  368.900000 1827.000000 64030.516222 (0,3)
Iteration 112833:  358.642000 1827.000000 63983.444974 (2,3)
Iteration 112869:  337.868000 1826.000000 63917.698505 (0,3)
Iteration 112887:  337.180000 1826.000000 63856.577182 (0,3)
Iteration 112905:  334.492000 1826.000000 63870.790027 (0,3)
Iteration 112908:  332.784000 1826.000000 63869.956668 (0,3)
Iteration 112909:  317.316000 1827.000000 63851.008016 (0,3)
Iteration 112918:  313.848000 1827.000000 63849.635668 (0,3)
Iteration 112920:  313.848000 1825.000000 63758.385722 (0,3)
Iteration 112939:  305.380000 1825.000000 63700.214008 (0,3)
Iteration 112942:  305.380000 1825.000000 63699.842297 (2,3)
Iteration 112955:  292.672000 1825.000000 63714.126821 (0,3)
Iteration 112956:  292.672000 1825.000000 63699.987260 (0,3)
Iteration 113018:  286.672000 1825.000000 63640.441260 (0,3)
Iteration 113028:  286.672000 1825.000000 63583.075964 (0,3)
Iteration 113050:  281.618000 1825.000000 63690.243277 (0,3)
Iteration 113071:  224.086000 1825.000000 63647.685660 (0,3)
Iteration 113102:  224.086000 1824.000000 64020.923826 (0,3)
Iteration 113109:  224.086000 1824.000000 63990.799392 (0,3)
Iteration 113116:  224.086000 1824.000000 63975.731638 (0,3)
Iteration 113149:  224.086000 1824.000000 63963.889535 (0,3)
Iteration 113188:  220.618000 1826.000000 63787.654313 (0,3)
Iteration 113222:  220.618000 1826.000000 63784.304119 (0,3)
Iteration 113252:  220.618000 1826.000000 63712.240082 (0,3)
Iteration 113258:  220.618000 1825.000000 63480.887014 (0,3)
Iteration 113278:  220.618000 1825.000000 63473.050408 (0,3)
Iteration 113309:  220.618000 1825.000000 63469.946054 (0,3)
Iteration 113360:  211.618000 1825.000000 63496.173782 (0,3)
Iteration 113579:  158.618000 1825.000000 63480.593358 (0,3)
Iteration 114026:  158.618000 1825.000000 63455.797988 (0,3)
Iteration 114029:  158.618000 1824.000000 63450.820301 (0,3)
Iteration 114031:  158.618000 1824.000000 63359.663619 (0,3)
Iteration 114184:  158.618000 1824.000000 63343.989870 (0,3)
Iteration 114237:  149.838000 1824.000000 63358.553084 (1,0)
Iteration 114503:  149.838000 1823.000000 63384.289518 (0,3)
Iteration 114604:  149.838000 1823.000000 63326.630404 (0,3)
Iteration 114667:  149.838000 1823.000000 62955.138843 (0,3)
Iteration 114671:  149.838000 1823.000000 62932.711635 (0,3)
Iteration 114674:  149.838000 1823.000000 62739.530772 (0,3)
Iteration 114706:  149.838000 1823.000000 62659.046760 (0,3)
Iteration 114772:  141.068000 1823.000000 62613.402423 (0,3)
Iteration 114843:  135.824000 1823.000000 62562.806800 (0,3)
Iteration 114937:  135.824000 1821.000000 62572.739470 (0,3)
Iteration 114952:  135.824000 1819.000000 62606.758277 (1,3)
Iteration 114981:  119.722000 1819.000000 62782.239061 (0,0)
Iteration 114994:  118.770000 1820.000000 62776.135480 (0,3)
Iteration 115480:  102.302000 1820.000000 62740.370960 (0,3)
Iteration 115492:  102.302000 1820.000000 62702.915351 (0,3)
Iteration 115520:  102.302000 1819.000000 63077.692227 (0,3)
Iteration 115679:  102.302000 1819.000000 63006.900875 (0,3)
Iteration 115701:  102.302000 1819.000000 62968.672827 (0,3)
Iteration 115733:  102.302000 1818.000000 62928.428957 (0,3)
Iteration 115744:  102.302000 1817.000000 62886.339574 (0,3)
Iteration 115805:  102.302000 1817.000000 62865.425718 (0,3)
Iteration 116076:  96.818000 1816.000000 62916.842120 (0,3)
Iteration 116078:  94.642000 1817.000000 62945.494767 (0,3)
Iteration 116119:  94.642000 1816.000000 62987.906200 (0,3)
Iteration 116322:  94.642000 1816.000000 62974.486748 (0,3)
Iteration 116354:  94.642000 1816.000000 62974.066205 (1,3)
Iteration 116406:  94.642000 1816.000000 62899.846891 (0,3)
Iteration 116434:  91.350000 1816.000000 62848.060732 (0,3)
Iteration 116621:  86.818000 1816.000000 62721.881756 (0,3)
Iteration 116887:  86.818000 1815.000000 62683.809319 (0,3)
Iteration 117087:  86.818000 1814.000000 62689.912900 (0,3)
Iteration 117122:  84.818000 1814.000000 62688.470477 (0,3)
Iteration 117342:  83.110000 1814.000000 62709.388667 (1,3)
Iteration 117692:  83.110000 1814.000000 62707.274262 (0,3)
Iteration 118028:  83.110000 1813.000000 62764.428613 (0,3)
Iteration 118046:  83.110000 1811.000000 62579.616599 (0,3)
Iteration 118134:  83.110000 1810.000000 62587.627783 (0,3)
Iteration 118144:  81.402000 1810.000000 62621.205847 (1,0)
Iteration 118259:  77.402000 1810.000000 62562.734445 (0,3)
Iteration 118632:  77.402000 1809.000000 62616.456672 (0,3)
Iteration 118897:  71.934000 1808.000000 62616.944382 (0,3)
Iteration 118915:  71.934000 1807.000000 62640.107993 (0,3)
Iteration 119154:  71.934000 1807.000000 62612.748186 (0,3)
total iterations: 124718, time elapsed: 3600.06s
Destroy operator: destroy_random_leafs, Weight: 0.2541, Score: 15161.05, Count: 59687
Destroy operator: destroy_path, Weight: 0.1048, Score: 2727.50, Count: 26024
Destroy operator: destroy_worst_affinity, Weight: 0.0860, Score: 1832.95, Count: 21293
Destroy operator: destroy_district_group, Weight: 0.0658, Score: 1165.20, Count: 17713
Repair operator: repair_greedy_feasible, Weight: 0.0823, Score: 1811.85, Count: 22014
Repair operator: repair_affinity_compact, Weight: 0.0648, Score: 1188.85, Count: 18342
Repair operator: repair_nearest_center, Weight: 0.0706, Score: 1367.20, Count: 19340
Repair operator: repair_2regret, Weight: 0.2541, Score: 16518.80, Count: 65021
