Initial solution objectives: Balance violation = 28340.0250, Affinity loss = 929, Compactness = 44321.0778
Iteration 1:  28018.252500 926.000000 44350.363677 (2,3)
Iteration 502:  27835.322500 877.000000 44495.894300 (0,3)
Iteration 505:  26014.790000 867.000000 44626.917184 (3,1)
Iteration 507:  25932.725000 866.000000 44467.384588 (0,1)
Iteration 508:  24817.490000 866.000000 44328.778301 (1,1)
Iteration 510:  23671.325000 858.000000 45148.656006 (3,3)
Iteration 512:  23526.325000 859.000000 45248.271150 (0,0)
Iteration 1524:  23030.797500 945.000000 46231.331462 (3,2)
Iteration 2533:  18813.392500 927.000000 63503.724149 (3,0)
Iteration 6541:  17506.592500 916.000000 45205.138901 (3,3)
Iteration 6542:  17066.425000 916.000000 45159.380109 (1,2)
Iteration 8045:  14079.687500 887.000000 45270.844439 (2,3)
Iteration 8054:  13342.390000 876.000000 50906.215795 (3,0)
Iteration 14576:  13199.567500 964.000000 53318.441311 (3,0)
Iteration 15584:  13109.327500 887.000000 44176.284030 (0,2)
Iteration 15586:  11772.530000 886.000000 44638.203705 (3,2)
Iteration 31621:  11466.165000 964.000000 44358.050300 (1,0)
Iteration 31625:  10384.332500 964.000000 44164.935044 (3,2)
Iteration 39237:  9998.092500 922.000000 46008.866062 (0,3)
Iteration 39244:  9285.925000 922.000000 46092.740067 (0,3)
Iteration 39255:  9272.690000 921.000000 46197.718295 (0,3)
Iteration 39258:  9170.592500 921.000000 46186.500095 (1,3)
Iteration 39262:  9130.822500 920.000000 46373.371281 (2,3)
Iteration 39269:  8898.387500 922.000000 46486.262533 (3,3)
Iteration 39270:  8784.222500 922.000000 46665.200758 (2,3)
Iteration 39299:  8013.225000 923.000000 46692.207625 (0,3)
Iteration 39309:  7711.895000 923.000000 46722.397189 (0,3)
Iteration 39321:  7679.297500 924.000000 46762.424866 (0,3)
Iteration 39324:  7673.297500 924.000000 46821.005621 (0,3)
Iteration 39328:  7374.897500 924.000000 46960.881446 (0,3)
Iteration 39345:  6808.500000 924.000000 47202.608931 (0,3)
Iteration 39351:  6792.897500 924.000000 47225.520419 (2,0)
Iteration 39387:  6653.367500 923.000000 47183.332163 (0,3)
Iteration 39397:  6476.135000 923.000000 47023.815196 (1,3)
Iteration 39400:  5883.342500 926.000000 47230.904568 (0,3)
Iteration 39403:  5673.637500 928.000000 47210.812253 (0,3)
Iteration 39422:  5449.240000 927.000000 47310.028827 (0,3)
Iteration 39438:  5443.240000 927.000000 47347.210583 (0,3)
Iteration 39458:  5364.575000 928.000000 47406.236984 (0,3)
Iteration 39497:  5335.575000 928.000000 47409.919585 (0,3)
Iteration 39504:  5293.475000 928.000000 47552.319888 (2,0)
Iteration 39583:  5107.777500 928.000000 47605.939769 (0,3)
Iteration 39613:  4968.012500 928.000000 47637.206406 (1,3)
Iteration 39630:  4883.412500 927.000000 47642.510359 (0,3)
Iteration 39631:  4784.477500 927.000000 47582.580599 (2,3)
Iteration 39666:  4748.477500 928.000000 47744.255990 (0,3)
Iteration 39703:  4702.310000 927.000000 47790.528436 (0,3)
Iteration 96408:  4600.315000 964.000000 46917.607481 (0,3)
Iteration 96412:  4525.482500 964.000000 46902.817223 (1,2)
Iteration 96418:  4465.382500 964.000000 46923.687746 (0,3)
Iteration 96422:  4434.715000 964.000000 47004.081554 (0,0)
Iteration 96426:  4434.547500 964.000000 47169.674927 (0,3)
Iteration 96433:  4404.782500 965.000000 47083.475700 (0,3)
Iteration 96438:  4054.985000 965.000000 47025.986063 (0,3)
Iteration 96462:  4026.215000 967.000000 47040.234531 (1,3)
Iteration 96500:  3980.145000 968.000000 47077.138791 (0,3)
Iteration 96501:  3907.980000 968.000000 47019.792984 (2,3)
Iteration 96517:  3793.315000 968.000000 46870.579172 (0,3)
Iteration 96525:  3773.317500 968.000000 46878.526122 (0,3)
Iteration 96528:  3710.087500 968.000000 46917.276085 (0,3)
Iteration 96608:  3483.090000 968.000000 47057.477865 (0,3)
Iteration 96762:  3320.020000 968.000000 47070.272696 (1,1)
Iteration 97004:  3236.952500 968.000000 47095.681365 (1,3)
Iteration 97081:  2987.217500 968.000000 47176.404642 (0,0)
Iteration 97132:  2841.787500 968.000000 47125.202361 (0,3)
Iteration 97215:  2832.717500 968.000000 47230.025527 (1,0)
Iteration 97314:  2822.457500 968.000000 47205.710594 (0,3)
Iteration 97504:  2812.457500 968.000000 47325.377859 (0,3)
Iteration 97515:  2810.320000 967.000000 47400.703065 (0,3)
Iteration 97540:  2796.717500 967.000000 47517.097135 (2,3)
Iteration 97657:  2794.552500 967.000000 47288.740928 (0,0)
Iteration 97665:  2786.550000 967.000000 47256.519022 (2,3)
Iteration 97670:  2775.620000 967.000000 47422.112395 (0,3)
Iteration 97709:  2762.452500 967.000000 47476.996657 (0,3)
Iteration 97736:  2753.382500 967.000000 47581.819823 (1,2)
Iteration 97743:  2688.615000 967.000000 47662.213631 (0,3)
Iteration 97915:  2410.517500 967.000000 47703.422034 (1,3)
Iteration 172757:  2389.715000 979.000000 46172.341068 (0,3)
Iteration 172765:  2293.182500 979.000000 46077.831718 (2,3)
Iteration 172773:  2259.752500 979.000000 46074.739772 (0,3)
Iteration 172892:  2186.585000 979.000000 46258.506724 (0,3)
Iteration 172896:  2003.355000 978.000000 46212.201987 (0,3)
Iteration 172925:  1915.920000 978.000000 46327.888445 (2,0)
Iteration 172930:  1912.985000 978.000000 46315.127713 (0,3)
Iteration 172940:  1906.985000 978.000000 46356.058413 (2,3)
Iteration 172952:  1898.517500 977.000000 46139.529787 (0,3)
Iteration 172958:  1753.517500 977.000000 46121.353438 (0,3)
Iteration 173170:  1688.952500 977.000000 46131.167479 (1,1)
Iteration 173358:  1674.655000 977.000000 46210.606711 (0,3)
Iteration 173369:  1642.955000 976.000000 46256.968068 (0,3)
Iteration 173371:  1565.952500 976.000000 46338.979810 (2,3)
Iteration 173380:  1559.952500 976.000000 46335.502140 (0,3)
Iteration 173806:  1437.322500 976.000000 46369.482441 (0,3)
Iteration 173989:  1432.457500 976.000000 46372.960111 (0,3)
Iteration 174025:  1421.692500 975.000000 46453.376255 (0,3)
total iterations: 206614, time elapsed: 3600.01s
Destroy operator: destroy_random_leafs, Weight: 0.0723, Score: 4150.15, Count: 57410
Destroy operator: destroy_path, Weight: 0.0582, Score: 2789.65, Count: 47966
Destroy operator: destroy_worst_affinity, Weight: 0.0597, Score: 2906.70, Count: 48654
Destroy operator: destroy_district_group, Weight: 0.0621, Score: 3267.65, Count: 52583
Repair operator: repair_greedy_feasible, Weight: 0.0607, Score: 3054.80, Count: 50313
Repair operator: repair_affinity_compact, Weight: 0.0560, Score: 2644.50, Count: 47227
Repair operator: repair_nearest_center, Weight: 0.0587, Score: 2877.50, Count: 48972
Repair operator: repair_2regret, Weight: 0.0755, Score: 4537.35, Count: 60101
