Initial solution objectives: Balance violation = 23806.5900, Affinity loss = 1916, Compactness = 56291.4239
Iteration 0:  23075.054000 1912.000000 56339.780933 (2,3)
Iteration 1002:  22652.088000 1897.000000 57331.150440 (2,3)
Iteration 1503:  22574.832000 1860.000000 58711.264924 (2,2)
Iteration 1511:  22503.152000 1849.000000 59139.299152 (3,3)
Iteration 1514:  19633.814000 1849.000000 59342.823957 (3,3)
Iteration 1518:  18086.534000 1846.000000 59416.869493 (0,3)
Iteration 3103:  17813.526000 1862.000000 59898.238490 (3,3)
Iteration 3113:  16321.526000 1855.000000 59895.929016 (3,3)
Iteration 5317:  15484.896000 1899.000000 62361.280361 (0,3)
Iteration 5318:  15262.540000 1899.000000 62460.638082 (2,3)
Iteration 5351:  14866.390000 1891.000000 63106.573777 (3,3)
Iteration 5358:  13951.934000 1890.000000 63320.006087 (0,3)
Iteration 5386:  13725.960000 1881.000000 62599.622687 (3,3)
Iteration 5398:  13207.470000 1878.000000 63353.418153 (0,3)
Iteration 5400:  11945.420000 1876.000000 63852.081750 (0,3)
Iteration 7536:  11885.234000 1856.000000 67667.107263 (0,3)
Iteration 7537:  11718.114000 1856.000000 67684.177246 (2,3)
Iteration 7542:  11688.114000 1857.000000 67724.547466 (1,3)
Iteration 7555:  11651.542000 1858.000000 67659.055912 (0,3)
Iteration 7558:  11637.818000 1858.000000 67678.234903 (1,3)
Iteration 7559:  11564.694000 1858.000000 67702.317086 (0,3)
Iteration 7560:  11484.448000 1858.000000 67841.623626 (0,3)
Iteration 7568:  11052.634000 1858.000000 68070.176351 (0,3)
Iteration 7570:  10958.280000 1858.000000 68063.293173 (1,0)
Iteration 7571:  10673.156000 1858.000000 68058.504239 (0,3)
Iteration 7585:  10641.884000 1858.000000 68582.315998 (0,3)
Iteration 7594:  10287.064000 1860.000000 69090.414063 (0,3)
Iteration 7609:  10280.670000 1859.000000 69486.955018 (0,3)
Iteration 7663:  10072.458000 1853.000000 68396.896828 (0,3)
Iteration 7677:  9954.392000 1848.000000 67996.659374 (0,3)
Iteration 7679:  9675.826000 1853.000000 67973.866690 (0,3)
Iteration 7680:  9659.980000 1851.000000 67933.527875 (0,3)
Iteration 7682:  9605.980000 1851.000000 68038.496534 (1,3)
Iteration 7703:  9353.652000 1849.000000 67739.959833 (0,3)
Iteration 7714:  9294.420000 1850.000000 67943.144939 (0,3)
Iteration 7715:  9293.760000 1850.000000 67969.968034 (2,3)
Iteration 7716:  9070.918000 1854.000000 68128.315308 (0,3)
Iteration 7736:  8902.440000 1850.000000 69002.925937 (0,3)
Iteration 7741:  8724.008000 1852.000000 68427.122695 (0,3)
Iteration 7742:  8597.452000 1852.000000 68382.073277 (0,3)
Iteration 7744:  8298.222000 1853.000000 68605.779272 (0,3)
Iteration 7749:  8270.082000 1853.000000 68482.881674 (2,3)
Iteration 7753:  8120.082000 1853.000000 68379.904623 (0,2)
Iteration 7761:  8096.194000 1853.000000 68734.273220 (0,3)
Iteration 7768:  8085.194000 1853.000000 68786.939466 (0,3)
Iteration 7769:  7917.364000 1855.000000 68962.897071 (0,3)
Iteration 7808:  7382.848000 1851.000000 69580.063649 (0,3)
Iteration 7812:  7306.188000 1851.000000 69540.411727 (0,3)
Iteration 7820:  6924.994000 1850.000000 68380.997608 (0,3)
Iteration 7828:  6730.946000 1850.000000 68315.183056 (0,3)
Iteration 7959:  6654.480000 1840.000000 69990.302344 (0,3)
Iteration 7965:  6597.126000 1840.000000 70042.365716 (0,3)
Iteration 8016:  6529.276000 1834.000000 68373.149696 (1,2)
Iteration 8017:  6281.156000 1836.000000 68205.822063 (0,3)
Iteration 8026:  6187.754000 1836.000000 68575.018427 (0,3)
Iteration 8035:  5896.628000 1837.000000 68784.149486 (0,3)
Iteration 8037:  5760.938000 1837.000000 68951.610161 (0,3)
Iteration 8044:  5727.278000 1839.000000 69014.022484 (0,3)
Iteration 8046:  5622.278000 1839.000000 69119.292920 (0,3)
Iteration 8056:  5609.336000 1842.000000 68889.954504 (0,3)
Iteration 8057:  5081.616000 1842.000000 68939.536564 (0,3)
Iteration 8059:  5072.614000 1839.000000 68835.461801 (0,3)
Iteration 8072:  4761.634000 1841.000000 69165.817120 (0,3)
Iteration 8080:  4749.004000 1841.000000 69195.609949 (0,3)
Iteration 8082:  4568.976000 1841.000000 69324.069399 (0,3)
Iteration 8083:  4376.190000 1841.000000 69378.128833 (0,3)
Iteration 8085:  4345.760000 1841.000000 69309.189587 (0,3)
Iteration 8090:  4342.760000 1841.000000 69273.701678 (0,3)
Iteration 8207:  4261.312000 1843.000000 68395.556714 (0,3)
Iteration 8219:  4161.502000 1841.000000 68199.060605 (0,3)
Iteration 8252:  4147.862000 1841.000000 68136.075298 (0,3)
Iteration 8257:  4020.876000 1841.000000 68777.952345 (0,3)
Iteration 8259:  3906.752000 1841.000000 68775.622899 (0,3)
Iteration 8261:  3906.752000 1841.000000 68775.391458 (0,3)
Iteration 8264:  3905.322000 1841.000000 68839.502778 (0,3)
Iteration 8285:  3765.110000 1842.000000 69187.454539 (0,3)
Iteration 8291:  3668.556000 1840.000000 69230.055764 (0,3)
Iteration 8293:  3460.556000 1840.000000 69207.504582 (0,3)
Iteration 8301:  3096.556000 1840.000000 69321.874255 (1,3)
Iteration 8302:  2904.126000 1840.000000 69220.683712 (0,3)
Iteration 8326:  2760.796000 1837.000000 69984.548491 (0,3)
Iteration 8511:  2496.920000 1828.000000 67960.163304 (0,3)
Iteration 8514:  2450.364000 1828.000000 67920.210801 (1,3)
Iteration 8519:  2222.932000 1828.000000 67916.446305 (2,3)
Iteration 8652:  2208.746000 1824.000000 66868.932512 (0,3)
Iteration 8653:  2128.946000 1824.000000 66772.308513 (0,3)
Iteration 28968:  2079.912000 1910.000000 62682.601449 (0,3)
Iteration 28977:  2033.162000 1907.000000 62464.247833 (0,3)
Iteration 28982:  2033.162000 1907.000000 62404.899537 (0,3)
Iteration 28986:  1761.546000 1907.000000 62802.654862 (0,3)
Iteration 28999:  1761.546000 1907.000000 62784.952827 (0,3)
Iteration 29003:  1760.422000 1907.000000 62836.949532 (0,3)
Iteration 29012:  1760.422000 1906.000000 63065.302023 (0,3)
Iteration 29016:  1751.992000 1904.000000 66133.724869 (0,3)
Iteration 29035:  1643.718000 1904.000000 65908.393353 (0,3)
Iteration 29036:  1637.582000 1904.000000 65907.133775 (0,3)
Iteration 29048:  1557.922000 1904.000000 65918.358448 (0,3)
Iteration 29050:  1440.856000 1902.000000 65925.967500 (0,3)
Iteration 29051:  1409.686000 1898.000000 65834.120085 (0,3)
Iteration 29053:  1407.256000 1898.000000 65856.416739 (0,3)
Iteration 29054:  1398.256000 1898.000000 65823.392144 (0,3)
Iteration 29063:  1260.886000 1898.000000 65777.060666 (1,3)
Iteration 29071:  1238.580000 1898.000000 65755.336974 (0,3)
Iteration 29072:  1236.640000 1896.000000 66506.775775 (0,3)
Iteration 29073:  1174.010000 1896.000000 66357.859212 (0,3)
Iteration 29077:  1174.010000 1895.000000 66334.721473 (2,3)
Iteration 29080:  1154.010000 1895.000000 66327.070375 (0,3)
Iteration 29081:  1154.010000 1895.000000 66325.154284 (0,3)
Iteration 29084:  1105.550000 1895.000000 66331.316197 (1,3)
Iteration 29101:  1098.550000 1895.000000 66367.164958 (0,0)
Iteration 29117:  1098.550000 1895.000000 66340.055822 (0,3)
Iteration 29119:  1071.750000 1895.000000 66309.876983 (1,3)
Iteration 29133:  1060.920000 1895.000000 66282.814007 (0,3)
Iteration 29154:  1060.690000 1895.000000 66275.939019 (1,1)
Iteration 29189:  1056.750000 1894.000000 66733.692578 (0,3)
Iteration 29192:  1055.920000 1893.000000 66578.781371 (0,3)
Iteration 29196:  1055.920000 1893.000000 66547.885413 (0,3)
Iteration 29203:  1032.150000 1894.000000 66549.200547 (0,3)
Iteration 29214:  1026.750000 1894.000000 66347.451179 (0,3)
Iteration 29231:  1022.150000 1890.000000 66507.475063 (2,3)
Iteration 29289:  1022.150000 1890.000000 66501.627742 (1,3)
Iteration 29303:  1022.150000 1890.000000 66486.214367 (0,3)
Iteration 29327:  1022.150000 1890.000000 66426.281153 (0,3)
Iteration 29335:  967.520000 1890.000000 66394.914079 (0,3)
Iteration 29348:  967.520000 1889.000000 66326.965222 (0,3)
Iteration 29350:  938.076000 1889.000000 66312.474995 (0,3)
Iteration 29358:  905.632000 1887.000000 68566.671677 (2,3)
Iteration 29363:  820.632000 1886.000000 68553.427567 (2,3)
Iteration 29372:  681.002000 1886.000000 68272.137396 (0,3)
Iteration 29375:  661.446000 1885.000000 68754.700558 (0,3)
Iteration 29396:  661.446000 1885.000000 68544.893866 (0,3)
Iteration 29420:  661.446000 1885.000000 68501.168433 (0,3)
Iteration 29422:  658.446000 1885.000000 68449.016955 (0,3)
Iteration 29427:  658.446000 1884.000000 68402.035820 (0,3)
Iteration 29445:  658.446000 1883.000000 68438.389298 (0,3)
Iteration 29468:  658.446000 1883.000000 68438.304502 (1,3)
Iteration 29483:  658.446000 1883.000000 68260.514922 (0,3)
Iteration 29510:  658.446000 1883.000000 68240.186422 (0,3)
Iteration 29522:  656.876000 1883.000000 68308.114504 (0,3)
Iteration 29538:  656.876000 1881.000000 68349.631937 (0,3)
Iteration 29546:  635.616000 1880.000000 68392.858386 (0,3)
Iteration 29558:  631.616000 1879.000000 68441.406829 (0,3)
Iteration 29559:  621.786000 1878.000000 68441.060355 (0,3)
Iteration 29586:  621.786000 1876.000000 68399.485672 (0,3)
Iteration 29622:  532.230000 1876.000000 68434.511520 (1,3)
Iteration 29637:  531.290000 1876.000000 68428.741569 (0,3)
Iteration 29648:  531.290000 1876.000000 68377.084639 (1,3)
Iteration 29723:  473.216000 1876.000000 68364.332094 (0,3)
Iteration 29726:  473.216000 1876.000000 67779.588242 (0,3)
Iteration 29790:  473.216000 1876.000000 67684.500644 (0,3)
Iteration 29795:  385.830000 1874.000000 67849.184050 (0,3)
Iteration 29819:  349.214000 1872.000000 67972.564568 (0,3)
Iteration 29834:  349.214000 1872.000000 67950.896163 (0,3)
Iteration 29840:  344.984000 1872.000000 67928.249907 (0,3)
Iteration 29847:  344.984000 1872.000000 67888.140962 (0,3)
Iteration 29850:  334.290000 1873.000000 67966.214253 (0,3)
Iteration 29904:  319.290000 1873.000000 68300.082522 (0,3)
Iteration 29920:  315.290000 1873.000000 68328.498256 (0,3)
Iteration 29947:  283.860000 1873.000000 68339.723413 (0,3)
Iteration 29948:  278.660000 1873.000000 68127.511540 (0,3)
Iteration 29963:  274.230000 1873.000000 68343.210641 (1,3)
Iteration 29974:  274.230000 1873.000000 68211.826662 (0,3)
Iteration 29979:  274.230000 1873.000000 68036.607090 (0,3)
Iteration 29999:  274.230000 1873.000000 68022.280782 (0,3)
Iteration 30006:  274.230000 1873.000000 67988.755855 (0,3)
Iteration 30149:  274.230000 1873.000000 67960.857147 (0,3)
Iteration 30158:  273.400000 1873.000000 68070.202377 (0,0)
Iteration 30207:  273.400000 1871.000000 68056.665698 (0,3)
Iteration 30211:  273.400000 1871.000000 68049.096890 (0,3)
Iteration 30288:  263.660000 1870.000000 67936.837066 (0,3)
Iteration 30302:  263.660000 1870.000000 67907.952582 (0,3)
Iteration 30309:  261.216000 1870.000000 67840.170192 (0,3)
Iteration 30316:  261.216000 1870.000000 67811.031741 (1,2)
Iteration 30334:  261.216000 1868.000000 67793.075584 (0,3)
Iteration 30337:  261.216000 1868.000000 67785.290455 (0,3)
Iteration 30345:  261.216000 1866.000000 67731.964488 (0,3)
Iteration 30387:  256.830000 1866.000000 67804.797503 (1,0)
Iteration 30392:  256.830000 1866.000000 67776.664984 (0,3)
Iteration 30419:  256.400000 1866.000000 67811.280003 (0,3)
Iteration 30449:  256.400000 1864.000000 67828.477906 (1,3)
Iteration 30481:  254.348000 1863.000000 67931.386092 (0,3)
Iteration 30482:  254.348000 1863.000000 67828.523882 (0,3)
Iteration 30518:  254.348000 1863.000000 67791.053078 (1,2)
Iteration 30525:  254.348000 1863.000000 67764.991312 (0,3)
Iteration 30530:  254.348000 1863.000000 67757.206184 (0,2)
Iteration 30558:  254.348000 1862.000000 67711.319028 (0,3)
Iteration 30642:  252.902000 1861.000000 67514.548594 (0,3)
Iteration 30689:  252.902000 1861.000000 67348.602586 (0,3)
Iteration 30958:  252.902000 1861.000000 67330.850560 (0,3)
Iteration 31010:  252.902000 1861.000000 67283.914457 (0,3)
Iteration 31012:  235.272000 1859.000000 67424.673403 (0,3)
Iteration 31036:  233.842000 1859.000000 67671.507544 (0,3)
Iteration 31041:  232.548000 1859.000000 67638.305264 (0,3)
Iteration 31122:  232.548000 1859.000000 67595.532712 (0,3)
Iteration 31160:  232.548000 1858.000000 67642.009672 (0,3)
Iteration 31161:  232.548000 1858.000000 67635.770519 (0,3)
Iteration 31163:  232.548000 1857.000000 67413.049639 (0,3)
Iteration 31164:  232.548000 1857.000000 67321.125264 (0,3)
Iteration 31167:  232.548000 1856.000000 67491.189920 (0,3)
Iteration 31182:  232.548000 1855.000000 67368.319605 (0,3)
Iteration 31215:  232.548000 1855.000000 67322.954721 (0,3)
Iteration 31240:  232.548000 1855.000000 67282.679870 (0,3)
Iteration 31270:  232.548000 1853.000000 67215.870887 (0,3)
Iteration 31292:  232.548000 1852.000000 67179.180836 (0,3)
Iteration 31416:  231.718000 1852.000000 67201.595523 (1,3)
Iteration 31609:  231.718000 1852.000000 67151.689605 (0,3)
Iteration 31667:  231.718000 1852.000000 67071.165647 (0,3)
Iteration 31894:  231.718000 1852.000000 67028.579501 (0,3)
Iteration 32174:  231.718000 1851.000000 67039.898494 (0,3)
Iteration 32290:  227.672000 1851.000000 66944.415221 (0,3)
Iteration 32337:  227.672000 1851.000000 66884.961089 (0,3)
Iteration 32347:  227.672000 1851.000000 66872.785619 (0,3)
Iteration 32614:  227.672000 1851.000000 66791.210998 (0,3)
Iteration 32631:  227.672000 1851.000000 66646.772061 (0,3)
Iteration 32811:  220.102000 1851.000000 66987.474807 (0,3)
Iteration 32868:  220.102000 1850.000000 66941.172737 (0,3)
Iteration 32926:  220.102000 1850.000000 66860.231678 (0,3)
Iteration 32981:  218.672000 1850.000000 66641.742679 (0,3)
Iteration 33004:  218.672000 1850.000000 66639.383891 (0,3)
Iteration 33011:  217.242000 1850.000000 66882.550862 (0,3)
Iteration 33106:  216.968000 1850.000000 66881.321371 (0,3)
Iteration 33180:  216.968000 1850.000000 66852.712482 (0,3)
Iteration 33261:  216.138000 1850.000000 67151.183025 (0,0)
Iteration 33290:  216.138000 1850.000000 67095.507153 (0,3)
Iteration 33360:  216.138000 1850.000000 67059.388811 (0,3)
Iteration 33418:  216.138000 1850.000000 67057.346420 (0,3)
Iteration 33646:  211.738000 1850.000000 67001.814910 (0,3)
Iteration 33648:  211.738000 1850.000000 66995.254692 (0,3)
Iteration 33738:  210.908000 1850.000000 67056.123500 (1,3)
Iteration 33847:  208.464000 1850.000000 67056.843212 (1,3)
Iteration 33922:  205.464000 1850.000000 67038.644493 (0,3)
Iteration 33925:  205.464000 1849.000000 67222.478352 (0,3)
Iteration 33965:  205.464000 1849.000000 67180.158447 (0,3)
Iteration 34096:  205.464000 1849.000000 67176.712960 (0,3)
Iteration 34181:  201.938000 1848.000000 67057.380940 (0,2)
Iteration 34214:  163.234000 1848.000000 67166.476692 (0,3)
Iteration 34270:  160.678000 1848.000000 67136.781979 (0,3)
Iteration 34293:  134.122000 1848.000000 67105.953927 (0,3)
total iterations: 97163, time elapsed: 3600.03s
Destroy operator: destroy_random_leafs, Weight: 0.2582, Score: 12343.30, Count: 47699
Destroy operator: destroy_path, Weight: 0.1024, Score: 2006.35, Count: 19572
Destroy operator: destroy_worst_affinity, Weight: 0.0803, Score: 1265.55, Count: 15687
Destroy operator: destroy_district_group, Weight: 0.0678, Score: 965.05, Count: 14204
Repair operator: repair_greedy_feasible, Weight: 0.0791, Score: 1297.15, Count: 16366
Repair operator: repair_affinity_compact, Weight: 0.0655, Score: 893.25, Count: 13643
Repair operator: repair_nearest_center, Weight: 0.0705, Score: 1075.25, Count: 15264
Repair operator: repair_2regret, Weight: 0.2559, Score: 13314.60, Count: 51889
