Initial solution objectives: Balance violation = 12403.3740, Affinity loss = 966, Compactness = 27795.5734
Iteration 1002:  10374.898000 973.000000 28800.966298 (1,0)
Iteration 2515:  9774.498000 971.000000 27558.650169 (0,3)
Iteration 2516:  8722.492000 971.000000 27938.311216 (3,3)
Iteration 2517:  8623.830000 971.000000 27857.056739 (2,1)
Iteration 2528:  8488.432000 969.000000 27427.109825 (0,3)
Iteration 3034:  7730.804000 945.000000 27902.341704 (3,3)
Iteration 5555:  7273.030000 965.000000 26479.229399 (3,3)
Iteration 5625:  7225.672000 955.000000 27252.911437 (1,3)
Iteration 5628:  6368.596000 952.000000 27899.104503 (3,3)
Iteration 5681:  6193.774000 951.000000 27109.417884 (0,1)
Iteration 5682:  5682.558000 951.000000 27175.405435 (3,1)
Iteration 5691:  5549.884000 952.000000 27204.542601 (0,3)
Iteration 5694:  5115.168000 950.000000 27185.771875 (3,3)
Iteration 5695:  5077.676000 950.000000 27282.448760 (1,3)
Iteration 5696:  4897.630000 950.000000 27242.770133 (0,3)
Iteration 5697:  4864.626000 950.000000 27510.539839 (3,3)
Iteration 5700:  4318.394000 949.000000 27502.985086 (0,3)
Iteration 6816:  4258.820000 951.000000 32931.324226 (0,0)
Iteration 6817:  4227.704000 951.000000 32957.675291 (0,3)
Iteration 6820:  3658.504000 951.000000 32979.962235 (0,3)
Iteration 6823:  2968.338000 951.000000 33023.336327 (0,0)
Iteration 8115:  2893.026000 942.000000 28781.673914 (0,3)
Iteration 8121:  2858.328000 940.000000 28693.121442 (0,3)
Iteration 8159:  2682.286000 942.000000 29223.538466 (0,3)
Iteration 8168:  2658.694000 942.000000 29106.528312 (0,3)
Iteration 8340:  2451.788000 936.000000 29917.440699 (0,3)
Iteration 8362:  2229.528000 937.000000 30031.567194 (0,3)
Iteration 8364:  2214.866000 937.000000 29973.928755 (1,1)
Iteration 8401:  2129.318000 935.000000 29731.416936 (0,3)
Iteration 8407:  2061.346000 935.000000 29694.658351 (0,3)
Iteration 8442:  2057.568000 936.000000 29972.396864 (1,3)
Iteration 8443:  2055.568000 936.000000 29971.563018 (0,3)
Iteration 8445:  2033.568000 936.000000 30009.312581 (0,3)
Iteration 8446:  2005.870000 936.000000 29997.056326 (0,3)
Iteration 8448:  1994.836000 936.000000 29850.810545 (0,3)
Iteration 8465:  1969.828000 936.000000 29801.816443 (0,3)
Iteration 8503:  1926.544000 935.000000 29483.794688 (0,3)
Iteration 8505:  1919.036000 934.000000 29491.363168 (1,1)
Iteration 8552:  1840.082000 935.000000 29739.041586 (0,3)
Iteration 8652:  1830.990000 935.000000 29584.076888 (1,3)
Iteration 8705:  1699.064000 931.000000 30032.884630 (1,3)
Iteration 8707:  1687.556000 931.000000 29978.009145 (0,3)
Iteration 8718:  1634.156000 931.000000 30026.803021 (0,3)
Iteration 8889:  1608.810000 933.000000 29973.989279 (0,3)
Iteration 8891:  1529.256000 933.000000 29963.209836 (0,3)
Iteration 8893:  1524.308000 933.000000 30138.963347 (0,0)
Iteration 8899:  1271.816000 933.000000 30014.651436 (0,3)
Iteration 8920:  1271.594000 933.000000 30209.599825 (0,3)
Iteration 9865:  1140.014000 962.000000 33799.884105 (0,3)
Iteration 9977:  1051.884000 961.000000 33872.059192 (0,3)
Iteration 10390:  1049.636000 959.000000 34555.624904 (0,3)
Iteration 10395:  1028.876000 960.000000 34479.009566 (1,3)
Iteration 10417:  1008.144000 960.000000 34574.997267 (0,3)
Iteration 10443:  993.602000 960.000000 34548.807048 (0,0)
Iteration 10450:  989.300000 960.000000 34513.466726 (0,3)
Iteration 10464:  984.568000 960.000000 34399.692914 (0,3)
Iteration 10474:  962.568000 960.000000 34479.590139 (0,0)
Iteration 10597:  927.548000 962.000000 34578.430633 (1,3)
Iteration 10609:  897.592000 962.000000 34403.478937 (0,3)
Iteration 10653:  890.246000 962.000000 33851.372364 (1,0)
Iteration 10666:  830.262000 962.000000 33936.179261 (0,3)
Iteration 10674:  795.798000 962.000000 33929.231020 (0,0)
Iteration 10676:  761.998000 963.000000 33943.041030 (0,3)
Iteration 10677:  760.998000 963.000000 34000.634555 (0,3)
Iteration 10808:  708.786000 963.000000 33727.447732 (0,3)
Iteration 10820:  702.786000 963.000000 33809.606224 (0,0)
Iteration 10873:  690.112000 962.000000 33684.462524 (0,3)
Iteration 10876:  682.596000 962.000000 33696.884909 (0,3)
Iteration 10990:  681.608000 962.000000 33843.289348 (0,3)
Iteration 67049:  679.208000 958.000000 30169.556387 (1,0)
Iteration 67060:  660.386000 956.000000 30145.745523 (0,0)
Iteration 67089:  592.386000 956.000000 30262.312357 (0,3)
Iteration 67288:  592.386000 956.000000 30204.892999 (0,3)
Iteration 67303:  589.832000 957.000000 30247.352854 (0,3)
Iteration 67413:  575.500000 957.000000 30156.411479 (0,3)
Iteration 67479:  574.008000 958.000000 30162.367571 (0,3)
Iteration 67557:  561.854000 958.000000 30181.411826 (1,0)
Iteration 67562:  543.734000 958.000000 30148.600703 (0,3)
Iteration 67564:  540.734000 958.000000 30251.383316 (0,3)
Iteration 67603:  486.242000 957.000000 30239.053179 (0,3)
Iteration 67731:  480.242000 956.000000 30280.532236 (0,3)
Iteration 67782:  477.242000 956.000000 30267.899992 (0,3)
Iteration 68168:  474.974000 956.000000 30387.846549 (0,0)
Iteration 68180:  451.242000 956.000000 30371.751348 (0,3)
Iteration 68213:  449.242000 956.000000 30506.054455 (0,0)
Iteration 68404:  423.688000 955.000000 30501.568637 (0,3)
Iteration 68495:  422.688000 954.000000 30499.520227 (0,3)
Iteration 68500:  399.180000 954.000000 30477.376778 (0,3)
Iteration 68876:  383.906000 954.000000 30557.918952 (0,3)
Iteration 68887:  377.682000 954.000000 30531.261564 (0,3)
Iteration 68901:  376.950000 954.000000 30543.661306 (0,3)
Iteration 69241:  348.458000 954.000000 30573.565134 (0,3)
Iteration 69322:  336.760000 954.000000 30603.656689 (0,3)
Iteration 69398:  325.984000 954.000000 30578.673172 (0,3)
Iteration 69559:  318.218000 954.000000 30562.768464 (0,3)
Iteration 69855:  310.944000 954.000000 30527.396466 (0,3)
Iteration 70077:  294.676000 954.000000 30732.485162 (0,3)
Iteration 70140:  289.944000 954.000000 30764.420259 (0,3)
Iteration 70154:  248.556000 954.000000 30750.218927 (1,3)
total iterations: 292199, time elapsed: 3600.03s
Destroy operator: destroy_random_leafs, Weight: 0.2557, Score: 36387.95, Count: 142270
Destroy operator: destroy_path, Weight: 0.1062, Score: 6406.05, Count: 60330
Destroy operator: destroy_worst_affinity, Weight: 0.0782, Score: 3459.50, Count: 44258
Destroy operator: destroy_district_group, Weight: 0.0765, Score: 3469.20, Count: 45340
Repair operator: repair_greedy_feasible, Weight: 0.1068, Score: 6675.50, Count: 62527
Repair operator: repair_affinity_compact, Weight: 0.0688, Score: 2866.65, Count: 41638
Repair operator: repair_nearest_center, Weight: 0.0715, Score: 3023.85, Count: 42294
Repair operator: repair_2regret, Weight: 0.2549, Score: 37156.70, Count: 145739
