Initial solution objectives: Balance violation = 22703.7310, Affinity loss = 932, Compactness = 27900.9788
Iteration 1503:  19690.158000 940.000000 26817.365246 (1,3)
Iteration 1504:  19522.838000 940.000000 26565.005982 (2,3)
Iteration 1519:  18820.944000 939.000000 26945.999251 (0,3)
Iteration 1560:  18434.324000 932.000000 29306.630443 (3,3)
Iteration 2611:  18279.770000 965.000000 28565.773464 (0,3)
Iteration 2612:  18227.696000 965.000000 28529.533620 (0,2)
Iteration 2613:  16780.532000 965.000000 28630.987340 (3,3)
Iteration 2615:  15571.318000 966.000000 28392.662516 (3,3)
Iteration 2616:  15471.318000 966.000000 28434.503353 (2,3)
Iteration 3117:  14582.229000 963.000000 26929.675927 (3,3)
Iteration 4697:  14467.595000 953.000000 27886.281486 (2,3)
Iteration 4698:  13524.162000 953.000000 27909.283659 (0,3)
Iteration 4699:  13263.423000 955.000000 29425.585698 (3,3)
Iteration 4700:  11991.901000 955.000000 29490.349625 (0,3)
Iteration 5389:  11837.269000 946.000000 29807.783245 (0,3)
Iteration 5393:  11386.639000 946.000000 29822.352271 (0,3)
Iteration 5394:  11348.572000 946.000000 29869.424912 (0,3)
Iteration 6481:  10801.087000 948.000000 29025.056127 (3,3)
Iteration 6488:  10296.835000 943.000000 28794.172275 (3,3)
Iteration 6489:  10192.393000 945.000000 28757.598719 (0,0)
Iteration 6494:  9929.800000 944.000000 28754.066843 (0,3)
Iteration 6495:  9922.874000 944.000000 28785.009967 (2,3)
Iteration 6497:  9524.009000 944.000000 29260.624966 (0,3)
Iteration 6498:  9189.003000 944.000000 29816.969536 (0,3)
Iteration 6504:  9055.058000 945.000000 29866.890758 (0,3)
Iteration 6509:  8952.991000 945.000000 29896.822696 (1,3)
Iteration 6510:  8906.132000 945.000000 29944.058650 (0,3)
Iteration 6511:  8705.593000 945.000000 29914.756000 (0,0)
Iteration 6603:  8322.824000 938.000000 31037.943827 (0,3)
Iteration 6604:  8184.872000 938.000000 31039.613403 (0,3)
Iteration 6984:  7589.325000 889.000000 31055.058061 (0,3)
Iteration 6991:  7507.743000 889.000000 31219.088098 (0,0)
Iteration 7107:  7349.582000 893.000000 31122.896190 (0,3)
Iteration 7286:  7238.447000 881.000000 31633.515683 (0,3)
Iteration 7310:  7211.666000 883.000000 31952.180602 (3,3)
Iteration 7316:  7016.666000 881.000000 31884.283251 (0,0)
Iteration 7322:  7000.281000 883.000000 31832.660470 (0,3)
Iteration 7324:  6712.669000 883.000000 31814.002408 (0,3)
Iteration 7336:  6438.805000 885.000000 32213.436303 (0,3)
Iteration 7338:  6353.386000 884.000000 32019.375766 (0,3)
Iteration 7343:  6176.961000 885.000000 32196.586935 (0,3)
Iteration 7346:  6003.625000 889.000000 32119.013076 (3,3)
Iteration 7347:  5506.618000 889.000000 32062.833655 (0,3)
Iteration 7348:  5430.890000 889.000000 32100.439892 (0,3)
Iteration 7531:  5354.576000 878.000000 31922.543555 (0,0)
Iteration 7534:  5205.378000 876.000000 31835.344664 (3,3)
Iteration 7575:  4770.031000 880.000000 31410.679830 (0,3)
Iteration 7577:  4714.031000 880.000000 31309.482170 (0,3)
Iteration 7605:  4535.092000 881.000000 30586.561931 (0,3)
Iteration 8089:  4329.744000 868.000000 31582.839415 (0,0)
Iteration 8108:  4127.458000 873.000000 31302.924897 (0,3)
Iteration 8137:  4017.003000 875.000000 31445.464898 (0,3)
Iteration 8544:  4009.290000 872.000000 32387.739890 (0,3)
Iteration 8546:  3924.216000 872.000000 32435.402076 (0,3)
Iteration 8655:  3771.675000 871.000000 31744.477861 (1,2)
Iteration 8941:  3744.499000 859.000000 32343.695780 (0,3)
Iteration 8943:  3702.499000 859.000000 32336.791169 (0,3)
Iteration 8945:  3687.573000 859.000000 32422.487045 (0,3)
Iteration 8947:  3673.994000 859.000000 32399.935032 (0,3)
Iteration 8952:  3519.688000 860.000000 32647.659738 (0,3)
Iteration 9157:  3431.225000 866.000000 32354.088128 (0,3)
Iteration 9185:  3238.535000 868.000000 32482.018598 (0,3)
Iteration 9206:  3203.703000 868.000000 32507.722303 (0,3)
Iteration 9488:  3136.942000 868.000000 32926.063055 (0,3)
Iteration 9490:  3039.397000 868.000000 32941.255300 (0,3)
Iteration 9500:  2978.885000 868.000000 32901.335607 (0,3)
Iteration 9504:  2866.538000 868.000000 32866.564472 (0,3)
Iteration 9508:  2826.471000 868.000000 32715.249766 (0,3)
Iteration 9842:  2807.844000 866.000000 32456.771612 (1,3)
Iteration 9849:  2655.219000 865.000000 32650.695251 (0,3)
Iteration 9919:  2640.392000 865.000000 32823.054855 (0,3)
Iteration 9924:  2527.433000 866.000000 32851.054390 (0,3)
Iteration 10011:  2500.813000 867.000000 32819.022638 (0,3)
Iteration 10018:  2460.392000 867.000000 32785.569788 (0,3)
Iteration 126235:  2448.755000 924.000000 33099.469613 (0,3)
Iteration 126278:  2425.013000 924.000000 33062.371124 (0,3)
Iteration 126330:  2411.013000 924.000000 32954.649804 (0,3)
Iteration 126344:  2403.755000 924.000000 32970.986967 (0,0)
Iteration 126422:  2374.341000 924.000000 32961.803616 (0,3)
Iteration 126530:  2365.094000 924.000000 33041.633514 (1,0)
Iteration 126686:  2200.461000 924.000000 33226.137882 (0,3)
Iteration 126849:  2134.381000 924.000000 33201.142232 (1,3)
Iteration 126899:  2130.455000 924.000000 33168.006877 (0,3)
Iteration 126954:  2103.516000 925.000000 33160.950853 (0,2)
Iteration 126997:  2086.516000 925.000000 33125.839646 (0,0)
Iteration 127034:  2026.510000 924.000000 33342.827807 (0,3)
Iteration 127045:  2025.362000 924.000000 33369.646326 (0,3)
Iteration 127445:  1989.880000 924.000000 33313.603913 (0,3)
Iteration 127635:  1985.261000 924.000000 33351.384658 (0,0)
Iteration 127706:  1971.200000 924.000000 33347.857234 (0,3)
Iteration 127750:  1952.902000 924.000000 33199.645504 (0,3)
Iteration 127769:  1927.976000 924.000000 33171.933077 (1,3)
Iteration 127796:  1873.117000 924.000000 33030.942696 (0,3)
Iteration 127862:  1857.969000 924.000000 33106.637345 (0,3)
Iteration 127910:  1853.902000 924.000000 33151.533212 (0,3)
Iteration 128128:  1831.835000 924.000000 33175.961192 (0,3)
Iteration 128162:  1828.707000 924.000000 33074.074889 (0,0)
Iteration 128204:  1787.835000 924.000000 33126.386535 (0,3)
Iteration 128229:  1769.514000 924.000000 33157.462716 (0,0)
Iteration 128250:  1764.200000 924.000000 33094.863306 (0,3)
Iteration 128267:  1747.274000 924.000000 33074.001828 (0,3)
Iteration 128348:  1745.662000 924.000000 33023.463155 (0,0)
Iteration 128751:  1737.594000 923.000000 32944.417326 (0,3)
Iteration 128754:  1726.874000 923.000000 32976.748082 (0,0)
Iteration 128772:  1709.146000 923.000000 32972.981568 (0,3)
Iteration 128870:  1690.873000 923.000000 32994.262410 (0,3)
Iteration 129318:  1662.879000 923.000000 32907.558143 (0,3)
Iteration 129361:  1647.132000 923.000000 32969.028931 (0,3)
Iteration 129452:  1625.744000 923.000000 33002.164286 (0,0)
Iteration 129556:  1604.744000 923.000000 33007.286728 (0,3)
Iteration 129566:  1601.479000 923.000000 32998.087330 (0,0)
Iteration 129624:  1594.553000 921.000000 33007.657615 (0,3)
Iteration 129750:  1594.553000 920.000000 33014.713639 (0,3)
Iteration 129843:  1592.553000 920.000000 32966.038979 (0,3)
Iteration 129996:  1565.553000 920.000000 33005.498798 (1,3)
Iteration 130300:  1541.892000 921.000000 33188.383549 (0,3)
Iteration 130449:  1508.545000 921.000000 33349.005589 (0,3)
total iterations: 231051, time elapsed: 3600.02s
Destroy operator: destroy_random_leafs, Weight: 0.2634, Score: 29663.80, Count: 112671
Destroy operator: destroy_path, Weight: 0.1061, Score: 4891.45, Count: 46117
Destroy operator: destroy_worst_affinity, Weight: 0.0800, Score: 2810.40, Count: 35121
Destroy operator: destroy_district_group, Weight: 0.0797, Score: 2960.10, Count: 37141
Repair operator: repair_greedy_feasible, Weight: 0.1065, Score: 5121.60, Count: 48123
Repair operator: repair_affinity_compact, Weight: 0.0676, Score: 2160.90, Count: 31970
Repair operator: repair_nearest_center, Weight: 0.0711, Score: 2384.40, Count: 33540
Repair operator: repair_2regret, Weight: 0.2612, Score: 30658.85, Count: 117417
