Initial solution objectives: Balance violation = 25765.9520, Affinity loss = 988, Compactness = 27244.2057
Iteration 0:  24427.816000 988.000000 26914.812026 (3,3)
Iteration 1:  24229.712000 988.000000 27073.929254 (2,0)
Iteration 505:  22870.248000 938.000000 26922.387405 (3,2)
Iteration 1507:  21304.734000 968.000000 28157.596995 (2,0)
Iteration 2514:  20460.766000 945.000000 26775.448340 (3,2)
Iteration 3015:  17446.590000 950.000000 27111.470556 (1,3)
Iteration 3022:  17069.788000 948.000000 27206.524910 (3,3)
Iteration 3023:  14385.240000 948.000000 30921.032188 (3,0)
Iteration 7532:  13614.798000 983.000000 36316.585648 (3,0)
Iteration 9586:  13353.820000 956.000000 27126.959518 (0,3)
Iteration 9598:  13080.884000 956.000000 27248.964571 (0,3)
Iteration 16660:  13058.216000 978.000000 26760.522682 (0,0)
Iteration 16661:  13023.250000 979.000000 26773.614409 (3,3)
Iteration 16667:  12975.066000 979.000000 26826.713451 (0,3)
Iteration 16677:  12836.758000 979.000000 26887.095881 (0,0)
Iteration 16686:  12722.776000 980.000000 26819.952650 (0,3)
Iteration 16691:  12250.080000 980.000000 26979.803716 (3,3)
Iteration 16695:  11952.354000 980.000000 27029.121728 (0,3)
Iteration 16724:  11752.102000 980.000000 27192.777356 (0,0)
Iteration 16729:  11635.256000 980.000000 27002.624984 (0,1)
Iteration 16730:  11335.474000 980.000000 27068.766100 (0,3)
Iteration 16735:  11328.080000 980.000000 27079.046103 (0,3)
Iteration 16740:  11292.560000 980.000000 27028.769795 (1,1)
Iteration 16747:  11259.560000 980.000000 27018.231986 (0,3)
Iteration 16751:  11259.560000 980.000000 26930.879164 (2,3)
Iteration 16772:  11039.108000 980.000000 26990.661495 (0,3)
Iteration 16787:  10974.136000 980.000000 26988.985418 (0,3)
Iteration 16804:  10907.354000 980.000000 26890.340478 (0,3)
Iteration 16816:  10861.730000 979.000000 26770.129941 (0,3)
Iteration 16828:  10760.324000 979.000000 26792.298298 (0,3)
Iteration 16858:  10635.010000 979.000000 26756.268095 (0,3)
Iteration 16866:  9598.390000 979.000000 27600.078745 (3,0)
Iteration 20940:  8804.524000 969.000000 27227.248240 (0,0)
Iteration 20948:  8728.580000 969.000000 27274.199239 (2,3)
Iteration 20953:  8562.580000 969.000000 27284.624693 (0,3)
Iteration 20957:  7702.978000 969.000000 27356.765225 (0,0)
Iteration 20965:  7658.978000 968.000000 27411.707491 (0,3)
Iteration 20972:  7519.824000 968.000000 27383.710582 (0,3)
Iteration 20976:  6407.222000 968.000000 27356.818004 (3,3)
Iteration 20995:  6383.404000 968.000000 27372.304321 (0,0)
Iteration 21000:  6336.912000 966.000000 27465.889543 (0,3)
Iteration 21032:  6290.318000 966.000000 27451.849419 (0,3)
Iteration 21037:  6116.090000 966.000000 27375.704666 (0,3)
Iteration 21039:  6034.238000 966.000000 27348.532332 (0,3)
Iteration 21042:  5965.792000 966.000000 27339.931859 (0,3)
Iteration 21049:  5952.478000 966.000000 27355.784055 (0,3)
Iteration 21066:  5847.010000 966.000000 27346.047679 (0,3)
Iteration 21076:  5694.284000 966.000000 27470.485886 (0,3)
Iteration 21099:  5284.056000 967.000000 27568.536539 (0,3)
Iteration 21102:  5056.100000 968.000000 27762.393459 (0,3)
Iteration 21106:  5045.328000 968.000000 27795.663656 (0,3)
Iteration 21113:  4992.110000 967.000000 27762.361127 (1,3)
Iteration 21119:  4903.498000 967.000000 27746.981577 (0,3)
Iteration 21121:  4900.790000 967.000000 27715.450360 (0,3)
Iteration 21146:  4890.064000 967.000000 27684.195936 (0,0)
Iteration 21160:  4885.790000 967.000000 27692.582808 (2,3)
Iteration 21186:  4439.938000 967.000000 30399.070972 (3,0)
total iterations: 368377, time elapsed: 3600.01s
Destroy operator: destroy_random_leafs, Weight: 0.0653, Score: 6766.95, Count: 103666
Destroy operator: destroy_path, Weight: 0.0540, Score: 4460.30, Count: 82582
Destroy operator: destroy_worst_affinity, Weight: 0.0549, Score: 4606.15, Count: 83857
Destroy operator: destroy_district_group, Weight: 0.0633, Score: 6219.15, Count: 98271
Repair operator: repair_greedy_feasible, Weight: 0.0596, Score: 5539.10, Count: 92965
Repair operator: repair_affinity_compact, Weight: 0.0546, Score: 4525.20, Count: 82839
Repair operator: repair_nearest_center, Weight: 0.0565, Score: 4861.20, Count: 85987
Repair operator: repair_2regret, Weight: 0.0669, Score: 7127.05, Count: 106585
