Initial solution objectives: Balance violation = 15108.5450, Affinity loss = 922, Compactness = 48303.1375
Iteration 0:  11899.710000 920.000000 48374.004893 (0,3)
Iteration 1006:  11549.990000 904.000000 49923.877526 (0,3)
Iteration 2034:  11349.830000 917.000000 49283.019996 (0,3)
Iteration 2036:  11056.010000 917.000000 50070.051078 (0,3)
Iteration 2037:  10556.530000 919.000000 50182.254528 (0,3)
Iteration 2038:  10157.310000 919.000000 50025.407623 (0,3)
Iteration 5595:  10108.000000 872.000000 48730.996965 (0,2)
Iteration 5657:  9643.510000 862.000000 48461.863656 (0,3)
Iteration 5658:  9212.780000 862.000000 48616.279040 (0,3)
Iteration 5661:  8571.870000 860.000000 50141.294366 (0,3)
Iteration 5663:  7939.235000 864.000000 50729.933580 (0,3)
Iteration 5665:  7598.675000 864.000000 50917.863313 (2,3)
Iteration 5669:  7427.220000 863.000000 50973.947264 (0,3)
Iteration 5671:  7035.095000 862.000000 50962.152503 (0,3)
Iteration 5684:  6947.780000 863.000000 50786.283007 (1,3)
Iteration 5686:  6555.985000 862.000000 50848.083801 (0,3)
Iteration 5688:  6405.985000 862.000000 50751.160598 (0,2)
Iteration 5693:  6127.095000 860.000000 50369.125433 (2,3)
Iteration 5694:  5999.700000 859.000000 50171.734653 (2,3)
Iteration 6746:  5903.770000 888.000000 52582.802010 (0,3)
Iteration 6749:  5688.505000 888.000000 52662.703234 (0,3)
Iteration 6751:  5683.750000 887.000000 52572.629112 (0,3)
Iteration 6753:  4756.185000 887.000000 52945.488676 (0,3)
Iteration 6758:  4501.865000 887.000000 52897.554737 (1,3)
Iteration 6761:  4334.595000 887.000000 52741.775805 (0,3)
Iteration 6788:  4209.915000 884.000000 52485.684071 (0,3)
Iteration 6789:  4200.915000 884.000000 52455.667169 (0,3)
Iteration 6833:  4112.450000 880.000000 52269.966791 (0,3)
Iteration 6837:  3925.040000 880.000000 52221.302623 (0,3)
Iteration 6838:  3846.115000 881.000000 52294.201795 (0,3)
Iteration 6839:  3566.295000 880.000000 52344.748523 (0,3)
Iteration 6842:  3127.045000 884.000000 53012.998083 (1,3)
Iteration 6843:  3010.005000 884.000000 53208.361747 (2,3)
Iteration 6850:  2520.915000 885.000000 53411.819795 (0,3)
Iteration 6866:  2460.925000 887.000000 53592.168847 (0,3)
Iteration 6877:  2268.410000 887.000000 53868.178639 (0,3)
Iteration 6881:  2265.410000 885.000000 53679.379482 (0,3)
Iteration 8770:  2234.950000 882.000000 57892.957939 (0,3)
Iteration 8772:  2136.850000 883.000000 57935.740095 (0,0)
Iteration 8778:  1805.780000 882.000000 58227.158867 (0,3)
Iteration 8780:  1471.600000 882.000000 58428.522997 (0,3)
Iteration 8781:  1461.510000 882.000000 58139.783350 (1,3)
Iteration 8893:  1455.865000 880.000000 57883.142058 (0,3)
Iteration 8901:  1413.865000 880.000000 57908.225216 (0,3)
Iteration 8906:  1352.395000 879.000000 57874.449040 (0,3)
Iteration 8911:  1219.150000 878.000000 57936.697222 (0,3)
Iteration 8919:  1209.345000 876.000000 58092.270527 (0,3)
Iteration 8921:  1153.710000 878.000000 58071.870465 (0,3)
Iteration 9031:  1084.635000 877.000000 58095.969774 (0,3)
Iteration 9061:  1068.735000 877.000000 58079.459584 (0,3)
Iteration 9100:  1060.005000 863.000000 58287.491247 (0,3)
Iteration 9107:  966.685000 865.000000 58263.765877 (0,3)
Iteration 9134:  939.750000 873.000000 58050.462461 (0,3)
Iteration 9140:  917.130000 873.000000 58014.892449 (0,3)
Iteration 14089:  890.020000 920.000000 50699.252057 (0,3)
Iteration 14129:  885.300000 920.000000 50651.191878 (0,3)
Iteration 14160:  880.885000 920.000000 50714.622897 (0,3)
Iteration 14310:  834.130000 918.000000 50850.630734 (0,3)
Iteration 14331:  829.715000 918.000000 50914.061753 (0,3)
Iteration 14396:  829.715000 918.000000 50914.061753 (0,3)
Iteration 14432:  823.130000 918.000000 50887.057247 (0,3)
Iteration 14594:  823.130000 918.000000 50878.533618 (1,3)
Iteration 55463:  821.570000 912.000000 51400.428669 (0,3)
Iteration 55493:  817.965000 911.000000 51356.177573 (0,3)
Iteration 55510:  767.230000 911.000000 51332.801203 (0,3)
Iteration 55518:  763.075000 912.000000 51236.320511 (0,3)
Iteration 55526:  736.270000 912.000000 51342.196046 (0,3)
Iteration 55533:  733.270000 912.000000 51241.305184 (0,3)
Iteration 55541:  733.270000 912.000000 51241.305184 (1,3)
Iteration 55576:  682.270000 912.000000 51077.001248 (0,3)
Iteration 55577:  682.270000 912.000000 51077.001248 (1,0)
Iteration 55636:  674.230000 914.000000 51035.257944 (1,0)
Iteration 55687:  663.540000 913.000000 51049.480653 (0,3)
Iteration 55690:  656.680000 913.000000 50830.252536 (2,2)
Iteration 55839:  646.145000 913.000000 50867.869091 (0,3)
Iteration 56061:  644.935000 912.000000 50851.297509 (0,3)
Iteration 56076:  644.935000 912.000000 50838.064332 (0,3)
Iteration 56261:  644.935000 912.000000 50815.116338 (0,3)
Iteration 56348:  644.865000 911.000000 51080.389005 (0,3)
Iteration 56373:  636.950000 911.000000 51101.623760 (1,3)
Iteration 56468:  636.950000 911.000000 51101.623760 (1,0)
Iteration 56571:  634.950000 910.000000 50793.438115 (0,3)
Iteration 56595:  631.220000 908.000000 50649.681435 (1,3)
Iteration 56601:  631.220000 907.000000 50741.335444 (0,3)
Iteration 56604:  631.220000 907.000000 50703.718889 (1,3)
Iteration 56627:  616.825000 907.000000 50728.062380 (0,3)
Iteration 56637:  616.825000 907.000000 50728.062380 (0,3)
Iteration 56645:  597.825000 905.000000 50839.858907 (0,3)
Iteration 56655:  581.340000 905.000000 50920.245702 (0,3)
Iteration 56661:  543.735000 905.000000 50774.931518 (0,3)
Iteration 56753:  538.535000 905.000000 51086.686267 (0,3)
Iteration 56777:  494.235000 905.000000 51092.653628 (0,3)
Iteration 56814:  475.695000 908.000000 51404.643317 (0,3)
Iteration 56859:  468.855000 908.000000 51285.426552 (0,3)
Iteration 56872:  464.785000 908.000000 51143.362940 (0,3)
Iteration 57056:  390.460000 909.000000 51274.597068 (0,3)
Iteration 57225:  381.975000 909.000000 51249.866573 (0,0)
Iteration 57505:  375.635000 909.000000 51310.705815 (1,1)
Iteration 57600:  364.525000 909.000000 51455.086675 (0,3)
Iteration 57620:  314.365000 909.000000 51495.509046 (0,3)
Iteration 57983:  314.295000 909.000000 51526.666417 (0,3)
Iteration 58006:  312.050000 909.000000 51587.119655 (0,0)
Iteration 58127:  300.795000 909.000000 51523.742457 (0,3)
Iteration 58152:  300.795000 908.000000 51427.806659 (0,3)
Iteration 58242:  281.285000 908.000000 51408.177435 (0,3)
Iteration 58272:  269.040000 908.000000 51350.252704 (0,3)
Iteration 58284:  269.040000 908.000000 51348.064354 (0,3)
Iteration 58350:  267.040000 908.000000 51308.389388 (0,3)
Iteration 58474:  237.165000 906.000000 54362.289901 (0,3)
Iteration 58562:  237.165000 905.000000 54272.098994 (0,3)
Iteration 58653:  230.650000 906.000000 54358.385287 (0,3)
Iteration 58666:  229.650000 904.000000 54214.628606 (0,3)
Iteration 58914:  214.305000 904.000000 54554.049223 (0,3)
Iteration 59327:  183.040000 904.000000 54545.279917 (0,3)
Iteration 59619:  182.215000 904.000000 54545.832805 (0,3)
Iteration 59926:  164.730000 904.000000 54579.333848 (0,0)
total iterations: 223882, time elapsed: 3600.01s
Destroy operator: destroy_random_leafs, Weight: 0.2390, Score: 25545.35, Count: 106879
Destroy operator: destroy_path, Weight: 0.1061, Score: 5049.45, Count: 47566
Destroy operator: destroy_worst_affinity, Weight: 0.0899, Score: 3654.15, Count: 40592
Destroy operator: destroy_district_group, Weight: 0.0615, Score: 1776.60, Count: 28844
Repair operator: repair_greedy_feasible, Weight: 0.0858, Score: 3448.45, Count: 40156
Repair operator: repair_affinity_compact, Weight: 0.0755, Score: 2634.75, Count: 34888
Repair operator: repair_nearest_center, Weight: 0.0801, Score: 3041.00, Count: 37932
Repair operator: repair_2regret, Weight: 0.2425, Score: 26901.35, Count: 110905
