Initial solution objectives: Balance violation = 28321.0725, Affinity loss = 1871, Compactness = 90346.4606
Iteration 0:  27467.927500 1871.000000 90270.064807 (1,1)
Iteration 1504:  22711.020000 1926.000000 99084.581985 (1,1)
Iteration 1508:  22511.735000 1928.000000 99178.907888 (1,0)
Iteration 5542:  20847.995000 1847.000000 99323.698009 (3,2)
Iteration 6062:  20522.330000 1782.000000 92439.653335 (0,2)
Iteration 8157:  18710.387500 1720.000000 94081.667061 (0,3)
Iteration 8160:  18587.297500 1720.000000 93862.013726 (1,1)
Iteration 8164:  18194.507500 1721.000000 93645.260349 (0,3)
Iteration 8169:  16613.607500 1724.000000 93950.061824 (0,3)
Iteration 8172:  16613.607500 1724.000000 93905.612055 (1,3)
Iteration 8184:  15376.547500 1718.000000 94081.879930 (0,3)
Iteration 8187:  14454.575000 1722.000000 94231.286021 (0,3)
Iteration 8191:  13913.365000 1723.000000 94366.994553 (0,3)
Iteration 8194:  12324.462500 1725.000000 94359.733892 (0,3)
Iteration 8195:  12110.815000 1726.000000 94469.684239 (1,3)
Iteration 8197:  11951.907500 1726.000000 94452.742148 (1,1)
Iteration 8234:  11636.150000 1726.000000 95217.862002 (0,3)
Iteration 8235:  11633.112500 1725.000000 94886.554199 (0,1)
Iteration 8243:  11576.397500 1728.000000 94634.249675 (1,0)
Iteration 8267:  11349.500000 1735.000000 95323.315924 (0,2)
Iteration 8272:  11058.010000 1731.000000 94833.202666 (0,0)
Iteration 8286:  10460.102500 1734.000000 94820.656735 (0,3)
Iteration 8308:  10340.980000 1732.000000 93798.047317 (0,1)
Iteration 8310:  9136.357500 1739.000000 94287.547497 (0,3)
Iteration 8313:  9057.360000 1739.000000 94344.469068 (2,3)
Iteration 8317:  8265.922500 1739.000000 94374.231856 (0,3)
Iteration 8325:  8200.150000 1738.000000 94371.783771 (2,3)
Iteration 8340:  7017.005000 1746.000000 94590.902597 (0,3)
Iteration 8346:  6830.897500 1746.000000 94765.826407 (0,3)
Iteration 8371:  6511.105000 1745.000000 94566.330580 (0,3)
Iteration 8410:  5855.555000 1742.000000 94214.276950 (0,3)
Iteration 8419:  5823.017500 1742.000000 94140.992106 (1,3)
Iteration 8420:  5823.017500 1742.000000 94116.432065 (1,3)
Iteration 8422:  5204.015000 1742.000000 94512.753226 (0,3)
Iteration 8424:  5110.342500 1743.000000 94548.194359 (0,3)
Iteration 8448:  4504.730000 1741.000000 95308.106685 (0,3)
Iteration 10550:  3344.625000 1824.000000 95670.424256 (0,3)
Iteration 10554:  3201.062500 1823.000000 95606.084920 (0,3)
Iteration 10591:  2745.782500 1820.000000 95057.141405 (0,3)
Iteration 10594:  2745.782500 1820.000000 95010.002252 (2,3)
Iteration 10602:  2580.782500 1820.000000 95078.878853 (0,3)
Iteration 10606:  2502.082500 1820.000000 95196.957858 (0,3)
Iteration 10630:  2055.622500 1820.000000 95710.582085 (0,3)
Iteration 10652:  2036.670000 1814.000000 95928.394161 (0,3)
Iteration 10663:  1899.642500 1813.000000 96283.822726 (0,3)
Iteration 10667:  1883.642500 1813.000000 96206.060860 (2,3)
Iteration 10669:  1867.550000 1813.000000 96156.472929 (0,3)
Iteration 10679:  1715.012500 1812.000000 96383.289227 (0,3)
Iteration 10691:  1706.110000 1812.000000 96436.977955 (0,3)
Iteration 10698:  1636.362500 1812.000000 96398.370794 (1,1)
Iteration 10727:  1587.015000 1808.000000 96439.971177 (0,3)
Iteration 10735:  1180.415000 1812.000000 101837.162099 (3,3)
Iteration 10742:  1135.302500 1809.000000 101641.656383 (0,3)
Iteration 10743:  1075.112500 1809.000000 101606.326854 (1,3)
Iteration 10768:  881.577500 1806.000000 101438.765162 (0,3)
Iteration 10771:  876.137500 1806.000000 101491.700629 (0,3)
Iteration 10773:  863.947500 1806.000000 101456.451852 (0,3)
Iteration 10774:  851.947500 1806.000000 101368.557657 (2,3)
Iteration 10776:  851.947500 1806.000000 101246.459403 (0,3)
Iteration 10803:  835.737500 1804.000000 101762.313807 (0,3)
Iteration 10807:  811.575000 1806.000000 101582.714776 (0,3)
Iteration 10816:  787.135000 1805.000000 101789.644234 (2,3)
Iteration 10820:  764.792500 1804.000000 101956.325376 (0,3)
Iteration 10829:  760.792500 1805.000000 101957.183484 (1,1)
Iteration 11014:  630.125000 1795.000000 99724.498784 (0,3)
Iteration 11015:  611.317500 1795.000000 99622.308270 (2,3)
Iteration 11017:  564.572500 1795.000000 99719.394013 (0,3)
Iteration 26351:  507.040000 1628.000000 114416.750708 (0,3)
Iteration 26375:  506.037500 1626.000000 114380.993867 (0,3)
Iteration 26378:  476.197500 1625.000000 114206.624434 (0,3)
Iteration 26400:  428.577500 1628.000000 114328.342162 (0,3)
Iteration 26401:  423.140000 1628.000000 114365.434567 (1,0)
Iteration 26403:  418.140000 1627.000000 114344.842204 (0,3)
Iteration 26408:  400.137500 1627.000000 114479.233018 (0,3)
Iteration 26415:  389.042500 1625.000000 121700.122195 (1,3)
Iteration 26417:  353.755000 1624.000000 121782.659209 (0,3)
Iteration 26438:  333.752500 1624.000000 121846.693742 (0,3)
Iteration 26475:  329.290000 1624.000000 121827.092546 (0,3)
Iteration 26487:  327.850000 1624.000000 121550.515795 (0,3)
Iteration 26496:  327.850000 1624.000000 121510.538285 (0,3)
Iteration 26578:  323.852500 1622.000000 121656.246004 (1,3)
Iteration 26580:  319.950000 1622.000000 121760.812988 (1,0)
Iteration 26588:  319.950000 1622.000000 121758.768412 (0,3)
Iteration 26613:  319.950000 1622.000000 121735.838716 (0,3)
Iteration 26626:  319.950000 1622.000000 121621.239152 (0,3)
Iteration 26638:  319.950000 1622.000000 121551.136561 (1,3)
Iteration 26662:  312.790000 1621.000000 121567.100966 (0,3)
Iteration 26702:  312.790000 1621.000000 121457.269423 (0,3)
Iteration 26709:  312.790000 1621.000000 121307.670617 (0,3)
Iteration 26752:  301.350000 1620.000000 121103.721769 (0,3)
Iteration 26774:  301.350000 1620.000000 121034.302457 (0,3)
Iteration 26788:  294.507500 1621.000000 120971.409049 (0,3)
Iteration 26795:  294.507500 1621.000000 120892.343913 (0,3)
Iteration 26829:  294.507500 1620.000000 120862.905367 (0,3)
Iteration 26833:  293.762500 1620.000000 120935.949831 (2,3)
Iteration 26835:  293.762500 1620.000000 120904.319833 (0,3)
Iteration 26879:  292.762500 1622.000000 120805.198394 (0,3)
Iteration 26892:  292.762500 1622.000000 120693.247712 (0,3)
Iteration 26903:  292.762500 1621.000000 120624.208972 (0,3)
Iteration 26998:  292.760000 1618.000000 120056.440944 (0,3)
Iteration 27044:  292.760000 1617.000000 120008.836833 (0,3)
Iteration 27081:  284.600000 1616.000000 119730.469042 (0,3)
Iteration 27139:  284.600000 1616.000000 119686.142918 (0,3)
Iteration 27165:  277.760000 1614.000000 119747.190949 (0,3)
Iteration 27185:  277.760000 1613.000000 119638.100580 (0,3)
Iteration 27203:  274.760000 1613.000000 119573.414008 (0,3)
Iteration 27233:  274.760000 1613.000000 119541.561267 (0,3)
Iteration 27290:  274.760000 1613.000000 119492.461430 (0,3)
Iteration 27328:  267.857500 1613.000000 119471.986676 (0,3)
Iteration 27332:  228.490000 1611.000000 119339.953883 (0,3)
Iteration 27333:  203.602500 1609.000000 119313.442394 (0,3)
Iteration 27372:  203.602500 1609.000000 119304.271332 (0,3)
Iteration 27398:  203.602500 1607.000000 119137.925235 (0,3)
Iteration 27408:  195.600000 1606.000000 118980.863602 (0,3)
Iteration 27435:  182.760000 1606.000000 119165.555706 (1,0)
Iteration 27465:  182.760000 1606.000000 119026.869357 (0,3)
Iteration 27493:  182.760000 1606.000000 119017.393769 (0,3)
Iteration 27505:  182.757500 1605.000000 119005.852730 (1,3)
Iteration 27525:  182.757500 1604.000000 118928.154639 (0,3)
Iteration 27544:  182.757500 1603.000000 118821.257824 (0,3)
Iteration 27545:  170.855000 1603.000000 118821.364460 (0,3)
Iteration 27564:  170.855000 1603.000000 118761.096749 (1,1)
Iteration 27602:  170.855000 1602.000000 118579.168709 (0,3)
Iteration 27604:  170.855000 1602.000000 118488.664449 (0,3)
Iteration 27679:  170.855000 1601.000000 118396.647779 (0,3)
Iteration 27701:  170.855000 1600.000000 118366.839813 (0,3)
Iteration 27709:  170.855000 1600.000000 118324.767135 (0,3)
Iteration 27770:  170.855000 1598.000000 118170.733855 (0,3)
Iteration 27784:  170.855000 1598.000000 118068.899825 (0,3)
Iteration 27792:  170.855000 1598.000000 118030.220471 (0,3)
Iteration 28066:  170.855000 1596.000000 118238.012508 (0,3)
Iteration 28086:  170.855000 1596.000000 118236.380529 (0,3)
Iteration 28218:  170.855000 1596.000000 118074.674841 (0,3)
Iteration 28246:  170.855000 1595.000000 117822.537462 (0,3)
Iteration 28259:  170.855000 1595.000000 117807.537640 (0,3)
Iteration 28262:  170.855000 1595.000000 117672.070092 (0,3)
Iteration 28404:  170.855000 1595.000000 117654.402617 (0,3)
Iteration 48845:  157.397500 1789.000000 96516.485668 (0,3)
Iteration 48860:  145.297500 1788.000000 96575.443331 (0,3)
Iteration 48861:  135.300000 1788.000000 96651.527607 (0,3)
Iteration 48872:  135.300000 1788.000000 96608.941298 (0,3)
Iteration 48877:  134.397500 1788.000000 96583.728603 (0,3)
Iteration 48882:  91.655000 1788.000000 96609.151430 (1,1)
Iteration 48939:  85.815000 1788.000000 96404.134076 (0,3)
Iteration 49029:  81.817500 1787.000000 96580.731290 (0,3)
Iteration 49037:  81.817500 1785.000000 96579.783496 (0,3)
Iteration 49043:  81.817500 1785.000000 96510.612201 (2,3)
Iteration 49046:  81.815000 1783.000000 96745.467896 (0,3)
Iteration 49073:  81.815000 1783.000000 96745.036430 (0,3)
Iteration 49097:  81.815000 1783.000000 96711.674680 (0,3)
Iteration 49159:  81.815000 1782.000000 96543.307000 (0,3)
Iteration 49173:  81.815000 1782.000000 96513.701039 (0,3)
Iteration 49187:  81.815000 1782.000000 96502.434152 (1,1)
Iteration 49219:  81.815000 1782.000000 96426.510547 (0,3)
Iteration 49277:  81.815000 1782.000000 96352.257677 (0,3)
Iteration 49288:  81.815000 1782.000000 96072.663369 (0,3)
Iteration 49313:  59.255000 1778.000000 95303.406553 (0,3)
Iteration 49317:  59.255000 1777.000000 95066.298638 (0,3)
Iteration 49330:  59.255000 1776.000000 95062.548879 (2,3)
Iteration 49342:  59.255000 1776.000000 95028.466641 (1,2)
Iteration 49370:  45.717500 1774.000000 95266.380881 (0,3)
Iteration 49513:  45.717500 1773.000000 95339.575540 (0,3)
Iteration 49539:  45.717500 1773.000000 95269.187273 (0,3)
Iteration 49566:  41.815000 1774.000000 95245.386752 (1,2)
Iteration 49569:  41.815000 1773.000000 95207.299395 (1,3)
Iteration 49590:  41.815000 1772.000000 95351.977398 (0,3)
Iteration 49672:  41.815000 1771.000000 95233.479802 (0,3)
Iteration 49871:  41.815000 1771.000000 95195.363900 (1,1)
Iteration 49926:  41.815000 1770.000000 95163.252837 (0,3)
Iteration 50026:  41.815000 1769.000000 95182.457688 (0,3)
Iteration 50059:  41.815000 1768.000000 95131.499438 (0,3)
Iteration 50115:  40.912500 1765.000000 96808.545952 (0,3)
Iteration 50226:  40.912500 1765.000000 96685.160742 (0,3)
Iteration 50237:  40.912500 1764.000000 96726.735266 (0,3)
Iteration 50241:  40.912500 1764.000000 96709.577081 (0,3)
Iteration 50246:  40.912500 1764.000000 96703.901504 (0,3)
Iteration 50298:  40.912500 1763.000000 96654.372684 (0,3)
Iteration 50305:  40.912500 1761.000000 96726.640074 (0,3)
Iteration 50312:  40.912500 1759.000000 96757.716101 (0,3)
Iteration 50321:  40.912500 1757.000000 96969.252379 (0,3)
Iteration 50771:  40.912500 1755.000000 96924.019083 (0,3)
Iteration 50800:  40.912500 1755.000000 96661.836627 (1,3)
Iteration 50881:  40.912500 1755.000000 96498.366438 (0,3)
Iteration 50884:  40.912500 1752.000000 96685.367778 (0,3)
Iteration 50907:  40.912500 1751.000000 96643.822966 (0,3)
Iteration 51366:  40.912500 1750.000000 96793.381119 (0,3)
Iteration 51509:  40.912500 1749.000000 96775.061145 (0,3)
Iteration 51528:  40.912500 1748.000000 96729.419953 (0,3)
Iteration 51543:  40.912500 1748.000000 96688.636417 (0,3)
Iteration 51566:  40.912500 1748.000000 96672.445471 (2,3)
Iteration 51648:  40.912500 1747.000000 96789.087345 (0,3)
Iteration 51674:  40.912500 1747.000000 96679.754450 (0,3)
Iteration 51677:  40.912500 1747.000000 96657.813474 (2,3)
Iteration 51704:  40.912500 1746.000000 96589.994991 (0,3)
Iteration 51806:  40.912500 1745.000000 96575.064540 (0,3)
Iteration 51898:  40.912500 1745.000000 96564.917580 (0,3)
Iteration 51979:  40.912500 1745.000000 96530.318576 (0,3)
Iteration 51989:  40.912500 1744.000000 96634.622301 (0,3)
Iteration 51995:  40.912500 1744.000000 96619.645059 (0,3)
Iteration 51999:  40.912500 1744.000000 96587.861926 (2,3)
Iteration 52015:  40.912500 1742.000000 96717.432184 (1,3)
Iteration 52136:  40.912500 1742.000000 96649.662974 (0,3)
Iteration 52188:  40.912500 1741.000000 96600.173725 (0,3)
Iteration 52266:  40.912500 1740.000000 96601.842963 (0,3)
Iteration 52328:  40.912500 1740.000000 96423.158451 (0,3)
Iteration 52333:  40.912500 1740.000000 96400.592488 (2,3)
Iteration 52478:  40.912500 1740.000000 96398.204612 (0,3)
Iteration 52513:  40.912500 1740.000000 96365.364068 (0,3)
Iteration 52585:  40.912500 1740.000000 96339.169780 (0,3)
Iteration 52820:  40.912500 1739.000000 96310.375339 (0,3)
Iteration 52832:  40.912500 1739.000000 96273.222499 (0,3)
Iteration 52883:  40.912500 1737.000000 96298.768902 (0,3)
Iteration 52891:  40.912500 1736.000000 96399.625091 (2,3)
Iteration 52902:  40.912500 1735.000000 96473.743124 (0,3)
Iteration 52962:  40.912500 1734.000000 96390.145586 (0,3)
Iteration 53006:  40.912500 1733.000000 96636.187490 (0,3)
Iteration 53042:  40.912500 1733.000000 96613.129377 (0,3)
Iteration 53162:  40.912500 1733.000000 96510.889755 (0,3)
Iteration 53457:  40.815000 1733.000000 96304.859756 (0,3)
Iteration 53826:  40.815000 1733.000000 96281.296797 (0,3)
Iteration 53834:  40.815000 1732.000000 96406.764388 (0,3)
Iteration 53848:  40.815000 1732.000000 96384.198425 (2,3)
Iteration 53959:  40.815000 1730.000000 96529.281689 (0,3)
Iteration 53994:  38.815000 1729.000000 96326.664252 (0,3)
Iteration 54062:  33.815000 1728.000000 96488.654595 (0,3)
Iteration 54073:  33.815000 1727.000000 96531.480703 (0,3)
Iteration 54130:  33.815000 1726.000000 96511.029114 (0,3)
Iteration 54176:  33.815000 1725.000000 96468.006841 (0,3)
Iteration 54197:  33.815000 1725.000000 96461.667456 (0,3)
Iteration 54209:  33.815000 1725.000000 96428.529809 (0,3)
Iteration 54269:  28.910000 1725.000000 96415.190868 (0,3)
Iteration 54277:  27.720000 1725.000000 96316.292394 (0,3)
Iteration 54427:  25.722500 1725.000000 96333.665443 (0,3)
Iteration 54512:  19.722500 1725.000000 96330.547321 (0,3)
Iteration 54560:  19.722500 1723.000000 96292.120934 (0,3)
Iteration 54677:  19.722500 1722.000000 96450.130898 (0,3)
Iteration 54801:  19.722500 1722.000000 96430.759003 (0,3)
Iteration 54967:  19.722500 1721.000000 96500.253916 (0,3)
Iteration 55263:  19.722500 1721.000000 96449.275524 (0,3)
total iterations: 83002, time elapsed: 3600.03s
Destroy operator: destroy_random_leafs, Weight: 0.1865, Score: 6343.45, Count: 34103
Destroy operator: destroy_path, Weight: 0.0925, Score: 1742.00, Count: 18859
Destroy operator: destroy_worst_affinity, Weight: 0.0888, Score: 1532.70, Count: 17271
Destroy operator: destroy_district_group, Weight: 0.0583, Score: 744.25, Count: 12768
Repair operator: repair_greedy_feasible, Weight: 0.0690, Score: 1042.20, Count: 15120
Repair operator: repair_affinity_compact, Weight: 0.0695, Score: 1101.35, Count: 15842
Repair operator: repair_nearest_center, Weight: 0.0699, Score: 1060.75, Count: 15172
Repair operator: repair_2regret, Weight: 0.1947, Score: 7158.10, Count: 36867
