Initial solution objectives: Balance violation = 30645.0930, Affinity loss = 868, Compactness = 25665.3954
Iteration 0:  29403.435000 864.000000 25607.653846 (2,3)
Iteration 2004:  25602.320000 977.000000 25412.369935 (3,1)
Iteration 2005:  23922.622000 977.000000 27766.965911 (3,0)
Iteration 7521:  23149.680000 983.000000 25490.881804 (2,3)
Iteration 7522:  22905.080000 983.000000 25487.934418 (3,3)
Iteration 7525:  22105.258000 983.000000 25530.441454 (0,3)
Iteration 7526:  21590.418000 983.000000 25629.348100 (3,3)
Iteration 7528:  21413.978000 983.000000 25666.423853 (3,3)
Iteration 7533:  21388.978000 983.000000 25737.637260 (3,3)
Iteration 7537:  21156.969000 983.000000 25675.332522 (0,3)
Iteration 7544:  20752.831000 983.000000 25702.349489 (3,2)
Iteration 25080:  20728.418000 987.000000 26435.863633 (3,0)
Iteration 118823:  20661.697000 959.000000 26226.139395 (2,3)
Iteration 118827:  20612.328000 957.000000 26209.761616 (0,0)
Iteration 118848:  20579.017000 958.000000 26195.598879 (1,0)
Iteration 118864:  20579.017000 958.000000 26188.173767 (0,3)
Iteration 118866:  20321.759000 960.000000 26241.722567 (0,3)
Iteration 118874:  20321.448000 960.000000 26182.533843 (0,3)
Iteration 118893:  20315.937000 960.000000 26180.885112 (0,3)
Iteration 118900:  19542.595000 961.000000 26155.425138 (0,3)
Iteration 118903:  19308.595000 962.000000 26131.799313 (1,2)
Iteration 118907:  19080.155000 962.000000 26176.995168 (0,3)
Iteration 118937:  17792.604000 962.000000 28516.432755 (3,0)
total iterations: 231625, time elapsed: 3600.02s
Destroy operator: destroy_random_leafs, Weight: 0.0593, Score: 3535.95, Count: 59625
Destroy operator: destroy_path, Weight: 0.0522, Score: 2701.65, Count: 51802
Destroy operator: destroy_worst_affinity, Weight: 0.0546, Score: 3006.75, Count: 55126
Destroy operator: destroy_district_group, Weight: 0.0636, Score: 4138.85, Count: 65071
Repair operator: repair_greedy_feasible, Weight: 0.0582, Score: 3369.10, Count: 57900
Repair operator: repair_affinity_compact, Weight: 0.0547, Score: 2989.25, Count: 54670
Repair operator: repair_nearest_center, Weight: 0.0560, Score: 3128.70, Count: 55878
Repair operator: repair_2regret, Weight: 0.0617, Score: 3896.15, Count: 63176
