Initial solution objectives: Balance violation = 5545.6850, Affinity loss = 887, Compactness = 45908.4773
Iteration 6:  4694.090000 878.000000 50048.346682 (3,3)
Iteration 8:  4162.945000 883.000000 50000.804805 (3,3)
Iteration 11:  4052.690000 883.000000 50054.575811 (0,3)
Iteration 14:  4024.635000 883.000000 50070.036355 (1,0)
Iteration 15:  3904.480000 882.000000 49895.844540 (2,3)
Iteration 2536:  3900.700000 867.000000 48606.418368 (0,3)
Iteration 2541:  3623.795000 867.000000 48418.294511 (0,2)
Iteration 2542:  3449.335000 866.000000 48557.679537 (0,3)
Iteration 2543:  2998.275000 864.000000 48923.579399 (0,3)
Iteration 2544:  2755.275000 863.000000 48959.950694 (2,3)
Iteration 5158:  2508.185000 922.000000 47036.842845 (0,0)
Iteration 5167:  2332.485000 922.000000 46699.787839 (0,2)
Iteration 5180:  1869.455000 921.000000 46317.309477 (3,3)
Iteration 5269:  1617.595000 917.000000 46621.191038 (3,3)
Iteration 5289:  1576.315000 915.000000 46993.575245 (0,1)
Iteration 5369:  1415.205000 922.000000 47970.919364 (0,3)
Iteration 5371:  1407.360000 925.000000 47833.495240 (0,2)
Iteration 5373:  1363.555000 925.000000 47950.923853 (0,3)
Iteration 5375:  1313.350000 923.000000 47920.970980 (0,0)
Iteration 5634:  1241.885000 927.000000 49681.001653 (0,3)
Iteration 5637:  1203.200000 927.000000 49743.128731 (0,3)
Iteration 5638:  1190.485000 925.000000 49792.680365 (1,3)
Iteration 5647:  912.550000 924.000000 49867.734502 (0,3)
Iteration 5651:  613.725000 925.000000 49981.239271 (0,3)
Iteration 6469:  579.565000 904.000000 52678.591658 (0,3)
Iteration 6608:  553.165000 887.000000 51789.421351 (0,3)
Iteration 6612:  500.165000 890.000000 51626.503826 (0,3)
Iteration 6615:  461.165000 890.000000 51477.069813 (0,0)
Iteration 6618:  443.250000 889.000000 51418.204245 (0,3)
Iteration 6620:  442.580000 888.000000 51632.001628 (0,3)
Iteration 6670:  307.720000 883.000000 51730.259240 (0,3)
Iteration 6903:  228.565000 862.000000 56622.568952 (0,3)
Iteration 6904:  227.565000 861.000000 56670.865908 (0,3)
Iteration 6908:  224.235000 860.000000 56706.096083 (0,3)
Iteration 6923:  221.025000 861.000000 56890.442679 (0,3)
Iteration 6927:  179.320000 859.000000 56909.165986 (0,3)
Iteration 7027:  171.680000 862.000000 54537.168005 (0,2)
Iteration 8921:  161.680000 778.000000 49422.884607 (0,3)
Iteration 8949:  157.990000 776.000000 49780.804376 (1,0)
Iteration 8950:  150.660000 775.000000 49896.266060 (2,3)
Iteration 8960:  131.975000 775.000000 49999.667330 (0,3)
Iteration 9049:  116.680000 769.000000 49597.999443 (0,3)
Iteration 9055:  108.350000 771.000000 49466.622575 (0,3)
Iteration 9059:  102.290000 773.000000 49502.102491 (0,3)
Iteration 9108:  96.945000 770.000000 49648.256690 (0,0)
Iteration 9113:  85.530000 772.000000 49673.739628 (0,0)
Iteration 9120:  85.530000 772.000000 49671.236240 (1,3)
Iteration 9127:  78.260000 769.000000 49820.036396 (0,3)
Iteration 9129:  78.260000 767.000000 49861.498095 (0,3)
Iteration 10090:  57.945000 849.000000 49097.614172 (0,3)
Iteration 10197:  50.460000 851.000000 49076.441794 (0,3)
Iteration 10324:  30.460000 840.000000 52205.161111 (0,3)
Iteration 23321:  20.060000 807.000000 54847.647292 (0,2)
Iteration 23322:  12.060000 807.000000 54874.992867 (0,3)
Iteration 23347:  4.730000 807.000000 54975.931168 (1,3)
Iteration 23419:  4.730000 806.000000 55013.063542 (0,3)
Iteration 23420:  4.730000 806.000000 55011.519026 (0,3)
Iteration 23488:  4.730000 805.000000 54718.995138 (0,3)
Iteration 23499:  4.730000 803.000000 54593.426433 (0,3)
Iteration 23513:  4.730000 803.000000 54557.026479 (1,3)
Iteration 23524:  4.730000 803.000000 54484.779616 (1,0)
Iteration 23599:  4.730000 803.000000 54390.913502 (0,3)
Iteration 23615:  4.730000 803.000000 54303.795783 (0,0)
Iteration 23634:  4.730000 802.000000 54354.339018 (0,3)
Iteration 23645:  4.730000 800.000000 54348.736737 (0,3)
Iteration 23663:  4.730000 800.000000 54263.683538 (0,3)
Iteration 23690:  4.730000 798.000000 54102.589701 (0,3)
Iteration 23706:  4.730000 796.000000 54062.622873 (0,3)
Iteration 23728:  4.730000 795.000000 53908.834111 (0,1)
Iteration 23755:  4.730000 795.000000 53857.032721 (0,3)
Iteration 23766:  4.730000 793.000000 53627.361481 (0,3)
Iteration 23791:  4.730000 793.000000 53572.609183 (1,3)
Iteration 23794:  4.730000 793.000000 53524.921041 (0,3)
Iteration 23846:  4.730000 793.000000 53443.246513 (0,3)
Iteration 23923:  4.730000 793.000000 53386.683649 (0,3)
Iteration 23931:  0.000000 791.000000 53419.301287 (0,3)
Iteration 23936:  0.000000 790.000000 53457.495677 (0,3)
Iteration 23958:  0.000000 789.000000 53443.115726 (0,3)
Iteration 23966:  0.000000 787.000000 53185.977571 (0,3)
Iteration 23978:  0.000000 787.000000 53150.183199 (0,3)
Iteration 23980:  0.000000 787.000000 53043.079331 (0,3)
Iteration 23986:  0.000000 787.000000 53031.751769 (0,3)
Iteration 24100:  0.000000 786.000000 52936.610566 (0,3)
Iteration 24110:  0.000000 784.000000 53018.367052 (0,3)
Iteration 24112:  0.000000 783.000000 52946.830887 (0,3)
Iteration 24124:  0.000000 781.000000 52964.129250 (0,3)
Iteration 24147:  0.000000 780.000000 52851.225165 (0,3)
Iteration 24203:  0.000000 779.000000 52914.459736 (0,3)
Iteration 24236:  0.000000 778.000000 52973.480933 (0,3)
Iteration 24259:  0.000000 778.000000 52870.189949 (0,3)
Iteration 24273:  0.000000 778.000000 52565.869660 (0,3)
Iteration 24278:  0.000000 778.000000 52549.706329 (0,3)
Iteration 24321:  0.000000 778.000000 52528.562271 (0,3)
Iteration 24431:  0.000000 775.000000 52181.130214 (0,3)
Iteration 24481:  0.000000 775.000000 52133.412335 (0,3)
Iteration 24502:  0.000000 774.000000 52226.527571 (0,3)
Iteration 24787:  0.000000 774.000000 52203.195091 (0,3)
Iteration 24885:  0.000000 774.000000 52110.009441 (0,3)
Iteration 24947:  0.000000 774.000000 52067.257657 (0,3)
Iteration 24962:  0.000000 773.000000 52000.707447 (0,3)
Iteration 24996:  0.000000 771.000000 51937.690436 (1,3)
Iteration 25066:  0.000000 771.000000 51921.527106 (0,3)
Iteration 25119:  0.000000 771.000000 51742.305053 (0,3)
Iteration 25354:  0.000000 771.000000 51738.048791 (0,3)
Iteration 25396:  0.000000 770.000000 51699.694812 (0,3)
Iteration 25405:  0.000000 769.000000 51796.158558 (1,0)
Iteration 25421:  0.000000 769.000000 51787.925053 (2,3)
Iteration 25453:  0.000000 768.000000 51751.864135 (0,3)
Iteration 25617:  0.000000 768.000000 51734.507354 (0,3)
Iteration 25620:  0.000000 767.000000 51815.153764 (0,3)
Iteration 25624:  0.000000 767.000000 51714.498100 (0,3)
Iteration 25767:  0.000000 767.000000 51711.943557 (0,3)
Iteration 25792:  0.000000 766.000000 51794.296312 (0,3)
Iteration 25794:  0.000000 766.000000 51727.549297 (0,3)
Iteration 25839:  0.000000 766.000000 51694.905732 (0,3)
Iteration 25840:  0.000000 764.000000 51808.270216 (0,3)
Iteration 25876:  0.000000 764.000000 51808.248474 (0,3)
Iteration 25880:  0.000000 764.000000 51799.139978 (0,3)
Iteration 25979:  0.000000 764.000000 51774.721432 (1,3)
Iteration 26008:  0.000000 764.000000 51763.844840 (0,3)
Iteration 26104:  0.000000 764.000000 51735.178442 (0,3)
Iteration 26122:  0.000000 764.000000 51726.390570 (1,3)
Iteration 26146:  0.000000 764.000000 51714.257649 (0,3)
Iteration 26178:  0.000000 762.000000 51792.426262 (0,3)
Iteration 26198:  0.000000 762.000000 51763.081201 (1,3)
Iteration 26199:  0.000000 760.000000 51914.567953 (0,3)
Iteration 26231:  0.000000 758.000000 52010.067165 (0,3)
Iteration 26235:  0.000000 758.000000 51796.408488 (0,3)
Iteration 26238:  0.000000 757.000000 51856.842290 (0,3)
Iteration 26265:  0.000000 756.000000 52024.530707 (0,3)
Iteration 26352:  0.000000 756.000000 52000.552230 (0,3)
Iteration 26415:  0.000000 755.000000 51845.579042 (1,0)
Iteration 26439:  0.000000 755.000000 51802.483049 (0,3)
Iteration 26520:  0.000000 755.000000 51734.877433 (0,3)
Iteration 26663:  0.000000 755.000000 51557.779166 (0,3)
Iteration 26739:  0.000000 754.000000 51634.216640 (0,3)
Iteration 26767:  0.000000 754.000000 51627.002359 (0,3)
Iteration 26776:  0.000000 754.000000 51598.164962 (0,3)
Iteration 26808:  0.000000 753.000000 51554.088035 (1,3)
Iteration 26854:  0.000000 753.000000 51493.341773 (0,3)
Iteration 26931:  0.000000 751.000000 51572.472240 (0,3)
Iteration 27071:  0.000000 750.000000 51688.046795 (0,3)
Iteration 27160:  0.000000 749.000000 51672.748425 (0,3)
Iteration 27286:  0.000000 749.000000 51584.465280 (0,3)
total iterations: 219997, time elapsed: 3600.07s
Destroy operator: destroy_random_leafs, Weight: 0.2040, Score: 20673.10, Count: 101302
Destroy operator: destroy_path, Weight: 0.1026, Score: 5284.55, Count: 51519
Destroy operator: destroy_worst_affinity, Weight: 0.0745, Score: 2747.90, Count: 36911
Destroy operator: destroy_district_group, Weight: 0.0583, Score: 1764.80, Count: 30264
Repair operator: repair_greedy_feasible, Weight: 0.0895, Score: 3912.95, Count: 43749
Repair operator: repair_affinity_compact, Weight: 0.0742, Score: 2678.95, Count: 36110
Repair operator: repair_nearest_center, Weight: 0.0817, Score: 3264.35, Count: 39940
Repair operator: repair_2regret, Weight: 0.2056, Score: 20614.10, Count: 100197
