Initial solution objectives: Balance violation = 13184.5200, Affinity loss = 927, Compactness = 46178.6572
Iteration 11:  12151.730000 923.000000 45423.048970 (0,3)
Iteration 512:  9623.825000 882.000000 48200.881211 (1,1)
Iteration 514:  9365.895000 877.000000 48018.578542 (2,3)
Iteration 516:  9365.895000 877.000000 47965.426900 (1,2)
Iteration 1017:  6121.392500 948.000000 45385.647817 (2,1)
Iteration 1019:  5431.660000 945.000000 46657.006897 (0,3)
Iteration 4048:  5390.020000 705.000000 49224.465588 (0,3)
Iteration 4054:  4958.707500 704.000000 49139.779303 (0,3)
Iteration 4062:  4680.815000 700.000000 48704.190793 (0,3)
Iteration 5619:  4626.687500 805.000000 54122.687460 (0,3)
Iteration 5621:  4454.565000 801.000000 56614.161698 (0,3)
Iteration 5625:  4383.200000 799.000000 57052.360224 (1,3)
Iteration 5626:  4375.200000 799.000000 56690.415496 (0,0)
Iteration 5628:  4132.140000 799.000000 56661.282746 (0,3)
Iteration 5634:  3991.825000 799.000000 56859.946211 (0,3)
Iteration 5638:  3679.157500 797.000000 56654.101767 (0,2)
Iteration 5639:  3058.162500 797.000000 56969.343731 (0,3)
Iteration 5640:  2946.647500 794.000000 57235.504319 (0,3)
Iteration 5769:  2946.152500 787.000000 60255.318163 (0,3)
Iteration 5789:  2939.857500 791.000000 61099.938120 (0,3)
Iteration 5793:  2794.797500 793.000000 60874.941980 (0,3)
Iteration 5796:  2576.862500 791.000000 60413.162849 (0,3)
Iteration 5810:  2536.585000 795.000000 61115.855993 (0,3)
Iteration 5812:  2467.217500 794.000000 61330.740148 (0,3)
Iteration 5814:  2388.015000 794.000000 61467.218548 (0,3)
Iteration 5817:  2326.777500 796.000000 61055.719816 (0,3)
Iteration 5863:  1806.065000 792.000000 60286.541638 (0,3)
Iteration 8096:  1512.825000 891.000000 55414.221147 (0,3)
Iteration 8097:  1359.652500 891.000000 55368.277312 (0,3)
Iteration 8099:  1284.622500 892.000000 55436.005022 (0,3)
Iteration 8951:  1197.290000 849.000000 56326.972166 (0,3)
Iteration 8961:  1173.972500 849.000000 56008.344421 (0,3)
Iteration 8962:  1145.125000 849.000000 56128.686123 (2,3)
Iteration 8966:  1058.457500 849.000000 56105.181668 (0,3)
Iteration 9006:  957.342500 847.000000 56052.501171 (0,3)
Iteration 9014:  899.190000 846.000000 56006.026695 (0,3)
Iteration 9036:  891.092500 848.000000 56153.815836 (0,3)
Iteration 9038:  805.760000 848.000000 56093.098284 (0,3)
Iteration 9102:  670.117500 846.000000 55708.047481 (0,3)
Iteration 9129:  657.317500 843.000000 55831.720213 (0,3)
Iteration 9132:  657.317500 843.000000 55831.720213 (1,2)
Iteration 9148:  654.735000 844.000000 55896.041812 (0,3)
Iteration 11029:  649.132500 905.000000 52454.905835 (0,3)
Iteration 11046:  634.960000 904.000000 52598.797793 (0,3)
Iteration 11059:  623.145000 904.000000 52574.968052 (0,3)
Iteration 11074:  619.625000 905.000000 52594.486089 (0,3)
Iteration 11082:  602.625000 906.000000 52470.190162 (0,3)
Iteration 11090:  602.177500 906.000000 52486.765035 (0,3)
Iteration 11098:  590.330000 906.000000 52354.043737 (0,3)
Iteration 11105:  583.962500 906.000000 52422.020959 (0,3)
Iteration 11155:  573.172500 905.000000 52715.224693 (0,3)
Iteration 11239:  569.327500 905.000000 52547.703809 (0,3)
Iteration 11241:  569.175000 905.000000 52472.451927 (0,3)
Iteration 11316:  558.407500 906.000000 52915.636404 (0,3)
Iteration 11358:  548.007500 904.000000 52662.154816 (0,3)
Iteration 11388:  546.007500 901.000000 54185.422959 (0,3)
Iteration 11396:  541.675000 901.000000 54188.400462 (0,3)
Iteration 11406:  540.095000 899.000000 54426.079349 (0,3)
Iteration 11407:  525.095000 899.000000 54323.161725 (0,3)
Iteration 11408:  508.727500 899.000000 54082.137301 (2,3)
Iteration 11409:  508.727500 899.000000 54082.137301 (1,3)
Iteration 11422:  500.727500 898.000000 54143.601226 (1,1)
Iteration 11429:  497.245000 898.000000 54202.243620 (0,3)
Iteration 11435:  495.727500 898.000000 54254.433522 (2,3)
Iteration 11440:  489.912500 896.000000 55787.971433 (0,3)
Iteration 11450:  489.697500 894.000000 55695.410768 (0,3)
Iteration 11767:  452.535000 887.000000 56542.664010 (2,3)
Iteration 12510:  419.805000 914.000000 54289.315320 (0,0)
Iteration 12532:  342.805000 914.000000 54434.502228 (0,3)
Iteration 12539:  318.285000 914.000000 54548.371500 (0,3)
Iteration 12542:  316.437500 914.000000 54581.701285 (0,3)
Iteration 12635:  312.990000 910.000000 62879.243368 (0,3)
Iteration 12638:  301.990000 910.000000 62851.281000 (1,3)
Iteration 12667:  284.657500 909.000000 63105.487189 (0,3)
Iteration 12747:  273.132500 906.000000 63209.822011 (0,3)
Iteration 12749:  244.337500 906.000000 63192.050184 (1,2)
Iteration 12864:  239.567500 900.000000 62991.619952 (0,3)
Iteration 12873:  233.170000 899.000000 62423.004580 (0,3)
Iteration 12874:  233.170000 899.000000 62423.004580 (1,2)
Iteration 12876:  193.075000 900.000000 62365.587105 (0,3)
Iteration 13153:  188.862500 895.000000 63786.992693 (0,3)
Iteration 13225:  162.495000 895.000000 63921.881113 (0,3)
Iteration 13245:  150.710000 895.000000 64533.315250 (0,0)
Iteration 13264:  143.042500 895.000000 64469.837216 (0,3)
Iteration 13348:  138.037500 892.000000 64529.591425 (1,0)
Iteration 13353:  138.037500 892.000000 64453.662334 (1,2)
Iteration 13369:  138.037500 891.000000 64290.744540 (0,3)
Iteration 13413:  129.375000 895.000000 64801.689577 (0,3)
Iteration 13491:  89.375000 895.000000 64703.060993 (0,3)
Iteration 13510:  89.375000 895.000000 64695.092658 (0,3)
Iteration 13602:  86.375000 895.000000 64678.800545 (0,3)
Iteration 13706:  85.007500 896.000000 64701.542194 (0,3)
Iteration 13712:  77.560000 898.000000 64762.520307 (0,3)
Iteration 13755:  77.560000 897.000000 64752.471385 (0,3)
Iteration 13764:  77.560000 896.000000 64768.905263 (0,3)
Iteration 14005:  77.560000 896.000000 64745.342621 (0,3)
Iteration 14086:  72.977500 893.000000 64262.674098 (0,3)
Iteration 14242:  72.610000 892.000000 64516.735272 (1,0)
Iteration 14427:  72.610000 890.000000 64419.837917 (0,3)
Iteration 14587:  71.610000 889.000000 63820.309517 (0,3)
Iteration 14603:  71.610000 887.000000 63734.812827 (1,3)
Iteration 14604:  71.610000 887.000000 63329.771466 (0,3)
Iteration 14605:  67.610000 887.000000 63842.947022 (0,0)
Iteration 14645:  67.610000 887.000000 63697.962787 (0,3)
Iteration 14651:  67.610000 887.000000 63665.398213 (0,3)
Iteration 14666:  67.610000 886.000000 63698.956238 (2,3)
Iteration 14844:  64.192500 882.000000 63553.912689 (0,3)
Iteration 14854:  64.192500 882.000000 63545.320207 (0,3)
Iteration 14889:  64.192500 882.000000 63299.264833 (0,3)
Iteration 15104:  58.972500 881.000000 63252.233364 (0,0)
Iteration 15126:  54.972500 881.000000 63400.195590 (0,3)
total iterations: 205656, time elapsed: 3600.00s
Destroy operator: destroy_random_leafs, Weight: 0.2240, Score: 22099.30, Count: 98596
Destroy operator: destroy_path, Weight: 0.0992, Score: 4390.95, Count: 44238
Destroy operator: destroy_worst_affinity, Weight: 0.0811, Score: 2896.85, Count: 35736
Destroy operator: destroy_district_group, Weight: 0.0586, Score: 1587.95, Count: 27085
Repair operator: repair_greedy_feasible, Weight: 0.0838, Score: 3211.20, Count: 38337
Repair operator: repair_affinity_compact, Weight: 0.0683, Score: 2143.75, Count: 31387
Repair operator: repair_nearest_center, Weight: 0.0748, Score: 2607.95, Count: 34864
Repair operator: repair_2regret, Weight: 0.2276, Score: 23012.15, Count: 101067
