Initial solution objectives: Balance violation = 11464.5500, Affinity loss = 1760, Compactness = 106422.5614
Iteration 1:  10768.550000 1760.000000 106434.339053 (1,3)
Iteration 3:  10754.475000 1758.000000 106352.380936 (0,2)
Iteration 2508:  10152.985000 1884.000000 95626.964643 (1,1)
Iteration 2509:  9689.205000 1869.000000 95958.382876 (3,3)
Iteration 2510:  9614.205000 1869.000000 95925.451952 (1,1)
Iteration 2513:  9434.245000 1869.000000 95886.835064 (1,1)
Iteration 2515:  9101.130000 1867.000000 95778.130092 (2,3)
Iteration 2517:  8929.555000 1867.000000 95638.500065 (0,2)
Iteration 2520:  8244.055000 1870.000000 95890.509685 (0,3)
Iteration 2522:  6448.405000 1869.000000 95911.887968 (0,3)
Iteration 2530:  6138.520000 1869.000000 95953.484440 (0,2)
Iteration 3562:  6005.525000 1871.000000 97603.453943 (0,0)
Iteration 3565:  5824.410000 1870.000000 97582.577493 (0,3)
Iteration 3567:  5678.335000 1870.000000 97643.829452 (2,3)
Iteration 5604:  5468.385000 1888.000000 106376.766227 (0,3)
Iteration 5605:  4559.300000 1886.000000 105998.907317 (0,2)
Iteration 7792:  4216.870000 1841.000000 103805.106907 (0,2)
Iteration 7800:  3343.535000 1840.000000 104057.266774 (0,3)
Iteration 7801:  3077.960000 1839.000000 104030.881738 (0,3)
Iteration 7804:  2452.455000 1837.000000 103289.386871 (0,2)
Iteration 7805:  2408.030000 1835.000000 102893.596123 (0,1)
Iteration 7806:  1732.880000 1833.000000 103437.014840 (0,3)
Iteration 7807:  1708.305000 1833.000000 103468.606850 (1,3)
Iteration 7854:  1627.885000 1831.000000 103687.532402 (0,3)
Iteration 7861:  1042.885000 1830.000000 103569.536023 (0,3)
Iteration 8053:  937.190000 1815.000000 102210.641094 (1,3)
Iteration 8056:  880.035000 1819.000000 102517.130389 (0,3)
Iteration 8067:  356.120000 1816.000000 102818.673273 (0,3)
Iteration 8072:  356.120000 1816.000000 102758.474903 (1,0)
Iteration 8073:  311.620000 1814.000000 102803.141124 (0,3)
Iteration 14480:  214.690000 1517.000000 119907.401839 (0,3)
Iteration 14486:  206.115000 1515.000000 119829.202126 (0,3)
Iteration 14495:  204.690000 1514.000000 119220.131308 (0,3)
Iteration 14497:  104.040000 1511.000000 119645.660169 (0,3)
Iteration 14522:  104.040000 1506.000000 119922.428876 (0,3)
Iteration 14538:  104.040000 1504.000000 119566.840186 (0,3)
Iteration 14565:  85.930000 1499.000000 118881.277815 (0,3)
Iteration 14570:  85.930000 1495.000000 119321.503845 (1,3)
Iteration 14579:  85.930000 1493.000000 119353.073760 (1,3)
Iteration 14584:  48.965000 1494.000000 119069.454034 (0,2)
Iteration 14592:  28.965000 1489.000000 119354.441135 (0,3)
Iteration 14594:  12.965000 1488.000000 118773.787322 (0,3)
Iteration 59142:  1.075000 1608.000000 103161.218458 (0,3)
Iteration 59151:  1.075000 1608.000000 103088.994426 (0,3)
Iteration 59183:  1.075000 1608.000000 103086.520862 (0,3)
Iteration 59198:  1.075000 1608.000000 102856.013765 (0,3)
Iteration 59224:  1.075000 1607.000000 102874.532470 (0,3)
Iteration 59231:  0.000000 1605.000000 102482.308302 (0,3)
Iteration 59240:  0.000000 1604.000000 102648.628562 (0,3)
Iteration 59242:  0.000000 1602.000000 102655.672971 (0,3)
Iteration 59282:  0.000000 1602.000000 102610.628845 (0,3)
Iteration 59294:  0.000000 1601.000000 102668.752952 (0,3)
Iteration 59353:  0.000000 1597.000000 102794.382793 (0,3)
Iteration 59371:  0.000000 1595.000000 102788.390095 (0,3)
Iteration 59373:  0.000000 1592.000000 103038.299890 (0,3)
Iteration 59484:  0.000000 1592.000000 103022.434699 (1,3)
Iteration 59509:  0.000000 1592.000000 102950.579007 (0,3)
Iteration 59513:  0.000000 1592.000000 102782.063023 (0,3)
Iteration 59531:  0.000000 1592.000000 102623.458635 (0,3)
Iteration 59583:  0.000000 1591.000000 102741.129491 (0,3)
Iteration 59597:  0.000000 1591.000000 102713.823880 (0,3)
Iteration 59601:  0.000000 1590.000000 102550.204254 (0,3)
Iteration 59664:  0.000000 1590.000000 102533.886254 (0,3)
Iteration 59665:  0.000000 1588.000000 102533.279073 (0,3)
Iteration 59676:  0.000000 1588.000000 102490.124637 (1,1)
Iteration 59770:  0.000000 1586.000000 102422.490326 (0,3)
Iteration 59779:  0.000000 1586.000000 102398.495183 (0,3)
Iteration 59803:  0.000000 1586.000000 102396.177465 (0,3)
Iteration 59808:  0.000000 1584.000000 102368.106882 (0,3)
Iteration 59820:  0.000000 1584.000000 102368.106882 (1,2)
Iteration 59826:  0.000000 1584.000000 102362.913630 (0,3)
Iteration 59877:  0.000000 1583.000000 102369.594123 (0,3)
Iteration 59953:  0.000000 1582.000000 102257.411382 (0,3)
Iteration 59956:  0.000000 1581.000000 102324.179119 (0,3)
Iteration 59993:  0.000000 1580.000000 102305.697358 (0,3)
Iteration 59995:  0.000000 1580.000000 101982.007542 (0,3)
Iteration 60048:  0.000000 1578.000000 101845.323455 (0,3)
Iteration 60101:  0.000000 1578.000000 101765.638923 (0,3)
Iteration 60139:  0.000000 1577.000000 101759.567790 (0,3)
Iteration 60187:  0.000000 1577.000000 101730.938856 (0,3)
Iteration 60224:  0.000000 1576.000000 101630.190652 (0,3)
Iteration 60278:  0.000000 1576.000000 101612.743240 (0,3)
Iteration 60287:  0.000000 1574.000000 101708.586467 (0,3)
Iteration 60288:  0.000000 1574.000000 101708.586467 (0,3)
Iteration 60290:  0.000000 1574.000000 101704.103931 (0,3)
Iteration 60295:  0.000000 1574.000000 101628.547848 (0,3)
Iteration 60308:  0.000000 1574.000000 101597.541515 (1,1)
Iteration 60311:  0.000000 1572.000000 101639.108432 (0,3)
Iteration 60315:  0.000000 1570.000000 100046.917362 (0,3)
Iteration 60349:  0.000000 1568.000000 100072.440699 (0,3)
Iteration 60360:  0.000000 1568.000000 100066.099249 (0,3)
Iteration 60375:  0.000000 1566.000000 100059.214738 (1,3)
Iteration 60419:  0.000000 1565.000000 99863.652178 (0,3)
Iteration 60431:  0.000000 1565.000000 99826.829072 (0,3)
Iteration 60443:  0.000000 1564.000000 99733.757397 (0,3)
Iteration 60450:  0.000000 1564.000000 99732.038207 (1,1)
Iteration 60483:  0.000000 1562.000000 99791.683459 (0,3)
Iteration 60499:  0.000000 1562.000000 99711.694023 (0,3)
Iteration 60510:  0.000000 1562.000000 99708.163488 (0,3)
Iteration 60540:  0.000000 1562.000000 99453.298040 (0,3)
Iteration 60574:  0.000000 1562.000000 99408.980659 (0,3)
Iteration 60580:  0.000000 1561.000000 99332.767215 (0,3)
Iteration 60601:  0.000000 1559.000000 99275.932976 (0,3)
Iteration 60615:  0.000000 1559.000000 99240.499643 (1,1)
Iteration 60632:  0.000000 1557.000000 99323.016728 (0,3)
Iteration 60634:  0.000000 1557.000000 99168.585988 (0,3)
Iteration 60638:  0.000000 1557.000000 99135.536059 (1,2)
Iteration 60652:  0.000000 1556.000000 99274.222815 (0,3)
Iteration 60670:  0.000000 1555.000000 99302.689490 (0,3)
Iteration 60724:  0.000000 1553.000000 99313.019001 (0,3)
Iteration 60808:  0.000000 1553.000000 99262.983232 (0,3)
Iteration 60919:  0.000000 1552.000000 99368.847838 (0,3)
Iteration 60961:  0.000000 1552.000000 99358.306769 (0,3)
Iteration 61098:  0.000000 1552.000000 99339.893115 (0,3)
Iteration 61146:  0.000000 1551.000000 99450.326426 (0,3)
Iteration 61157:  0.000000 1549.000000 99578.426347 (1,3)
Iteration 61235:  0.000000 1549.000000 99572.188859 (0,3)
Iteration 61262:  0.000000 1548.000000 99508.702226 (0,3)
Iteration 61293:  0.000000 1548.000000 99506.281600 (1,3)
Iteration 61318:  0.000000 1548.000000 99500.120091 (0,3)
Iteration 61327:  0.000000 1548.000000 99420.865434 (0,3)
Iteration 61359:  0.000000 1546.000000 99483.845936 (0,3)
Iteration 61417:  0.000000 1545.000000 99539.867023 (0,3)
Iteration 61460:  0.000000 1545.000000 99527.128519 (0,3)
Iteration 61535:  0.000000 1545.000000 99523.047488 (0,3)
Iteration 61558:  0.000000 1545.000000 99401.818041 (0,3)
Iteration 61598:  0.000000 1545.000000 99312.085221 (0,3)
Iteration 61612:  0.000000 1544.000000 99399.987901 (0,3)
Iteration 61662:  0.000000 1544.000000 99340.588068 (0,3)
Iteration 61841:  0.000000 1543.000000 99249.384520 (1,0)
Iteration 61938:  0.000000 1543.000000 99225.065149 (0,3)
Iteration 61974:  0.000000 1543.000000 99212.791342 (1,3)
Iteration 62002:  0.000000 1542.000000 99122.815162 (0,3)
Iteration 62003:  0.000000 1541.000000 99142.889786 (0,3)
Iteration 62036:  0.000000 1540.000000 99150.151368 (0,3)
Iteration 62089:  0.000000 1539.000000 99239.365796 (0,3)
Iteration 62105:  0.000000 1538.000000 99172.315587 (0,3)
Iteration 62169:  0.000000 1538.000000 99130.331739 (0,3)
Iteration 62230:  0.000000 1538.000000 99126.918831 (0,3)
Iteration 62252:  0.000000 1538.000000 99103.062332 (0,3)
Iteration 62316:  0.000000 1537.000000 99119.980899 (0,3)
Iteration 62445:  0.000000 1537.000000 99105.728068 (0,3)
Iteration 62485:  0.000000 1536.000000 99025.203509 (0,3)
Iteration 62499:  0.000000 1536.000000 99004.917314 (2,3)
Iteration 62628:  0.000000 1536.000000 98997.838821 (0,3)
Iteration 62643:  0.000000 1535.000000 99168.208314 (0,3)
Iteration 62682:  0.000000 1535.000000 99055.437839 (0,3)
Iteration 62753:  0.000000 1534.000000 98846.265167 (0,3)
Iteration 62788:  0.000000 1534.000000 98719.813988 (0,3)
Iteration 62801:  0.000000 1534.000000 98684.367916 (0,3)
Iteration 62810:  0.000000 1533.000000 98741.867035 (1,3)
Iteration 62849:  0.000000 1533.000000 98728.532338 (1,3)
Iteration 62850:  0.000000 1532.000000 98858.226193 (2,3)
Iteration 63174:  0.000000 1531.000000 98928.494070 (0,3)
Iteration 63300:  0.000000 1530.000000 99028.963512 (0,3)
Iteration 63384:  0.000000 1530.000000 99026.671127 (0,3)
Iteration 63539:  0.000000 1530.000000 98989.590168 (0,3)
Iteration 63862:  0.000000 1530.000000 98935.796612 (0,3)
Iteration 63901:  0.000000 1530.000000 98918.449764 (0,3)
Iteration 63980:  0.000000 1530.000000 98880.411648 (0,3)
Iteration 64118:  0.000000 1530.000000 98866.640921 (0,3)
Iteration 64488:  0.000000 1530.000000 98796.167887 (0,3)
Iteration 64756:  0.000000 1530.000000 98787.838871 (1,0)
Iteration 64828:  0.000000 1530.000000 98768.013124 (0,3)
total iterations: 85597, time elapsed: 3600.02s
Destroy operator: destroy_random_leafs, Weight: 0.1939, Score: 6948.25, Count: 35844
Destroy operator: destroy_path, Weight: 0.1126, Score: 2484.65, Count: 22066
Destroy operator: destroy_worst_affinity, Weight: 0.0762, Score: 1147.15, Count: 15042
Destroy operator: destroy_district_group, Weight: 0.0606, Score: 765.40, Count: 12644
Repair operator: repair_greedy_feasible, Weight: 0.0775, Score: 1204.35, Count: 15521
Repair operator: repair_affinity_compact, Weight: 0.0773, Score: 1177.10, Count: 15226
Repair operator: repair_nearest_center, Weight: 0.0888, Score: 1600.90, Count: 18036
Repair operator: repair_2regret, Weight: 0.2000, Score: 7363.10, Count: 36813
