Initial solution objectives: Balance violation = 32687.3440, Affinity loss = 1920, Compactness = 56299.2948
Iteration 1503:  31233.778000 1925.000000 59492.839222 (0,0)
Iteration 2505:  29369.742000 1953.000000 57631.166809 (2,2)
Iteration 5016:  28916.392000 1938.000000 56837.228078 (0,0)
Iteration 5019:  28023.862000 1938.000000 56969.368222 (1,0)
Iteration 5020:  26997.156000 1938.000000 56880.824297 (0,3)
Iteration 5025:  26997.156000 1938.000000 56876.570947 (2,3)
Iteration 5026:  26910.780000 1938.000000 56706.125590 (0,2)
Iteration 5037:  26769.184000 1943.000000 57213.120457 (3,3)
Iteration 5053:  26759.636000 1937.000000 57352.004684 (0,3)
Iteration 6065:  26326.632000 1871.000000 59762.071738 (0,0)
Iteration 6070:  25745.214000 1868.000000 59935.191089 (0,3)
Iteration 6082:  25259.890000 1856.000000 60239.950409 (0,3)
Iteration 6096:  25049.522000 1857.000000 60056.099400 (0,3)
Iteration 6118:  24239.438000 1855.000000 60301.811794 (0,3)
Iteration 6123:  24176.166000 1852.000000 60085.278024 (2,2)
Iteration 6125:  24058.656000 1852.000000 60106.504996 (2,3)
Iteration 6129:  23481.236000 1850.000000 60262.017917 (0,3)
Iteration 6131:  23415.166000 1848.000000 60149.822215 (0,2)
Iteration 6132:  23189.554000 1847.000000 60040.039758 (3,3)
Iteration 6138:  23078.610000 1843.000000 60344.817572 (3,3)
Iteration 6139:  22969.966000 1843.000000 60370.060544 (1,3)
Iteration 6142:  22853.966000 1843.000000 60342.253593 (1,3)
Iteration 6157:  22585.728000 1842.000000 60832.722330 (0,3)
Iteration 6158:  22263.224000 1842.000000 61141.672728 (0,0)
Iteration 6160:  22060.772000 1845.000000 61302.954307 (0,0)
Iteration 6162:  21895.400000 1845.000000 60903.131594 (0,1)
Iteration 6167:  21129.198000 1845.000000 61219.174975 (0,3)
Iteration 6178:  20959.690000 1848.000000 61456.092309 (0,0)
Iteration 6179:  19899.452000 1849.000000 61708.294047 (0,3)
Iteration 6202:  19091.744000 1842.000000 61263.047976 (0,1)
Iteration 6205:  18920.132000 1842.000000 61239.358548 (1,3)
Iteration 6207:  18920.132000 1841.000000 61211.635756 (1,3)
Iteration 6210:  18782.452000 1840.000000 61033.196402 (0,0)
Iteration 6212:  18571.960000 1839.000000 60636.860203 (2,3)
Iteration 6220:  18540.786000 1836.000000 60772.217289 (1,0)
Iteration 6225:  17999.946000 1836.000000 60640.856402 (0,3)
Iteration 6226:  17894.164000 1836.000000 60568.866365 (3,3)
Iteration 7792:  16620.788000 1786.000000 61206.303453 (0,3)
Iteration 7793:  15866.262000 1786.000000 61188.540851 (2,3)
Iteration 7795:  14284.110000 1788.000000 61384.224558 (0,3)
Iteration 7800:  13697.648000 1789.000000 62301.332013 (0,3)
Iteration 7805:  13680.376000 1789.000000 62304.227326 (1,2)
Iteration 7806:  13571.158000 1789.000000 62435.542886 (0,3)
Iteration 7808:  13453.274000 1787.000000 62397.484279 (0,1)
Iteration 7819:  13079.710000 1786.000000 62192.964223 (0,3)
Iteration 7824:  12804.326000 1784.000000 62308.391565 (0,3)
Iteration 7866:  12569.120000 1785.000000 63190.634383 (0,3)
Iteration 7868:  12549.120000 1785.000000 63266.446920 (1,3)
Iteration 7870:  12368.388000 1784.000000 63297.165463 (0,3)
Iteration 7873:  12146.388000 1783.000000 63180.517845 (0,3)
Iteration 7874:  11644.410000 1784.000000 63419.762039 (0,3)
Iteration 7879:  10990.782000 1784.000000 63529.388909 (0,3)
Iteration 7883:  10901.728000 1784.000000 63673.345593 (0,3)
Iteration 7887:  10647.438000 1786.000000 63856.004866 (0,3)
Iteration 7895:  10160.552000 1786.000000 64127.700708 (0,3)
Iteration 7921:  10097.546000 1784.000000 63842.446651 (0,0)
Iteration 7950:  9970.506000 1782.000000 63861.512865 (0,3)
Iteration 7952:  9729.012000 1781.000000 63767.470241 (0,3)
Iteration 7953:  9570.678000 1784.000000 63706.836378 (0,0)
Iteration 7971:  9323.180000 1780.000000 63423.086160 (0,3)
Iteration 7974:  9296.042000 1781.000000 63503.885204 (1,0)
Iteration 7979:  9251.378000 1778.000000 63612.106004 (0,3)
Iteration 8001:  9199.288000 1777.000000 63346.081421 (0,3)
Iteration 8005:  8625.832000 1777.000000 63442.151067 (0,3)
Iteration 8006:  8367.482000 1778.000000 63684.624788 (0,3)
Iteration 8007:  8175.380000 1782.000000 63814.645783 (0,3)
Iteration 8022:  7926.406000 1779.000000 64026.567551 (0,3)
Iteration 8042:  7390.870000 1779.000000 64272.511539 (0,3)
Iteration 8043:  7305.754000 1779.000000 64355.695675 (0,3)
Iteration 8047:  6976.406000 1780.000000 64472.960842 (0,3)
Iteration 8063:  6778.498000 1781.000000 64616.265262 (0,3)
Iteration 8066:  6660.004000 1783.000000 64518.044935 (0,3)
Iteration 8092:  6654.190000 1778.000000 64353.414713 (0,3)
Iteration 8100:  5737.868000 1775.000000 64541.063080 (0,3)
Iteration 8111:  5492.850000 1775.000000 64158.721411 (0,3)
Iteration 13853:  5320.144000 1919.000000 62249.159947 (0,3)
Iteration 13869:  5138.500000 1919.000000 62348.166958 (0,3)
Iteration 13873:  5097.036000 1918.000000 62317.049875 (0,3)
Iteration 13887:  5091.664000 1917.000000 62410.794512 (0,3)
Iteration 13890:  5023.686000 1917.000000 62389.707972 (0,3)
Iteration 13893:  4821.850000 1917.000000 62395.005250 (0,3)
Iteration 13895:  4786.850000 1917.000000 62340.843252 (0,3)
Iteration 13902:  4641.974000 1917.000000 62414.441627 (0,3)
Iteration 13904:  4495.286000 1916.000000 62409.586643 (0,3)
Iteration 13905:  4481.366000 1916.000000 62509.337126 (0,3)
Iteration 13919:  4330.722000 1916.000000 62569.472088 (0,3)
Iteration 13940:  4250.758000 1916.000000 62508.181658 (1,3)
Iteration 13957:  4114.990000 1916.000000 62458.734130 (0,3)
Iteration 13958:  4080.656000 1920.000000 62337.299775 (1,3)
Iteration 13961:  3986.252000 1918.000000 62271.281229 (0,3)
Iteration 13964:  3893.274000 1917.000000 62246.237812 (0,3)
Iteration 13969:  3781.762000 1917.000000 61826.337180 (0,3)
Iteration 13980:  3754.166000 1917.000000 61707.562134 (0,3)
Iteration 13985:  3619.498000 1915.000000 61599.151738 (0,3)
Iteration 13986:  3591.418000 1916.000000 61592.906010 (0,3)
Iteration 14001:  3475.594000 1915.000000 61544.321016 (0,3)
Iteration 14003:  3466.456000 1915.000000 61689.042958 (1,3)
Iteration 14006:  3460.594000 1915.000000 61573.985162 (0,3)
Iteration 14013:  3171.984000 1912.000000 61722.445567 (0,3)
Iteration 14024:  3162.340000 1910.000000 61667.093808 (0,3)
Iteration 14029:  3062.550000 1910.000000 61639.470466 (0,3)
Iteration 14056:  3052.982000 1910.000000 61492.338699 (0,3)
Iteration 14062:  2992.866000 1908.000000 60885.241766 (0,3)
Iteration 14065:  2805.510000 1908.000000 60861.949416 (1,1)
Iteration 14066:  2805.510000 1908.000000 60822.988918 (0,3)
Iteration 14082:  2784.532000 1907.000000 60976.962847 (0,3)
Iteration 14092:  2775.482000 1905.000000 60946.156753 (0,3)
Iteration 14102:  2775.482000 1905.000000 60934.123306 (1,3)
Iteration 14107:  2765.838000 1905.000000 60862.433102 (0,3)
Iteration 14127:  2731.776000 1905.000000 60938.650985 (0,3)
Iteration 14131:  2728.132000 1904.000000 60641.219957 (0,3)
Iteration 14138:  2725.910000 1902.000000 60380.808347 (0,3)
Iteration 14142:  2725.910000 1902.000000 60339.125198 (0,3)
Iteration 14144:  2681.500000 1901.000000 60563.281853 (0,3)
Iteration 14146:  2677.420000 1902.000000 60534.598155 (0,3)
Iteration 14185:  2400.902000 1900.000000 59783.669158 (0,3)
Iteration 14189:  2397.630000 1900.000000 59843.589375 (0,3)
Iteration 14192:  2393.492000 1902.000000 59772.846700 (1,3)
Iteration 14196:  2368.136000 1900.000000 59710.951328 (0,3)
Iteration 14201:  2367.492000 1900.000000 59714.147268 (0,3)
Iteration 14227:  2357.220000 1900.000000 59773.208086 (0,3)
Iteration 14228:  2357.220000 1900.000000 59741.062607 (0,3)
Iteration 14267:  2323.948000 1899.000000 59964.855380 (0,3)
Iteration 14315:  2266.676000 1898.000000 59589.506213 (0,3)
Iteration 14321:  2259.676000 1898.000000 59528.907903 (0,3)
Iteration 14331:  2225.250000 1898.000000 59572.755942 (0,3)
Iteration 14337:  2185.386000 1898.000000 59636.581292 (0,3)
Iteration 14634:  2126.742000 1892.000000 63195.647598 (0,3)
Iteration 14635:  2126.178000 1890.000000 63122.257823 (0,3)
Iteration 14680:  2114.764000 1890.000000 63152.066981 (1,0)
Iteration 14687:  2003.154000 1890.000000 63082.961327 (0,3)
Iteration 14746:  1998.236000 1888.000000 63218.551910 (0,3)
Iteration 14755:  1958.004000 1888.000000 63221.692982 (0,3)
Iteration 14756:  1955.236000 1888.000000 63285.792077 (0,3)
Iteration 14767:  1927.530000 1888.000000 63328.239886 (0,3)
Iteration 14780:  1927.530000 1888.000000 63278.157166 (0,3)
Iteration 14787:  1918.386000 1888.000000 63218.832407 (0,3)
Iteration 14804:  1857.316000 1888.000000 63299.573667 (0,3)
Iteration 14833:  1851.396000 1888.000000 63287.051362 (0,3)
Iteration 14834:  1846.832000 1888.000000 63183.305965 (0,3)
Iteration 14839:  1846.832000 1888.000000 63149.825389 (0,3)
Iteration 14845:  1792.126000 1888.000000 63122.823180 (0,3)
Iteration 14877:  1782.126000 1888.000000 63147.577122 (0,3)
Iteration 14887:  1763.894000 1888.000000 63163.615421 (0,3)
Iteration 14894:  1763.894000 1888.000000 63144.489830 (1,2)
Iteration 14895:  1755.662000 1888.000000 63134.081770 (0,3)
Iteration 14897:  1755.662000 1888.000000 63121.381958 (0,3)
Iteration 14901:  1667.306000 1888.000000 63236.479377 (0,3)
Iteration 14904:  1667.306000 1886.000000 64227.145930 (0,3)
Iteration 14905:  1655.328000 1886.000000 64281.576988 (1,0)
Iteration 14922:  1633.764000 1886.000000 64338.128826 (0,3)
Iteration 14934:  1633.764000 1886.000000 64277.213070 (0,3)
Iteration 14950:  1628.476000 1885.000000 64265.896275 (0,3)
Iteration 15111:  1552.784000 1873.000000 63728.507874 (0,3)
Iteration 15140:  1552.784000 1873.000000 63722.645437 (0,3)
Iteration 15161:  1552.784000 1872.000000 63694.589374 (0,3)
Iteration 15165:  1545.990000 1872.000000 63641.006103 (0,3)
Iteration 15307:  1545.990000 1871.000000 63496.809653 (0,3)
Iteration 15315:  1544.696000 1871.000000 63559.455157 (0,3)
Iteration 15323:  1539.282000 1871.000000 63544.117261 (0,3)
Iteration 15329:  1538.304000 1871.000000 63531.235247 (0,3)
Iteration 15799:  1525.398000 1866.000000 63194.671371 (0,3)
Iteration 15851:  1523.548000 1864.000000 63222.235044 (0,3)
Iteration 15881:  1511.340000 1864.000000 63278.017284 (0,3)
Iteration 15885:  1511.340000 1864.000000 63277.715335 (0,3)
Iteration 15932:  1505.696000 1864.000000 63333.588980 (1,3)
Iteration 15965:  1505.696000 1864.000000 63044.899855 (0,3)
Iteration 15967:  1505.696000 1864.000000 63040.311707 (0,3)
Iteration 15978:  1486.718000 1864.000000 63003.807064 (0,3)
Iteration 16471:  1469.490000 1863.000000 62785.949494 (0,3)
Iteration 16478:  1426.010000 1863.000000 62872.604911 (0,3)
Iteration 16483:  1323.228000 1863.000000 62812.201828 (0,3)
Iteration 16495:  1323.228000 1863.000000 62766.288906 (0,3)
Iteration 16498:  1323.228000 1863.000000 62764.954942 (0,3)
Iteration 16833:  1319.020000 1863.000000 62281.774186 (0,3)
Iteration 16855:  1215.664000 1863.000000 62299.088419 (1,3)
Iteration 35359:  1138.012000 1814.000000 60591.857441 (0,3)
Iteration 35361:  1123.380000 1814.000000 60703.583505 (0,3)
Iteration 35364:  1075.304000 1813.000000 60634.019221 (0,3)
Iteration 35373:  1068.304000 1813.000000 60483.478962 (0,3)
Iteration 35386:  1050.530000 1813.000000 60480.760579 (0,3)
Iteration 35387:  1044.530000 1815.000000 60479.068335 (0,2)
Iteration 35390:  1042.886000 1815.000000 60465.197733 (0,3)
Iteration 35423:  1042.886000 1815.000000 60440.162565 (0,3)
Iteration 35439:  990.886000 1815.000000 60460.472225 (0,3)
Iteration 35491:  990.392000 1815.000000 60469.731158 (1,3)
Iteration 35512:  979.664000 1815.000000 60456.905216 (0,3)
Iteration 35537:  961.686000 1815.000000 60447.788945 (0,3)
Iteration 35609:  938.042000 1815.000000 60457.190016 (0,3)
Iteration 35634:  921.926000 1815.000000 60468.926805 (1,0)
Iteration 35646:  843.224000 1815.000000 60561.192349 (0,3)
Iteration 35683:  843.224000 1815.000000 60475.624018 (1,1)
Iteration 35725:  843.224000 1815.000000 60411.285603 (0,3)
Iteration 35756:  840.580000 1815.000000 60515.837726 (0,3)
Iteration 35776:  837.308000 1816.000000 60536.462928 (0,3)
Iteration 35813:  837.308000 1816.000000 60522.506178 (0,3)
Iteration 35908:  837.308000 1816.000000 60477.708550 (0,3)
Iteration 35912:  836.814000 1816.000000 60585.010548 (0,3)
Iteration 36031:  822.582000 1817.000000 60684.496879 (0,0)
Iteration 36043:  805.604000 1817.000000 60672.760089 (0,3)
Iteration 36053:  750.582000 1815.000000 60673.927095 (0,3)
Iteration 36115:  750.582000 1815.000000 60620.321053 (0,3)
Iteration 36128:  747.938000 1815.000000 60643.624163 (0,3)
Iteration 36180:  741.432000 1815.000000 60683.471515 (1,0)
Iteration 36204:  456.200000 1815.000000 60691.122495 (1,3)
Iteration 36229:  456.200000 1815.000000 60682.252572 (0,3)
Iteration 36236:  419.808000 1817.000000 60814.951244 (0,0)
Iteration 36299:  419.808000 1817.000000 60760.595683 (0,3)
Iteration 36416:  419.808000 1817.000000 60759.703822 (0,3)
Iteration 36422:  419.808000 1817.000000 60691.521887 (0,3)
Iteration 36439:  405.670000 1817.000000 60939.655231 (0,3)
Iteration 36484:  402.026000 1817.000000 60322.933751 (0,3)
Iteration 36491:  402.026000 1817.000000 60208.056230 (0,3)
Iteration 36521:  402.026000 1817.000000 60201.736163 (1,3)
Iteration 36529:  400.932000 1817.000000 60217.449561 (1,3)
Iteration 36548:  400.932000 1817.000000 60190.614940 (0,3)
Iteration 36643:  400.932000 1816.000000 60180.266587 (0,3)
Iteration 36715:  398.438000 1816.000000 60257.616547 (0,0)
Iteration 36717:  397.794000 1816.000000 60254.415958 (0,3)
Iteration 36745:  397.794000 1816.000000 60238.959181 (1,3)
Iteration 36763:  397.794000 1816.000000 60134.407058 (0,3)
Iteration 36783:  397.794000 1816.000000 60123.898155 (0,3)
Iteration 36793:  397.794000 1816.000000 59997.412678 (0,3)
Iteration 36893:  397.794000 1816.000000 59962.443292 (0,3)
Iteration 36900:  397.794000 1816.000000 59847.262137 (0,3)
Iteration 36943:  366.772000 1815.000000 59731.514968 (0,3)
Iteration 36964:  366.772000 1815.000000 59714.010404 (0,3)
Iteration 36982:  366.772000 1815.000000 59698.871079 (0,3)
Iteration 36984:  366.772000 1815.000000 59602.834068 (0,3)
Iteration 37025:  357.794000 1814.000000 59576.800092 (0,3)
Iteration 37026:  357.794000 1814.000000 59470.648340 (0,3)
Iteration 37061:  355.794000 1813.000000 59512.070353 (0,3)
Iteration 37298:  355.794000 1812.000000 59519.684107 (1,3)
Iteration 37542:  355.794000 1809.000000 59427.812157 (0,3)
Iteration 37548:  355.794000 1808.000000 59525.936205 (0,3)
Iteration 37702:  355.794000 1808.000000 59475.480348 (0,3)
Iteration 37748:  355.794000 1808.000000 59427.487716 (0,3)
Iteration 37840:  355.794000 1808.000000 59408.886349 (0,3)
Iteration 37975:  355.794000 1806.000000 59422.114306 (0,3)
Iteration 38008:  355.794000 1806.000000 59331.789578 (0,3)
Iteration 38019:  349.794000 1807.000000 59311.642241 (1,3)
Iteration 38125:  349.794000 1807.000000 59263.976422 (0,3)
Iteration 38383:  349.794000 1807.000000 59262.717869 (0,3)
Iteration 38476:  349.794000 1807.000000 59257.978839 (0,3)
Iteration 38504:  349.794000 1807.000000 59213.593819 (0,3)
Iteration 38777:  349.794000 1807.000000 59185.109152 (0,3)
Iteration 38792:  349.794000 1807.000000 59149.508305 (0,3)
Iteration 38793:  349.794000 1807.000000 59137.966090 (0,3)
Iteration 38805:  349.794000 1807.000000 59133.248547 (0,3)
Iteration 38886:  349.794000 1806.000000 59157.692961 (1,0)
Iteration 38895:  349.794000 1806.000000 59117.805314 (0,3)
Iteration 38966:  349.794000 1806.000000 59113.710961 (0,3)
Iteration 38988:  349.794000 1806.000000 59102.360947 (0,3)
Iteration 39023:  347.452000 1806.000000 59124.516540 (0,0)
Iteration 39060:  347.452000 1806.000000 59092.669943 (0,3)
Iteration 39101:  347.452000 1806.000000 59087.387545 (0,3)
Iteration 39110:  343.474000 1806.000000 59077.519570 (0,3)
Iteration 39190:  338.910000 1808.000000 59159.689848 (0,0)
Iteration 39202:  327.576000 1808.000000 59099.196850 (0,3)
Iteration 39223:  303.576000 1807.000000 59087.859050 (0,3)
Iteration 39237:  300.344000 1807.000000 59090.694646 (0,3)
Iteration 39317:  300.344000 1807.000000 59043.981749 (0,3)
Iteration 39342:  274.366000 1807.000000 58937.160928 (0,3)
Iteration 39361:  271.722000 1806.000000 58969.429961 (0,3)
Iteration 39381:  271.722000 1804.000000 58934.640317 (0,3)
Iteration 39549:  271.722000 1804.000000 58889.855275 (0,3)
Iteration 39627:  267.286000 1804.000000 58852.942468 (0,3)
Iteration 39713:  267.286000 1803.000000 58819.408761 (0,3)
Iteration 39768:  267.286000 1802.000000 58909.543647 (0,3)
Iteration 39786:  260.722000 1801.000000 59353.762175 (0,3)
Iteration 39830:  238.158000 1801.000000 59279.673684 (0,3)
Iteration 39995:  213.744000 1801.000000 59268.385368 (0,3)
Iteration 40054:  213.744000 1801.000000 59250.859832 (0,3)
Iteration 40209:  213.100000 1801.000000 59239.394245 (0,3)
Iteration 40257:  213.100000 1800.000000 59430.198558 (0,3)
Iteration 40274:  213.100000 1800.000000 59377.920695 (0,3)
Iteration 40290:  213.100000 1800.000000 59354.403014 (1,3)
Iteration 40302:  213.100000 1800.000000 59305.920370 (0,3)
Iteration 40504:  209.536000 1799.000000 59277.090934 (0,3)
Iteration 40537:  209.536000 1799.000000 59273.634714 (0,3)
Iteration 40564:  203.972000 1799.000000 59270.799118 (0,3)
Iteration 40646:  203.972000 1799.000000 59255.792571 (0,3)
Iteration 40703:  203.972000 1799.000000 59201.814656 (0,3)
Iteration 40760:  203.972000 1799.000000 59183.263653 (0,3)
Iteration 40781:  198.640000 1798.000000 59714.675860 (0,3)
Iteration 40973:  198.640000 1798.000000 59650.211930 (0,3)
Iteration 40985:  192.408000 1798.000000 59685.662609 (1,0)
Iteration 41014:  192.408000 1798.000000 59681.233045 (1,3)
Iteration 41119:  192.408000 1798.000000 59678.622553 (0,3)
Iteration 41183:  192.408000 1798.000000 59654.739588 (0,3)
Iteration 41326:  192.408000 1798.000000 59646.911883 (0,3)
Iteration 41497:  192.408000 1798.000000 59633.230984 (0,3)
Iteration 41534:  190.270000 1798.000000 59517.335140 (0,3)
Iteration 41560:  185.270000 1800.000000 59428.016320 (0,2)
Iteration 41580:  167.602000 1800.000000 59392.620566 (0,3)
Iteration 41604:  122.246000 1800.000000 59397.020879 (0,3)
Iteration 41631:  96.246000 1801.000000 59375.336966 (0,3)
Iteration 41660:  81.834000 1801.000000 59414.630942 (0,3)
Iteration 41690:  71.696000 1801.000000 59508.504489 (0,3)
Iteration 41736:  65.696000 1801.000000 59318.703957 (0,3)
Iteration 42047:  65.132000 1800.000000 59226.474923 (0,3)
Iteration 42166:  65.132000 1800.000000 59199.665694 (0,3)
Iteration 42197:  65.132000 1800.000000 59185.341461 (0,3)
Iteration 42198:  65.132000 1799.000000 59271.641631 (0,3)
Iteration 42260:  65.132000 1799.000000 59263.491965 (0,3)
Iteration 42263:  65.132000 1797.000000 59267.452734 (0,3)
Iteration 42352:  65.132000 1796.000000 59278.263426 (0,3)
Iteration 42416:  65.132000 1796.000000 59233.635988 (0,3)
Iteration 42479:  65.132000 1796.000000 59220.702568 (0,3)
Iteration 42572:  65.132000 1796.000000 59202.316722 (0,3)
Iteration 42585:  65.132000 1796.000000 59167.677051 (0,3)
Iteration 42860:  65.132000 1796.000000 59117.361939 (1,3)
Iteration 42921:  65.132000 1796.000000 59082.848514 (0,3)
total iterations: 121283, time elapsed: 3600.02s
Destroy operator: destroy_random_leafs, Weight: 0.2488, Score: 14486.20, Count: 58182
Destroy operator: destroy_path, Weight: 0.1059, Score: 2729.55, Count: 25742
Destroy operator: destroy_worst_affinity, Weight: 0.0823, Score: 1634.05, Count: 19851
Destroy operator: destroy_district_group, Weight: 0.0684, Score: 1198.20, Count: 17507
Repair operator: repair_greedy_feasible, Weight: 0.0833, Score: 1830.90, Count: 21972
Repair operator: repair_affinity_compact, Weight: 0.0711, Score: 1313.95, Count: 18450
Repair operator: repair_nearest_center, Weight: 0.0744, Score: 1445.25, Count: 19430
Repair operator: repair_2regret, Weight: 0.2514, Score: 15457.90, Count: 61430
