Initial solution objectives: Balance violation = 29381.4920, Affinity loss = 1876, Compactness = 55278.2834
Iteration 0:  29381.492000 1876.000000 55273.651063 (1,0)
Iteration 1:  27358.226000 1876.000000 55455.646052 (3,3)
Iteration 1504:  25621.086000 1937.000000 58015.056533 (2,3)
Iteration 1507:  25354.760000 1935.000000 57717.002808 (0,1)
Iteration 1513:  24839.160000 1932.000000 57276.422521 (0,2)
Iteration 2535:  24284.580000 1924.000000 55879.897888 (0,3)
Iteration 2536:  23914.096000 1924.000000 55903.666916 (1,2)
Iteration 2537:  23190.922000 1924.000000 56040.313722 (2,3)
Iteration 4541:  22910.074000 1998.000000 54750.684278 (0,2)
Iteration 4542:  22764.656000 1998.000000 54857.686360 (0,3)
Iteration 4544:  22381.378000 1998.000000 55096.940606 (0,0)
Iteration 4547:  21881.508000 1998.000000 55168.011119 (1,3)
Iteration 4552:  20940.118000 1998.000000 55311.546702 (0,3)
Iteration 9580:  20834.624000 1888.000000 59275.304140 (0,3)
Iteration 9588:  19982.224000 1888.000000 59426.346600 (0,3)
Iteration 9599:  19439.290000 1888.000000 59581.089905 (3,3)
Iteration 9604:  19370.264000 1886.000000 59957.466771 (2,3)
Iteration 9605:  19032.096000 1886.000000 59858.672544 (3,3)
Iteration 9608:  18758.922000 1888.000000 60043.926679 (0,0)
Iteration 9609:  18550.046000 1886.000000 60269.466356 (0,3)
Iteration 9610:  18058.630000 1884.000000 60125.938740 (0,3)
Iteration 9616:  17927.036000 1884.000000 59767.906693 (2,3)
Iteration 9620:  17235.408000 1883.000000 60067.304747 (0,3)
Iteration 9623:  16941.114000 1882.000000 60022.956082 (1,1)
Iteration 9627:  16632.810000 1884.000000 60047.605489 (0,3)
Iteration 9630:  16029.058000 1885.000000 60184.073268 (0,3)
Iteration 9631:  15723.770000 1886.000000 60273.683952 (0,3)
Iteration 9653:  15547.062000 1887.000000 60250.739485 (0,3)
Iteration 9654:  15516.350000 1887.000000 60336.401562 (1,3)
Iteration 9661:  15170.222000 1887.000000 60434.661469 (1,3)
Iteration 9681:  15028.004000 1886.000000 60683.314197 (0,3)
Iteration 9704:  14856.004000 1884.000000 60466.941128 (0,1)
Iteration 9708:  14447.496000 1885.000000 60184.095084 (0,3)
Iteration 9709:  14099.386000 1884.000000 60357.011345 (0,3)
Iteration 9720:  13715.850000 1884.000000 60237.732978 (0,3)
Iteration 9722:  13295.018000 1885.000000 60528.751740 (1,0)
Iteration 9751:  13277.018000 1884.000000 60551.019703 (0,3)
Iteration 9769:  13239.252000 1881.000000 60564.967901 (0,3)
Iteration 9778:  13145.996000 1881.000000 60549.182797 (1,3)
Iteration 9781:  12789.236000 1881.000000 60697.149893 (0,3)
Iteration 9796:  12531.256000 1881.000000 60484.723903 (1,2)
Iteration 9798:  12323.256000 1881.000000 60554.372147 (2,3)
Iteration 9801:  12235.670000 1877.000000 60666.270553 (3,3)
Iteration 9813:  12223.914000 1876.000000 60658.764518 (0,3)
Iteration 9823:  12162.056000 1877.000000 60822.091356 (0,3)
Iteration 9849:  12024.988000 1875.000000 61098.148005 (2,3)
Iteration 11436:  11699.188000 1975.000000 58887.510399 (0,3)
Iteration 11437:  11378.318000 1976.000000 58826.137403 (0,3)
Iteration 11441:  11096.568000 1976.000000 58813.202245 (0,3)
Iteration 11442:  11005.030000 1976.000000 58789.052610 (0,3)
Iteration 11445:  10837.030000 1976.000000 58786.219983 (0,3)
Iteration 11447:  10540.198000 1976.000000 58759.161975 (2,3)
Iteration 11451:  10160.342000 1974.000000 58745.749382 (0,3)
Iteration 11456:  10133.342000 1974.000000 58790.394557 (1,2)
Iteration 11457:  9678.478000 1974.000000 58971.599176 (0,3)
Iteration 11458:  9670.940000 1974.000000 58955.111379 (0,3)
Iteration 11459:  9641.442000 1974.000000 59146.951682 (1,0)
Iteration 11460:  9592.610000 1975.000000 59149.823012 (0,3)
Iteration 11461:  9441.778000 1975.000000 59318.092260 (0,3)
Iteration 11463:  8894.952000 1975.000000 59354.578615 (3,3)
Iteration 11491:  8749.608000 1975.000000 59275.681420 (1,1)
Iteration 11499:  8326.792000 1975.000000 59233.569520 (0,3)
Iteration 11506:  8326.792000 1975.000000 59164.423470 (2,3)
Iteration 11510:  7944.134000 1975.000000 59185.982586 (1,0)
Iteration 11519:  7929.414000 1975.000000 59186.981096 (0,3)
Iteration 11523:  7865.822000 1975.000000 59139.346214 (0,3)
Iteration 11531:  7522.570000 1975.000000 59215.715980 (0,3)
Iteration 11532:  7493.738000 1974.000000 59202.281064 (0,3)
Iteration 11557:  7151.222000 1975.000000 59328.758502 (0,3)
Iteration 11558:  7126.390000 1975.000000 59346.873920 (1,3)
Iteration 11563:  7115.558000 1975.000000 59365.115725 (2,3)
Iteration 11573:  7046.580000 1974.000000 59506.747316 (0,3)
Iteration 11605:  6949.838000 1974.000000 59504.510531 (0,3)
Iteration 11618:  6872.764000 1974.000000 59464.729980 (0,3)
Iteration 11620:  6851.932000 1974.000000 59431.304522 (2,3)
Iteration 11624:  6527.646000 1974.000000 59602.165703 (0,0)
Iteration 11628:  6445.064000 1974.000000 59720.051788 (0,3)
Iteration 11632:  6256.722000 1974.000000 59510.734809 (0,3)
Iteration 11633:  6238.722000 1974.000000 59492.938763 (1,3)
Iteration 11669:  6125.762000 1973.000000 59395.322703 (0,3)
Iteration 11677:  6097.594000 1973.000000 59406.534988 (0,3)
Iteration 11687:  6005.202000 1973.000000 59573.886431 (0,3)
Iteration 11715:  5894.364000 1972.000000 59569.358849 (0,3)
Iteration 11738:  5837.900000 1972.000000 59862.908895 (0,3)
Iteration 11755:  5794.486000 1972.000000 59941.913072 (0,3)
Iteration 11761:  5717.486000 1972.000000 59951.699346 (1,3)
Iteration 11811:  5673.894000 1971.000000 60285.409194 (2,3)
Iteration 11863:  5606.638000 1970.000000 60024.856302 (0,3)
Iteration 11866:  5580.008000 1970.000000 60022.373149 (0,3)
Iteration 11874:  5473.584000 1970.000000 59988.170945 (0,3)
Iteration 11878:  5423.896000 1971.000000 60083.211378 (0,3)
Iteration 11906:  5413.896000 1971.000000 60112.095764 (1,0)
Iteration 11908:  5244.784000 1971.000000 60134.914261 (0,3)
Iteration 11910:  5230.162000 1971.000000 60119.159672 (0,1)
Iteration 11924:  5206.706000 1971.000000 60007.715677 (2,3)
Iteration 11945:  5202.362000 1971.000000 60206.547334 (0,3)
Iteration 11962:  5146.598000 1971.000000 60203.596528 (0,3)
Iteration 11968:  4949.006000 1971.000000 60386.520437 (0,3)
Iteration 11970:  4927.718000 1971.000000 60432.510564 (0,3)
Iteration 11976:  4825.892000 1971.000000 60388.914387 (0,3)
Iteration 11977:  4797.070000 1971.000000 60344.555169 (0,3)
Iteration 12018:  4750.790000 1971.000000 60306.133614 (0,3)
Iteration 12026:  4587.666000 1970.000000 60258.740390 (0,3)
Iteration 12193:  4584.766000 1967.000000 61790.903025 (1,3)
Iteration 12197:  4571.690000 1966.000000 61506.229756 (0,3)
Iteration 12225:  4503.758000 1965.000000 61277.099977 (0,3)
Iteration 12231:  4497.926000 1965.000000 61198.594160 (2,3)
Iteration 12261:  4233.312000 1963.000000 61197.337130 (0,3)
Iteration 12281:  4165.796000 1963.000000 61231.704411 (3,3)
Iteration 12329:  4159.734000 1954.000000 60999.680426 (0,3)
Iteration 12333:  4154.142000 1954.000000 60985.029909 (0,3)
Iteration 12362:  4093.578000 1954.000000 60814.459094 (0,3)
Iteration 12365:  4087.578000 1954.000000 60811.761019 (0,3)
Iteration 12373:  4070.872000 1954.000000 60831.532587 (0,3)
Iteration 12390:  3926.336000 1952.000000 60791.082886 (1,3)
Iteration 12401:  3860.846000 1952.000000 60639.352173 (0,3)
Iteration 12407:  3840.254000 1952.000000 60637.128691 (1,2)
Iteration 12426:  3825.200000 1952.000000 60636.617488 (1,2)
Iteration 12549:  3764.092000 1949.000000 60558.776653 (0,3)
Iteration 12551:  3718.684000 1949.000000 60593.757903 (1,1)
Iteration 12557:  3696.266000 1949.000000 60430.690432 (2,3)
Iteration 12561:  3665.842000 1949.000000 60401.898698 (0,3)
Iteration 12588:  3613.684000 1947.000000 60302.837823 (0,3)
Iteration 12589:  3613.684000 1947.000000 60287.981074 (2,3)
Iteration 12591:  3607.684000 1947.000000 60307.574403 (0,3)
Iteration 12614:  3557.684000 1947.000000 60266.231979 (0,3)
Iteration 12615:  3550.852000 1947.000000 60239.052243 (0,3)
Iteration 12679:  3539.428000 1945.000000 59874.606067 (1,3)
Iteration 12683:  3539.428000 1945.000000 59873.201562 (0,3)
Iteration 12707:  3441.428000 1945.000000 60064.599717 (0,3)
Iteration 12716:  3441.428000 1945.000000 60049.743714 (1,3)
Iteration 12721:  3441.428000 1945.000000 59963.597193 (2,3)
Iteration 12742:  3387.560000 1944.000000 59804.346697 (1,3)
Iteration 12770:  3365.326000 1944.000000 59825.127750 (0,3)
Iteration 12775:  3353.326000 1944.000000 59777.822658 (2,3)
Iteration 12787:  3309.744000 1944.000000 59889.745900 (0,3)
Iteration 12793:  3215.616000 1944.000000 59899.443275 (1,3)
Iteration 12877:  3137.366000 1944.000000 59686.657631 (0,3)
Iteration 12887:  3126.540000 1944.000000 59689.232701 (0,3)
Iteration 12889:  3105.198000 1944.000000 59726.193446 (0,3)
Iteration 13026:  3090.402000 1942.000000 59905.060258 (0,3)
Iteration 13046:  3088.682000 1942.000000 59872.590564 (1,0)
Iteration 13052:  3043.090000 1942.000000 59675.511979 (0,3)
Iteration 13060:  3024.090000 1940.000000 59778.811793 (0,3)
Iteration 13064:  3013.090000 1940.000000 59738.883122 (0,3)
Iteration 13096:  3013.090000 1939.000000 59774.852177 (0,3)
Iteration 13159:  3012.998000 1939.000000 59694.104391 (0,3)
Iteration 13160:  3012.998000 1939.000000 59556.120819 (0,3)
Iteration 13172:  3012.998000 1939.000000 59498.720447 (0,3)
Iteration 13180:  3012.998000 1939.000000 59488.265720 (0,3)
Iteration 13219:  3012.998000 1939.000000 59314.921575 (0,3)
Iteration 13298:  3007.416000 1939.000000 59309.576842 (0,3)
Iteration 13303:  2955.544000 1939.000000 59316.982528 (0,3)
Iteration 13402:  2916.748000 1941.000000 59229.707849 (0,3)
Iteration 13407:  2910.416000 1941.000000 59293.752005 (0,3)
Iteration 13413:  2908.584000 1941.000000 59199.798128 (0,3)
Iteration 13443:  2908.584000 1941.000000 59133.529088 (0,3)
Iteration 13581:  2904.854000 1940.000000 58855.946063 (0,3)
Iteration 13610:  2904.854000 1939.000000 58868.952204 (0,3)
Iteration 13616:  2901.272000 1939.000000 58818.916567 (0,3)
Iteration 13624:  2884.440000 1940.000000 58857.638367 (0,3)
Iteration 13835:  2884.440000 1940.000000 58755.227652 (0,3)
Iteration 13850:  2884.440000 1940.000000 58741.630238 (0,3)
Iteration 13869:  2884.440000 1940.000000 58713.246073 (0,3)
Iteration 31794:  2880.686000 1931.000000 58878.804367 (0,3)
Iteration 31796:  2863.936000 1932.000000 58802.843689 (0,3)
Iteration 31797:  2838.936000 1932.000000 58857.106199 (0,3)
Iteration 31801:  2838.936000 1932.000000 58678.127039 (0,3)
Iteration 31851:  2819.528000 1932.000000 58767.839311 (1,3)
Iteration 31853:  2757.604000 1932.000000 58818.094510 (0,3)
Iteration 31875:  2670.604000 1932.000000 58812.959159 (0,3)
Iteration 31911:  2592.558000 1931.000000 58722.780807 (0,3)
Iteration 31934:  2588.384000 1930.000000 58697.872029 (0,3)
Iteration 31937:  2570.716000 1930.000000 58693.316653 (0,3)
Iteration 32009:  2559.706000 1930.000000 58669.287944 (0,3)
Iteration 32022:  2552.870000 1929.000000 58585.341219 (0,3)
Iteration 32027:  2515.924000 1929.000000 58481.967114 (0,3)
Iteration 32038:  2499.924000 1929.000000 58676.360067 (0,3)
Iteration 32061:  2496.210000 1929.000000 58597.813682 (0,3)
Iteration 32085:  2496.210000 1928.000000 58628.129594 (0,3)
Iteration 32086:  2475.572000 1928.000000 58614.219356 (0,3)
Iteration 32098:  2444.526000 1928.000000 58508.562853 (0,3)
Iteration 32123:  2436.526000 1928.000000 58466.421811 (0,3)
Iteration 32124:  2402.868000 1928.000000 58344.630843 (0,3)
Iteration 32136:  2400.740000 1928.000000 58349.902159 (0,3)
Iteration 32137:  2397.158000 1927.000000 58363.419064 (0,3)
Iteration 32144:  2392.576000 1927.000000 58425.265659 (0,3)
Iteration 32198:  2391.984000 1928.000000 58460.836834 (0,3)
Iteration 32215:  2386.440000 1928.000000 58487.055400 (0,3)
Iteration 32280:  2383.440000 1928.000000 58509.589749 (0,3)
Iteration 32286:  2381.440000 1928.000000 58599.477713 (0,3)
Iteration 32291:  2294.570000 1928.000000 58651.401475 (0,3)
Iteration 32300:  2050.914000 1928.000000 58570.318890 (0,3)
Iteration 32312:  2031.156000 1928.000000 58561.812089 (1,3)
Iteration 32335:  2022.738000 1928.000000 58657.241707 (0,3)
Iteration 32336:  2001.146000 1929.000000 58657.325793 (1,2)
Iteration 32371:  1993.804000 1929.000000 58589.231462 (0,3)
Iteration 32391:  1993.804000 1929.000000 58574.292100 (0,3)
Iteration 32393:  1993.804000 1928.000000 58574.208014 (0,3)
Iteration 32398:  1993.804000 1927.000000 58538.636838 (0,3)
Iteration 32404:  1988.222000 1927.000000 58661.664543 (0,3)
Iteration 32419:  1944.390000 1927.000000 58684.240640 (0,3)
Iteration 32427:  1904.048000 1927.000000 58746.681643 (0,3)
Iteration 32468:  1824.326000 1926.000000 58706.368057 (0,3)
Iteration 32470:  1809.380000 1926.000000 58785.163926 (0,3)
Iteration 32472:  1797.456000 1926.000000 58826.615780 (0,3)
Iteration 32475:  1797.456000 1926.000000 58770.738356 (0,3)
Iteration 32483:  1780.874000 1926.000000 58823.457212 (0,3)
Iteration 32501:  1779.874000 1926.000000 58902.135984 (0,3)
Iteration 32504:  1758.288000 1926.000000 59065.631823 (0,3)
Iteration 32527:  1749.706000 1926.000000 59076.152865 (1,3)
Iteration 32542:  1749.706000 1926.000000 59003.060543 (0,3)
Iteration 32787:  1748.124000 1926.000000 59092.240966 (0,3)
Iteration 32834:  1725.694000 1928.000000 59311.019828 (0,0)
Iteration 32835:  1684.112000 1927.000000 59302.982229 (2,3)
Iteration 32847:  1671.648000 1925.000000 59313.269420 (0,3)
Iteration 32850:  1629.770000 1926.000000 59350.589355 (0,3)
Iteration 32888:  1629.770000 1926.000000 59285.691877 (1,2)
Iteration 32898:  1624.178000 1925.000000 59354.499386 (0,3)
Iteration 32902:  1624.178000 1925.000000 59353.444365 (0,3)
Iteration 32968:  1624.178000 1925.000000 59334.071585 (0,3)
Iteration 33125:  1624.178000 1925.000000 59323.388947 (0,3)
Iteration 33180:  1622.342000 1925.000000 59513.502674 (0,3)
Iteration 33197:  1621.760000 1925.000000 59534.822404 (0,3)
Iteration 33334:  1621.760000 1923.000000 59492.365354 (0,3)
Iteration 33461:  1621.178000 1923.000000 59506.133141 (0,3)
Iteration 33463:  1621.178000 1923.000000 59482.649305 (0,3)
Iteration 33661:  1618.308000 1923.000000 59465.555106 (0,3)
Iteration 33667:  1618.308000 1922.000000 59479.806375 (0,3)
Iteration 33717:  1618.308000 1922.000000 59465.137652 (0,3)
Iteration 33838:  1618.308000 1922.000000 59365.275960 (0,3)
Iteration 33992:  1605.476000 1922.000000 59192.050010 (0,3)
Iteration 34030:  1560.644000 1922.000000 59361.595293 (0,3)
Iteration 34219:  1558.062000 1922.000000 59390.623423 (0,3)
Iteration 34229:  1558.062000 1922.000000 59344.314805 (0,3)
Iteration 34390:  1548.934000 1922.000000 59323.147254 (0,3)
Iteration 34668:  1547.766000 1922.000000 59307.751569 (0,3)
Iteration 34756:  1546.766000 1922.000000 59297.745503 (0,3)
Iteration 81619:  1535.792000 1886.000000 60896.488014 (0,3)
Iteration 81641:  1532.792000 1886.000000 60971.537662 (0,3)
Iteration 81644:  1528.792000 1886.000000 60863.070995 (0,3)
Iteration 81646:  1528.792000 1884.000000 60864.499845 (0,3)
Iteration 81657:  1489.792000 1883.000000 60868.977097 (0,3)
Iteration 81671:  1473.596000 1885.000000 60967.465697 (0,3)
Iteration 81683:  1387.320000 1884.000000 61146.497942 (0,3)
Iteration 81737:  1380.738000 1884.000000 61090.272553 (0,3)
Iteration 81750:  1334.452000 1884.000000 61424.610200 (0,3)
Iteration 81752:  1270.620000 1884.000000 61360.850412 (0,3)
Iteration 81756:  1024.964000 1884.000000 61508.201020 (0,3)
Iteration 81765:  1017.800000 1885.000000 61445.329913 (0,3)
Iteration 81766:  1016.632000 1885.000000 61505.379522 (0,3)
Iteration 81798:  1006.622000 1885.000000 61489.230933 (0,3)
Iteration 81799:  990.040000 1885.000000 61529.298577 (0,3)
Iteration 81850:  929.866000 1886.000000 61465.155965 (0,3)
Iteration 81861:  911.448000 1885.000000 61545.188095 (0,3)
Iteration 81883:  866.034000 1885.000000 61485.138486 (0,3)
Iteration 81884:  862.034000 1884.000000 61483.705062 (2,3)
Iteration 82025:  858.034000 1884.000000 61374.052715 (0,3)
Iteration 82297:  700.526000 1886.000000 61723.247241 (0,0)
Iteration 82308:  698.694000 1885.000000 61716.907907 (0,3)
Iteration 82311:  689.276000 1885.000000 61640.767735 (0,3)
Iteration 82338:  666.276000 1884.000000 61563.577730 (0,3)
Iteration 82382:  666.276000 1884.000000 61546.179507 (0,3)
Iteration 82416:  663.988000 1885.000000 61426.386844 (0,3)
Iteration 82541:  656.692000 1884.000000 61380.620660 (0,3)
Iteration 82542:  656.692000 1884.000000 61375.994225 (0,3)
Iteration 82614:  656.692000 1883.000000 61395.191758 (0,3)
Iteration 82654:  654.692000 1882.000000 61475.112328 (0,3)
Iteration 82656:  652.106000 1883.000000 61228.940953 (0,2)
Iteration 82662:  638.856000 1883.000000 61306.429455 (0,3)
Iteration 82663:  600.274000 1883.000000 61338.738802 (0,3)
Iteration 82666:  590.274000 1882.000000 61379.003976 (2,3)
Iteration 82670:  588.856000 1882.000000 61195.143535 (0,3)
Iteration 82740:  500.984000 1881.000000 61183.111498 (0,3)
Iteration 82751:  488.514000 1883.000000 61207.268365 (1,2)
Iteration 82773:  488.514000 1882.000000 61338.199156 (0,3)
Iteration 82782:  488.514000 1881.000000 61390.806193 (0,3)
Iteration 82786:  488.514000 1880.000000 61518.043573 (0,3)
Iteration 82787:  482.514000 1882.000000 61547.778340 (0,3)
Iteration 82807:  471.984000 1880.000000 63463.350041 (0,3)
Iteration 82830:  464.402000 1879.000000 63299.752645 (0,3)
Iteration 82833:  459.402000 1879.000000 63237.075022 (0,3)
Iteration 82835:  454.820000 1879.000000 63112.487453 (0,3)
Iteration 82854:  454.820000 1879.000000 63052.945939 (1,3)
Iteration 82861:  447.820000 1879.000000 63192.447099 (0,3)
Iteration 82866:  447.820000 1877.000000 63331.015525 (0,3)
Iteration 82873:  440.896000 1877.000000 63359.239721 (2,3)
Iteration 82878:  440.896000 1877.000000 63343.975744 (0,3)
Iteration 82906:  427.646000 1877.000000 63439.435555 (1,0)
Iteration 82937:  423.988000 1878.000000 63214.754678 (0,3)
Iteration 82958:  423.988000 1878.000000 63200.556499 (0,3)
Iteration 82975:  385.418000 1876.000000 63024.321605 (0,3)
Iteration 83055:  385.418000 1874.000000 62991.652894 (0,3)
Iteration 83099:  385.418000 1874.000000 62802.350714 (0,3)
Iteration 83113:  385.418000 1873.000000 62944.983755 (0,3)
Iteration 83155:  383.836000 1873.000000 62972.046428 (1,3)
Iteration 83191:  382.494000 1873.000000 62902.199149 (0,3)
Iteration 83219:  374.152000 1871.000000 63012.065839 (0,3)
Iteration 83229:  374.152000 1869.000000 62995.293103 (0,3)
Iteration 83279:  374.152000 1869.000000 62870.397098 (0,3)
Iteration 83289:  351.836000 1868.000000 62706.707377 (0,3)
Iteration 83299:  351.836000 1866.000000 62719.711626 (0,3)
Iteration 83312:  340.056000 1867.000000 62705.507000 (0,0)
Iteration 83329:  319.474000 1866.000000 62710.260767 (0,3)
Iteration 83346:  316.778000 1866.000000 62800.899664 (1,3)
Iteration 83429:  282.222000 1866.000000 62751.260880 (0,3)
Iteration 83496:  282.222000 1866.000000 62706.680501 (0,3)
Iteration 83507:  258.630000 1866.000000 62724.738002 (1,0)
Iteration 83530:  258.630000 1865.000000 62820.485589 (2,3)
Iteration 83544:  254.038000 1865.000000 62885.397559 (0,0)
Iteration 83581:  254.038000 1865.000000 62866.590523 (0,3)
Iteration 83889:  254.038000 1865.000000 62811.342419 (0,3)
Iteration 84065:  253.456000 1865.000000 62752.799962 (0,3)
Iteration 84212:  253.456000 1865.000000 62721.736966 (0,3)
Iteration 84649:  252.456000 1865.000000 62749.540926 (0,3)
Iteration 84703:  251.874000 1865.000000 62720.851499 (0,3)
total iterations: 112816, time elapsed: 3600.00s
Destroy operator: destroy_random_leafs, Weight: 0.2687, Score: 14262.45, Count: 53057
Destroy operator: destroy_path, Weight: 0.1049, Score: 2466.55, Count: 23472
Destroy operator: destroy_worst_affinity, Weight: 0.0938, Score: 1906.20, Count: 20328
Destroy operator: destroy_district_group, Weight: 0.0685, Score: 1093.60, Count: 15958
Repair operator: repair_greedy_feasible, Weight: 0.0803, Score: 1573.35, Count: 19589
Repair operator: repair_affinity_compact, Weight: 0.0651, Score: 1089.70, Count: 16697
Repair operator: repair_nearest_center, Weight: 0.0710, Score: 1277.30, Count: 17978
Repair operator: repair_2regret, Weight: 0.2695, Score: 15788.45, Count: 58551
