Initial solution objectives: Balance violation = 58138.9390, Affinity loss = 1977, Compactness = 59669.0720
Iteration 0:  56300.376000 1975.000000 59900.288087 (0,0)
Iteration 1:  56153.765000 1975.000000 59787.899504 (0,2)
Iteration 502:  37614.994000 1951.000000 59390.818431 (2,1)
Iteration 1003:  31220.184000 1821.000000 57415.027330 (0,2)
Iteration 2507:  31114.484000 1930.000000 58395.881167 (2,3)
Iteration 3509:  26225.758000 1885.000000 57536.485957 (1,3)
Iteration 3511:  26039.068000 1883.000000 57920.666690 (0,0)
Iteration 3513:  25963.667000 1879.000000 57634.613841 (0,3)
Iteration 3515:  25178.274000 1877.000000 57632.463266 (0,3)
Iteration 3528:  24990.753000 1870.000000 57865.181988 (0,3)
Iteration 8052:  24672.816000 1876.000000 58537.904208 (0,0)
Iteration 8056:  24415.882000 1875.000000 58461.549715 (0,2)
Iteration 8061:  22079.894000 1875.000000 58352.313275 (0,3)
Iteration 8064:  21870.047000 1873.000000 58486.335100 (0,3)
Iteration 8068:  21490.487000 1875.000000 58519.391182 (3,3)
Iteration 8070:  20911.491000 1873.000000 58941.943939 (0,0)
Iteration 8080:  20807.307000 1873.000000 58865.849755 (1,3)
Iteration 8082:  20640.247000 1874.000000 58843.169687 (0,3)
Iteration 9165:  19876.696000 1840.000000 57267.246775 (0,2)
Iteration 9171:  19440.251000 1838.000000 57816.153753 (0,3)
Iteration 9181:  18899.887000 1839.000000 58035.807323 (0,3)
Iteration 9191:  17891.827000 1838.000000 58079.651292 (0,3)
Iteration 9193:  17761.310000 1836.000000 57977.887087 (0,2)
Iteration 9194:  17562.270000 1836.000000 58040.207423 (3,3)
Iteration 9198:  16845.313000 1837.000000 58258.230157 (0,3)
Iteration 9199:  16657.757000 1835.000000 58531.835724 (0,3)
Iteration 9201:  16549.468000 1833.000000 58508.077374 (1,3)
Iteration 9212:  16349.636000 1836.000000 58991.642307 (0,0)
Iteration 9216:  15790.338000 1836.000000 59026.189568 (1,3)
Iteration 9332:  15430.926000 1827.000000 59681.213685 (0,3)
Iteration 9348:  15070.966000 1827.000000 60015.609408 (0,3)
Iteration 9350:  14345.523000 1827.000000 59979.105431 (0,3)
Iteration 9361:  13637.439000 1827.000000 59889.888517 (0,3)
Iteration 9376:  13311.894000 1830.000000 60022.738906 (0,3)
Iteration 9392:  13054.987000 1827.000000 59526.781582 (0,2)
Iteration 9394:  12472.497000 1827.000000 59756.700405 (0,3)
Iteration 9396:  12279.889000 1828.000000 59705.463292 (0,3)
Iteration 9403:  11863.265000 1828.000000 59862.302488 (0,3)
Iteration 9406:  11712.771000 1828.000000 59842.525280 (0,3)
Iteration 9407:  11573.633000 1828.000000 59992.408848 (0,3)
Iteration 9410:  11381.675000 1828.000000 60010.271341 (0,3)
Iteration 9461:  11327.200000 1819.000000 60428.792652 (0,3)
Iteration 9469:  10977.384000 1821.000000 60440.770650 (0,3)
Iteration 9471:  10572.370000 1819.000000 60198.369699 (0,3)
Iteration 9472:  10483.738000 1820.000000 60101.298349 (0,3)
Iteration 9479:  10322.156000 1820.000000 60087.281967 (0,3)
Iteration 9502:  10314.830000 1819.000000 60695.668125 (0,3)
Iteration 9513:  10171.965000 1819.000000 60415.346095 (2,3)
Iteration 9514:  9957.994000 1817.000000 60422.282293 (0,3)
Iteration 9518:  9925.500000 1817.000000 60379.241762 (2,3)
Iteration 9532:  9741.779000 1820.000000 60718.226499 (0,3)
Iteration 9533:  9712.312000 1820.000000 60763.612340 (0,3)
Iteration 10188:  9219.121000 1860.000000 63644.243087 (0,3)
Iteration 10189:  9096.984000 1858.000000 63712.507752 (1,1)
Iteration 10190:  9022.502000 1856.000000 63650.963524 (2,3)
Iteration 10194:  8484.330000 1853.000000 63679.894121 (0,3)
Iteration 10197:  8300.399000 1851.000000 63794.685575 (0,3)
Iteration 10202:  7888.230000 1848.000000 63933.073651 (0,3)
Iteration 10204:  7878.421000 1848.000000 63953.775906 (2,3)
Iteration 10207:  7388.940000 1848.000000 64227.278645 (0,3)
Iteration 10215:  7291.618000 1850.000000 64168.025984 (0,3)
Iteration 10224:  7031.853000 1849.000000 63845.254080 (0,3)
Iteration 10227:  6992.758000 1848.000000 63849.018462 (0,3)
Iteration 10231:  6885.837000 1848.000000 63890.514168 (0,0)
Iteration 10234:  6823.292000 1848.000000 63837.628212 (0,3)
Iteration 10241:  6729.357000 1847.000000 63625.429233 (0,3)
Iteration 10282:  6678.723000 1849.000000 63356.063081 (0,3)
Iteration 10288:  6638.828000 1849.000000 63563.732561 (0,3)
Iteration 10301:  6566.039000 1849.000000 63673.010966 (0,3)
Iteration 10303:  6492.826000 1850.000000 63756.012166 (0,3)
Iteration 10315:  6464.332000 1849.000000 63897.784737 (0,3)
Iteration 10318:  6260.303000 1848.000000 63586.947885 (0,3)
Iteration 10319:  6041.076000 1848.000000 63740.485535 (0,3)
Iteration 10324:  6040.971000 1849.000000 63659.159147 (0,3)
Iteration 10335:  5994.777000 1847.000000 63577.277609 (0,3)
Iteration 10343:  5768.042000 1846.000000 63269.633982 (0,3)
Iteration 10351:  5733.250000 1846.000000 63227.799191 (0,3)
Iteration 10354:  5665.477000 1847.000000 62981.381877 (0,3)
Iteration 10360:  5462.364000 1847.000000 63056.425626 (0,3)
Iteration 10372:  5436.548000 1845.000000 63022.080251 (0,3)
Iteration 10373:  5425.453000 1846.000000 62985.934230 (0,3)
Iteration 10393:  5336.647000 1846.000000 63118.140522 (0,3)
Iteration 10395:  5278.459000 1847.000000 63388.245576 (0,3)
Iteration 10493:  5186.419000 1846.000000 63571.851186 (0,3)
Iteration 10496:  5168.031000 1845.000000 63608.447150 (0,3)
Iteration 10524:  4961.753000 1842.000000 63714.995735 (0,3)
Iteration 10704:  4822.598000 1830.000000 65908.249192 (0,3)
Iteration 10712:  4809.698000 1831.000000 65883.902849 (0,3)
Iteration 10900:  4667.427000 1826.000000 65452.361222 (0,3)
Iteration 10903:  4520.503000 1826.000000 65509.019662 (0,3)
Iteration 10907:  4485.687000 1825.000000 65319.116232 (0,3)
Iteration 11900:  4288.552000 1843.000000 62393.432301 (0,3)
Iteration 11906:  4093.452000 1843.000000 62423.194141 (0,3)
Iteration 11915:  4088.268000 1846.000000 62311.383117 (0,3)
Iteration 11926:  3962.667000 1843.000000 62386.481184 (0,0)
Iteration 11927:  3956.161000 1843.000000 62248.895298 (0,3)
Iteration 11930:  3939.161000 1843.000000 62199.443906 (0,3)
Iteration 11932:  3929.306000 1843.000000 62191.038795 (0,3)
Iteration 11952:  3905.306000 1843.000000 62117.286909 (0,3)
Iteration 11954:  3888.316000 1843.000000 62104.484564 (2,3)
Iteration 11957:  3886.235000 1843.000000 62083.451225 (0,3)
Iteration 11961:  3885.741000 1843.000000 62045.634752 (0,3)
Iteration 11996:  3854.182000 1845.000000 62194.132927 (0,3)
Iteration 12000:  3745.852000 1845.000000 62017.977528 (0,3)
Iteration 12002:  3739.771000 1845.000000 62035.310318 (0,3)
Iteration 12007:  3724.771000 1845.000000 62056.693881 (0,3)
Iteration 12103:  3493.934000 1846.000000 61581.855668 (1,1)
Iteration 12106:  3397.411000 1846.000000 61554.161497 (2,3)
Iteration 12524:  3340.269000 1842.000000 61812.450732 (0,3)
Iteration 12540:  3340.269000 1842.000000 61734.174782 (2,3)
Iteration 12542:  3336.374000 1842.000000 61718.626452 (0,3)
Iteration 12544:  3324.369000 1842.000000 61698.552861 (0,3)
Iteration 12567:  3311.851000 1841.000000 61631.304763 (0,3)
Iteration 12568:  3275.463000 1841.000000 61825.448328 (0,3)
Iteration 12589:  3232.111000 1839.000000 61909.313124 (0,3)
Iteration 12615:  3220.032000 1840.000000 61872.290210 (0,3)
Iteration 12746:  3206.074000 1839.000000 62111.697964 (0,3)
Iteration 12766:  3194.934000 1841.000000 61748.946742 (1,3)
Iteration 12767:  3194.244000 1842.000000 61736.660693 (0,3)
Iteration 12875:  3165.242000 1839.000000 62173.462128 (0,3)
Iteration 12878:  3161.242000 1838.000000 62210.267342 (0,3)
Iteration 12996:  3104.071000 1838.000000 62090.448899 (0,3)
Iteration 13070:  3080.258000 1837.000000 61964.595991 (0,3)
Iteration 13073:  3080.258000 1835.000000 61924.462769 (0,3)
Iteration 30524:  3052.301000 1912.000000 64130.976640 (0,3)
Iteration 30531:  3003.472000 1912.000000 63992.733126 (0,3)
Iteration 30532:  2948.472000 1912.000000 63953.480233 (1,2)
Iteration 30546:  2948.472000 1911.000000 64007.555162 (0,3)
Iteration 30557:  2942.861000 1911.000000 64059.637502 (0,3)
Iteration 30578:  2929.355000 1911.000000 63894.109953 (0,3)
Iteration 30583:  2920.966000 1911.000000 64057.684244 (0,3)
Iteration 30676:  2911.245000 1911.000000 64067.117213 (0,3)
Iteration 30690:  2865.534000 1911.000000 64147.958952 (0,3)
Iteration 30728:  2837.350000 1911.000000 64257.220463 (0,3)
Iteration 30738:  2806.534000 1911.000000 64250.794948 (0,3)
Iteration 30767:  2806.534000 1911.000000 64202.754264 (0,3)
Iteration 30783:  2776.166000 1911.000000 64509.873782 (0,3)
Iteration 30805:  2759.100000 1911.000000 64448.137395 (0,3)
Iteration 30825:  2758.284000 1911.000000 64107.336563 (0,3)
Iteration 31004:  2491.250000 1909.000000 64106.660724 (0,3)
Iteration 31022:  2460.927000 1908.000000 64052.471080 (0,3)
Iteration 31032:  2455.888000 1906.000000 64093.891681 (0,3)
Iteration 31065:  2364.182000 1906.000000 64072.069228 (0,3)
Iteration 31082:  2350.287000 1906.000000 64092.993041 (0,3)
Iteration 31092:  2314.767000 1905.000000 64248.772284 (0,3)
Iteration 31113:  2297.767000 1905.000000 64232.778028 (0,3)
Iteration 31120:  2266.478000 1904.000000 64318.761879 (0,3)
Iteration 31155:  2257.767000 1904.000000 64411.715090 (0,3)
Iteration 31166:  2240.951000 1904.000000 64450.576059 (0,3)
Iteration 31203:  2234.846000 1904.000000 64526.032326 (0,3)
Iteration 31208:  2191.885000 1902.000000 64632.607179 (0,3)
Iteration 31216:  2085.481000 1901.000000 64670.879821 (0,3)
Iteration 31236:  1994.975000 1902.000000 64558.429781 (0,3)
Iteration 31256:  1922.419000 1903.000000 64535.267209 (0,0)
Iteration 31258:  1918.548000 1903.000000 64512.230024 (0,3)
Iteration 31265:  1914.443000 1903.000000 64570.547641 (0,3)
Iteration 31287:  1887.443000 1903.000000 64548.243537 (0,3)
Iteration 31296:  1820.325000 1903.000000 64474.536543 (0,3)
Iteration 31311:  1813.259000 1903.000000 64426.150846 (0,3)
Iteration 31329:  1795.088000 1902.000000 64539.941222 (0,3)
Iteration 31359:  1791.088000 1901.000000 64571.131217 (0,3)
Iteration 31363:  1784.582000 1901.000000 64570.803617 (0,3)
Iteration 31676:  1706.974000 1901.000000 64415.940294 (0,3)
Iteration 31700:  1680.434000 1902.000000 64431.687362 (0,3)
Iteration 31782:  1678.434000 1902.000000 64430.540538 (0,3)
Iteration 31915:  1650.273000 1902.000000 64434.482444 (1,3)
Iteration 32088:  1644.273000 1902.000000 64501.011936 (1,3)
Iteration 32110:  1639.065000 1901.000000 64627.165046 (0,3)
Iteration 32136:  1637.559000 1901.000000 64667.392911 (0,3)
Iteration 32177:  1628.454000 1901.000000 64594.907566 (0,3)
Iteration 32265:  1623.559000 1901.000000 64659.255384 (1,3)
Iteration 32376:  1612.583000 1901.000000 64722.191193 (1,2)
Iteration 32405:  1604.701000 1903.000000 64680.770592 (0,3)
Iteration 32437:  1604.701000 1903.000000 64626.049317 (0,3)
Iteration 32615:  1602.701000 1903.000000 64526.836133 (0,3)
Iteration 32661:  1543.207000 1903.000000 64591.918995 (0,3)
Iteration 32771:  1510.197000 1903.000000 64475.060689 (0,3)
Iteration 32815:  1472.713000 1903.000000 64535.291975 (0,3)
Iteration 32950:  1468.713000 1903.000000 64565.676886 (1,0)
Iteration 33117:  1428.755000 1905.000000 64514.073474 (1,2)
Iteration 33124:  1357.183000 1903.000000 64429.714452 (0,3)
Iteration 33197:  1297.689000 1903.000000 64409.924863 (0,3)
Iteration 33265:  1282.278000 1903.000000 64349.693578 (0,3)
Iteration 33280:  1236.183000 1903.000000 64250.676874 (0,3)
Iteration 33533:  1232.572000 1902.000000 64281.934213 (0,3)
Iteration 33569:  1171.155000 1902.000000 64285.228648 (0,3)
Iteration 33794:  1155.649000 1902.000000 64220.145786 (0,3)
Iteration 34121:  1155.649000 1902.000000 64181.132239 (0,3)
Iteration 34151:  1147.649000 1902.000000 64227.037006 (0,3)
Iteration 34450:  1137.169000 1900.000000 64113.593791 (1,3)
Iteration 34456:  1125.558000 1901.000000 64113.214631 (0,3)
Iteration 34461:  1084.639000 1899.000000 63952.715172 (0,3)
Iteration 34471:  1083.573000 1899.000000 63931.431373 (0,3)
Iteration 34480:  1053.517000 1899.000000 63940.447955 (0,3)
Iteration 34573:  1048.517000 1899.000000 63911.589167 (0,3)
Iteration 34633:  1025.517000 1899.000000 63887.133411 (0,3)
Iteration 34648:  1014.142000 1898.000000 63740.905816 (0,3)
Iteration 34652:  1001.612000 1900.000000 63705.153395 (0,3)
Iteration 34704:  959.707000 1900.000000 63674.768484 (0,3)
Iteration 34794:  944.213000 1899.000000 63602.792866 (0,3)
Iteration 34941:  942.213000 1899.000000 63528.028225 (0,3)
total iterations: 86023, time elapsed: 3600.04s
Destroy operator: destroy_random_leafs, Weight: 0.2913, Score: 12751.85, Count: 43817
Destroy operator: destroy_path, Weight: 0.0988, Score: 1534.00, Count: 15515
Destroy operator: destroy_worst_affinity, Weight: 0.0965, Score: 1484.05, Count: 15395
Destroy operator: destroy_district_group, Weight: 0.0654, Score: 738.05, Count: 11295
Repair operator: repair_greedy_feasible, Weight: 0.0764, Score: 1061.45, Count: 13916
Repair operator: repair_affinity_compact, Weight: 0.0618, Score: 713.85, Count: 11548
Repair operator: repair_nearest_center, Weight: 0.0672, Score: 862.25, Count: 12839
Repair operator: repair_2regret, Weight: 0.2909, Score: 13870.40, Count: 47719
