Initial solution objectives: Balance violation = 34292.0775, Affinity loss = 1900, Compactness = 98267.0831
Iteration 501:  22767.310000 1912.000000 95996.861045 (2,0)
Iteration 502:  20085.610000 1910.000000 96461.720458 (0,3)
Iteration 503:  19967.395000 1910.000000 95775.439438 (2,2)
Iteration 1505:  15161.712500 1743.000000 92984.159798 (1,1)
Iteration 3008:  14988.282500 1893.000000 90993.587876 (2,3)
Iteration 3009:  14915.115000 1893.000000 90998.822283 (1,0)
Iteration 3011:  14636.492500 1894.000000 90826.059753 (0,2)
Iteration 3014:  14163.760000 1895.000000 91024.681450 (0,0)
Iteration 3015:  12522.760000 1893.000000 91069.742948 (0,3)
Iteration 3019:  11529.270000 1885.000000 91366.275382 (0,3)
Iteration 3020:  11049.832500 1884.000000 91307.450012 (0,3)
Iteration 4137:  10989.730000 1626.000000 105739.555660 (0,3)
Iteration 4141:  9688.672500 1627.000000 105932.673683 (0,3)
Iteration 4146:  9677.672500 1627.000000 105684.285998 (2,3)
Iteration 7278:  9084.307500 1759.000000 105740.276556 (0,3)
Iteration 7282:  8935.140000 1759.000000 105866.962115 (0,3)
Iteration 7288:  8739.702500 1759.000000 106383.211854 (0,3)
Iteration 7300:  8289.535000 1760.000000 106599.382671 (0,3)
Iteration 7301:  8289.535000 1760.000000 106599.382671 (1,1)
Iteration 7364:  8232.665000 1751.000000 113763.384639 (0,3)
Iteration 7372:  7977.737500 1745.000000 112791.441288 (0,3)
Iteration 7392:  7830.232500 1747.000000 111514.557179 (0,3)
Iteration 7517:  7791.347500 1725.000000 113194.509083 (0,3)
Iteration 7518:  7671.410000 1725.000000 113045.943987 (2,3)
Iteration 7521:  7671.410000 1725.000000 113059.451380 (1,1)
Iteration 7539:  7451.002500 1726.000000 113254.979509 (0,3)
Iteration 7540:  7451.002500 1725.000000 113249.073352 (1,3)
Iteration 7542:  7218.275000 1725.000000 113504.155535 (0,3)
Iteration 8326:  7157.822500 1884.000000 104340.175901 (0,3)
Iteration 8392:  6365.685000 1887.000000 104778.061166 (0,3)
Iteration 8403:  6085.492500 1891.000000 104973.141105 (0,3)
Iteration 8409:  5467.250000 1889.000000 105502.118447 (0,3)
Iteration 8412:  5099.435000 1890.000000 105646.673355 (0,3)
Iteration 8417:  5063.492500 1890.000000 105535.509373 (0,3)
Iteration 8419:  4960.445000 1888.000000 105160.700902 (1,1)
Iteration 9082:  4950.785000 1792.000000 132497.549523 (0,3)
Iteration 9120:  4879.882500 1786.000000 129662.692901 (0,2)
Iteration 9121:  3814.410000 1787.000000 129877.998141 (0,3)
Iteration 9123:  3231.235000 1787.000000 129831.308171 (0,3)
Iteration 9147:  2822.897500 1778.000000 130299.525199 (0,3)
Iteration 9151:  2764.990000 1774.000000 130643.208428 (0,3)
Iteration 9161:  2118.675000 1767.000000 131971.045726 (0,3)
Iteration 9162:  1945.617500 1771.000000 131800.221302 (0,3)
Iteration 9167:  1862.460000 1769.000000 132072.774714 (0,3)
Iteration 9175:  1315.842500 1771.000000 132207.243498 (0,3)
Iteration 9178:  1315.842500 1771.000000 131988.988774 (1,3)
Iteration 15049:  1302.732500 1635.000000 118961.262280 (0,3)
Iteration 15054:  824.210000 1638.000000 119164.433144 (0,3)
Iteration 15059:  805.215000 1633.000000 118666.069967 (0,3)
Iteration 15072:  744.215000 1634.000000 118736.921054 (0,3)
Iteration 15074:  713.400000 1634.000000 118639.990662 (0,3)
Iteration 15080:  664.625000 1634.000000 118435.296445 (0,3)
Iteration 15097:  442.877500 1634.000000 118246.857070 (0,3)
Iteration 15196:  416.392500 1633.000000 118423.006889 (0,3)
Iteration 15201:  416.392500 1633.000000 118423.006889 (1,3)
Iteration 15218:  412.607500 1630.000000 118537.751583 (0,3)
Iteration 15226:  399.187500 1627.000000 118597.192861 (0,3)
Iteration 15359:  388.982500 1622.000000 118316.639976 (0,3)
Iteration 15514:  387.367500 1616.000000 118139.660222 (0,3)
Iteration 15548:  387.367500 1616.000000 118115.566915 (0,3)
Iteration 15549:  387.367500 1616.000000 118095.868770 (0,3)
Iteration 15611:  348.640000 1613.000000 117614.748773 (0,3)
Iteration 15625:  337.050000 1613.000000 117601.384003 (0,3)
Iteration 15629:  321.060000 1609.000000 117338.017466 (0,3)
Iteration 15637:  314.845000 1607.000000 117536.521475 (0,3)
Iteration 15674:  307.245000 1606.000000 117294.389406 (0,3)
Iteration 15693:  300.197500 1605.000000 117376.532368 (0,3)
Iteration 15708:  298.197500 1603.000000 117003.868316 (0,3)
Iteration 15746:  286.685000 1601.000000 116643.659670 (0,3)
Iteration 15834:  276.945000 1599.000000 117075.836050 (1,3)
Iteration 15843:  274.992500 1598.000000 117345.947919 (1,1)
Iteration 15865:  274.992500 1598.000000 117331.670315 (1,0)
Iteration 16132:  272.392500 1585.000000 115898.121036 (0,3)
Iteration 16133:  272.392500 1585.000000 115874.912042 (0,3)
Iteration 16134:  264.207500 1587.000000 115719.063963 (0,3)
Iteration 16135:  264.207500 1587.000000 115634.890628 (1,3)
Iteration 16164:  264.207500 1587.000000 115572.272152 (0,3)
Iteration 16199:  242.217500 1585.000000 115763.624871 (1,3)
Iteration 16306:  240.675000 1585.000000 116009.879842 (0,3)
Iteration 16344:  236.460000 1584.000000 115865.011363 (0,3)
Iteration 16462:  234.675000 1583.000000 115926.179012 (1,1)
Iteration 16672:  231.665000 1578.000000 115939.301364 (0,3)
Iteration 16714:  230.860000 1578.000000 115755.694083 (0,3)
Iteration 16744:  215.255000 1578.000000 115996.355917 (0,3)
Iteration 16909:  198.470000 1575.000000 116267.166152 (0,3)
Iteration 16924:  189.470000 1575.000000 116434.577870 (0,3)
Iteration 16957:  189.470000 1575.000000 116410.985782 (0,3)
Iteration 16965:  184.275000 1575.000000 116430.176096 (0,3)
Iteration 17064:  182.695000 1577.000000 116319.290785 (1,2)
Iteration 17172:  182.695000 1577.000000 116308.492986 (1,3)
Iteration 17191:  174.237500 1579.000000 116250.007007 (0,3)
Iteration 17314:  159.237500 1577.000000 115979.945947 (1,2)
Iteration 54750:  132.075000 1696.000000 100864.446228 (0,3)
Iteration 54761:  101.715000 1695.000000 100764.108759 (0,3)
Iteration 54799:  91.935000 1694.000000 101274.963984 (0,3)
Iteration 54888:  91.925000 1694.000000 100965.350986 (0,3)
Iteration 54891:  67.935000 1694.000000 100938.873899 (0,3)
Iteration 55111:  60.935000 1694.000000 100873.210248 (0,3)
Iteration 55164:  60.935000 1694.000000 100845.642766 (0,3)
Iteration 55165:  60.935000 1694.000000 100790.021285 (0,3)
Iteration 55196:  60.935000 1693.000000 100647.594994 (0,3)
Iteration 55201:  56.160000 1693.000000 100975.056571 (1,0)
Iteration 55271:  41.160000 1694.000000 101059.612003 (1,3)
Iteration 55277:  41.160000 1694.000000 101014.928343 (0,3)
Iteration 55329:  41.160000 1694.000000 101013.920539 (0,3)
Iteration 55360:  41.160000 1692.000000 100794.971081 (0,3)
Iteration 55425:  41.160000 1692.000000 100734.198323 (0,3)
Iteration 55490:  41.160000 1692.000000 100651.890660 (1,3)
Iteration 55511:  41.160000 1692.000000 100632.022558 (0,3)
Iteration 55584:  41.160000 1692.000000 100553.763253 (0,3)
Iteration 55636:  41.160000 1692.000000 100372.487202 (0,3)
Iteration 55687:  40.570000 1692.000000 100185.910455 (0,3)
Iteration 55726:  40.570000 1692.000000 99942.158689 (1,3)
Iteration 55754:  40.570000 1690.000000 99655.130834 (0,3)
Iteration 55783:  40.570000 1689.000000 100082.273852 (0,3)
Iteration 55786:  40.570000 1687.000000 100154.633004 (0,3)
Iteration 55847:  40.570000 1686.000000 100160.431455 (0,3)
Iteration 55870:  40.570000 1686.000000 100050.339572 (0,3)
Iteration 55958:  40.570000 1685.000000 99996.820999 (0,3)
Iteration 55962:  40.570000 1685.000000 99950.492351 (0,3)
Iteration 56117:  40.570000 1685.000000 99891.811760 (0,3)
Iteration 56271:  40.570000 1684.000000 99891.349052 (0,3)
Iteration 56402:  24.570000 1686.000000 99887.213602 (1,2)
Iteration 56449:  24.570000 1685.000000 100005.342950 (0,3)
Iteration 56518:  24.570000 1684.000000 100048.899656 (0,3)
Iteration 56579:  22.785000 1685.000000 100105.141686 (1,0)
Iteration 56848:  22.785000 1685.000000 100049.644199 (0,3)
Iteration 56871:  22.785000 1684.000000 99964.757597 (1,3)
Iteration 56958:  22.785000 1682.000000 99984.404678 (0,3)
Iteration 57028:  10.570000 1682.000000 99617.718457 (0,3)
Iteration 57064:  3.785000 1683.000000 99694.656228 (1,0)
Iteration 57120:  3.785000 1683.000000 99690.678586 (1,3)
Iteration 57188:  3.785000 1681.000000 99617.383618 (1,2)
Iteration 57324:  3.785000 1680.000000 99730.296605 (0,3)
Iteration 57476:  3.785000 1680.000000 99555.268922 (0,3)
Iteration 57561:  3.785000 1680.000000 99507.543668 (0,3)
total iterations: 80430, time elapsed: 3600.23s
Destroy operator: destroy_random_leafs, Weight: 0.1949, Score: 6717.70, Count: 34549
Destroy operator: destroy_path, Weight: 0.1025, Score: 1940.60, Count: 18963
Destroy operator: destroy_worst_affinity, Weight: 0.0812, Score: 1225.70, Count: 15127
Destroy operator: destroy_district_group, Weight: 0.0609, Score: 717.75, Count: 11790
Repair operator: repair_greedy_feasible, Weight: 0.0724, Score: 1038.75, Count: 14363
Repair operator: repair_affinity_compact, Weight: 0.0683, Score: 917.80, Count: 13449
Repair operator: repair_nearest_center, Weight: 0.0746, Score: 1143.25, Count: 15332
Repair operator: repair_2regret, Weight: 0.2018, Score: 7501.95, Count: 37285
