Initial solution objectives: Balance violation = 17952.6760, Affinity loss = 932, Compactness = 27561.9019
Iteration 0:  17814.352000 932.000000 27515.614869 (1,2)
Iteration 2:  16901.268000 930.000000 27842.694340 (3,3)
Iteration 5:  16313.540000 931.000000 27824.653512 (0,3)
Iteration 6:  16080.044000 931.000000 27937.538081 (0,0)
Iteration 1009:  16030.396000 906.000000 27957.107527 (3,1)
Iteration 1011:  15729.688000 905.000000 28338.212867 (3,3)
Iteration 1012:  15591.064000 905.000000 28311.523781 (1,2)
Iteration 2515:  13951.364000 950.000000 27047.218829 (0,2)
Iteration 2517:  13435.896000 949.000000 27063.908714 (0,3)
Iteration 2518:  11852.264000 949.000000 27065.500529 (0,3)
Iteration 2519:  10777.276000 948.000000 27277.203642 (0,3)
Iteration 2520:  10723.064000 948.000000 27281.795589 (0,3)
Iteration 2530:  10233.384000 938.000000 27190.960744 (3,1)
Iteration 2531:  9923.328000 937.000000 27194.376626 (0,3)
Iteration 2534:  9838.344000 936.000000 27083.611662 (3,3)
Iteration 6268:  9796.464000 896.000000 28467.566313 (0,3)
Iteration 6272:  9670.896000 896.000000 28446.058663 (0,3)
Iteration 6275:  9115.900000 896.000000 28430.578211 (0,3)
Iteration 6281:  8944.848000 896.000000 28458.291848 (0,3)
Iteration 6290:  8875.300000 895.000000 28245.994776 (3,3)
Iteration 6351:  8833.856000 893.000000 28427.359277 (0,3)
Iteration 6354:  8123.660000 893.000000 28488.967636 (0,3)
Iteration 8005:  7905.736000 976.000000 27856.321721 (1,3)
Iteration 8046:  7708.312000 981.000000 27517.652722 (0,3)
Iteration 8052:  7373.532000 981.000000 27611.865181 (0,3)
Iteration 8053:  7371.956000 981.000000 27649.217026 (0,3)
Iteration 8054:  7036.112000 981.000000 27897.639343 (0,3)
Iteration 8108:  7008.448000 980.000000 28245.576329 (0,3)
Iteration 8111:  6877.592000 980.000000 28231.899412 (0,3)
Iteration 8114:  6827.188000 978.000000 28233.746008 (0,3)
Iteration 8120:  6821.796000 978.000000 28287.938801 (0,3)
Iteration 8123:  6801.172000 978.000000 28287.698610 (0,3)
Iteration 8129:  6478.896000 978.000000 28259.831924 (1,0)
Iteration 8132:  6221.072000 978.000000 28291.071496 (1,3)
Iteration 8140:  6115.924000 978.000000 28399.286186 (0,3)
Iteration 8164:  5872.352000 983.000000 28383.499500 (0,3)
Iteration 8190:  5758.788000 982.000000 28296.972245 (0,3)
Iteration 8194:  5377.608000 982.000000 28195.895411 (0,2)
Iteration 8196:  5200.460000 983.000000 28333.432498 (0,3)
Iteration 8202:  5100.804000 982.000000 28298.913156 (0,3)
Iteration 8221:  5030.304000 982.000000 28130.065402 (0,3)
Iteration 8322:  5014.776000 979.000000 28717.022940 (0,3)
Iteration 8323:  5014.668000 979.000000 28667.459618 (0,3)
Iteration 8454:  4755.744000 976.000000 29058.287510 (3,3)
Iteration 8486:  4750.424000 976.000000 28546.632246 (1,1)
Iteration 8487:  4632.124000 976.000000 28528.159167 (0,3)
Iteration 8492:  4606.344000 976.000000 28484.606971 (0,3)
Iteration 12431:  4586.120000 939.000000 30389.799062 (0,3)
Iteration 12441:  4568.120000 938.000000 30483.377269 (0,3)
Iteration 12446:  4441.112000 938.000000 30373.604566 (0,3)
Iteration 12461:  4382.056000 938.000000 30434.709169 (0,3)
Iteration 12502:  4304.904000 938.000000 30644.548808 (0,3)
Iteration 12508:  4260.528000 938.000000 30636.531401 (0,3)
Iteration 12509:  4253.316000 939.000000 30661.812718 (0,3)
Iteration 12522:  4248.696000 939.000000 30769.455641 (0,3)
Iteration 12525:  3836.992000 940.000000 30868.192240 (0,3)
Iteration 12526:  3804.884000 939.000000 31016.348789 (2,3)
Iteration 12527:  3761.884000 939.000000 30944.393284 (0,3)
Iteration 12544:  3714.884000 940.000000 30965.189092 (0,3)
Iteration 12568:  3692.788000 940.000000 31005.887904 (0,3)
Iteration 12573:  3655.192000 940.000000 31022.385138 (0,3)
Iteration 12576:  3587.772000 940.000000 30996.627442 (0,3)
Iteration 12590:  3477.752000 940.000000 30960.706691 (0,3)
Iteration 12606:  3475.548000 940.000000 31084.350121 (0,3)
Iteration 12739:  3456.484000 939.000000 31198.540093 (0,3)
Iteration 12748:  3356.232000 940.000000 31226.845242 (0,3)
Iteration 12750:  3306.616000 941.000000 31195.477207 (0,3)
Iteration 12758:  3296.144000 941.000000 31236.326411 (0,3)
Iteration 12769:  3215.632000 941.000000 31110.551551 (1,0)
Iteration 12778:  3210.940000 941.000000 31084.281622 (0,3)
Iteration 12845:  3207.920000 939.000000 31131.801189 (0,3)
Iteration 12866:  3199.668000 939.000000 31110.331005 (0,3)
Iteration 12902:  3167.920000 939.000000 31059.698064 (0,3)
Iteration 12914:  3166.488000 939.000000 30875.172105 (0,3)
Iteration 13237:  3153.736000 937.000000 30774.714460 (0,3)
Iteration 13257:  3122.572000 937.000000 30812.495862 (0,3)
Iteration 13267:  3098.504000 938.000000 30845.611342 (0,3)
Iteration 13298:  3059.408000 940.000000 30901.788865 (0,3)
Iteration 13426:  3044.408000 938.000000 30989.298207 (0,3)
Iteration 13442:  3039.332000 938.000000 31074.763087 (0,3)
Iteration 13686:  3035.504000 941.000000 31272.974433 (1,0)
Iteration 13710:  3035.504000 939.000000 31166.594760 (0,3)
Iteration 17681:  2820.820000 936.000000 31581.387456 (1,3)
Iteration 17688:  2817.724000 936.000000 31523.556382 (0,3)
Iteration 17716:  2722.800000 936.000000 31459.790034 (0,3)
Iteration 17764:  2691.820000 936.000000 31429.906739 (0,3)
Iteration 17798:  2474.788000 936.000000 31390.203015 (0,3)
Iteration 17810:  2465.096000 937.000000 31415.028184 (0,3)
Iteration 17948:  2441.396000 937.000000 31275.806752 (0,3)
Iteration 17949:  2354.300000 937.000000 31222.238991 (0,3)
Iteration 18134:  2350.300000 937.000000 31258.262982 (0,3)
Iteration 18139:  2340.992000 937.000000 31352.198932 (0,3)
Iteration 18181:  2327.684000 937.000000 31311.087422 (0,3)
Iteration 18327:  2314.088000 935.000000 31381.185683 (0,3)
Iteration 18470:  2313.088000 934.000000 31409.939154 (0,3)
Iteration 18518:  2294.472000 934.000000 31484.120302 (0,3)
Iteration 18531:  2242.316000 934.000000 31416.206074 (0,3)
Iteration 18729:  2234.316000 937.000000 31493.086651 (0,3)
Iteration 18754:  2072.604000 937.000000 31414.437300 (0,3)
Iteration 18871:  2072.604000 936.000000 31543.868591 (0,3)
Iteration 19019:  2049.228000 937.000000 31590.168272 (0,3)
Iteration 19184:  2047.256000 937.000000 31717.739394 (0,3)
Iteration 19193:  1976.024000 937.000000 31708.532804 (0,3)
Iteration 19685:  1956.264000 937.000000 31653.208998 (0,3)
Iteration 19700:  1933.780000 937.000000 31725.342718 (0,3)
Iteration 19715:  1912.088000 937.000000 31727.275707 (0,3)
Iteration 73737:  1904.260000 949.000000 28531.700022 (0,3)
Iteration 73745:  1885.888000 949.000000 28419.135426 (0,3)
Iteration 73775:  1846.964000 947.000000 28396.528661 (0,3)
Iteration 73782:  1812.964000 948.000000 28388.604200 (0,0)
Iteration 73808:  1799.272000 948.000000 28417.548707 (0,3)
Iteration 73858:  1793.784000 948.000000 28494.465947 (0,3)
Iteration 73865:  1738.572000 950.000000 28542.993518 (0,3)
Iteration 73886:  1735.476000 950.000000 28476.464752 (0,3)
Iteration 73893:  1724.168000 951.000000 28576.547259 (0,3)
Iteration 73903:  1371.752000 951.000000 28572.756364 (0,3)
Iteration 73950:  1310.752000 951.000000 28621.275360 (0,3)
Iteration 74033:  1295.224000 951.000000 28554.540778 (0,3)
Iteration 74035:  1295.224000 951.000000 28554.540778 (0,0)
Iteration 74036:  1283.012000 951.000000 28727.941127 (0,0)
Iteration 74072:  1259.012000 951.000000 28669.812027 (1,3)
Iteration 74225:  1239.616000 951.000000 28722.981532 (0,3)
Iteration 74242:  1227.616000 951.000000 28770.531821 (0,3)
Iteration 74308:  1220.924000 951.000000 28815.757979 (0,3)
Iteration 74452:  1217.924000 950.000000 28959.101040 (0,3)
Iteration 74495:  1196.020000 950.000000 29077.059113 (0,3)
Iteration 74581:  1192.020000 948.000000 29197.496417 (0,3)
Iteration 74734:  1178.884000 948.000000 29264.624471 (0,3)
Iteration 74872:  1165.680000 948.000000 29333.581592 (0,0)
Iteration 74909:  1158.304000 948.000000 29333.172451 (0,3)
total iterations: 311243, time elapsed: 3600.01s
Destroy operator: destroy_random_leafs, Weight: 0.2715, Score: 41233.20, Count: 151863
Destroy operator: destroy_path, Weight: 0.1137, Score: 7291.70, Count: 64151
Destroy operator: destroy_worst_affinity, Weight: 0.0867, Score: 4191.75, Count: 48358
Destroy operator: destroy_district_group, Weight: 0.0813, Score: 3812.65, Count: 46870
Repair operator: repair_greedy_feasible, Weight: 0.1073, Score: 6712.70, Count: 62573
Repair operator: repair_affinity_compact, Weight: 0.0705, Score: 3009.50, Count: 42679
Repair operator: repair_nearest_center, Weight: 0.0749, Score: 3459.55, Count: 46204
Repair operator: repair_2regret, Weight: 0.2713, Score: 43347.55, Count: 159786
