Initial solution objectives: Balance violation = 46070.8750, Affinity loss = 1836, Compactness = 59747.1219
Iteration 0:  45891.157000 1836.000000 59488.698315 (2,3)
Iteration 501:  42142.857000 1894.000000 59860.402695 (3,1)
Iteration 1002:  31317.158000 1901.000000 66378.090930 (1,2)
Iteration 1003:  29554.009000 1901.000000 66675.390442 (2,3)
Iteration 3007:  23459.559000 1925.000000 55768.672160 (0,2)
Iteration 7054:  22737.707000 1882.000000 61556.618465 (0,0)
Iteration 7060:  21692.971000 1883.000000 61771.865443 (0,3)
Iteration 7107:  21108.837000 1863.000000 60590.674056 (0,3)
Iteration 7109:  20782.423000 1860.000000 60687.655005 (0,3)
Iteration 7206:  19897.122000 1849.000000 62979.357768 (0,3)
Iteration 7223:  19681.460000 1853.000000 63493.006967 (0,3)
Iteration 7224:  19358.178000 1853.000000 63491.105222 (1,3)
Iteration 7227:  18843.306000 1849.000000 63562.534804 (0,3)
Iteration 7228:  18273.023000 1849.000000 63535.641225 (2,3)
Iteration 7235:  17703.542000 1850.000000 64014.395306 (0,3)
Iteration 7244:  16607.883000 1847.000000 63663.476711 (0,3)
Iteration 7245:  16457.881000 1847.000000 63663.186211 (2,3)
Iteration 8949:  15933.001000 1898.000000 63985.044272 (0,3)
Iteration 8951:  15292.127000 1896.000000 64107.558952 (0,3)
Iteration 8954:  15003.694000 1896.000000 64171.063139 (0,3)
Iteration 8955:  14360.857000 1896.000000 64475.380701 (0,3)
Iteration 9042:  14068.137000 1898.000000 64115.130231 (0,3)
Iteration 9047:  13978.502000 1898.000000 64155.536839 (1,3)
Iteration 9065:  13512.715000 1898.000000 65131.970139 (0,3)
Iteration 9066:  13471.022000 1898.000000 65022.524979 (0,2)
Iteration 9068:  12767.002000 1898.000000 64970.357252 (0,3)
Iteration 9075:  12546.450000 1902.000000 65048.673659 (0,3)
Iteration 9077:  12112.271000 1902.000000 65389.709654 (0,3)
Iteration 9232:  12024.878000 1891.000000 64759.976662 (0,3)
Iteration 9234:  11955.830000 1890.000000 64709.765647 (0,3)
Iteration 9237:  11396.936000 1891.000000 64919.452976 (0,3)
Iteration 9256:  11393.705000 1891.000000 64376.045149 (0,3)
Iteration 9265:  11341.001000 1891.000000 64541.210061 (1,3)
Iteration 9271:  11039.401000 1891.000000 64438.466467 (0,3)
Iteration 9285:  10812.638000 1890.000000 65048.634175 (0,3)
Iteration 9304:  10376.636000 1888.000000 65285.379419 (0,3)
Iteration 9306:  10066.106000 1888.000000 65430.329659 (0,3)
Iteration 9312:  9980.025000 1888.000000 65448.389689 (0,3)
Iteration 9313:  9935.342000 1886.000000 65633.988308 (0,0)
Iteration 9321:  9927.577000 1886.000000 65454.259962 (0,3)
Iteration 9400:  9897.505000 1887.000000 65477.658466 (0,3)
Iteration 9405:  9816.153000 1887.000000 65491.297504 (0,3)
Iteration 9406:  9770.718000 1887.000000 65346.067219 (0,3)
Iteration 9428:  9749.557000 1886.000000 67005.818908 (0,3)
Iteration 9430:  9612.557000 1886.000000 66967.832192 (1,3)
Iteration 9434:  9556.920000 1886.000000 66988.719488 (0,3)
Iteration 9436:  9237.520000 1885.000000 66860.998039 (0,3)
Iteration 9450:  9187.904000 1886.000000 66830.736377 (0,3)
Iteration 9518:  9144.425000 1884.000000 67264.849642 (0,3)
Iteration 9523:  8794.246000 1882.000000 67234.726527 (0,3)
Iteration 10366:  8650.203000 1891.000000 67966.030341 (0,3)
Iteration 10475:  8626.910000 1887.000000 68516.111181 (0,3)
Iteration 10476:  8575.910000 1887.000000 68783.712604 (0,3)
Iteration 10480:  8505.487000 1887.000000 68870.515920 (0,3)
Iteration 10485:  8502.652000 1887.000000 68857.563944 (0,3)
Iteration 10490:  8481.380000 1886.000000 68773.996776 (0,3)
Iteration 10491:  8369.109000 1885.000000 68715.872613 (0,3)
Iteration 10493:  8298.039000 1884.000000 68718.020438 (0,3)
Iteration 10506:  7974.924000 1884.000000 68579.084044 (0,3)
Iteration 10508:  7877.123000 1884.000000 68638.104391 (2,3)
Iteration 10509:  7640.262000 1883.000000 68704.180882 (0,3)
Iteration 10575:  7614.492000 1881.000000 69921.226267 (0,3)
Iteration 10591:  7593.387000 1882.000000 69930.370178 (0,0)
Iteration 10600:  7438.694000 1882.000000 69948.024338 (0,3)
Iteration 10610:  7375.447000 1882.000000 69906.644882 (0,3)
Iteration 10626:  7089.931000 1881.000000 70095.546151 (0,3)
Iteration 10629:  6998.166000 1879.000000 70081.591033 (0,3)
Iteration 10631:  6984.166000 1879.000000 70039.831970 (0,3)
Iteration 10639:  6924.073000 1880.000000 69990.699119 (0,3)
Iteration 10659:  6794.555000 1881.000000 70087.181880 (0,3)
Iteration 10661:  6791.920000 1881.000000 70027.359869 (2,3)
Iteration 10681:  6755.791000 1881.000000 69980.400899 (0,3)
Iteration 10690:  6695.507000 1881.000000 69935.197402 (0,3)
Iteration 10696:  6606.989000 1882.000000 70056.134897 (0,3)
Iteration 10704:  6579.989000 1883.000000 70111.203949 (0,3)
Iteration 10798:  6483.190000 1880.000000 70008.007312 (0,3)
Iteration 10818:  6458.672000 1880.000000 70038.472538 (0,3)
Iteration 10819:  6387.024000 1880.000000 70120.234200 (0,3)
Iteration 10841:  6290.555000 1878.000000 70144.635630 (0,3)
Iteration 10842:  6184.839000 1878.000000 70196.888418 (2,3)
Iteration 10856:  6070.635000 1877.000000 70047.359793 (0,3)
Iteration 10864:  6033.023000 1877.000000 69965.569968 (2,3)
Iteration 10887:  6024.786000 1876.000000 70207.802946 (0,3)
Iteration 10893:  5974.337000 1875.000000 70203.467662 (0,3)
Iteration 10894:  5965.621000 1875.000000 70172.715353 (2,3)
Iteration 10900:  5913.119000 1875.000000 70142.652438 (0,3)
Iteration 10902:  5795.403000 1875.000000 70217.098432 (0,3)
Iteration 10904:  5772.451000 1875.000000 70226.311335 (1,3)
Iteration 10918:  5719.417000 1875.000000 70169.664567 (0,3)
Iteration 10956:  5687.417000 1875.000000 70261.243741 (0,3)
Iteration 10963:  5665.886000 1875.000000 70274.507880 (0,3)
Iteration 10970:  5659.837000 1875.000000 70370.137764 (0,3)
Iteration 10972:  5428.874000 1875.000000 70369.221886 (0,3)
Iteration 10974:  5377.744000 1875.000000 70391.154910 (0,3)
Iteration 10985:  5335.616000 1874.000000 70435.182031 (0,3)
Iteration 11031:  5311.149000 1874.000000 70868.751975 (2,3)
Iteration 11038:  5310.984000 1874.000000 70926.623852 (0,3)
Iteration 11044:  5304.219000 1874.000000 71036.323570 (0,3)
Iteration 11048:  5237.666000 1874.000000 71020.781953 (0,3)
Iteration 11055:  5174.901000 1873.000000 71200.050359 (0,3)
Iteration 11058:  5157.030000 1873.000000 71281.401639 (0,3)
Iteration 11064:  5153.030000 1873.000000 71262.458493 (0,3)
Iteration 11302:  5148.464000 1880.000000 71146.209841 (0,3)
Iteration 11308:  5135.476000 1880.000000 71117.919901 (0,3)
Iteration 11312:  5114.711000 1880.000000 71131.826921 (0,3)
Iteration 11315:  5107.028000 1880.000000 71099.055267 (0,3)
Iteration 11325:  5104.028000 1880.000000 71072.761715 (0,3)
Iteration 11330:  5025.216000 1880.000000 70988.793378 (0,3)
Iteration 11417:  4733.366000 1873.000000 71484.990583 (2,3)
Iteration 11418:  4729.168000 1873.000000 71537.261988 (0,3)
Iteration 11421:  4709.438000 1874.000000 71421.446189 (0,3)
Iteration 11458:  4674.851000 1874.000000 70928.839026 (0,3)
Iteration 11507:  4652.816000 1870.000000 70943.957174 (0,3)
Iteration 11514:  4647.379000 1870.000000 70912.860568 (0,3)
Iteration 11517:  4645.577000 1870.000000 70736.445863 (0,3)
Iteration 11574:  4550.144000 1868.000000 70746.576800 (0,3)
Iteration 11575:  4536.144000 1868.000000 70733.927072 (0,3)
Iteration 11578:  4508.144000 1869.000000 70741.567444 (0,3)
Iteration 11581:  4508.144000 1869.000000 70690.652229 (0,3)
Iteration 11582:  4452.746000 1870.000000 70907.596980 (0,3)
Iteration 11585:  4407.616000 1871.000000 71012.109180 (0,3)
Iteration 11608:  4376.358000 1869.000000 71059.752688 (0,3)
Iteration 11684:  4309.488000 1866.000000 71243.577525 (0,3)
Iteration 11794:  4293.780000 1866.000000 71382.056182 (2,3)
Iteration 11802:  4293.780000 1866.000000 71372.517306 (0,3)
Iteration 11860:  4280.107000 1866.000000 71792.547159 (0,3)
Iteration 11871:  4254.177000 1866.000000 71894.715392 (0,3)
Iteration 11874:  4225.213000 1867.000000 71975.460414 (0,3)
Iteration 11875:  4217.249000 1867.000000 72139.602619 (0,3)
Iteration 11917:  4195.581000 1868.000000 71892.887613 (0,3)
Iteration 11919:  4195.428000 1868.000000 71934.646675 (0,3)
Iteration 11933:  4194.310000 1866.000000 71714.880195 (0,3)
Iteration 11946:  3800.629000 1865.000000 71494.264244 (0,3)
Iteration 11954:  3776.746000 1865.000000 71478.215172 (0,3)
Iteration 11955:  3775.981000 1865.000000 71449.392844 (0,3)
Iteration 12037:  3713.182000 1861.000000 71579.367993 (0,3)
Iteration 12042:  3713.182000 1861.000000 71504.087394 (0,3)
Iteration 12043:  3712.817000 1861.000000 71541.579150 (0,3)
Iteration 12207:  3551.390000 1861.000000 71250.624939 (0,3)
Iteration 12214:  3493.427000 1864.000000 71502.848411 (0,3)
Iteration 12215:  3480.062000 1863.000000 71656.055941 (0,3)
Iteration 12219:  3480.062000 1862.000000 71721.565761 (0,3)
Iteration 12524:  3466.321000 1852.000000 71959.208989 (0,0)
Iteration 12541:  3447.089000 1852.000000 71911.555362 (0,3)
Iteration 12579:  3445.651000 1852.000000 71584.722542 (0,3)
Iteration 12586:  3429.521000 1853.000000 71502.026946 (0,3)
Iteration 12600:  3423.003000 1853.000000 71527.982586 (0,3)
Iteration 12702:  3416.714000 1854.000000 71515.901172 (0,3)
Iteration 12717:  3408.196000 1854.000000 71466.900213 (0,3)
Iteration 12728:  3377.831000 1855.000000 71401.395070 (0,3)
Iteration 12737:  3364.961000 1854.000000 71403.664711 (0,3)
Iteration 12739:  3356.326000 1855.000000 71347.870546 (0,3)
Iteration 13216:  3296.966000 1849.000000 69904.709155 (0,3)
Iteration 13229:  3272.612000 1848.000000 70147.811152 (0,3)
Iteration 13230:  3272.612000 1848.000000 70117.256526 (0,3)
Iteration 13235:  3262.247000 1847.000000 70167.675783 (0,3)
Iteration 13237:  3204.049000 1847.000000 70170.071910 (0,3)
Iteration 13242:  3164.284000 1846.000000 70134.096653 (0,3)
Iteration 13255:  3143.814000 1846.000000 70221.274942 (0,3)
Iteration 13260:  3103.014000 1845.000000 70171.959945 (0,3)
Iteration 13277:  3099.014000 1845.000000 70153.522384 (0,3)
Iteration 13287:  3086.181000 1845.000000 70364.481861 (0,3)
Iteration 13298:  3042.181000 1845.000000 70422.779005 (0,3)
Iteration 13306:  3009.416000 1845.000000 70516.206403 (0,3)
Iteration 13325:  2984.286000 1845.000000 70707.111712 (0,3)
Iteration 13406:  2815.797000 1844.000000 70348.562092 (0,3)
Iteration 13408:  2804.846000 1844.000000 70402.056515 (0,3)
Iteration 13409:  2797.729000 1844.000000 70386.010042 (0,3)
Iteration 13411:  2797.049000 1844.000000 70353.759138 (0,3)
Iteration 13474:  2754.620000 1840.000000 72461.814191 (0,3)
Iteration 13477:  2750.575000 1842.000000 72393.308547 (0,3)
Iteration 13478:  2687.940000 1842.000000 72379.362649 (0,3)
Iteration 13530:  2665.021000 1840.000000 72497.614930 (0,3)
Iteration 13535:  2644.503000 1840.000000 72477.606491 (0,3)
Iteration 13580:  2637.573000 1838.000000 72264.371445 (0,3)
Iteration 13865:  2623.174000 1839.000000 72171.874124 (0,3)
Iteration 13880:  2485.927000 1840.000000 72244.887980 (0,3)
Iteration 13887:  2426.964000 1838.000000 72094.027088 (0,3)
Iteration 13890:  2228.951000 1838.000000 72088.926198 (0,3)
Iteration 13897:  2175.753000 1838.000000 72087.386792 (2,3)
Iteration 13928:  2158.230000 1837.000000 71945.372447 (0,3)
Iteration 13983:  2129.634000 1833.000000 71886.215762 (0,3)
Iteration 13986:  2129.153000 1833.000000 71803.799549 (0,3)
Iteration 13989:  2120.153000 1834.000000 71811.428573 (0,3)
Iteration 14001:  1989.635000 1834.000000 71687.297487 (0,3)
Iteration 14003:  1968.802000 1834.000000 71878.705400 (0,3)
Iteration 14010:  1822.272000 1833.000000 72011.716873 (0,3)
Iteration 14056:  1705.037000 1828.000000 72366.741840 (0,3)
Iteration 14067:  1705.037000 1828.000000 72355.579546 (0,3)
Iteration 14079:  1640.330000 1828.000000 72288.536834 (0,3)
Iteration 14089:  1608.200000 1828.000000 72247.084403 (0,3)
Iteration 14095:  1603.047000 1828.000000 72297.150337 (1,3)
Iteration 14102:  1595.282000 1828.000000 72252.763231 (0,3)
Iteration 14106:  1585.282000 1827.000000 72271.568523 (0,3)
Iteration 14119:  1528.070000 1826.000000 72544.116693 (0,3)
Iteration 14124:  1477.070000 1827.000000 72547.349753 (0,3)
Iteration 14131:  1437.872000 1827.000000 72593.261829 (0,3)
Iteration 14136:  1387.156000 1828.000000 72414.989381 (0,3)
Iteration 14179:  1385.826000 1830.000000 72450.931345 (0,3)
Iteration 14197:  1384.461000 1830.000000 72357.122659 (0,3)
Iteration 14212:  1375.461000 1830.000000 72455.817313 (0,3)
Iteration 14214:  1362.226000 1830.000000 72451.111185 (0,3)
Iteration 14219:  1362.226000 1830.000000 72384.684325 (0,3)
Iteration 14221:  1360.591000 1830.000000 72398.389607 (0,3)
Iteration 14265:  1319.987000 1829.000000 72433.498627 (1,3)
Iteration 14316:  1314.352000 1829.000000 72425.232635 (0,3)
Iteration 14343:  1258.469000 1829.000000 72488.570128 (0,3)
Iteration 14345:  1254.316000 1829.000000 72302.417379 (0,3)
Iteration 14627:  1230.468000 1827.000000 72058.837303 (0,3)
Iteration 14644:  1200.950000 1827.000000 72077.109353 (0,3)
Iteration 14647:  1185.315000 1826.000000 72051.735188 (0,3)
Iteration 14664:  1074.999000 1826.000000 72050.142286 (0,3)
Iteration 14726:  1073.962000 1826.000000 71913.638426 (0,3)
Iteration 14729:  1073.962000 1826.000000 71913.502756 (0,3)
Iteration 14812:  1040.352000 1826.000000 71870.248930 (0,3)
Iteration 14816:  1024.352000 1826.000000 71753.127783 (0,3)
Iteration 14872:  987.303000 1828.000000 71447.547093 (0,3)
Iteration 15340:  910.724000 1826.000000 70856.188743 (0,3)
Iteration 15380:  833.549000 1825.000000 70908.119544 (0,3)
Iteration 15506:  818.118000 1825.000000 70747.069510 (0,3)
Iteration 15719:  581.479000 1824.000000 70292.219799 (0,3)
Iteration 15730:  569.279000 1824.000000 70300.848656 (0,3)
Iteration 15744:  569.198000 1823.000000 70503.505843 (0,3)
Iteration 15919:  554.761000 1822.000000 70388.408912 (0,3)
Iteration 15924:  542.761000 1822.000000 70709.723434 (0,3)
Iteration 15972:  516.316000 1821.000000 70953.521141 (0,3)
Iteration 16017:  502.798000 1821.000000 70987.903691 (0,3)
Iteration 16025:  489.798000 1821.000000 70990.605880 (0,3)
Iteration 16035:  487.798000 1821.000000 70909.443433 (0,3)
Iteration 16056:  487.798000 1820.000000 70876.435754 (0,3)
Iteration 16124:  467.936000 1820.000000 70675.565229 (0,3)
Iteration 16253:  465.220000 1819.000000 70739.302852 (0,3)
Iteration 16299:  464.220000 1818.000000 70663.634924 (0,3)
Iteration 16399:  463.016000 1819.000000 70349.399808 (0,3)
Iteration 16404:  454.251000 1819.000000 70235.698240 (0,3)
Iteration 16463:  448.616000 1819.000000 70199.168728 (0,3)
Iteration 16697:  443.276000 1816.000000 69821.349175 (0,3)
Iteration 16797:  429.053000 1816.000000 70001.247248 (0,3)
Iteration 16798:  428.688000 1816.000000 69935.991070 (0,3)
Iteration 16803:  426.688000 1816.000000 69983.776241 (0,3)
Iteration 16814:  405.490000 1815.000000 70010.653333 (0,3)
Iteration 16867:  404.053000 1815.000000 70161.464383 (0,3)
Iteration 16958:  401.459000 1814.000000 70127.841741 (0,3)
Iteration 17027:  393.459000 1812.000000 70056.274410 (0,3)
Iteration 17046:  392.824000 1812.000000 70057.447443 (0,3)
Iteration 17075:  392.824000 1812.000000 70020.456371 (0,3)
Iteration 17102:  391.459000 1811.000000 70097.897803 (0,3)
Iteration 17122:  390.824000 1811.000000 70020.026015 (0,3)
Iteration 17127:  381.459000 1811.000000 70020.015518 (0,3)
Iteration 17225:  352.305000 1811.000000 69883.030131 (0,3)
Iteration 17279:  347.220000 1810.000000 69680.311276 (0,3)
Iteration 17403:  346.220000 1810.000000 69674.935014 (0,3)
Iteration 17409:  346.220000 1810.000000 69673.615632 (0,3)
Iteration 17495:  333.418000 1809.000000 69632.969810 (0,3)
Iteration 17512:  333.418000 1809.000000 69546.157642 (0,3)
Iteration 17605:  328.616000 1807.000000 69591.902225 (0,3)
Iteration 17607:  328.616000 1807.000000 69516.817330 (0,3)
Iteration 17684:  328.616000 1807.000000 69419.037866 (0,3)
Iteration 17902:  328.616000 1805.000000 69392.081797 (0,3)
Iteration 18184:  326.886000 1805.000000 69304.309618 (0,3)
Iteration 18500:  324.651000 1805.000000 69333.850477 (0,3)
total iterations: 79497, time elapsed: 3600.00s
Destroy operator: destroy_random_leafs, Weight: 0.2843, Score: 11630.55, Count: 40781
Destroy operator: destroy_path, Weight: 0.0983, Score: 1436.30, Count: 14596
Destroy operator: destroy_worst_affinity, Weight: 0.0864, Score: 1179.80, Count: 13626
Destroy operator: destroy_district_group, Weight: 0.0641, Score: 673.05, Count: 10493
Repair operator: repair_greedy_feasible, Weight: 0.0749, Score: 938.20, Count: 12535
Repair operator: repair_affinity_compact, Weight: 0.0618, Score: 687.60, Count: 11107
Repair operator: repair_nearest_center, Weight: 0.0673, Score: 798.65, Count: 11857
Repair operator: repair_2regret, Weight: 0.2832, Score: 12495.25, Count: 43997
