Initial solution objectives: Balance violation = 26565.0300, Affinity loss = 1792, Compactness = 108189.1148
Iteration 501:  20008.470000 1757.000000 107074.542272 (0,3)
Iteration 1002:  19638.070000 1880.000000 96522.907833 (0,0)
Iteration 1004:  19468.960000 1879.000000 96525.483977 (0,0)
Iteration 1505:  5568.560000 1773.000000 107126.358838 (0,0)
Iteration 8535:  5514.085000 1790.000000 103415.161893 (0,3)
Iteration 8537:  5040.925000 1789.000000 103525.344326 (0,3)
Iteration 8551:  4823.225000 1785.000000 104777.357240 (3,3)
Iteration 8555:  3801.530000 1779.000000 104615.795901 (0,3)
Iteration 8556:  3703.700000 1780.000000 104618.514077 (1,3)
Iteration 8565:  2938.645000 1781.000000 104564.941553 (0,3)
Iteration 8567:  2697.995000 1782.000000 104743.804859 (0,3)
Iteration 8573:  2611.325000 1776.000000 104732.469112 (0,3)
Iteration 8576:  2467.265000 1774.000000 104731.037455 (0,3)
Iteration 8605:  2441.870000 1760.000000 104549.842575 (0,3)
Iteration 8607:  2348.870000 1760.000000 104462.164333 (0,2)
Iteration 8608:  2348.870000 1760.000000 104462.164333 (1,2)
Iteration 8610:  2348.870000 1760.000000 104235.922230 (1,2)
Iteration 8616:  2169.680000 1760.000000 104796.423680 (0,3)
Iteration 8626:  1977.795000 1761.000000 104317.856361 (0,2)
Iteration 8633:  1830.860000 1757.000000 104331.445450 (0,3)
Iteration 8666:  1715.385000 1756.000000 103667.966218 (0,3)
Iteration 8669:  1502.965000 1758.000000 104092.776770 (0,2)
Iteration 8673:  1502.965000 1756.000000 104030.732385 (2,3)
Iteration 8712:  1320.810000 1750.000000 103637.512362 (0,3)
Iteration 14064:  1220.440000 1803.000000 101737.180862 (1,2)
Iteration 14068:  1219.440000 1803.000000 101662.037465 (0,1)
Iteration 14080:  1060.690000 1803.000000 101938.737551 (0,3)
Iteration 14081:  1057.420000 1808.000000 101648.072191 (1,2)
Iteration 14085:  995.420000 1806.000000 101659.504783 (2,3)
Iteration 14102:  995.420000 1805.000000 101708.201892 (1,1)
Iteration 14131:  952.870000 1803.000000 100405.225304 (1,2)
Iteration 14173:  830.090000 1801.000000 100332.233279 (0,3)
Iteration 14187:  829.420000 1801.000000 100446.245474 (1,3)
Iteration 14194:  643.355000 1802.000000 100562.780132 (1,2)
Iteration 14195:  456.485000 1803.000000 101599.377933 (0,0)
Iteration 14222:  456.485000 1799.000000 102019.119851 (1,1)
Iteration 14226:  456.485000 1799.000000 101996.540785 (0,3)
Iteration 14229:  456.485000 1793.000000 101867.573603 (0,3)
Iteration 14238:  366.375000 1792.000000 100850.662025 (0,3)
Iteration 14241:  366.375000 1792.000000 100842.330505 (1,3)
Iteration 14255:  359.705000 1793.000000 100794.743539 (0,3)
Iteration 14260:  359.705000 1793.000000 100791.877620 (1,0)
Iteration 14261:  359.705000 1793.000000 100627.194863 (1,3)
Iteration 14300:  353.120000 1788.000000 100254.862032 (1,2)
Iteration 14322:  344.375000 1787.000000 100199.540207 (0,3)
Iteration 14341:  344.375000 1786.000000 100352.904155 (2,3)
Iteration 14345:  236.200000 1785.000000 99903.033149 (2,3)
Iteration 14399:  204.195000 1777.000000 99476.005467 (0,3)
Iteration 14425:  195.925000 1778.000000 99534.851710 (1,3)
Iteration 14428:  195.925000 1776.000000 99487.332640 (0,3)
Iteration 14778:  190.925000 1779.000000 101128.001174 (0,3)
Iteration 14836:  189.595000 1775.000000 100386.204340 (2,3)
Iteration 14847:  189.595000 1774.000000 100441.211050 (1,1)
Iteration 14883:  189.595000 1774.000000 100402.513223 (0,3)
Iteration 15010:  185.925000 1768.000000 100247.483343 (3,3)
Iteration 15089:  166.245000 1768.000000 99118.269516 (0,3)
Iteration 15131:  155.310000 1773.000000 99867.957504 (1,0)
Iteration 15152:  155.310000 1773.000000 99860.051470 (1,2)
Iteration 15219:  150.310000 1773.000000 99972.053993 (0,3)
Iteration 15252:  150.310000 1771.000000 99499.607716 (0,3)
Iteration 15258:  136.260000 1767.000000 99224.645255 (0,3)
Iteration 15286:  136.260000 1766.000000 99249.430683 (0,3)
Iteration 15309:  132.990000 1766.000000 99161.372932 (0,3)
Iteration 15333:  130.770000 1765.000000 99109.077495 (1,3)
Iteration 15417:  62.990000 1765.000000 98879.167521 (0,3)
Iteration 15429:  49.720000 1767.000000 98804.756394 (1,2)
Iteration 15470:  37.720000 1767.000000 98303.039496 (1,3)
Iteration 15518:  25.720000 1767.000000 97586.845094 (0,3)
Iteration 15525:  25.720000 1765.000000 97271.891016 (0,3)
Iteration 15620:  23.450000 1767.000000 97318.238898 (1,1)
Iteration 15647:  23.450000 1766.000000 97325.268697 (0,3)
Iteration 15698:  23.450000 1766.000000 97300.662900 (1,3)
Iteration 42072:  18.270000 1560.000000 105353.007525 (0,3)
Iteration 42078:  18.270000 1559.000000 105210.396154 (0,3)
Iteration 42097:  18.270000 1557.000000 105312.905218 (1,1)
Iteration 42133:  0.000000 1554.000000 102979.862034 (0,3)
Iteration 42144:  0.000000 1551.000000 102906.489207 (0,3)
Iteration 42151:  0.000000 1551.000000 102875.936029 (0,3)
Iteration 42167:  0.000000 1551.000000 102807.744707 (0,3)
Iteration 42188:  0.000000 1551.000000 102625.827897 (0,3)
Iteration 42211:  0.000000 1545.000000 102866.009422 (0,3)
Iteration 42227:  0.000000 1543.000000 102902.311104 (0,3)
Iteration 42250:  0.000000 1543.000000 102770.188121 (1,1)
Iteration 42258:  0.000000 1543.000000 102744.985399 (1,3)
Iteration 42259:  0.000000 1543.000000 102741.764340 (0,3)
Iteration 42260:  0.000000 1543.000000 102652.415977 (0,3)
Iteration 42279:  0.000000 1543.000000 102608.933548 (0,3)
Iteration 42325:  0.000000 1541.000000 102563.359428 (0,3)
Iteration 42362:  0.000000 1539.000000 102466.311842 (0,3)
Iteration 42396:  0.000000 1536.000000 102512.712957 (0,3)
Iteration 42452:  0.000000 1535.000000 102679.353058 (0,3)
Iteration 42458:  0.000000 1534.000000 102684.794833 (1,3)
Iteration 42473:  0.000000 1534.000000 102659.465007 (0,3)
Iteration 42519:  0.000000 1533.000000 102455.354493 (0,3)
Iteration 42542:  0.000000 1528.000000 102513.250295 (0,3)
Iteration 42547:  0.000000 1526.000000 102648.113183 (0,3)
Iteration 42560:  0.000000 1525.000000 102791.902646 (0,3)
Iteration 42628:  0.000000 1524.000000 102687.671269 (0,3)
Iteration 42629:  0.000000 1524.000000 102627.398873 (0,3)
Iteration 42630:  0.000000 1522.000000 102529.683079 (0,3)
Iteration 42653:  0.000000 1522.000000 102177.703332 (1,0)
Iteration 42678:  0.000000 1521.000000 102244.452048 (0,3)
Iteration 42693:  0.000000 1520.000000 102244.819106 (0,3)
Iteration 42757:  0.000000 1520.000000 102069.742437 (0,3)
Iteration 42781:  0.000000 1520.000000 102035.081475 (1,3)
Iteration 42803:  0.000000 1517.000000 101864.658965 (0,3)
Iteration 42825:  0.000000 1517.000000 101817.994806 (0,3)
Iteration 42833:  0.000000 1514.000000 101534.435753 (0,3)
Iteration 42846:  0.000000 1512.000000 101503.920380 (0,3)
Iteration 42851:  0.000000 1512.000000 101498.831043 (1,3)
Iteration 42856:  0.000000 1512.000000 101449.108654 (0,3)
Iteration 42863:  0.000000 1512.000000 101417.069901 (1,2)
Iteration 42878:  0.000000 1512.000000 101299.739174 (0,3)
Iteration 42879:  0.000000 1511.000000 101405.838862 (0,3)
Iteration 42895:  0.000000 1510.000000 101506.133387 (0,3)
Iteration 42905:  0.000000 1510.000000 101449.664779 (0,3)
Iteration 42917:  0.000000 1507.000000 101437.875712 (0,3)
Iteration 42954:  0.000000 1505.000000 101369.970412 (0,3)
Iteration 42979:  0.000000 1505.000000 101223.405109 (0,3)
Iteration 42988:  0.000000 1505.000000 101094.399438 (0,3)
Iteration 42994:  0.000000 1503.000000 101057.070695 (0,3)
Iteration 43017:  0.000000 1502.000000 101043.071262 (0,3)
Iteration 43059:  0.000000 1501.000000 101027.806079 (0,3)
Iteration 43089:  0.000000 1500.000000 100847.264803 (0,3)
Iteration 43141:  0.000000 1500.000000 100558.243641 (0,3)
Iteration 43183:  0.000000 1498.000000 100560.476895 (0,3)
Iteration 43184:  0.000000 1496.000000 101024.626592 (1,1)
Iteration 43208:  0.000000 1494.000000 101053.401042 (1,0)
Iteration 43217:  0.000000 1494.000000 101033.652996 (1,3)
Iteration 43234:  0.000000 1492.000000 101012.869984 (0,3)
Iteration 43246:  0.000000 1491.000000 101137.528882 (0,3)
Iteration 43379:  0.000000 1490.000000 101106.863702 (0,3)
Iteration 43407:  0.000000 1489.000000 100998.970825 (0,3)
Iteration 43473:  0.000000 1488.000000 100980.842896 (0,3)
Iteration 43476:  0.000000 1487.000000 101194.040866 (1,3)
Iteration 43524:  0.000000 1485.000000 101265.255524 (0,3)
Iteration 43545:  0.000000 1484.000000 101225.791905 (0,3)
Iteration 43594:  0.000000 1483.000000 101240.485936 (1,3)
Iteration 43639:  0.000000 1483.000000 101239.770671 (1,3)
Iteration 43647:  0.000000 1480.000000 101389.913212 (0,3)
Iteration 43654:  0.000000 1480.000000 101388.278340 (1,0)
Iteration 43660:  0.000000 1480.000000 101349.020714 (1,2)
Iteration 43738:  0.000000 1478.000000 101425.198055 (0,3)
Iteration 43745:  0.000000 1476.000000 101550.664892 (0,3)
Iteration 43768:  0.000000 1475.000000 101679.803068 (1,3)
Iteration 43809:  0.000000 1475.000000 101520.076590 (1,3)
Iteration 43812:  0.000000 1474.000000 101553.749693 (1,3)
Iteration 43819:  0.000000 1472.000000 101768.072159 (0,3)
Iteration 43828:  0.000000 1469.000000 101624.479210 (0,3)
Iteration 43850:  0.000000 1468.000000 101710.174083 (1,3)
Iteration 43868:  0.000000 1468.000000 101451.485033 (0,3)
Iteration 43886:  0.000000 1468.000000 101432.856043 (1,1)
Iteration 43887:  0.000000 1466.000000 101216.814882 (0,3)
Iteration 43895:  0.000000 1466.000000 101214.299435 (1,2)
total iterations: 86653, time elapsed: 3600.01s
Destroy operator: destroy_random_leafs, Weight: 0.1809, Score: 6228.55, Count: 34464
Destroy operator: destroy_path, Weight: 0.1181, Score: 2719.05, Count: 23041
Destroy operator: destroy_worst_affinity, Weight: 0.0791, Score: 1277.25, Count: 16158
Destroy operator: destroy_district_group, Weight: 0.0598, Score: 776.20, Count: 12989
Repair operator: repair_greedy_feasible, Weight: 0.0794, Score: 1297.40, Count: 16355
Repair operator: repair_affinity_compact, Weight: 0.0789, Score: 1288.10, Count: 16321
Repair operator: repair_nearest_center, Weight: 0.0883, Score: 1567.65, Count: 17765
Repair operator: repair_2regret, Weight: 0.1892, Score: 6847.90, Count: 36211
