Initial solution objectives: Balance violation = 31218.0100, Affinity loss = 1888, Compactness = 57116.8162
Iteration 501:  26739.323000 1962.000000 57304.064322 (2,3)
Iteration 4518:  24518.515000 1934.000000 57534.269054 (3,3)
Iteration 4529:  24433.548000 1934.000000 57274.519037 (2,3)
Iteration 4530:  23937.732000 1934.000000 57262.583539 (1,2)
Iteration 4532:  23246.065000 1934.000000 57332.319898 (3,3)
Iteration 4582:  22538.149000 1926.000000 57853.325160 (3,3)
Iteration 4588:  22410.657000 1924.000000 57643.112025 (0,2)
Iteration 6134:  22409.073000 1918.000000 59880.473366 (2,3)
Iteration 6135:  21660.073000 1918.000000 59661.195961 (0,3)
Iteration 6855:  21344.228000 1881.000000 61714.940930 (0,3)
Iteration 6857:  20436.346000 1883.000000 61614.036924 (0,2)
Iteration 6858:  20083.969000 1882.000000 61438.311400 (0,3)
Iteration 6863:  20065.261000 1881.000000 61359.945571 (0,3)
Iteration 6870:  19706.362000 1880.000000 61265.949715 (0,3)
Iteration 6879:  19251.126000 1880.000000 61187.559729 (0,3)
Iteration 6884:  19093.215000 1880.000000 61285.056536 (1,0)
Iteration 6885:  18507.206000 1881.000000 61192.656856 (0,3)
Iteration 8090:  17942.172000 1891.000000 61979.299187 (0,3)
Iteration 8094:  16706.795000 1891.000000 62216.185005 (0,3)
Iteration 8115:  16654.398000 1890.000000 62065.732217 (0,1)
Iteration 8122:  16540.654000 1890.000000 62210.716427 (0,3)
Iteration 8127:  15933.815000 1891.000000 62368.518242 (0,3)
Iteration 8146:  15052.705000 1893.000000 63095.724785 (0,3)
Iteration 8148:  14641.120000 1893.000000 63403.069353 (0,3)
Iteration 8159:  14457.238000 1893.000000 63436.486350 (1,3)
Iteration 8213:  14429.612000 1897.000000 63175.013263 (0,3)
Iteration 8214:  14136.719000 1895.000000 63104.094622 (0,3)
Iteration 8221:  14098.719000 1895.000000 63108.401498 (1,3)
Iteration 8228:  13991.351000 1895.000000 63199.137051 (0,3)
Iteration 8232:  13675.674000 1895.000000 63238.183677 (0,3)
Iteration 8233:  13370.804000 1895.000000 63410.391090 (0,3)
Iteration 8242:  13321.230000 1892.000000 63781.075060 (0,3)
Iteration 8244:  13287.724000 1892.000000 63771.513992 (2,3)
Iteration 8265:  13053.813000 1894.000000 63780.845988 (0,3)
Iteration 8274:  12830.938000 1894.000000 64080.052684 (0,3)
Iteration 8292:  12628.334000 1898.000000 63986.957639 (0,3)
Iteration 8293:  11965.515000 1897.000000 64024.698952 (0,3)
Iteration 8304:  11527.159000 1895.000000 63933.004006 (0,3)
Iteration 8306:  11498.514000 1893.000000 64194.242181 (0,0)
Iteration 8318:  10447.785000 1892.000000 65804.001590 (0,3)
Iteration 8346:  10020.097000 1892.000000 65798.969153 (0,3)
Iteration 8348:  9914.923000 1892.000000 65831.630317 (0,3)
Iteration 8350:  9168.895000 1894.000000 65830.557058 (0,3)
Iteration 8351:  9159.853000 1892.000000 65718.726109 (0,3)
Iteration 8433:  9081.221000 1882.000000 65258.185050 (0,3)
Iteration 8440:  8899.217000 1881.000000 65517.667409 (0,3)
Iteration 8442:  8876.401000 1882.000000 65485.745123 (0,3)
Iteration 8482:  8602.293000 1880.000000 65205.227826 (0,3)
Iteration 8485:  8450.115000 1880.000000 65240.075846 (0,3)
Iteration 8491:  8172.181000 1880.000000 65249.262484 (0,3)
Iteration 8496:  7704.857000 1878.000000 65408.620120 (0,3)
Iteration 8497:  7337.547000 1878.000000 65531.842090 (0,3)
Iteration 8510:  7060.225000 1878.000000 65766.611347 (0,3)
Iteration 8515:  6652.629000 1879.000000 65803.667447 (0,3)
Iteration 8530:  6592.501000 1877.000000 65811.305970 (0,3)
Iteration 8532:  6510.007000 1876.000000 65783.465224 (2,3)
Iteration 8752:  6463.230000 1875.000000 65701.335991 (0,3)
Iteration 8753:  6374.218000 1876.000000 65783.404945 (0,3)
Iteration 8758:  6316.313000 1876.000000 65760.012463 (1,2)
Iteration 8765:  6302.648000 1876.000000 65559.196538 (0,3)
Iteration 8766:  6287.648000 1876.000000 65548.426450 (0,3)
Iteration 8770:  6281.753000 1876.000000 65633.584250 (2,3)
Iteration 8775:  6222.269000 1876.000000 65870.099765 (0,3)
Iteration 16255:  6213.152000 1928.000000 61287.500525 (0,3)
Iteration 16256:  6188.431000 1928.000000 61265.349864 (0,3)
Iteration 16257:  6178.754000 1928.000000 61239.151455 (1,0)
Iteration 16258:  6142.064000 1928.000000 61323.784637 (0,3)
Iteration 16267:  6127.143000 1928.000000 61344.613641 (0,3)
Iteration 16280:  6126.054000 1928.000000 61346.548089 (0,3)
Iteration 16284:  6125.376000 1928.000000 61361.495731 (0,3)
Iteration 16301:  6093.698000 1928.000000 61241.054828 (0,3)
Iteration 16327:  6090.882000 1928.000000 61327.077838 (0,3)
Iteration 16330:  6084.987000 1928.000000 61460.381487 (0,3)
Iteration 16348:  6072.987000 1928.000000 61490.097782 (0,3)
Iteration 16381:  6072.987000 1928.000000 61580.710325 (1,2)
Iteration 16399:  6070.171000 1928.000000 61530.560749 (0,3)
Iteration 16449:  6025.689000 1927.000000 61474.167714 (0,3)
Iteration 16499:  5989.395000 1928.000000 61469.825058 (0,3)
Iteration 16562:  5864.348000 1927.000000 61709.189733 (0,3)
Iteration 16567:  5860.243000 1927.000000 61789.857805 (0,3)
Iteration 16621:  5814.725000 1928.000000 61840.602294 (0,3)
Iteration 16643:  5814.725000 1928.000000 61825.637188 (0,3)
Iteration 16672:  5810.446000 1928.000000 61829.826629 (0,3)
Iteration 16676:  5810.446000 1928.000000 61794.488548 (0,3)
Iteration 16679:  5810.446000 1928.000000 61759.664669 (0,3)
Iteration 16682:  5785.525000 1928.000000 61947.553078 (0,3)
Iteration 16718:  5713.674000 1928.000000 62050.266393 (0,3)
Iteration 16740:  5713.168000 1928.000000 62080.728156 (0,3)
Iteration 16770:  5658.168000 1928.000000 61972.824680 (0,3)
Iteration 16787:  5609.180000 1927.000000 61880.654352 (0,3)
Iteration 16792:  5590.591000 1927.000000 61925.032464 (1,3)
Iteration 16797:  5442.269000 1927.000000 61979.566947 (0,3)
Iteration 16800:  5410.364000 1927.000000 62029.125462 (0,3)
Iteration 16804:  5366.388000 1927.000000 61981.959700 (0,3)
Iteration 16813:  5321.527000 1927.000000 62111.071055 (0,3)
Iteration 16844:  5318.461000 1927.000000 62115.898895 (0,3)
Iteration 16851:  5247.475000 1927.000000 62002.442379 (0,3)
Iteration 16865:  5247.475000 1927.000000 61994.968753 (0,3)
Iteration 16940:  5177.380000 1927.000000 62082.446794 (0,3)
Iteration 16944:  5177.380000 1927.000000 62086.188287 (1,3)
Iteration 16968:  5156.289000 1927.000000 62119.002265 (0,3)
Iteration 16975:  5131.969000 1927.000000 62131.075694 (0,3)
Iteration 16979:  5131.064000 1926.000000 62135.429590 (0,3)
Iteration 16989:  4874.343000 1926.000000 62177.793932 (0,3)
Iteration 16997:  4836.527000 1926.000000 62294.553505 (0,3)
Iteration 17006:  4795.616000 1926.000000 62396.611370 (0,3)
Iteration 17008:  4780.616000 1926.000000 62495.181806 (2,3)
Iteration 17029:  4772.051000 1926.000000 62527.060461 (0,3)
Iteration 17034:  4772.051000 1926.000000 62446.392389 (2,3)
Iteration 17085:  4765.795000 1926.000000 62373.609416 (0,3)
Iteration 17115:  4761.795000 1926.000000 62506.913066 (0,3)
Iteration 17134:  4761.795000 1926.000000 62493.044016 (0,3)
Iteration 17292:  4737.995000 1925.000000 62338.973057 (0,3)
Iteration 17301:  4734.929000 1925.000000 62346.140574 (0,3)
Iteration 17366:  4723.518000 1925.000000 62260.724398 (0,3)
Iteration 17367:  4716.518000 1925.000000 62250.714485 (0,3)
Iteration 17375:  4716.518000 1925.000000 62183.708449 (0,3)
Iteration 17537:  4710.000000 1925.000000 62218.020824 (0,3)
Iteration 17628:  4609.355000 1925.000000 62194.825080 (0,3)
Iteration 17710:  4609.171000 1925.000000 62211.557793 (0,3)
Iteration 17750:  4606.171000 1925.000000 62178.671845 (0,3)
Iteration 17867:  4606.171000 1925.000000 62163.687006 (0,3)
Iteration 17880:  4606.171000 1925.000000 62156.838698 (0,3)
Iteration 17891:  4606.171000 1925.000000 62153.097205 (0,3)
Iteration 17980:  4605.677000 1925.000000 62168.317410 (0,3)
Iteration 18015:  4227.711000 1925.000000 62285.271846 (0,3)
Iteration 18022:  4227.711000 1925.000000 62208.934332 (0,3)
Iteration 18047:  4211.100000 1925.000000 62093.216225 (0,3)
Iteration 18150:  4208.995000 1925.000000 62194.569726 (1,3)
Iteration 18164:  4205.900000 1925.000000 62269.792097 (0,3)
Iteration 18287:  4199.900000 1924.000000 62303.723625 (0,3)
Iteration 25680:  3918.796000 1872.000000 60784.112376 (0,3)
Iteration 25683:  3889.625000 1871.000000 60793.168267 (0,3)
Iteration 25693:  3863.119000 1871.000000 60703.073740 (0,3)
Iteration 25730:  3841.508000 1871.000000 60785.762082 (0,3)
Iteration 25733:  3823.508000 1871.000000 60815.988868 (0,3)
Iteration 25747:  3813.943000 1870.000000 60741.853325 (0,3)
Iteration 25761:  3743.437000 1870.000000 60804.956441 (0,3)
Iteration 25763:  3740.943000 1870.000000 60790.937750 (0,3)
Iteration 25769:  3690.508000 1870.000000 60810.601246 (0,3)
Iteration 25771:  3463.413000 1870.000000 60717.452832 (2,3)
Iteration 25774:  3354.637000 1868.000000 60601.055947 (0,3)
Iteration 25777:  3304.041000 1868.000000 60503.439606 (0,3)
Iteration 25795:  3258.225000 1868.000000 60537.793573 (0,3)
Iteration 25802:  3193.362000 1868.000000 60517.125150 (0,3)
Iteration 25816:  3164.362000 1868.000000 60493.719421 (1,3)
Iteration 25822:  3154.779000 1868.000000 60483.019311 (0,3)
Iteration 25832:  3119.868000 1868.000000 60481.189118 (0,3)
Iteration 25836:  3073.868000 1867.000000 60426.473393 (0,3)
Iteration 25843:  3062.868000 1867.000000 60494.405319 (0,3)
Iteration 25998:  3058.868000 1867.000000 60468.681329 (0,3)
Iteration 26011:  3055.868000 1866.000000 60420.757447 (0,3)
Iteration 26014:  3038.773000 1867.000000 60360.137043 (0,3)
Iteration 26113:  3002.580000 1867.000000 60156.403036 (0,3)
Iteration 26125:  2992.590000 1867.000000 60152.987508 (0,3)
Iteration 26217:  2716.103000 1867.000000 60307.856231 (0,3)
Iteration 26327:  2710.570000 1867.000000 60363.119595 (0,3)
Iteration 26328:  2644.169000 1867.000000 60380.675136 (0,3)
Iteration 26376:  2631.919000 1867.000000 60320.183181 (0,3)
Iteration 26392:  2611.425000 1867.000000 60233.716810 (0,3)
Iteration 26513:  2525.221000 1869.000000 60338.000709 (0,3)
Iteration 26522:  2294.311000 1869.000000 60365.514355 (0,3)
Iteration 26526:  2288.311000 1869.000000 60316.024402 (0,3)
Iteration 26616:  2270.561000 1868.000000 60365.123689 (0,3)
Iteration 26791:  2270.561000 1868.000000 60341.796519 (0,3)
Iteration 26820:  2263.609000 1868.000000 60331.681147 (0,3)
Iteration 26825:  2263.609000 1868.000000 60310.943926 (0,3)
Iteration 27136:  2234.704000 1868.000000 60279.044408 (0,3)
Iteration 27160:  2227.875000 1869.000000 60298.857647 (0,3)
Iteration 27179:  2185.809000 1867.000000 60313.988418 (0,3)
Iteration 27250:  2073.382000 1869.000000 60483.360462 (0,3)
Iteration 27253:  2054.326000 1869.000000 60458.059204 (0,3)
Iteration 27259:  2011.392000 1869.000000 60515.909996 (0,3)
Iteration 27314:  1990.781000 1869.000000 60607.917880 (0,3)
Iteration 27342:  1986.781000 1869.000000 60725.126285 (0,3)
Iteration 27395:  1984.715000 1869.000000 60698.707054 (0,3)
Iteration 27418:  1965.781000 1871.000000 60735.379604 (1,0)
Iteration 27435:  1958.416000 1875.000000 60993.123201 (0,3)
Iteration 27483:  1948.666000 1875.000000 60987.829740 (0,3)
Iteration 27497:  1936.737000 1876.000000 61001.802075 (0,3)
Iteration 27610:  1912.592000 1875.000000 60902.342356 (0,3)
Iteration 27633:  1909.658000 1875.000000 60872.522240 (0,3)
Iteration 27694:  1864.206000 1875.000000 61052.452979 (1,3)
Iteration 27812:  1862.182000 1875.000000 61053.616013 (1,0)
Iteration 27836:  1828.581000 1875.000000 61035.900173 (0,3)
Iteration 27882:  1777.950000 1874.000000 60998.987386 (0,3)
Iteration 27925:  1757.766000 1874.000000 60891.182934 (0,3)
Iteration 28138:  1755.766000 1874.000000 60937.574019 (0,3)
Iteration 28153:  1754.884000 1874.000000 61191.233019 (0,3)
Iteration 28226:  1732.459000 1875.000000 61211.460555 (0,3)
Iteration 28314:  1644.848000 1875.000000 61295.558890 (0,3)
Iteration 28318:  1638.937000 1875.000000 61644.526891 (0,3)
Iteration 28352:  1608.724000 1875.000000 61651.102218 (0,3)
Iteration 28361:  1608.313000 1875.000000 61741.359075 (0,3)
Iteration 28386:  1563.208000 1875.000000 61661.797693 (0,3)
Iteration 28435:  1563.208000 1875.000000 61657.545797 (0,3)
Iteration 28581:  1522.748000 1876.000000 61664.852446 (0,3)
Iteration 28763:  1513.748000 1876.000000 61572.534658 (0,3)
Iteration 28814:  1500.659000 1876.000000 61656.480716 (0,3)
Iteration 28899:  1492.248000 1876.000000 61645.874698 (0,3)
Iteration 29030:  1487.248000 1876.000000 61724.647634 (0,3)
Iteration 29052:  1479.111000 1876.000000 61922.975604 (0,3)
Iteration 29218:  1479.111000 1876.000000 61918.723708 (0,3)
Iteration 29298:  1478.605000 1876.000000 61817.035015 (0,3)
Iteration 29307:  1478.605000 1876.000000 61812.783119 (0,3)
Iteration 29474:  1465.006000 1876.000000 61808.430498 (0,3)
Iteration 29566:  1455.713000 1876.000000 61882.010732 (0,3)
Iteration 29626:  1431.779000 1876.000000 61886.871044 (0,3)
Iteration 29848:  1420.963000 1875.000000 61875.295460 (0,3)
Iteration 29917:  1419.963000 1875.000000 61871.953890 (0,3)
Iteration 30184:  1414.068000 1875.000000 62026.192906 (0,3)
Iteration 30292:  1414.068000 1875.000000 61899.675069 (0,3)
Iteration 30632:  1387.068000 1875.000000 61855.247703 (0,3)
Iteration 30760:  1370.068000 1875.000000 61903.497181 (0,3)
Iteration 30838:  1328.068000 1875.000000 61900.654975 (0,0)
Iteration 31028:  1315.480000 1874.000000 61939.408446 (0,3)
Iteration 31031:  1298.414000 1872.000000 61963.095424 (0,3)
Iteration 31038:  1297.884000 1872.000000 61905.633559 (0,3)
Iteration 31113:  1295.884000 1870.000000 61863.580807 (0,3)
total iterations: 97219, time elapsed: 3600.01s
Destroy operator: destroy_random_leafs, Weight: 0.2642, Score: 12228.35, Count: 46290
Destroy operator: destroy_path, Weight: 0.0974, Score: 1881.65, Count: 19337
Destroy operator: destroy_worst_affinity, Weight: 0.0946, Score: 1661.10, Count: 17568
Destroy operator: destroy_district_group, Weight: 0.0660, Score: 926.90, Count: 14023
Repair operator: repair_greedy_feasible, Weight: 0.0749, Score: 1242.35, Count: 16596
Repair operator: repair_affinity_compact, Weight: 0.0625, Score: 885.85, Count: 14179
Repair operator: repair_nearest_center, Weight: 0.0670, Score: 1049.50, Count: 15669
Repair operator: repair_2regret, Weight: 0.2664, Score: 13520.30, Count: 50774
