Initial solution objectives: Balance violation = 44810.6420, Affinity loss = 1928, Compactness = 57463.1080
Iteration 501:  40333.248000 1950.000000 57906.547463 (0,3)
Iteration 2505:  30837.826000 1823.000000 58174.413261 (0,2)
Iteration 2507:  30742.185000 1823.000000 58213.668116 (1,0)
Iteration 6152:  29372.668000 1916.000000 61727.388264 (0,3)
Iteration 6155:  29259.190000 1916.000000 61824.435636 (1,3)
Iteration 6157:  27738.910000 1915.000000 61895.598212 (0,3)
Iteration 6207:  27688.911000 1919.000000 65946.204349 (0,3)
Iteration 6208:  27610.195000 1919.000000 66036.202188 (1,0)
Iteration 6226:  26625.900000 1921.000000 66432.404665 (0,3)
Iteration 6229:  25845.819000 1923.000000 66526.740085 (0,3)
Iteration 6238:  25511.709000 1923.000000 66426.588617 (0,3)
Iteration 6239:  25494.868000 1921.000000 66214.153436 (0,1)
Iteration 6250:  23874.408000 1920.000000 66908.558066 (0,3)
Iteration 6374:  23558.296000 1915.000000 66229.660987 (0,3)
Iteration 6382:  22272.067000 1916.000000 66178.122882 (0,3)
Iteration 6384:  22127.222000 1914.000000 65544.896680 (3,3)
Iteration 6513:  21654.457000 1898.000000 63563.350546 (3,3)
Iteration 6516:  21383.457000 1898.000000 63444.980674 (1,2)
Iteration 6518:  19164.832000 1898.000000 63495.329848 (0,3)
Iteration 6523:  19122.509000 1894.000000 63623.485740 (2,3)
Iteration 6528:  18850.156000 1897.000000 63639.164934 (0,0)
Iteration 6529:  17862.991000 1896.000000 63466.381926 (0,3)
Iteration 7203:  16583.274000 1900.000000 61934.910526 (0,3)
Iteration 7204:  16333.274000 1900.000000 61911.365398 (0,3)
Iteration 7222:  16218.392000 1900.000000 60727.393973 (0,3)
Iteration 8852:  16029.013000 1962.000000 65946.531936 (0,3)
Iteration 8853:  15928.647000 1962.000000 66175.581461 (0,0)
Iteration 8854:  15841.888000 1962.000000 66295.252332 (2,3)
Iteration 8855:  15713.733000 1962.000000 66275.050866 (1,3)
Iteration 8862:  15468.519000 1962.000000 66501.450408 (0,0)
Iteration 8865:  15352.757000 1962.000000 66523.717953 (2,3)
Iteration 8867:  14487.313000 1962.000000 66815.948887 (0,3)
Iteration 8868:  14437.799000 1962.000000 66840.492651 (2,3)
Iteration 8869:  13938.534000 1962.000000 66922.778513 (0,3)
Iteration 8870:  13556.344000 1961.000000 66958.787957 (0,3)
Iteration 8878:  13351.578000 1960.000000 66874.600244 (0,3)
Iteration 8881:  13318.816000 1961.000000 67087.906027 (0,0)
Iteration 8882:  13155.418000 1961.000000 67047.322976 (0,3)
Iteration 8890:  12974.624000 1961.000000 67010.003687 (2,3)
Iteration 8898:  12637.273000 1961.000000 67301.673829 (0,3)
Iteration 8901:  12507.066000 1961.000000 67291.017389 (0,3)
Iteration 8902:  12507.066000 1961.000000 67274.913372 (0,3)
Iteration 8906:  12494.183000 1961.000000 67327.789542 (0,3)
Iteration 8911:  12166.221000 1962.000000 67256.088874 (0,3)
Iteration 8912:  12021.776000 1961.000000 67267.192114 (0,3)
Iteration 8916:  11535.388000 1961.000000 67459.772454 (0,3)
Iteration 8920:  11417.340000 1961.000000 67334.384935 (0,3)
Iteration 8923:  11263.782000 1961.000000 67273.009564 (0,3)
Iteration 8926:  11131.105000 1960.000000 67717.942382 (0,0)
Iteration 8928:  10739.998000 1960.000000 67786.458869 (2,3)
Iteration 8953:  10458.234000 1958.000000 68520.921431 (0,3)
Iteration 8982:  10455.695000 1956.000000 68325.805356 (0,3)
Iteration 8985:  10449.050000 1956.000000 68033.989363 (1,3)
Iteration 8995:  10111.254000 1955.000000 68022.899152 (0,3)
Iteration 9001:  9899.024000 1955.000000 68025.210545 (0,3)
Iteration 9007:  9650.073000 1955.000000 68013.033792 (0,3)
Iteration 9021:  9554.400000 1955.000000 67916.483752 (0,3)
Iteration 9023:  9535.400000 1955.000000 67711.290201 (0,3)
Iteration 9024:  9389.842000 1955.000000 67716.356122 (0,3)
Iteration 9025:  9327.089000 1956.000000 67611.229715 (0,3)
Iteration 9030:  9177.210000 1956.000000 67570.866515 (0,3)
Iteration 9031:  9131.851000 1956.000000 67624.033928 (1,0)
Iteration 9032:  8859.327000 1956.000000 67743.830645 (0,3)
Iteration 9033:  8553.279000 1956.000000 67832.253292 (0,3)
Iteration 9040:  8551.362000 1956.000000 67846.500699 (0,3)
Iteration 9047:  8532.721000 1956.000000 67867.201923 (0,3)
Iteration 9050:  8178.346000 1954.000000 68207.449140 (0,3)
Iteration 9058:  8000.499000 1954.000000 68180.470926 (0,3)
Iteration 9061:  7957.142000 1954.000000 68133.020418 (0,3)
Iteration 9224:  7819.555000 1950.000000 68883.269167 (0,3)
Iteration 9258:  7606.403000 1952.000000 68364.828122 (0,3)
Iteration 9264:  7366.570000 1952.000000 68359.355067 (0,3)
Iteration 9265:  7030.170000 1952.000000 68490.616636 (0,3)
Iteration 9280:  6987.415000 1952.000000 68439.455741 (0,3)
Iteration 9290:  6861.164000 1954.000000 68532.129139 (0,3)
Iteration 9307:  6727.768000 1954.000000 68474.499734 (0,3)
Iteration 9313:  6378.577000 1953.000000 68648.793579 (0,3)
Iteration 9337:  6240.170000 1950.000000 68418.945446 (0,3)
Iteration 9348:  6170.576000 1950.000000 68306.670892 (0,3)
Iteration 9349:  6155.613000 1950.000000 68396.074222 (0,3)
Iteration 9667:  6137.793000 1937.000000 69740.701119 (0,3)
Iteration 9682:  6123.436000 1935.000000 71867.618365 (0,3)
Iteration 9683:  6087.436000 1935.000000 71697.837752 (0,3)
Iteration 9729:  5973.813000 1929.000000 71321.366749 (0,3)
Iteration 9731:  5769.405000 1930.000000 71383.808048 (0,3)
Iteration 9759:  5739.895000 1930.000000 71217.135978 (0,3)
Iteration 9760:  5738.053000 1930.000000 71184.992494 (0,3)
Iteration 9769:  5689.053000 1928.000000 71180.163722 (0,3)
Iteration 9771:  5624.851000 1926.000000 71196.320099 (0,3)
Iteration 9779:  5420.293000 1926.000000 71146.744275 (0,3)
Iteration 9845:  5302.731000 1928.000000 70947.216796 (0,3)
Iteration 9850:  4999.128000 1927.000000 70980.122422 (0,3)
Iteration 9851:  4999.128000 1927.000000 70918.082755 (0,3)
Iteration 9868:  4998.406000 1925.000000 70957.788538 (2,3)
Iteration 9874:  4834.007000 1923.000000 71047.241335 (0,3)
Iteration 9890:  4820.007000 1923.000000 71050.487516 (0,3)
Iteration 9892:  4782.848000 1921.000000 70737.328804 (0,3)
Iteration 11197:  4595.302000 1970.000000 61422.028875 (0,3)
Iteration 11251:  4578.011000 1966.000000 62365.691247 (0,3)
Iteration 11253:  4509.494000 1966.000000 62377.709088 (0,3)
Iteration 11259:  4442.971000 1965.000000 62183.655965 (0,3)
Iteration 11266:  4312.215000 1963.000000 62338.422346 (0,3)
Iteration 11270:  4099.808000 1962.000000 62485.730004 (0,3)
Iteration 11271:  4052.452000 1962.000000 62501.435748 (1,3)
Iteration 11279:  3957.376000 1959.000000 62305.914915 (0,3)
Iteration 11287:  3692.388000 1959.000000 62406.916707 (0,3)
Iteration 11294:  3644.223000 1959.000000 62548.218478 (0,3)
Iteration 11295:  3580.028000 1959.000000 62624.966449 (0,3)
Iteration 11302:  3559.343000 1959.000000 62705.708242 (0,3)
Iteration 11358:  3519.463000 1959.000000 62609.792957 (0,3)
Iteration 11359:  3445.793000 1959.000000 62649.818802 (0,3)
Iteration 11373:  3437.473000 1959.000000 62587.217084 (0,3)
Iteration 11384:  3429.117000 1959.000000 62617.981119 (0,3)
Iteration 11389:  3394.163000 1959.000000 62732.086758 (0,3)
Iteration 11393:  3340.964000 1959.000000 62686.189707 (0,3)
Iteration 11394:  3321.559000 1958.000000 62701.159018 (0,3)
Iteration 11400:  3194.729000 1958.000000 63226.244177 (0,3)
Iteration 11407:  3142.329000 1958.000000 63241.466387 (0,3)
Iteration 11409:  3079.292000 1958.000000 63242.850170 (0,3)
Iteration 11410:  3020.695000 1958.000000 63288.896897 (0,3)
Iteration 11413:  2727.695000 1958.000000 63290.908250 (0,3)
Iteration 11422:  2684.289000 1958.000000 63311.474556 (0,3)
Iteration 11436:  2571.411000 1958.000000 63261.933991 (0,3)
Iteration 11437:  2561.411000 1958.000000 63234.211559 (0,3)
Iteration 11466:  2434.122000 1956.000000 63717.933274 (0,3)
Iteration 11469:  2406.964000 1956.000000 63642.234137 (2,3)
Iteration 11531:  2379.165000 1953.000000 64339.468516 (0,3)
Iteration 43497:  2195.483000 1882.000000 68533.931759 (0,3)
Iteration 43508:  2187.087000 1882.000000 68633.103644 (0,3)
Iteration 43520:  2078.604000 1882.000000 68677.693780 (0,3)
Iteration 43526:  2005.765000 1884.000000 68734.381904 (0,3)
Iteration 43527:  1916.851000 1884.000000 68739.412831 (0,3)
Iteration 43534:  1905.408000 1885.000000 68823.608739 (0,3)
Iteration 43544:  1904.767000 1885.000000 68776.802085 (0,3)
Iteration 43547:  1900.250000 1885.000000 68906.822868 (0,3)
Iteration 43549:  1858.052000 1885.000000 69014.846113 (0,3)
Iteration 43557:  1800.297000 1885.000000 68871.006613 (0,3)
Iteration 43587:  1707.501000 1885.000000 68943.343691 (0,3)
Iteration 43590:  1641.056000 1883.000000 68933.851872 (0,3)
Iteration 43596:  1617.136000 1883.000000 69035.593089 (0,3)
Iteration 43597:  1611.739000 1883.000000 69015.491022 (0,3)
Iteration 43598:  1587.343000 1883.000000 69067.978814 (1,3)
Iteration 43601:  1508.542000 1883.000000 69043.716927 (0,3)
Iteration 43618:  1484.343000 1882.000000 69069.305482 (0,3)
Iteration 43629:  1357.264000 1882.000000 69154.876391 (0,3)
Iteration 43638:  1186.709000 1882.000000 69924.867311 (0,3)
Iteration 43643:  1141.871000 1881.000000 70041.257827 (0,3)
Iteration 43647:  1137.116000 1881.000000 69927.327838 (0,3)
Iteration 43684:  1135.354000 1881.000000 69913.532051 (0,3)
Iteration 43712:  1091.868000 1881.000000 70277.610264 (0,3)
Iteration 43760:  1079.673000 1881.000000 70300.574280 (0,3)
Iteration 43762:  1079.673000 1881.000000 70249.691539 (0,3)
Iteration 43770:  1064.831000 1881.000000 70212.372868 (0,3)
Iteration 43778:  1055.831000 1881.000000 70280.044148 (0,3)
Iteration 43785:  1032.469000 1881.000000 70404.902567 (0,3)
Iteration 43970:  1028.469000 1880.000000 70463.119293 (0,3)
Iteration 43979:  1025.231000 1880.000000 70511.643299 (0,3)
Iteration 43983:  1000.587000 1880.000000 70547.045611 (0,3)
Iteration 44003:  1000.587000 1880.000000 70533.367860 (0,3)
Iteration 44066:  999.546000 1880.000000 70468.804186 (0,3)
Iteration 44095:  999.546000 1880.000000 70408.034001 (0,3)
Iteration 44100:  995.388000 1880.000000 70481.411161 (0,3)
Iteration 44125:  970.388000 1878.000000 70400.330389 (0,3)
Iteration 44159:  952.032000 1878.000000 70483.056812 (0,3)
Iteration 44225:  952.032000 1878.000000 70473.926139 (0,3)
Iteration 44249:  952.032000 1878.000000 70451.527100 (0,3)
Iteration 44304:  948.833000 1876.000000 71749.884532 (0,3)
Iteration 44504:  942.833000 1876.000000 71767.313556 (0,3)
Iteration 44517:  942.833000 1876.000000 71763.853068 (0,3)
Iteration 44615:  940.833000 1876.000000 71751.216409 (0,3)
Iteration 44618:  927.387000 1876.000000 71562.865511 (0,3)
Iteration 44650:  921.387000 1876.000000 71606.798631 (0,3)
Iteration 44676:  900.991000 1875.000000 71675.108234 (0,3)
Iteration 44697:  900.149000 1875.000000 71645.433138 (0,3)
Iteration 44734:  900.149000 1875.000000 71626.734937 (0,3)
Iteration 44795:  895.744000 1875.000000 71609.533285 (0,3)
Iteration 44857:  834.385000 1874.000000 71752.163723 (0,3)
Iteration 44876:  797.295000 1874.000000 71763.117070 (0,3)
Iteration 44885:  722.098000 1874.000000 71749.002198 (0,3)
Iteration 44978:  700.057000 1874.000000 71804.613562 (0,3)
Iteration 44989:  697.295000 1873.000000 71751.649933 (0,3)
Iteration 45129:  690.295000 1873.000000 71722.897158 (0,3)
Iteration 45308:  689.533000 1873.000000 71721.933321 (0,3)
Iteration 45635:  685.889000 1873.000000 71634.516972 (0,3)
Iteration 45871:  671.046000 1872.000000 71824.317850 (0,3)
Iteration 46016:  671.046000 1872.000000 71811.808847 (0,3)
Iteration 46091:  665.046000 1872.000000 71953.082476 (0,3)
Iteration 46196:  664.650000 1872.000000 71987.025601 (1,3)
Iteration 46226:  653.294000 1872.000000 71936.659317 (0,3)
Iteration 46268:  653.294000 1872.000000 71872.762412 (0,3)
Iteration 46307:  607.452000 1872.000000 71926.594993 (0,3)
Iteration 46335:  607.452000 1872.000000 71879.118149 (0,3)
Iteration 46346:  607.452000 1872.000000 71787.301314 (0,3)
Iteration 46499:  577.691000 1872.000000 71825.688061 (0,3)
Iteration 46551:  567.691000 1872.000000 71815.800376 (0,3)
Iteration 46939:  567.691000 1872.000000 71763.443396 (0,3)
total iterations: 67296, time elapsed: 3600.12s
Destroy operator: destroy_random_leafs, Weight: 0.2565, Score: 8280.35, Count: 32169
Destroy operator: destroy_path, Weight: 0.1000, Score: 1330.45, Count: 13250
Destroy operator: destroy_worst_affinity, Weight: 0.0891, Score: 1090.15, Count: 12214
Destroy operator: destroy_district_group, Weight: 0.0695, Score: 671.60, Count: 9662
Repair operator: repair_greedy_feasible, Weight: 0.0765, Score: 891.05, Count: 11652
Repair operator: repair_affinity_compact, Weight: 0.0658, Score: 662.50, Count: 10054
Repair operator: repair_nearest_center, Weight: 0.0686, Score: 722.25, Count: 10523
Repair operator: repair_2regret, Weight: 0.2586, Score: 9096.75, Count: 35066
