Initial solution objectives: Balance violation = 31873.0275, Affinity loss = 1982, Compactness = 94031.5908
Iteration 501:  22729.785000 1884.000000 93285.191443 (2,3)
Iteration 5020:  21055.815000 1925.000000 93526.918403 (0,3)
Iteration 5024:  20825.397500 1924.000000 93024.270469 (0,3)
Iteration 5025:  20472.747500 1924.000000 93140.962800 (2,3)
Iteration 5027:  20410.747500 1924.000000 93165.099954 (2,3)
Iteration 5029:  20282.747500 1924.000000 93058.656818 (0,3)
Iteration 6100:  18123.172500 1764.000000 97885.593141 (0,3)
Iteration 6620:  16918.552500 1964.000000 96350.578105 (3,2)
Iteration 6622:  16634.227500 1964.000000 96252.277904 (0,1)
Iteration 6624:  14612.195000 1966.000000 96308.182172 (0,3)
Iteration 9158:  14211.290000 1972.000000 94229.633981 (0,3)
Iteration 9162:  13842.410000 1971.000000 94315.340672 (2,3)
Iteration 9169:  13842.410000 1970.000000 94399.668600 (2,3)
Iteration 9173:  13332.715000 1970.000000 94239.931276 (0,2)
Iteration 9181:  13228.132500 1970.000000 93868.503761 (1,3)
Iteration 9183:  11475.922500 1969.000000 94213.638461 (0,3)
Iteration 9195:  11216.430000 1968.000000 94579.530672 (1,3)
Iteration 9198:  10770.990000 1968.000000 94542.989925 (1,1)
Iteration 9201:  10619.847500 1968.000000 94309.737953 (0,1)
Iteration 9205:  9612.527500 1967.000000 96334.280509 (0,3)
Iteration 9223:  9203.597500 1967.000000 96945.524970 (0,3)
Iteration 9231:  9002.670000 1967.000000 97094.236833 (0,3)
Iteration 9251:  8563.460000 1968.000000 97316.703266 (0,3)
Iteration 9259:  7963.650000 1967.000000 97545.647167 (0,3)
Iteration 9284:  7758.175000 1963.000000 97114.745017 (0,3)
Iteration 9299:  7471.965000 1962.000000 96625.776838 (0,3)
Iteration 9301:  7053.037500 1963.000000 96955.734539 (0,3)
Iteration 9350:  6526.017500 1961.000000 97460.542678 (0,3)
Iteration 9355:  6258.785000 1961.000000 97395.661937 (0,3)
Iteration 9356:  6251.345000 1961.000000 97400.657462 (1,3)
Iteration 9357:  6236.345000 1961.000000 97382.776063 (0,3)
Iteration 9359:  6227.345000 1961.000000 97310.115188 (2,3)
Iteration 9366:  5554.595000 1961.000000 97281.065056 (1,1)
Iteration 9375:  5542.597500 1961.000000 97325.994417 (0,3)
Iteration 9378:  5429.592500 1961.000000 97597.437376 (0,3)
Iteration 9379:  5422.382500 1961.000000 97387.188030 (1,2)
Iteration 9385:  5380.312500 1961.000000 97534.214070 (0,3)
Iteration 9387:  5349.872500 1960.000000 97675.077312 (2,3)
Iteration 9390:  5337.085000 1959.000000 97911.100424 (0,3)
Iteration 9398:  5228.520000 1959.000000 98246.097665 (0,3)
Iteration 9407:  5223.147500 1959.000000 98198.495923 (0,3)
Iteration 9413:  4907.707500 1960.000000 98225.753049 (0,3)
Iteration 9421:  4843.900000 1959.000000 98193.902388 (0,3)
Iteration 9430:  4812.392500 1959.000000 97920.357147 (0,3)
Iteration 9442:  4555.022500 1960.000000 97922.395680 (0,3)
Iteration 9446:  4537.392500 1960.000000 97888.825105 (0,3)
Iteration 9466:  4164.272500 1959.000000 98052.383409 (0,3)
Iteration 9471:  4153.202500 1958.000000 98122.112868 (0,3)
Iteration 9495:  4145.202500 1958.000000 98129.190724 (0,3)
Iteration 9497:  4125.992500 1957.000000 98189.502851 (0,3)
Iteration 9500:  4125.992500 1957.000000 98156.756234 (1,3)
Iteration 9502:  3813.992500 1957.000000 98149.002747 (0,3)
Iteration 9682:  3770.410000 1954.000000 98901.781851 (0,3)
Iteration 9683:  3383.690000 1955.000000 98928.181542 (0,3)
Iteration 9804:  2931.577500 1955.000000 98487.926855 (0,3)
Iteration 9807:  2620.572500 1955.000000 98506.536998 (1,3)
Iteration 9818:  2617.205000 1956.000000 98541.791550 (0,3)
Iteration 9822:  2352.015000 1956.000000 98599.227523 (0,3)
Iteration 9964:  2335.012500 1955.000000 99963.978290 (0,3)
Iteration 9997:  2165.707500 1954.000000 99990.234893 (0,3)
Iteration 10079:  1861.935000 1951.000000 106067.942857 (0,3)
Iteration 10084:  1852.917500 1951.000000 106019.529838 (0,3)
Iteration 10093:  1844.722500 1950.000000 105895.153736 (1,3)
Iteration 10099:  1829.012500 1951.000000 105770.552241 (1,3)
Iteration 10109:  1789.012500 1951.000000 105687.779846 (0,3)
Iteration 10113:  1777.110000 1951.000000 105556.999489 (0,3)
Iteration 10136:  1754.912500 1952.000000 105402.705936 (0,3)
Iteration 10352:  1751.805000 1950.000000 106571.211167 (0,3)
Iteration 10353:  1744.365000 1950.000000 106662.081709 (1,3)
Iteration 10358:  1703.022500 1951.000000 106568.909186 (0,3)
Iteration 10603:  1600.915000 1933.000000 106514.068669 (0,3)
Iteration 10610:  1512.007500 1933.000000 106528.242566 (0,3)
Iteration 10616:  1182.200000 1933.000000 106887.302525 (0,3)
Iteration 10617:  1182.200000 1933.000000 106835.212939 (0,3)
Iteration 10623:  1086.115000 1930.000000 106445.457522 (0,3)
Iteration 10629:  1065.555000 1929.000000 106140.739196 (0,3)
Iteration 10632:  1065.555000 1929.000000 106056.144580 (0,3)
Iteration 10635:  1048.552500 1931.000000 105991.891059 (0,3)
Iteration 10637:  1031.552500 1931.000000 105845.578161 (0,3)
Iteration 10779:  1023.742500 1922.000000 104280.703077 (0,3)
Iteration 10781:  1023.742500 1922.000000 104127.325715 (0,3)
Iteration 10960:  1010.300000 1915.000000 104655.586244 (0,3)
Iteration 11070:  1001.857500 1905.000000 103053.249892 (0,3)
Iteration 11071:  994.015000 1905.000000 103120.174061 (0,3)
Iteration 11491:  945.302500 1894.000000 102161.134558 (0,3)
Iteration 11731:  907.925000 1880.000000 101170.117019 (1,1)
Iteration 11738:  887.042500 1883.000000 101184.367104 (0,3)
Iteration 11753:  884.885000 1883.000000 101197.847454 (0,3)
Iteration 18428:  880.490000 1878.000000 93844.314527 (0,3)
Iteration 18430:  843.765000 1877.000000 93783.079561 (0,1)
Iteration 18435:  778.925000 1877.000000 93880.951699 (0,3)
Iteration 18443:  755.390000 1876.000000 94063.189518 (0,3)
Iteration 18460:  700.562500 1879.000000 94310.495740 (0,3)
Iteration 21244:  676.895000 1582.000000 101866.610383 (0,2)
Iteration 21250:  667.172500 1575.000000 102221.168429 (0,3)
Iteration 21253:  622.925000 1577.000000 102337.661738 (0,3)
Iteration 21255:  545.082500 1580.000000 102748.493574 (0,3)
Iteration 21258:  538.642500 1581.000000 102764.929507 (0,3)
Iteration 21275:  510.202500 1582.000000 102691.151405 (0,3)
Iteration 21299:  509.855000 1579.000000 102742.897410 (0,3)
Iteration 21305:  502.415000 1578.000000 102713.613817 (0,3)
Iteration 21306:  495.415000 1580.000000 102688.549041 (1,2)
Iteration 21390:  490.207500 1578.000000 102386.015161 (0,3)
Iteration 21415:  486.367500 1576.000000 102313.582420 (0,3)
Iteration 21443:  484.365000 1578.000000 102395.260702 (0,3)
Iteration 21499:  484.362500 1576.000000 102389.532652 (0,3)
Iteration 21508:  404.660000 1576.000000 102120.844064 (0,2)
Iteration 21516:  387.915000 1577.000000 102170.868155 (1,3)
Iteration 21520:  300.265000 1576.000000 102362.960242 (0,3)
Iteration 21527:  300.265000 1576.000000 102352.255895 (0,3)
Iteration 21543:  284.295000 1574.000000 102373.763295 (0,3)
Iteration 21544:  272.292500 1573.000000 102461.845009 (1,1)
Iteration 21567:  272.292500 1573.000000 102413.047410 (0,3)
Iteration 21577:  247.292500 1572.000000 102431.672725 (0,3)
Iteration 21585:  247.292500 1572.000000 102410.020129 (1,0)
Iteration 21586:  239.390000 1571.000000 102497.503985 (0,3)
Iteration 21594:  135.360000 1571.000000 102360.694146 (3,3)
Iteration 21605:  135.360000 1570.000000 102361.570334 (0,3)
Iteration 21621:  112.487500 1566.000000 102376.787431 (1,3)
Iteration 21639:  112.487500 1566.000000 102369.827817 (1,3)
Iteration 21680:  112.487500 1565.000000 102301.469230 (0,3)
Iteration 21688:  87.457500 1564.000000 102514.140874 (0,3)
Iteration 21690:  71.647500 1563.000000 102513.273543 (0,3)
Iteration 21777:  71.647500 1563.000000 102503.459119 (0,3)
Iteration 21836:  30.807500 1564.000000 102502.239750 (1,2)
Iteration 21842:  30.807500 1564.000000 102494.672401 (1,3)
Iteration 21856:  24.807500 1564.000000 102426.899921 (0,3)
Iteration 21901:  24.807500 1563.000000 102478.647524 (0,3)
Iteration 21929:  24.807500 1563.000000 102425.643579 (0,3)
Iteration 21956:  24.807500 1562.000000 102460.397688 (0,3)
Iteration 22016:  24.807500 1562.000000 102401.296756 (1,3)
Iteration 22017:  24.807500 1562.000000 102388.332466 (0,3)
Iteration 22058:  24.807500 1562.000000 102348.076681 (0,3)
Iteration 22069:  18.807500 1561.000000 102256.539107 (0,3)
Iteration 22073:  16.745000 1560.000000 102219.990537 (0,3)
Iteration 22074:  16.745000 1560.000000 102101.709496 (0,3)
Iteration 22105:  16.745000 1559.000000 102214.683845 (0,3)
Iteration 22131:  16.745000 1558.000000 102267.176564 (0,3)
Iteration 22196:  16.745000 1558.000000 102174.820633 (0,3)
Iteration 22199:  16.745000 1557.000000 102317.141072 (0,3)
Iteration 22249:  16.745000 1556.000000 102485.798147 (0,3)
Iteration 22277:  16.745000 1555.000000 102553.998875 (0,3)
Iteration 22279:  16.745000 1555.000000 102491.281850 (1,3)
Iteration 22324:  16.745000 1555.000000 102378.194424 (1,3)
Iteration 22421:  16.745000 1555.000000 102118.971554 (0,3)
Iteration 22429:  14.905000 1554.000000 102051.067659 (0,3)
Iteration 22432:  14.905000 1554.000000 102023.624786 (0,3)
Iteration 22545:  14.905000 1552.000000 101965.274848 (0,3)
Iteration 22597:  13.805000 1550.000000 102108.450310 (0,3)
Iteration 22613:  13.805000 1549.000000 102080.846613 (0,3)
Iteration 22692:  13.805000 1548.000000 102148.994475 (0,3)
Iteration 22717:  13.805000 1548.000000 102145.061378 (0,3)
Iteration 22821:  1.902500 1548.000000 102157.163485 (0,3)
Iteration 22871:  1.902500 1548.000000 102153.230387 (1,0)
Iteration 22939:  1.902500 1547.000000 102152.801500 (0,3)
total iterations: 57707, time elapsed: 3600.01s
Destroy operator: destroy_random_leafs, Weight: 0.2259, Score: 5810.15, Count: 25788
Destroy operator: destroy_path, Weight: 0.1002, Score: 1232.05, Count: 12328
Destroy operator: destroy_worst_affinity, Weight: 0.0944, Score: 1071.65, Count: 11373
Destroy operator: destroy_district_group, Weight: 0.0604, Score: 495.80, Count: 8217
Repair operator: repair_greedy_feasible, Weight: 0.0683, Score: 630.65, Count: 9242
Repair operator: repair_affinity_compact, Weight: 0.0702, Score: 686.35, Count: 9785
Repair operator: repair_nearest_center, Weight: 0.0736, Score: 746.05, Count: 10143
Repair operator: repair_2regret, Weight: 0.2300, Score: 6546.60, Count: 28536
