Initial solution objectives: Balance violation = 14621.3590, Affinity loss = 932, Compactness = 26899.4547
Iteration 1503:  13836.106000 969.000000 27253.323231 (3,3)
Iteration 1504:  13162.460000 969.000000 27287.776891 (0,3)
Iteration 4696:  13062.534000 897.000000 30160.847384 (0,3)
Iteration 4697:  12768.949000 897.000000 30233.098914 (0,0)
Iteration 4700:  11892.241000 896.000000 30370.756080 (3,3)
Iteration 4905:  11834.430000 878.000000 30060.648234 (0,3)
Iteration 4906:  11620.363000 880.000000 30008.744842 (1,0)
Iteration 4911:  11302.570000 881.000000 30304.261981 (0,3)
Iteration 5834:  11244.555000 898.000000 33988.398389 (0,3)
Iteration 5839:  11063.155000 898.000000 33830.490626 (0,3)
Iteration 5924:  10965.223000 899.000000 34414.943881 (0,0)
Iteration 5929:  10961.169000 898.000000 34754.151004 (0,3)
Iteration 5930:  10593.684000 898.000000 34725.356244 (0,3)
Iteration 5933:  10411.957000 898.000000 34687.000655 (1,0)
Iteration 5940:  9879.739000 899.000000 34199.884466 (0,3)
Iteration 5942:  9188.604000 899.000000 34286.972508 (0,3)
Iteration 5943:  9174.196000 899.000000 34224.169822 (0,3)
Iteration 5949:  9086.857000 899.000000 34240.574562 (0,3)
Iteration 5955:  8769.503000 899.000000 34215.760283 (0,3)
Iteration 5964:  8378.911000 898.000000 34425.318678 (0,0)
Iteration 5967:  7999.978000 898.000000 34503.966615 (0,3)
Iteration 5982:  7985.381000 898.000000 34428.877128 (0,3)
Iteration 5983:  7723.539000 900.000000 34544.507924 (0,3)
Iteration 5987:  7591.613000 900.000000 34399.931073 (0,3)
Iteration 5988:  7318.266000 900.000000 34437.716416 (0,3)
Iteration 6701:  6875.133000 956.000000 32753.649689 (0,3)
Iteration 6704:  6849.133000 956.000000 32788.965691 (0,3)
Iteration 6786:  6566.833000 957.000000 32680.861465 (0,3)
Iteration 6833:  6396.296000 959.000000 32316.231525 (0,3)
Iteration 6835:  6395.982000 959.000000 32320.400680 (0,3)
Iteration 6844:  6308.635000 959.000000 32368.935601 (1,3)
Iteration 6859:  6258.786000 957.000000 32356.689881 (1,0)
Iteration 6864:  6020.786000 957.000000 32321.445372 (0,3)
Iteration 6868:  5994.018000 958.000000 32272.852109 (0,3)
Iteration 6872:  5722.844000 955.000000 32512.567838 (0,3)
Iteration 6874:  5701.497000 955.000000 32346.386360 (0,3)
Iteration 6882:  5597.959000 953.000000 32202.695292 (0,3)
Iteration 8355:  5156.376000 951.000000 31886.431891 (0,3)
Iteration 8358:  5105.791000 949.000000 31872.733537 (0,3)
Iteration 8374:  5100.340000 949.000000 31671.431393 (1,0)
Iteration 8385:  4983.597000 949.000000 31729.569830 (0,3)
Iteration 8500:  4748.547000 949.000000 31648.686817 (0,3)
Iteration 8505:  4700.540000 949.000000 31851.466317 (0,3)
Iteration 10268:  4671.297000 946.000000 28540.707914 (0,3)
Iteration 10277:  4483.785000 946.000000 28450.064313 (0,3)
Iteration 10282:  4475.744000 946.000000 28466.447048 (0,3)
Iteration 10311:  4423.616000 946.000000 28558.185894 (0,3)
Iteration 10326:  4284.649000 946.000000 28596.445071 (0,0)
Iteration 10332:  4235.137000 946.000000 28492.775973 (0,3)
Iteration 10335:  4094.112000 946.000000 28572.916055 (0,3)
Iteration 10396:  4039.857000 943.000000 29327.377984 (0,3)
Iteration 10399:  4019.504000 943.000000 29306.833063 (0,3)
Iteration 10418:  4016.999000 943.000000 29271.570110 (0,3)
Iteration 10486:  4004.999000 943.000000 29291.613786 (0,3)
Iteration 10494:  3969.272000 944.000000 29141.011332 (0,3)
Iteration 10512:  3878.144000 944.000000 29029.482119 (3,3)
Iteration 10521:  3687.521000 943.000000 29200.314299 (0,3)
Iteration 10528:  3652.182000 943.000000 29206.031464 (0,3)
Iteration 10529:  3282.139000 944.000000 29171.993079 (0,0)
Iteration 10548:  3128.560000 944.000000 29128.216429 (0,3)
Iteration 10573:  3114.560000 944.000000 29279.262707 (0,0)
Iteration 10642:  3013.831000 943.000000 29679.925884 (0,3)
Iteration 10648:  2964.319000 943.000000 29576.256786 (0,3)
Iteration 10775:  2808.881000 940.000000 30090.204658 (0,3)
Iteration 10786:  2670.732000 940.000000 30054.744549 (0,3)
Iteration 10824:  2657.774000 940.000000 30229.943894 (0,3)
Iteration 10825:  2613.848000 941.000000 30179.375819 (1,3)
Iteration 10837:  2590.848000 941.000000 30253.345304 (0,3)
Iteration 10839:  2520.455000 941.000000 30255.732407 (0,3)
Iteration 10888:  2496.281000 940.000000 30239.678051 (0,3)
Iteration 10897:  2480.036000 940.000000 30135.751486 (0,3)
Iteration 10911:  2449.030000 940.000000 30226.395087 (0,3)
Iteration 10921:  2386.017000 940.000000 30250.198427 (0,3)
Iteration 10922:  2378.091000 940.000000 30321.761480 (0,3)
Iteration 10931:  2318.152000 940.000000 30295.792857 (0,3)
Iteration 10932:  2292.573000 940.000000 30318.182384 (0,3)
Iteration 10936:  2279.920000 940.000000 30244.212900 (1,3)
Iteration 11006:  2264.552000 941.000000 30453.040312 (0,3)
Iteration 11007:  2170.199000 941.000000 30454.914016 (0,3)
Iteration 11032:  2121.975000 941.000000 30754.320354 (0,0)
Iteration 11034:  2060.255000 940.000000 30865.389156 (2,3)
Iteration 11383:  2057.441000 939.000000 31312.187573 (0,3)
Iteration 11439:  2057.236000 939.000000 31184.469421 (0,3)
Iteration 11440:  1931.963000 939.000000 30940.567796 (0,3)
Iteration 11497:  1917.562000 939.000000 31061.763522 (0,3)
Iteration 11500:  1899.909000 938.000000 31198.644979 (0,3)
Iteration 11523:  1847.006000 940.000000 31243.139863 (1,2)
Iteration 11552:  1819.555000 939.000000 31113.609142 (0,3)
Iteration 11571:  1681.787000 939.000000 31152.365821 (0,3)
Iteration 11617:  1661.460000 939.000000 31169.396733 (0,3)
Iteration 11622:  1639.807000 939.000000 31233.150292 (0,3)
Iteration 11835:  1633.036000 935.000000 31505.455710 (0,3)
Iteration 11867:  1627.722000 935.000000 31459.904917 (0,3)
Iteration 11869:  1613.796000 935.000000 31474.355341 (0,3)
Iteration 12165:  1583.216000 934.000000 31591.782325 (0,0)
Iteration 12215:  1568.142000 934.000000 31612.436307 (0,0)
Iteration 12492:  1545.190000 935.000000 31434.121334 (0,0)
Iteration 12534:  1544.129000 935.000000 31478.813565 (0,3)
total iterations: 215382, time elapsed: 3600.02s
Destroy operator: destroy_random_leafs, Weight: 0.2633, Score: 27956.00, Count: 106158
Destroy operator: destroy_path, Weight: 0.1049, Score: 4440.85, Count: 42349
Destroy operator: destroy_worst_affinity, Weight: 0.0808, Score: 2673.40, Count: 33115
Destroy operator: destroy_district_group, Weight: 0.0805, Score: 2717.40, Count: 33759
Repair operator: repair_greedy_feasible, Weight: 0.1066, Score: 4873.35, Count: 45712
Repair operator: repair_affinity_compact, Weight: 0.0683, Score: 1988.90, Count: 29138
Repair operator: repair_nearest_center, Weight: 0.0724, Score: 2267.00, Count: 31314
Repair operator: repair_2regret, Weight: 0.2623, Score: 28658.40, Count: 109217
