Initial solution objectives: Balance violation = 20195.8320, Affinity loss = 969, Compactness = 26807.7192
Iteration 1002:  17199.344000 988.000000 27159.117245 (2,3)
Iteration 1004:  16923.784000 988.000000 27103.188766 (0,3)
Iteration 1010:  16466.964000 988.000000 27344.035053 (0,0)
Iteration 10044:  16386.494000 944.000000 27106.489948 (3,3)
Iteration 10046:  16276.438000 945.000000 27149.174809 (1,0)
Iteration 10048:  16112.032000 945.000000 27152.678985 (0,3)
Iteration 10051:  15995.152000 945.000000 27124.683062 (3,2)
Iteration 10053:  15948.054000 945.000000 27770.258404 (3,0)
Iteration 11093:  15772.608000 939.000000 27872.718073 (3,0)
Iteration 13616:  13878.170000 981.000000 26417.950368 (3,0)
Iteration 31655:  13798.784000 990.000000 25507.548813 (0,3)
Iteration 31659:  13618.470000 990.000000 25706.352929 (3,2)
Iteration 80278:  13467.992000 977.000000 30629.911718 (3,0)
Iteration 109841:  13462.948000 980.000000 26212.741167 (3,3)
Iteration 109842:  11898.416000 980.000000 26701.206113 (3,0)
Iteration 117398:  11315.908000 973.000000 25338.710172 (3,2)
Iteration 117405:  11257.086000 973.000000 25549.666881 (3,3)
Iteration 117411:  10884.456000 972.000000 25354.226244 (0,1)
Iteration 117412:  10881.400000 972.000000 25306.442137 (0,1)
Iteration 117425:  10801.636000 971.000000 25504.583614 (3,2)
Iteration 117426:  10571.968000 971.000000 25640.861019 (0,3)
Iteration 117434:  10505.956000 971.000000 25676.942234 (0,3)
Iteration 117444:  10402.956000 972.000000 25727.218542 (0,3)
Iteration 117445:  10004.144000 971.000000 25812.858194 (0,3)
Iteration 117456:  9602.036000 971.000000 25873.290161 (0,0)
Iteration 117468:  9595.190000 971.000000 25735.095710 (0,0)
Iteration 117490:  9543.350000 971.000000 25852.472029 (0,3)
Iteration 117501:  9514.956000 969.000000 25814.952492 (2,3)
Iteration 117521:  9458.008000 969.000000 25877.634744 (0,3)
Iteration 117522:  9227.478000 969.000000 25817.701914 (0,3)
Iteration 117555:  8928.324000 967.000000 25902.237540 (0,3)
Iteration 117593:  8860.648000 967.000000 25916.494928 (1,3)
Iteration 117594:  8834.254000 967.000000 25977.454828 (0,3)
Iteration 117598:  8766.568000 967.000000 25957.711009 (3,2)
Iteration 231598:  8748.638000 958.000000 27551.239666 (0,0)
Iteration 231608:  8669.180000 958.000000 27505.273263 (0,3)
Iteration 231609:  8514.192000 958.000000 27540.322730 (0,0)
Iteration 231613:  8153.854000 958.000000 27612.550110 (0,3)
Iteration 231619:  8105.854000 955.000000 27728.400948 (0,3)
Iteration 231621:  7990.968000 955.000000 27703.025198 (0,3)
Iteration 231628:  7802.308000 957.000000 27908.430487 (0,0)
Iteration 231633:  7616.244000 959.000000 27760.038056 (0,3)
Iteration 231639:  7609.970000 959.000000 27773.314543 (0,3)
Iteration 231640:  7609.244000 959.000000 27796.783727 (0,3)
Iteration 231650:  7450.668000 959.000000 27719.404130 (0,3)
Iteration 231654:  7220.680000 959.000000 27757.313719 (0,3)
Iteration 231688:  7196.148000 959.000000 27694.459543 (0,3)
Iteration 231702:  7191.930000 959.000000 27845.494168 (0,3)
Iteration 231739:  7171.210000 959.000000 27863.386351 (0,3)
Iteration 231754:  6746.340000 959.000000 27790.790200 (0,3)
Iteration 231762:  6670.060000 959.000000 27792.317548 (0,0)
Iteration 231795:  6670.060000 959.000000 27769.412469 (0,3)
Iteration 231907:  6587.842000 959.000000 27740.300264 (0,3)
Iteration 231928:  6556.116000 959.000000 27808.345576 (0,3)
Iteration 231932:  6529.722000 959.000000 27723.223837 (0,3)
Iteration 231968:  6518.950000 958.000000 27682.580268 (0,3)
Iteration 232040:  6511.288000 958.000000 27634.140057 (0,0)
Iteration 232042:  6504.552000 960.000000 27496.394539 (0,0)
Iteration 232089:  6458.756000 960.000000 27567.739830 (0,3)
Iteration 232109:  6028.950000 960.000000 27614.267187 (0,3)
Iteration 232155:  5979.452000 960.000000 27613.286835 (0,3)
Iteration 232356:  5880.570000 960.000000 27730.860715 (0,0)
Iteration 232538:  5777.714000 960.000000 27773.011486 (1,3)
Iteration 232585:  5774.320000 960.000000 27699.768833 (0,3)
Iteration 232645:  5670.176000 960.000000 27701.275594 (0,3)
Iteration 232702:  5540.570000 960.000000 27696.544993 (0,3)
Iteration 232750:  5352.450000 962.000000 27802.841772 (0,3)
Iteration 232792:  5274.450000 962.000000 27974.014269 (1,2)
Iteration 233046:  5271.232000 961.000000 27979.978359 (0,3)
total iterations: 333465, time elapsed: 3600.00s
Destroy operator: destroy_random_leafs, Weight: 0.0647, Score: 5802.35, Count: 89627
Destroy operator: destroy_path, Weight: 0.0544, Score: 4135.95, Count: 76053
Destroy operator: destroy_worst_affinity, Weight: 0.0550, Score: 4271.80, Count: 77619
Destroy operator: destroy_district_group, Weight: 0.0637, Score: 5744.90, Count: 90165
Repair operator: repair_greedy_feasible, Weight: 0.0598, Score: 5055.50, Count: 84516
Repair operator: repair_affinity_compact, Weight: 0.0547, Score: 4164.30, Count: 76172
Repair operator: repair_nearest_center, Weight: 0.0569, Score: 4515.75, Count: 79347
Repair operator: repair_2regret, Weight: 0.0666, Score: 6219.45, Count: 93429
