Initial solution objectives: Balance violation = 17737.9125, Affinity loss = 1852, Compactness = 101916.3809
Iteration 1:  17266.797500 1851.000000 102665.243364 (0,0)
Iteration 5:  16013.935000 1849.000000 103190.796801 (2,0)
Iteration 6:  14427.150000 1849.000000 103014.742987 (2,3)
Iteration 5060:  13757.132500 1962.000000 95980.957737 (0,2)
Iteration 5063:  12810.555000 1960.000000 96584.768514 (0,3)
Iteration 5064:  11494.907500 1961.000000 97169.574280 (0,3)
Iteration 5068:  8818.662500 1960.000000 97697.371334 (3,3)
Iteration 5073:  7911.315000 1959.000000 97594.321660 (0,3)
Iteration 5079:  7725.522500 1957.000000 102777.160539 (2,3)
Iteration 5084:  7159.150000 1950.000000 102858.316878 (0,3)
Iteration 5109:  7113.722500 1947.000000 104515.445739 (0,3)
Iteration 5111:  6768.537500 1949.000000 104525.662383 (0,3)
Iteration 5119:  4959.925000 1949.000000 104423.197156 (0,3)
Iteration 5121:  4837.382500 1949.000000 104383.018775 (2,3)
Iteration 5123:  4520.007500 1949.000000 104445.770270 (0,3)
Iteration 5126:  4426.007500 1949.000000 104621.392954 (1,3)
Iteration 5131:  3271.017500 1946.000000 104644.368028 (0,3)
Iteration 5248:  1905.607500 1917.000000 108737.982255 (0,3)
Iteration 5249:  1767.017500 1917.000000 108704.162855 (1,2)
Iteration 5251:  1343.047500 1917.000000 108484.779398 (0,3)
Iteration 5252:  1242.087500 1917.000000 108491.647077 (0,3)
Iteration 5260:  1084.967500 1916.000000 108132.101499 (0,3)
Iteration 5307:  965.525000 1914.000000 107237.522446 (0,3)
Iteration 9964:  861.207500 1674.000000 104908.819600 (0,3)
Iteration 10012:  846.217500 1670.000000 104375.674529 (0,3)
Iteration 10020:  551.217500 1669.000000 104196.590890 (0,3)
Iteration 10095:  536.847500 1674.000000 103861.652144 (0,3)
Iteration 10098:  469.265000 1671.000000 103770.556662 (0,3)
Iteration 12084:  435.195000 1711.000000 136305.976123 (0,3)
Iteration 12086:  392.970000 1711.000000 136252.613583 (0,3)
Iteration 12351:  378.255000 1704.000000 132787.778195 (1,3)
Iteration 12378:  375.012500 1702.000000 132128.785105 (0,3)
Iteration 13628:  347.520000 1798.000000 99759.355631 (0,3)
Iteration 13805:  318.510000 1796.000000 99030.415149 (0,3)
Iteration 13819:  305.305000 1795.000000 99157.354659 (0,3)
Iteration 13832:  305.305000 1795.000000 99029.308365 (0,3)
Iteration 13842:  303.110000 1795.000000 98971.526146 (0,3)
Iteration 13847:  303.110000 1793.000000 98990.196060 (0,3)
Iteration 13861:  303.110000 1792.000000 99074.254212 (0,3)
Iteration 14034:  299.690000 1793.000000 98839.533754 (0,3)
Iteration 14040:  281.915000 1794.000000 98809.710855 (1,3)
Iteration 14048:  252.745000 1796.000000 98967.858783 (0,3)
Iteration 14065:  252.745000 1795.000000 99122.849128 (0,3)
Iteration 14194:  236.110000 1793.000000 99138.554350 (0,3)
Iteration 14237:  231.705000 1792.000000 98662.144976 (0,3)
Iteration 14271:  209.295000 1790.000000 98625.028207 (0,3)
Iteration 14286:  190.305000 1790.000000 98643.723759 (1,2)
Iteration 14376:  181.510000 1790.000000 98538.420885 (0,3)
Iteration 14377:  181.510000 1789.000000 98598.989088 (2,3)
Iteration 14386:  181.510000 1788.000000 98629.992622 (0,3)
Iteration 14434:  181.510000 1788.000000 98620.243907 (0,3)
Iteration 14435:  181.510000 1787.000000 98442.950552 (0,3)
Iteration 14458:  152.162500 1789.000000 98520.865614 (0,2)
Iteration 14461:  125.172500 1787.000000 99152.304687 (0,3)
Iteration 14585:  122.490000 1786.000000 98716.842723 (0,3)
Iteration 14590:  121.900000 1785.000000 98704.592907 (0,3)
Iteration 14607:  121.900000 1784.000000 98724.987307 (0,3)
Iteration 14638:  121.900000 1783.000000 98815.788228 (0,3)
Iteration 14698:  121.715000 1783.000000 99009.754210 (0,3)
Iteration 14800:  107.735000 1781.000000 99622.041395 (1,1)
Iteration 14837:  106.950000 1783.000000 99620.909929 (1,3)
Iteration 14856:  106.950000 1783.000000 99557.141969 (0,3)
Iteration 14871:  106.950000 1782.000000 99583.833948 (0,3)
Iteration 46683:  82.275000 1623.000000 106950.487197 (0,3)
Iteration 46701:  75.275000 1622.000000 107014.273191 (0,3)
Iteration 46712:  75.275000 1621.000000 107308.996435 (1,3)
Iteration 46725:  68.500000 1619.000000 107373.098100 (0,3)
Iteration 46728:  68.500000 1619.000000 107373.098100 (1,3)
Iteration 46754:  62.905000 1618.000000 107540.932722 (0,3)
Iteration 46762:  59.315000 1618.000000 107554.003366 (0,3)
Iteration 46767:  57.120000 1618.000000 107566.011808 (1,1)
Iteration 46789:  51.120000 1617.000000 107576.729015 (0,3)
Iteration 46866:  49.120000 1616.000000 107585.212039 (0,3)
Iteration 46868:  35.540000 1617.000000 107600.067260 (1,3)
Iteration 46903:  33.325000 1614.000000 107512.306516 (0,3)
Iteration 46952:  30.540000 1614.000000 107141.054866 (0,3)
Iteration 46976:  25.725000 1614.000000 107213.807564 (1,3)
Iteration 47024:  25.725000 1613.000000 107529.847339 (1,3)
Iteration 47064:  25.725000 1613.000000 107495.024348 (0,3)
Iteration 47088:  23.930000 1611.000000 107536.087672 (0,3)
Iteration 47137:  21.755000 1612.000000 107540.616323 (0,3)
Iteration 47194:  21.755000 1611.000000 107448.580977 (0,3)
Iteration 47277:  21.755000 1610.000000 107397.553348 (0,3)
Iteration 47325:  17.755000 1611.000000 107341.934749 (1,1)
Iteration 47607:  17.755000 1611.000000 107147.980285 (0,3)
Iteration 47742:  17.755000 1609.000000 107150.060318 (0,3)
Iteration 47816:  17.755000 1608.000000 107253.098681 (1,0)
Iteration 47823:  17.755000 1607.000000 107589.149653 (0,3)
Iteration 47892:  17.755000 1607.000000 107519.166413 (0,3)
Iteration 47923:  17.755000 1607.000000 107447.616462 (0,3)
Iteration 47934:  16.970000 1606.000000 107785.386314 (0,3)
Iteration 48092:  16.970000 1606.000000 107725.871763 (0,3)
Iteration 48217:  16.970000 1606.000000 107671.002510 (0,3)
Iteration 48271:  16.970000 1606.000000 107664.776662 (0,3)
Iteration 48310:  16.970000 1606.000000 107660.099291 (0,3)
Iteration 48632:  16.970000 1605.000000 107708.568220 (0,3)
Iteration 48693:  16.970000 1605.000000 107423.325898 (0,3)
Iteration 48726:  16.970000 1604.000000 107553.465437 (0,3)
Iteration 48743:  16.970000 1602.000000 107714.037069 (0,3)
Iteration 48744:  16.970000 1602.000000 107714.037069 (1,1)
Iteration 48856:  16.970000 1602.000000 107708.110879 (0,3)
Iteration 48970:  12.940000 1602.000000 107607.876736 (0,3)
Iteration 49037:  10.145000 1601.000000 107432.093090 (0,3)
Iteration 49174:  6.155000 1602.000000 107306.390067 (1,3)
Iteration 49264:  6.155000 1602.000000 107289.554424 (0,3)
Iteration 49280:  4.990000 1599.000000 107412.407461 (0,3)
Iteration 49319:  4.990000 1597.000000 107421.790243 (0,3)
Iteration 49327:  4.990000 1597.000000 107377.720223 (0,3)
Iteration 49399:  4.990000 1597.000000 107315.874282 (0,3)
Iteration 49436:  4.990000 1596.000000 107375.855279 (0,3)
Iteration 49443:  0.000000 1598.000000 107340.915319 (1,2)
Iteration 49538:  0.000000 1597.000000 107256.667489 (0,3)
Iteration 49583:  0.000000 1596.000000 107114.056033 (0,3)
Iteration 49662:  0.000000 1596.000000 107101.032877 (0,3)
total iterations: 57672, time elapsed: 3600.03s
Destroy operator: destroy_random_leafs, Weight: 0.1931, Score: 4793.05, Count: 24764
Destroy operator: destroy_path, Weight: 0.0999, Score: 1280.95, Count: 12836
Destroy operator: destroy_worst_affinity, Weight: 0.0794, Score: 898.10, Count: 11311
Destroy operator: destroy_district_group, Weight: 0.0608, Score: 532.25, Count: 8760
Repair operator: repair_greedy_feasible, Weight: 0.0696, Score: 726.80, Count: 10439
Repair operator: repair_affinity_compact, Weight: 0.0698, Score: 710.65, Count: 10188
Repair operator: repair_nearest_center, Weight: 0.0719, Score: 747.10, Count: 10400
Repair operator: repair_2regret, Weight: 0.1993, Score: 5319.80, Count: 26644
