Initial solution objectives: Balance violation = 46329.0520, Affinity loss = 1955, Compactness = 57048.8387
Iteration 0:  46321.294000 1953.000000 56830.166243 (0,2)
Iteration 2:  44758.990000 1950.000000 56887.835473 (2,0)
Iteration 3:  44635.572000 1950.000000 56976.039215 (1,0)
Iteration 4:  43979.976000 1952.000000 57099.010500 (0,0)
Iteration 12:  42783.830000 1943.000000 57543.667740 (0,3)
Iteration 14:  41885.670000 1942.000000 57471.463882 (0,3)
Iteration 16:  41066.956000 1941.000000 57710.482200 (0,3)
Iteration 18:  40162.930000 1940.000000 57832.907365 (3,2)
Iteration 519:  34347.718000 1956.000000 59006.938177 (3,0)
Iteration 1020:  31181.432000 1878.000000 58463.980017 (3,0)
Iteration 2022:  30400.272000 1954.000000 57269.992462 (0,2)
Iteration 2023:  29941.350000 1953.000000 57448.242617 (0,0)
Iteration 3527:  17658.538000 1923.000000 56153.079721 (2,2)
Iteration 8638:  17638.876000 1864.000000 55268.296930 (3,3)
Iteration 8639:  17174.534000 1864.000000 55217.162396 (0,1)
Iteration 8640:  17156.284000 1864.000000 55365.494917 (1,3)
Iteration 8752:  16585.266000 1855.000000 55639.429047 (0,3)
Iteration 8757:  16468.068000 1853.000000 55670.114932 (0,3)
Iteration 8771:  15599.650000 1850.000000 55867.748088 (0,3)
Iteration 8782:  14196.962000 1849.000000 57794.857856 (0,3)
Iteration 8835:  14136.378000 1849.000000 58494.735902 (0,3)
Iteration 8862:  13896.594000 1848.000000 59375.226758 (0,3)
Iteration 8864:  13893.912000 1849.000000 59713.644901 (0,0)
Iteration 8875:  13627.128000 1849.000000 59752.484132 (0,3)
Iteration 8877:  13522.128000 1849.000000 59778.708534 (2,3)
Iteration 8980:  13314.560000 1849.000000 58601.745178 (0,3)
Iteration 8984:  13039.794000 1853.000000 58642.128174 (0,3)
Iteration 8987:  12913.598000 1853.000000 58670.803814 (1,3)
Iteration 9000:  12904.594000 1853.000000 58831.166095 (1,2)
Iteration 9004:  12635.410000 1856.000000 58766.805744 (0,3)
Iteration 9009:  11874.398000 1859.000000 58877.471965 (0,3)
Iteration 9052:  11645.690000 1858.000000 58781.068930 (0,3)
Iteration 10097:  11220.074000 1952.000000 58330.591939 (0,3)
Iteration 10099:  11086.786000 1952.000000 58366.813303 (1,3)
Iteration 10890:  10872.246000 1937.000000 60677.547457 (0,3)
Iteration 10893:  10863.202000 1937.000000 60725.967545 (0,3)
Iteration 10895:  10764.740000 1937.000000 60691.217815 (0,3)
Iteration 10900:  10688.102000 1937.000000 60776.786922 (0,3)
Iteration 10903:  10557.306000 1937.000000 61076.413763 (0,3)
Iteration 10906:  10521.018000 1937.000000 61138.956037 (2,3)
Iteration 10910:  10478.018000 1937.000000 61247.643037 (0,3)
Iteration 10920:  10280.442000 1937.000000 61321.706073 (0,3)
Iteration 10931:  10097.026000 1937.000000 61375.839051 (0,3)
Iteration 10935:  10043.938000 1936.000000 61274.082988 (0,3)
Iteration 10943:  9915.106000 1936.000000 61307.171478 (0,3)
Iteration 10999:  9856.452000 1935.000000 61751.736819 (0,3)
Iteration 11025:  9847.740000 1935.000000 62090.011811 (0,3)
Iteration 11026:  9792.740000 1934.000000 62028.560307 (0,3)
Iteration 11027:  9785.326000 1934.000000 61965.341231 (0,3)
Iteration 11173:  9562.030000 1933.000000 61669.164389 (0,3)
Iteration 11177:  9523.988000 1933.000000 61724.110692 (0,3)
Iteration 11179:  9504.406000 1933.000000 61785.337947 (0,3)
Iteration 11183:  9453.824000 1934.000000 61709.105005 (0,3)
Iteration 11191:  9405.242000 1934.000000 61620.909446 (0,3)
Iteration 11234:  9399.124000 1936.000000 61164.913947 (0,3)
Iteration 11250:  9394.292000 1936.000000 61173.240672 (2,3)
Iteration 11264:  9280.124000 1936.000000 61095.918059 (0,3)
Iteration 11415:  9253.688000 1933.000000 61612.235597 (0,3)
Iteration 11418:  8853.198000 1935.000000 61647.955262 (0,3)
Iteration 11419:  8848.744000 1936.000000 61748.561657 (0,3)
Iteration 11433:  8843.912000 1936.000000 61761.307857 (0,3)
Iteration 11453:  8650.906000 1935.000000 61763.312996 (0,3)
Iteration 11455:  8449.498000 1936.000000 61724.827638 (1,2)
Iteration 11480:  8367.090000 1936.000000 61935.250475 (0,3)
Iteration 11580:  8298.006000 1935.000000 61854.389982 (0,3)
Iteration 11581:  8275.006000 1935.000000 61807.330103 (1,2)
Iteration 11582:  8240.838000 1937.000000 61841.560208 (0,3)
Iteration 11583:  8151.828000 1937.000000 61848.858196 (0,3)
Iteration 11584:  8147.996000 1937.000000 61878.199245 (1,2)
Iteration 11595:  7790.996000 1937.000000 61811.221933 (0,3)
Iteration 11612:  7752.990000 1935.000000 61877.264730 (0,3)
Iteration 11615:  7752.990000 1935.000000 61838.392290 (0,3)
Iteration 11739:  7737.108000 1932.000000 62180.932429 (0,3)
Iteration 11743:  7737.108000 1932.000000 62170.380257 (0,3)
Iteration 12154:  7718.702000 1926.000000 61748.394241 (0,3)
Iteration 12158:  7704.334000 1926.000000 61705.629608 (0,3)
Iteration 12161:  7624.196000 1926.000000 61430.513477 (0,3)
Iteration 12169:  7576.190000 1926.000000 61431.141382 (0,3)
Iteration 12172:  7568.608000 1926.000000 61474.451933 (0,3)
Iteration 12200:  7477.608000 1926.000000 61471.267703 (2,3)
Iteration 12204:  7477.608000 1925.000000 61458.268212 (0,3)
Iteration 12217:  7468.440000 1925.000000 61717.965091 (0,3)
Iteration 12233:  7435.194000 1923.000000 61753.823007 (1,2)
Iteration 12235:  7397.362000 1925.000000 61677.241105 (0,3)
Iteration 12245:  7395.362000 1925.000000 61618.582685 (0,3)
Iteration 12256:  7387.688000 1927.000000 61687.773663 (0,3)
Iteration 12264:  7097.616000 1925.000000 61776.664152 (0,3)
Iteration 12273:  6747.122000 1924.000000 61778.703671 (0,3)
Iteration 12284:  6688.708000 1924.000000 61794.506610 (0,3)
Iteration 12292:  6685.708000 1924.000000 61706.727694 (0,3)
Iteration 12319:  6681.418000 1924.000000 61690.013280 (1,2)
Iteration 12321:  6664.122000 1924.000000 61581.864645 (0,3)
Iteration 12336:  6663.122000 1924.000000 61600.007015 (0,3)
Iteration 12350:  6663.122000 1924.000000 61556.229579 (0,3)
Iteration 12948:  6589.160000 1948.000000 62717.112555 (0,3)
Iteration 12949:  6585.288000 1948.000000 62769.069530 (2,3)
Iteration 12955:  6516.246000 1948.000000 62844.539044 (0,0)
Iteration 12956:  6358.896000 1948.000000 63039.608596 (0,3)
Iteration 12958:  6282.026000 1948.000000 63080.064425 (0,3)
Iteration 12959:  5851.788000 1947.000000 62968.112158 (0,3)
Iteration 12960:  5822.076000 1946.000000 63015.682594 (0,3)
Iteration 12963:  5804.244000 1946.000000 62975.919415 (0,3)
Iteration 12967:  5801.662000 1946.000000 63054.201085 (2,3)
Iteration 12979:  5306.792000 1946.000000 63078.245661 (0,3)
Iteration 12987:  5250.038000 1945.000000 63377.649518 (2,3)
Iteration 12989:  5235.046000 1946.000000 63128.659047 (0,3)
Iteration 12997:  5222.454000 1944.000000 63103.464356 (0,3)
Iteration 13019:  5221.852000 1940.000000 63076.058742 (0,3)
Iteration 13028:  5204.020000 1940.000000 63049.609264 (0,3)
Iteration 13040:  5183.678000 1942.000000 63101.255117 (1,2)
Iteration 13047:  5115.678000 1941.000000 63125.731685 (0,3)
Iteration 13055:  5087.430000 1939.000000 63024.821867 (0,3)
Iteration 13137:  4841.510000 1936.000000 63348.998347 (0,3)
Iteration 13141:  4829.510000 1935.000000 63355.965473 (0,3)
Iteration 13149:  4821.678000 1935.000000 63464.365488 (0,3)
Iteration 13156:  4800.260000 1935.000000 63377.346130 (0,3)
Iteration 13157:  4774.634000 1935.000000 63296.227387 (0,3)
Iteration 13165:  4735.220000 1935.000000 63367.118360 (0,3)
Iteration 13168:  4573.812000 1937.000000 63240.852335 (1,3)
Iteration 13171:  4496.006000 1937.000000 63392.579827 (1,3)
Iteration 13181:  4477.174000 1937.000000 63398.602246 (0,3)
Iteration 13209:  4473.844000 1933.000000 63442.431219 (0,3)
Iteration 13211:  4472.556000 1933.000000 63452.335324 (1,3)
Iteration 13213:  4456.252000 1933.000000 63444.625825 (0,3)
Iteration 13222:  4413.420000 1933.000000 63412.913060 (0,3)
Iteration 13242:  4248.156000 1935.000000 63440.360009 (0,3)
Iteration 13243:  4230.962000 1935.000000 63448.015953 (0,3)
Iteration 13284:  4200.642000 1936.000000 63593.786445 (0,3)
Iteration 13291:  4197.570000 1936.000000 63556.483328 (0,3)
Iteration 13303:  4173.746000 1936.000000 63484.542684 (0,3)
Iteration 13309:  4136.072000 1938.000000 63509.787795 (0,3)
Iteration 13329:  4087.474000 1937.000000 63326.007614 (0,3)
Iteration 13331:  4084.892000 1937.000000 63404.289283 (0,3)
Iteration 13335:  4004.724000 1940.000000 63541.250915 (0,3)
Iteration 13451:  3716.358000 1938.000000 62973.176504 (0,3)
Iteration 13468:  3482.804000 1940.000000 62901.368857 (0,3)
Iteration 13470:  3220.962000 1940.000000 63194.975462 (0,3)
Iteration 13478:  3212.962000 1940.000000 63117.753927 (0,3)
Iteration 13483:  3199.304000 1940.000000 63145.154581 (0,3)
Iteration 13486:  3199.304000 1940.000000 63140.902192 (0,3)
Iteration 13490:  3199.304000 1940.000000 63077.939960 (0,3)
Iteration 13548:  3111.616000 1938.000000 63268.932032 (0,3)
Iteration 13549:  3091.784000 1937.000000 63232.799637 (0,3)
Iteration 13550:  2923.568000 1938.000000 63268.982712 (0,3)
Iteration 13551:  2915.568000 1938.000000 63264.940425 (0,3)
Iteration 13566:  2895.976000 1938.000000 63232.540681 (0,3)
Iteration 13607:  2856.948000 1937.000000 63429.420005 (1,3)
Iteration 13612:  2846.820000 1937.000000 63281.945237 (0,3)
Iteration 13656:  2779.220000 1936.000000 63377.288170 (0,3)
Iteration 13662:  2713.878000 1937.000000 63399.695355 (0,3)
Iteration 13719:  2646.146000 1934.000000 63050.697693 (0,3)
Iteration 73724:  2643.490000 1935.000000 60328.030377 (0,3)
Iteration 73732:  2627.860000 1935.000000 60357.624525 (0,3)
Iteration 73738:  2620.028000 1935.000000 60353.600738 (0,3)
Iteration 73759:  2515.788000 1935.000000 60458.669954 (0,3)
Iteration 73762:  2515.788000 1935.000000 60366.345523 (0,3)
Iteration 73782:  2451.206000 1935.000000 60471.161852 (0,3)
Iteration 73787:  2451.206000 1935.000000 60420.924796 (0,3)
Iteration 73788:  2451.206000 1935.000000 60406.070843 (0,3)
Iteration 73794:  2441.374000 1935.000000 60402.362904 (0,3)
Iteration 73798:  2423.374000 1935.000000 60400.189554 (2,3)
Iteration 73802:  2409.124000 1935.000000 60405.894108 (0,3)
Iteration 73815:  2328.404000 1935.000000 60467.931772 (0,3)
Iteration 73825:  2326.822000 1935.000000 60462.227218 (2,3)
Iteration 73836:  2322.822000 1935.000000 60470.954934 (0,3)
Iteration 73872:  2319.110000 1935.000000 60489.639712 (1,3)
Iteration 73885:  2319.110000 1935.000000 60475.442583 (0,3)
Iteration 73891:  2291.110000 1935.000000 60468.938507 (0,0)
Iteration 73894:  2290.822000 1935.000000 60406.590547 (2,3)
Iteration 73896:  2290.822000 1935.000000 60272.500464 (0,3)
Iteration 73910:  2290.822000 1935.000000 60183.998094 (0,3)
Iteration 73940:  2282.230000 1935.000000 60184.767245 (0,3)
Iteration 73957:  2282.230000 1934.000000 60159.843642 (0,3)
Iteration 73975:  2272.812000 1934.000000 60187.739658 (0,3)
Iteration 73991:  2272.812000 1934.000000 60149.229079 (0,3)
Iteration 74029:  2272.812000 1934.000000 60148.459927 (0,3)
Iteration 74087:  2257.612000 1934.000000 60276.709741 (0,3)
Iteration 74112:  2255.030000 1934.000000 60144.637581 (0,3)
Iteration 74123:  2255.030000 1934.000000 60073.376846 (0,3)
Iteration 74133:  2250.688000 1934.000000 60052.165083 (0,3)
Iteration 74144:  2250.688000 1934.000000 59987.432778 (0,3)
Iteration 74152:  2250.688000 1934.000000 59972.852260 (0,3)
Iteration 74185:  2250.688000 1934.000000 59966.562109 (0,3)
Iteration 74211:  2215.400000 1934.000000 59869.657940 (0,3)
Iteration 74318:  2215.400000 1934.000000 59840.003827 (0,3)
Iteration 74319:  2208.982000 1934.000000 60026.869727 (0,3)
Iteration 74321:  2208.982000 1934.000000 59984.870260 (0,3)
Iteration 74412:  2208.982000 1934.000000 59971.280431 (0,3)
Iteration 74424:  2208.982000 1934.000000 59963.765220 (0,3)
Iteration 74569:  2170.848000 1935.000000 59855.268994 (0,2)
Iteration 74576:  2170.848000 1935.000000 59813.785728 (0,3)
Iteration 74585:  2144.262000 1935.000000 59835.353599 (1,2)
Iteration 74586:  2107.844000 1935.000000 59690.852879 (0,3)
Iteration 74590:  2104.502000 1935.000000 59676.547746 (0,3)
Iteration 74593:  2096.338000 1935.000000 59638.231139 (2,3)
Iteration 74594:  2066.628000 1935.000000 59577.979838 (0,3)
Iteration 74595:  2066.628000 1934.000000 59628.130825 (1,3)
Iteration 74622:  2066.628000 1934.000000 59581.613257 (0,3)
Iteration 74632:  2045.758000 1934.000000 59582.863072 (0,3)
Iteration 74704:  1992.174000 1934.000000 59681.009600 (0,3)
Iteration 74763:  1991.886000 1934.000000 59709.845730 (0,3)
Iteration 74776:  1974.886000 1933.000000 59750.505874 (0,3)
Iteration 74781:  1947.294000 1933.000000 59802.909842 (1,0)
Iteration 74787:  1940.462000 1932.000000 59836.391618 (0,3)
Iteration 74791:  1940.462000 1932.000000 59816.556544 (0,3)
Iteration 74843:  1926.804000 1932.000000 59775.694680 (0,3)
Iteration 74845:  1906.462000 1932.000000 59649.746347 (0,3)
Iteration 74881:  1902.880000 1933.000000 59704.324063 (1,3)
Iteration 75010:  1902.880000 1933.000000 59701.756015 (0,3)
Iteration 75030:  1899.538000 1933.000000 59687.675963 (0,3)
Iteration 75070:  1899.538000 1933.000000 59664.252888 (0,3)
Iteration 75084:  1899.538000 1933.000000 59637.785078 (0,3)
Iteration 75092:  1899.538000 1933.000000 59616.677355 (2,3)
Iteration 75282:  1885.248000 1931.000000 59558.333587 (0,3)
Iteration 75320:  1858.248000 1931.000000 59618.584889 (0,3)
Iteration 75455:  1848.248000 1931.000000 59489.772699 (0,3)
Iteration 75600:  1848.248000 1931.000000 59431.993999 (0,3)
Iteration 117580:  1788.426000 1890.000000 60857.776447 (0,3)
Iteration 117583:  1704.138000 1890.000000 60788.641194 (0,3)
Iteration 117584:  1669.724000 1890.000000 60730.626081 (0,3)
Iteration 117587:  1628.898000 1890.000000 60616.696022 (0,3)
Iteration 117593:  1610.770000 1890.000000 60640.438112 (1,2)
Iteration 117602:  1594.596000 1890.000000 60672.487042 (0,3)
Iteration 117603:  1584.836000 1891.000000 60666.517542 (0,3)
Iteration 117612:  1563.836000 1891.000000 60669.296784 (0,3)
Iteration 117616:  1563.836000 1891.000000 60646.313061 (2,3)
Iteration 117637:  1535.964000 1891.000000 60597.315982 (0,3)
Iteration 117648:  1535.964000 1891.000000 60586.780992 (0,3)
Iteration 117688:  1535.964000 1891.000000 60544.320297 (0,3)
Iteration 117692:  1476.432000 1890.000000 60682.531382 (0,0)
Iteration 117711:  1476.432000 1890.000000 60666.350101 (0,3)
Iteration 117773:  1397.560000 1890.000000 60674.522673 (0,3)
Iteration 117791:  1396.978000 1891.000000 60663.440145 (0,3)
Iteration 117813:  1387.978000 1891.000000 60659.145275 (0,3)
Iteration 117889:  1300.018000 1891.000000 60610.241147 (0,3)
Iteration 117894:  1300.018000 1890.000000 60667.535162 (0,3)
Iteration 117930:  1300.018000 1890.000000 60611.692979 (0,3)
Iteration 117934:  1232.426000 1890.000000 60570.015162 (0,3)
Iteration 117936:  1184.640000 1890.000000 60549.178417 (0,3)
Iteration 117942:  1104.890000 1889.000000 60504.563233 (0,3)
Iteration 118106:  1104.890000 1889.000000 60499.261191 (0,3)
Iteration 118123:  1091.586000 1889.000000 60519.780795 (0,3)
Iteration 118168:  1090.880000 1889.000000 60469.929283 (0,3)
Iteration 118179:  1090.048000 1889.000000 60481.373590 (0,3)
Iteration 118187:  1016.338000 1889.000000 60477.988030 (0,3)
Iteration 118275:  1004.118000 1888.000000 60377.057501 (0,3)
Iteration 118299:  990.118000 1888.000000 60363.799878 (0,3)
Iteration 118309:  990.118000 1888.000000 60363.799878 (1,3)
Iteration 118311:  990.118000 1886.000000 60380.744342 (0,3)
Iteration 118325:  977.990000 1886.000000 60346.401032 (0,3)
Iteration 118341:  977.990000 1886.000000 60325.581050 (0,3)
Iteration 118346:  967.990000 1886.000000 60263.298627 (0,3)
Iteration 118447:  967.990000 1886.000000 60225.198098 (0,3)
Iteration 118465:  967.240000 1886.000000 60261.302623 (0,3)
Iteration 118535:  967.240000 1886.000000 60237.653166 (0,3)
Iteration 118627:  965.648000 1886.000000 60178.251953 (0,3)
Iteration 118698:  663.648000 1886.000000 60209.644099 (1,2)
Iteration 118824:  584.776000 1886.000000 60217.816672 (0,3)
Iteration 119003:  515.474000 1886.000000 60278.133889 (0,3)
Iteration 119118:  515.474000 1885.000000 60380.012973 (0,3)
Iteration 119400:  515.474000 1885.000000 60373.927560 (0,3)
Iteration 119473:  515.474000 1884.000000 60466.987368 (0,3)
Iteration 119483:  515.474000 1884.000000 60422.443509 (1,3)
Iteration 119625:  515.474000 1884.000000 60416.513002 (0,3)
Iteration 119788:  515.474000 1884.000000 60397.575791 (0,3)
Iteration 120142:  515.474000 1883.000000 60298.401482 (0,3)
Iteration 120168:  515.474000 1883.000000 60262.672954 (0,3)
Iteration 120433:  514.132000 1883.000000 60209.697069 (0,3)
Iteration 120471:  514.132000 1883.000000 60111.217707 (0,3)
Iteration 120520:  514.132000 1883.000000 60083.752676 (0,3)
Iteration 120527:  514.132000 1883.000000 60070.960361 (0,3)
Iteration 120529:  514.132000 1883.000000 60062.283484 (0,3)
total iterations: 128634, time elapsed: 3600.08s
Destroy operator: destroy_random_leafs, Weight: 0.2778, Score: 17624.60, Count: 63422
Destroy operator: destroy_path, Weight: 0.1044, Score: 2615.45, Count: 25043
Destroy operator: destroy_worst_affinity, Weight: 0.0977, Score: 2212.05, Count: 22654
Destroy operator: destroy_district_group, Weight: 0.0683, Score: 1195.70, Count: 17514
Repair operator: repair_greedy_feasible, Weight: 0.0833, Score: 1892.15, Count: 22713
Repair operator: repair_affinity_compact, Weight: 0.0648, Score: 1115.10, Count: 17187
Repair operator: repair_nearest_center, Weight: 0.0706, Score: 1417.55, Count: 20064
Repair operator: repair_2regret, Weight: 0.2799, Score: 19223.00, Count: 68669
