Initial solution objectives: Balance violation = 12325.1400, Affinity loss = 933, Compactness = 27223.9467
Iteration 1503:  11698.108000 934.000000 27740.833304 (1,1)
Iteration 2004:  8200.444000 950.000000 28433.969379 (1,3)
Iteration 2005:  8085.238000 950.000000 28396.002465 (1,1)
Iteration 5904:  8050.310000 922.000000 31592.077440 (0,0)
Iteration 5908:  7841.320000 922.000000 32037.199802 (1,3)
Iteration 5912:  7772.034000 922.000000 31903.808253 (0,2)
Iteration 5913:  7725.554000 922.000000 31978.928562 (1,3)
Iteration 5918:  6998.932000 923.000000 32431.193254 (0,3)
Iteration 5944:  6671.888000 921.000000 32010.897085 (0,3)
Iteration 5981:  6145.620000 926.000000 32062.020649 (0,3)
Iteration 6036:  5753.226000 932.000000 30292.103505 (1,2)
Iteration 6043:  5377.922000 929.000000 30990.481048 (0,3)
Iteration 6048:  5189.986000 929.000000 30889.457036 (1,3)
Iteration 7128:  5046.096000 943.000000 29646.861922 (1,0)
Iteration 7129:  5005.050000 943.000000 29625.074735 (1,3)
Iteration 7148:  4959.330000 942.000000 29786.972491 (2,3)
Iteration 7157:  4845.772000 941.000000 30049.268239 (3,3)
Iteration 7171:  4844.568000 939.000000 29661.840574 (2,3)
Iteration 7184:  4804.454000 939.000000 29516.479125 (0,1)
Iteration 7187:  4771.498000 940.000000 29600.689961 (0,3)
Iteration 7188:  4391.716000 940.000000 29610.918372 (3,3)
Iteration 7189:  4353.002000 940.000000 29624.610701 (0,3)
Iteration 7193:  4152.686000 940.000000 29794.335202 (0,3)
Iteration 7920:  4141.608000 931.000000 29610.783281 (0,3)
Iteration 7924:  3944.116000 931.000000 29670.149841 (0,0)
Iteration 7939:  3875.058000 927.000000 30135.561544 (0,3)
Iteration 7949:  3766.116000 927.000000 30334.050942 (0,3)
Iteration 7952:  3379.054000 927.000000 30330.920870 (0,3)
Iteration 7965:  3291.450000 926.000000 31002.370482 (0,3)
Iteration 7981:  3273.226000 926.000000 31019.728077 (0,3)
Iteration 7983:  3149.558000 926.000000 31075.548930 (0,3)
Iteration 8000:  3026.958000 927.000000 31128.723888 (0,3)
Iteration 8054:  2858.728000 931.000000 31148.035212 (0,3)
Iteration 8067:  2813.124000 931.000000 31194.302110 (0,3)
Iteration 8119:  2589.656000 927.000000 31633.681521 (0,3)
Iteration 8130:  2510.422000 925.000000 31417.467118 (0,3)
Iteration 8177:  2446.622000 926.000000 31303.451043 (0,2)
Iteration 8208:  2352.560000 930.000000 31446.130428 (0,3)
Iteration 8211:  2144.828000 930.000000 31387.867723 (0,1)
Iteration 8215:  2136.644000 929.000000 31283.446696 (0,3)
Iteration 8221:  2132.912000 927.000000 31240.248164 (1,3)
Iteration 8466:  1876.422000 920.000000 34205.302395 (0,3)
Iteration 8470:  1789.164000 920.000000 34274.151633 (0,3)
Iteration 8472:  1497.164000 920.000000 34108.671309 (0,3)
Iteration 8495:  1457.776000 922.000000 34004.365485 (0,3)
Iteration 8497:  1444.838000 922.000000 33577.053173 (0,3)
Iteration 8887:  1402.154000 913.000000 32774.654473 (0,3)
Iteration 8888:  1373.154000 914.000000 32816.377490 (0,3)
Iteration 8889:  1362.206000 914.000000 32747.929900 (0,0)
Iteration 8890:  1334.188000 914.000000 32726.581716 (1,2)
Iteration 9129:  1230.040000 914.000000 31944.436156 (0,3)
Iteration 9132:  1196.994000 916.000000 32010.275484 (0,3)
Iteration 9135:  1175.692000 914.000000 32054.418994 (0,3)
Iteration 9141:  1169.138000 914.000000 31994.903306 (0,3)
Iteration 9146:  1147.138000 913.000000 31883.016500 (0,3)
Iteration 9157:  1145.424000 913.000000 31964.305922 (0,0)
Iteration 9166:  1124.424000 914.000000 32006.028939 (0,3)
Iteration 9171:  1092.390000 914.000000 32032.087603 (0,3)
Iteration 9174:  1068.060000 914.000000 32036.771986 (0,3)
Iteration 32185:  1007.298000 935.000000 28652.639691 (0,3)
Iteration 32221:  994.806000 935.000000 28644.858930 (0,3)
Iteration 32232:  978.806000 935.000000 28543.860585 (0,3)
Iteration 32332:  959.584000 935.000000 28644.622092 (0,0)
Iteration 32475:  959.184000 935.000000 28558.095001 (0,3)
Iteration 32568:  956.184000 935.000000 28644.346202 (0,3)
Iteration 32619:  937.184000 935.000000 28638.400128 (0,3)
Iteration 32878:  934.184000 935.000000 28552.148926 (0,3)
Iteration 77761:  896.450000 953.000000 32983.604575 (0,3)
Iteration 77765:  855.628000 953.000000 33058.020493 (0,3)
Iteration 77803:  853.154000 953.000000 33158.702323 (0,0)
Iteration 77853:  810.600000 953.000000 33135.543895 (0,3)
Iteration 77856:  804.868000 953.000000 33070.652313 (0,3)
Iteration 77980:  755.370000 953.000000 33062.346686 (0,3)
Iteration 78075:  754.862000 953.000000 33028.000610 (0,3)
Iteration 78121:  752.862000 953.000000 32984.067287 (0,3)
Iteration 78180:  752.862000 953.000000 32976.356092 (0,3)
Iteration 78250:  718.992000 953.000000 32591.238364 (0,3)
Iteration 78288:  687.718000 952.000000 32601.704149 (0,0)
Iteration 78387:  675.450000 952.000000 32696.021472 (0,3)
Iteration 78419:  668.724000 952.000000 32690.915775 (0,3)
Iteration 78438:  661.500000 952.000000 32665.681899 (0,3)
Iteration 78590:  661.500000 952.000000 32620.132425 (0,3)
Iteration 78612:  614.500000 952.000000 32629.806874 (0,3)
Iteration 78712:  606.718000 952.000000 32695.166243 (0,0)
Iteration 78846:  577.484000 952.000000 32466.699916 (0,0)
Iteration 78856:  568.198000 952.000000 32513.812990 (0,3)
Iteration 79097:  565.484000 952.000000 32496.736128 (0,3)
Iteration 79186:  542.592000 952.000000 32458.679175 (0,3)
Iteration 79236:  531.022000 950.000000 32269.576177 (0,3)
Iteration 79259:  520.748000 950.000000 32233.785929 (0,3)
Iteration 79293:  504.016000 950.000000 32285.559553 (0,3)
Iteration 79308:  504.016000 950.000000 32265.188244 (0,3)
Iteration 79314:  504.016000 950.000000 32253.013237 (0,3)
Iteration 79355:  502.730000 950.000000 32292.293439 (0,3)
Iteration 79408:  493.038000 951.000000 32365.994336 (0,3)
total iterations: 304357, time elapsed: 3600.04s
Destroy operator: destroy_random_leafs, Weight: 0.2542, Score: 37735.50, Count: 148480
Destroy operator: destroy_path, Weight: 0.1067, Score: 6870.65, Count: 64371
Destroy operator: destroy_worst_affinity, Weight: 0.0775, Score: 3554.50, Count: 45850
Destroy operator: destroy_district_group, Weight: 0.0756, Score: 3451.65, Count: 45655
Repair operator: repair_greedy_feasible, Weight: 0.1067, Score: 6896.40, Count: 64643
Repair operator: repair_affinity_compact, Weight: 0.0702, Score: 3045.70, Count: 43418
Repair operator: repair_nearest_center, Weight: 0.0727, Score: 3246.55, Count: 44642
Repair operator: repair_2regret, Weight: 0.2534, Score: 38423.65, Count: 151653
