Initial solution objectives: Balance violation = 15907.2650, Affinity loss = 1825, Compactness = 95223.4566
Iteration 0:  15811.460000 1821.000000 94963.049760 (0,1)
Iteration 2:  15796.830000 1821.000000 94998.353048 (1,1)
Iteration 1505:  13708.715000 1840.000000 97262.371087 (0,3)
Iteration 1507:  12621.715000 1840.000000 97396.455531 (0,3)
Iteration 1508:  11761.765000 1838.000000 97779.182046 (0,3)
Iteration 1509:  11414.705000 1838.000000 97424.070741 (0,2)
Iteration 1514:  10845.180000 1839.000000 97986.669502 (0,3)
Iteration 2015:  9318.820000 1912.000000 93202.520778 (1,1)
Iteration 2523:  9018.655000 1652.000000 93844.030652 (3,3)
Iteration 3553:  8014.115000 1809.000000 96157.483083 (0,3)
Iteration 3556:  7854.155000 1804.000000 95811.254448 (0,2)
Iteration 5061:  7114.565000 1949.000000 98678.143389 (0,0)
Iteration 5062:  6262.985000 1949.000000 98505.595923 (0,2)
Iteration 5064:  5082.825000 1951.000000 99175.278580 (0,3)
Iteration 5065:  4819.880000 1951.000000 99188.105753 (0,3)
Iteration 5066:  4190.650000 1951.000000 99253.340748 (0,3)
Iteration 5071:  4155.190000 1952.000000 99587.019670 (0,3)
Iteration 5076:  3803.650000 1952.000000 99336.559295 (0,1)
Iteration 5089:  3738.975000 1946.000000 98924.261330 (0,3)
Iteration 5090:  3288.690000 1946.000000 98899.201098 (0,3)
Iteration 5093:  2837.690000 1946.000000 98854.819443 (1,2)
Iteration 5098:  2809.740000 1946.000000 98917.482684 (0,3)
Iteration 5100:  2281.515000 1944.000000 98375.151808 (0,1)
Iteration 5103:  2222.515000 1944.000000 98401.206734 (1,2)
Iteration 10366:  2007.455000 1839.000000 96688.540451 (0,3)
Iteration 10368:  1851.055000 1843.000000 96472.759627 (1,0)
Iteration 10370:  1851.055000 1842.000000 96561.287785 (1,1)
Iteration 10374:  1707.420000 1842.000000 96619.750739 (0,3)
Iteration 10376:  1707.420000 1841.000000 96612.548476 (0,3)
Iteration 10392:  1667.695000 1839.000000 96790.153563 (0,3)
Iteration 10442:  1567.010000 1830.000000 96007.903113 (0,1)
Iteration 10445:  1467.010000 1830.000000 96064.700831 (0,3)
Iteration 10446:  1361.150000 1829.000000 96152.317141 (0,3)
Iteration 10453:  1040.150000 1828.000000 95638.187167 (0,3)
Iteration 10458:  981.455000 1827.000000 95267.063076 (0,3)
Iteration 10484:  967.595000 1827.000000 94871.540336 (1,3)
Iteration 10489:  964.730000 1824.000000 94929.715101 (0,3)
Iteration 10522:  702.480000 1833.000000 95056.131246 (0,3)
Iteration 10526:  702.480000 1833.000000 95056.131246 (1,3)
Iteration 10547:  693.250000 1835.000000 95149.724390 (1,3)
Iteration 10582:  647.765000 1834.000000 95234.793343 (0,3)
Iteration 10656:  646.195000 1823.000000 94623.432329 (0,3)
Iteration 13362:  579.565000 1824.000000 92413.756885 (1,3)
Iteration 13363:  579.565000 1824.000000 92268.360438 (0,3)
Iteration 13386:  514.195000 1823.000000 91941.471475 (0,3)
Iteration 13393:  514.195000 1822.000000 92003.312695 (0,3)
Iteration 13395:  497.195000 1822.000000 92035.733582 (0,3)
Iteration 13418:  489.695000 1822.000000 92052.981783 (0,3)
Iteration 13422:  487.970000 1822.000000 91965.867246 (0,3)
Iteration 13427:  453.970000 1822.000000 91893.099743 (0,3)
Iteration 13432:  452.565000 1821.000000 92179.059256 (0,0)
Iteration 13435:  410.565000 1819.000000 92150.884470 (0,2)
Iteration 13449:  352.015000 1818.000000 92037.677775 (1,3)
Iteration 13463:  306.240000 1820.000000 92044.026407 (1,2)
Iteration 13479:  295.470000 1822.000000 91649.877824 (0,2)
Iteration 13483:  270.520000 1820.000000 91548.192830 (0,3)
Iteration 13498:  254.520000 1820.000000 91616.208533 (0,3)
Iteration 13502:  177.660000 1817.000000 91723.655485 (0,3)
Iteration 13503:  171.805000 1816.000000 91971.120551 (0,0)
Iteration 13506:  163.080000 1816.000000 92052.494524 (1,3)
Iteration 13509:  138.710000 1816.000000 92349.635488 (0,3)
Iteration 13553:  110.130000 1815.000000 92727.138108 (1,0)
Iteration 13567:  90.130000 1814.000000 92767.517677 (0,3)
Iteration 13569:  90.130000 1814.000000 92701.573396 (0,3)
Iteration 13809:  54.485000 1802.000000 96040.201045 (0,3)
Iteration 13824:  47.855000 1802.000000 95885.292947 (1,3)
Iteration 13853:  47.855000 1802.000000 95599.183008 (0,3)
Iteration 13884:  25.225000 1802.000000 95352.748299 (0,2)
Iteration 25403:  20.225000 1707.000000 97183.375411 (0,3)
Iteration 25409:  20.225000 1705.000000 97320.808637 (0,3)
Iteration 25427:  20.225000 1703.000000 97282.598262 (0,3)
Iteration 25433:  20.225000 1701.000000 97372.064554 (0,3)
Iteration 25462:  20.225000 1701.000000 97320.178117 (1,1)
Iteration 25481:  0.225000 1699.000000 97273.230987 (0,3)
Iteration 25673:  0.225000 1697.000000 97308.636027 (0,3)
Iteration 25695:  0.000000 1697.000000 97159.498772 (1,0)
Iteration 25717:  0.000000 1697.000000 97053.327917 (1,3)
Iteration 25817:  0.000000 1693.000000 97193.531855 (0,3)
Iteration 25821:  0.000000 1693.000000 97193.439986 (1,1)
Iteration 25850:  0.000000 1693.000000 97186.810620 (1,3)
Iteration 26045:  0.000000 1684.000000 96728.995708 (0,3)
Iteration 26049:  0.000000 1683.000000 96850.753768 (1,3)
Iteration 26052:  0.000000 1679.000000 96748.700202 (0,3)
Iteration 26066:  0.000000 1679.000000 96746.275300 (1,1)
Iteration 26078:  0.000000 1679.000000 96741.368675 (1,1)
Iteration 26089:  0.000000 1679.000000 96708.349785 (1,0)
Iteration 26107:  0.000000 1676.000000 97025.789998 (0,3)
Iteration 26174:  0.000000 1673.000000 97009.785504 (0,3)
Iteration 26293:  0.000000 1672.000000 97111.656346 (0,3)
Iteration 26351:  0.000000 1672.000000 97101.048985 (0,3)
Iteration 26358:  0.000000 1670.000000 97134.975723 (0,3)
Iteration 26371:  0.000000 1669.000000 97200.672459 (1,3)
Iteration 26470:  0.000000 1669.000000 96932.483096 (0,3)
Iteration 26504:  0.000000 1668.000000 96891.567582 (0,3)
Iteration 26509:  0.000000 1668.000000 96886.243993 (1,0)
Iteration 26523:  0.000000 1668.000000 96830.825257 (1,3)
Iteration 26538:  0.000000 1667.000000 96670.014522 (0,3)
Iteration 26570:  0.000000 1665.000000 96652.080212 (0,3)
Iteration 26597:  0.000000 1664.000000 96533.384521 (0,3)
Iteration 26693:  0.000000 1664.000000 96497.194196 (0,3)
Iteration 26699:  0.000000 1663.000000 96580.435925 (0,3)
Iteration 26712:  0.000000 1662.000000 96771.456544 (0,3)
Iteration 26774:  0.000000 1662.000000 96761.512975 (1,2)
Iteration 26863:  0.000000 1662.000000 96761.432827 (0,3)
Iteration 26873:  0.000000 1661.000000 96734.527556 (0,3)
Iteration 26890:  0.000000 1660.000000 96747.754132 (1,3)
Iteration 26929:  0.000000 1660.000000 96694.357496 (0,3)
Iteration 26981:  0.000000 1660.000000 96648.415845 (1,3)
Iteration 26990:  0.000000 1659.000000 96595.203163 (0,3)
Iteration 27011:  0.000000 1659.000000 96585.954749 (0,3)
Iteration 27167:  0.000000 1658.000000 96602.835523 (1,0)
Iteration 27346:  0.000000 1658.000000 96017.605107 (1,0)
Iteration 27459:  0.000000 1658.000000 96006.300333 (0,3)
Iteration 27471:  0.000000 1658.000000 95902.278271 (0,3)
Iteration 27493:  0.000000 1657.000000 95995.879861 (0,3)
Iteration 27506:  0.000000 1655.000000 96124.699997 (1,3)
Iteration 27628:  0.000000 1655.000000 96122.428541 (1,2)
Iteration 27713:  0.000000 1654.000000 96285.764514 (0,3)
Iteration 27718:  0.000000 1651.000000 96364.620297 (0,3)
Iteration 27736:  0.000000 1651.000000 96348.756090 (1,2)
Iteration 27780:  0.000000 1651.000000 96289.584567 (0,3)
Iteration 27965:  0.000000 1650.000000 96336.057659 (0,3)
Iteration 28054:  0.000000 1648.000000 96347.193111 (0,3)
Iteration 28107:  0.000000 1646.000000 96436.402596 (0,3)
Iteration 28127:  0.000000 1645.000000 96553.208104 (0,3)
Iteration 28206:  0.000000 1643.000000 96482.595695 (0,3)
Iteration 28223:  0.000000 1643.000000 96463.744451 (1,3)
Iteration 28356:  0.000000 1643.000000 96354.932074 (0,3)
Iteration 28459:  0.000000 1643.000000 96336.236452 (1,3)
Iteration 28783:  0.000000 1642.000000 96385.059106 (0,3)
Iteration 28842:  0.000000 1641.000000 96309.509219 (0,0)
Iteration 28894:  0.000000 1640.000000 96394.180870 (0,3)
Iteration 28915:  0.000000 1640.000000 96388.857281 (0,3)
Iteration 28939:  0.000000 1640.000000 96368.361244 (1,2)
Iteration 28946:  0.000000 1639.000000 96252.080263 (0,3)
Iteration 28968:  0.000000 1639.000000 96222.221956 (0,3)
Iteration 28970:  0.000000 1638.000000 96263.717093 (1,3)
Iteration 28982:  0.000000 1638.000000 96238.704874 (1,1)
Iteration 28983:  0.000000 1638.000000 96220.530304 (1,0)
Iteration 29023:  0.000000 1637.000000 96266.339483 (0,3)
Iteration 29031:  0.000000 1636.000000 96572.555677 (0,3)
Iteration 29053:  0.000000 1635.000000 96690.286558 (0,3)
Iteration 29088:  0.000000 1633.000000 96695.359446 (0,3)
Iteration 29139:  0.000000 1632.000000 96789.356139 (1,2)
Iteration 29177:  0.000000 1629.000000 97079.632302 (0,3)
Iteration 29284:  0.000000 1628.000000 97223.421282 (1,3)
Iteration 29322:  0.000000 1628.000000 97221.149827 (1,2)
Iteration 29370:  0.000000 1625.000000 97103.684518 (1,3)
Iteration 29390:  0.000000 1625.000000 97092.937390 (1,1)
Iteration 29392:  0.000000 1625.000000 97036.035214 (0,3)
Iteration 29419:  0.000000 1624.000000 96773.837443 (0,3)
Iteration 29428:  0.000000 1622.000000 96689.440161 (0,3)
Iteration 29442:  0.000000 1622.000000 96656.822844 (1,2)
Iteration 29467:  0.000000 1622.000000 96570.565508 (0,3)
Iteration 29492:  0.000000 1617.000000 96938.046337 (0,3)
Iteration 29503:  0.000000 1617.000000 96866.825138 (0,0)
Iteration 29525:  0.000000 1614.000000 96689.801075 (0,3)
Iteration 29535:  0.000000 1614.000000 96635.248546 (0,3)
Iteration 29565:  0.000000 1612.000000 96662.014295 (1,0)
Iteration 29585:  0.000000 1611.000000 96794.151582 (1,1)
Iteration 29589:  0.000000 1611.000000 96696.181827 (0,3)
Iteration 29641:  0.000000 1604.000000 96855.314833 (0,3)
Iteration 29645:  0.000000 1601.000000 97084.928323 (0,3)
Iteration 29711:  0.000000 1601.000000 97040.065476 (0,3)
Iteration 29730:  0.000000 1600.000000 97077.825676 (1,1)
Iteration 29799:  0.000000 1600.000000 97059.114615 (0,3)
Iteration 29830:  0.000000 1599.000000 96940.518993 (0,3)
Iteration 29851:  0.000000 1599.000000 96938.680806 (1,3)
Iteration 29853:  0.000000 1598.000000 96937.567909 (0,3)
Iteration 29978:  0.000000 1596.000000 96861.008472 (1,3)
Iteration 30016:  0.000000 1595.000000 96846.019263 (0,3)
Iteration 30112:  0.000000 1594.000000 96866.195540 (1,2)
Iteration 30187:  0.000000 1592.000000 96736.669999 (0,3)
total iterations: 85645, time elapsed: 3600.02s
Destroy operator: destroy_random_leafs, Weight: 0.1941, Score: 6823.95, Count: 35227
Destroy operator: destroy_path, Weight: 0.1182, Score: 2642.35, Count: 22387
Destroy operator: destroy_worst_affinity, Weight: 0.0826, Score: 1262.50, Count: 15294
Destroy operator: destroy_district_group, Weight: 0.0624, Score: 795.65, Count: 12736
Repair operator: repair_greedy_feasible, Weight: 0.0794, Score: 1203.80, Count: 15185
Repair operator: repair_affinity_compact, Weight: 0.0778, Score: 1248.25, Count: 16051
Repair operator: repair_nearest_center, Weight: 0.0923, Score: 1642.45, Count: 17809
Repair operator: repair_2regret, Weight: 0.2033, Score: 7429.95, Count: 36599
