Initial solution objectives: Balance violation = 33847.8200, Affinity loss = 1736, Compactness = 93518.3612
Iteration 2:  33249.115000 1731.000000 93716.338071 (0,3)
Iteration 3:  33077.115000 1728.000000 93457.933329 (0,3)
Iteration 4:  31756.160000 1726.000000 94020.284516 (0,3)
Iteration 5:  30225.380000 1725.000000 93504.492839 (0,2)
Iteration 6:  28184.115000 1705.000000 103930.034845 (3,0)
Iteration 507:  16636.645000 1742.000000 94260.674737 (0,2)
Iteration 508:  16636.645000 1742.000000 94260.674737 (1,2)
Iteration 511:  16300.080000 1733.000000 93884.569735 (0,1)
Iteration 512:  16167.300000 1733.000000 93970.891041 (1,1)
Iteration 513:  15682.520000 1734.000000 93829.278691 (0,0)
Iteration 514:  14513.825000 1728.000000 93786.263351 (2,1)
Iteration 2520:  11684.815000 1842.000000 92592.915101 (1,3)
Iteration 2521:  10615.550000 1839.000000 92805.721958 (0,0)
Iteration 6590:  9676.035000 1721.000000 96594.325351 (3,3)
Iteration 6601:  9057.220000 1721.000000 96517.749034 (0,3)
Iteration 6603:  9057.220000 1719.000000 96609.056433 (2,3)
Iteration 6604:  8320.960000 1718.000000 96651.559971 (0,3)
Iteration 9671:  8046.680000 1774.000000 96197.790511 (0,3)
Iteration 9681:  7658.670000 1772.000000 96435.024864 (0,0)
Iteration 9684:  7378.635000 1773.000000 96153.250408 (0,3)
Iteration 9694:  7305.815000 1773.000000 96092.434238 (1,2)
Iteration 9721:  6675.330000 1771.000000 96070.724696 (0,3)
Iteration 9732:  5999.790000 1770.000000 95928.795675 (1,2)
Iteration 9740:  5621.615000 1770.000000 95979.201700 (1,3)
Iteration 9745:  4944.235000 1770.000000 96136.833100 (0,3)
Iteration 9810:  4131.320000 1761.000000 95284.570685 (1,2)
Iteration 9820:  3862.510000 1758.000000 95332.161102 (0,3)
Iteration 9824:  3860.820000 1761.000000 95592.916521 (0,3)
Iteration 9828:  3807.040000 1761.000000 95778.550598 (0,3)
Iteration 9833:  3717.940000 1761.000000 95635.139177 (0,3)
Iteration 9878:  3584.035000 1761.000000 95214.955945 (1,1)
Iteration 9885:  3541.130000 1764.000000 95009.549325 (1,2)
Iteration 9906:  3415.250000 1760.000000 94789.265724 (1,2)
Iteration 9926:  3323.285000 1762.000000 95138.889518 (1,1)
Iteration 9972:  3254.255000 1754.000000 98979.969526 (0,0)
Iteration 9976:  3188.610000 1752.000000 98855.513539 (0,0)
Iteration 9983:  3178.950000 1750.000000 98855.149760 (0,0)
Iteration 9987:  3124.090000 1752.000000 98676.781349 (1,0)
Iteration 10074:  3004.455000 1753.000000 98477.623564 (0,3)
Iteration 10077:  2988.975000 1753.000000 98440.319348 (1,3)
Iteration 10079:  2986.155000 1753.000000 98196.132727 (1,3)
Iteration 10269:  2469.535000 1758.000000 97189.869929 (0,3)
Iteration 10273:  2178.835000 1755.000000 96886.457956 (0,2)
Iteration 10275:  1962.395000 1752.000000 96627.924312 (0,2)
Iteration 10288:  1877.235000 1752.000000 97662.956840 (0,3)
Iteration 10299:  1827.535000 1747.000000 97712.120891 (0,1)
Iteration 10302:  1627.055000 1749.000000 97298.854166 (1,1)
Iteration 10499:  1583.420000 1724.000000 96891.716452 (0,3)
Iteration 10508:  1414.945000 1723.000000 97263.728112 (0,3)
Iteration 10536:  1391.560000 1722.000000 96666.708033 (0,3)
Iteration 10540:  1302.125000 1726.000000 96517.543998 (1,1)
Iteration 10543:  1209.980000 1725.000000 96647.793755 (0,3)
Iteration 10576:  1140.455000 1719.000000 99262.400873 (1,1)
Iteration 10577:  1104.625000 1721.000000 98734.803610 (0,2)
Iteration 10578:  1069.145000 1719.000000 98632.967575 (0,2)
Iteration 10589:  1025.555000 1716.000000 98942.347858 (0,3)
Iteration 10592:  976.600000 1714.000000 99037.964130 (0,3)
Iteration 10643:  952.465000 1712.000000 99440.234811 (0,3)
Iteration 10647:  929.385000 1711.000000 99111.729111 (0,3)
Iteration 10663:  917.490000 1707.000000 98936.924139 (0,1)
Iteration 10700:  639.645000 1698.000000 99884.205992 (0,3)
Iteration 13539:  417.670000 1560.000000 100968.393660 (0,3)
Iteration 13552:  415.410000 1553.000000 100882.579580 (0,3)
Iteration 13587:  135.110000 1556.000000 100697.164035 (1,3)
Iteration 13720:  25.855000 1549.000000 100733.994337 (0,0)
Iteration 13731:  25.855000 1545.000000 100482.673987 (0,3)
Iteration 13734:  25.855000 1543.000000 100373.209717 (0,3)
total iterations: 65953, time elapsed: 3600.02s
Destroy operator: destroy_random_leafs, Weight: 0.6923, Score: 13410.50, Count: 19369
Destroy operator: destroy_path, Weight: 0.5944, Score: 9836.50, Count: 16550
Destroy operator: destroy_worst_affinity, Weight: 0.5445, Score: 8335.00, Count: 15309
Destroy operator: destroy_district_group, Weight: 0.5116, Score: 7534.00, Count: 14724
Repair operator: repair_greedy_feasible, Weight: 0.5470, Score: 8595.50, Count: 15715
Repair operator: repair_affinity_compact, Weight: 0.5439, Score: 8407.00, Count: 15457
Repair operator: repair_nearest_center, Weight: 0.5520, Score: 8660.50, Count: 15689
Repair operator: repair_2regret, Weight: 0.7046, Score: 13453.00, Count: 19091
