Initial solution objectives: Balance violation = 8809.3200, Affinity loss = 948, Compactness = 51911.9818
Iteration 1003:  5570.500000 932.000000 48426.269397 (1,3)
Iteration 1505:  5362.870000 965.000000 45977.304680 (1,2)
Iteration 1506:  5339.540000 965.000000 46099.463180 (1,3)
Iteration 1546:  4646.810000 959.000000 46277.517405 (3,3)
Iteration 1548:  3993.200000 960.000000 45743.047846 (0,2)
Iteration 4556:  3083.255000 844.000000 48568.695353 (3,3)
Iteration 4563:  2819.230000 842.000000 48904.271167 (0,0)
Iteration 5645:  2658.815000 892.000000 47080.828812 (1,1)
Iteration 5647:  2396.655000 891.000000 46978.551926 (0,3)
Iteration 5672:  1875.855000 886.000000 52583.884804 (0,3)
Iteration 5674:  1830.215000 887.000000 52564.334528 (0,3)
Iteration 5675:  1698.815000 887.000000 52364.355216 (1,2)
Iteration 5723:  1473.920000 884.000000 50523.797734 (0,2)
Iteration 5724:  1095.875000 878.000000 50479.601284 (0,3)
Iteration 5727:  863.930000 876.000000 51265.709817 (0,3)
Iteration 5728:  597.900000 876.000000 52388.453505 (0,0)
Iteration 5730:  491.570000 875.000000 52377.118021 (0,3)
Iteration 8446:  431.240000 863.000000 53537.619491 (1,2)
Iteration 8452:  425.240000 864.000000 53417.008063 (0,2)
Iteration 8456:  423.955000 863.000000 53431.622883 (1,0)
Iteration 8474:  417.555000 858.000000 53382.391702 (0,3)
Iteration 8608:  322.200000 855.000000 55958.529641 (0,3)
Iteration 8612:  309.945000 854.000000 55930.505066 (1,3)
Iteration 8627:  299.665000 854.000000 56441.208350 (0,3)
Iteration 8983:  293.160000 851.000000 59631.129241 (1,1)
Iteration 8985:  248.890000 851.000000 59663.720613 (1,0)
Iteration 9018:  170.235000 850.000000 58268.314798 (1,3)
Iteration 9019:  163.905000 851.000000 58403.343650 (0,3)
Iteration 10310:  151.735000 835.000000 51428.256407 (0,3)
Iteration 10313:  143.735000 835.000000 51239.340802 (0,3)
Iteration 10316:  139.675000 836.000000 51342.964912 (0,3)
Iteration 10353:  134.790000 834.000000 51308.662617 (0,3)
Iteration 10679:  50.260000 830.000000 51799.587027 (0,3)
Iteration 10696:  47.645000 831.000000 51452.893495 (0,3)
Iteration 10702:  47.645000 829.000000 51358.605302 (0,3)
Iteration 10740:  46.050000 832.000000 51150.776931 (1,2)
Iteration 10767:  40.375000 830.000000 53647.720810 (0,3)
Iteration 10965:  39.575000 823.000000 52498.910538 (0,3)
Iteration 14737:  29.515000 853.000000 58299.016169 (0,3)
Iteration 14753:  29.515000 852.000000 58263.222711 (0,3)
Iteration 14788:  26.130000 851.000000 58193.740829 (0,3)
Iteration 14844:  26.130000 848.000000 57867.868277 (0,0)
Iteration 14856:  26.130000 848.000000 57830.148025 (0,3)
Iteration 14977:  25.920000 849.000000 58188.951958 (0,3)
Iteration 14990:  25.920000 847.000000 57954.353254 (0,3)
Iteration 15019:  25.920000 847.000000 57888.628740 (1,0)
Iteration 15176:  19.845000 849.000000 58125.478887 (2,3)
Iteration 15204:  19.845000 846.000000 58191.189331 (0,3)
Iteration 15208:  18.230000 846.000000 57814.544178 (0,2)
Iteration 15244:  16.845000 847.000000 57804.821721 (0,3)
Iteration 15262:  16.845000 845.000000 57794.059534 (0,3)
Iteration 15281:  16.845000 845.000000 57758.996440 (0,3)
Iteration 15287:  15.460000 843.000000 57888.676369 (0,3)
Iteration 15293:  11.460000 843.000000 57708.107246 (0,3)
Iteration 15295:  11.460000 843.000000 57683.404441 (0,3)
Iteration 15317:  11.460000 843.000000 57553.730499 (0,3)
Iteration 15437:  8.190000 840.000000 57723.992303 (0,2)
Iteration 15439:  8.190000 839.000000 57733.714761 (1,1)
Iteration 15448:  8.190000 837.000000 57711.878558 (0,3)
Iteration 15452:  8.190000 836.000000 57737.507718 (0,3)
Iteration 15476:  7.460000 837.000000 57760.077791 (1,0)
Iteration 15730:  3.460000 836.000000 58322.533228 (1,3)
Iteration 15864:  2.730000 836.000000 58070.620955 (1,3)
Iteration 15876:  2.730000 836.000000 58021.097275 (1,2)
Iteration 15881:  2.730000 835.000000 57784.038958 (0,3)
Iteration 16197:  2.730000 832.000000 60781.878196 (0,0)
Iteration 16201:  2.730000 832.000000 60606.291548 (1,3)
Iteration 16210:  2.730000 832.000000 60434.716719 (0,3)
Iteration 16226:  2.730000 830.000000 60262.034442 (0,3)
Iteration 16227:  2.730000 830.000000 60209.218278 (0,3)
Iteration 29225:  2.330000 934.000000 50322.810384 (1,3)
Iteration 29234:  0.000000 932.000000 50631.757169 (0,3)
Iteration 29246:  0.000000 932.000000 50596.147110 (2,3)
Iteration 29307:  0.000000 932.000000 50365.093217 (0,3)
Iteration 29333:  0.000000 931.000000 50612.889103 (0,3)
Iteration 29358:  0.000000 931.000000 50575.577157 (0,3)
Iteration 29389:  0.000000 930.000000 50455.826338 (0,3)
Iteration 29455:  0.000000 929.000000 50648.366692 (0,3)
Iteration 29514:  0.000000 929.000000 50422.716213 (0,3)
Iteration 29525:  0.000000 929.000000 50391.483930 (0,3)
Iteration 29594:  0.000000 929.000000 50388.794482 (0,3)
Iteration 29629:  0.000000 929.000000 50316.486483 (0,3)
Iteration 29918:  0.000000 929.000000 50116.200798 (1,2)
Iteration 29921:  0.000000 929.000000 50112.959761 (0,3)
Iteration 29943:  0.000000 929.000000 49834.129273 (0,3)
Iteration 29980:  0.000000 928.000000 50004.556726 (0,3)
Iteration 30341:  0.000000 928.000000 49939.692072 (0,3)
Iteration 30377:  0.000000 927.000000 50280.342677 (0,3)
Iteration 30733:  0.000000 927.000000 50261.680008 (0,3)
Iteration 30790:  0.000000 927.000000 50217.440600 (0,3)
Iteration 30793:  0.000000 927.000000 50187.292877 (2,3)
Iteration 30827:  0.000000 926.000000 50284.737343 (0,3)
Iteration 30847:  0.000000 925.000000 50119.453217 (0,3)
Iteration 30856:  0.000000 925.000000 50043.513806 (0,3)
Iteration 30892:  0.000000 924.000000 50118.964057 (0,3)
Iteration 30987:  0.000000 923.000000 50231.250194 (0,3)
Iteration 31002:  0.000000 923.000000 50215.823649 (0,3)
Iteration 31011:  0.000000 922.000000 50395.102356 (1,3)
Iteration 31032:  0.000000 921.000000 50533.114307 (0,3)
Iteration 31070:  0.000000 921.000000 50453.194264 (0,3)
Iteration 31089:  0.000000 921.000000 50395.698132 (0,3)
Iteration 31196:  0.000000 921.000000 50375.310119 (0,3)
Iteration 31236:  0.000000 921.000000 50373.394031 (1,3)
Iteration 31237:  0.000000 920.000000 50435.299465 (0,3)
Iteration 31242:  0.000000 919.000000 50375.396246 (2,3)
Iteration 31244:  0.000000 919.000000 50366.321658 (0,3)
Iteration 31371:  0.000000 919.000000 50327.249526 (0,3)
Iteration 31384:  0.000000 918.000000 50447.281935 (0,3)
Iteration 31514:  0.000000 918.000000 50436.080613 (0,3)
Iteration 31552:  0.000000 918.000000 50351.283393 (0,3)
Iteration 31747:  0.000000 918.000000 50255.856903 (0,3)
Iteration 31963:  0.000000 918.000000 50240.969193 (0,3)
Iteration 32172:  0.000000 918.000000 50144.653840 (0,3)
Iteration 32394:  0.000000 918.000000 50131.087182 (0,1)
Iteration 32797:  0.000000 917.000000 50251.607353 (0,3)
Iteration 49055:  0.000000 885.000000 50734.391311 (0,3)
Iteration 49070:  0.000000 883.000000 50690.930377 (0,3)
Iteration 49073:  0.000000 883.000000 50562.957756 (0,3)
Iteration 49076:  0.000000 882.000000 50656.044935 (0,3)
Iteration 49184:  0.000000 882.000000 50570.172798 (0,3)
Iteration 49190:  0.000000 882.000000 50543.865830 (1,2)
Iteration 49269:  0.000000 882.000000 50487.250815 (0,3)
Iteration 49281:  0.000000 882.000000 50450.895362 (0,3)
Iteration 49287:  0.000000 882.000000 50441.138077 (1,2)
Iteration 49292:  0.000000 882.000000 50381.799887 (0,3)
Iteration 49300:  0.000000 882.000000 50312.594108 (0,3)
Iteration 49303:  0.000000 881.000000 50433.791584 (0,0)
Iteration 49314:  0.000000 881.000000 50355.834725 (0,3)
Iteration 49489:  0.000000 881.000000 50281.339228 (1,3)
Iteration 49521:  0.000000 880.000000 50077.385865 (0,3)
Iteration 49545:  0.000000 880.000000 49946.648615 (0,3)
Iteration 49682:  0.000000 878.000000 49817.460903 (0,3)
Iteration 49796:  0.000000 877.000000 50036.438681 (0,0)
Iteration 49804:  0.000000 876.000000 50065.108215 (0,3)
Iteration 49857:  0.000000 874.000000 50088.225496 (0,0)
Iteration 49880:  0.000000 874.000000 50033.393863 (0,3)
Iteration 49999:  0.000000 874.000000 49951.824897 (0,3)
Iteration 50108:  0.000000 874.000000 49846.625730 (0,3)
Iteration 50217:  0.000000 874.000000 49687.285219 (0,3)
Iteration 50449:  0.000000 874.000000 49570.179373 (0,2)
Iteration 50451:  0.000000 874.000000 49362.215910 (2,3)
Iteration 50457:  0.000000 874.000000 49297.174619 (0,3)
Iteration 50802:  0.000000 872.000000 49206.235752 (0,3)
Iteration 50828:  0.000000 872.000000 49186.900044 (0,3)
Iteration 50834:  0.000000 872.000000 49118.703149 (1,3)
Iteration 50851:  0.000000 872.000000 49080.811220 (0,3)
Iteration 50864:  0.000000 871.000000 49183.208053 (0,3)
Iteration 50912:  0.000000 871.000000 49124.909645 (0,3)
Iteration 50936:  0.000000 871.000000 49088.874326 (0,3)
Iteration 50999:  0.000000 869.000000 49143.238207 (0,3)
Iteration 51045:  0.000000 868.000000 49264.055233 (0,3)
Iteration 51051:  0.000000 868.000000 49236.266523 (0,3)
Iteration 51101:  0.000000 867.000000 49143.281328 (1,3)
Iteration 51132:  0.000000 867.000000 49088.589775 (0,3)
Iteration 51170:  0.000000 867.000000 48962.086195 (0,3)
Iteration 51523:  0.000000 867.000000 48960.918797 (0,3)
Iteration 51525:  0.000000 867.000000 48943.245683 (0,3)
Iteration 51626:  0.000000 867.000000 48922.609249 (0,3)
Iteration 51635:  0.000000 867.000000 48752.795153 (0,3)
Iteration 51647:  0.000000 865.000000 48733.600546 (1,1)
Iteration 51665:  0.000000 865.000000 48733.600546 (0,3)
Iteration 51693:  0.000000 865.000000 48702.026310 (0,3)
Iteration 51774:  0.000000 865.000000 48610.250167 (0,3)
Iteration 51999:  0.000000 864.000000 48732.434231 (0,3)
Iteration 52024:  0.000000 864.000000 48652.346824 (0,3)
Iteration 52061:  0.000000 864.000000 48601.800433 (0,3)
Iteration 52106:  0.000000 862.000000 48604.261354 (0,0)
Iteration 52132:  0.000000 862.000000 48315.380157 (0,2)
Iteration 52284:  0.000000 862.000000 48287.265746 (0,3)
Iteration 52314:  0.000000 862.000000 48279.107734 (0,2)
Iteration 52332:  0.000000 860.000000 48231.307864 (0,3)
Iteration 52370:  0.000000 860.000000 48070.276828 (0,3)
Iteration 52375:  0.000000 860.000000 47988.344842 (1,0)
Iteration 52484:  0.000000 859.000000 48009.709278 (0,1)
Iteration 52493:  0.000000 858.000000 47951.451821 (0,3)
Iteration 52542:  0.000000 858.000000 47945.410359 (0,3)
Iteration 52543:  0.000000 857.000000 48019.133882 (0,3)
Iteration 52695:  0.000000 856.000000 47993.170728 (0,3)
Iteration 52698:  0.000000 856.000000 47977.807728 (0,3)
Iteration 52716:  0.000000 855.000000 48202.753023 (0,0)
Iteration 52728:  0.000000 853.000000 48285.829957 (0,3)
Iteration 52729:  0.000000 852.000000 48428.097351 (1,3)
Iteration 52736:  0.000000 852.000000 48354.865031 (0,3)
Iteration 52737:  0.000000 851.000000 48461.593918 (0,3)
Iteration 52739:  0.000000 851.000000 48461.519053 (1,2)
Iteration 52740:  0.000000 850.000000 48560.509673 (0,3)
Iteration 52777:  0.000000 850.000000 48481.920679 (0,3)
Iteration 52790:  0.000000 849.000000 48573.360145 (0,3)
Iteration 52812:  0.000000 848.000000 48778.120974 (0,3)
Iteration 52918:  0.000000 847.000000 48849.547196 (0,3)
Iteration 52923:  0.000000 847.000000 48844.083398 (0,3)
Iteration 52977:  0.000000 846.000000 48941.159193 (0,3)
Iteration 53059:  0.000000 846.000000 48909.356882 (0,3)
Iteration 53095:  0.000000 846.000000 48876.021405 (0,0)
Iteration 53233:  0.000000 845.000000 49008.545167 (0,3)
Iteration 171276:  0.000000 810.000000 52767.566742 (0,3)
Iteration 171277:  0.000000 809.000000 52805.923436 (0,0)
Iteration 171306:  0.000000 809.000000 52366.020555 (1,2)
Iteration 171307:  0.000000 807.000000 52251.843997 (1,3)
Iteration 171312:  0.000000 807.000000 52219.615978 (0,3)
Iteration 171334:  0.000000 806.000000 52222.343117 (0,3)
Iteration 171360:  0.000000 806.000000 51992.349001 (0,3)
Iteration 171385:  0.000000 806.000000 51929.637454 (0,3)
Iteration 171414:  0.000000 805.000000 51869.627704 (0,3)
Iteration 171428:  0.000000 803.000000 52346.613479 (1,3)
Iteration 171584:  0.000000 790.000000 52964.061567 (1,0)
Iteration 171616:  0.000000 788.000000 52024.003711 (0,3)
Iteration 171627:  0.000000 788.000000 51926.137117 (1,3)
Iteration 171676:  0.000000 788.000000 51886.567157 (1,3)
Iteration 171699:  0.000000 787.000000 52189.504540 (0,3)
Iteration 171758:  0.000000 785.000000 52124.314782 (1,3)
Iteration 171843:  0.000000 785.000000 52034.427303 (0,3)
Iteration 171862:  0.000000 785.000000 51902.243541 (0,3)
Iteration 171870:  0.000000 784.000000 52072.098263 (0,3)
Iteration 171922:  0.000000 783.000000 52142.768301 (0,3)
Iteration 171956:  0.000000 782.000000 52389.558895 (0,3)
Iteration 172041:  0.000000 782.000000 52302.430846 (0,3)
Iteration 172059:  0.000000 781.000000 52433.321746 (0,3)
Iteration 172108:  0.000000 781.000000 52432.276534 (0,3)
Iteration 172112:  0.000000 780.000000 52558.103017 (0,3)
Iteration 172160:  0.000000 779.000000 52555.954137 (0,3)
Iteration 172190:  0.000000 779.000000 52522.064227 (0,3)
Iteration 172198:  0.000000 778.000000 52669.387722 (1,3)
Iteration 172294:  0.000000 776.000000 52783.387312 (0,3)
Iteration 172372:  0.000000 776.000000 52758.703245 (0,3)
Iteration 172376:  0.000000 775.000000 52793.843167 (0,3)
Iteration 172391:  0.000000 773.000000 52731.751587 (0,3)
Iteration 172443:  0.000000 773.000000 52652.163199 (0,3)
Iteration 172504:  0.000000 771.000000 52639.734085 (0,3)
Iteration 172722:  0.000000 771.000000 52634.077445 (0,3)
Iteration 173125:  0.000000 769.000000 52621.448151 (0,3)
Iteration 173296:  0.000000 769.000000 52489.992708 (0,3)
Iteration 173323:  0.000000 769.000000 52432.126191 (0,2)
Iteration 173336:  0.000000 768.000000 52489.399662 (1,1)
Iteration 173609:  0.000000 768.000000 52463.905644 (0,3)
Iteration 173633:  0.000000 767.000000 52493.582506 (0,3)
Iteration 173904:  0.000000 766.000000 52382.332500 (0,3)
total iterations: 286688, time elapsed: 3600.02s
Destroy operator: destroy_random_leafs, Weight: 0.2065, Score: 27348.50, Count: 132451
Destroy operator: destroy_path, Weight: 0.1036, Score: 7012.65, Count: 67718
Destroy operator: destroy_worst_affinity, Weight: 0.0760, Score: 3682.65, Count: 48458
Destroy operator: destroy_district_group, Weight: 0.0574, Score: 2184.60, Count: 38060
Repair operator: repair_greedy_feasible, Weight: 0.0901, Score: 5143.90, Count: 57058
Repair operator: repair_affinity_compact, Weight: 0.0740, Score: 3416.30, Count: 46163
Repair operator: repair_nearest_center, Weight: 0.0842, Score: 4535.75, Count: 53893
Repair operator: repair_2regret, Weight: 0.2094, Score: 27132.45, Count: 129573
