Initial solution objectives: Balance violation = 14333.6300, Affinity loss = 1661, Compactness = 90420.8807
Iteration 1002:  12914.655000 1832.000000 89180.564605 (2,0)
Iteration 1004:  11501.595000 1822.000000 88991.196291 (3,3)
Iteration 1505:  8985.790000 1767.000000 102153.849791 (2,3)
Iteration 4013:  8680.980000 1921.000000 92597.874621 (0,1)
Iteration 4016:  8649.270000 1920.000000 92631.736069 (1,3)
Iteration 4025:  7955.160000 1919.000000 92682.480099 (0,3)
Iteration 4026:  7719.260000 1912.000000 92463.453592 (0,1)
Iteration 5541:  7326.410000 1730.000000 94176.123403 (3,3)
Iteration 5543:  6648.190000 1730.000000 93512.333328 (0,2)
Iteration 5549:  6612.210000 1725.000000 93273.440963 (1,0)
Iteration 5557:  6239.815000 1725.000000 93588.079286 (0,3)
Iteration 5559:  5184.080000 1726.000000 93802.080103 (0,3)
Iteration 5561:  4687.170000 1726.000000 93892.483521 (0,3)
Iteration 7652:  4373.785000 1761.000000 109964.453178 (0,3)
Iteration 7678:  4049.875000 1764.000000 109303.267452 (1,3)
Iteration 7686:  3864.880000 1759.000000 108808.988550 (1,3)
Iteration 7696:  2905.525000 1760.000000 108785.925404 (0,3)
Iteration 7697:  2861.680000 1760.000000 108787.233627 (2,3)
Iteration 7698:  1823.075000 1759.000000 108855.499105 (0,3)
Iteration 7705:  1770.185000 1758.000000 108999.039586 (1,1)
Iteration 7708:  1770.185000 1757.000000 109015.987853 (2,3)
Iteration 7720:  1639.125000 1746.000000 109097.058849 (0,3)
Iteration 7732:  1071.755000 1745.000000 109418.767193 (0,3)
Iteration 7736:  1041.390000 1745.000000 109330.886934 (2,3)
Iteration 7765:  834.535000 1737.000000 108654.987163 (0,3)
Iteration 7766:  771.725000 1734.000000 108664.184318 (0,1)
Iteration 9509:  736.690000 1732.000000 113678.654448 (0,3)
Iteration 9516:  735.780000 1731.000000 113544.227624 (2,3)
Iteration 9521:  557.780000 1731.000000 113538.763877 (1,0)
Iteration 9620:  539.255000 1727.000000 110555.810659 (1,0)
Iteration 9627:  539.255000 1726.000000 110596.814604 (2,3)
Iteration 9643:  408.410000 1724.000000 110248.873629 (1,0)
Iteration 9681:  376.290000 1722.000000 110380.130282 (0,3)
Iteration 9772:  373.355000 1712.000000 109358.636251 (0,2)
Iteration 9784:  276.870000 1710.000000 109437.598858 (0,3)
Iteration 9785:  159.345000 1705.000000 109131.246920 (0,3)
Iteration 9866:  71.610000 1696.000000 108323.926061 (0,3)
Iteration 28206:  67.490000 1672.000000 108664.358215 (0,1)
Iteration 28211:  39.400000 1668.000000 108225.841555 (0,3)
Iteration 28212:  30.600000 1664.000000 108509.681038 (0,3)
Iteration 28215:  14.690000 1659.000000 108470.477494 (0,3)
Iteration 28272:  14.690000 1655.000000 108495.076218 (0,3)
Iteration 28274:  2.020000 1655.000000 108236.242866 (0,0)
Iteration 28294:  1.110000 1654.000000 108359.794464 (0,3)
Iteration 28297:  0.000000 1650.000000 107980.647131 (0,3)
Iteration 28330:  0.000000 1650.000000 107977.469406 (1,0)
Iteration 28345:  0.000000 1650.000000 107958.339815 (1,2)
Iteration 28392:  0.000000 1647.000000 108071.706534 (0,3)
Iteration 28410:  0.000000 1645.000000 108376.901906 (1,1)
Iteration 28431:  0.000000 1641.000000 108188.309966 (0,3)
Iteration 28436:  0.000000 1639.000000 108080.041002 (0,3)
Iteration 28440:  0.000000 1639.000000 108080.041002 (1,0)
Iteration 28454:  0.000000 1637.000000 108041.735777 (1,1)
Iteration 28555:  0.000000 1637.000000 108027.403764 (1,3)
Iteration 28579:  0.000000 1637.000000 107876.628552 (1,3)
Iteration 28581:  0.000000 1636.000000 107862.729544 (0,3)
Iteration 28640:  0.000000 1634.000000 107845.664292 (0,3)
Iteration 28679:  0.000000 1632.000000 107941.413885 (1,0)
Iteration 28682:  0.000000 1630.000000 108336.035486 (0,0)
Iteration 28697:  0.000000 1627.000000 108498.323496 (0,3)
Iteration 28702:  0.000000 1627.000000 108465.351837 (1,1)
Iteration 28739:  0.000000 1626.000000 108493.545933 (1,3)
Iteration 28744:  0.000000 1625.000000 108582.231539 (1,3)
Iteration 28751:  0.000000 1625.000000 108577.870366 (1,1)
Iteration 28855:  0.000000 1625.000000 108523.385800 (0,1)
Iteration 28862:  0.000000 1623.000000 108493.919195 (0,3)
Iteration 28873:  0.000000 1623.000000 108421.050873 (0,3)
Iteration 28922:  0.000000 1622.000000 108176.499935 (0,3)
Iteration 28923:  0.000000 1618.000000 108523.844113 (0,3)
Iteration 28936:  0.000000 1618.000000 108521.662508 (1,2)
Iteration 28951:  0.000000 1617.000000 108551.831764 (1,0)
Iteration 28960:  0.000000 1613.000000 108646.812815 (0,3)
Iteration 29017:  0.000000 1613.000000 108630.392129 (1,1)
Iteration 29027:  0.000000 1612.000000 108249.694811 (0,2)
Iteration 29030:  0.000000 1611.000000 108265.550891 (1,0)
Iteration 29033:  0.000000 1610.000000 108296.212300 (1,3)
Iteration 29040:  0.000000 1610.000000 108294.749367 (1,0)
Iteration 29049:  0.000000 1610.000000 108236.087335 (1,3)
Iteration 29057:  0.000000 1610.000000 108231.060776 (0,3)
Iteration 29062:  0.000000 1610.000000 108122.586437 (0,1)
Iteration 29086:  0.000000 1610.000000 107933.129640 (1,2)
Iteration 29113:  0.000000 1608.000000 107860.282623 (0,3)
Iteration 29115:  0.000000 1607.000000 107763.920143 (0,3)
Iteration 29119:  0.000000 1607.000000 107626.865032 (0,3)
Iteration 29121:  0.000000 1606.000000 107666.231541 (1,0)
Iteration 29134:  0.000000 1606.000000 107651.596726 (1,0)
Iteration 29202:  0.000000 1605.000000 107224.483652 (0,3)
Iteration 29219:  0.000000 1602.000000 107533.345044 (0,3)
Iteration 29287:  0.000000 1597.000000 107497.916664 (0,3)
Iteration 29320:  0.000000 1596.000000 107375.614436 (1,2)
Iteration 29324:  0.000000 1592.000000 107604.882674 (0,3)
Iteration 29330:  0.000000 1591.000000 107777.155616 (0,0)
Iteration 29334:  0.000000 1591.000000 107380.965426 (1,3)
Iteration 29342:  0.000000 1589.000000 107411.790416 (0,3)
Iteration 29362:  0.000000 1589.000000 107303.985010 (0,3)
Iteration 29364:  0.000000 1587.000000 107193.174567 (1,3)
Iteration 29507:  0.000000 1582.000000 107591.249403 (0,3)
Iteration 29515:  0.000000 1575.000000 107164.419367 (2,3)
Iteration 29535:  0.000000 1575.000000 107085.278857 (0,3)
Iteration 29562:  0.000000 1573.000000 107266.659894 (0,3)
Iteration 29618:  0.000000 1572.000000 107244.036559 (0,3)
Iteration 29625:  0.000000 1572.000000 107224.869732 (0,3)
Iteration 29713:  0.000000 1570.000000 107215.040778 (0,3)
Iteration 29775:  0.000000 1569.000000 107145.978845 (0,3)
Iteration 29874:  0.000000 1569.000000 107107.186369 (1,2)
Iteration 29966:  0.000000 1569.000000 107106.959379 (0,3)
Iteration 30042:  0.000000 1569.000000 107081.910087 (0,3)
Iteration 30151:  0.000000 1567.000000 107149.740760 (1,3)
Iteration 30210:  0.000000 1567.000000 107126.027984 (0,3)
Iteration 30213:  0.000000 1563.000000 106972.696112 (0,3)
Iteration 30323:  0.000000 1562.000000 106998.556642 (1,3)
Iteration 30435:  0.000000 1562.000000 106988.639444 (0,3)
Iteration 30501:  0.000000 1562.000000 106880.019893 (0,3)
Iteration 30579:  0.000000 1562.000000 106764.379821 (0,3)
Iteration 30705:  0.000000 1560.000000 106794.876008 (1,1)
Iteration 30815:  0.000000 1560.000000 106583.089488 (0,3)
Iteration 30941:  0.000000 1560.000000 106566.618914 (0,3)
Iteration 31101:  0.000000 1558.000000 106696.964794 (0,3)
Iteration 31172:  0.000000 1558.000000 106626.373908 (0,3)
Iteration 31175:  0.000000 1558.000000 106612.314716 (1,1)
Iteration 31185:  0.000000 1555.000000 106728.483805 (0,3)
Iteration 31204:  0.000000 1555.000000 106726.723942 (1,1)
Iteration 31273:  0.000000 1555.000000 106669.890860 (0,3)
Iteration 31287:  0.000000 1555.000000 106577.532682 (0,3)
Iteration 31367:  0.000000 1555.000000 106408.060153 (0,3)
Iteration 31377:  0.000000 1555.000000 106329.535009 (0,3)
Iteration 31396:  0.000000 1555.000000 106313.475899 (0,3)
Iteration 31417:  0.000000 1553.000000 106257.579089 (0,3)
Iteration 31455:  0.000000 1553.000000 106074.624372 (0,3)
Iteration 31467:  0.000000 1552.000000 106144.280661 (0,3)
Iteration 31500:  0.000000 1551.000000 106251.761475 (1,3)
Iteration 31567:  0.000000 1548.000000 106573.818106 (0,3)
Iteration 31583:  0.000000 1547.000000 106579.894334 (0,3)
Iteration 31695:  0.000000 1546.000000 106619.836678 (0,3)
Iteration 31698:  0.000000 1544.000000 106744.312772 (0,3)
Iteration 31850:  0.000000 1539.000000 106938.246760 (1,3)
Iteration 32044:  0.000000 1537.000000 107264.241237 (0,3)
Iteration 32076:  0.000000 1537.000000 107105.634016 (0,3)
Iteration 32105:  0.000000 1536.000000 107470.563118 (0,3)
Iteration 32107:  0.000000 1536.000000 107463.608130 (0,3)
Iteration 32228:  0.000000 1536.000000 107442.909334 (1,1)
Iteration 32291:  0.000000 1536.000000 107264.165219 (0,3)
Iteration 32463:  0.000000 1536.000000 107229.042658 (0,3)
Iteration 32480:  0.000000 1536.000000 107217.880021 (2,3)
Iteration 32481:  0.000000 1536.000000 107158.347796 (0,3)
Iteration 32492:  0.000000 1535.000000 107182.852528 (0,3)
Iteration 32504:  0.000000 1535.000000 106940.839459 (0,3)
Iteration 32515:  0.000000 1535.000000 106881.690079 (0,3)
Iteration 32628:  0.000000 1535.000000 106860.153612 (0,3)
Iteration 32629:  0.000000 1534.000000 107063.158869 (0,3)
Iteration 32631:  0.000000 1534.000000 106843.052509 (1,0)
Iteration 32667:  0.000000 1534.000000 106760.503310 (0,3)
Iteration 32677:  0.000000 1533.000000 106738.917193 (0,3)
Iteration 32678:  0.000000 1533.000000 106639.942145 (0,3)
Iteration 32773:  0.000000 1533.000000 106344.190622 (0,3)
Iteration 32846:  0.000000 1532.000000 106455.708723 (0,3)
Iteration 33260:  0.000000 1532.000000 106454.271068 (1,0)
Iteration 33271:  0.000000 1531.000000 106377.432140 (0,3)
Iteration 33357:  0.000000 1531.000000 106371.704114 (1,2)
Iteration 33440:  0.000000 1531.000000 106339.071420 (1,2)
Iteration 33716:  0.000000 1531.000000 106326.857490 (0,3)
Iteration 33758:  0.000000 1530.000000 106331.178486 (0,3)
Iteration 33792:  0.000000 1530.000000 106286.879815 (0,3)
Iteration 33835:  0.000000 1528.000000 106183.864543 (0,3)
Iteration 33843:  0.000000 1528.000000 106162.850830 (1,0)
Iteration 33897:  0.000000 1528.000000 106103.432276 (0,3)
Iteration 33912:  0.000000 1527.000000 106142.191153 (0,3)
Iteration 34055:  0.000000 1526.000000 106318.399268 (0,3)
Iteration 34057:  0.000000 1526.000000 106269.474356 (0,3)
Iteration 34080:  0.000000 1525.000000 106420.576776 (0,3)
Iteration 34371:  0.000000 1524.000000 106334.583277 (0,3)
Iteration 34376:  0.000000 1522.000000 106455.086546 (0,3)
Iteration 34457:  0.000000 1521.000000 106565.554476 (0,3)
Iteration 34477:  0.000000 1519.000000 106480.729075 (2,3)
Iteration 34506:  0.000000 1517.000000 106410.131092 (0,3)
Iteration 34613:  0.000000 1517.000000 106399.303320 (0,3)
Iteration 34641:  0.000000 1516.000000 106302.379349 (0,3)
Iteration 34685:  0.000000 1516.000000 106210.593323 (0,3)
Iteration 34709:  0.000000 1516.000000 106192.578553 (0,3)
Iteration 34712:  0.000000 1514.000000 106106.503604 (2,3)
Iteration 34730:  0.000000 1512.000000 106005.552135 (2,3)
Iteration 34785:  0.000000 1510.000000 105940.274402 (1,1)
Iteration 34790:  0.000000 1510.000000 105908.208412 (1,3)
Iteration 35021:  0.000000 1510.000000 105908.208412 (0,3)
Iteration 35108:  0.000000 1509.000000 106055.147029 (0,3)
Iteration 35167:  0.000000 1508.000000 105948.502947 (0,3)
Iteration 35202:  0.000000 1507.000000 105864.545990 (0,3)
Iteration 35373:  0.000000 1505.000000 105793.966421 (0,3)
Iteration 35383:  0.000000 1503.000000 105712.025133 (2,3)
Iteration 35425:  0.000000 1503.000000 105642.005976 (0,3)
Iteration 35448:  0.000000 1502.000000 106124.168693 (0,3)
Iteration 35502:  0.000000 1500.000000 106128.144910 (0,3)
Iteration 35509:  0.000000 1499.000000 106160.241137 (1,3)
Iteration 35536:  0.000000 1499.000000 106140.163144 (0,3)
Iteration 35538:  0.000000 1497.000000 106105.244627 (2,3)
Iteration 35652:  0.000000 1495.000000 106106.797710 (0,3)
Iteration 35694:  0.000000 1493.000000 106080.779819 (0,3)
Iteration 35703:  0.000000 1492.000000 106044.507181 (2,3)
Iteration 35742:  0.000000 1492.000000 105945.142415 (0,3)
Iteration 35802:  0.000000 1490.000000 105930.275960 (0,3)
Iteration 35812:  0.000000 1490.000000 105880.323220 (2,3)
Iteration 35834:  0.000000 1490.000000 105861.880492 (1,3)
Iteration 35839:  0.000000 1490.000000 105848.021132 (1,1)
Iteration 35899:  0.000000 1489.000000 105828.136434 (0,3)
Iteration 35924:  0.000000 1489.000000 105816.252476 (1,0)
Iteration 35948:  0.000000 1488.000000 105826.454807 (1,3)
Iteration 35975:  0.000000 1488.000000 105813.883256 (0,3)
Iteration 35992:  0.000000 1487.000000 105937.912074 (0,3)
Iteration 36019:  0.000000 1485.000000 105946.724798 (0,3)
Iteration 36040:  0.000000 1483.000000 105945.308574 (0,3)
Iteration 36056:  0.000000 1482.000000 105965.137932 (0,3)
Iteration 36178:  0.000000 1481.000000 105957.045407 (0,3)
Iteration 36196:  0.000000 1481.000000 105939.369248 (1,3)
Iteration 36227:  0.000000 1479.000000 105909.450340 (0,3)
Iteration 36235:  0.000000 1476.000000 105918.952110 (0,3)
Iteration 36597:  0.000000 1476.000000 105896.436611 (0,3)
Iteration 36600:  0.000000 1475.000000 105943.791072 (1,1)
Iteration 36614:  0.000000 1475.000000 105929.270505 (0,3)
Iteration 36642:  0.000000 1475.000000 105892.455672 (0,3)
Iteration 36737:  0.000000 1473.000000 105945.341908 (0,3)
Iteration 36754:  0.000000 1473.000000 105909.769877 (0,3)
Iteration 36796:  0.000000 1473.000000 105692.334057 (1,0)
Iteration 36825:  0.000000 1472.000000 105678.627145 (0,3)
Iteration 36829:  0.000000 1472.000000 105659.505847 (0,3)
Iteration 36843:  0.000000 1471.000000 105959.769844 (0,3)
Iteration 36885:  0.000000 1471.000000 105931.281295 (0,3)
Iteration 36890:  0.000000 1469.000000 105813.925062 (2,3)
Iteration 36914:  0.000000 1467.000000 106096.913094 (1,0)
Iteration 36980:  0.000000 1465.000000 106522.056322 (0,3)
Iteration 37039:  0.000000 1465.000000 106516.477005 (0,3)
Iteration 37056:  0.000000 1465.000000 106509.760472 (1,3)
Iteration 37119:  0.000000 1465.000000 106442.063133 (0,3)
Iteration 37159:  0.000000 1464.000000 106428.936896 (0,3)
Iteration 37171:  0.000000 1464.000000 106421.422147 (2,3)
Iteration 37212:  0.000000 1463.000000 106523.093237 (0,3)
Iteration 37303:  0.000000 1463.000000 106506.320498 (0,3)
Iteration 37351:  0.000000 1463.000000 106486.104996 (1,0)
Iteration 37381:  0.000000 1462.000000 106574.369247 (0,3)
Iteration 37515:  0.000000 1460.000000 106517.129552 (0,3)
Iteration 37578:  0.000000 1460.000000 106473.063705 (0,3)
Iteration 37618:  0.000000 1459.000000 106451.421771 (0,3)
Iteration 37670:  0.000000 1458.000000 106649.672003 (0,3)
Iteration 37684:  0.000000 1458.000000 106592.856469 (0,3)
Iteration 37770:  0.000000 1458.000000 106571.120269 (0,3)
Iteration 37847:  0.000000 1457.000000 106413.966876 (0,3)
Iteration 37954:  0.000000 1457.000000 106413.366385 (0,3)
Iteration 38155:  0.000000 1457.000000 106367.069784 (0,3)
Iteration 38193:  0.000000 1457.000000 106336.159895 (1,2)
Iteration 38194:  0.000000 1456.000000 106404.552443 (0,3)
Iteration 38207:  0.000000 1454.000000 106330.306886 (2,3)
Iteration 38213:  0.000000 1452.000000 106265.449261 (2,3)
Iteration 38232:  0.000000 1450.000000 106229.198624 (2,3)
Iteration 38294:  0.000000 1449.000000 106287.981986 (0,3)
Iteration 38299:  0.000000 1447.000000 106278.015618 (2,3)
Iteration 38409:  0.000000 1445.000000 106187.172488 (0,3)
Iteration 38476:  0.000000 1444.000000 106016.096372 (0,3)
Iteration 38479:  0.000000 1444.000000 106016.096372 (2,3)
Iteration 38486:  0.000000 1444.000000 105997.259182 (1,2)
Iteration 38512:  0.000000 1444.000000 105905.810082 (0,3)
Iteration 38561:  0.000000 1444.000000 105872.463332 (0,3)
Iteration 38599:  0.000000 1442.000000 105801.538188 (1,1)
Iteration 38608:  0.000000 1442.000000 105753.405076 (0,3)
Iteration 38618:  0.000000 1442.000000 105693.624185 (0,3)
Iteration 38667:  0.000000 1442.000000 105615.451496 (0,3)
Iteration 38715:  0.000000 1440.000000 105583.939208 (0,3)
Iteration 38796:  0.000000 1440.000000 105568.393366 (0,3)
Iteration 38823:  0.000000 1440.000000 105514.365124 (1,1)
Iteration 38865:  0.000000 1439.000000 105583.889994 (0,3)
Iteration 38946:  0.000000 1439.000000 105537.517629 (0,3)
Iteration 38958:  0.000000 1439.000000 105526.835820 (0,3)
Iteration 39135:  0.000000 1437.000000 105716.741669 (0,3)
Iteration 39138:  0.000000 1433.000000 105644.532753 (0,3)
Iteration 39194:  0.000000 1433.000000 105623.650423 (1,3)
Iteration 39201:  0.000000 1433.000000 105571.212371 (0,3)
Iteration 39479:  0.000000 1433.000000 105563.113074 (0,3)
Iteration 39554:  0.000000 1433.000000 105546.747100 (0,3)
Iteration 39731:  0.000000 1433.000000 105523.091107 (0,3)
Iteration 39736:  0.000000 1433.000000 105516.556528 (1,3)
Iteration 39916:  0.000000 1433.000000 105516.556528 (1,3)
Iteration 40008:  0.000000 1433.000000 105494.782690 (0,3)
Iteration 40017:  0.000000 1433.000000 105470.298570 (0,3)
Iteration 40065:  0.000000 1433.000000 105464.604522 (0,3)
Iteration 40159:  0.000000 1433.000000 105428.092691 (0,3)
Iteration 40314:  0.000000 1433.000000 105415.639512 (0,3)
Iteration 40317:  0.000000 1432.000000 105426.845378 (0,3)
Iteration 40374:  0.000000 1432.000000 105316.010789 (0,3)
Iteration 40507:  0.000000 1432.000000 105249.168681 (0,3)
Iteration 40701:  0.000000 1432.000000 104696.763452 (0,3)
Iteration 40746:  0.000000 1432.000000 104629.490001 (0,3)
Iteration 41036:  0.000000 1430.000000 104632.132823 (0,3)
Iteration 41041:  0.000000 1430.000000 104477.249090 (0,3)
Iteration 41099:  0.000000 1428.000000 104770.643097 (1,0)
Iteration 41178:  0.000000 1428.000000 104744.140278 (0,3)
Iteration 41233:  0.000000 1427.000000 104735.768082 (0,3)
Iteration 41286:  0.000000 1426.000000 104746.115129 (0,3)
Iteration 41304:  0.000000 1424.000000 104769.266637 (0,3)
Iteration 41396:  0.000000 1424.000000 104717.478324 (0,3)
Iteration 41439:  0.000000 1423.000000 104721.645822 (0,3)
Iteration 41455:  0.000000 1422.000000 104764.417248 (0,3)
Iteration 41508:  0.000000 1422.000000 104749.577224 (0,3)
Iteration 41898:  0.000000 1421.000000 104523.082200 (0,3)
Iteration 41977:  0.000000 1420.000000 104841.420159 (0,3)
Iteration 41978:  0.000000 1420.000000 104765.502769 (0,3)
Iteration 42097:  0.000000 1419.000000 104858.935271 (0,3)
total iterations: 68363, time elapsed: 3600.00s
Destroy operator: destroy_random_leafs, Weight: 0.7756, Score: 16140.50, Count: 20814
Destroy operator: destroy_path, Weight: 0.6261, Score: 10911.00, Count: 17428
Destroy operator: destroy_worst_affinity, Weight: 0.5467, Score: 8457.50, Count: 15473
Destroy operator: destroy_district_group, Weight: 0.5131, Score: 7515.00, Count: 14647
Repair operator: repair_greedy_feasible, Weight: 0.5548, Score: 8738.00, Count: 15754
Repair operator: repair_affinity_compact, Weight: 0.5524, Score: 8647.50, Count: 15657
Repair operator: repair_nearest_center, Weight: 0.5549, Score: 8723.00, Count: 15721
Repair operator: repair_2regret, Weight: 0.7969, Score: 16915.50, Count: 21230
