Initial solution objectives: Balance violation = 13006.1300, Affinity loss = 925, Compactness = 49130.9607
Iteration 2506:  11239.900000 908.000000 45717.413142 (2,3)
Iteration 2509:  10855.430000 907.000000 46870.606520 (0,3)
Iteration 2510:  10002.470000 906.000000 46785.317746 (0,3)
Iteration 4117:  9502.925000 967.000000 47721.646413 (0,3)
Iteration 4132:  9106.310000 964.000000 46643.414725 (0,3)
Iteration 5721:  8597.450000 921.000000 48972.627736 (0,3)
Iteration 5737:  8247.955000 920.000000 48284.558052 (0,3)
Iteration 5761:  8160.030000 920.000000 48540.747638 (0,3)
Iteration 5765:  7981.515000 920.000000 48526.504209 (1,1)
Iteration 5768:  7486.430000 919.000000 48774.444036 (0,3)
Iteration 5775:  6400.915000 918.000000 48845.221515 (0,3)
Iteration 5776:  6244.520000 918.000000 48685.601900 (0,3)
Iteration 5786:  6067.025000 919.000000 48728.103879 (0,0)
Iteration 5868:  6021.115000 916.000000 48640.544699 (0,3)
Iteration 5871:  5462.670000 916.000000 48703.638034 (0,3)
Iteration 5872:  5252.260000 916.000000 48791.371659 (0,3)
Iteration 5875:  5194.435000 916.000000 48936.426017 (0,3)
Iteration 5876:  3900.255000 917.000000 49158.318010 (0,3)
Iteration 5881:  3285.135000 917.000000 49627.844199 (0,3)
Iteration 5894:  3005.815000 914.000000 49754.129346 (0,3)
Iteration 5897:  2996.815000 914.000000 49608.195811 (1,0)
Iteration 5898:  2799.300000 914.000000 49701.510194 (0,3)
Iteration 5918:  2396.960000 915.000000 50030.397314 (0,3)
Iteration 5919:  2114.530000 914.000000 50032.474218 (0,3)
Iteration 5920:  2035.745000 914.000000 50044.042057 (0,3)
Iteration 6204:  1993.910000 915.000000 49465.806094 (0,3)
Iteration 6208:  1951.545000 915.000000 49687.789477 (0,3)
Iteration 6209:  1947.030000 915.000000 49694.734924 (0,3)
Iteration 6227:  1694.275000 915.000000 49748.985103 (0,3)
Iteration 6251:  1642.000000 914.000000 49660.834937 (0,3)
Iteration 6254:  1547.730000 914.000000 49729.469115 (1,1)
Iteration 6256:  1475.030000 912.000000 49869.847363 (0,3)
Iteration 11627:  1072.195000 939.000000 51750.399833 (0,3)
Iteration 11648:  1061.800000 939.000000 51827.030558 (0,3)
Iteration 11652:  1051.640000 939.000000 51567.614415 (0,3)
Iteration 11653:  1009.640000 938.000000 51661.877404 (0,3)
Iteration 11654:  946.155000 938.000000 51665.614499 (0,3)
Iteration 11661:  934.155000 938.000000 51798.359344 (0,3)
Iteration 11663:  904.230000 938.000000 51864.446943 (0,3)
Iteration 11670:  867.115000 936.000000 51776.244958 (0,3)
Iteration 11672:  844.510000 936.000000 51831.200357 (0,3)
Iteration 11683:  844.025000 936.000000 51877.758404 (0,3)
Iteration 11692:  837.510000 937.000000 51915.737229 (0,3)
Iteration 11704:  825.510000 937.000000 52048.482074 (0,3)
Iteration 11743:  821.435000 936.000000 52071.207630 (1,3)
Iteration 11765:  754.390000 934.000000 52470.257976 (0,3)
Iteration 11769:  727.390000 934.000000 52597.481782 (0,3)
Iteration 11778:  717.800000 934.000000 52534.280093 (0,3)
Iteration 11788:  712.045000 933.000000 53109.665799 (0,3)
Iteration 11852:  672.530000 931.000000 52659.839359 (0,3)
Iteration 11854:  624.715000 930.000000 52507.868159 (0,3)
Iteration 11855:  623.465000 930.000000 52564.057395 (0,0)
Iteration 11870:  618.790000 930.000000 52624.460657 (0,3)
Iteration 11876:  566.985000 930.000000 52649.852741 (0,3)
Iteration 11886:  547.990000 931.000000 52018.277800 (0,3)
Iteration 11889:  505.075000 931.000000 51995.662771 (0,3)
Iteration 11895:  484.250000 931.000000 52027.305759 (0,3)
Iteration 11896:  484.250000 931.000000 52027.305759 (0,3)
Iteration 11923:  477.980000 929.000000 51870.711251 (0,3)
Iteration 11927:  474.535000 929.000000 51872.553870 (0,3)
Iteration 12278:  472.445000 920.000000 52459.706582 (0,3)
Iteration 12584:  469.275000 917.000000 52419.801441 (0,3)
Iteration 12600:  458.400000 917.000000 53022.596977 (0,3)
Iteration 12630:  439.130000 917.000000 53057.238748 (0,3)
Iteration 12677:  439.130000 917.000000 53057.238748 (0,3)
Iteration 12938:  431.585000 913.000000 52724.880170 (0,3)
Iteration 12994:  422.880000 912.000000 52684.382460 (1,1)
Iteration 13334:  422.350000 907.000000 52778.906911 (0,3)
Iteration 13374:  395.655000 908.000000 52970.592240 (0,3)
Iteration 13471:  348.980000 909.000000 52972.536998 (0,3)
Iteration 13551:  335.930000 909.000000 52884.179940 (0,3)
Iteration 13555:  335.930000 909.000000 52868.226846 (0,3)
Iteration 13757:  328.415000 909.000000 52715.716630 (0,3)
Iteration 13758:  328.415000 909.000000 52677.496300 (0,3)
Iteration 13862:  326.535000 909.000000 52566.047186 (0,3)
Iteration 13941:  324.110000 907.000000 52391.795837 (0,3)
Iteration 13992:  321.195000 907.000000 52398.459520 (0,3)
Iteration 14062:  312.085000 906.000000 52462.203059 (0,3)
Iteration 14086:  312.085000 906.000000 52247.759334 (1,3)
total iterations: 197404, time elapsed: 3600.01s
Destroy operator: destroy_random_leafs, Weight: 0.2435, Score: 23586.85, Count: 96826
Destroy operator: destroy_path, Weight: 0.1029, Score: 4198.85, Count: 40804
Destroy operator: destroy_worst_affinity, Weight: 0.0902, Score: 3157.95, Count: 35016
Destroy operator: destroy_district_group, Weight: 0.0618, Score: 1529.50, Count: 24757
Repair operator: repair_greedy_feasible, Weight: 0.0868, Score: 3040.25, Count: 35029
Repair operator: repair_affinity_compact, Weight: 0.0748, Score: 2305.30, Count: 30818
Repair operator: repair_nearest_center, Weight: 0.0771, Score: 2402.05, Count: 31169
Repair operator: repair_2regret, Weight: 0.2463, Score: 24725.55, Count: 100387
