Initial solution objectives: Balance violation = 10603.7375, Affinity loss = 934, Compactness = 46160.8145
Iteration 1003:  6190.212500 885.000000 47534.130266 (0,3)
Iteration 1004:  5420.177500 883.000000 47797.670465 (3,2)
Iteration 2098:  4544.477500 995.000000 45034.589359 (3,3)
Iteration 2102:  3695.647500 995.000000 44955.424563 (1,3)
Iteration 2103:  3284.815000 995.000000 45833.151985 (0,3)
Iteration 2104:  3192.447500 995.000000 46621.093312 (3,3)
Iteration 2116:  2205.210000 995.000000 45182.571030 (3,3)
Iteration 5398:  2146.140000 897.000000 54919.211617 (0,3)
Iteration 5444:  2141.562500 895.000000 54358.854302 (0,3)
Iteration 5446:  2115.535000 895.000000 54253.786148 (0,3)
Iteration 5471:  2007.857500 893.000000 54388.904270 (0,3)
Iteration 5664:  1876.050000 892.000000 53030.043014 (0,3)
Iteration 6770:  1802.337500 898.000000 55042.347838 (0,3)
Iteration 6772:  1665.237500 898.000000 55040.770235 (0,3)
Iteration 6790:  1437.887500 895.000000 53677.373373 (0,3)
Iteration 6889:  1326.742500 887.000000 54486.975796 (0,3)
Iteration 6989:  1267.527500 876.000000 57213.596519 (0,3)
Iteration 7000:  944.985000 874.000000 60595.762867 (0,3)
Iteration 7001:  939.985000 874.000000 60576.254507 (0,1)
Iteration 7014:  899.270000 871.000000 60114.956480 (0,3)
Iteration 7017:  899.270000 871.000000 60306.173562 (0,3)
Iteration 7023:  856.387500 869.000000 59814.688152 (0,3)
Iteration 7071:  740.677500 872.000000 59828.684264 (0,3)
Iteration 7075:  722.862500 870.000000 59641.868677 (0,3)
Iteration 7079:  616.067500 868.000000 59555.542042 (0,3)
Iteration 9044:  579.865000 870.000000 53329.053582 (0,3)
Iteration 9319:  538.580000 868.000000 53201.265671 (0,3)
Iteration 9348:  530.852500 862.000000 52709.464507 (0,3)
Iteration 9363:  498.670000 862.000000 52669.406268 (0,3)
Iteration 9371:  430.665000 862.000000 52770.428634 (0,3)
Iteration 9379:  377.450000 860.000000 52842.318544 (0,3)
Iteration 9512:  306.617500 863.000000 52836.463786 (0,3)
Iteration 20405:  301.035000 832.000000 56164.146704 (0,3)
Iteration 20411:  278.350000 833.000000 56204.303527 (0,3)
Iteration 20415:  274.220000 831.000000 55983.342500 (0,3)
Iteration 20443:  268.405000 830.000000 56078.719564 (0,0)
Iteration 20533:  258.922500 830.000000 56173.754217 (0,3)
Iteration 20535:  247.290000 830.000000 56212.619677 (0,3)
Iteration 20640:  231.890000 829.000000 56367.670274 (0,3)
Iteration 20672:  229.337500 829.000000 56520.189859 (0,3)
Iteration 20812:  207.155000 829.000000 56251.282207 (0,3)
Iteration 21029:  204.037500 829.000000 56064.735631 (0,3)
Iteration 21034:  199.370000 829.000000 55858.211882 (2,3)
Iteration 21080:  199.370000 829.000000 55754.888748 (0,3)
Iteration 21092:  191.370000 829.000000 55822.118734 (0,0)
Iteration 21093:  190.822500 828.000000 55440.057748 (0,3)
Iteration 21116:  168.137500 830.000000 55661.018775 (0,3)
Iteration 21176:  155.107500 830.000000 55601.747280 (0,3)
Iteration 21253:  155.107500 830.000000 55547.845782 (0,3)
Iteration 21255:  153.292500 830.000000 55508.339677 (0,3)
Iteration 21316:  150.625000 830.000000 55621.095131 (1,1)
Iteration 21534:  149.625000 830.000000 55531.445269 (0,3)
Iteration 21728:  146.440000 829.000000 55501.996003 (0,3)
Iteration 21869:  146.440000 829.000000 55410.649314 (0,3)
Iteration 21924:  135.492500 828.000000 55532.488137 (0,3)
Iteration 21935:  107.492500 830.000000 55680.232934 (0,0)
Iteration 21961:  107.492500 830.000000 55637.968091 (0,3)
Iteration 21979:  102.892500 831.000000 55634.810249 (0,3)
Iteration 22005:  102.892500 829.000000 55662.606829 (0,3)
Iteration 22009:  102.892500 829.000000 55520.325551 (0,3)
Iteration 22062:  102.892500 829.000000 55396.464568 (0,3)
Iteration 22317:  101.077500 829.000000 55376.163751 (0,3)
Iteration 22381:  101.077500 829.000000 55210.667522 (0,3)
Iteration 22469:  100.862500 829.000000 55125.138457 (1,3)
Iteration 22672:  99.862500 830.000000 55331.500142 (0,3)
Iteration 22757:  94.862500 833.000000 55464.736737 (0,0)
Iteration 22877:  94.677500 833.000000 55635.290510 (0,0)
Iteration 22922:  32.980000 833.000000 56432.361389 (0,3)
Iteration 22951:  32.980000 833.000000 56285.040449 (1,3)
Iteration 22978:  26.612500 833.000000 56319.565531 (0,3)
Iteration 22980:  25.612500 833.000000 56421.000224 (0,3)
Iteration 22982:  24.612500 833.000000 56554.350858 (0,3)
Iteration 22983:  24.612500 833.000000 56446.065893 (2,3)
Iteration 23074:  24.612500 833.000000 56433.178513 (0,3)
Iteration 23266:  23.612500 834.000000 56691.423784 (0,3)
Iteration 23349:  23.612500 834.000000 56630.267337 (0,3)
Iteration 23392:  23.612500 834.000000 56461.753145 (0,3)
Iteration 23397:  23.612500 834.000000 56423.551944 (0,3)
Iteration 23601:  23.612500 832.000000 56504.789654 (1,3)
Iteration 23903:  23.612500 832.000000 56455.430474 (0,3)
total iterations: 214750, time elapsed: 3600.09s
Destroy operator: destroy_random_leafs, Weight: 0.2264, Score: 23269.50, Count: 102879
Destroy operator: destroy_path, Weight: 0.1014, Score: 4650.45, Count: 45907
Destroy operator: destroy_worst_affinity, Weight: 0.0816, Score: 2969.95, Count: 36401
Destroy operator: destroy_district_group, Weight: 0.0605, Score: 1788.60, Count: 29562
Repair operator: repair_greedy_feasible, Weight: 0.0868, Score: 3459.35, Count: 39888
Repair operator: repair_affinity_compact, Weight: 0.0699, Score: 2305.10, Count: 33003
Repair operator: repair_nearest_center, Weight: 0.0766, Score: 2793.35, Count: 36502
Repair operator: repair_2regret, Weight: 0.2292, Score: 24120.70, Count: 105356
