Initial solution objectives: Balance violation = 14505.6800, Affinity loss = 981, Compactness = 44093.7229
Iteration 1:  13684.650000 981.000000 43967.569681 (0,3)
Iteration 502:  5024.920000 901.000000 44995.436091 (3,3)
Iteration 4069:  4387.380000 941.000000 48642.535851 (0,3)
Iteration 4073:  4088.880000 941.000000 48770.615891 (0,3)
Iteration 6312:  3979.640000 858.000000 48988.056818 (0,3)
Iteration 6352:  3892.870000 865.000000 49082.029768 (0,3)
Iteration 6353:  3846.140000 864.000000 49096.580955 (0,1)
Iteration 6366:  3586.070000 862.000000 48584.897912 (0,3)
Iteration 6368:  3581.260000 861.000000 48392.975131 (0,3)
Iteration 6384:  3413.720000 858.000000 48890.670962 (0,3)
Iteration 6390:  3098.000000 859.000000 48990.839962 (0,3)
Iteration 6393:  3095.000000 858.000000 49148.076395 (0,3)
Iteration 6396:  2949.500000 856.000000 49238.451306 (0,3)
Iteration 6398:  2935.770000 856.000000 49349.824251 (0,3)
Iteration 6421:  2765.570000 856.000000 49143.226808 (0,3)
Iteration 6555:  2717.770000 856.000000 47584.660361 (0,3)
Iteration 6602:  2702.030000 853.000000 46898.466656 (0,2)
Iteration 6606:  2680.030000 853.000000 46878.875438 (2,3)
Iteration 6609:  2673.300000 853.000000 47022.367960 (0,3)
Iteration 6610:  2608.230000 852.000000 47105.963437 (0,3)
Iteration 6611:  2601.420000 851.000000 47113.638488 (1,3)
Iteration 6612:  2526.420000 852.000000 47098.757074 (0,3)
Iteration 6638:  2327.620000 849.000000 46807.114925 (0,3)
Iteration 6640:  2283.180000 850.000000 46709.834503 (0,2)
Iteration 6641:  2221.050000 851.000000 46660.423028 (1,2)
Iteration 6643:  2180.310000 851.000000 46692.612455 (0,3)
Iteration 6724:  2012.510000 856.000000 46469.907080 (0,3)
Iteration 6725:  1868.920000 858.000000 46413.205805 (0,0)
Iteration 6728:  1803.920000 858.000000 46179.325478 (0,3)
Iteration 6730:  1800.880000 856.000000 46176.718243 (0,1)
Iteration 6732:  1798.880000 856.000000 46264.852327 (0,3)
Iteration 6749:  1782.040000 858.000000 46501.544862 (0,0)
Iteration 6755:  1766.770000 858.000000 46330.747552 (1,2)
Iteration 6891:  1607.960000 853.000000 46640.316826 (0,3)
Iteration 6911:  1599.060000 855.000000 46711.402843 (0,3)
Iteration 6912:  1200.490000 856.000000 46819.397462 (0,3)
Iteration 6914:  1193.750000 856.000000 46932.010983 (0,0)
Iteration 6915:  1193.750000 856.000000 46925.967332 (0,3)
Iteration 6919:  1056.880000 856.000000 46961.462628 (1,2)
Iteration 6924:  1040.200000 853.000000 46650.660110 (1,2)
Iteration 6931:  1040.200000 853.000000 46637.448655 (0,3)
Iteration 6932:  966.480000 853.000000 46758.208844 (0,3)
Iteration 7091:  700.410000 861.000000 46995.835816 (0,3)
Iteration 7827:  694.770000 915.000000 46390.923731 (0,3)
Iteration 7975:  346.590000 915.000000 46767.756192 (0,3)
Iteration 16201:  330.800000 723.000000 54956.274384 (0,3)
Iteration 16263:  330.800000 722.000000 54893.804896 (0,3)
Iteration 16285:  330.800000 722.000000 54582.789702 (0,3)
Iteration 16289:  330.060000 722.000000 54481.614176 (0,3)
Iteration 16325:  315.870000 721.000000 54454.156140 (0,3)
Iteration 16329:  301.930000 721.000000 54426.735970 (0,3)
Iteration 16341:  281.870000 721.000000 54461.253224 (1,0)
Iteration 16342:  281.870000 721.000000 54448.708696 (1,3)
Iteration 16348:  272.740000 721.000000 54405.324515 (2,3)
Iteration 16367:  268.800000 721.000000 54361.217932 (1,3)
Iteration 16408:  268.800000 720.000000 54305.955774 (0,3)
Iteration 16423:  268.800000 720.000000 54265.226017 (1,1)
Iteration 16613:  261.670000 720.000000 54175.588611 (0,3)
Iteration 16618:  250.200000 721.000000 54487.914858 (0,0)
Iteration 16726:  250.010000 718.000000 53966.049914 (0,3)
Iteration 16737:  250.010000 717.000000 54087.082842 (0,3)
Iteration 16786:  242.070000 718.000000 54184.834465 (0,0)
Iteration 16861:  242.070000 718.000000 54012.346753 (0,3)
Iteration 17058:  229.260000 723.000000 53913.611998 (1,2)
Iteration 17076:  214.130000 721.000000 53916.318388 (0,3)
Iteration 17103:  214.130000 720.000000 53866.522683 (0,3)
Iteration 25452:  183.740000 859.000000 49956.454012 (0,3)
Iteration 25479:  177.950000 859.000000 49882.578007 (0,3)
Iteration 25488:  177.950000 858.000000 49745.960014 (0,3)
Iteration 25516:  124.680000 860.000000 49936.678481 (0,3)
Iteration 25531:  120.740000 860.000000 49836.410002 (0,3)
Iteration 51978:  120.420000 810.000000 62458.671142 (0,3)
Iteration 51984:  120.420000 810.000000 62361.297500 (2,3)
Iteration 52014:  120.420000 810.000000 61839.900366 (0,3)
Iteration 52042:  66.420000 807.000000 61813.778226 (0,3)
Iteration 52051:  66.420000 807.000000 61773.668822 (0,3)
Iteration 52082:  66.420000 806.000000 61727.939900 (2,3)
Iteration 52085:  66.420000 806.000000 61719.866844 (0,3)
Iteration 52087:  66.420000 806.000000 61589.348915 (0,3)
Iteration 52099:  66.420000 805.000000 61586.316290 (2,3)
Iteration 52366:  64.480000 807.000000 61622.928697 (1,0)
Iteration 52406:  64.480000 805.000000 61318.132768 (0,3)
Iteration 52575:  64.480000 805.000000 61204.320894 (0,3)
Iteration 52614:  64.480000 805.000000 60688.894790 (0,3)
Iteration 52625:  64.480000 804.000000 60576.563134 (1,3)
Iteration 52748:  64.480000 804.000000 60550.021829 (0,3)
Iteration 52759:  64.480000 804.000000 60408.781245 (0,3)
Iteration 52762:  64.480000 801.000000 60392.050647 (0,3)
Iteration 52884:  64.480000 801.000000 60378.717700 (0,3)
Iteration 52924:  62.690000 801.000000 60298.064817 (0,3)
Iteration 52934:  52.750000 800.000000 60252.804467 (2,3)
Iteration 52993:  50.750000 798.000000 59079.335967 (0,3)
Iteration 52995:  49.810000 798.000000 58918.684098 (0,3)
Iteration 53066:  49.810000 797.000000 59092.714229 (0,3)
Iteration 53302:  49.810000 797.000000 59023.098754 (0,3)
Iteration 53382:  49.810000 797.000000 59009.080622 (0,3)
Iteration 53513:  49.810000 797.000000 58897.913707 (0,3)
Iteration 53530:  41.810000 797.000000 58849.579631 (0,3)
Iteration 53731:  41.810000 797.000000 58770.531227 (0,3)
Iteration 53747:  40.870000 797.000000 58749.770584 (0,0)
Iteration 53774:  40.870000 797.000000 58589.802898 (1,3)
Iteration 53828:  40.870000 795.000000 58551.878120 (0,3)
Iteration 53831:  40.870000 795.000000 58421.360191 (0,3)
Iteration 53898:  40.870000 795.000000 58388.755935 (0,3)
Iteration 53965:  40.870000 795.000000 58355.417011 (0,3)
Iteration 53975:  40.870000 794.000000 58300.455899 (2,3)
Iteration 54038:  40.870000 794.000000 57819.065569 (0,3)
Iteration 54076:  40.870000 794.000000 57741.423646 (0,3)
Iteration 54105:  40.870000 793.000000 57808.413000 (0,3)
Iteration 54144:  40.870000 792.000000 57876.355660 (0,3)
Iteration 54189:  40.870000 792.000000 57777.550294 (0,3)
Iteration 54209:  17.810000 790.000000 57855.612593 (0,0)
Iteration 54216:  4.870000 789.000000 57863.349445 (2,3)
Iteration 54283:  4.870000 789.000000 57808.013938 (0,3)
Iteration 54285:  4.870000 789.000000 57761.308289 (0,3)
Iteration 54301:  4.870000 789.000000 57698.305206 (1,3)
Iteration 54315:  4.870000 789.000000 57687.463517 (0,3)
Iteration 54381:  4.870000 788.000000 57767.204806 (0,3)
Iteration 54460:  4.870000 788.000000 57680.073983 (1,3)
Iteration 54615:  4.870000 788.000000 57575.402707 (0,3)
Iteration 54652:  4.870000 788.000000 57573.393362 (0,3)
Iteration 54759:  4.870000 788.000000 57532.504988 (0,3)
Iteration 54810:  4.870000 788.000000 57470.203594 (1,3)
Iteration 54817:  4.870000 788.000000 57468.626332 (0,3)
Iteration 54830:  4.870000 788.000000 57389.555780 (0,3)
Iteration 54859:  4.870000 788.000000 57296.023724 (0,3)
total iterations: 326068, time elapsed: 3600.00s
Destroy operator: destroy_random_leafs, Weight: 0.2242, Score: 34186.70, Count: 152527
Destroy operator: destroy_path, Weight: 0.1065, Score: 7653.50, Count: 71876
Destroy operator: destroy_worst_affinity, Weight: 0.0856, Score: 5075.55, Count: 59299
Destroy operator: destroy_district_group, Weight: 0.0609, Score: 2581.10, Count: 42365
Repair operator: repair_greedy_feasible, Weight: 0.0934, Score: 5911.25, Count: 63336
Repair operator: repair_affinity_compact, Weight: 0.0784, Score: 4186.70, Count: 53398
Repair operator: repair_nearest_center, Weight: 0.0814, Score: 4579.80, Count: 56285
Repair operator: repair_2regret, Weight: 0.2276, Score: 34819.10, Count: 153048
