Initial solution objectives: Balance violation = 13156.1920, Affinity loss = 935, Compactness = 26604.9470
Iteration 3025:  12681.246000 957.000000 28618.453987 (3,3)
Iteration 5615:  12599.806000 952.000000 28249.522216 (0,3)
Iteration 5617:  12557.258000 952.000000 28116.430029 (0,1)
Iteration 5622:  12222.374000 952.000000 28165.553646 (0,3)
Iteration 5651:  12038.712000 949.000000 28468.311075 (0,1)
Iteration 5657:  11783.956000 949.000000 28262.808068 (0,0)
Iteration 5659:  11611.554000 949.000000 28276.497629 (0,3)
Iteration 5660:  11380.178000 949.000000 28158.925506 (1,3)
Iteration 5665:  11348.192000 947.000000 28449.374455 (0,3)
Iteration 5667:  11189.908000 947.000000 28293.749983 (0,3)
Iteration 5668:  11155.882000 947.000000 28288.651479 (1,3)
Iteration 5673:  10930.770000 949.000000 27975.615709 (0,2)
Iteration 5676:  10859.318000 949.000000 28042.829661 (2,3)
Iteration 5685:  10718.512000 949.000000 28192.694721 (0,3)
Iteration 5690:  10459.556000 949.000000 28117.204217 (1,0)
Iteration 5750:  9965.708000 950.000000 29972.925645 (0,3)
Iteration 5776:  9809.380000 949.000000 30268.652101 (0,3)
Iteration 5777:  9536.082000 949.000000 30328.343591 (2,3)
Iteration 5801:  9337.630000 947.000000 30580.152676 (0,3)
Iteration 5806:  9141.228000 947.000000 30563.223035 (0,3)
Iteration 5834:  8829.882000 945.000000 30257.661882 (0,3)
Iteration 5844:  8726.534000 944.000000 30153.223131 (0,3)
Iteration 5846:  8693.284000 944.000000 30232.026977 (1,2)
Iteration 5848:  8410.240000 944.000000 30309.363705 (0,3)
Iteration 5849:  8345.964000 944.000000 30334.620815 (0,0)
Iteration 6497:  8331.048000 948.000000 27890.545038 (0,3)
Iteration 6518:  8046.916000 946.000000 28395.972002 (0,3)
Iteration 6519:  8036.558000 946.000000 28398.564954 (0,3)
Iteration 6531:  7941.282000 945.000000 28286.799152 (0,3)
Iteration 6567:  7900.140000 944.000000 28080.752971 (0,3)
Iteration 6568:  7388.204000 944.000000 28259.057137 (0,0)
Iteration 6571:  7191.288000 944.000000 28224.321685 (0,3)
Iteration 6572:  6908.948000 944.000000 28393.659226 (1,0)
Iteration 6580:  6809.254000 942.000000 28447.509736 (0,0)
Iteration 6586:  6711.576000 942.000000 28514.698755 (0,0)
Iteration 6591:  6592.642000 943.000000 28465.210502 (3,3)
Iteration 6640:  6124.922000 936.000000 27483.935098 (0,3)
Iteration 6641:  6053.280000 936.000000 27609.925633 (2,3)
Iteration 6643:  5797.690000 936.000000 27585.780396 (0,3)
Iteration 6655:  5747.736000 936.000000 27525.893136 (0,3)
Iteration 6662:  5372.314000 936.000000 27564.802221 (1,0)
Iteration 6667:  5085.738000 937.000000 27865.691220 (0,3)
Iteration 6709:  4867.638000 942.000000 27613.870765 (0,3)
Iteration 6722:  4752.236000 942.000000 28063.127735 (0,3)
Iteration 6816:  4531.446000 933.000000 29098.398055 (0,3)
Iteration 6817:  3930.906000 934.000000 29181.692977 (0,3)
Iteration 6820:  3921.514000 935.000000 29243.782277 (0,3)
Iteration 6821:  3654.346000 936.000000 29210.617761 (0,0)
Iteration 6827:  3565.954000 936.000000 29295.706309 (0,3)
Iteration 6954:  3480.466000 932.000000 29024.130192 (0,0)
Iteration 6956:  3183.832000 933.000000 29056.766352 (0,3)
Iteration 6971:  3083.888000 933.000000 29220.198353 (0,3)
Iteration 6972:  3052.888000 933.000000 29243.549585 (1,3)
Iteration 8441:  2982.196000 954.000000 29186.905026 (0,3)
Iteration 8447:  2975.334000 954.000000 29102.420887 (0,3)
Iteration 8462:  2959.632000 954.000000 29018.898173 (0,3)
Iteration 8871:  2865.282000 952.000000 28800.239269 (0,3)
Iteration 8873:  2763.756000 952.000000 28727.585130 (0,3)
Iteration 8902:  2678.570000 952.000000 28948.523358 (0,3)
Iteration 8904:  2569.570000 952.000000 29033.726465 (0,3)
Iteration 8910:  2533.044000 952.000000 29073.888884 (0,3)
Iteration 8912:  2484.088000 952.000000 29112.919173 (0,3)
Iteration 8928:  2468.338000 952.000000 29288.395226 (0,3)
Iteration 8937:  2421.606000 952.000000 29247.397558 (0,3)
Iteration 8994:  2419.700000 952.000000 29048.538808 (0,3)
Iteration 9394:  2377.018000 949.000000 29364.230023 (0,3)
Iteration 9402:  2277.768000 950.000000 29287.184412 (0,3)
Iteration 9446:  2244.928000 950.000000 29196.740983 (0,3)
Iteration 9507:  2237.752000 949.000000 29028.554387 (0,3)
Iteration 9571:  2208.014000 949.000000 28963.925803 (0,0)
Iteration 9585:  1947.764000 950.000000 28860.654024 (0,3)
Iteration 161857:  1939.252000 965.000000 30987.292237 (0,3)
Iteration 161858:  1910.252000 965.000000 31001.816332 (1,3)
Iteration 161861:  1769.502000 965.000000 31009.669884 (0,3)
Iteration 161873:  1652.894000 965.000000 31033.852042 (0,0)
Iteration 161878:  1649.920000 964.000000 30931.378703 (0,3)
Iteration 161924:  1581.872000 963.000000 30901.763524 (0,1)
Iteration 161928:  1519.282000 963.000000 31131.134722 (0,3)
Iteration 161940:  1500.554000 963.000000 31134.921388 (0,3)
Iteration 162031:  1470.602000 963.000000 31245.317018 (0,3)
Iteration 162044:  1464.304000 963.000000 31254.423411 (0,3)
Iteration 162125:  1453.348000 963.000000 31351.051479 (0,3)
Iteration 162133:  1442.348000 963.000000 31324.031850 (0,3)
Iteration 162169:  1431.740000 962.000000 31373.630305 (0,0)
Iteration 162192:  1398.898000 962.000000 31411.617855 (0,3)
Iteration 162649:  1359.648000 962.000000 31450.241790 (0,3)
Iteration 162797:  1330.696000 962.000000 31451.792492 (0,3)
Iteration 162871:  1322.490000 962.000000 31369.379410 (0,3)
Iteration 163336:  1252.572000 962.000000 31466.495783 (0,3)
Iteration 163384:  1252.572000 962.000000 31462.636294 (0,3)
Iteration 163585:  1251.572000 962.000000 31716.896279 (0,3)
Iteration 163632:  1249.822000 962.000000 31707.944693 (0,3)
Iteration 163886:  1171.620000 962.000000 31723.388378 (0,3)
Iteration 163913:  1003.414000 962.000000 31743.883881 (0,3)
Iteration 163929:  981.458000 962.000000 31740.030853 (0,3)
total iterations: 263831, time elapsed: 3600.00s
Destroy operator: destroy_random_leafs, Weight: 0.2669, Score: 34944.95, Count: 130984
Destroy operator: destroy_path, Weight: 0.1062, Score: 5603.55, Count: 52740
Destroy operator: destroy_worst_affinity, Weight: 0.0821, Score: 3385.75, Count: 41255
Destroy operator: destroy_district_group, Weight: 0.0747, Score: 2900.55, Count: 38851
Repair operator: repair_greedy_feasible, Weight: 0.1130, Score: 6487.20, Count: 57435
Repair operator: repair_affinity_compact, Weight: 0.0699, Score: 2502.00, Count: 35816
Repair operator: repair_nearest_center, Weight: 0.0742, Score: 2846.10, Count: 38370
Repair operator: repair_2regret, Weight: 0.2648, Score: 34999.50, Count: 132209
