Initial solution objectives: Balance violation = 21591.2080, Affinity loss = 966, Compactness = 25773.0351
Iteration 1:  21535.720000 967.000000 25590.972022 (1,2)
Iteration 2:  20567.084000 966.000000 25758.938305 (0,3)
Iteration 12:  20323.336000 963.000000 26342.718675 (0,3)
Iteration 13:  19639.832000 963.000000 26319.633650 (0,2)
Iteration 517:  17534.904000 925.000000 27549.372856 (3,3)
Iteration 522:  16048.100000 929.000000 27352.167798 (3,2)
Iteration 1037:  15694.908000 931.000000 27977.711250 (3,3)
Iteration 6210:  15654.092000 876.000000 28209.159462 (2,3)
Iteration 6213:  15312.092000 876.000000 28304.537747 (1,3)
Iteration 6221:  14872.884000 875.000000 28346.612862 (0,0)
Iteration 6223:  14631.680000 878.000000 28299.497874 (1,2)
Iteration 6224:  14631.564000 877.000000 28530.092625 (0,0)
Iteration 6226:  14566.668000 877.000000 28576.116169 (1,3)
Iteration 6231:  14505.904000 880.000000 28747.387985 (0,0)
Iteration 6759:  14445.292000 908.000000 29166.432286 (0,0)
Iteration 7260:  13298.560000 961.000000 26892.911223 (3,3)
Iteration 7263:  12982.416000 961.000000 26702.948883 (0,3)
Iteration 7266:  12835.048000 961.000000 26648.143749 (2,3)
Iteration 7346:  12340.884000 963.000000 26956.595109 (0,3)
Iteration 7397:  12109.012000 965.000000 27637.301368 (0,0)
Iteration 7403:  12108.820000 965.000000 27660.779021 (1,3)
Iteration 7457:  12011.120000 965.000000 27971.649335 (0,0)
Iteration 7458:  11690.296000 965.000000 27986.392640 (1,1)
Iteration 7474:  11491.828000 959.000000 29259.265747 (0,0)
Iteration 7494:  11459.156000 956.000000 29136.572595 (0,3)
Iteration 7522:  11431.100000 956.000000 29465.337299 (0,3)
Iteration 7537:  11387.936000 956.000000 29596.345037 (0,3)
Iteration 7538:  11356.060000 958.000000 29548.825952 (1,3)
Iteration 7540:  11284.136000 958.000000 29510.831602 (0,2)
Iteration 7545:  11073.292000 958.000000 29566.098476 (0,3)
Iteration 7546:  11042.760000 958.000000 29623.007248 (0,0)
Iteration 7571:  10802.304000 958.000000 29633.928965 (0,3)
Iteration 7577:  10790.660000 956.000000 29525.573942 (0,2)
Iteration 7607:  10542.796000 957.000000 29200.380071 (0,3)
Iteration 7608:  10345.104000 957.000000 29228.160799 (2,3)
Iteration 7612:  10216.084000 957.000000 29141.255316 (0,3)
Iteration 7614:  10051.784000 957.000000 29145.868013 (0,3)
Iteration 7636:  9783.192000 958.000000 29759.112095 (0,3)
Iteration 7639:  9152.296000 958.000000 29719.616375 (0,3)
Iteration 7927:  9140.508000 956.000000 28957.178146 (0,3)
Iteration 7964:  8740.812000 961.000000 28823.887865 (0,3)
Iteration 7981:  8715.756000 960.000000 28564.354665 (3,3)
Iteration 7995:  8677.572000 959.000000 28061.421000 (3,3)
Iteration 7996:  8472.184000 961.000000 28339.724943 (0,3)
Iteration 8004:  8462.808000 961.000000 28344.262012 (1,0)
Iteration 8014:  8375.884000 961.000000 28412.252932 (3,3)
Iteration 8017:  8293.036000 960.000000 28364.089497 (0,0)
Iteration 8129:  8240.292000 961.000000 28007.214222 (0,3)
Iteration 8137:  8195.888000 961.000000 27985.756510 (0,3)
Iteration 8196:  8096.412000 958.000000 27767.348383 (0,3)
Iteration 8242:  7867.472000 954.000000 28068.636963 (0,0)
Iteration 8247:  7666.452000 954.000000 28103.166308 (0,3)
Iteration 8685:  7359.880000 947.000000 29811.263884 (0,3)
Iteration 8695:  7013.580000 947.000000 29760.909826 (1,3)
Iteration 8696:  6931.252000 947.000000 29692.803908 (0,0)
Iteration 8697:  6905.828000 947.000000 29711.448330 (0,3)
Iteration 8698:  6748.512000 947.000000 29735.945206 (2,3)
Iteration 8702:  6543.076000 947.000000 29714.109916 (1,2)
Iteration 8703:  6532.652000 947.000000 29810.900551 (2,3)
Iteration 8705:  6447.336000 947.000000 29779.072665 (3,3)
Iteration 8709:  6344.340000 947.000000 29896.041960 (1,1)
Iteration 8820:  5882.828000 947.000000 29034.198260 (0,3)
Iteration 8828:  5790.528000 947.000000 29082.973720 (0,3)
Iteration 8831:  5682.856000 947.000000 29258.788236 (0,0)
Iteration 8833:  5680.856000 946.000000 29218.867561 (0,1)
Iteration 8942:  5644.248000 946.000000 30272.638383 (0,3)
Iteration 8944:  5621.460000 946.000000 30369.210832 (1,3)
Iteration 8953:  5580.768000 946.000000 30310.168566 (0,3)
Iteration 8957:  5230.940000 946.000000 30273.234488 (1,1)
Iteration 8959:  5181.524000 946.000000 30337.005047 (0,3)
Iteration 9099:  5165.908000 948.000000 30460.977153 (0,3)
Iteration 9294:  5105.388000 945.000000 30058.413193 (0,3)
Iteration 9295:  4948.012000 945.000000 30182.115597 (0,3)
Iteration 9345:  4834.216000 945.000000 30030.743527 (0,2)
Iteration 9346:  4817.908000 945.000000 30130.409104 (2,3)
Iteration 9519:  4769.684000 944.000000 30653.003292 (2,3)
Iteration 9520:  4730.376000 943.000000 30734.632252 (0,3)
Iteration 9521:  4704.668000 942.000000 30531.890038 (3,3)
Iteration 13849:  4599.220000 947.000000 28965.557559 (0,3)
Iteration 13876:  4582.692000 947.000000 28977.027638 (0,3)
Iteration 13881:  4582.692000 947.000000 28950.684167 (0,3)
Iteration 13896:  4447.404000 946.000000 29400.329503 (0,0)
Iteration 13911:  4403.948000 946.000000 29468.254795 (2,3)
Iteration 13919:  4004.560000 946.000000 29437.855898 (0,3)
Iteration 13927:  3797.772000 946.000000 29479.925387 (0,3)
Iteration 13929:  3767.300000 948.000000 29594.839533 (1,3)
Iteration 13935:  3689.472000 948.000000 29615.587720 (0,3)
Iteration 13942:  3642.148000 947.000000 29729.956632 (0,3)
Iteration 13949:  3608.552000 947.000000 29791.468139 (0,0)
Iteration 13950:  3464.512000 947.000000 29571.260268 (3,3)
Iteration 13972:  3415.976000 947.000000 29916.506741 (1,2)
Iteration 13976:  3246.828000 947.000000 29722.983157 (0,3)
Iteration 13983:  3103.528000 947.000000 29830.198840 (0,3)
Iteration 13994:  2962.836000 947.000000 29895.200853 (0,3)
Iteration 13998:  2961.740000 947.000000 29904.989640 (2,3)
Iteration 14027:  2829.412000 947.000000 29915.769927 (0,3)
Iteration 14070:  2818.528000 947.000000 29908.706331 (0,0)
Iteration 14072:  2772.056000 947.000000 30408.022177 (0,0)
Iteration 14080:  2738.960000 947.000000 30346.684041 (1,1)
Iteration 14082:  2692.488000 947.000000 30310.644117 (0,3)
Iteration 14087:  2691.392000 947.000000 30320.432904 (2,3)
Iteration 14089:  2564.468000 947.000000 30298.590737 (1,3)
Iteration 14098:  2505.720000 947.000000 30241.012093 (0,3)
Iteration 14100:  2384.892000 947.000000 30198.417860 (0,3)
Iteration 14104:  2329.392000 949.000000 30244.634428 (0,3)
Iteration 14120:  2291.488000 949.000000 30240.549669 (0,0)
Iteration 14131:  2269.740000 949.000000 30217.933494 (0,3)
Iteration 14184:  2262.756000 949.000000 30164.536271 (0,3)
Iteration 14197:  2153.208000 949.000000 30010.986969 (0,2)
Iteration 14201:  2107.552000 949.000000 30037.584284 (0,0)
Iteration 14205:  2092.436000 949.000000 30067.322197 (0,3)
Iteration 14214:  2013.688000 949.000000 30068.309580 (0,3)
Iteration 14316:  1987.676000 949.000000 30086.384709 (0,3)
Iteration 14361:  1927.752000 949.000000 30093.526601 (0,0)
Iteration 14390:  1847.004000 949.000000 30058.288461 (0,3)
Iteration 14416:  1723.984000 949.000000 30062.379041 (1,1)
Iteration 14612:  1710.340000 949.000000 30151.030047 (0,3)
Iteration 14639:  1697.088000 949.000000 30093.049253 (0,3)
Iteration 14850:  1565.820000 949.000000 30128.636682 (0,3)
Iteration 14872:  1545.040000 949.000000 30186.356979 (0,3)
Iteration 14893:  1456.712000 949.000000 30202.237152 (0,3)
Iteration 14940:  1421.088000 949.000000 30252.478880 (1,0)
Iteration 14995:  1398.216000 949.000000 30266.944657 (0,3)
Iteration 15056:  1366.292000 949.000000 30270.535568 (1,3)
Iteration 15187:  1341.664000 949.000000 30365.425500 (0,3)
Iteration 15461:  1331.460000 949.000000 30438.220404 (1,3)
Iteration 15537:  1331.460000 949.000000 30435.491214 (0,3)
Iteration 15585:  1324.952000 949.000000 30566.146183 (0,0)
Iteration 15731:  1260.076000 949.000000 30601.372654 (0,3)
Iteration 15799:  1236.076000 949.000000 30573.851987 (1,0)
Iteration 15805:  1130.308000 949.000000 30395.495812 (0,3)
Iteration 15813:  1117.056000 949.000000 30403.733602 (1,3)
Iteration 15908:  1113.324000 949.000000 30299.197064 (0,3)
Iteration 16261:  1094.700000 949.000000 30210.359017 (0,3)
total iterations: 268883, time elapsed: 3600.02s
Destroy operator: destroy_random_leafs, Weight: 0.8491, Score: 75796.50, Count: 89273
Destroy operator: destroy_path, Weight: 0.6223, Score: 40459.50, Count: 65023
Destroy operator: destroy_worst_affinity, Weight: 0.5454, Score: 31374.50, Count: 57531
Destroy operator: destroy_district_group, Weight: 0.5370, Score: 30638.50, Count: 57055
Repair operator: repair_greedy_feasible, Weight: 0.6015, Score: 38219.50, Count: 63546
Repair operator: repair_affinity_compact, Weight: 0.5418, Score: 31069.50, Count: 57342
Repair operator: repair_nearest_center, Weight: 0.5490, Score: 31757.00, Count: 57849
Repair operator: repair_2regret, Weight: 0.8567, Score: 77223.00, Count: 90145
