Initial solution objectives: Balance violation = 30205.9300, Affinity loss = 1727, Compactness = 95307.1091
Iteration 1:  26476.175000 1710.000000 94504.192273 (3,3)
Iteration 5:  25870.912500 1714.000000 94189.071190 (0,2)
Iteration 506:  20011.815000 1718.000000 94533.595943 (1,1)
Iteration 1014:  19260.407500 1972.000000 89971.538176 (0,3)
Iteration 1515:  14095.110000 1842.000000 92044.091594 (2,3)
Iteration 1522:  13297.817500 1843.000000 92475.736389 (0,3)
Iteration 1523:  12076.512500 1843.000000 92128.442881 (0,1)
Iteration 4720:  11929.795000 1911.000000 89940.253116 (1,1)
Iteration 4763:  11885.900000 1927.000000 89038.782085 (0,1)
Iteration 4766:  9346.792500 1927.000000 89010.789850 (3,3)
Iteration 9820:  7869.207500 1731.000000 102366.268487 (3,3)
Iteration 9823:  7388.710000 1731.000000 102328.258206 (2,3)
Iteration 9825:  7205.207500 1729.000000 102416.972428 (1,1)
Iteration 9832:  6986.310000 1727.000000 102964.296914 (2,3)
Iteration 9834:  6622.767500 1727.000000 102993.344344 (1,1)
Iteration 9843:  6542.837500 1726.000000 102867.397242 (1,3)
Iteration 9847:  5899.105000 1730.000000 103024.987194 (0,3)
Iteration 9848:  5741.412500 1731.000000 102491.368376 (0,2)
Iteration 9853:  5395.597500 1731.000000 102387.738574 (2,3)
Iteration 9886:  5227.350000 1725.000000 101663.308528 (3,3)
Iteration 9887:  5092.072500 1725.000000 101669.937895 (1,3)
Iteration 9897:  4898.267500 1725.000000 101767.757538 (0,3)
Iteration 9898:  4551.792500 1720.000000 101819.341237 (0,3)
Iteration 9901:  3613.262500 1719.000000 102100.036409 (0,3)
Iteration 9902:  3533.467500 1719.000000 101960.078618 (0,3)
Iteration 9916:  3464.400000 1720.000000 102019.607951 (0,3)
Iteration 9946:  3171.390000 1724.000000 102936.280578 (0,3)
Iteration 9951:  3037.987500 1723.000000 102867.064676 (0,3)
Iteration 9958:  2343.912500 1725.000000 103062.426520 (0,3)
Iteration 10099:  2292.675000 1695.000000 100751.317574 (0,3)
Iteration 10108:  2083.812500 1691.000000 100747.895855 (0,3)
Iteration 10115:  1740.510000 1689.000000 100807.248047 (2,3)
Iteration 10117:  1636.972500 1687.000000 100925.847714 (0,3)
Iteration 10120:  1616.972500 1689.000000 101008.095023 (0,3)
Iteration 10125:  1226.270000 1689.000000 101116.843491 (1,1)
Iteration 10137:  1138.035000 1687.000000 101016.662302 (0,3)
Iteration 10198:  1109.342500 1683.000000 100951.823813 (0,3)
Iteration 10282:  1097.365000 1685.000000 101463.133332 (0,2)
Iteration 10306:  1019.467500 1679.000000 101414.306164 (0,3)
Iteration 10313:  892.467500 1677.000000 101283.536780 (1,2)
Iteration 12525:  848.962500 1813.000000 94122.511143 (0,3)
Iteration 12540:  831.205000 1812.000000 94243.614472 (0,3)
Iteration 12548:  774.540000 1812.000000 94517.518630 (0,3)
Iteration 12557:  716.127500 1811.000000 94805.097357 (0,3)
Iteration 12559:  612.625000 1811.000000 94797.231806 (0,3)
Iteration 12564:  477.625000 1811.000000 94948.152202 (0,3)
Iteration 12606:  471.532500 1811.000000 95259.892178 (0,3)
Iteration 12607:  466.532500 1811.000000 95364.244710 (0,3)
Iteration 12616:  459.135000 1810.000000 94812.862730 (0,3)
Iteration 12639:  359.092500 1810.000000 94715.467451 (0,3)
Iteration 12673:  313.590000 1810.000000 94737.586467 (0,3)
Iteration 12682:  306.195000 1810.000000 94740.299594 (0,3)
Iteration 12702:  289.195000 1810.000000 94720.058224 (0,3)
Iteration 12717:  289.195000 1809.000000 94727.604268 (0,3)
Iteration 12718:  289.195000 1809.000000 94670.381060 (0,3)
Iteration 12720:  259.195000 1810.000000 94767.867723 (0,3)
Iteration 24419:  252.825000 1825.000000 97574.762179 (0,3)
Iteration 24442:  237.087500 1825.000000 97477.442055 (0,3)
Iteration 24451:  187.422500 1825.000000 97457.879759 (1,3)
Iteration 24505:  165.157500 1825.000000 97542.417197 (0,3)
Iteration 24541:  165.157500 1825.000000 97478.339900 (0,3)
Iteration 24627:  137.822500 1824.000000 97308.182141 (0,3)
Iteration 24731:  137.822500 1824.000000 97269.037196 (0,3)
Iteration 24741:  135.557500 1823.000000 97368.315774 (0,3)
Iteration 24823:  135.557500 1823.000000 97294.844131 (0,3)
Iteration 31166:  127.232500 1616.000000 97959.478374 (0,3)
Iteration 31180:  119.897500 1616.000000 97961.933576 (1,3)
Iteration 31191:  113.897500 1617.000000 98197.168665 (0,3)
Iteration 31218:  101.160000 1617.000000 98189.708705 (1,2)
Iteration 31251:  101.160000 1617.000000 98019.427969 (0,3)
Iteration 31252:  93.160000 1617.000000 98025.022464 (1,0)
Iteration 31311:  86.685000 1613.000000 98104.132096 (0,3)
Iteration 31474:  86.685000 1612.000000 98135.605498 (0,3)
Iteration 31574:  86.685000 1611.000000 97866.367507 (1,3)
Iteration 31602:  86.685000 1610.000000 97922.628482 (0,3)
Iteration 31608:  86.685000 1610.000000 97883.787585 (0,3)
Iteration 31801:  86.685000 1610.000000 97800.161308 (0,3)
Iteration 31957:  86.685000 1610.000000 97734.975905 (0,3)
Iteration 32046:  86.447500 1610.000000 97738.726074 (1,2)
Iteration 32128:  86.447500 1608.000000 97728.418291 (0,3)
Iteration 32192:  86.447500 1608.000000 97720.407887 (0,3)
Iteration 32339:  86.447500 1605.000000 97768.180099 (0,3)
Iteration 32350:  57.020000 1603.000000 97776.213873 (0,3)
Iteration 32372:  53.755000 1603.000000 97632.601817 (0,3)
Iteration 32377:  23.115000 1603.000000 97605.150259 (0,3)
Iteration 32383:  23.115000 1603.000000 97596.089812 (0,3)
Iteration 32437:  23.115000 1603.000000 97552.297662 (0,3)
Iteration 32438:  23.115000 1602.000000 97403.524848 (0,3)
Iteration 32466:  11.450000 1602.000000 97371.881095 (0,3)
Iteration 32628:  5.450000 1600.000000 97339.634677 (0,3)
Iteration 32676:  5.450000 1600.000000 97333.701794 (0,3)
total iterations: 78218, time elapsed: 3600.14s
Destroy operator: destroy_random_leafs, Weight: 0.1946, Score: 6223.25, Count: 31948
Destroy operator: destroy_path, Weight: 0.0961, Score: 1708.65, Count: 17796
Destroy operator: destroy_worst_affinity, Weight: 0.0876, Score: 1362.85, Count: 15533
Destroy operator: destroy_district_group, Weight: 0.0623, Score: 806.45, Count: 12940
Repair operator: repair_greedy_feasible, Weight: 0.0683, Score: 914.20, Count: 13397
Repair operator: repair_affinity_compact, Weight: 0.0683, Score: 999.00, Count: 14651
Repair operator: repair_nearest_center, Weight: 0.0744, Score: 1141.05, Count: 15330
Repair operator: repair_2regret, Weight: 0.2021, Score: 7046.95, Count: 34839
