Initial solution objectives: Balance violation = 50967.0080, Affinity loss = 1930, Compactness = 55947.9770
Iteration 0:  50069.511000 1933.000000 55446.469320 (0,2)
Iteration 501:  35846.792000 1990.000000 55208.695359 (2,3)
Iteration 4008:  32841.269000 1952.000000 54638.447949 (0,1)
Iteration 5511:  31096.173000 1945.000000 55171.207754 (1,0)
Iteration 8263:  30357.012000 1936.000000 58638.744384 (3,3)
Iteration 8268:  29732.008000 1933.000000 58407.828889 (0,3)
Iteration 8271:  29451.117000 1934.000000 58695.380967 (0,0)
Iteration 8274:  29405.801000 1934.000000 58713.373275 (2,3)
Iteration 8870:  29162.999000 1936.000000 59107.581516 (0,0)
Iteration 8871:  28941.999000 1936.000000 59259.509476 (1,1)
Iteration 8885:  28656.946000 1935.000000 59068.424825 (0,3)
Iteration 8887:  28532.591000 1931.000000 58806.098038 (2,3)
Iteration 8930:  27495.922000 1930.000000 58356.322417 (3,3)
Iteration 8937:  26748.362000 1927.000000 58335.606473 (0,3)
Iteration 8941:  25744.063000 1927.000000 58429.608937 (3,2)
Iteration 8942:  24390.549000 1928.000000 58591.990486 (0,3)
Iteration 8949:  24334.549000 1928.000000 58625.019718 (1,3)
Iteration 8954:  24157.549000 1928.000000 58650.626075 (2,3)
Iteration 8957:  23551.331000 1928.000000 58529.279451 (0,3)
Iteration 8959:  23497.331000 1929.000000 58565.113081 (1,0)
Iteration 8960:  23325.026000 1929.000000 58570.335326 (1,0)
Iteration 8961:  23305.194000 1928.000000 58590.364897 (0,3)
Iteration 8975:  23252.194000 1930.000000 58656.477518 (1,0)
Iteration 8981:  22403.496000 1930.000000 58767.023115 (0,3)
Iteration 8982:  22078.805000 1930.000000 58663.613841 (3,3)
Iteration 9003:  21967.573000 1925.000000 58938.350278 (0,3)
Iteration 9006:  21499.323000 1924.000000 59153.778753 (0,3)
Iteration 9014:  21469.091000 1926.000000 59241.792886 (2,3)
Iteration 9015:  20541.032000 1925.000000 59341.810418 (0,3)
Iteration 9026:  20094.390000 1927.000000 59084.713576 (0,3)
Iteration 9058:  20006.321000 1924.000000 58898.291458 (0,3)
Iteration 9059:  19884.946000 1924.000000 58933.872088 (1,0)
Iteration 9060:  19746.633000 1925.000000 59124.202989 (0,0)
Iteration 9061:  19585.585000 1925.000000 59154.004987 (0,3)
Iteration 9069:  19072.405000 1927.000000 59079.106244 (0,3)
Iteration 9104:  18694.050000 1921.000000 58958.376650 (0,0)
Iteration 9108:  18587.833000 1923.000000 58658.601956 (0,3)
Iteration 9119:  18231.062000 1922.000000 58661.886820 (0,3)
Iteration 9120:  17842.851000 1922.000000 58747.589453 (1,3)
Iteration 9123:  17281.198000 1922.000000 58596.996814 (0,3)
Iteration 9124:  17218.778000 1922.000000 58554.281201 (1,3)
Iteration 9125:  17164.778000 1922.000000 58568.620228 (1,1)
Iteration 9127:  16713.751000 1925.000000 58526.240707 (0,3)
Iteration 9128:  16707.751000 1925.000000 58571.437898 (2,3)
Iteration 9130:  16656.776000 1925.000000 58881.010560 (0,3)
Iteration 9153:  16286.606000 1928.000000 59830.428419 (0,3)
Iteration 9159:  16059.144000 1926.000000 59861.114709 (0,3)
Iteration 9867:  15628.521000 1957.000000 58214.695054 (0,3)
Iteration 9868:  15177.361000 1959.000000 58378.438765 (0,3)
Iteration 9882:  15168.258000 1955.000000 58787.088181 (0,3)
Iteration 9888:  14875.691000 1957.000000 58938.490109 (0,3)
Iteration 9889:  13877.805000 1957.000000 58934.338595 (0,3)
Iteration 9890:  13462.073000 1957.000000 59007.060534 (0,3)
Iteration 9894:  13460.035000 1957.000000 59002.514601 (2,3)
Iteration 9897:  13375.559000 1957.000000 58986.210604 (0,3)
Iteration 9903:  12886.743000 1957.000000 58981.990199 (1,3)
Iteration 9905:  12832.344000 1957.000000 59065.672649 (2,3)
Iteration 9908:  12697.139000 1957.000000 59132.929613 (0,3)
Iteration 9914:  12522.330000 1957.000000 59226.336772 (0,3)
Iteration 9916:  12332.021000 1957.000000 59425.246179 (0,3)
Iteration 9920:  12263.035000 1958.000000 59457.523978 (0,3)
Iteration 9926:  11720.736000 1958.000000 59578.136597 (0,3)
Iteration 9929:  11720.736000 1958.000000 59594.440594 (0,0)
Iteration 9938:  11638.597000 1958.000000 59692.553002 (0,3)
Iteration 9942:  11183.552000 1958.000000 59640.228364 (0,3)
Iteration 9945:  10759.552000 1958.000000 59595.279112 (0,3)
Iteration 9952:  10331.590000 1957.000000 59745.546387 (0,3)
Iteration 9953:  10198.118000 1958.000000 59802.978558 (0,3)
Iteration 9968:  9994.625000 1960.000000 59822.629582 (0,3)
Iteration 9969:  9964.014000 1960.000000 59748.917961 (2,3)
Iteration 9970:  9845.514000 1960.000000 59868.131703 (0,3)
Iteration 9973:  9781.514000 1960.000000 59890.654587 (0,3)
Iteration 9975:  9757.229000 1960.000000 59996.458697 (0,3)
Iteration 9981:  9472.253000 1960.000000 60044.761972 (0,3)
Iteration 9986:  9286.478000 1962.000000 59725.554928 (2,3)
Iteration 9989:  9222.478000 1962.000000 59746.660584 (0,3)
Iteration 9992:  9221.138000 1962.000000 59698.896730 (1,0)
Iteration 9997:  9177.621000 1960.000000 59956.920750 (0,3)
Iteration 10005:  9151.902000 1960.000000 60036.355678 (0,3)
Iteration 10008:  8577.190000 1960.000000 60374.053755 (0,3)
Iteration 10059:  8557.825000 1960.000000 60001.875837 (2,3)
Iteration 10061:  8538.398000 1959.000000 60068.703190 (1,3)
Iteration 10063:  8308.009000 1959.000000 59788.783598 (0,3)
Iteration 10066:  8257.648000 1959.000000 59786.002199 (0,3)
Iteration 10078:  8141.075000 1957.000000 59606.275135 (0,3)
Iteration 10083:  8097.790000 1957.000000 59517.067788 (0,3)
Iteration 10087:  8079.173000 1957.000000 59400.307363 (0,3)
Iteration 10136:  8020.399000 1958.000000 60183.399798 (0,3)
Iteration 10155:  7484.794000 1961.000000 60210.649813 (3,3)
Iteration 10158:  7484.794000 1961.000000 60210.649813 (2,3)
Iteration 10160:  7484.794000 1961.000000 60207.871960 (0,3)
Iteration 10162:  6430.078000 1961.000000 60036.681916 (0,3)
Iteration 10164:  6417.078000 1961.000000 60033.340689 (2,3)
Iteration 10175:  5928.394000 1961.000000 60039.913737 (0,3)
Iteration 10184:  5897.769000 1961.000000 59986.886077 (0,3)
Iteration 10185:  5783.168000 1961.000000 59956.171150 (0,3)
Iteration 10188:  5748.220000 1961.000000 59885.266194 (2,3)
Iteration 10195:  5602.821000 1961.000000 59941.950644 (0,3)
Iteration 10197:  5328.363000 1961.000000 60022.628491 (0,3)
Iteration 10375:  5260.311000 1953.000000 60537.282970 (0,3)
Iteration 10380:  5157.311000 1953.000000 60442.708525 (0,3)
Iteration 10382:  5113.373000 1953.000000 60456.401820 (0,3)
Iteration 10393:  5048.397000 1953.000000 60552.886007 (0,3)
Iteration 10394:  4932.418000 1953.000000 60561.069234 (0,3)
Iteration 10396:  4717.807000 1953.000000 60605.518407 (0,3)
Iteration 10419:  4645.672000 1952.000000 60512.877052 (0,3)
Iteration 10741:  4520.167000 1949.000000 61237.619584 (0,3)
Iteration 10745:  4511.542000 1949.000000 61130.590465 (0,3)
Iteration 10750:  4292.423000 1949.000000 61130.996696 (0,3)
Iteration 10763:  4269.822000 1949.000000 61100.531704 (0,3)
Iteration 10769:  4207.505000 1949.000000 61088.576527 (0,3)
Iteration 10770:  3972.485000 1949.000000 61162.215381 (0,3)
Iteration 10773:  3868.538000 1949.000000 61034.407921 (0,3)
Iteration 10803:  3832.800000 1949.000000 61048.750043 (0,3)
Iteration 10811:  3832.800000 1949.000000 61048.750043 (2,3)
Iteration 10812:  3593.511000 1949.000000 60900.511762 (0,3)
Iteration 10814:  3510.309000 1949.000000 60588.513112 (0,3)
Iteration 10816:  3399.622000 1947.000000 62278.164201 (0,3)
Iteration 10818:  3399.622000 1947.000000 62278.164201 (2,3)
Iteration 11066:  3376.477000 1948.000000 62412.781949 (0,3)
Iteration 11069:  3366.081000 1948.000000 62223.147172 (0,3)
Iteration 11073:  3336.081000 1948.000000 62165.550021 (0,3)
Iteration 11083:  3331.164000 1948.000000 62298.602806 (0,3)
Iteration 11085:  3311.397000 1948.000000 62265.154478 (0,3)
Iteration 11115:  3206.751000 1948.000000 62033.107857 (0,3)
Iteration 11127:  3164.727000 1948.000000 62057.397123 (0,3)
Iteration 11128:  3162.779000 1948.000000 62136.444558 (0,3)
Iteration 11130:  3157.487000 1948.000000 62217.179930 (0,3)
Iteration 11226:  3099.574000 1949.000000 62504.884479 (0,3)
Iteration 11227:  3035.074000 1949.000000 62567.834977 (0,3)
Iteration 11263:  3025.810000 1948.000000 62601.288359 (1,0)
Iteration 11267:  3020.810000 1948.000000 62520.664359 (0,3)
Iteration 11271:  2943.261000 1950.000000 62545.414314 (0,3)
Iteration 11272:  2934.261000 1950.000000 62577.204110 (0,3)
Iteration 11277:  2933.285000 1950.000000 62466.440584 (0,3)
Iteration 11288:  2890.886000 1950.000000 62496.926683 (0,3)
Iteration 11289:  2858.549000 1950.000000 62550.955796 (0,3)
Iteration 11359:  2577.737000 1950.000000 62817.297753 (0,3)
Iteration 11367:  2474.261000 1950.000000 62753.870628 (1,1)
Iteration 11372:  2352.136000 1950.000000 62789.201416 (0,3)
Iteration 11495:  2191.962000 1951.000000 62998.603862 (0,3)
Iteration 11498:  2175.962000 1951.000000 62892.615430 (0,3)
Iteration 11517:  2157.736000 1951.000000 62903.466396 (0,3)
Iteration 11521:  2154.736000 1951.000000 62926.642084 (1,0)
Iteration 11522:  2132.712000 1951.000000 63028.583195 (0,3)
Iteration 11523:  2072.375000 1951.000000 63075.882964 (0,3)
Iteration 11548:  1726.697000 1951.000000 62981.502495 (0,3)
Iteration 11602:  1709.177000 1951.000000 62832.610665 (0,3)
Iteration 11619:  1701.302000 1951.000000 62801.080815 (0,3)
Iteration 11649:  1645.441000 1951.000000 62564.202454 (0,3)
Iteration 11657:  1595.014000 1951.000000 62639.552981 (0,3)
Iteration 11675:  1567.441000 1951.000000 62482.383762 (1,3)
Iteration 11676:  1548.441000 1951.000000 62525.333844 (0,3)
Iteration 11679:  1544.566000 1951.000000 62547.689633 (0,3)
Iteration 11686:  1528.937000 1951.000000 62602.911871 (0,3)
Iteration 11825:  1510.886000 1947.000000 62523.207961 (0,3)
Iteration 11863:  1492.309000 1949.000000 62545.973308 (0,3)
Iteration 12024:  1491.688000 1949.000000 62134.083686 (0,3)
Iteration 12043:  1442.952000 1949.000000 62187.156189 (1,3)
Iteration 12064:  1430.535000 1950.000000 62290.838742 (0,3)
Iteration 12070:  1370.472000 1950.000000 62339.916542 (0,3)
Iteration 12087:  1327.153000 1948.000000 62276.772197 (0,3)
Iteration 12093:  1324.038000 1948.000000 62320.482890 (0,3)
Iteration 12097:  1267.778000 1948.000000 62118.207186 (0,3)
total iterations: 81460, time elapsed: 3600.02s
Destroy operator: destroy_random_leafs, Weight: 0.3089, Score: 12497.60, Count: 40376
Destroy operator: destroy_path, Weight: 0.1067, Score: 1648.90, Count: 15407
Destroy operator: destroy_worst_affinity, Weight: 0.1025, Score: 1539.00, Count: 14965
Destroy operator: destroy_district_group, Weight: 0.0713, Score: 763.60, Count: 10711
Repair operator: repair_greedy_feasible, Weight: 0.0798, Score: 1083.05, Count: 13572
Repair operator: repair_affinity_compact, Weight: 0.0646, Score: 711.80, Count: 11028
Repair operator: repair_nearest_center, Weight: 0.0670, Score: 770.15, Count: 11500
Repair operator: repair_2regret, Weight: 0.3053, Score: 13884.10, Count: 45359
