Initial solution objectives: Balance violation = 21688.1000, Affinity loss = 914, Compactness = 47390.9569
Iteration 2:  21503.415000 914.000000 47379.359509 (2,0)
Iteration 503:  21470.405000 890.000000 48198.214520 (2,0)
Iteration 505:  15022.615000 898.000000 59339.023220 (3,0)
Iteration 1006:  13399.490000 934.000000 44022.046760 (0,3)
Iteration 1008:  12613.960000 934.000000 45146.702855 (3,1)
Iteration 3013:  11396.745000 894.000000 54174.080501 (3,0)
Iteration 4029:  10816.485000 968.000000 53677.611798 (3,0)
Iteration 11551:  10321.700000 918.000000 48551.456030 (3,3)
Iteration 11562:  9849.555000 917.000000 48512.563858 (2,3)
Iteration 11564:  9214.815000 921.000000 48601.726118 (3,3)
Iteration 11565:  9140.860000 921.000000 48677.255073 (0,0)
Iteration 11576:  8726.815000 921.000000 48559.271859 (2,3)
Iteration 11581:  8619.115000 920.000000 48551.299285 (0,3)
Iteration 11590:  8172.070000 919.000000 48356.472502 (2,3)
Iteration 11596:  7878.740000 919.000000 48883.194372 (3,3)
Iteration 11600:  7058.595000 918.000000 49047.409717 (2,3)
Iteration 11601:  7058.595000 918.000000 49047.409717 (1,0)
Iteration 11607:  7005.550000 918.000000 48956.524589 (0,3)
Iteration 11623:  6930.065000 918.000000 48924.738661 (1,2)
Iteration 11629:  6798.065000 918.000000 48893.918848 (0,0)
Iteration 11650:  6633.735000 918.000000 49070.203922 (2,3)
Iteration 11661:  6557.360000 920.000000 49137.213116 (0,0)
Iteration 11668:  6530.360000 920.000000 49143.710031 (0,3)
Iteration 11669:  6517.360000 921.000000 49172.574223 (1,1)
Iteration 11685:  6405.075000 921.000000 49345.457445 (0,0)
Iteration 11693:  6403.090000 921.000000 49504.770990 (0,0)
Iteration 11696:  6165.360000 921.000000 49814.201234 (1,0)
Iteration 11698:  5732.315000 921.000000 49612.714738 (0,1)
Iteration 11699:  5713.045000 922.000000 49572.033330 (1,3)
Iteration 11700:  5609.460000 922.000000 49635.447486 (2,3)
Iteration 11704:  5247.800000 922.000000 49438.275373 (0,3)
Iteration 11714:  5239.515000 922.000000 49378.390152 (0,3)
Iteration 11750:  5096.190000 922.000000 49396.148201 (0,3)
Iteration 11780:  5079.345000 921.000000 49371.527724 (0,3)
Iteration 11794:  5007.215000 923.000000 49431.664000 (0,3)
Iteration 11799:  4962.185000 923.000000 49388.200212 (0,3)
Iteration 11802:  4962.185000 923.000000 49386.645635 (0,3)
Iteration 11822:  4581.185000 923.000000 49386.851626 (0,3)
Iteration 11852:  4494.525000 923.000000 49440.460275 (0,0)
Iteration 11866:  4459.295000 924.000000 49647.136345 (0,3)
Iteration 11873:  3837.285000 913.000000 55077.309664 (3,0)
Iteration 19419:  3348.345000 945.000000 53456.455518 (3,0)
Iteration 64193:  3342.465000 964.000000 45822.358185 (1,3)
Iteration 64222:  3342.465000 963.000000 45706.588026 (0,3)
Iteration 64223:  3090.450000 963.000000 45742.621072 (0,3)
Iteration 64227:  3017.650000 964.000000 45612.209871 (0,3)
Iteration 64277:  2936.650000 963.000000 45674.198461 (1,3)
Iteration 64282:  2919.635000 963.000000 45650.326836 (0,3)
Iteration 64293:  2902.835000 963.000000 45725.206794 (0,3)
Iteration 64295:  2902.835000 963.000000 45725.206794 (1,0)
Iteration 64322:  2899.490000 962.000000 45760.175355 (0,3)
Iteration 64327:  2878.690000 962.000000 45796.845781 (1,1)
Iteration 64330:  2835.060000 962.000000 45814.407494 (0,0)
Iteration 64335:  2777.060000 962.000000 45916.008459 (3,3)
Iteration 64343:  2777.060000 962.000000 45817.629611 (0,0)
Iteration 64345:  2616.410000 962.000000 47032.941140 (3,0)
Iteration 94937:  2426.475000 883.000000 46097.132398 (0,3)
Iteration 94940:  2099.515000 883.000000 46129.954458 (0,3)
Iteration 94947:  1824.580000 885.000000 46061.098745 (0,3)
Iteration 94953:  1816.955000 885.000000 45917.454840 (1,0)
Iteration 94957:  1672.580000 884.000000 46002.078337 (1,0)
Iteration 94964:  1660.880000 888.000000 45914.156464 (0,0)
Iteration 94967:  1575.880000 889.000000 45872.780357 (1,0)
Iteration 94969:  1477.265000 891.000000 45888.785275 (0,0)
Iteration 94973:  1163.545000 889.000000 46023.846187 (0,3)
Iteration 94980:  1129.360000 890.000000 45965.995099 (0,0)
Iteration 94981:  1122.360000 890.000000 45914.430846 (0,3)
Iteration 95000:  874.130000 891.000000 45709.532255 (0,3)
Iteration 95193:  805.415000 891.000000 45834.266884 (1,2)
Iteration 95216:  801.130000 891.000000 45799.572239 (0,3)
Iteration 95246:  484.130000 891.000000 45826.002036 (1,2)
Iteration 95257:  470.175000 890.000000 46091.048417 (3,3)
Iteration 95281:  438.130000 890.000000 46164.556139 (1,3)
Iteration 95296:  416.130000 891.000000 46085.299599 (0,3)
Iteration 95307:  371.130000 891.000000 46515.674373 (0,3)
Iteration 95318:  356.130000 891.000000 46358.207839 (0,3)
Iteration 95426:  356.130000 891.000000 46282.375160 (0,3)
Iteration 95449:  333.300000 891.000000 46453.226031 (0,3)
Iteration 95454:  324.315000 893.000000 46550.527839 (0,0)
Iteration 95465:  324.315000 893.000000 46521.197102 (0,0)
Iteration 95474:  229.770000 892.000000 46705.296504 (0,3)
Iteration 95479:  229.770000 892.000000 46686.884343 (1,3)
Iteration 95487:  229.770000 891.000000 46693.225839 (0,3)
Iteration 95507:  223.770000 891.000000 46631.674402 (0,3)
Iteration 95532:  223.770000 891.000000 46610.730540 (1,3)
Iteration 95654:  219.770000 891.000000 46575.755743 (0,3)
Iteration 95698:  217.055000 891.000000 46785.150746 (1,0)
total iterations: 225129, time elapsed: 3600.01s
Destroy operator: destroy_random_leafs, Weight: 0.0731, Score: 4721.30, Count: 64571
Destroy operator: destroy_path, Weight: 0.0591, Score: 3070.50, Count: 51933
Destroy operator: destroy_worst_affinity, Weight: 0.0599, Score: 3173.70, Count: 53030
Destroy operator: destroy_district_group, Weight: 0.0629, Score: 3498.40, Count: 55594
Repair operator: repair_greedy_feasible, Weight: 0.0632, Score: 3607.35, Count: 57101
Repair operator: repair_affinity_compact, Weight: 0.0556, Score: 2763.05, Count: 49678
Repair operator: repair_nearest_center, Weight: 0.0588, Score: 2996.00, Count: 50959
Repair operator: repair_2regret, Weight: 0.0757, Score: 5097.50, Count: 67390
