Initial solution objectives: Balance violation = 25646.3700, Affinity loss = 1854, Compactness = 92681.7820
Iteration 501:  19131.322500 1769.000000 98371.686702 (3,2)
Iteration 2008:  17739.495000 1728.000000 93508.542424 (2,0)
Iteration 5537:  17351.397500 1979.000000 88453.864568 (0,3)
Iteration 5539:  16126.407500 1979.000000 88310.165567 (1,3)
Iteration 5542:  15717.870000 1973.000000 90636.306995 (3,2)
Iteration 5544:  15533.367500 1973.000000 90353.221147 (0,2)
Iteration 5545:  15531.772500 1973.000000 90241.140800 (2,3)
Iteration 5549:  15474.275000 1973.000000 90304.920873 (1,3)
Iteration 5555:  13971.005000 1973.000000 90234.517403 (0,3)
Iteration 7059:  12239.210000 1665.000000 94305.724812 (0,0)
Iteration 7060:  12122.792500 1663.000000 94415.207820 (3,3)
Iteration 7062:  11536.802500 1659.000000 94447.937264 (2,3)
Iteration 7071:  10586.782500 1654.000000 94208.819297 (3,3)
Iteration 7076:  10232.522500 1662.000000 95275.542603 (0,0)
Iteration 7077:  8355.530000 1663.000000 95479.508803 (0,3)
Iteration 7079:  7487.322500 1666.000000 95478.996593 (0,3)
Iteration 7080:  7419.090000 1660.000000 94005.776412 (0,1)
Iteration 7084:  7412.287500 1660.000000 94017.212050 (1,3)
Iteration 7093:  5957.320000 1652.000000 94483.439208 (0,3)
Iteration 7095:  5957.320000 1650.000000 94307.963899 (2,3)
Iteration 7098:  5578.922500 1649.000000 94292.681737 (0,3)
Iteration 7105:  5511.025000 1646.000000 94349.872362 (2,3)
Iteration 7106:  5498.620000 1643.000000 94262.859942 (0,1)
Iteration 7112:  5166.822500 1633.000000 94578.441622 (0,1)
Iteration 7116:  4516.747500 1635.000000 95019.336097 (0,3)
Iteration 7121:  4442.532500 1633.000000 95128.659542 (0,3)
Iteration 7134:  4268.350000 1628.000000 95197.518037 (0,3)
Iteration 7140:  3997.932500 1628.000000 95167.312809 (0,3)
Iteration 7143:  3704.337500 1629.000000 95033.737009 (0,3)
Iteration 7147:  3502.337500 1629.000000 95110.497055 (2,3)
Iteration 7156:  3452.360000 1627.000000 95518.204839 (0,3)
Iteration 7157:  3443.750000 1627.000000 95859.354974 (0,3)
Iteration 7169:  3041.797500 1630.000000 95704.966142 (0,2)
Iteration 9291:  2178.295000 1635.000000 101686.526367 (0,3)
Iteration 9292:  1853.902500 1636.000000 101735.221012 (0,3)
Iteration 9293:  1806.902500 1637.000000 101766.246026 (0,3)
Iteration 9299:  1319.405000 1634.000000 101707.778040 (0,3)
Iteration 9366:  1195.492500 1622.000000 99275.425297 (1,3)
Iteration 9398:  1168.705000 1628.000000 99425.347518 (0,3)
Iteration 9399:  1020.075000 1628.000000 99530.596787 (0,3)
Iteration 9477:  985.202500 1617.000000 99167.304224 (1,0)
Iteration 9498:  932.877500 1608.000000 99431.851890 (0,3)
Iteration 9499:  730.892500 1611.000000 99464.103900 (0,3)
Iteration 9524:  589.185000 1610.000000 99782.543145 (0,3)
Iteration 9528:  532.697500 1610.000000 99761.844427 (1,1)
Iteration 9551:  386.887500 1602.000000 99519.276399 (0,3)
Iteration 11854:  336.815000 1870.000000 105087.989827 (0,3)
Iteration 11858:  269.317500 1869.000000 105121.842580 (0,3)
Iteration 33344:  252.980000 1760.000000 119146.326292 (0,3)
Iteration 33368:  229.600000 1756.000000 118740.485524 (0,3)
Iteration 33387:  219.497500 1755.000000 118858.353781 (0,3)
Iteration 33397:  173.297500 1756.000000 119018.085366 (0,3)
Iteration 33438:  171.892500 1755.000000 119332.640808 (0,3)
Iteration 33459:  165.892500 1749.000000 119189.758066 (0,3)
Iteration 33464:  164.985000 1747.000000 119082.552013 (0,3)
Iteration 33517:  163.487500 1745.000000 119038.636762 (0,3)
Iteration 33563:  163.487500 1744.000000 119004.097946 (0,3)
Iteration 33604:  163.487500 1744.000000 118986.567219 (1,3)
Iteration 33607:  163.487500 1743.000000 118895.795890 (0,3)
Iteration 33680:  163.487500 1743.000000 118891.803665 (0,3)
Iteration 33706:  156.687500 1742.000000 118938.487792 (0,3)
Iteration 33719:  156.687500 1742.000000 118892.073458 (0,3)
Iteration 33724:  95.190000 1740.000000 119050.596968 (0,3)
Iteration 33749:  95.190000 1738.000000 118922.672777 (0,3)
Iteration 33752:  95.190000 1737.000000 118908.403284 (1,2)
Iteration 33756:  79.402500 1736.000000 118375.681389 (0,3)
Iteration 33783:  79.402500 1736.000000 118356.985747 (0,3)
Iteration 33884:  79.402500 1734.000000 118512.969467 (0,3)
Iteration 33890:  79.402500 1734.000000 118434.240188 (0,3)
Iteration 33966:  79.402500 1733.000000 118131.197621 (0,3)
Iteration 34108:  79.402500 1733.000000 118121.280422 (0,3)
Iteration 34109:  79.402500 1732.000000 117972.974337 (2,3)
Iteration 34227:  79.402500 1732.000000 117970.547888 (0,3)
Iteration 34291:  79.402500 1732.000000 117936.433435 (0,3)
Iteration 34308:  77.212500 1731.000000 117663.911642 (0,3)
Iteration 34316:  77.212500 1731.000000 117663.209936 (2,3)
Iteration 34355:  67.807500 1730.000000 117579.354261 (0,3)
Iteration 34365:  67.807500 1729.000000 117730.425736 (0,3)
Iteration 34371:  67.807500 1729.000000 117730.425736 (1,2)
Iteration 34424:  67.807500 1727.000000 117694.175099 (0,3)
Iteration 34427:  63.402500 1726.000000 117821.536438 (0,3)
Iteration 34492:  63.402500 1725.000000 117859.595287 (0,3)
Iteration 34535:  63.402500 1723.000000 117963.100335 (0,3)
Iteration 34609:  63.402500 1723.000000 117814.371604 (0,3)
Iteration 34626:  63.402500 1723.000000 117813.568268 (1,3)
Iteration 34635:  63.402500 1721.000000 117761.161697 (2,3)
Iteration 34648:  52.402500 1720.000000 117534.781166 (0,3)
Iteration 34673:  52.402500 1720.000000 117531.799846 (1,3)
Iteration 34698:  46.797500 1723.000000 117800.460516 (0,0)
Iteration 34701:  46.797500 1720.000000 117739.745694 (0,3)
Iteration 34721:  46.797500 1720.000000 117738.814436 (0,3)
Iteration 34747:  46.797500 1719.000000 118016.326467 (0,3)
Iteration 34769:  42.797500 1719.000000 118015.300100 (0,3)
Iteration 34986:  36.402500 1718.000000 117964.282687 (0,3)
Iteration 34989:  35.310000 1717.000000 117707.666851 (0,3)
Iteration 35096:  22.905000 1718.000000 117727.559921 (1,3)
Iteration 35109:  22.797500 1717.000000 117595.296180 (0,3)
Iteration 35208:  17.805000 1714.000000 117640.255511 (0,3)
Iteration 35267:  17.415000 1714.000000 117209.648529 (0,3)
Iteration 35278:  17.415000 1713.000000 117149.111840 (0,3)
Iteration 35281:  17.415000 1713.000000 117079.254917 (0,3)
Iteration 35293:  16.415000 1712.000000 117206.873536 (0,3)
Iteration 35297:  15.407500 1713.000000 117191.241959 (1,2)
Iteration 35345:  14.207500 1711.000000 117718.449177 (0,3)
Iteration 35361:  14.207500 1711.000000 117652.112784 (0,3)
Iteration 35370:  14.207500 1711.000000 117231.942251 (1,3)
Iteration 35856:  13.215000 1706.000000 116487.207796 (0,3)
Iteration 35962:  13.215000 1704.000000 116333.356083 (0,3)
Iteration 35975:  13.215000 1703.000000 116312.290619 (0,3)
Iteration 35984:  13.215000 1701.000000 116356.125551 (0,3)
Iteration 36158:  13.215000 1701.000000 116353.144230 (0,3)
Iteration 36293:  9.215000 1701.000000 116356.539686 (1,0)
Iteration 36355:  9.215000 1700.000000 116431.345116 (0,3)
Iteration 36421:  9.215000 1699.000000 116659.009889 (0,3)
Iteration 36429:  9.215000 1698.000000 116873.889159 (1,0)
Iteration 36445:  7.810000 1699.000000 116868.653903 (1,0)
Iteration 36452:  7.810000 1699.000000 116868.653903 (1,2)
Iteration 36466:  6.405000 1699.000000 116861.300935 (1,3)
Iteration 36473:  6.405000 1698.000000 116905.821949 (0,3)
Iteration 36485:  6.405000 1698.000000 116872.556261 (0,3)
Iteration 36491:  0.405000 1697.000000 117259.826267 (0,3)
Iteration 36590:  0.405000 1697.000000 117236.803996 (0,3)
Iteration 36605:  0.405000 1697.000000 117069.157825 (0,3)
Iteration 36706:  0.405000 1697.000000 116819.537932 (0,3)
Iteration 36721:  0.405000 1697.000000 116735.380709 (0,3)
Iteration 36881:  0.405000 1697.000000 116715.104087 (0,3)
Iteration 36938:  0.405000 1697.000000 116614.831560 (1,3)
Iteration 37117:  0.405000 1697.000000 116497.316194 (0,3)
Iteration 37325:  0.000000 1697.000000 116282.716850 (0,3)
Iteration 37534:  0.000000 1697.000000 116231.293752 (0,3)
Iteration 37611:  0.000000 1697.000000 116181.457619 (0,3)
Iteration 37660:  0.000000 1696.000000 116238.261004 (0,3)
Iteration 37926:  0.000000 1696.000000 116132.306852 (0,3)
Iteration 38008:  0.000000 1696.000000 116092.434414 (0,3)
Iteration 38051:  0.000000 1696.000000 116084.045809 (0,3)
Iteration 38142:  0.000000 1696.000000 116065.747288 (0,3)
Iteration 38143:  0.000000 1695.000000 116269.548190 (1,3)
Iteration 38145:  0.000000 1695.000000 116251.933254 (0,3)
Iteration 38160:  0.000000 1694.000000 116401.186260 (0,3)
Iteration 38216:  0.000000 1693.000000 116221.225196 (0,3)
Iteration 38331:  0.000000 1693.000000 116039.212786 (0,3)
Iteration 38398:  0.000000 1693.000000 115974.845263 (1,3)
Iteration 38575:  0.000000 1690.000000 115722.996480 (0,3)
Iteration 38620:  0.000000 1690.000000 115721.251063 (0,3)
Iteration 38699:  0.000000 1690.000000 115712.214533 (0,3)
Iteration 38700:  0.000000 1690.000000 115694.077079 (1,3)
Iteration 38896:  0.000000 1687.000000 115895.128678 (0,3)
Iteration 39043:  0.000000 1687.000000 115750.889909 (0,3)
Iteration 39200:  0.000000 1687.000000 115726.833090 (1,1)
Iteration 39223:  0.000000 1686.000000 115702.507125 (0,3)
Iteration 39475:  0.000000 1686.000000 115591.598651 (0,3)
Iteration 39584:  0.000000 1684.000000 115572.565380 (1,3)
Iteration 39979:  0.000000 1684.000000 115571.773701 (0,3)
Iteration 40090:  0.000000 1682.000000 115615.608633 (0,3)
Iteration 40357:  0.000000 1682.000000 115455.459351 (0,3)
Iteration 40433:  0.000000 1682.000000 115340.296243 (0,3)
Iteration 40508:  0.000000 1681.000000 115513.425465 (0,3)
Iteration 40605:  0.000000 1681.000000 115440.494645 (0,3)
Iteration 40606:  0.000000 1681.000000 115370.258267 (0,3)
Iteration 40759:  0.000000 1681.000000 115365.803835 (0,3)
Iteration 40893:  0.000000 1681.000000 115272.878466 (0,3)
Iteration 41127:  0.000000 1680.000000 115298.008407 (0,3)
Iteration 41316:  0.000000 1680.000000 115195.517135 (0,3)
Iteration 41784:  0.000000 1680.000000 115177.924824 (0,3)
Iteration 41948:  0.000000 1680.000000 115080.513317 (0,3)
Iteration 41955:  0.000000 1679.000000 115123.123434 (0,3)
Iteration 41959:  0.000000 1679.000000 115119.260044 (2,3)
Iteration 41972:  0.000000 1678.000000 115188.653843 (0,3)
Iteration 41977:  0.000000 1677.000000 115233.496805 (0,3)
Iteration 41990:  0.000000 1675.000000 115615.210172 (1,1)
Iteration 42132:  0.000000 1675.000000 115539.991538 (0,3)
Iteration 42214:  0.000000 1675.000000 115517.077744 (1,3)
Iteration 42354:  0.000000 1675.000000 115305.089844 (0,3)
Iteration 42360:  0.000000 1674.000000 115216.512908 (0,3)
Iteration 42698:  0.000000 1674.000000 115207.442528 (0,3)
Iteration 42761:  0.000000 1674.000000 115100.278616 (0,3)
Iteration 43248:  0.000000 1673.000000 115209.189420 (0,3)
Iteration 43321:  0.000000 1673.000000 115190.690472 (0,3)
Iteration 43415:  0.000000 1673.000000 115145.291011 (0,3)
Iteration 43486:  0.000000 1673.000000 115139.715021 (0,3)
total iterations: 79582, time elapsed: 3600.11s
Destroy operator: destroy_random_leafs, Weight: 0.1697, Score: 5489.30, Count: 32356
Destroy operator: destroy_path, Weight: 0.0881, Score: 1549.80, Count: 17607
Destroy operator: destroy_worst_affinity, Weight: 0.0761, Score: 1241.65, Count: 16319
Destroy operator: destroy_district_group, Weight: 0.0606, Score: 805.40, Count: 13299
Repair operator: repair_greedy_feasible, Weight: 0.0696, Score: 1014.45, Count: 14595
Repair operator: repair_affinity_compact, Weight: 0.0657, Score: 930.10, Count: 14170
Repair operator: repair_nearest_center, Weight: 0.0689, Score: 1072.75, Count: 15571
Repair operator: repair_2regret, Weight: 0.1722, Score: 6068.85, Count: 35245
