Initial solution objectives: Balance violation = 33474.5525, Affinity loss = 989, Compactness = 45979.7286
Iteration 0:  27839.357500 982.000000 55362.371794 (3,0)
Iteration 501:  16572.860000 982.000000 42901.814921 (2,1)
Iteration 504:  16069.757500 982.000000 42881.012175 (2,3)
Iteration 505:  15466.265000 983.000000 43153.093336 (0,0)
Iteration 508:  10022.665000 987.000000 50721.537557 (3,0)
Iteration 17641:  9989.540000 946.000000 47866.591431 (0,3)
Iteration 17644:  9925.642500 946.000000 47851.646186 (0,3)
Iteration 17660:  9570.470000 946.000000 48016.409152 (0,3)
Iteration 17661:  9480.400000 946.000000 48058.660330 (2,3)
Iteration 17667:  9313.135000 945.000000 47788.559205 (2,2)
Iteration 17668:  9167.765000 945.000000 47768.112532 (2,3)
Iteration 17669:  8971.300000 945.000000 47922.875324 (0,0)
Iteration 17672:  8825.930000 945.000000 47902.428651 (2,3)
Iteration 17674:  8821.097500 945.000000 47940.630933 (0,3)
Iteration 17678:  8821.097500 945.000000 47886.908508 (1,1)
Iteration 17692:  8405.397500 947.000000 48314.375918 (0,0)
Iteration 17718:  8087.565000 947.000000 47866.635176 (3,3)
Iteration 17721:  7877.565000 947.000000 47915.324470 (1,0)
Iteration 17733:  7728.565000 946.000000 47935.738005 (2,3)
Iteration 17737:  6993.440000 946.000000 48085.531171 (0,3)
Iteration 17743:  6971.375000 946.000000 48201.331891 (1,3)
Iteration 17747:  6789.077500 946.000000 48234.636162 (0,3)
Iteration 17771:  6458.407500 947.000000 48196.188490 (0,3)
Iteration 17773:  6145.340000 947.000000 48396.229905 (0,3)
Iteration 17777:  6004.575000 948.000000 48291.144555 (0,3)
Iteration 17787:  5970.940000 948.000000 48178.193541 (0,3)
Iteration 17790:  5857.710000 948.000000 48099.351523 (0,3)
Iteration 17815:  5854.775000 949.000000 48108.669131 (0,0)
Iteration 17832:  5482.445000 949.000000 48189.258819 (0,3)
Iteration 17833:  5402.350000 949.000000 48187.218729 (0,3)
Iteration 17836:  5345.415000 949.000000 48338.587278 (3,3)
Iteration 17872:  5266.582500 948.000000 48412.568913 (0,3)
Iteration 17877:  5251.777500 948.000000 48421.698768 (0,3)
Iteration 17970:  4867.777500 948.000000 48443.281500 (1,1)
Iteration 17999:  4786.807500 949.000000 48336.656019 (1,2)
Iteration 18008:  4777.375000 949.000000 48276.242589 (0,3)
Iteration 18019:  4705.345000 950.000000 48241.381979 (0,3)
Iteration 18031:  4672.345000 950.000000 48333.931056 (0,3)
Iteration 18047:  4655.342500 951.000000 48117.414913 (1,2)
Iteration 18063:  4491.475000 950.000000 48054.503841 (0,3)
Iteration 18082:  4433.475000 950.000000 48156.305253 (1,3)
Iteration 18115:  4379.242500 950.000000 48038.171550 (0,3)
Iteration 18145:  4297.245000 950.000000 48172.985247 (0,3)
Iteration 18150:  4211.245000 950.000000 48247.359494 (2,3)
Iteration 18318:  4086.480000 950.000000 48441.510161 (1,0)
Iteration 18337:  3959.150000 950.000000 48386.822041 (0,3)
Iteration 18393:  3896.012500 950.000000 48682.442723 (0,3)
Iteration 18435:  3873.545000 950.000000 48566.642003 (0,3)
Iteration 18464:  3822.080000 950.000000 48766.740741 (0,0)
Iteration 18512:  3821.545000 950.000000 48690.473776 (1,3)
Iteration 18963:  3821.545000 950.000000 48690.473776 (0,3)
Iteration 19395:  3804.147500 949.000000 48929.503084 (0,3)
Iteration 19449:  3804.147500 949.000000 48929.503084 (1,3)
Iteration 19702:  3775.450000 949.000000 48924.660962 (0,3)
Iteration 19743:  3676.052500 950.000000 48905.467318 (1,0)
Iteration 19773:  3670.752500 950.000000 49021.268038 (1,3)
Iteration 25902:  3572.020000 943.000000 47840.560812 (0,3)
Iteration 25903:  3456.885000 943.000000 47831.967842 (0,3)
Iteration 25905:  3436.052500 943.000000 48109.391675 (0,3)
Iteration 25915:  3384.052500 943.000000 48122.539272 (0,3)
Iteration 25916:  3369.650000 943.000000 48143.904377 (2,3)
Iteration 25923:  2753.922500 944.000000 48185.387896 (0,3)
Iteration 25939:  2475.825000 944.000000 48226.596298 (1,3)
Iteration 25949:  2349.060000 944.000000 48263.406212 (0,3)
Iteration 25977:  2184.660000 945.000000 48218.752294 (0,3)
Iteration 25996:  2122.027500 945.000000 48316.608558 (0,3)
Iteration 26000:  2065.860000 946.000000 48338.586862 (0,3)
Iteration 26156:  1709.860000 946.000000 48412.172281 (1,3)
Iteration 26184:  1705.160000 946.000000 48225.125234 (0,3)
Iteration 26393:  1654.392500 946.000000 48096.522838 (0,3)
Iteration 26409:  1602.392500 946.000000 48109.670435 (0,3)
Iteration 26465:  1580.327500 946.000000 48151.915329 (0,3)
Iteration 26467:  1568.327500 946.000000 48205.210294 (0,3)
Iteration 26476:  1561.195000 946.000000 48151.492324 (1,3)
Iteration 26478:  1523.195000 945.000000 48215.461424 (0,3)
Iteration 26516:  1482.962500 945.000000 48256.510906 (0,3)
Iteration 26640:  1482.027500 945.000000 48329.627094 (0,3)
Iteration 26703:  1427.095000 945.000000 48322.421983 (0,3)
Iteration 26726:  1165.830000 945.000000 48431.038840 (0,0)
Iteration 26839:  1156.830000 945.000000 48618.085886 (0,3)
Iteration 26925:  1140.427500 946.000000 48503.432117 (0,2)
Iteration 27010:  1127.527500 946.000000 48563.748148 (0,3)
total iterations: 209403, time elapsed: 3600.06s
Destroy operator: destroy_random_leafs, Weight: 0.0745, Score: 4622.00, Count: 62071
Destroy operator: destroy_path, Weight: 0.0604, Score: 2920.00, Count: 48327
Destroy operator: destroy_worst_affinity, Weight: 0.0618, Score: 3072.80, Count: 49773
Destroy operator: destroy_district_group, Weight: 0.0630, Score: 3102.65, Count: 49231
Repair operator: repair_greedy_feasible, Weight: 0.0621, Score: 3126.95, Count: 50316
Repair operator: repair_affinity_compact, Weight: 0.0566, Score: 2572.50, Count: 45472
Repair operator: repair_nearest_center, Weight: 0.0591, Score: 2785.70, Count: 47186
Repair operator: repair_2regret, Weight: 0.0788, Score: 5232.30, Count: 66428
