Initial solution objectives: Balance violation = 41309.7625, Affinity loss = 1749, Compactness = 100208.1118
Iteration 0:  39660.145000 1738.000000 99421.391903 (0,1)
Iteration 1:  38534.650000 1736.000000 99283.774193 (0,2)
Iteration 3:  38127.650000 1736.000000 99260.421406 (1,1)
Iteration 505:  28433.490000 1832.000000 117952.031216 (2,3)
Iteration 1507:  26769.080000 1819.000000 90155.987156 (0,2)
Iteration 1513:  25703.577500 1817.000000 91018.878030 (0,3)
Iteration 1514:  23205.487500 1815.000000 91371.376635 (0,3)
Iteration 1524:  23037.080000 1818.000000 90717.897724 (0,1)
Iteration 1525:  22725.905000 1817.000000 90794.470727 (0,1)
Iteration 3029:  21647.672500 1741.000000 100990.590212 (0,1)
Iteration 3034:  21453.792500 1731.000000 110752.664231 (0,1)
Iteration 3053:  21252.975000 1708.000000 108417.850819 (2,3)
Iteration 3075:  21148.467500 1680.000000 107354.926881 (0,3)
Iteration 3080:  19317.057500 1670.000000 106013.142602 (0,3)
Iteration 3083:  17995.820000 1665.000000 105605.668665 (0,3)
Iteration 5614:  17480.345000 1686.000000 120122.104043 (0,3)
Iteration 5618:  15446.672500 1675.000000 118798.066790 (0,3)
Iteration 5619:  14263.760000 1677.000000 118153.812863 (0,3)
Iteration 5622:  12941.505000 1683.000000 118684.068380 (3,3)
Iteration 5626:  12885.297500 1682.000000 118767.377241 (0,3)
Iteration 5627:  12564.060000 1682.000000 119093.888964 (0,3)
Iteration 5628:  12099.442500 1680.000000 119172.810842 (0,0)
Iteration 5630:  11836.360000 1679.000000 118656.236966 (0,1)
Iteration 5631:  11836.360000 1679.000000 118656.236966 (1,2)
Iteration 5632:  10360.832500 1674.000000 118624.832950 (0,3)
Iteration 5633:  9478.910000 1676.000000 118756.017430 (0,3)
Iteration 8743:  8349.035000 1739.000000 97745.068769 (0,3)
Iteration 8744:  7948.000000 1741.000000 97919.647391 (0,3)
Iteration 8750:  6810.497500 1741.000000 98563.190381 (0,3)
Iteration 8751:  6230.642500 1741.000000 98339.214091 (0,3)
Iteration 8758:  6137.060000 1739.000000 98504.063112 (1,3)
Iteration 8763:  6100.560000 1739.000000 106283.697175 (0,3)
Iteration 8764:  5582.770000 1736.000000 106102.089550 (0,3)
Iteration 8773:  5420.625000 1737.000000 106376.649796 (1,2)
Iteration 8778:  5408.625000 1739.000000 106808.390391 (0,3)
Iteration 8833:  4664.357500 1724.000000 115692.379841 (0,3)
Iteration 8846:  4431.357500 1726.000000 115846.743440 (1,3)
Iteration 8852:  4239.150000 1725.000000 115769.525334 (0,3)
Iteration 8860:  4020.557500 1725.000000 115696.521386 (0,3)
Iteration 8867:  3863.062500 1725.000000 115632.347949 (1,3)
Iteration 8875:  3780.080000 1727.000000 115692.734714 (0,3)
Iteration 8876:  3144.580000 1728.000000 116152.359198 (0,3)
Iteration 8879:  3037.255000 1729.000000 116389.967518 (0,3)
Iteration 8889:  2710.785000 1727.000000 116089.931368 (0,2)
Iteration 8894:  2701.290000 1727.000000 116120.626888 (1,2)
Iteration 8896:  2680.612500 1728.000000 115807.614943 (0,2)
Iteration 9003:  2499.995000 1704.000000 115010.713523 (0,3)
Iteration 9054:  2060.322500 1700.000000 114172.008195 (0,3)
Iteration 9079:  1985.990000 1704.000000 114660.600156 (0,3)
Iteration 9080:  1983.577500 1703.000000 114625.491639 (1,3)
Iteration 10665:  1658.642500 1837.000000 103676.149044 (0,3)
Iteration 10666:  1651.137500 1837.000000 103681.701578 (2,3)
Iteration 10667:  1518.842500 1835.000000 102942.740802 (0,3)
Iteration 10670:  1342.555000 1833.000000 102374.018180 (0,3)
Iteration 10707:  1135.970000 1829.000000 102719.164880 (0,3)
Iteration 10712:  1065.767500 1828.000000 102675.774676 (0,3)
Iteration 10713:  1026.735000 1827.000000 102636.483314 (0,3)
Iteration 10716:  987.972500 1827.000000 102517.023335 (0,3)
Iteration 10718:  969.972500 1827.000000 102514.920808 (2,2)
Iteration 10722:  922.355000 1825.000000 102540.398343 (0,3)
Iteration 10729:  867.885000 1823.000000 102081.072132 (0,3)
Iteration 10733:  768.147500 1823.000000 102117.193890 (0,3)
Iteration 10734:  758.235000 1823.000000 102099.997436 (0,3)
Iteration 10768:  752.492500 1820.000000 102082.754835 (2,3)
Iteration 10834:  686.610000 1813.000000 102484.777963 (0,3)
Iteration 10843:  558.285000 1813.000000 102216.452966 (0,3)
Iteration 10846:  505.790000 1815.000000 102215.665011 (1,2)
Iteration 10861:  481.372500 1813.000000 102189.718766 (0,3)
Iteration 10864:  427.702500 1811.000000 101929.648686 (0,3)
Iteration 10892:  382.202500 1812.000000 101826.402843 (0,3)
Iteration 11056:  376.702500 1797.000000 100582.631339 (0,3)
Iteration 11100:  339.877500 1797.000000 100408.459995 (2,3)
Iteration 11108:  337.372500 1797.000000 100431.816681 (0,3)
Iteration 11337:  316.207500 1775.000000 100499.178866 (0,3)
Iteration 11338:  297.882500 1775.000000 100570.402928 (0,3)
Iteration 11341:  278.970000 1775.000000 100447.092995 (0,3)
Iteration 11344:  278.970000 1773.000000 100432.991154 (0,3)
Iteration 12673:  257.095000 1606.000000 101108.176053 (0,3)
Iteration 12677:  236.172500 1605.000000 101329.387214 (0,3)
Iteration 12680:  236.172500 1604.000000 101414.270208 (0,3)
Iteration 12683:  212.677500 1603.000000 101408.232466 (0,3)
Iteration 12713:  210.497500 1602.000000 100848.798950 (0,3)
Iteration 12756:  196.052500 1594.000000 101294.451945 (1,3)
Iteration 13099:  187.800000 1575.000000 107509.164774 (0,3)
Iteration 13111:  168.150000 1573.000000 108033.522215 (0,3)
Iteration 13147:  160.470000 1572.000000 108391.216410 (0,3)
Iteration 13200:  130.770000 1563.000000 107742.708304 (1,3)
Iteration 35659:  124.290000 1656.000000 111935.901281 (1,3)
Iteration 35663:  124.290000 1654.000000 111881.852189 (0,3)
Iteration 35664:  120.377500 1652.000000 112145.764226 (0,3)
Iteration 35667:  120.377500 1651.000000 112169.073292 (0,3)
Iteration 35727:  118.965000 1651.000000 112281.094223 (0,3)
Iteration 35739:  118.965000 1650.000000 111766.640310 (0,3)
Iteration 35755:  118.965000 1650.000000 111566.504471 (0,3)
Iteration 35771:  115.382500 1647.000000 110900.487355 (0,3)
Iteration 35786:  109.347500 1645.000000 111434.004110 (0,3)
Iteration 35790:  109.347500 1645.000000 111410.621923 (0,3)
Iteration 35792:  109.347500 1642.000000 111227.782912 (0,3)
Iteration 35818:  109.347500 1642.000000 111017.976602 (0,3)
Iteration 35838:  105.347500 1641.000000 110909.013754 (0,3)
Iteration 35865:  104.052500 1642.000000 110979.497754 (0,3)
Iteration 35874:  102.052500 1642.000000 110877.122154 (0,3)
Iteration 35886:  81.727500 1638.000000 110728.690371 (0,3)
Iteration 35900:  78.645000 1638.000000 110588.910144 (1,3)
Iteration 35909:  78.645000 1638.000000 110311.241863 (2,3)
Iteration 35968:  78.645000 1638.000000 110295.321403 (0,3)
Iteration 35970:  57.145000 1636.000000 110481.610327 (0,3)
Iteration 35989:  57.145000 1636.000000 110154.370134 (0,3)
Iteration 36039:  57.145000 1636.000000 110117.003568 (0,3)
Iteration 36058:  57.145000 1636.000000 110115.722617 (0,3)
Iteration 36109:  42.975000 1635.000000 110355.396573 (0,3)
Iteration 36188:  37.650000 1636.000000 110278.568263 (0,3)
Iteration 36207:  37.650000 1636.000000 110162.978324 (0,3)
Iteration 36208:  37.650000 1636.000000 110120.585207 (0,3)
Iteration 36290:  33.737500 1636.000000 110097.979374 (0,3)
Iteration 36292:  33.737500 1636.000000 110039.939313 (0,3)
Iteration 36299:  33.737500 1634.000000 110117.572225 (0,3)
Iteration 36405:  31.325000 1634.000000 110051.117960 (0,3)
Iteration 36414:  26.325000 1636.000000 109984.731152 (0,3)
Iteration 36461:  24.912500 1636.000000 110093.947980 (0,3)
Iteration 36469:  24.912500 1634.000000 110336.733224 (0,3)
Iteration 36667:  24.912500 1633.000000 110201.002670 (0,3)
Iteration 36697:  24.912500 1633.000000 110172.868169 (0,3)
Iteration 36736:  24.912500 1632.000000 110477.219614 (0,3)
Iteration 36755:  24.912500 1631.000000 110493.309098 (0,3)
Iteration 36764:  24.912500 1630.000000 110065.789082 (0,3)
Iteration 36788:  24.912500 1630.000000 109968.782324 (0,3)
Iteration 36828:  24.912500 1629.000000 110125.561916 (0,3)
Iteration 36839:  24.912500 1627.000000 110195.789709 (0,3)
Iteration 36846:  24.912500 1626.000000 110108.273056 (0,3)
Iteration 36847:  24.912500 1626.000000 110077.775957 (2,3)
Iteration 36869:  24.912500 1626.000000 109835.472597 (0,3)
Iteration 36902:  24.912500 1625.000000 109837.116536 (0,3)
Iteration 36935:  24.912500 1624.000000 109764.954492 (0,3)
Iteration 37129:  16.825000 1616.000000 109351.822249 (0,3)
Iteration 37165:  15.912500 1612.000000 109361.811110 (0,3)
total iterations: 60923, time elapsed: 3600.00s
Destroy operator: destroy_random_leafs, Weight: 0.1919, Score: 5106.90, Count: 26708
Destroy operator: destroy_path, Weight: 0.0951, Score: 1295.90, Count: 13649
Destroy operator: destroy_worst_affinity, Weight: 0.0776, Score: 874.15, Count: 11276
Destroy operator: destroy_district_group, Weight: 0.0601, Score: 558.70, Count: 9289
Repair operator: repair_greedy_feasible, Weight: 0.0695, Score: 700.75, Count: 10078
Repair operator: repair_affinity_compact, Weight: 0.0702, Score: 801.25, Count: 11418
Repair operator: repair_nearest_center, Weight: 0.0763, Score: 925.35, Count: 12144
Repair operator: repair_2regret, Weight: 0.1990, Score: 5408.30, Count: 27282
