Initial solution objectives: Balance violation = 26911.7940, Affinity loss = 1941, Compactness = 57618.7682
Iteration 1002:  20709.020000 1939.000000 61905.420831 (3,2)
Iteration 4048:  20241.028000 1960.000000 58173.671094 (0,3)
Iteration 4051:  19453.352000 1960.000000 58296.616966 (0,3)
Iteration 8642:  18995.932000 1892.000000 60126.521735 (0,3)
Iteration 8655:  18535.552000 1892.000000 60505.618740 (0,0)
Iteration 9185:  18435.944000 1932.000000 56022.404174 (0,3)
Iteration 9186:  18420.944000 1932.000000 56055.196498 (1,0)
Iteration 9188:  18381.944000 1932.000000 56028.113006 (0,1)
Iteration 9204:  18030.366000 1932.000000 55879.572295 (1,2)
Iteration 9210:  18030.366000 1932.000000 55875.221517 (1,2)
Iteration 9211:  17278.354000 1932.000000 56098.075580 (0,3)
Iteration 9212:  17198.354000 1932.000000 56118.156809 (1,3)
Iteration 9214:  17074.822000 1932.000000 56088.044649 (0,3)
Iteration 9217:  16308.756000 1931.000000 56305.630115 (3,3)
Iteration 9218:  16194.020000 1932.000000 56457.616332 (0,0)
Iteration 9220:  15176.688000 1932.000000 56552.621922 (0,3)
Iteration 9222:  14861.540000 1933.000000 56546.903476 (0,3)
Iteration 9224:  14792.310000 1932.000000 56593.742434 (1,1)
Iteration 9229:  14201.552000 1932.000000 56767.842707 (0,3)
Iteration 9249:  14142.782000 1930.000000 56701.433321 (0,3)
Iteration 9251:  14133.726000 1927.000000 56712.909208 (0,1)
Iteration 9253:  13574.312000 1927.000000 56817.940858 (0,3)
Iteration 9255:  13234.824000 1927.000000 56793.717513 (2,3)
Iteration 9256:  12684.368000 1927.000000 56967.532881 (0,3)
Iteration 9259:  12679.468000 1928.000000 57253.567244 (0,0)
Iteration 9261:  12463.898000 1928.000000 57394.428290 (0,3)
Iteration 9273:  12108.162000 1928.000000 57414.339161 (0,3)
Iteration 9281:  12093.108000 1928.000000 57696.015795 (2,3)
Iteration 9284:  12062.688000 1928.000000 57715.342513 (1,1)
Iteration 9287:  12061.058000 1928.000000 57403.295627 (0,2)
Iteration 9296:  11956.472000 1927.000000 57281.795566 (1,2)
Iteration 9302:  10757.584000 1927.000000 57312.100761 (3,3)
Iteration 9305:  10294.338000 1926.000000 57390.562525 (0,0)
Iteration 9307:  9968.112000 1926.000000 57435.272229 (1,3)
Iteration 9309:  9715.322000 1926.000000 57617.531821 (0,3)
Iteration 9317:  9126.596000 1925.000000 57415.017920 (0,3)
Iteration 9318:  8806.628000 1926.000000 57302.175353 (0,3)
Iteration 9336:  8731.628000 1925.000000 57304.845269 (1,0)
Iteration 9345:  8408.030000 1925.000000 57284.826947 (1,2)
Iteration 9355:  8182.668000 1925.000000 57387.835719 (0,3)
Iteration 9359:  7820.910000 1925.000000 57485.316842 (0,3)
Iteration 9365:  7503.300000 1924.000000 57117.799178 (0,3)
Iteration 9369:  7460.144000 1924.000000 57098.631466 (1,1)
Iteration 9400:  7319.290000 1922.000000 57309.847023 (0,3)
Iteration 9406:  7274.516000 1924.000000 57169.531611 (0,2)
Iteration 9410:  7049.130000 1922.000000 57440.181144 (0,3)
Iteration 9417:  7003.524000 1919.000000 57557.480143 (0,3)
Iteration 10177:  6901.420000 1932.000000 66421.298985 (0,3)
Iteration 10178:  6889.372000 1932.000000 66482.461077 (2,3)
Iteration 10203:  6799.386000 1930.000000 66526.720707 (0,3)
Iteration 10211:  6772.332000 1928.000000 67112.555071 (0,3)
Iteration 10230:  6667.648000 1930.000000 66687.926438 (0,3)
Iteration 10234:  6556.600000 1930.000000 66829.755852 (2,3)
Iteration 10237:  6365.374000 1929.000000 66733.347055 (0,3)
Iteration 10239:  6055.842000 1928.000000 66678.152080 (0,3)
Iteration 10243:  5679.422000 1928.000000 66646.299862 (1,1)
Iteration 10272:  5666.852000 1927.000000 66356.150036 (0,3)
Iteration 10280:  5458.072000 1926.000000 66326.684346 (0,3)
Iteration 10482:  5400.182000 1913.000000 65856.549562 (0,3)
Iteration 10501:  5394.284000 1913.000000 65905.671522 (0,3)
Iteration 10502:  5368.236000 1913.000000 65895.873181 (2,3)
Iteration 10519:  5344.182000 1913.000000 65911.681438 (0,3)
Iteration 10538:  5267.380000 1913.000000 66094.188942 (0,3)
Iteration 10539:  5256.278000 1913.000000 66308.420211 (0,3)
Iteration 10541:  4804.380000 1913.000000 66570.366984 (0,3)
Iteration 10552:  4479.916000 1913.000000 66179.935433 (0,3)
Iteration 10556:  4438.868000 1913.000000 66224.235374 (0,3)
Iteration 10564:  4379.132000 1914.000000 66210.320284 (0,3)
Iteration 10566:  4328.472000 1914.000000 66210.071944 (0,0)
Iteration 10581:  4305.196000 1914.000000 66063.506999 (1,2)
Iteration 10821:  4221.166000 1905.000000 64933.708775 (0,3)
Iteration 10828:  4154.332000 1905.000000 65049.959003 (0,3)
Iteration 10844:  4134.128000 1905.000000 65211.174204 (0,3)
Iteration 10853:  4124.494000 1905.000000 65176.305858 (0,3)
Iteration 10887:  4100.654000 1905.000000 65074.562899 (1,2)
Iteration 10892:  4100.654000 1905.000000 64988.004934 (0,3)
Iteration 10944:  4091.310000 1905.000000 64897.636485 (1,3)
Iteration 10949:  4091.310000 1905.000000 64890.035916 (0,3)
Iteration 11038:  4080.032000 1905.000000 64014.468981 (0,3)
Iteration 11041:  4044.790000 1906.000000 63988.099767 (0,3)
Iteration 11044:  4044.790000 1906.000000 63964.066946 (2,3)
Iteration 11047:  3933.484000 1906.000000 63938.826498 (0,3)
Iteration 11061:  3929.548000 1906.000000 64055.229132 (0,3)
Iteration 11064:  3923.548000 1906.000000 64125.289702 (2,3)
Iteration 11512:  3855.420000 1903.000000 63961.805210 (0,3)
Iteration 11562:  3780.796000 1903.000000 63440.243431 (0,3)
Iteration 11593:  3693.952000 1903.000000 63761.490452 (0,3)
Iteration 11720:  3610.862000 1906.000000 64363.051752 (0,3)
Iteration 11721:  3608.330000 1906.000000 64347.031249 (2,3)
Iteration 11731:  3608.330000 1906.000000 64339.328200 (0,3)
Iteration 11742:  3571.330000 1905.000000 64073.159457 (0,3)
Iteration 11744:  3464.330000 1907.000000 64037.204427 (1,2)
Iteration 13717:  3302.480000 1962.000000 60090.268070 (0,3)
Iteration 13721:  3300.480000 1962.000000 60080.326378 (0,3)
Iteration 13722:  3239.432000 1962.000000 60065.301781 (0,3)
Iteration 13726:  3225.772000 1962.000000 59987.516802 (2,3)
Iteration 13740:  3196.820000 1962.000000 60090.223217 (0,3)
Iteration 13747:  3196.820000 1962.000000 60068.218324 (2,3)
Iteration 13751:  2997.870000 1961.000000 60316.669514 (0,3)
Iteration 13764:  2923.920000 1959.000000 60632.856407 (0,3)
Iteration 13772:  2912.920000 1959.000000 60656.331830 (0,3)
Iteration 13795:  2912.920000 1959.000000 60625.645876 (1,3)
Iteration 13796:  2912.920000 1959.000000 60614.196079 (0,3)
Iteration 13801:  2901.500000 1959.000000 60703.067966 (1,3)
Iteration 13806:  2855.968000 1959.000000 60701.510011 (0,3)
Iteration 13815:  2772.314000 1959.000000 60813.750604 (0,3)
Iteration 13853:  2707.254000 1959.000000 60277.120538 (0,3)
Iteration 13862:  2548.968000 1959.000000 62975.011290 (0,3)
Iteration 13872:  2515.232000 1958.000000 63057.738526 (0,3)
Iteration 13876:  2471.232000 1958.000000 63102.267617 (0,3)
Iteration 13899:  2461.280000 1959.000000 63101.394025 (0,3)
Iteration 13976:  2316.300000 1960.000000 63269.068050 (1,0)
Iteration 13978:  2316.300000 1960.000000 63165.548779 (1,3)
Iteration 13982:  2264.768000 1960.000000 63216.159138 (1,3)
Iteration 13998:  2259.748000 1960.000000 62359.790746 (0,3)
Iteration 14006:  2257.280000 1960.000000 62294.725227 (0,3)
Iteration 14015:  2178.472000 1959.000000 63104.953161 (1,1)
Iteration 14019:  2045.520000 1959.000000 63120.748403 (0,3)
Iteration 14022:  1899.434000 1959.000000 63126.207411 (0,3)
Iteration 14031:  1898.434000 1959.000000 63118.721629 (0,3)
Iteration 14046:  1897.966000 1959.000000 63130.516674 (0,3)
Iteration 14064:  1873.912000 1959.000000 63229.706069 (0,3)
Iteration 14067:  1823.600000 1958.000000 63174.166196 (0,3)
Iteration 14118:  1715.654000 1958.000000 63180.003959 (0,3)
Iteration 14134:  1713.702000 1958.000000 63153.732939 (0,3)
Iteration 14150:  1676.472000 1957.000000 62516.100079 (0,3)
Iteration 14175:  1676.472000 1957.000000 62491.590517 (0,3)
Iteration 14289:  1674.894000 1957.000000 62530.917329 (1,3)
Iteration 14368:  1322.376000 1957.000000 62417.906190 (0,3)
Iteration 14373:  1312.424000 1955.000000 62460.030651 (0,3)
Iteration 14378:  1300.424000 1955.000000 62392.236909 (0,3)
Iteration 14384:  1291.892000 1955.000000 62363.683648 (0,3)
Iteration 14406:  1289.112000 1955.000000 62175.311119 (0,3)
Iteration 14479:  1245.160000 1955.000000 62779.094704 (0,3)
Iteration 14550:  1245.160000 1955.000000 62690.222817 (2,3)
Iteration 14659:  1041.940000 1954.000000 62754.925456 (1,0)
Iteration 14750:  1031.472000 1954.000000 62725.887251 (2,3)
Iteration 14835:  1031.472000 1954.000000 62719.956144 (0,3)
Iteration 15062:  1024.232000 1954.000000 62385.466800 (1,3)
Iteration 15104:  1020.516000 1954.000000 62526.536711 (0,0)
Iteration 15117:  1010.034000 1955.000000 62499.545448 (1,3)
Iteration 15119:  998.204000 1954.000000 62443.698858 (0,3)
Iteration 15128:  831.430000 1954.000000 62337.462182 (0,3)
Iteration 15161:  782.656000 1954.000000 62323.107277 (0,3)
Iteration 15162:  766.948000 1954.000000 62261.820538 (0,3)
Iteration 15187:  754.222000 1954.000000 62508.500449 (0,0)
Iteration 15188:  731.690000 1954.000000 62434.629949 (0,3)
Iteration 15201:  727.690000 1954.000000 62433.359333 (0,3)
Iteration 15241:  708.862000 1952.000000 62441.515620 (0,3)
Iteration 15254:  708.862000 1951.000000 62483.031568 (0,3)
Iteration 15270:  707.912000 1949.000000 62521.388219 (0,3)
Iteration 15321:  702.444000 1949.000000 62507.950671 (0,3)
Iteration 15378:  701.444000 1949.000000 62439.881283 (0,3)
Iteration 15481:  688.670000 1951.000000 62442.630092 (1,3)
Iteration 15563:  688.670000 1951.000000 62408.170739 (0,3)
Iteration 15628:  665.670000 1951.000000 62481.213238 (0,3)
Iteration 15664:  665.670000 1951.000000 62443.494893 (0,3)
Iteration 15676:  655.976000 1951.000000 62451.232469 (1,0)
Iteration 15939:  642.648000 1950.000000 62264.709511 (0,3)
Iteration 15984:  566.714000 1950.000000 62292.188528 (0,3)
Iteration 15985:  565.402000 1950.000000 62280.438365 (0,3)
Iteration 16025:  533.628000 1951.000000 62316.252768 (1,3)
Iteration 16031:  530.472000 1951.000000 62648.985513 (0,3)
Iteration 16070:  480.160000 1951.000000 62731.400374 (1,3)
Iteration 16091:  475.848000 1951.000000 62823.704257 (1,0)
Iteration 16098:  475.848000 1951.000000 62783.765039 (0,3)
Iteration 16157:  472.556000 1949.000000 62887.860837 (0,3)
Iteration 16167:  472.556000 1949.000000 62874.799592 (0,3)
Iteration 16231:  472.556000 1947.000000 62927.323603 (0,3)
Iteration 16242:  472.556000 1947.000000 62866.657578 (0,3)
Iteration 16256:  457.848000 1947.000000 62748.564720 (0,3)
Iteration 16258:  430.074000 1947.000000 62735.031087 (0,3)
Iteration 16362:  418.868000 1949.000000 62709.394236 (1,2)
Iteration 16368:  416.180000 1949.000000 62709.352182 (0,3)
Iteration 16452:  416.180000 1949.000000 62652.881638 (0,3)
Iteration 16454:  405.868000 1949.000000 62660.291584 (0,3)
Iteration 16455:  395.868000 1949.000000 62590.362631 (0,3)
Iteration 16476:  392.556000 1949.000000 62562.352980 (0,3)
Iteration 16629:  392.556000 1949.000000 62519.481527 (0,3)
Iteration 16630:  392.556000 1949.000000 62457.728819 (0,3)
Iteration 16667:  392.556000 1949.000000 62407.799769 (0,3)
Iteration 16826:  359.024000 1949.000000 62131.417420 (0,3)
Iteration 16829:  308.008000 1949.000000 62096.926639 (0,3)
Iteration 16855:  308.008000 1948.000000 62062.013943 (0,3)
Iteration 16917:  308.008000 1948.000000 61998.356554 (0,3)
Iteration 16946:  300.696000 1948.000000 62047.115291 (1,1)
Iteration 16986:  300.696000 1948.000000 62042.963043 (0,3)
Iteration 17038:  300.696000 1947.000000 62148.118303 (0,3)
Iteration 17098:  300.696000 1947.000000 62145.922118 (0,3)
Iteration 17126:  300.696000 1947.000000 62106.097838 (0,3)
Iteration 17134:  254.970000 1947.000000 62115.117836 (0,3)
Iteration 17270:  254.970000 1947.000000 62109.835228 (0,3)
Iteration 17302:  254.970000 1947.000000 62047.599278 (1,0)
Iteration 17341:  254.970000 1947.000000 62032.121459 (0,3)
Iteration 17355:  254.916000 1947.000000 62059.156759 (0,3)
Iteration 17465:  240.830000 1947.000000 62070.811111 (1,3)
Iteration 17554:  240.830000 1947.000000 62043.153193 (0,3)
Iteration 17579:  240.830000 1947.000000 62034.649101 (0,3)
Iteration 17616:  237.298000 1947.000000 62036.752832 (0,3)
Iteration 17729:  237.298000 1947.000000 62030.184046 (0,3)
Iteration 17750:  237.298000 1947.000000 62023.337688 (0,3)
Iteration 17955:  236.352000 1947.000000 61967.809722 (0,3)
Iteration 18134:  236.298000 1947.000000 61995.640834 (0,3)
Iteration 18254:  179.006000 1947.000000 61987.163959 (0,3)
Iteration 18724:  177.902000 1942.000000 63682.438354 (0,3)
Iteration 18793:  177.902000 1942.000000 63633.906904 (0,3)
Iteration 19280:  174.352000 1939.000000 63324.529731 (1,0)
Iteration 19319:  174.352000 1938.000000 63294.773320 (0,3)
Iteration 19354:  174.352000 1936.000000 63213.687473 (0,3)
Iteration 19367:  174.352000 1936.000000 63198.445054 (0,3)
Iteration 19424:  174.298000 1936.000000 63225.480354 (0,3)
Iteration 19741:  159.986000 1935.000000 63267.920739 (0,3)
Iteration 19760:  159.986000 1935.000000 63174.273086 (0,3)
Iteration 19937:  159.986000 1934.000000 63149.150445 (0,3)
Iteration 20003:  158.298000 1933.000000 64028.959692 (0,3)
Iteration 20013:  151.760000 1932.000000 64092.038155 (0,3)
total iterations: 98894, time elapsed: 3600.03s
Destroy operator: destroy_random_leafs, Weight: 0.2467, Score: 11313.70, Count: 45798
Destroy operator: destroy_path, Weight: 0.1032, Score: 2188.05, Count: 21178
Destroy operator: destroy_worst_affinity, Weight: 0.0874, Score: 1512.40, Count: 17223
Destroy operator: destroy_district_group, Weight: 0.0660, Score: 969.00, Count: 14694
Repair operator: repair_greedy_feasible, Weight: 0.0815, Score: 1459.20, Count: 17895
Repair operator: repair_affinity_compact, Weight: 0.0686, Score: 1038.45, Count: 15132
Repair operator: repair_nearest_center, Weight: 0.0727, Score: 1207.80, Count: 16607
Repair operator: repair_2regret, Weight: 0.2488, Score: 12277.70, Count: 49259
