Initial solution objectives: Balance violation = 26012.0900, Affinity loss = 1932, Compactness = 58023.7680
Iteration 1512:  25112.440000 1927.000000 58546.042016 (0,3)
Iteration 3530:  24805.540000 1939.000000 58287.638118 (0,3)
Iteration 4031:  20845.182000 1931.000000 57167.652805 (1,0)
Iteration 5034:  19451.050000 1939.000000 56461.614624 (0,3)
Iteration 5035:  18456.144000 1940.000000 56605.325338 (0,3)
Iteration 5037:  18100.254000 1940.000000 56678.193989 (1,0)
Iteration 5038:  18090.254000 1940.000000 56713.240007 (1,3)
Iteration 5039:  18011.872000 1940.000000 56748.113407 (1,3)
Iteration 5575:  17049.896000 1886.000000 59260.328321 (3,3)
Iteration 5577:  17034.896000 1886.000000 59220.035023 (2,3)
Iteration 5579:  16250.692000 1886.000000 59233.628465 (0,3)
Iteration 5595:  14853.510000 1883.000000 59379.754030 (0,3)
Iteration 5602:  14739.854000 1884.000000 59046.611728 (1,3)
Iteration 5603:  14413.602000 1884.000000 58922.445202 (1,3)
Iteration 5607:  14112.366000 1884.000000 58655.282274 (2,3)
Iteration 5609:  13624.238000 1884.000000 58439.685888 (2,3)
Iteration 5613:  11994.940000 1883.000000 58856.000296 (3,3)
Iteration 5619:  11923.054000 1883.000000 59138.663103 (0,3)
Iteration 8333:  11642.932000 1892.000000 61901.425155 (0,3)
Iteration 8335:  11348.368000 1892.000000 61837.368047 (0,3)
Iteration 8346:  11331.622000 1893.000000 61844.661986 (0,3)
Iteration 8353:  11331.096000 1892.000000 61924.304276 (0,3)
Iteration 8357:  11047.804000 1892.000000 61989.653316 (0,3)
Iteration 8358:  10726.072000 1893.000000 62044.850905 (0,3)
Iteration 8362:  10273.232000 1894.000000 62077.749202 (0,3)
Iteration 8369:  10237.414000 1894.000000 62124.729642 (2,3)
Iteration 8371:  10034.286000 1894.000000 62149.782794 (0,3)
Iteration 8389:  9795.560000 1895.000000 62220.437167 (0,3)
Iteration 8392:  9618.560000 1897.000000 62215.410760 (0,3)
Iteration 8410:  9517.242000 1895.000000 61956.490655 (0,3)
Iteration 8411:  9416.242000 1895.000000 61922.868143 (0,3)
Iteration 8412:  9108.390000 1895.000000 61813.505601 (0,3)
Iteration 8436:  8824.806000 1899.000000 61829.080761 (0,3)
Iteration 8440:  8336.840000 1899.000000 61972.416358 (0,3)
Iteration 8442:  8198.688000 1900.000000 62147.075635 (0,3)
Iteration 8444:  7426.948000 1900.000000 62243.364289 (0,3)
Iteration 10795:  7421.568000 1896.000000 60351.235671 (0,3)
Iteration 10803:  7399.262000 1898.000000 60310.446807 (0,3)
Iteration 10811:  7334.568000 1898.000000 60282.281584 (0,3)
Iteration 10821:  7255.382000 1898.000000 60343.086322 (0,3)
Iteration 10836:  7037.434000 1899.000000 60461.111224 (0,3)
Iteration 10840:  6988.832000 1900.000000 60471.319020 (0,3)
Iteration 10846:  6983.828000 1900.000000 60383.137849 (1,3)
Iteration 10863:  6963.828000 1900.000000 60597.637233 (0,3)
Iteration 10888:  6662.704000 1900.000000 60697.441933 (0,3)
Iteration 10890:  6312.162000 1897.000000 60844.799172 (0,3)
Iteration 10912:  6167.818000 1898.000000 60679.476609 (0,3)
Iteration 10913:  6025.110000 1898.000000 60696.344349 (0,0)
Iteration 10914:  5987.110000 1898.000000 60494.748274 (0,3)
Iteration 10929:  5897.308000 1898.000000 60506.400246 (0,3)
Iteration 10930:  5891.418000 1899.000000 60552.142882 (0,3)
Iteration 10931:  5869.232000 1898.000000 60669.479121 (0,3)
Iteration 10935:  5867.830000 1898.000000 60686.800384 (1,1)
Iteration 10938:  5764.636000 1898.000000 60568.884658 (0,3)
Iteration 10939:  5739.492000 1900.000000 60644.823856 (0,3)
Iteration 10942:  5719.310000 1901.000000 60676.245026 (0,3)
Iteration 10956:  5719.310000 1901.000000 60648.693592 (2,3)
Iteration 10958:  5689.310000 1901.000000 60676.339073 (0,3)
Iteration 10987:  5619.200000 1902.000000 60890.414701 (0,3)
Iteration 10997:  5608.798000 1902.000000 60941.150261 (0,3)
Iteration 11048:  5564.056000 1900.000000 60714.904100 (0,3)
Iteration 11055:  5477.468000 1899.000000 60690.490556 (0,3)
Iteration 11058:  5464.760000 1899.000000 60612.265719 (2,3)
Iteration 11064:  5436.128000 1899.000000 60677.151581 (0,3)
Iteration 11112:  5356.104000 1899.000000 60686.882583 (0,3)
Iteration 11155:  5154.490000 1898.000000 60601.401358 (1,3)
Iteration 11159:  5152.400000 1898.000000 60596.828835 (0,3)
Iteration 11192:  5121.050000 1899.000000 60902.677727 (0,3)
Iteration 11197:  5040.140000 1899.000000 60875.156361 (0,3)
Iteration 11206:  5007.792000 1900.000000 60684.438708 (0,3)
Iteration 11211:  4992.576000 1900.000000 60709.814493 (0,3)
Iteration 11214:  4965.576000 1898.000000 60763.941063 (1,3)
Iteration 11220:  4884.208000 1897.000000 61082.450039 (0,3)
Iteration 11224:  4874.606000 1897.000000 61065.128776 (1,3)
Iteration 11234:  4823.026000 1892.000000 61176.688006 (0,3)
Iteration 11342:  4716.738000 1891.000000 61037.062325 (0,3)
Iteration 11353:  4595.828000 1891.000000 61089.335066 (0,3)
Iteration 11354:  4587.828000 1891.000000 61108.676515 (1,3)
Iteration 11382:  4586.720000 1892.000000 61111.687611 (2,3)
Iteration 11397:  4585.630000 1891.000000 61146.247900 (0,3)
Iteration 11398:  4581.740000 1891.000000 61161.216160 (0,3)
Iteration 11399:  4480.996000 1890.000000 61265.996058 (0,3)
Iteration 11403:  4464.106000 1891.000000 61255.975435 (0,3)
Iteration 11404:  4421.814000 1891.000000 61365.901038 (0,3)
Iteration 11405:  4421.814000 1891.000000 61342.523994 (0,3)
Iteration 11412:  4411.704000 1891.000000 61383.053215 (1,3)
Iteration 11418:  4406.684000 1891.000000 61453.709442 (0,3)
Iteration 11419:  4359.684000 1891.000000 61497.457138 (0,3)
Iteration 11431:  4320.428000 1891.000000 61328.403029 (0,3)
Iteration 11435:  4312.428000 1889.000000 61322.026708 (0,3)
Iteration 11606:  4290.884000 1890.000000 60786.435767 (0,3)
Iteration 11625:  4276.756000 1889.000000 60883.033625 (0,3)
Iteration 11637:  4257.138000 1890.000000 60770.019691 (0,3)
Iteration 11638:  4216.028000 1890.000000 60837.914550 (0,3)
Iteration 11646:  4216.028000 1890.000000 60794.185669 (0,3)
Iteration 11652:  4216.028000 1890.000000 60736.751364 (0,3)
Iteration 11654:  4213.320000 1890.000000 60657.117536 (0,3)
Iteration 11706:  4194.936000 1887.000000 60564.431031 (0,3)
Iteration 11714:  4186.008000 1887.000000 60481.611720 (0,3)
Iteration 11717:  4142.644000 1887.000000 60532.487573 (0,3)
Iteration 11718:  4099.134000 1887.000000 60510.588556 (0,3)
Iteration 11723:  4098.316000 1887.000000 60441.568032 (0,3)
Iteration 11735:  4062.280000 1887.000000 60688.916340 (0,3)
Iteration 11744:  4062.280000 1887.000000 60675.321866 (0,3)
Iteration 11777:  4061.170000 1886.000000 60776.675367 (0,3)
Iteration 11791:  4061.170000 1886.000000 60732.129974 (0,3)
Iteration 11803:  4008.370000 1886.000000 60644.175778 (0,3)
Iteration 11808:  4000.408000 1887.000000 60903.383012 (0,3)
Iteration 11813:  4000.318000 1886.000000 60937.943301 (0,3)
Iteration 12165:  3750.246000 1888.000000 62562.482223 (0,3)
Iteration 12219:  3357.838000 1888.000000 62483.604186 (1,3)
Iteration 12220:  3314.608000 1892.000000 62112.799931 (0,2)
Iteration 12222:  3241.806000 1892.000000 61941.332325 (0,3)
Iteration 12231:  3029.148000 1890.000000 61926.906359 (0,3)
Iteration 12236:  3028.038000 1890.000000 61849.110438 (0,3)
Iteration 12252:  2969.750000 1890.000000 61838.675854 (0,3)
Iteration 12254:  2846.004000 1890.000000 62033.736934 (0,3)
Iteration 12261:  2803.494000 1890.000000 62006.655590 (0,3)
Iteration 12262:  2791.096000 1891.000000 61971.911529 (0,0)
Iteration 12502:  2742.846000 1887.000000 61894.906128 (1,3)
Iteration 12557:  2739.600000 1887.000000 62245.956707 (1,3)
Iteration 12561:  2722.490000 1888.000000 62267.885082 (0,3)
Iteration 12568:  2722.490000 1887.000000 62247.634959 (0,3)
Iteration 12598:  2690.748000 1886.000000 62266.140745 (0,3)
Iteration 12639:  2690.748000 1886.000000 62263.805917 (0,3)
Iteration 12648:  2690.748000 1886.000000 62139.704708 (0,3)
Iteration 12742:  2667.690000 1885.000000 62027.263331 (1,1)
Iteration 19102:  2666.466000 1883.000000 61493.385285 (0,3)
Iteration 19116:  2666.466000 1883.000000 61474.163695 (0,3)
Iteration 19125:  2632.466000 1883.000000 61562.139586 (0,3)
Iteration 19136:  2500.484000 1883.000000 61504.539871 (0,3)
Iteration 19167:  2497.776000 1884.000000 61588.665481 (0,3)
Iteration 19169:  2483.776000 1884.000000 61588.017301 (0,3)
Iteration 19172:  2458.034000 1882.000000 61834.142314 (0,3)
Iteration 19173:  2455.144000 1881.000000 61802.080128 (1,3)
Iteration 19229:  2439.852000 1881.000000 61855.562596 (0,3)
Iteration 19236:  2436.560000 1881.000000 61831.846717 (0,3)
Iteration 19281:  2432.962000 1881.000000 61822.719542 (0,3)
Iteration 19297:  2421.924000 1881.000000 61829.807083 (0,3)
Iteration 19299:  2293.686000 1879.000000 61911.622017 (0,3)
Iteration 19311:  2293.686000 1879.000000 61903.159495 (0,3)
Iteration 19328:  2293.686000 1879.000000 61878.191119 (0,3)
Iteration 19335:  2281.234000 1879.000000 61860.082387 (0,3)
Iteration 19336:  2274.742000 1880.000000 61783.032616 (0,3)
Iteration 19344:  2263.742000 1880.000000 61755.481255 (0,3)
Iteration 19356:  2260.852000 1880.000000 61768.022195 (0,3)
Iteration 19358:  2228.000000 1880.000000 61773.713969 (0,3)
Iteration 19366:  2091.560000 1880.000000 61690.973804 (0,3)
Iteration 19368:  2031.670000 1880.000000 61706.647768 (0,3)
Iteration 19384:  1999.124000 1882.000000 61747.674542 (1,3)
Iteration 19387:  1843.996000 1882.000000 61745.122267 (0,3)
Iteration 19409:  1840.234000 1880.000000 61770.716912 (1,3)
Iteration 19513:  1813.400000 1876.000000 61775.753786 (0,3)
Iteration 19514:  1812.870000 1876.000000 61849.216568 (0,3)
Iteration 19515:  1812.540000 1877.000000 61815.761440 (0,3)
Iteration 19523:  1812.540000 1876.000000 61713.194729 (0,3)
Iteration 19660:  1812.540000 1876.000000 61658.215699 (0,3)
Iteration 19662:  1810.540000 1876.000000 61735.429143 (0,3)
Iteration 19668:  1784.832000 1876.000000 61692.087198 (0,3)
Iteration 19672:  1770.798000 1876.000000 61778.140418 (0,3)
Iteration 19674:  1769.200000 1876.000000 61856.916747 (0,3)
Iteration 19681:  1625.946000 1876.000000 61927.291463 (0,3)
Iteration 19741:  1613.744000 1876.000000 62038.199498 (0,3)
Iteration 19760:  1613.744000 1875.000000 62060.611756 (0,3)
Iteration 19764:  1573.306000 1875.000000 62019.267216 (0,3)
Iteration 19772:  1545.434000 1875.000000 61993.707321 (0,3)
Iteration 19776:  1487.574000 1874.000000 62019.500074 (0,3)
Iteration 19783:  1485.612000 1874.000000 61926.707291 (0,3)
Iteration 19794:  1452.760000 1874.000000 61873.797469 (0,3)
Iteration 19795:  1452.760000 1874.000000 61873.644331 (1,3)
Iteration 19828:  1435.780000 1875.000000 61787.992008 (0,3)
Iteration 19830:  1243.868000 1877.000000 61675.179231 (0,2)
Iteration 19889:  1243.868000 1876.000000 61692.510964 (1,3)
Iteration 19905:  1132.830000 1876.000000 61667.013419 (0,3)
Iteration 19953:  1132.032000 1875.000000 61574.970392 (0,3)
Iteration 20103:  1116.850000 1876.000000 61610.935408 (0,3)
Iteration 20151:  1116.850000 1875.000000 61636.178501 (0,3)
Iteration 20206:  1054.740000 1875.000000 61644.348646 (0,3)
Iteration 20289:  962.720000 1875.000000 61640.450586 (1,3)
Iteration 20304:  945.868000 1875.000000 61617.019660 (0,3)
Iteration 20322:  943.016000 1875.000000 61618.228104 (1,3)
Iteration 20429:  943.016000 1875.000000 61617.215955 (0,3)
Iteration 20491:  693.740000 1875.000000 61612.656722 (0,3)
Iteration 20540:  576.888000 1875.000000 61674.485341 (1,0)
Iteration 20542:  576.888000 1875.000000 61635.497501 (0,3)
Iteration 20545:  576.888000 1875.000000 61622.784432 (0,3)
Iteration 20555:  576.888000 1875.000000 61584.692861 (0,3)
Iteration 20720:  576.888000 1875.000000 61584.692861 (1,3)
Iteration 20798:  576.888000 1875.000000 61583.129432 (0,3)
Iteration 20851:  576.888000 1874.000000 61505.217809 (0,3)
Iteration 20924:  576.888000 1874.000000 61436.148116 (0,3)
Iteration 20931:  573.888000 1873.000000 61489.528817 (0,3)
Iteration 21107:  572.888000 1873.000000 61402.506850 (0,3)
Iteration 21120:  571.868000 1873.000000 61388.547078 (2,3)
Iteration 21127:  571.868000 1873.000000 61341.088740 (0,3)
Iteration 21179:  570.996000 1873.000000 61334.444298 (0,3)
Iteration 21215:  528.144000 1873.000000 61284.080809 (0,3)
Iteration 21264:  508.144000 1873.000000 61269.676516 (0,3)
Iteration 21315:  508.144000 1873.000000 61222.513274 (0,3)
Iteration 21324:  508.054000 1873.000000 61213.928277 (0,3)
Iteration 21615:  508.054000 1872.000000 61207.794157 (0,3)
Iteration 21798:  495.474000 1871.000000 61308.334524 (0,3)
Iteration 21836:  476.584000 1871.000000 61308.718959 (0,3)
Iteration 22022:  458.564000 1872.000000 61390.594157 (1,0)
Iteration 22063:  451.584000 1872.000000 61431.926595 (0,3)
Iteration 22132:  444.694000 1872.000000 61406.437559 (0,3)
Iteration 22181:  387.476000 1872.000000 61390.304841 (0,3)
Iteration 22193:  387.476000 1872.000000 61369.361969 (0,3)
Iteration 22342:  318.274000 1873.000000 61407.317130 (1,3)
Iteration 22373:  318.274000 1873.000000 61400.325692 (1,1)
Iteration 22502:  318.274000 1873.000000 61380.140852 (1,3)
Iteration 22544:  318.274000 1873.000000 61369.478562 (0,3)
Iteration 22633:  318.274000 1872.000000 61432.316059 (0,3)
Iteration 22656:  318.274000 1872.000000 61412.140413 (0,3)
Iteration 22713:  247.402000 1872.000000 61474.357747 (0,0)
Iteration 22729:  210.694000 1872.000000 61424.021771 (0,3)
Iteration 22732:  210.694000 1872.000000 61424.021771 (0,3)
Iteration 22994:  208.036000 1870.000000 61439.538708 (0,3)
Iteration 23079:  200.036000 1870.000000 61453.356577 (1,0)
Iteration 23091:  198.184000 1870.000000 61430.903017 (1,2)
Iteration 23094:  198.184000 1869.000000 61460.853498 (0,3)
total iterations: 97921, time elapsed: 3600.00s
Destroy operator: destroy_random_leafs, Weight: 0.2646, Score: 12638.60, Count: 47654
Destroy operator: destroy_path, Weight: 0.1084, Score: 2247.10, Count: 20703
Destroy operator: destroy_worst_affinity, Weight: 0.0893, Score: 1478.35, Count: 16520
Destroy operator: destroy_district_group, Weight: 0.0635, Score: 828.30, Count: 13043
Repair operator: repair_greedy_feasible, Weight: 0.0833, Score: 1471.85, Count: 17625
Repair operator: repair_affinity_compact, Weight: 0.0660, Score: 908.70, Count: 13773
Repair operator: repair_nearest_center, Weight: 0.0684, Score: 1000.95, Count: 14630
Repair operator: repair_2regret, Weight: 0.2655, Score: 13810.85, Count: 51892
