Initial solution objectives: Balance violation = 10513.7750, Affinity loss = 948, Compactness = 44916.8633
Iteration 509:  10491.370000 911.000000 46970.427908 (3,2)
Iteration 511:  10167.040000 908.000000 46931.328710 (2,1)
Iteration 3517:  9966.555000 955.000000 46836.202883 (1,3)
Iteration 3521:  9925.220000 955.000000 46892.961104 (2,3)
Iteration 3525:  9534.075000 954.000000 46861.398318 (0,1)
Iteration 3529:  8441.405000 955.000000 46816.690376 (0,3)
Iteration 3532:  8258.945000 953.000000 47021.662119 (3,3)
Iteration 4615:  7252.605000 907.000000 52592.980932 (0,3)
Iteration 4618:  7171.605000 908.000000 52543.594354 (0,3)
Iteration 4619:  6669.225000 908.000000 52593.180976 (2,3)
Iteration 4620:  5914.035000 909.000000 52699.524820 (0,3)
Iteration 4621:  5681.020000 909.000000 52652.629055 (0,3)
Iteration 4639:  5540.115000 902.000000 51835.386403 (2,3)
Iteration 4640:  5376.405000 903.000000 51403.329064 (0,2)
Iteration 4649:  5172.815000 904.000000 50874.520133 (0,2)
Iteration 4657:  4712.245000 901.000000 50052.903381 (0,3)
Iteration 4659:  4365.955000 902.000000 50324.654038 (0,3)
Iteration 5701:  4317.040000 925.000000 47925.295348 (0,3)
Iteration 5706:  4288.020000 923.000000 47146.198154 (0,2)
Iteration 5707:  4216.645000 923.000000 47201.332584 (1,0)
Iteration 5709:  3330.705000 923.000000 47386.217924 (0,3)
Iteration 5712:  3308.080000 923.000000 47340.383670 (1,3)
Iteration 5714:  3117.315000 923.000000 47421.311979 (1,3)
Iteration 5750:  3050.870000 921.000000 46601.258568 (0,3)
Iteration 5753:  3047.600000 918.000000 46486.209599 (0,1)
Iteration 5760:  2906.685000 919.000000 46560.872421 (0,3)
Iteration 5762:  2834.005000 919.000000 46388.517700 (0,2)
Iteration 5858:  2737.195000 911.000000 45352.563889 (0,3)
Iteration 5860:  2452.570000 913.000000 45400.045166 (0,3)
Iteration 5862:  2418.590000 910.000000 45641.673028 (0,3)
Iteration 5866:  2358.465000 910.000000 45615.425951 (0,2)
Iteration 5870:  2324.820000 911.000000 45738.499990 (0,3)
Iteration 6172:  2273.270000 900.000000 46838.046514 (0,0)
Iteration 6173:  2273.270000 900.000000 46819.284489 (1,2)
Iteration 6177:  2086.285000 899.000000 46650.806390 (0,3)
Iteration 6217:  1775.305000 904.000000 47335.655307 (0,3)
Iteration 6218:  1621.755000 904.000000 47673.159298 (0,3)
Iteration 6221:  1575.815000 904.000000 47746.984724 (0,3)
Iteration 6229:  1513.800000 902.000000 47169.431276 (1,2)
Iteration 6239:  1505.810000 903.000000 47044.375246 (0,3)
Iteration 6240:  1405.015000 903.000000 47257.398403 (0,3)
Iteration 6257:  1329.940000 901.000000 47156.848926 (0,3)
Iteration 6262:  1238.250000 902.000000 46842.409094 (0,3)
Iteration 6263:  1208.205000 902.000000 46558.933890 (0,2)
Iteration 6283:  953.240000 903.000000 46744.371387 (0,3)
Iteration 6284:  953.240000 903.000000 46648.814997 (2,1)
Iteration 6446:  819.730000 894.000000 46359.681200 (0,0)
Iteration 6448:  684.790000 894.000000 46603.583698 (0,3)
Iteration 6563:  649.835000 893.000000 46268.222803 (0,3)
Iteration 6565:  626.710000 893.000000 46321.069259 (0,3)
Iteration 6567:  581.295000 892.000000 46174.668922 (0,0)
Iteration 6568:  577.670000 892.000000 46199.197969 (2,3)
Iteration 10959:  561.275000 880.000000 46991.002977 (2,3)
Iteration 11092:  556.400000 878.000000 47031.453691 (0,3)
Iteration 11203:  540.325000 877.000000 51520.184694 (0,3)
Iteration 11221:  531.220000 877.000000 51501.456174 (0,3)
Iteration 11256:  496.075000 874.000000 51360.943248 (0,3)
Iteration 11261:  496.075000 873.000000 51401.033460 (0,3)
Iteration 13526:  488.895000 946.000000 49775.079097 (0,3)
Iteration 13544:  202.515000 946.000000 49842.254634 (0,3)
Iteration 13549:  187.895000 946.000000 49877.817269 (0,3)
Iteration 13601:  187.895000 945.000000 49781.585531 (0,3)
Iteration 13617:  187.895000 945.000000 49724.076407 (0,3)
Iteration 13621:  187.895000 945.000000 49722.739446 (1,2)
Iteration 13626:  187.895000 945.000000 49710.789869 (0,3)
Iteration 13628:  187.895000 945.000000 49710.789869 (2,3)
Iteration 13654:  187.895000 945.000000 49556.779495 (0,3)
Iteration 13662:  187.895000 945.000000 49465.408735 (0,3)
Iteration 13675:  154.770000 945.000000 49493.016076 (0,3)
Iteration 13687:  154.770000 945.000000 49488.203598 (0,3)
Iteration 13742:  147.645000 945.000000 49400.836635 (0,3)
Iteration 13745:  147.645000 945.000000 49368.419255 (0,3)
Iteration 13822:  143.150000 945.000000 49070.315949 (0,3)
Iteration 13852:  138.025000 944.000000 49229.548185 (0,3)
Iteration 13857:  138.025000 943.000000 49336.790000 (0,3)
Iteration 13864:  138.025000 943.000000 49320.905584 (0,3)
Iteration 31884:  113.910000 902.000000 53381.783484 (0,3)
Iteration 31887:  113.910000 901.000000 53481.372391 (1,1)
Iteration 31889:  102.890000 900.000000 53586.298197 (0,3)
Iteration 31897:  69.640000 900.000000 53525.588815 (0,3)
Iteration 31973:  54.020000 899.000000 53382.929343 (0,3)
Iteration 31998:  54.020000 899.000000 53374.685816 (0,3)
Iteration 32034:  54.020000 899.000000 53273.864416 (0,3)
Iteration 32088:  54.020000 899.000000 52791.300295 (0,3)
Iteration 32233:  54.020000 899.000000 52687.515442 (0,3)
Iteration 32254:  54.020000 898.000000 52642.503915 (0,3)
Iteration 32284:  54.020000 897.000000 52606.329333 (0,3)
Iteration 32306:  54.020000 897.000000 52434.188578 (0,3)
Iteration 32570:  54.020000 897.000000 52218.440632 (1,3)
Iteration 32907:  52.930000 892.000000 52005.343731 (0,3)
Iteration 32925:  42.055000 894.000000 51892.284082 (0,3)
Iteration 32965:  38.075000 896.000000 51932.525706 (0,3)
Iteration 32974:  27.075000 896.000000 52356.383810 (0,3)
Iteration 33051:  26.455000 896.000000 52470.674347 (0,0)
Iteration 33067:  23.075000 896.000000 52485.491296 (2,1)
Iteration 33143:  23.075000 896.000000 52394.565988 (1,1)
Iteration 33157:  18.950000 896.000000 52416.356660 (1,3)
Iteration 33185:  18.950000 896.000000 52368.213861 (0,3)
Iteration 33255:  18.930000 896.000000 52300.212325 (0,3)
Iteration 33261:  18.915000 896.000000 52297.005227 (0,3)
Iteration 33266:  18.915000 896.000000 52276.127478 (0,3)
Iteration 33267:  13.675000 896.000000 52306.784600 (0,3)
Iteration 33338:  7.660000 896.000000 52066.898574 (0,3)
Iteration 33435:  7.660000 895.000000 52165.529282 (0,3)
Iteration 33481:  7.660000 895.000000 52152.097825 (0,3)
Iteration 33483:  7.660000 895.000000 52073.529582 (0,3)
Iteration 33485:  7.660000 895.000000 52068.200778 (0,3)
Iteration 33637:  7.660000 894.000000 52049.693979 (0,3)
Iteration 33858:  7.660000 894.000000 52007.354397 (0,3)
Iteration 33877:  7.660000 894.000000 51976.378979 (0,3)
Iteration 33879:  7.660000 894.000000 51791.764824 (0,3)
Iteration 33903:  7.660000 894.000000 51773.454388 (0,1)
Iteration 33924:  7.660000 894.000000 51596.218124 (0,3)
Iteration 33989:  7.660000 894.000000 51581.311271 (0,3)
Iteration 34096:  7.660000 894.000000 51470.826349 (0,3)
Iteration 34268:  7.660000 894.000000 51449.187984 (0,3)
Iteration 34328:  7.660000 894.000000 51442.220603 (0,3)
Iteration 34331:  7.660000 893.000000 51399.549644 (0,3)
Iteration 34437:  7.660000 893.000000 51290.804364 (0,3)
Iteration 34455:  7.660000 893.000000 51174.169438 (0,3)
Iteration 34496:  7.660000 892.000000 51127.074546 (0,3)
Iteration 34500:  7.660000 892.000000 51083.173554 (2,3)
Iteration 34532:  7.660000 891.000000 51089.276809 (0,3)
Iteration 34618:  7.660000 891.000000 51086.801641 (0,3)
Iteration 34622:  7.660000 891.000000 51035.229507 (0,3)
Iteration 81097:  3.875000 855.000000 52882.145057 (1,3)
Iteration 81105:  3.875000 854.000000 52899.354223 (0,3)
Iteration 81117:  3.875000 854.000000 52853.822656 (0,0)
Iteration 81188:  3.875000 853.000000 52834.969643 (0,3)
Iteration 81193:  3.265000 853.000000 52826.705210 (0,3)
Iteration 81224:  3.265000 852.000000 52960.421191 (0,3)
Iteration 81231:  3.265000 852.000000 52898.787898 (1,3)
Iteration 81234:  3.265000 852.000000 52888.304331 (2,3)
Iteration 81236:  3.265000 851.000000 52712.858130 (0,3)
Iteration 81264:  3.250000 851.000000 52396.205859 (0,3)
Iteration 81327:  0.125000 850.000000 52741.852588 (0,3)
Iteration 81334:  0.125000 850.000000 52696.242774 (0,3)
Iteration 81443:  0.125000 850.000000 52691.946592 (1,3)
Iteration 81454:  0.125000 850.000000 52676.430488 (2,3)
Iteration 81476:  0.125000 849.000000 52874.416447 (0,3)
Iteration 81485:  0.125000 849.000000 52795.559664 (0,3)
Iteration 81486:  0.125000 849.000000 52795.559664 (0,3)
Iteration 81599:  0.125000 848.000000 52974.527361 (0,3)
Iteration 81606:  0.125000 848.000000 52741.868080 (0,3)
Iteration 81610:  0.125000 846.000000 52592.543493 (0,3)
Iteration 81632:  0.125000 846.000000 52565.094478 (0,3)
Iteration 81639:  0.125000 846.000000 52450.242536 (0,1)
Iteration 81659:  0.125000 846.000000 52349.051203 (0,3)
Iteration 81674:  0.125000 846.000000 52176.523863 (0,3)
Iteration 81709:  0.125000 846.000000 52160.771269 (0,3)
Iteration 81753:  0.125000 846.000000 52133.181817 (1,3)
Iteration 81764:  0.125000 845.000000 52188.814752 (0,3)
Iteration 81785:  0.125000 845.000000 52136.482166 (0,3)
Iteration 81847:  0.125000 843.000000 52434.206548 (0,3)
Iteration 81849:  0.125000 842.000000 52524.524661 (0,3)
Iteration 82010:  0.125000 842.000000 52423.674365 (0,3)
Iteration 82044:  0.125000 841.000000 52510.830451 (0,3)
Iteration 82048:  0.125000 840.000000 52648.639182 (0,3)
Iteration 82203:  0.000000 838.000000 52504.001486 (0,3)
Iteration 82249:  0.000000 837.000000 52409.514963 (0,3)
Iteration 82369:  0.000000 837.000000 52389.709499 (0,3)
Iteration 82415:  0.000000 836.000000 52875.044407 (0,3)
Iteration 82430:  0.000000 835.000000 53040.971471 (0,3)
Iteration 82505:  0.000000 835.000000 53022.904771 (0,3)
Iteration 82539:  0.000000 834.000000 53262.142584 (0,3)
Iteration 82570:  0.000000 834.000000 53153.554178 (0,3)
Iteration 82571:  0.000000 833.000000 53278.669371 (0,3)
Iteration 82638:  0.000000 832.000000 53317.169784 (0,3)
Iteration 82659:  0.000000 832.000000 53187.314331 (0,3)
Iteration 82669:  0.000000 832.000000 53122.854740 (0,3)
Iteration 82770:  0.000000 830.000000 53082.482529 (0,3)
Iteration 82781:  0.000000 830.000000 53074.235378 (1,2)
Iteration 82880:  0.000000 830.000000 52600.765400 (1,3)
Iteration 82882:  0.000000 829.000000 52516.809179 (0,3)
Iteration 82901:  0.000000 828.000000 52543.536346 (0,3)
Iteration 82953:  0.000000 828.000000 52509.974933 (0,0)
Iteration 82960:  0.000000 828.000000 52424.732389 (1,2)
Iteration 82962:  0.000000 828.000000 52400.467080 (0,3)
Iteration 82978:  0.000000 828.000000 52324.166790 (0,3)
Iteration 83259:  0.000000 826.000000 51754.829531 (0,3)
Iteration 83263:  0.000000 823.000000 52033.292101 (0,3)
Iteration 83704:  0.000000 822.000000 51902.093734 (0,3)
Iteration 83761:  0.000000 821.000000 52047.444771 (0,3)
Iteration 83806:  0.000000 819.000000 52009.568300 (0,0)
Iteration 83824:  0.000000 819.000000 51891.956693 (0,3)
Iteration 83870:  0.000000 819.000000 51865.095487 (0,3)
Iteration 83897:  0.000000 819.000000 51794.347428 (0,3)
Iteration 83929:  0.000000 819.000000 51772.237259 (0,0)
Iteration 83931:  0.000000 818.000000 51717.074874 (0,3)
Iteration 84166:  0.000000 816.000000 51784.341497 (0,3)
Iteration 84594:  0.000000 816.000000 51625.586733 (0,3)
Iteration 84609:  0.000000 814.000000 51542.602431 (0,3)
Iteration 84746:  0.000000 813.000000 51649.718403 (0,3)
Iteration 84759:  0.000000 812.000000 51639.076710 (0,3)
Iteration 84807:  0.000000 811.000000 51666.986615 (0,3)
Iteration 84935:  0.000000 810.000000 51851.510066 (0,3)
total iterations: 281613, time elapsed: 3600.01s
Destroy operator: destroy_random_leafs, Weight: 0.2300, Score: 30237.85, Count: 131438
Destroy operator: destroy_path, Weight: 0.1124, Score: 7245.40, Count: 64466
Destroy operator: destroy_worst_affinity, Weight: 0.0862, Score: 4313.90, Count: 50073
Destroy operator: destroy_district_group, Weight: 0.0606, Score: 2160.25, Count: 35635
Repair operator: repair_greedy_feasible, Weight: 0.1003, Score: 5638.45, Count: 56227
Repair operator: repair_affinity_compact, Weight: 0.0774, Score: 3435.10, Count: 44384
Repair operator: repair_nearest_center, Weight: 0.0862, Score: 4279.55, Count: 49690
Repair operator: repair_2regret, Weight: 0.2330, Score: 30604.30, Count: 131311
