Initial solution objectives: Balance violation = 16329.2750, Affinity loss = 1735, Compactness = 99068.2750
Iteration 1:  16264.590000 1734.000000 98605.225808 (0,2)
Iteration 2:  14796.390000 1732.000000 98910.381153 (0,0)
Iteration 4:  13497.465000 1725.000000 99689.640576 (0,3)
Iteration 505:  13263.590000 1766.000000 98384.147091 (2,0)
Iteration 512:  12006.895000 1740.000000 96149.630036 (3,2)
Iteration 514:  11537.005000 1740.000000 96345.127011 (0,0)
Iteration 515:  10936.080000 1738.000000 95896.947597 (0,2)
Iteration 517:  10578.895000 1736.000000 95675.784567 (0,2)
Iteration 519:  9289.555000 1735.000000 95921.226020 (2,3)
Iteration 521:  8992.905000 1735.000000 95789.389647 (1,2)
Iteration 522:  8278.135000 1722.000000 95663.350945 (3,3)
Iteration 523:  7911.060000 1727.000000 95810.455117 (0,0)
Iteration 2531:  7153.470000 1910.000000 95987.628774 (0,3)
Iteration 2538:  6695.740000 1914.000000 103307.621975 (0,0)
Iteration 2545:  6400.705000 1913.000000 104100.326992 (0,2)
Iteration 2546:  6202.130000 1913.000000 104070.799137 (2,3)
Iteration 6150:  5405.035000 1707.000000 100541.160490 (0,3)
Iteration 6151:  5219.190000 1708.000000 100347.073205 (0,2)
Iteration 6154:  5070.500000 1704.000000 100117.459469 (0,3)
Iteration 6157:  5038.075000 1706.000000 100124.852702 (2,3)
Iteration 6159:  5038.075000 1702.000000 100257.142876 (1,3)
Iteration 6189:  4536.675000 1674.000000 109879.359262 (0,3)
Iteration 6191:  4536.675000 1673.000000 109848.867592 (1,3)
Iteration 6193:  4522.215000 1669.000000 108886.571032 (0,3)
Iteration 6195:  4157.690000 1667.000000 108669.517504 (0,3)
Iteration 7077:  4093.745000 1588.000000 110811.972939 (0,3)
Iteration 7079:  3999.745000 1588.000000 110861.594799 (1,3)
Iteration 7746:  3677.580000 1791.000000 110205.052600 (0,3)
Iteration 7760:  3665.040000 1794.000000 109717.760723 (1,3)
Iteration 7799:  3637.955000 1787.000000 116564.646624 (0,3)
Iteration 7803:  3157.380000 1788.000000 116270.140346 (0,2)
Iteration 7820:  3055.190000 1784.000000 121589.419409 (0,3)
Iteration 7839:  2432.615000 1785.000000 121054.337418 (0,3)
Iteration 7846:  2419.615000 1784.000000 121025.910559 (1,3)
Iteration 7859:  2002.690000 1785.000000 119722.510634 (0,2)
Iteration 7877:  1973.765000 1780.000000 120089.691229 (0,3)
Iteration 7885:  1973.765000 1778.000000 120090.336082 (0,3)
Iteration 7887:  1898.115000 1777.000000 120030.206926 (0,3)
Iteration 9335:  1897.990000 1484.000000 121964.852716 (0,3)
Iteration 9341:  1849.140000 1484.000000 121565.343784 (0,2)
Iteration 9354:  1831.065000 1481.000000 120719.210380 (0,3)
Iteration 9355:  1742.490000 1483.000000 121113.077507 (0,3)
Iteration 9361:  1692.600000 1484.000000 120296.857319 (0,2)
Iteration 9397:  1638.080000 1465.000000 120323.517973 (0,3)
Iteration 9411:  1346.730000 1464.000000 120270.968319 (0,3)
Iteration 9417:  1342.155000 1462.000000 120381.834861 (0,3)
Iteration 9426:  1342.155000 1460.000000 120470.931501 (0,3)
Iteration 9448:  1303.265000 1460.000000 119955.684202 (1,3)
Iteration 9449:  1303.190000 1456.000000 119796.030574 (0,3)
Iteration 9474:  1273.530000 1457.000000 119573.598338 (0,3)
Iteration 9489:  1264.265000 1456.000000 119618.059016 (0,3)
Iteration 9492:  1264.265000 1455.000000 119628.443873 (1,3)
Iteration 9496:  1249.655000 1463.000000 119126.025115 (0,2)
Iteration 10563:  1242.380000 1734.000000 107312.567653 (1,2)
Iteration 10574:  1242.380000 1734.000000 107247.951998 (2,3)
Iteration 10650:  1097.995000 1716.000000 103924.041836 (0,3)
Iteration 10690:  961.455000 1712.000000 103144.322092 (1,3)
Iteration 10692:  961.455000 1712.000000 103120.247484 (2,3)
Iteration 10693:  901.805000 1714.000000 102980.050245 (0,3)
Iteration 10696:  901.805000 1714.000000 102931.425561 (2,3)
Iteration 10703:  901.805000 1714.000000 102609.868799 (1,3)
Iteration 10704:  899.230000 1713.000000 102596.028414 (0,3)
Iteration 10706:  899.230000 1713.000000 102596.028414 (1,3)
Iteration 10709:  861.340000 1707.000000 102480.239098 (0,3)
Iteration 10715:  560.990000 1706.000000 102254.867297 (0,2)
Iteration 10720:  528.030000 1700.000000 102234.317954 (0,3)
Iteration 10722:  506.340000 1694.000000 102295.020639 (0,3)
Iteration 10723:  316.065000 1692.000000 102274.305683 (0,3)
Iteration 10886:  270.145000 1653.000000 99766.605901 (1,3)
Iteration 10889:  270.145000 1653.000000 99688.140119 (2,3)
Iteration 10891:  248.995000 1653.000000 99821.875753 (0,3)
Iteration 10915:  190.840000 1649.000000 99731.659025 (0,3)
Iteration 10926:  138.580000 1647.000000 99886.678433 (1,0)
Iteration 10990:  75.265000 1644.000000 99601.191105 (0,0)
Iteration 11002:  75.265000 1642.000000 99447.004923 (0,3)
Iteration 30884:  21.040000 1649.000000 103600.495539 (0,3)
Iteration 30892:  21.040000 1647.000000 103860.796742 (0,3)
Iteration 30896:  10.965000 1645.000000 104305.337426 (0,3)
Iteration 30948:  10.965000 1639.000000 104678.856001 (2,3)
Iteration 30955:  10.965000 1635.000000 104604.032772 (1,3)
Iteration 30959:  10.965000 1635.000000 104567.184577 (1,3)
Iteration 30974:  10.965000 1635.000000 104503.293729 (2,3)
Iteration 30976:  10.965000 1634.000000 104712.972320 (2,3)
Iteration 30980:  10.965000 1629.000000 104402.956429 (0,3)
Iteration 30983:  10.965000 1629.000000 104247.277943 (1,3)
Iteration 31020:  10.965000 1629.000000 104237.552922 (1,2)
Iteration 31021:  10.965000 1629.000000 104227.546122 (2,3)
Iteration 31031:  10.965000 1629.000000 103995.565332 (0,3)
Iteration 31088:  10.965000 1628.000000 104089.740784 (0,3)
Iteration 31101:  10.965000 1626.000000 103945.766386 (0,3)
Iteration 31109:  10.965000 1622.000000 103241.790278 (1,1)
Iteration 31133:  7.890000 1624.000000 103247.173259 (1,0)
Iteration 31143:  7.890000 1624.000000 103245.808567 (1,1)
Iteration 31156:  7.890000 1623.000000 103279.383295 (1,3)
Iteration 31158:  7.890000 1620.000000 104225.540101 (0,3)
Iteration 31173:  7.890000 1618.000000 104521.491190 (0,3)
Iteration 31478:  7.890000 1609.000000 104178.866119 (1,3)
Iteration 31543:  7.890000 1609.000000 104089.139400 (0,3)
Iteration 31545:  7.890000 1608.000000 104038.316727 (1,3)
Iteration 31625:  7.890000 1606.000000 104216.667716 (0,3)
Iteration 31627:  7.890000 1606.000000 104165.574501 (2,3)
Iteration 31639:  7.890000 1604.000000 104485.961076 (1,0)
Iteration 31854:  7.890000 1599.000000 104366.644271 (0,3)
Iteration 31857:  7.890000 1599.000000 104334.766708 (2,3)
Iteration 31892:  7.890000 1594.000000 104414.006483 (0,3)
Iteration 31949:  7.890000 1593.000000 104491.556171 (0,3)
Iteration 31959:  7.890000 1592.000000 104990.637260 (0,3)
Iteration 31986:  7.890000 1590.000000 105575.100291 (0,3)
Iteration 32036:  7.890000 1590.000000 105540.779018 (0,3)
Iteration 32095:  7.890000 1588.000000 105848.743753 (1,3)
Iteration 32118:  7.890000 1586.000000 106430.042435 (0,3)
Iteration 32299:  7.890000 1586.000000 106412.378923 (0,3)
Iteration 32329:  0.000000 1590.000000 105700.725609 (0,0)
Iteration 32338:  0.000000 1590.000000 105591.285294 (2,3)
Iteration 32376:  0.000000 1589.000000 105515.234039 (0,3)
Iteration 32424:  0.000000 1589.000000 105329.095278 (0,3)
Iteration 32516:  0.000000 1587.000000 105610.486826 (0,3)
Iteration 32539:  0.000000 1587.000000 105590.897803 (0,3)
Iteration 32587:  0.000000 1585.000000 105533.388348 (0,3)
Iteration 32593:  0.000000 1584.000000 105518.105478 (0,3)
Iteration 32619:  0.000000 1584.000000 105477.605740 (1,3)
Iteration 32625:  0.000000 1582.000000 105472.113303 (1,2)
Iteration 32739:  0.000000 1580.000000 105302.665047 (0,3)
Iteration 32741:  0.000000 1580.000000 105248.778490 (2,2)
Iteration 32761:  0.000000 1577.000000 105502.259168 (0,3)
Iteration 32764:  0.000000 1577.000000 105502.259168 (1,0)
Iteration 32768:  0.000000 1576.000000 105400.064635 (0,3)
Iteration 32879:  0.000000 1569.000000 105838.395395 (0,3)
Iteration 32886:  0.000000 1569.000000 105824.240857 (1,3)
Iteration 32902:  0.000000 1567.000000 105683.415073 (1,3)
Iteration 32905:  0.000000 1567.000000 105679.510312 (0,3)
Iteration 32920:  0.000000 1567.000000 105614.410865 (1,3)
Iteration 32954:  0.000000 1567.000000 105578.815977 (1,2)
Iteration 32975:  0.000000 1565.000000 105573.378341 (2,2)
Iteration 33014:  0.000000 1565.000000 105537.468964 (1,3)
Iteration 33018:  0.000000 1565.000000 105489.404988 (0,3)
Iteration 33081:  0.000000 1565.000000 105475.182196 (1,3)
Iteration 33090:  0.000000 1565.000000 105463.552223 (2,2)
Iteration 33109:  0.000000 1565.000000 105402.441315 (1,2)
Iteration 33154:  0.000000 1565.000000 105371.082797 (1,3)
Iteration 33176:  0.000000 1565.000000 105362.733963 (1,0)
Iteration 33239:  0.000000 1563.000000 105917.534043 (0,3)
Iteration 33260:  0.000000 1562.000000 106160.892963 (0,3)
Iteration 33522:  0.000000 1561.000000 106604.357321 (1,3)
Iteration 33557:  0.000000 1559.000000 106720.379148 (0,3)
Iteration 33607:  0.000000 1559.000000 106711.286394 (0,3)
Iteration 33715:  0.000000 1559.000000 106611.926211 (0,3)
Iteration 33725:  0.000000 1558.000000 106681.250225 (1,1)
Iteration 33782:  0.000000 1557.000000 106751.069286 (0,3)
Iteration 33827:  0.000000 1557.000000 106727.546016 (0,3)
Iteration 33828:  0.000000 1557.000000 106725.155916 (0,3)
Iteration 33845:  0.000000 1556.000000 106744.572246 (0,3)
Iteration 33862:  0.000000 1555.000000 106892.241834 (0,3)
Iteration 34049:  0.000000 1555.000000 106522.481140 (0,3)
Iteration 34051:  0.000000 1555.000000 106495.184360 (0,3)
Iteration 34157:  0.000000 1555.000000 106485.626555 (1,3)
Iteration 34203:  0.000000 1554.000000 106556.027440 (0,3)
Iteration 34217:  0.000000 1554.000000 106542.397169 (1,2)
Iteration 34241:  0.000000 1552.000000 106437.217880 (0,3)
Iteration 34313:  0.000000 1551.000000 106403.078098 (0,3)
Iteration 34351:  0.000000 1549.000000 106509.446647 (0,3)
Iteration 34449:  0.000000 1549.000000 106360.159277 (0,1)
Iteration 34578:  0.000000 1549.000000 106345.904754 (0,3)
Iteration 34663:  0.000000 1549.000000 106328.018408 (0,3)
Iteration 34683:  0.000000 1549.000000 106306.747653 (0,3)
Iteration 34748:  0.000000 1548.000000 106261.900475 (0,3)
Iteration 34832:  0.000000 1547.000000 106695.094210 (0,3)
Iteration 34943:  0.000000 1547.000000 106632.862632 (0,3)
Iteration 35136:  0.000000 1547.000000 106554.706521 (0,3)
Iteration 35386:  0.000000 1545.000000 106420.476195 (0,3)
Iteration 35478:  0.000000 1542.000000 107344.530080 (0,3)
Iteration 35513:  0.000000 1542.000000 107258.955106 (0,3)
Iteration 35734:  0.000000 1541.000000 107323.365597 (0,3)
Iteration 35834:  0.000000 1541.000000 107188.423582 (0,3)
Iteration 35845:  0.000000 1540.000000 107240.896555 (0,3)
Iteration 35934:  0.000000 1540.000000 107230.249887 (1,3)
Iteration 36089:  0.000000 1540.000000 107210.399489 (1,3)
Iteration 36148:  0.000000 1540.000000 107198.818479 (0,3)
Iteration 36205:  0.000000 1540.000000 107150.161569 (1,3)
Iteration 36394:  0.000000 1540.000000 107103.037287 (0,3)
Iteration 36785:  0.000000 1539.000000 107089.108362 (0,3)
Iteration 36795:  0.000000 1539.000000 106991.327683 (0,3)
total iterations: 84726, time elapsed: 3600.00s
Destroy operator: destroy_random_leafs, Weight: 0.1817, Score: 6235.30, Count: 34444
Destroy operator: destroy_path, Weight: 0.1171, Score: 2612.45, Count: 22372
Destroy operator: destroy_worst_affinity, Weight: 0.0812, Score: 1272.85, Count: 15676
Destroy operator: destroy_district_group, Weight: 0.0611, Score: 747.90, Count: 12233
Repair operator: repair_greedy_feasible, Weight: 0.0791, Score: 1231.55, Count: 15596
Repair operator: repair_affinity_compact, Weight: 0.0769, Score: 1099.40, Count: 14334
Repair operator: repair_nearest_center, Weight: 0.0911, Score: 1698.50, Count: 18682
Repair operator: repair_2regret, Weight: 0.1900, Score: 6839.05, Count: 36113
