Initial solution objectives: Balance violation = 13328.5525, Affinity loss = 905, Compactness = 44645.3690
Iteration 1:  13119.070000 903.000000 44732.881958 (0,1)
Iteration 3536:  13116.350000 832.000000 46687.264114 (2,3)
Iteration 3540:  13036.272500 834.000000 46562.893937 (1,0)
Iteration 4042:  12120.122500 934.000000 48839.007397 (0,3)
Iteration 4045:  11901.915000 930.000000 48836.214931 (0,1)
Iteration 4048:  11848.342500 927.000000 48925.104583 (0,3)
Iteration 4062:  10903.472500 924.000000 49272.436125 (0,3)
Iteration 4063:  10024.172500 924.000000 49675.135273 (0,3)
Iteration 4064:  9924.575000 924.000000 49800.726858 (0,0)
Iteration 4086:  9205.857500 921.000000 51316.831741 (0,3)
Iteration 4096:  7924.722500 919.000000 51486.858652 (0,3)
Iteration 4107:  7506.025000 897.000000 50212.896587 (0,3)
Iteration 4112:  7443.355000 898.000000 50360.695595 (1,2)
Iteration 4113:  6755.437500 898.000000 50850.738067 (0,3)
Iteration 4117:  6396.487500 896.000000 50684.521943 (0,3)
Iteration 4121:  5919.640000 896.000000 50605.070532 (0,3)
Iteration 4130:  5814.422500 896.000000 50477.196936 (0,3)
Iteration 4131:  5732.967500 894.000000 50395.517986 (1,1)
Iteration 4132:  5634.797500 894.000000 50444.094285 (0,3)
Iteration 4133:  5555.797500 894.000000 50510.110242 (0,3)
Iteration 4134:  5476.430000 894.000000 50327.907424 (0,3)
Iteration 4136:  5468.430000 894.000000 50362.455227 (2,3)
Iteration 4782:  4809.357500 938.000000 46462.859529 (0,3)
Iteration 5874:  4781.012500 830.000000 53216.641804 (0,3)
Iteration 5883:  4741.090000 828.000000 53330.545293 (0,3)
Iteration 5887:  4677.602500 828.000000 52937.879834 (0,3)
Iteration 5892:  4495.137500 826.000000 53313.139433 (0,3)
Iteration 5905:  4390.890000 827.000000 53003.426390 (0,3)
Iteration 5908:  4153.260000 826.000000 52897.077308 (0,3)
Iteration 5913:  4093.237500 826.000000 52776.656755 (0,3)
Iteration 5925:  4010.782500 821.000000 53698.119368 (0,3)
Iteration 8650:  3186.927500 837.000000 48369.948425 (0,3)
Iteration 8651:  3003.745000 836.000000 48295.717910 (0,0)
Iteration 8652:  2913.557500 836.000000 48334.562161 (2,3)
Iteration 8653:  2901.350000 835.000000 48241.472276 (0,3)
Iteration 8667:  2805.312500 837.000000 48161.604748 (0,3)
Iteration 8670:  2780.625000 839.000000 48263.542050 (0,3)
Iteration 8674:  2692.450000 839.000000 48234.841448 (2,3)
Iteration 8710:  2610.395000 835.000000 48976.124437 (0,3)
Iteration 8712:  2575.582500 836.000000 49169.982719 (0,3)
Iteration 8724:  2560.660000 836.000000 49222.628680 (0,3)
Iteration 8726:  2529.472500 838.000000 49291.609321 (0,3)
Iteration 8751:  2516.815000 837.000000 48997.635813 (0,3)
Iteration 8762:  2498.227500 835.000000 48763.871819 (0,3)
Iteration 8767:  2472.597500 835.000000 48715.680684 (0,3)
Iteration 8862:  2413.065000 834.000000 49139.757557 (0,0)
Iteration 8863:  2397.672500 832.000000 49304.896686 (0,0)
Iteration 8881:  2360.362500 830.000000 48907.657622 (0,3)
Iteration 8915:  2275.672500 832.000000 49102.052947 (0,3)
Iteration 8929:  2272.670000 831.000000 49531.915405 (0,0)
Iteration 8930:  2229.062500 832.000000 49501.776683 (0,2)
Iteration 8951:  2210.085000 833.000000 49477.872802 (0,3)
Iteration 8999:  2184.502500 830.000000 49747.158667 (0,3)
Iteration 9024:  2176.325000 832.000000 50103.989480 (0,0)
Iteration 9056:  2020.077500 832.000000 50693.126667 (0,3)
Iteration 9094:  1919.055000 832.000000 50866.803157 (0,0)
Iteration 9187:  1818.707500 840.000000 51302.898016 (0,3)
Iteration 9191:  1814.730000 840.000000 51330.171764 (0,3)
Iteration 9193:  1679.127500 840.000000 51303.791225 (0,3)
Iteration 9212:  1673.605000 839.000000 51505.643121 (0,3)
Iteration 9248:  1422.575000 839.000000 51209.694357 (0,3)
Iteration 9253:  1418.575000 839.000000 51180.502154 (0,3)
Iteration 9268:  1412.575000 839.000000 51127.368516 (0,3)
Iteration 9270:  1391.392500 839.000000 51122.046753 (0,3)
Iteration 9271:  1309.580000 839.000000 51199.782153 (0,3)
Iteration 9331:  1276.822500 836.000000 51336.859597 (0,3)
Iteration 9730:  1172.802500 836.000000 51204.234253 (0,3)
Iteration 9903:  1143.832500 834.000000 50854.207321 (0,0)
Iteration 9919:  827.460000 840.000000 51040.621879 (0,3)
Iteration 9927:  760.272500 839.000000 51051.656515 (2,3)
Iteration 9930:  760.272500 839.000000 50915.803278 (0,3)
Iteration 10002:  567.245000 835.000000 51247.119451 (0,3)
Iteration 10003:  438.930000 835.000000 51270.632632 (0,3)
Iteration 10007:  401.085000 834.000000 51139.704959 (0,3)
Iteration 10034:  394.580000 833.000000 51261.393494 (0,3)
Iteration 10035:  382.580000 833.000000 51359.563274 (0,3)
Iteration 10044:  375.282500 835.000000 51596.772979 (0,0)
Iteration 10050:  315.932500 834.000000 51662.305562 (0,3)
Iteration 18483:  307.092500 913.000000 54892.753679 (2,3)
Iteration 18497:  272.905000 914.000000 54792.560911 (0,3)
Iteration 18594:  264.427500 914.000000 54907.997526 (1,2)
Iteration 18910:  210.427500 914.000000 55003.725280 (0,0)
Iteration 18955:  198.427500 914.000000 54953.577845 (0,3)
Iteration 19044:  188.427500 915.000000 54987.650568 (0,3)
Iteration 19066:  183.217500 915.000000 54980.839862 (0,3)
Iteration 19268:  182.217500 914.000000 54979.767913 (0,3)
Iteration 19291:  179.295000 915.000000 55059.866032 (1,3)
Iteration 19302:  174.607500 913.000000 55076.708798 (0,3)
Iteration 19379:  137.020000 913.000000 55730.663141 (0,0)
Iteration 19399:  135.020000 913.000000 55716.680678 (0,3)
Iteration 19466:  130.020000 913.000000 55693.479914 (0,3)
Iteration 19530:  112.497500 913.000000 55563.786283 (0,3)
Iteration 19819:  111.420000 913.000000 55488.007192 (0,3)
Iteration 19831:  111.420000 913.000000 55472.979858 (0,3)
Iteration 19842:  103.630000 912.000000 55434.845892 (0,3)
Iteration 19861:  100.240000 914.000000 55457.293162 (1,2)
Iteration 19890:  93.240000 914.000000 55471.550177 (0,3)
Iteration 19916:  84.162500 913.000000 55391.452058 (0,3)
Iteration 19924:  70.865000 911.000000 55303.925685 (0,3)
Iteration 19938:  70.865000 911.000000 55289.668670 (1,2)
Iteration 19954:  70.865000 911.000000 55279.058307 (0,3)
Iteration 20035:  68.630000 912.000000 55205.892407 (0,3)
Iteration 20115:  64.552500 910.000000 55194.905463 (0,3)
Iteration 20310:  63.942500 911.000000 55578.199396 (0,3)
Iteration 20311:  63.942500 911.000000 55491.072310 (0,3)
Iteration 20315:  63.942500 911.000000 55435.557007 (0,3)
Iteration 20635:  63.942500 911.000000 55381.886489 (0,3)
total iterations: 266161, time elapsed: 3600.00s
Destroy operator: destroy_random_leafs, Weight: 0.2445, Score: 31448.30, Count: 128700
Destroy operator: destroy_path, Weight: 0.1053, Score: 5864.60, Count: 55704
Destroy operator: destroy_worst_affinity, Weight: 0.0910, Score: 4379.65, Count: 48125
Destroy operator: destroy_district_group, Weight: 0.0624, Score: 2100.50, Count: 33631
Repair operator: repair_greedy_feasible, Weight: 0.0958, Score: 5000.70, Count: 52238
Repair operator: repair_affinity_compact, Weight: 0.0735, Score: 2984.10, Count: 40594
Repair operator: repair_nearest_center, Weight: 0.0782, Score: 3298.70, Count: 42185
Repair operator: repair_2regret, Weight: 0.2481, Score: 32509.55, Count: 131143
