Initial solution objectives: Balance violation = 27217.5820, Affinity loss = 966, Compactness = 26536.0010
Iteration 0:  26772.662000 966.000000 26535.257841 (3,1)
Iteration 1503:  24611.463000 977.000000 27623.734178 (0,2)
Iteration 1504:  24070.344000 977.000000 27700.209515 (0,0)
Iteration 1507:  24050.158000 976.000000 27560.706096 (3,2)
Iteration 2008:  22611.023000 959.000000 25933.632651 (2,2)
Iteration 2014:  21976.879000 957.000000 31217.523371 (3,0)
Iteration 13057:  20071.825000 970.000000 25602.255435 (3,2)
Iteration 15061:  18467.660000 946.000000 26349.021292 (0,3)
Iteration 15065:  17105.782000 940.000000 26577.023674 (3,1)
Iteration 15067:  15979.614000 941.000000 26672.091437 (0,3)
Iteration 15071:  15049.534000 941.000000 26578.652085 (3,2)
Iteration 30792:  15038.895000 976.000000 26993.352428 (0,3)
Iteration 30796:  15013.856000 976.000000 26996.073125 (0,3)
Iteration 30805:  14403.309000 976.000000 26998.065719 (3,3)
Iteration 30809:  14377.389000 976.000000 26951.907604 (3,3)
Iteration 30810:  14045.911000 976.000000 26993.995366 (0,3)
Iteration 30814:  13933.206000 976.000000 27010.179518 (0,3)
Iteration 30818:  13831.472000 976.000000 26966.533253 (0,3)
Iteration 30823:  13440.740000 976.000000 27092.174813 (0,3)
Iteration 30833:  13092.621000 976.000000 27150.937038 (0,3)
Iteration 30866:  13014.434000 977.000000 27186.029391 (3,2)
Iteration 137694:  12622.058000 927.000000 27498.158157 (0,3)
Iteration 137699:  12451.470000 928.000000 27383.179729 (1,2)
Iteration 137722:  12426.269000 929.000000 27394.469712 (0,3)
Iteration 137736:  11931.575000 929.000000 29692.595648 (3,0)
Iteration 141934:  11555.943000 969.000000 27769.985306 (0,1)
Iteration 141943:  11541.023000 969.000000 27778.372179 (2,3)
Iteration 141948:  11494.716000 969.000000 27738.069098 (1,3)
Iteration 141958:  11240.050000 969.000000 27746.557220 (0,3)
Iteration 141959:  11224.050000 969.000000 27708.634672 (0,3)
Iteration 141961:  11055.357000 969.000000 27677.818815 (0,3)
Iteration 141991:  11048.451000 969.000000 27722.446379 (0,3)
Iteration 142003:  10753.488000 969.000000 27666.226921 (0,3)
Iteration 142017:  10384.502000 965.000000 27562.318864 (3,3)
Iteration 142048:  10331.063000 965.000000 27646.938811 (0,0)
Iteration 142060:  10111.797000 965.000000 27655.762427 (1,3)
Iteration 142086:  9317.037000 978.000000 33063.274880 (3,0)
total iterations: 269094, time elapsed: 3600.01s
Destroy operator: destroy_random_leafs, Weight: 0.0653, Score: 4806.60, Count: 73594
Destroy operator: destroy_path, Weight: 0.0548, Score: 3302.30, Count: 60296
Destroy operator: destroy_worst_affinity, Weight: 0.0555, Score: 3481.90, Count: 62695
Destroy operator: destroy_district_group, Weight: 0.0645, Score: 4676.60, Count: 72508
Repair operator: repair_greedy_feasible, Weight: 0.0597, Score: 3932.10, Count: 65911
Repair operator: repair_affinity_compact, Weight: 0.0552, Score: 3421.15, Count: 62008
Repair operator: repair_nearest_center, Weight: 0.0574, Score: 3746.10, Count: 65242
Repair operator: repair_2regret, Weight: 0.0681, Score: 5168.05, Count: 75932
