Initial solution objectives: Balance violation = 19828.3040, Affinity loss = 966, Compactness = 26925.3824
Iteration 1:  19590.106000 964.000000 26955.328750 (3,1)
Iteration 3010:  19013.852000 947.000000 27902.410837 (3,3)
Iteration 3012:  18672.490000 945.000000 28375.838008 (0,0)
Iteration 3016:  18435.640000 946.000000 28501.847355 (0,0)
Iteration 6600:  17940.000000 953.000000 28260.022468 (0,3)
Iteration 6606:  17785.210000 951.000000 29038.554115 (0,3)
Iteration 6607:  17385.008000 951.000000 28880.336987 (0,1)
Iteration 6615:  16928.378000 950.000000 29166.401070 (0,3)
Iteration 6619:  16073.584000 950.000000 29068.218634 (0,3)
Iteration 6640:  15737.814000 951.000000 29080.489097 (0,3)
Iteration 6653:  14929.094000 951.000000 29221.592003 (0,3)
Iteration 6685:  14761.490000 950.000000 28973.989047 (0,3)
Iteration 6693:  14211.356000 950.000000 29172.759403 (1,3)
Iteration 7665:  13464.508000 932.000000 29637.250017 (0,3)
Iteration 7667:  12812.352000 932.000000 29610.713590 (0,3)
Iteration 7674:  12761.124000 932.000000 29500.435540 (0,3)
Iteration 7675:  12550.882000 932.000000 29625.668053 (0,0)
Iteration 7679:  12511.476000 933.000000 29554.544025 (0,0)
Iteration 7686:  12009.576000 933.000000 29492.950327 (0,3)
Iteration 7687:  11854.706000 933.000000 30262.687062 (1,0)
Iteration 7689:  11852.830000 933.000000 30216.309595 (1,2)
Iteration 7703:  11412.528000 934.000000 30344.074238 (0,3)
Iteration 7705:  11314.678000 934.000000 29958.469400 (0,3)
Iteration 7715:  11039.116000 936.000000 29767.185436 (3,3)
Iteration 7722:  10909.732000 936.000000 29475.709556 (0,3)
Iteration 7726:  10714.698000 936.000000 29502.681202 (1,3)
Iteration 7732:  10538.004000 936.000000 29694.893712 (0,3)
Iteration 8420:  10526.586000 982.000000 27900.444770 (0,3)
Iteration 8422:  10455.034000 982.000000 27946.131499 (0,3)
Iteration 8430:  10147.704000 982.000000 27988.155559 (0,3)
Iteration 8434:  10125.372000 982.000000 27971.200001 (0,3)
Iteration 8436:  10053.786000 982.000000 27925.999934 (0,3)
Iteration 8488:  9934.746000 983.000000 28511.073255 (0,3)
Iteration 8518:  9598.722000 983.000000 28823.404428 (0,3)
Iteration 8559:  9537.236000 982.000000 28801.712112 (0,3)
Iteration 8560:  9502.672000 982.000000 28878.747031 (0,3)
Iteration 8563:  9467.750000 982.000000 28889.364103 (0,3)
Iteration 8576:  9226.200000 980.000000 30289.144523 (0,0)
Iteration 8581:  8984.642000 980.000000 30437.494738 (0,3)
Iteration 8873:  8790.542000 979.000000 30005.071108 (0,3)
Iteration 8881:  8278.520000 978.000000 29959.438694 (0,3)
Iteration 8882:  8266.136000 978.000000 29899.432135 (0,3)
Iteration 8887:  8238.860000 978.000000 29902.687841 (0,3)
Iteration 8891:  8205.296000 978.000000 29894.299714 (0,3)
Iteration 9063:  8115.796000 978.000000 29764.245623 (0,3)
Iteration 9065:  8030.438000 978.000000 29822.198288 (0,3)
Iteration 9067:  7996.668000 978.000000 29821.751509 (0,3)
Iteration 9082:  7994.896000 978.000000 29942.200479 (0,3)
Iteration 9127:  7968.438000 978.000000 29993.097334 (0,3)
Iteration 9344:  7964.364000 980.000000 30288.091199 (1,2)
Iteration 9354:  7807.514000 980.000000 30332.670256 (0,3)
Iteration 9358:  7621.800000 981.000000 30297.465083 (0,0)
Iteration 9360:  7520.572000 981.000000 30250.059742 (0,0)
Iteration 9369:  7499.110000 981.000000 30197.023172 (0,3)
Iteration 9376:  7493.676000 981.000000 30237.128601 (0,3)
Iteration 9383:  7460.398000 979.000000 30237.198433 (0,3)
Iteration 9411:  7422.576000 977.000000 30149.224249 (2,3)
Iteration 9417:  7391.812000 977.000000 30108.383587 (0,3)
Iteration 9424:  7381.890000 977.000000 30123.360169 (1,3)
Iteration 9444:  7346.760000 977.000000 30208.297719 (0,3)
Iteration 9447:  7252.352000 977.000000 30190.158284 (0,3)
Iteration 9479:  7131.732000 977.000000 30153.881761 (1,3)
Iteration 9483:  7045.374000 977.000000 30223.003053 (0,3)
Iteration 9489:  7029.580000 977.000000 30097.960076 (0,3)
Iteration 9492:  7025.814000 977.000000 30194.532525 (0,3)
Iteration 9697:  7018.668000 976.000000 30044.795627 (0,3)
Iteration 10097:  7012.466000 973.000000 31037.804038 (0,3)
Iteration 10109:  7000.900000 973.000000 31086.284313 (0,3)
Iteration 10154:  6982.950000 973.000000 30875.349312 (0,3)
Iteration 10159:  6904.872000 973.000000 31013.343939 (1,3)
Iteration 11561:  6801.054000 917.000000 30908.128372 (1,3)
Iteration 11589:  6733.026000 917.000000 30853.240020 (0,3)
Iteration 11601:  6703.232000 917.000000 30911.331914 (0,3)
Iteration 11617:  6676.232000 917.000000 31076.894672 (0,3)
Iteration 11622:  6628.998000 918.000000 31137.655348 (0,3)
Iteration 11638:  6533.434000 918.000000 31043.574669 (0,3)
Iteration 11726:  6450.134000 920.000000 31135.502166 (0,3)
Iteration 11738:  6405.440000 920.000000 31108.371146 (0,3)
Iteration 11741:  6327.848000 920.000000 30964.424649 (1,2)
Iteration 11742:  6127.972000 920.000000 31160.244452 (0,3)
Iteration 11760:  5982.614000 920.000000 31106.982570 (0,3)
Iteration 11766:  5974.614000 920.000000 31024.497951 (0,3)
Iteration 11778:  5910.614000 920.000000 31158.503592 (0,3)
Iteration 11784:  5792.770000 920.000000 31297.216793 (1,3)
Iteration 11801:  5775.536000 920.000000 31207.360039 (0,3)
Iteration 11832:  5692.328000 920.000000 31320.872782 (0,3)
Iteration 11865:  5620.234000 920.000000 31234.534174 (0,3)
Iteration 11878:  5303.234000 921.000000 31281.833180 (0,3)
Iteration 11888:  5219.152000 921.000000 31260.681439 (0,3)
Iteration 11890:  5043.692000 922.000000 31203.505512 (0,3)
Iteration 12165:  4880.444000 919.000000 31755.211453 (0,3)
Iteration 12300:  4849.932000 917.000000 31616.969810 (0,3)
Iteration 12336:  4845.646000 919.000000 31557.409010 (0,0)
Iteration 12348:  4725.238000 919.000000 31549.302878 (0,3)
Iteration 12377:  4709.238000 918.000000 31434.153166 (0,3)
Iteration 12401:  4700.936000 918.000000 31349.831219 (0,3)
Iteration 12486:  4621.730000 917.000000 31380.612271 (0,3)
Iteration 12663:  4612.016000 916.000000 31408.371376 (0,0)
Iteration 12665:  4575.250000 916.000000 31428.283670 (2,3)
Iteration 12696:  4552.430000 917.000000 31413.499460 (1,3)
Iteration 12718:  4509.686000 916.000000 31549.751406 (0,3)
Iteration 12726:  4502.266000 916.000000 31580.733009 (1,3)
Iteration 12732:  4465.746000 917.000000 31580.411072 (0,3)
Iteration 12733:  4434.952000 917.000000 31643.066108 (2,3)
Iteration 12767:  4401.314000 916.000000 31622.258840 (0,3)
Iteration 12779:  4384.086000 916.000000 31612.861849 (0,3)
Iteration 12901:  4383.314000 916.000000 31637.407851 (0,3)
Iteration 12922:  4353.550000 915.000000 31728.611733 (0,3)
Iteration 12948:  4348.350000 915.000000 31808.138736 (0,3)
Iteration 12972:  4331.116000 915.000000 31718.281982 (0,3)
Iteration 12980:  4298.344000 915.000000 31688.089528 (0,3)
Iteration 13037:  4276.752000 915.000000 31699.987718 (1,0)
Iteration 13046:  4192.524000 916.000000 31667.663784 (0,3)
Iteration 13245:  4178.904000 919.000000 32016.661733 (0,3)
Iteration 13255:  4142.910000 919.000000 31909.054463 (0,3)
Iteration 13338:  4080.708000 919.000000 31972.894997 (0,3)
Iteration 13367:  4057.014000 919.000000 32015.282236 (0,3)
Iteration 13389:  4049.366000 918.000000 32033.118237 (0,0)
Iteration 13390:  3947.728000 917.000000 32028.550301 (0,3)
Iteration 13661:  3933.216000 919.000000 32006.393925 (0,3)
Iteration 13673:  3912.222000 919.000000 32084.064821 (0,0)
Iteration 13899:  3910.422000 919.000000 31972.625056 (0,3)
Iteration 14138:  3883.624000 919.000000 31992.700855 (0,0)
Iteration 14312:  3882.428000 917.000000 32089.591891 (0,3)
Iteration 14334:  3882.428000 916.000000 31945.125600 (0,3)
Iteration 14442:  3807.046000 917.000000 32276.067202 (0,3)
Iteration 14447:  3807.046000 916.000000 32131.600911 (0,3)
Iteration 14492:  3797.870000 916.000000 32097.352991 (0,3)
Iteration 14505:  3796.222000 916.000000 31952.075231 (0,3)
Iteration 14510:  3783.250000 917.000000 32250.979374 (0,0)
Iteration 14529:  3783.250000 916.000000 32106.513083 (0,3)
Iteration 14644:  3782.514000 916.000000 32088.392148 (0,1)
Iteration 14732:  3781.228000 916.000000 32037.019322 (0,0)
Iteration 14820:  3774.256000 915.000000 32080.588076 (0,3)
Iteration 14882:  3774.256000 915.000000 31954.908324 (0,3)
Iteration 14932:  3765.692000 915.000000 32064.840878 (0,0)
Iteration 14947:  3756.334000 913.000000 32080.800881 (0,3)
Iteration 14968:  3726.506000 913.000000 32146.357051 (0,3)
Iteration 15181:  3724.864000 912.000000 32154.522394 (0,3)
Iteration 15191:  3701.994000 914.000000 32138.562391 (1,3)
Iteration 15199:  3695.706000 908.000000 31556.436939 (3,3)
Iteration 15203:  3647.936000 906.000000 31496.631861 (0,3)
Iteration 15305:  3628.858000 906.000000 31527.696626 (0,3)
Iteration 15325:  3603.680000 906.000000 31553.339818 (1,0)
Iteration 15481:  3521.936000 906.000000 31658.721959 (0,3)
Iteration 15508:  3381.786000 906.000000 31660.782758 (0,3)
Iteration 15552:  3372.222000 906.000000 31649.650068 (0,3)
Iteration 15556:  3369.298000 905.000000 31683.512185 (0,3)
Iteration 15604:  3265.940000 905.000000 31623.157380 (0,3)
Iteration 15684:  3265.270000 906.000000 31755.314022 (0,3)
Iteration 15703:  3264.582000 906.000000 31824.476769 (0,0)
Iteration 15759:  3258.324000 906.000000 31645.772614 (0,3)
Iteration 15762:  3159.072000 906.000000 31706.437968 (0,3)
Iteration 15858:  3150.968000 906.000000 31549.396893 (0,3)
Iteration 16042:  3109.310000 906.000000 31559.287045 (0,3)
Iteration 16094:  3086.818000 906.000000 31449.454640 (0,3)
Iteration 16104:  3070.700000 906.000000 31490.241245 (0,3)
Iteration 16125:  3018.192000 906.000000 31668.945400 (0,3)
Iteration 16140:  2986.700000 906.000000 31683.288225 (0,3)
Iteration 16141:  2956.642000 907.000000 31618.117197 (0,3)
Iteration 16150:  2935.566000 907.000000 31647.918725 (0,3)
Iteration 16417:  2934.878000 907.000000 31717.081472 (0,3)
Iteration 16648:  2904.566000 907.000000 31678.399919 (0,0)
Iteration 16687:  2880.000000 907.000000 31764.943867 (0,3)
Iteration 16890:  2874.794000 907.000000 31773.121477 (0,3)
Iteration 16958:  2874.022000 907.000000 31797.667479 (0,0)
Iteration 17046:  2873.334000 907.000000 31866.830226 (0,0)
total iterations: 252021, time elapsed: 3600.03s
Destroy operator: destroy_random_leafs, Weight: 0.2714, Score: 33049.60, Count: 121785
Destroy operator: destroy_path, Weight: 0.1098, Score: 5587.45, Count: 50923
Destroy operator: destroy_worst_affinity, Weight: 0.0862, Score: 3439.55, Count: 39918
Destroy operator: destroy_district_group, Weight: 0.0828, Score: 3261.55, Count: 39394
Repair operator: repair_greedy_feasible, Weight: 0.1040, Score: 5368.95, Count: 51621
Repair operator: repair_affinity_compact, Weight: 0.0706, Score: 2496.45, Count: 35344
Repair operator: repair_nearest_center, Weight: 0.0727, Score: 2620.70, Count: 36024
Repair operator: repair_2regret, Weight: 0.2702, Score: 34852.05, Count: 129031
