Initial solution objectives: Balance violation = 39318.0220, Affinity loss = 1924, Compactness = 59423.7563
Iteration 501:  33402.301000 1919.000000 59030.678154 (0,0)
Iteration 503:  32657.001000 1912.000000 58615.477856 (3,3)
Iteration 504:  30276.050000 1912.000000 58780.960252 (0,3)
Iteration 505:  28813.800000 1908.000000 59802.109406 (3,3)
Iteration 6043:  28436.345000 1818.000000 61356.669254 (2,3)
Iteration 6045:  27702.125000 1821.000000 61755.952425 (0,0)
Iteration 6047:  26305.818000 1827.000000 61710.900259 (3,3)
Iteration 6048:  26022.218000 1827.000000 61705.552049 (1,3)
Iteration 6049:  24301.527000 1829.000000 61616.655574 (0,3)
Iteration 6050:  24229.527000 1830.000000 61675.583404 (1,0)
Iteration 6067:  22276.419000 1832.000000 61868.578934 (3,3)
Iteration 6068:  21435.491000 1832.000000 62041.903765 (0,3)
Iteration 6110:  21165.424000 1824.000000 60527.342881 (0,3)
Iteration 6225:  20602.114000 1785.000000 63048.376522 (0,3)
Iteration 6239:  20043.394000 1775.000000 63213.351435 (0,2)
Iteration 6244:  18465.565000 1776.000000 63178.151471 (0,3)
Iteration 6247:  17243.198000 1778.000000 62966.652697 (3,3)
Iteration 6900:  16952.593000 1900.000000 61966.103827 (0,3)
Iteration 6902:  16883.448000 1900.000000 62440.327138 (0,3)
Iteration 8249:  16807.838000 1884.000000 63110.259749 (0,3)
Iteration 8259:  15995.838000 1885.000000 63731.056654 (0,3)
Iteration 8274:  15239.824000 1885.000000 64349.311925 (0,3)
Iteration 8275:  15219.354000 1888.000000 64189.185191 (0,0)
Iteration 8310:  15216.192000 1888.000000 64308.658216 (0,2)
Iteration 8311:  14899.613000 1887.000000 64385.727786 (0,3)
Iteration 8313:  14796.884000 1887.000000 64831.123379 (2,3)
Iteration 8314:  14100.471000 1884.000000 64993.474740 (0,3)
Iteration 8349:  13547.994000 1880.000000 64585.105749 (0,3)
Iteration 8351:  12929.320000 1879.000000 64715.734435 (0,3)
Iteration 8354:  12897.320000 1879.000000 64774.347117 (1,3)
Iteration 8355:  12457.342000 1879.000000 65126.233866 (0,3)
Iteration 8358:  12386.390000 1881.000000 65026.703345 (0,3)
Iteration 8359:  11795.011000 1883.000000 64854.624344 (0,3)
Iteration 8362:  11610.326000 1883.000000 65048.689510 (0,3)
Iteration 8369:  11579.363000 1883.000000 65039.222831 (1,1)
Iteration 8371:  10982.598000 1885.000000 65096.273084 (0,3)
Iteration 8443:  10762.036000 1883.000000 67041.437590 (0,3)
Iteration 8490:  10603.155000 1886.000000 67229.757563 (0,3)
Iteration 8491:  10584.637000 1885.000000 67351.259907 (1,3)
Iteration 8492:  10438.200000 1884.000000 67313.854180 (0,3)
Iteration 8493:  9600.632000 1884.000000 67089.253236 (0,3)
Iteration 8512:  9570.029000 1885.000000 66707.103690 (0,3)
Iteration 8516:  9483.701000 1885.000000 66794.007414 (0,3)
Iteration 8519:  9179.292000 1886.000000 66922.621460 (0,3)
Iteration 8523:  9115.445000 1886.000000 66877.305894 (0,3)
Iteration 8532:  9100.469000 1884.000000 67336.214099 (1,3)
Iteration 8563:  9054.795000 1881.000000 67635.406218 (0,3)
Iteration 8565:  8838.430000 1883.000000 67689.857274 (0,3)
Iteration 8567:  8835.195000 1883.000000 67651.437046 (0,3)
Iteration 8568:  8693.302000 1884.000000 67477.508127 (0,3)
Iteration 8580:  8475.822000 1884.000000 68317.847998 (0,3)
Iteration 8585:  8213.987000 1884.000000 67736.840580 (0,3)
Iteration 8591:  7904.539000 1884.000000 67795.281932 (0,3)
Iteration 8592:  7803.527000 1884.000000 67812.872212 (1,0)
Iteration 8594:  7691.409000 1884.000000 68299.334039 (0,3)
Iteration 8600:  6880.469000 1886.000000 68266.423457 (0,3)
Iteration 8603:  6765.951000 1886.000000 68179.294592 (0,3)
Iteration 8864:  6406.941000 1873.000000 65762.078365 (0,3)
Iteration 8875:  6056.704000 1873.000000 65849.169600 (0,3)
Iteration 8881:  6018.353000 1873.000000 65873.693169 (0,3)
Iteration 8900:  5595.957000 1872.000000 66203.921320 (0,3)
Iteration 8917:  5445.944000 1872.000000 66155.330894 (0,3)
Iteration 8918:  5386.579000 1872.000000 66236.827670 (0,3)
Iteration 8923:  5338.084000 1874.000000 66347.238746 (0,3)
Iteration 8925:  5335.930000 1873.000000 66205.460271 (0,3)
Iteration 8951:  5169.456000 1871.000000 66076.676564 (0,3)
Iteration 8953:  5166.068000 1871.000000 66163.404359 (2,3)
Iteration 8974:  5063.255000 1872.000000 68331.757207 (1,3)
Iteration 8983:  5047.328000 1872.000000 68349.810164 (0,3)
Iteration 8992:  4984.846000 1873.000000 68427.600221 (0,3)
Iteration 8993:  4767.728000 1874.000000 68712.335973 (0,3)
Iteration 9082:  4661.913000 1873.000000 68546.941996 (0,3)
Iteration 9087:  4388.524000 1876.000000 68924.448932 (0,3)
Iteration 9092:  4312.525000 1876.000000 69002.769653 (0,3)
Iteration 9093:  4215.611000 1874.000000 69051.476162 (0,3)
Iteration 9095:  4185.294000 1874.000000 69226.195145 (0,3)
Iteration 9097:  4051.479000 1874.000000 68916.336886 (0,3)
Iteration 9102:  3764.528000 1873.000000 68751.788677 (0,3)
Iteration 9352:  3679.358000 1865.000000 68413.040251 (0,3)
Iteration 9411:  3660.150000 1867.000000 68016.897339 (0,3)
Iteration 9444:  3639.801000 1867.000000 68767.945485 (0,3)
Iteration 9455:  3627.352000 1867.000000 68750.427167 (2,3)
Iteration 9471:  3470.119000 1869.000000 68599.124949 (0,3)
Iteration 9473:  3367.152000 1869.000000 68959.962946 (0,3)
Iteration 9475:  3296.468000 1869.000000 68850.036955 (0,3)
Iteration 9477:  3227.938000 1869.000000 68859.960481 (2,3)
Iteration 9478:  3078.752000 1869.000000 68933.437829 (0,3)
Iteration 9480:  3048.822000 1871.000000 68956.586614 (0,3)
Iteration 9489:  2931.400000 1874.000000 68551.661574 (0,3)
Iteration 9502:  2871.273000 1872.000000 69255.700529 (0,3)
Iteration 9509:  2869.670000 1876.000000 69147.077573 (0,3)
Iteration 9610:  2818.064000 1877.000000 70389.435031 (0,3)
Iteration 9657:  2790.297000 1873.000000 69926.711056 (0,3)
Iteration 9661:  2607.200000 1874.000000 69985.068057 (0,3)
Iteration 9695:  2531.307000 1874.000000 69761.293726 (0,3)
Iteration 9714:  2464.107000 1872.000000 69781.000890 (0,3)
Iteration 9715:  2395.977000 1874.000000 69868.639841 (1,3)
Iteration 9850:  2280.987000 1871.000000 69598.417337 (0,3)
Iteration 9852:  2257.140000 1871.000000 69750.587245 (0,3)
Iteration 9856:  2150.177000 1869.000000 69714.713153 (0,3)
Iteration 9859:  2127.294000 1869.000000 69766.131479 (2,3)
Iteration 10003:  2109.529000 1873.000000 68870.433152 (0,3)
Iteration 10011:  1918.166000 1873.000000 68808.061270 (2,3)
Iteration 10014:  1886.166000 1873.000000 68828.258218 (1,1)
Iteration 10017:  1848.931000 1873.000000 68918.836492 (0,3)
Iteration 10019:  1821.133000 1873.000000 69030.440271 (0,3)
Iteration 10022:  1804.250000 1873.000000 69056.970097 (0,3)
Iteration 10024:  1781.850000 1871.000000 69089.138812 (0,3)
Iteration 10032:  1717.004000 1871.000000 69122.978483 (0,3)
Iteration 10041:  1680.000000 1871.000000 69222.266342 (0,3)
Iteration 10045:  1665.802000 1871.000000 69209.303315 (0,3)
Iteration 10055:  1658.235000 1871.000000 69162.167706 (0,3)
Iteration 10059:  1634.870000 1871.000000 69261.605463 (0,3)
Iteration 10064:  1605.907000 1872.000000 69201.850084 (0,3)
Iteration 10070:  1590.377000 1872.000000 69218.435355 (0,3)
Iteration 10090:  1583.352000 1871.000000 69279.368124 (0,3)
Iteration 10138:  1567.948000 1865.000000 69302.092680 (0,3)
Iteration 10140:  1561.737000 1864.000000 69355.421432 (0,3)
Iteration 10143:  1558.737000 1864.000000 69153.512660 (0,3)
Iteration 10145:  1525.737000 1864.000000 69132.936467 (0,3)
Iteration 10146:  1472.102000 1864.000000 69127.472459 (2,3)
Iteration 10187:  1462.728000 1865.000000 69013.477456 (0,3)
Iteration 10248:  1429.235000 1868.000000 68891.888695 (0,3)
Iteration 10257:  1403.283000 1869.000000 68522.701887 (2,3)
Iteration 10267:  1132.518000 1869.000000 68533.386893 (0,3)
Iteration 10272:  1093.118000 1869.000000 68538.849999 (0,3)
Iteration 10292:  1085.118000 1869.000000 68402.942456 (1,3)
Iteration 10299:  1042.200000 1870.000000 68820.941502 (0,3)
Iteration 10307:  1023.329000 1870.000000 68705.420411 (0,3)
Iteration 10321:  1011.966000 1870.000000 68706.354818 (2,3)
Iteration 39853:  1002.338000 1924.000000 67390.415877 (0,3)
Iteration 39857:  990.103000 1924.000000 67293.898899 (0,3)
Iteration 39858:  976.268000 1924.000000 67245.238211 (0,3)
Iteration 39861:  968.903000 1924.000000 67236.071890 (0,3)
Iteration 39940:  961.668000 1924.000000 67245.144446 (0,3)
Iteration 39948:  944.538000 1925.000000 67282.368455 (0,3)
Iteration 39949:  941.822000 1925.000000 67305.268479 (0,3)
Iteration 39977:  941.422000 1925.000000 67293.000348 (0,3)
Iteration 40018:  917.257000 1925.000000 67404.383631 (0,3)
Iteration 40060:  912.552000 1925.000000 67303.942670 (0,3)
Iteration 40061:  906.552000 1925.000000 67263.639845 (0,3)
Iteration 40071:  903.750000 1925.000000 67499.862212 (0,3)
Iteration 40073:  899.880000 1925.000000 67492.489489 (0,3)
Iteration 40077:  896.115000 1925.000000 67536.396300 (0,3)
Iteration 40084:  894.633000 1926.000000 67679.299190 (0,3)
Iteration 40160:  877.435000 1926.000000 67823.121548 (0,3)
Iteration 40202:  875.588000 1926.000000 67794.019629 (0,3)
Iteration 40208:  875.588000 1926.000000 67760.999051 (0,3)
Iteration 40267:  861.800000 1926.000000 67887.254057 (0,3)
Iteration 40286:  860.435000 1926.000000 67920.349990 (0,3)
Iteration 40390:  844.917000 1926.000000 67911.469706 (0,3)
Iteration 40410:  833.201000 1926.000000 67873.774191 (0,3)
Iteration 40411:  829.554000 1926.000000 67964.261043 (0,3)
Iteration 40417:  829.554000 1926.000000 67958.609709 (1,3)
Iteration 40462:  828.919000 1926.000000 67999.973802 (0,3)
Iteration 40466:  828.072000 1926.000000 67966.470319 (0,3)
Iteration 40480:  827.437000 1926.000000 68175.156988 (0,3)
Iteration 40485:  817.672000 1926.000000 68188.732056 (0,3)
Iteration 40515:  817.237000 1926.000000 68113.254196 (0,3)
Iteration 40519:  813.002000 1926.000000 68090.354172 (0,3)
Iteration 40554:  807.130000 1926.000000 67988.271512 (0,3)
Iteration 40560:  785.730000 1926.000000 67961.053776 (0,3)
Iteration 40564:  776.212000 1926.000000 67968.273196 (0,3)
Iteration 40581:  773.047000 1926.000000 68359.179875 (0,3)
Iteration 40644:  770.894000 1926.000000 68381.861689 (0,3)
Iteration 40663:  769.129000 1925.000000 68297.291704 (0,3)
Iteration 40670:  745.566000 1925.000000 68328.192347 (0,3)
Iteration 40676:  745.566000 1924.000000 68395.288219 (0,3)
Iteration 40681:  735.566000 1924.000000 68295.923363 (0,3)
Iteration 40685:  680.449000 1924.000000 68406.283512 (0,3)
Iteration 40724:  678.319000 1924.000000 68475.790481 (0,3)
Iteration 40739:  676.554000 1924.000000 68435.286766 (0,3)
Iteration 40752:  651.166000 1924.000000 68461.533358 (0,3)
Iteration 40753:  644.401000 1924.000000 68488.751094 (0,3)
Iteration 40880:  643.234000 1922.000000 69458.928547 (0,3)
Iteration 41027:  637.622000 1922.000000 69400.063046 (0,3)
Iteration 41138:  630.492000 1922.000000 69380.036593 (0,3)
Iteration 41207:  630.127000 1921.000000 69452.339076 (0,3)
Iteration 41485:  617.844000 1921.000000 69427.276687 (0,3)
Iteration 41492:  601.844000 1921.000000 69421.925539 (0,3)
Iteration 41506:  601.844000 1921.000000 69408.403423 (0,3)
Iteration 41543:  596.844000 1921.000000 69295.973665 (0,3)
Iteration 41703:  596.844000 1921.000000 69249.201385 (0,3)
Iteration 41876:  593.128000 1921.000000 69307.204764 (0,3)
Iteration 41885:  593.128000 1921.000000 69306.433730 (0,3)
Iteration 41896:  592.893000 1916.000000 69308.234225 (0,3)
Iteration 42176:  592.893000 1916.000000 69268.990489 (0,3)
Iteration 42200:  576.411000 1916.000000 69281.021652 (0,3)
Iteration 42232:  576.411000 1916.000000 69273.025210 (0,3)
Iteration 42420:  576.411000 1915.000000 69223.137573 (0,3)
Iteration 42688:  573.609000 1915.000000 69149.773935 (0,3)
Iteration 42715:  570.776000 1915.000000 69045.459273 (0,3)
Iteration 42813:  565.011000 1915.000000 69011.621428 (0,3)
Iteration 43313:  554.529000 1915.000000 68897.331964 (0,3)
Iteration 43445:  554.529000 1915.000000 68851.691869 (0,3)
Iteration 43452:  554.529000 1915.000000 68851.691869 (0,3)
Iteration 43467:  553.164000 1915.000000 68944.941251 (0,3)
Iteration 43599:  553.164000 1915.000000 68937.656013 (0,3)
Iteration 43615:  546.646000 1915.000000 69001.107246 (0,3)
Iteration 43706:  546.646000 1915.000000 68942.531229 (0,3)
total iterations: 79800, time elapsed: 3600.02s
Destroy operator: destroy_random_leafs, Weight: 0.2887, Score: 11620.05, Count: 40265
Destroy operator: destroy_path, Weight: 0.1027, Score: 1569.30, Count: 15283
Destroy operator: destroy_worst_affinity, Weight: 0.0868, Score: 1124.80, Count: 12956
Destroy operator: destroy_district_group, Weight: 0.0699, Score: 789.00, Count: 11295
Repair operator: repair_greedy_feasible, Weight: 0.0785, Score: 1040.65, Count: 13250
Repair operator: repair_affinity_compact, Weight: 0.0634, Score: 683.50, Count: 10774
Repair operator: repair_nearest_center, Weight: 0.0664, Score: 741.25, Count: 11150
Repair operator: repair_2regret, Weight: 0.2833, Score: 12637.75, Count: 44625
