Initial solution objectives: Balance violation = 30059.5660, Affinity loss = 1942, Compactness = 56428.3592
Iteration 0:  25321.262000 1942.000000 57355.588144 (0,3)
Iteration 1011:  25203.102000 1875.000000 57860.004883 (0,0)
Iteration 1012:  23589.706000 1875.000000 57962.744077 (0,3)
Iteration 3517:  22032.178000 1983.000000 57665.952499 (2,3)
Iteration 3521:  20135.636000 1983.000000 57641.954494 (3,3)
Iteration 3524:  18548.832000 1981.000000 57673.334683 (3,3)
Iteration 3525:  17915.096000 1978.000000 59550.513712 (0,1)
Iteration 3529:  16895.900000 1977.000000 60090.521800 (0,3)
Iteration 4139:  16734.424000 1885.000000 64927.404889 (0,3)
Iteration 4140:  16462.120000 1885.000000 65029.124381 (0,3)
Iteration 4142:  15316.356000 1892.000000 65765.876044 (3,3)
Iteration 4145:  14858.394000 1895.000000 65271.674297 (0,2)
Iteration 4148:  13793.286000 1895.000000 65476.941329 (0,3)
Iteration 4150:  11873.856000 1895.000000 70328.592970 (0,3)
Iteration 7802:  11316.746000 1869.000000 60821.087580 (0,3)
Iteration 7810:  10961.976000 1861.000000 60937.601651 (0,3)
Iteration 7812:  10749.916000 1859.000000 61069.545864 (0,0)
Iteration 7814:  10462.486000 1859.000000 61178.836715 (1,3)
Iteration 7817:  10403.670000 1860.000000 61291.162982 (0,3)
Iteration 7869:  10214.702000 1858.000000 62686.398107 (0,3)
Iteration 7871:  9876.826000 1858.000000 62758.846688 (1,0)
Iteration 7873:  9767.610000 1858.000000 62733.176809 (0,3)
Iteration 7879:  9387.626000 1857.000000 62928.588794 (0,3)
Iteration 7881:  9364.856000 1857.000000 62896.291857 (0,3)
Iteration 7889:  7578.990000 1853.000000 63283.273245 (0,3)
Iteration 7902:  7430.328000 1853.000000 63243.700246 (0,3)
Iteration 7906:  7179.162000 1853.000000 63361.966729 (0,3)
Iteration 7910:  7159.670000 1852.000000 63615.996507 (0,3)
Iteration 7912:  7030.624000 1852.000000 63728.738658 (0,3)
Iteration 7915:  6837.194000 1852.000000 63777.491538 (1,0)
Iteration 7916:  6632.948000 1854.000000 63661.665161 (1,1)
Iteration 9135:  6583.368000 1898.000000 66308.532509 (0,3)
Iteration 9145:  6224.000000 1896.000000 66361.120703 (0,3)
Iteration 9167:  6144.242000 1895.000000 66290.407797 (0,3)
Iteration 9176:  5899.184000 1894.000000 66360.624947 (0,3)
Iteration 9182:  5811.072000 1894.000000 66347.637691 (0,3)
Iteration 9183:  5731.210000 1894.000000 66273.613007 (0,3)
Iteration 9202:  5550.612000 1892.000000 66479.974599 (0,3)
Iteration 9203:  5020.028000 1892.000000 66798.128067 (0,3)
Iteration 9205:  4866.322000 1892.000000 66957.143187 (0,3)
Iteration 9228:  4611.646000 1892.000000 66785.879470 (0,3)
Iteration 9236:  4587.416000 1892.000000 66825.693713 (0,3)
Iteration 9245:  4000.292000 1890.000000 66847.203847 (0,3)
Iteration 9251:  3994.722000 1891.000000 66994.520232 (0,0)
Iteration 9465:  3984.234000 1885.000000 66866.373553 (0,3)
Iteration 9537:  3940.034000 1884.000000 67174.701261 (0,3)
Iteration 10927:  3658.986000 1866.000000 68933.514907 (0,3)
Iteration 10930:  3657.526000 1865.000000 68907.310167 (0,3)
Iteration 10935:  3657.526000 1865.000000 68905.934826 (0,3)
Iteration 10960:  3651.776000 1863.000000 71849.873758 (0,3)
Iteration 10962:  3651.776000 1863.000000 71818.553139 (0,3)
Iteration 10972:  3645.650000 1862.000000 71694.904706 (0,3)
Iteration 10974:  3617.650000 1863.000000 71739.601043 (0,3)
Iteration 10975:  3605.590000 1863.000000 71780.526647 (0,3)
Iteration 16166:  3557.078000 1928.000000 67758.519645 (0,3)
Iteration 16171:  3550.078000 1928.000000 67984.414227 (0,3)
Iteration 16180:  3548.954000 1928.000000 67953.679159 (0,3)
Iteration 16194:  3540.124000 1928.000000 67865.162911 (1,3)
Iteration 16199:  3514.816000 1928.000000 67709.378295 (0,2)
Iteration 16204:  3476.816000 1928.000000 67703.452066 (0,3)
Iteration 16216:  3065.816000 1926.000000 67880.780810 (1,3)
Iteration 16224:  3062.186000 1927.000000 67944.147587 (1,0)
Iteration 16245:  3048.016000 1928.000000 67542.467685 (0,3)
Iteration 16264:  2991.860000 1929.000000 67501.577035 (0,3)
Iteration 16276:  2968.384000 1929.000000 67523.222536 (0,3)
Iteration 16291:  2691.012000 1929.000000 67718.433757 (0,3)
Iteration 16294:  2595.136000 1929.000000 67795.977654 (1,3)
Iteration 16295:  2570.260000 1929.000000 67782.702180 (0,3)
Iteration 16310:  2542.710000 1928.000000 67811.698213 (0,3)
Iteration 16319:  2471.154000 1926.000000 69567.910981 (0,3)
Iteration 16328:  2469.660000 1926.000000 69440.537240 (0,3)
Iteration 16335:  2449.430000 1926.000000 69534.639372 (0,3)
Iteration 16339:  2424.444000 1926.000000 69478.378693 (1,1)
Iteration 16340:  2329.014000 1926.000000 69397.117527 (0,3)
Iteration 16341:  2308.954000 1924.000000 69316.479123 (0,3)
Iteration 16342:  2124.124000 1924.000000 69263.286681 (0,3)
Iteration 16348:  2117.818000 1924.000000 69333.530584 (0,3)
Iteration 16354:  1939.188000 1924.000000 69418.506170 (1,2)
Iteration 16365:  1875.634000 1924.000000 69485.612544 (0,3)
Iteration 16389:  1875.634000 1923.000000 69509.412111 (0,3)
Iteration 16395:  1758.464000 1923.000000 69315.373358 (0,3)
Iteration 16439:  1704.094000 1923.000000 69195.102939 (0,3)
Iteration 16457:  1687.894000 1923.000000 69215.311380 (0,3)
Iteration 16485:  1640.770000 1923.000000 69334.919200 (1,3)
Iteration 16502:  1625.940000 1923.000000 69526.295519 (0,0)
Iteration 16523:  1616.436000 1922.000000 69623.928114 (0,3)
Iteration 16529:  1596.316000 1922.000000 69645.719758 (0,3)
Iteration 16551:  1585.316000 1921.000000 69648.156141 (1,3)
Iteration 16553:  1583.656000 1921.000000 69556.815529 (0,3)
Iteration 16563:  1538.244000 1921.000000 69791.132039 (0,3)
Iteration 16569:  1327.310000 1922.000000 69645.167831 (0,3)
Iteration 16570:  1326.310000 1923.000000 69680.910741 (0,3)
Iteration 16585:  1284.016000 1920.000000 69607.042131 (0,3)
Iteration 16591:  1251.570000 1919.000000 69725.123546 (0,3)
Iteration 16615:  1247.740000 1918.000000 69746.822874 (0,3)
Iteration 16680:  1245.310000 1918.000000 69752.367303 (1,3)
Iteration 16705:  1190.510000 1916.000000 69643.827190 (0,3)
Iteration 16712:  1186.236000 1915.000000 69662.921514 (0,3)
Iteration 16721:  1183.236000 1915.000000 69646.306410 (1,3)
Iteration 16729:  1156.420000 1915.000000 69785.101286 (1,3)
Iteration 16827:  1102.546000 1914.000000 69489.610231 (0,3)
Iteration 16831:  1102.546000 1914.000000 69480.980477 (0,3)
Iteration 16851:  1071.916000 1913.000000 69510.791268 (0,3)
Iteration 16865:  1041.916000 1913.000000 69298.976708 (0,3)
Iteration 17052:  1031.606000 1910.000000 69148.478093 (0,3)
Iteration 17053:  1017.606000 1910.000000 69070.225524 (0,3)
Iteration 17096:  1015.050000 1910.000000 68996.664866 (0,3)
Iteration 17110:  1015.050000 1909.000000 69081.601390 (0,3)
Iteration 17285:  1004.048000 1908.000000 69404.849034 (0,3)
Iteration 17488:  991.714000 1905.000000 69239.143890 (0,3)
Iteration 17507:  973.588000 1904.000000 69277.783226 (0,3)
Iteration 17591:  967.218000 1904.000000 69383.226485 (0,3)
Iteration 17603:  935.662000 1904.000000 69326.965807 (0,3)
Iteration 17608:  935.662000 1903.000000 69171.539947 (0,3)
Iteration 17612:  915.290000 1903.000000 69146.396198 (0,3)
Iteration 17651:  908.120000 1903.000000 69159.684398 (0,3)
Iteration 17656:  908.120000 1903.000000 69159.618199 (0,3)
Iteration 17670:  907.290000 1903.000000 69158.776922 (0,3)
Iteration 17706:  895.846000 1902.000000 69145.002996 (0,3)
Iteration 17758:  895.616000 1902.000000 69272.543875 (0,3)
Iteration 17781:  891.060000 1902.000000 69205.432314 (0,3)
Iteration 17832:  891.060000 1902.000000 69144.175623 (1,2)
Iteration 17976:  887.320000 1902.000000 69061.069142 (0,3)
Iteration 17993:  886.890000 1902.000000 69075.153849 (0,3)
Iteration 18003:  886.890000 1902.000000 69037.525577 (1,3)
Iteration 18034:  876.890000 1901.000000 69239.111906 (0,3)
Iteration 18101:  876.890000 1901.000000 69196.347364 (0,3)
Iteration 18196:  876.890000 1901.000000 69098.830660 (0,3)
Iteration 18242:  874.320000 1900.000000 69058.572856 (0,3)
Iteration 18255:  874.320000 1900.000000 68943.364569 (0,3)
Iteration 18289:  870.060000 1900.000000 69053.998827 (1,3)
Iteration 18305:  863.630000 1901.000000 69058.202596 (0,3)
Iteration 18397:  863.630000 1901.000000 69052.429541 (0,3)
Iteration 18398:  831.430000 1901.000000 69043.334408 (0,3)
Iteration 18431:  831.430000 1901.000000 69001.490051 (0,3)
Iteration 18475:  810.630000 1901.000000 68977.000877 (0,3)
Iteration 18544:  809.800000 1901.000000 68954.311277 (0,3)
Iteration 18623:  731.690000 1901.000000 68832.236828 (0,3)
Iteration 18649:  725.060000 1901.000000 68808.892267 (1,1)
Iteration 18654:  655.616000 1901.000000 68710.163310 (0,3)
Iteration 18670:  655.616000 1901.000000 68707.658789 (1,3)
Iteration 18698:  655.616000 1899.000000 68691.376902 (0,3)
Iteration 18717:  641.616000 1899.000000 68681.646558 (0,3)
Iteration 18766:  641.616000 1897.000000 68689.130070 (0,3)
Iteration 18907:  641.616000 1897.000000 68680.966239 (0,3)
Iteration 18923:  491.342000 1897.000000 68748.729574 (0,0)
Iteration 18931:  466.492000 1897.000000 69077.054417 (0,0)
Iteration 18945:  415.032000 1894.000000 68863.506811 (0,3)
Iteration 18958:  409.756000 1894.000000 68836.438567 (0,3)
Iteration 18986:  370.756000 1892.000000 68772.274239 (0,3)
Iteration 19032:  274.326000 1892.000000 68837.559751 (0,3)
Iteration 19065:  271.896000 1892.000000 68895.146379 (0,3)
Iteration 19069:  239.170000 1892.000000 68844.684725 (0,3)
Iteration 19072:  235.340000 1892.000000 68868.346525 (1,3)
Iteration 19088:  235.340000 1891.000000 68866.695157 (0,3)
Iteration 19138:  235.340000 1891.000000 68718.151553 (0,3)
Iteration 19195:  232.510000 1891.000000 68862.195256 (1,0)
Iteration 19246:  226.400000 1891.000000 68838.432853 (1,3)
Iteration 19248:  226.400000 1891.000000 68771.867856 (0,3)
Iteration 19273:  225.970000 1893.000000 69127.879222 (0,0)
Iteration 19280:  211.970000 1891.000000 69138.802433 (0,3)
Iteration 19286:  211.970000 1891.000000 69130.806439 (0,3)
Iteration 19349:  207.844000 1891.000000 68907.322390 (0,3)
Iteration 19433:  207.844000 1891.000000 68849.447530 (1,3)
Iteration 19452:  200.784000 1891.000000 68878.056607 (0,3)
Iteration 19457:  196.784000 1889.000000 68833.656739 (0,3)
Iteration 19546:  174.124000 1889.000000 68696.162394 (0,3)
Iteration 19768:  167.704000 1886.000000 68698.563409 (0,3)
Iteration 19870:  167.704000 1886.000000 68634.618198 (0,3)
Iteration 19882:  167.704000 1885.000000 68652.097595 (1,3)
Iteration 20125:  167.704000 1885.000000 68632.356733 (0,3)
Iteration 20149:  159.874000 1885.000000 68570.194026 (0,3)
Iteration 20477:  150.844000 1885.000000 68457.606880 (1,0)
Iteration 20557:  150.844000 1885.000000 68457.281312 (0,3)
Iteration 20647:  135.844000 1885.000000 68407.442938 (0,3)
Iteration 20687:  123.288000 1886.000000 68316.948172 (1,2)
Iteration 20752:  122.858000 1886.000000 68309.596229 (0,3)
Iteration 20754:  122.858000 1886.000000 68202.298830 (0,3)
Iteration 20799:  122.858000 1886.000000 68123.958321 (1,3)
Iteration 20920:  122.428000 1886.000000 68176.879824 (0,3)
Iteration 20922:  122.428000 1884.000000 68164.581773 (0,3)
Iteration 20988:  122.428000 1884.000000 68108.451372 (0,3)
Iteration 21000:  122.428000 1884.000000 68101.499901 (1,3)
Iteration 21005:  122.428000 1884.000000 68087.787008 (0,3)
Iteration 21017:  116.428000 1884.000000 68072.595652 (0,3)
Iteration 21169:  116.428000 1882.000000 67955.238343 (0,3)
Iteration 21177:  116.428000 1882.000000 67923.452502 (0,3)
Iteration 21181:  112.872000 1882.000000 67906.653238 (0,3)
Iteration 21184:  112.872000 1882.000000 67841.509450 (0,3)
Iteration 21197:  112.872000 1882.000000 67809.144113 (0,3)
Iteration 21294:  112.042000 1882.000000 67809.858248 (0,3)
Iteration 21296:  112.042000 1882.000000 67802.906776 (0,3)
Iteration 21561:  105.598000 1881.000000 67740.317203 (0,3)
Iteration 21715:  105.598000 1880.000000 67825.893610 (0,3)
Iteration 21733:  103.768000 1879.000000 67860.606917 (0,0)
Iteration 21762:  103.768000 1879.000000 67854.665928 (1,0)
Iteration 21792:  103.768000 1879.000000 67696.777361 (0,3)
Iteration 22237:  103.768000 1879.000000 67675.933130 (0,3)
Iteration 22480:  103.768000 1879.000000 67583.080641 (0,3)
Iteration 22484:  103.768000 1877.000000 67609.599874 (0,3)
Iteration 22539:  97.212000 1877.000000 67574.333472 (0,3)
Iteration 22637:  97.212000 1877.000000 67560.423368 (1,0)
Iteration 22818:  97.212000 1877.000000 67543.500789 (0,3)
Iteration 22820:  97.212000 1877.000000 67514.434091 (2,3)
Iteration 22939:  97.212000 1877.000000 67480.643491 (0,3)
Iteration 22941:  97.212000 1877.000000 67461.326351 (0,3)
Iteration 23014:  97.212000 1877.000000 67437.457445 (0,3)
Iteration 23049:  97.212000 1877.000000 67376.946062 (0,3)
Iteration 23196:  97.212000 1876.000000 67341.203152 (0,3)
Iteration 23571:  72.486000 1876.000000 67277.571880 (0,3)
Iteration 23712:  72.486000 1876.000000 67265.788455 (0,3)
Iteration 23923:  72.486000 1875.000000 67524.704035 (0,3)
Iteration 23954:  72.486000 1875.000000 67518.763046 (0,3)
Iteration 24039:  72.486000 1875.000000 67495.275023 (0,3)
Iteration 24175:  72.056000 1875.000000 67455.351034 (0,3)
Iteration 24332:  71.226000 1875.000000 67423.707536 (0,3)
Iteration 24354:  71.226000 1875.000000 67423.381968 (0,3)
Iteration 24640:  71.226000 1875.000000 67384.459649 (0,3)
Iteration 25045:  70.226000 1875.000000 67445.626790 (0,3)
Iteration 25134:  70.226000 1874.000000 67674.377792 (0,3)
Iteration 25195:  70.226000 1874.000000 67657.384574 (0,3)
Iteration 25286:  62.056000 1874.000000 67652.517478 (0,3)
Iteration 25327:  62.056000 1874.000000 67421.321505 (0,3)
Iteration 25336:  62.056000 1874.000000 67404.328287 (0,3)
Iteration 25391:  62.056000 1874.000000 67386.202584 (0,3)
Iteration 25401:  62.056000 1874.000000 67374.010246 (0,3)
Iteration 25484:  56.056000 1876.000000 67404.735776 (0,0)
Iteration 25562:  56.056000 1874.000000 67449.078283 (0,3)
Iteration 25626:  56.056000 1874.000000 67434.303115 (0,3)
Iteration 25692:  56.056000 1874.000000 67430.797084 (0,3)
Iteration 25852:  56.056000 1874.000000 67386.233002 (0,3)
Iteration 25914:  53.226000 1874.000000 67325.398913 (0,3)
Iteration 25984:  53.226000 1873.000000 67590.325101 (0,3)
Iteration 26024:  53.226000 1872.000000 67607.636052 (0,3)
Iteration 26032:  53.226000 1870.000000 67611.796377 (1,0)
Iteration 26053:  53.226000 1870.000000 67539.800825 (0,3)
Iteration 26079:  52.350000 1870.000000 67454.596170 (0,3)
Iteration 26081:  52.350000 1870.000000 67449.822863 (0,3)
Iteration 26096:  52.350000 1869.000000 67366.881026 (0,3)
Iteration 26102:  52.350000 1869.000000 67099.934284 (1,3)
Iteration 26179:  52.350000 1869.000000 67042.044798 (0,3)
Iteration 26248:  52.350000 1869.000000 67028.265992 (0,3)
Iteration 26406:  52.350000 1869.000000 67022.784660 (0,3)
Iteration 26487:  52.350000 1869.000000 66998.211097 (0,3)
total iterations: 80346, time elapsed: 3600.00s
Destroy operator: destroy_random_leafs, Weight: 0.2432, Score: 9124.05, Count: 37485
Destroy operator: destroy_path, Weight: 0.1069, Score: 1914.05, Count: 17914
Destroy operator: destroy_worst_affinity, Weight: 0.0757, Score: 945.05, Count: 12490
Destroy operator: destroy_district_group, Weight: 0.0663, Score: 825.75, Count: 12456
Repair operator: repair_greedy_feasible, Weight: 0.0831, Score: 1243.75, Count: 14965
Repair operator: repair_affinity_compact, Weight: 0.0682, Score: 872.05, Count: 12789
Repair operator: repair_nearest_center, Weight: 0.0719, Score: 968.25, Count: 13455
Repair operator: repair_2regret, Weight: 0.2485, Score: 9724.85, Count: 39136
