Initial solution objectives: Balance violation = 19574.7220, Affinity loss = 944, Compactness = 26940.6310
Iteration 501:  19500.309000 936.000000 28256.732587 (1,1)
Iteration 502:  19400.582000 936.000000 28244.234127 (1,3)
Iteration 1004:  18735.126000 991.000000 27070.215379 (0,3)
Iteration 1006:  18198.057000 991.000000 27025.989348 (1,1)
Iteration 1008:  17876.825000 991.000000 26987.389311 (1,0)
Iteration 1011:  17112.738000 991.000000 27079.985053 (0,3)
Iteration 5092:  16959.111000 962.000000 27785.351807 (0,3)
Iteration 5865:  16902.148000 966.000000 27024.547824 (0,3)
Iteration 5866:  16517.593000 968.000000 27427.810215 (1,0)
Iteration 5867:  15281.444000 968.000000 27429.870138 (3,3)
Iteration 5868:  15097.287000 968.000000 27640.499467 (0,3)
Iteration 5869:  15086.403000 970.000000 27656.945091 (0,0)
Iteration 5870:  14785.287000 970.000000 27647.948906 (0,3)
Iteration 5871:  14731.843000 970.000000 27784.258199 (2,3)
Iteration 5932:  14523.380000 965.000000 30302.460065 (0,3)
Iteration 6086:  14435.074000 938.000000 30937.620665 (0,3)
Iteration 6087:  14352.315000 938.000000 30958.138583 (2,3)
Iteration 6090:  14328.315000 938.000000 31003.200969 (0,3)
Iteration 6093:  13415.616000 940.000000 30916.669873 (0,3)
Iteration 6636:  12687.867000 919.000000 28732.477737 (3,3)
Iteration 6637:  12453.478000 919.000000 28825.663232 (0,3)
Iteration 8443:  12261.006000 956.000000 29150.460377 (0,3)
Iteration 8446:  12261.006000 956.000000 29150.460377 (0,0)
Iteration 8447:  12167.575000 957.000000 29096.530463 (0,3)
Iteration 8451:  11658.270000 957.000000 29206.615645 (0,0)
Iteration 8456:  10903.529000 957.000000 29294.941786 (0,3)
Iteration 8468:  10873.362000 957.000000 29433.238141 (0,0)
Iteration 8469:  10704.715000 956.000000 29465.632385 (0,3)
Iteration 8733:  10571.399000 960.000000 30161.163027 (0,3)
Iteration 8735:  10556.718000 960.000000 30128.276686 (0,3)
Iteration 8738:  10389.370000 960.000000 30231.594101 (2,3)
Iteration 8742:  10246.495000 960.000000 30286.458601 (0,3)
Iteration 8803:  10138.360000 960.000000 29900.120151 (0,3)
Iteration 8815:  9978.086000 960.000000 29988.106536 (3,2)
Iteration 8816:  9976.758000 959.000000 30129.600402 (0,3)
Iteration 8820:  9704.439000 959.000000 30202.739620 (2,3)
Iteration 8837:  9459.749000 959.000000 30235.432680 (0,3)
Iteration 8857:  9232.676000 959.000000 30425.946148 (0,3)
Iteration 8860:  9127.083000 961.000000 30455.561939 (0,3)
Iteration 8864:  9080.231000 961.000000 30415.782779 (0,3)
Iteration 8866:  8933.833000 961.000000 30384.281204 (0,3)
Iteration 8871:  8846.435000 961.000000 30434.815218 (0,3)
Iteration 8875:  8476.403000 960.000000 30427.925297 (0,3)
Iteration 8895:  8329.084000 961.000000 30403.480351 (0,3)
Iteration 9130:  8155.523000 965.000000 31665.409809 (0,3)
Iteration 9146:  7827.634000 965.000000 31719.966118 (2,3)
Iteration 9148:  7769.380000 964.000000 31874.782747 (0,3)
Iteration 9216:  7753.186000 964.000000 31768.457766 (0,3)
Iteration 9222:  7668.209000 964.000000 31809.940343 (0,3)
Iteration 9239:  7639.968000 964.000000 31930.016338 (0,3)
Iteration 9327:  7619.195000 963.000000 31565.821428 (0,3)
Iteration 9335:  7575.320000 963.000000 31447.046241 (0,3)
Iteration 9341:  7200.009000 963.000000 31526.287655 (0,3)
Iteration 9360:  7186.893000 963.000000 31568.956319 (0,3)
Iteration 9377:  7184.328000 963.000000 31514.349801 (0,3)
Iteration 9390:  7036.171000 963.000000 31752.963280 (0,3)
Iteration 9488:  7036.075000 966.000000 31861.071003 (0,3)
Iteration 9489:  6997.825000 966.000000 31888.642329 (0,3)
Iteration 9527:  6937.585000 966.000000 32170.160868 (0,3)
Iteration 9598:  6886.538000 964.000000 32411.010434 (0,3)
Iteration 9601:  6845.093000 964.000000 32382.466530 (0,3)
Iteration 9606:  6845.093000 964.000000 32239.412495 (0,3)
Iteration 9714:  6800.974000 963.000000 32201.393686 (0,3)
Iteration 9715:  6797.543000 963.000000 32242.839623 (0,3)
Iteration 9730:  6759.932000 964.000000 31696.312261 (0,2)
Iteration 9808:  6745.182000 964.000000 31552.216631 (0,0)
Iteration 9888:  6632.861000 963.000000 31854.382764 (0,3)
Iteration 9894:  6554.518000 963.000000 31980.172047 (0,3)
Iteration 9895:  6518.190000 963.000000 31995.066950 (0,3)
Iteration 9899:  6463.588000 963.000000 32009.910083 (0,3)
Iteration 9911:  6446.861000 963.000000 31895.314122 (0,3)
Iteration 9915:  6393.533000 963.000000 31802.760376 (0,3)
Iteration 9919:  6393.089000 963.000000 31983.544772 (0,3)
Iteration 9920:  6376.408000 963.000000 31551.948225 (3,3)
Iteration 9926:  6171.167000 963.000000 31508.595579 (0,3)
Iteration 9951:  6121.560000 963.000000 30766.818846 (0,3)
Iteration 9962:  5919.922000 963.000000 30754.933247 (0,3)
Iteration 9971:  5865.574000 963.000000 31286.067123 (0,3)
Iteration 9972:  5794.699000 963.000000 31283.914741 (0,3)
Iteration 9973:  5794.231000 961.000000 31179.440125 (1,3)
Iteration 9993:  5441.184000 961.000000 31366.677488 (0,3)
Iteration 9998:  5386.309000 961.000000 31373.107578 (1,0)
Iteration 10002:  5352.350000 961.000000 31520.508001 (2,3)
Iteration 10004:  5299.498000 961.000000 31449.545267 (1,2)
Iteration 10010:  5263.067000 961.000000 31448.052918 (0,0)
Iteration 10011:  5244.317000 961.000000 31727.037715 (0,3)
Iteration 10014:  5190.989000 961.000000 31634.483970 (0,3)
Iteration 10064:  5121.331000 961.000000 31482.560964 (0,3)
Iteration 10161:  5046.767000 961.000000 31533.670836 (0,3)
Iteration 10184:  5014.614000 961.000000 31684.502715 (0,3)
Iteration 10190:  4910.614000 961.000000 31653.360485 (0,3)
Iteration 10211:  4900.457000 961.000000 31646.576932 (0,3)
Iteration 10479:  4885.632000 963.000000 31969.378579 (0,3)
Iteration 10548:  4737.597000 963.000000 31635.236448 (0,3)
Iteration 10555:  4718.847000 963.000000 31914.221246 (0,3)
Iteration 10650:  4642.435000 962.000000 31918.469196 (0,3)
Iteration 10746:  4639.925000 965.000000 31831.492379 (0,3)
Iteration 10772:  4636.925000 965.000000 31781.507079 (0,3)
Iteration 10773:  4635.675000 964.000000 31721.403515 (0,3)
Iteration 10778:  4600.471000 966.000000 31892.937970 (0,3)
Iteration 10791:  4577.620000 966.000000 31935.606634 (0,3)
Iteration 10884:  4548.893000 966.000000 31986.477299 (0,3)
Iteration 10944:  4548.009000 966.000000 32090.166171 (1,0)
Iteration 10964:  4488.689000 966.000000 32028.838292 (0,3)
Iteration 11250:  4460.675000 965.000000 31631.123209 (2,3)
Iteration 11421:  4188.670000 965.000000 31735.528653 (3,3)
Iteration 11552:  4183.119000 965.000000 31563.344618 (0,0)
Iteration 11558:  4170.572000 965.000000 31493.820272 (0,0)
Iteration 11567:  4167.016000 965.000000 31559.416762 (0,3)
Iteration 11590:  4160.132000 965.000000 31588.908787 (0,3)
Iteration 11604:  4117.141000 965.000000 31511.494933 (0,3)
Iteration 11612:  4089.697000 965.000000 31526.389835 (0,3)
Iteration 11922:  4054.701000 965.000000 31506.413341 (0,3)
Iteration 11956:  4032.701000 965.000000 31596.556062 (0,3)
Iteration 11984:  4031.020000 965.000000 31557.008664 (1,3)
Iteration 12022:  4013.173000 965.000000 31677.299121 (1,0)
Iteration 12093:  3998.243000 965.000000 31730.785850 (0,3)
Iteration 12098:  3997.243000 965.000000 31642.854181 (0,3)
Iteration 12119:  3933.516000 965.000000 31600.884879 (0,3)
Iteration 157345:  3910.316000 939.000000 28724.538610 (0,3)
Iteration 157361:  3877.900000 939.000000 28814.378941 (2,3)
Iteration 157368:  3803.775000 938.000000 28868.189909 (0,3)
Iteration 157393:  3802.775000 937.000000 28967.759891 (0,3)
Iteration 157395:  3761.071000 937.000000 28625.345008 (0,3)
Iteration 157400:  3757.071000 937.000000 28497.235014 (0,3)
Iteration 157407:  3748.905000 937.000000 28521.245717 (0,3)
Iteration 157424:  3729.608000 937.000000 28588.293150 (0,3)
Iteration 157435:  3694.691000 938.000000 28611.806497 (0,0)
Iteration 157438:  3525.108000 938.000000 28602.169744 (0,3)
Iteration 157442:  3403.233000 938.000000 28669.717945 (0,3)
Iteration 157474:  3393.992000 937.000000 28697.569618 (0,3)
Iteration 157475:  3383.265000 937.000000 28785.369884 (0,3)
Iteration 157480:  3345.663000 937.000000 28774.205503 (0,3)
Iteration 157483:  3321.913000 937.000000 28814.843998 (0,3)
Iteration 157505:  3293.469000 937.000000 28838.160422 (0,3)
Iteration 157507:  3263.080000 937.000000 28849.906162 (0,3)
Iteration 157508:  3242.205000 937.000000 28908.742555 (0,3)
Iteration 157699:  3199.761000 937.000000 29043.172971 (0,0)
Iteration 157700:  3188.201000 937.000000 29024.571901 (0,3)
Iteration 157726:  3129.668000 937.000000 29479.210070 (0,3)
Iteration 157751:  3090.668000 937.000000 29486.986081 (0,3)
Iteration 157774:  3047.075000 937.000000 29480.591986 (0,0)
Iteration 157985:  2631.186000 937.000000 29530.504362 (0,3)
Iteration 158030:  2616.505000 937.000000 29541.967297 (0,0)
Iteration 158193:  2610.551000 937.000000 29608.604181 (0,3)
Iteration 158223:  2563.208000 937.000000 29578.495374 (0,3)
Iteration 158385:  2520.764000 937.000000 29712.925790 (0,0)
Iteration 158386:  2471.616000 937.000000 29935.925954 (0,0)
Iteration 158445:  2468.583000 937.000000 29982.391904 (0,0)
Iteration 158516:  2456.583000 937.000000 29945.059760 (0,3)
Iteration 158572:  2427.662000 936.000000 30017.714123 (0,3)
Iteration 158621:  2414.856000 934.000000 30373.338043 (0,3)
Iteration 158667:  2370.573000 933.000000 30341.280991 (0,3)
Iteration 158817:  2337.162000 934.000000 30168.557096 (0,3)
Iteration 159262:  2333.037000 934.000000 30273.099294 (0,3)
Iteration 159623:  2329.630000 934.000000 30219.214046 (0,3)
Iteration 159674:  2326.597000 934.000000 30265.679996 (0,0)
Iteration 159675:  2303.676000 934.000000 30331.276801 (0,0)
total iterations: 378402, time elapsed: 3600.03s
Destroy operator: destroy_random_leafs, Weight: 0.2754, Score: 52262.95, Count: 189723
Destroy operator: destroy_path, Weight: 0.1059, Score: 7854.25, Count: 74182
Destroy operator: destroy_worst_affinity, Weight: 0.0849, Score: 5077.65, Count: 59854
Destroy operator: destroy_district_group, Weight: 0.0758, Score: 4143.85, Count: 54642
Repair operator: repair_greedy_feasible, Weight: 0.1113, Score: 8929.55, Count: 80216
Repair operator: repair_affinity_compact, Weight: 0.0689, Score: 3488.65, Count: 50651
Repair operator: repair_nearest_center, Weight: 0.0726, Score: 3872.85, Count: 53353
Repair operator: repair_2regret, Weight: 0.2731, Score: 53047.65, Count: 194181
