Initial solution objectives: Balance violation = 18103.1500, Affinity loss = 1929, Compactness = 93463.8942
Iteration 0:  15914.085000 1921.000000 94173.751849 (0,3)
Iteration 2:  15468.890000 1921.000000 94410.783966 (0,3)
Iteration 503:  10987.240000 1789.000000 91704.086398 (0,1)
Iteration 504:  8866.925000 1786.000000 92266.468292 (3,3)
Iteration 3009:  7706.685000 1762.000000 102266.773607 (1,0)
Iteration 3011:  6708.105000 1760.000000 101176.159701 (2,3)
Iteration 4518:  6286.295000 1849.000000 97076.233548 (0,3)
Iteration 4519:  6004.805000 1848.000000 96977.937680 (0,2)
Iteration 8081:  5414.165000 1778.000000 103336.176672 (0,3)
Iteration 8096:  5028.115000 1777.000000 103117.778535 (2,3)
Iteration 8124:  4874.965000 1772.000000 103738.875720 (0,3)
Iteration 8175:  4561.420000 1761.000000 102738.172888 (0,3)
Iteration 8177:  4265.355000 1759.000000 102638.388894 (0,3)
Iteration 8181:  4265.355000 1759.000000 102583.793062 (1,3)
Iteration 8182:  4156.735000 1758.000000 102422.313191 (0,1)
Iteration 8184:  4087.735000 1756.000000 102547.496680 (0,3)
Iteration 8186:  4087.735000 1756.000000 102523.179964 (0,3)
Iteration 8301:  4055.385000 1737.000000 103948.792135 (0,3)
Iteration 8305:  4048.690000 1734.000000 104343.971054 (1,2)
Iteration 8341:  3975.070000 1721.000000 103826.531192 (0,3)
Iteration 8343:  3975.070000 1720.000000 103868.783881 (2,3)
Iteration 8344:  3967.690000 1720.000000 103956.149365 (1,0)
Iteration 8348:  3928.845000 1723.000000 103858.198110 (1,2)
Iteration 8350:  3638.625000 1719.000000 104087.185528 (0,3)
Iteration 8366:  3621.175000 1718.000000 103897.936708 (2,3)
Iteration 8367:  3621.175000 1718.000000 103888.639837 (0,3)
Iteration 8391:  3287.305000 1713.000000 104147.226037 (0,3)
Iteration 8393:  3287.305000 1710.000000 104041.499717 (2,3)
Iteration 8398:  3252.975000 1707.000000 103790.079589 (0,2)
Iteration 8400:  3190.040000 1704.000000 103541.727050 (1,1)
Iteration 8407:  3162.580000 1695.000000 103498.589619 (0,3)
Iteration 8409:  3156.580000 1696.000000 103540.496895 (1,3)
Iteration 8438:  3065.810000 1692.000000 102591.221882 (1,2)
Iteration 8453:  2977.335000 1683.000000 102582.684133 (0,0)
Iteration 8456:  2977.065000 1683.000000 102303.484504 (2,3)
Iteration 9251:  2960.435000 1873.000000 99286.450058 (0,3)
Iteration 9255:  2955.360000 1873.000000 99813.106298 (0,0)
Iteration 9269:  2944.420000 1872.000000 100097.610492 (0,3)
Iteration 9270:  2855.480000 1872.000000 99998.720905 (0,3)
Iteration 9271:  2633.480000 1871.000000 99848.498844 (0,3)
Iteration 9311:  2223.145000 1867.000000 100482.144551 (0,3)
Iteration 9322:  2217.180000 1867.000000 100570.832611 (0,3)
Iteration 9325:  2124.400000 1866.000000 100744.090148 (0,3)
Iteration 9346:  1848.030000 1867.000000 99470.742850 (0,3)
Iteration 9361:  1788.040000 1865.000000 99519.921764 (1,3)
Iteration 9362:  1709.005000 1865.000000 99729.654524 (0,3)
Iteration 9365:  1709.005000 1865.000000 99684.793644 (2,3)
Iteration 9395:  1677.515000 1859.000000 99591.121491 (0,3)
Iteration 9404:  1616.515000 1859.000000 99755.629670 (0,3)
Iteration 9412:  1531.115000 1859.000000 99344.444998 (0,1)
Iteration 9416:  1311.945000 1857.000000 99084.984671 (0,2)
Iteration 9422:  1203.580000 1860.000000 98526.748623 (2,3)
Iteration 9478:  1172.765000 1855.000000 97867.623806 (1,3)
Iteration 9484:  1003.765000 1855.000000 97780.388178 (0,3)
Iteration 9488:  909.495000 1852.000000 97794.914889 (0,3)
Iteration 9489:  883.335000 1851.000000 97743.619991 (0,3)
Iteration 9490:  857.955000 1850.000000 97857.887899 (0,3)
Iteration 9500:  699.970000 1846.000000 97668.089952 (0,3)
Iteration 9508:  588.435000 1846.000000 97588.559465 (0,3)
Iteration 9510:  585.800000 1845.000000 97694.104029 (0,3)
Iteration 9517:  305.020000 1846.000000 97705.133695 (1,3)
Iteration 9764:  147.320000 1826.000000 108844.493999 (0,3)
Iteration 18643:  103.620000 1770.000000 98813.880783 (0,3)
Iteration 18648:  103.620000 1769.000000 98904.930276 (0,3)
Iteration 18658:  102.350000 1770.000000 99003.918635 (1,0)
Iteration 18669:  102.350000 1769.000000 98878.277771 (1,2)
Iteration 18681:  99.080000 1771.000000 98946.059838 (1,0)
Iteration 18687:  99.080000 1769.000000 99143.108653 (0,3)
Iteration 18691:  99.080000 1769.000000 99118.882154 (0,3)
Iteration 18710:  99.080000 1768.000000 99168.708567 (1,1)
Iteration 18755:  54.810000 1768.000000 98991.980273 (0,2)
Iteration 18832:  31.655000 1768.000000 98701.285657 (1,2)
Iteration 18836:  31.655000 1768.000000 98681.023969 (0,3)
Iteration 18850:  31.655000 1766.000000 99118.012986 (1,3)
Iteration 18912:  31.655000 1764.000000 98775.384227 (1,3)
Iteration 18929:  21.720000 1764.000000 98641.049325 (0,3)
Iteration 18995:  18.940000 1759.000000 99444.614418 (0,3)
Iteration 19003:  18.940000 1759.000000 99431.076009 (2,3)
Iteration 19033:  18.940000 1757.000000 99494.297599 (0,3)
Iteration 19048:  18.940000 1757.000000 99474.727107 (1,0)
Iteration 19052:  18.940000 1757.000000 99467.708374 (1,2)
Iteration 19076:  18.940000 1757.000000 99459.626202 (1,0)
Iteration 19089:  18.940000 1757.000000 99442.822606 (1,1)
Iteration 19103:  10.940000 1756.000000 99771.952630 (0,3)
Iteration 19122:  10.940000 1756.000000 99741.555007 (0,3)
Iteration 19124:  8.670000 1756.000000 99726.389294 (0,3)
Iteration 19140:  8.670000 1754.000000 99933.852901 (1,1)
Iteration 19158:  8.670000 1754.000000 99816.142744 (1,2)
Iteration 19434:  8.670000 1753.000000 98890.589319 (0,2)
Iteration 19483:  8.670000 1752.000000 98907.441456 (0,3)
Iteration 19486:  8.670000 1752.000000 98845.625399 (0,3)
Iteration 19511:  8.670000 1752.000000 98789.774858 (1,3)
Iteration 19557:  8.670000 1752.000000 98769.890095 (0,3)
Iteration 19604:  8.670000 1752.000000 98111.868441 (0,3)
Iteration 19625:  8.670000 1748.000000 98441.018210 (1,0)
Iteration 19626:  8.670000 1746.000000 98393.095622 (0,3)
Iteration 19632:  8.670000 1745.000000 98303.640654 (0,3)
Iteration 33034:  6.780000 1592.000000 104064.052023 (1,3)
Iteration 33035:  6.780000 1591.000000 104161.972938 (0,3)
Iteration 33044:  6.780000 1589.000000 103637.955138 (0,3)
Iteration 33061:  6.780000 1587.000000 103490.062291 (0,3)
Iteration 33062:  6.780000 1587.000000 103310.120674 (1,3)
Iteration 33092:  6.780000 1586.000000 102901.242649 (0,3)
Iteration 33096:  6.780000 1586.000000 102856.585978 (0,2)
Iteration 33112:  6.780000 1584.000000 103047.918908 (0,3)
Iteration 33113:  6.780000 1582.000000 103037.488273 (0,1)
Iteration 33119:  6.780000 1580.000000 103050.944617 (1,0)
Iteration 33138:  6.780000 1576.000000 103203.681905 (0,3)
Iteration 33167:  6.780000 1575.000000 103305.370584 (0,3)
Iteration 33176:  6.780000 1573.000000 103375.065803 (1,1)
Iteration 33182:  6.780000 1573.000000 103371.638007 (0,3)
Iteration 33183:  6.780000 1570.000000 103120.864347 (0,3)
Iteration 33209:  6.780000 1567.000000 102848.297481 (0,3)
Iteration 33365:  6.780000 1566.000000 102805.737905 (0,3)
Iteration 33431:  6.780000 1566.000000 102772.482441 (0,3)
Iteration 33468:  6.780000 1566.000000 102727.998195 (1,2)
Iteration 33471:  6.780000 1565.000000 102926.951726 (0,3)
Iteration 33491:  6.780000 1564.000000 102896.973306 (0,3)
Iteration 33505:  0.000000 1564.000000 102898.608178 (1,0)
Iteration 33517:  0.000000 1562.000000 102910.991824 (0,3)
Iteration 33545:  0.000000 1558.000000 102885.467500 (0,3)
Iteration 33584:  0.000000 1555.000000 102765.396895 (0,3)
Iteration 33733:  0.000000 1554.000000 102924.496212 (0,3)
Iteration 33758:  0.000000 1553.000000 102895.723719 (0,3)
Iteration 33807:  0.000000 1551.000000 102950.037625 (0,3)
Iteration 33812:  0.000000 1550.000000 102930.056118 (0,3)
Iteration 33837:  0.000000 1547.000000 102880.562334 (0,3)
Iteration 33860:  0.000000 1546.000000 102964.356414 (0,3)
Iteration 33909:  0.000000 1546.000000 102811.495759 (0,3)
Iteration 33910:  0.000000 1546.000000 102811.495759 (1,3)
Iteration 33918:  0.000000 1545.000000 102904.990930 (1,3)
Iteration 33954:  0.000000 1542.000000 102890.992768 (0,3)
Iteration 33995:  0.000000 1541.000000 102697.172470 (0,3)
Iteration 34026:  0.000000 1540.000000 102674.412702 (0,2)
Iteration 34104:  0.000000 1540.000000 102548.297663 (0,3)
Iteration 34162:  0.000000 1538.000000 102713.206391 (0,3)
Iteration 34182:  0.000000 1537.000000 102789.378948 (0,3)
Iteration 34203:  0.000000 1537.000000 102784.501311 (1,3)
Iteration 34214:  0.000000 1537.000000 102709.007389 (0,3)
Iteration 34304:  0.000000 1536.000000 102710.403572 (0,3)
Iteration 34308:  0.000000 1536.000000 102696.181657 (1,1)
Iteration 34354:  0.000000 1535.000000 102798.561037 (0,3)
Iteration 34362:  0.000000 1533.000000 102675.805546 (0,3)
Iteration 34447:  0.000000 1532.000000 102781.559411 (0,3)
Iteration 34504:  0.000000 1532.000000 102774.827210 (0,3)
Iteration 34510:  0.000000 1532.000000 102534.640841 (0,3)
Iteration 34513:  0.000000 1531.000000 102526.859895 (0,3)
Iteration 34619:  0.000000 1531.000000 102416.647136 (0,3)
Iteration 34635:  0.000000 1530.000000 102385.995369 (0,3)
Iteration 34660:  0.000000 1529.000000 102301.355264 (0,3)
Iteration 34675:  0.000000 1528.000000 102429.568663 (1,1)
Iteration 34686:  0.000000 1526.000000 102411.945158 (0,3)
Iteration 34714:  0.000000 1526.000000 102244.004248 (1,3)
Iteration 34720:  0.000000 1524.000000 102241.033514 (1,3)
Iteration 34759:  0.000000 1523.000000 102260.695138 (0,3)
Iteration 34904:  0.000000 1522.000000 102322.031798 (0,3)
Iteration 34907:  0.000000 1522.000000 102322.031798 (1,3)
Iteration 34942:  0.000000 1520.000000 102114.022033 (0,3)
Iteration 34968:  0.000000 1520.000000 101864.755642 (0,3)
Iteration 35011:  0.000000 1520.000000 101775.225679 (0,3)
Iteration 35024:  0.000000 1518.000000 101794.619565 (0,3)
Iteration 35064:  0.000000 1517.000000 101767.777901 (0,3)
total iterations: 63498, time elapsed: 3600.02s
Destroy operator: destroy_random_leafs, Weight: 0.1797, Score: 4561.15, Count: 25472
Destroy operator: destroy_path, Weight: 0.1164, Score: 1908.10, Count: 16418
Destroy operator: destroy_worst_affinity, Weight: 0.0797, Score: 963.10, Count: 12101
Destroy operator: destroy_district_group, Weight: 0.0596, Score: 565.75, Count: 9506
Repair operator: repair_greedy_feasible, Weight: 0.0810, Score: 978.25, Count: 12111
Repair operator: repair_affinity_compact, Weight: 0.0765, Score: 864.80, Count: 11305
Repair operator: repair_nearest_center, Weight: 0.0855, Score: 1096.40, Count: 12843
Repair operator: repair_2regret, Weight: 0.1862, Score: 5058.65, Count: 27238
