Initial solution objectives: Balance violation = 33303.8900, Affinity loss = 1941, Compactness = 57688.4295
Iteration 2:  32974.380000 1941.000000 57591.706697 (0,3)
Iteration 503:  29958.566000 1918.000000 57303.997150 (0,1)
Iteration 505:  28503.506000 1919.000000 57225.746492 (0,3)
Iteration 514:  28332.340000 1916.000000 58252.529980 (3,3)
Iteration 1533:  26685.372000 1941.000000 58766.394927 (3,3)
Iteration 1534:  26685.372000 1941.000000 58686.687494 (1,3)
Iteration 1535:  26439.100000 1941.000000 58616.253874 (1,3)
Iteration 1536:  26399.772000 1941.000000 58421.920796 (0,2)
Iteration 1550:  26107.282000 1940.000000 58222.857956 (0,2)
Iteration 2051:  25005.640000 1935.000000 57521.315603 (1,0)
Iteration 2054:  24890.498000 1934.000000 58378.987920 (0,0)
Iteration 2056:  24557.226000 1934.000000 58459.031449 (1,3)
Iteration 2075:  23669.006000 1920.000000 58584.062858 (3,3)
Iteration 2084:  23264.562000 1915.000000 57770.164955 (1,1)
Iteration 2085:  21016.868000 1913.000000 58184.260959 (0,3)
Iteration 6600:  19970.328000 1920.000000 60220.475895 (0,3)
Iteration 6602:  19526.012000 1919.000000 60021.624972 (0,2)
Iteration 6603:  19358.012000 1919.000000 60014.860012 (1,3)
Iteration 7717:  18746.216000 1749.000000 62840.745813 (0,3)
Iteration 7718:  18746.216000 1748.000000 62849.739137 (2,3)
Iteration 7722:  18591.434000 1747.000000 63282.060035 (0,3)
Iteration 7727:  18586.434000 1747.000000 63229.533459 (1,0)
Iteration 7741:  18552.896000 1751.000000 62899.203416 (0,2)
Iteration 7744:  18346.806000 1749.000000 62500.406593 (0,2)
Iteration 7745:  16854.906000 1748.000000 62825.447369 (0,3)
Iteration 7749:  16608.774000 1747.000000 63005.368297 (0,3)
Iteration 8307:  16560.872000 1926.000000 60403.210497 (0,3)
Iteration 8308:  16378.988000 1926.000000 60315.135273 (0,2)
Iteration 8309:  16218.446000 1924.000000 60340.010481 (1,1)
Iteration 8398:  15431.024000 1919.000000 61906.957297 (0,3)
Iteration 8406:  14226.564000 1921.000000 61780.285646 (0,3)
Iteration 8409:  13223.402000 1921.000000 62119.164235 (0,3)
Iteration 8414:  12950.980000 1923.000000 61846.735653 (0,3)
Iteration 8415:  12052.196000 1923.000000 61922.286860 (0,3)
Iteration 8454:  11484.124000 1917.000000 62320.605662 (0,3)
Iteration 8458:  10572.988000 1917.000000 62161.264026 (0,3)
Iteration 8459:  9902.122000 1917.000000 62174.758330 (0,3)
Iteration 8467:  9792.602000 1918.000000 62191.872420 (0,3)
Iteration 8475:  9735.752000 1918.000000 62252.451176 (0,3)
Iteration 8480:  9653.832000 1918.000000 62469.082911 (0,3)
Iteration 8497:  9408.044000 1918.000000 62871.805635 (0,3)
Iteration 8532:  9033.370000 1917.000000 62016.318068 (0,3)
Iteration 8548:  8564.442000 1914.000000 62425.511355 (0,3)
Iteration 8556:  7947.446000 1914.000000 62596.063967 (0,3)
Iteration 8558:  7880.152000 1912.000000 62633.181434 (0,3)
Iteration 8562:  7383.976000 1912.000000 62332.532071 (0,3)
Iteration 8564:  7198.100000 1911.000000 62319.822532 (0,3)
Iteration 8565:  6965.586000 1911.000000 62395.587446 (0,3)
Iteration 8571:  6765.174000 1910.000000 63116.828152 (0,3)
Iteration 8574:  6701.908000 1910.000000 63383.609811 (0,3)
Iteration 8577:  6614.752000 1910.000000 63297.801316 (0,3)
Iteration 8585:  6587.156000 1910.000000 63431.783799 (0,3)
Iteration 8594:  6585.792000 1910.000000 63240.704581 (0,3)
Iteration 8602:  6482.008000 1910.000000 63270.102704 (1,3)
Iteration 8651:  6260.954000 1917.000000 63729.325103 (0,3)
Iteration 8653:  5320.700000 1915.000000 63914.775272 (0,3)
Iteration 8672:  5114.816000 1917.000000 64168.902463 (0,3)
Iteration 8676:  4704.970000 1917.000000 64298.901917 (1,3)
Iteration 8679:  4175.820000 1916.000000 64021.530799 (3,3)
Iteration 8681:  4003.510000 1918.000000 64047.381562 (0,3)
Iteration 8689:  3796.466000 1916.000000 63709.364340 (3,3)
Iteration 8739:  3718.154000 1918.000000 63036.055675 (0,3)
Iteration 8768:  3467.400000 1911.000000 63129.283771 (0,3)
Iteration 8774:  3020.966000 1912.000000 62972.146415 (0,3)
Iteration 8775:  2840.800000 1912.000000 63130.974599 (0,3)
Iteration 8787:  2512.858000 1913.000000 63674.793005 (0,3)
Iteration 27659:  2449.412000 1849.000000 65312.467407 (0,3)
Iteration 27666:  2293.948000 1848.000000 65436.137444 (0,3)
Iteration 27679:  2252.182000 1848.000000 65453.421683 (0,3)
Iteration 27681:  2252.182000 1848.000000 65444.145657 (0,3)
Iteration 27686:  2115.082000 1846.000000 65702.101651 (0,3)
Iteration 27691:  2112.438000 1848.000000 65667.328124 (0,3)
Iteration 27694:  2107.230000 1848.000000 65666.229281 (0,3)
Iteration 27699:  2107.230000 1848.000000 65638.623428 (1,3)
Iteration 27703:  2094.230000 1848.000000 65613.582266 (0,3)
Iteration 27704:  2071.346000 1847.000000 65757.486205 (0,3)
Iteration 27706:  1956.346000 1847.000000 65755.592462 (0,3)
Iteration 27716:  1937.920000 1847.000000 65828.174135 (0,3)
Iteration 27720:  1937.920000 1847.000000 65666.883103 (0,3)
Iteration 27722:  1852.840000 1846.000000 65618.942865 (0,3)
Iteration 27724:  1701.724000 1846.000000 65575.152104 (0,3)
Iteration 27730:  1665.492000 1846.000000 65497.868149 (0,3)
Iteration 27740:  1532.608000 1846.000000 64935.128861 (0,3)
Iteration 27741:  1386.794000 1846.000000 64877.376987 (1,3)
Iteration 27743:  1302.150000 1846.000000 64947.548692 (0,3)
Iteration 27749:  1302.150000 1844.000000 65001.125296 (0,3)
Iteration 27752:  1204.940000 1845.000000 64907.375529 (0,3)
Iteration 27762:  1204.940000 1845.000000 64873.591730 (0,3)
Iteration 27763:  1167.212000 1845.000000 64795.038127 (0,3)
Iteration 27781:  1052.764000 1845.000000 64732.673972 (0,3)
Iteration 27784:  1032.532000 1845.000000 64701.570161 (0,3)
Iteration 27803:  1032.532000 1845.000000 64682.969159 (0,3)
Iteration 27804:  1032.532000 1845.000000 64672.244251 (0,3)
Iteration 27817:  1032.532000 1845.000000 64643.693676 (0,3)
Iteration 27825:  930.660000 1845.000000 64476.996510 (0,3)
Iteration 27829:  930.660000 1845.000000 64426.977930 (0,3)
Iteration 27831:  902.406000 1845.000000 64422.926043 (2,3)
Iteration 27839:  899.762000 1845.000000 64341.867317 (1,3)
Iteration 27842:  899.762000 1844.000000 64324.078096 (0,3)
Iteration 27854:  869.512000 1844.000000 64225.763683 (0,3)
Iteration 27881:  838.534000 1844.000000 64208.656061 (0,3)
Iteration 27890:  821.752000 1844.000000 64150.139092 (0,3)
Iteration 27910:  817.542000 1844.000000 64085.825850 (0,3)
Iteration 27934:  817.542000 1844.000000 64048.787550 (0,3)
Iteration 27940:  812.978000 1844.000000 64004.133019 (1,3)
Iteration 27944:  812.978000 1844.000000 63979.221588 (0,3)
Iteration 27948:  808.210000 1844.000000 63965.278504 (0,3)
Iteration 27949:  793.832000 1844.000000 63903.680922 (0,3)
Iteration 27970:  789.832000 1844.000000 63902.332120 (1,3)
Iteration 27971:  789.832000 1843.000000 63928.025213 (0,3)
Iteration 28009:  789.832000 1843.000000 63924.849053 (0,3)
Iteration 28016:  789.832000 1843.000000 63920.127284 (0,3)
Iteration 28018:  789.832000 1843.000000 63878.794942 (1,3)
Iteration 28027:  789.832000 1843.000000 63809.586260 (0,3)
Iteration 28045:  721.374000 1843.000000 63819.457316 (0,3)
Iteration 28082:  720.374000 1843.000000 63895.954381 (0,3)
Iteration 28092:  720.374000 1842.000000 63962.864953 (0,3)
Iteration 28110:  720.374000 1840.000000 64040.896678 (0,3)
Iteration 28113:  717.810000 1841.000000 63938.903657 (1,3)
Iteration 28127:  707.832000 1841.000000 63931.663149 (0,3)
Iteration 28132:  707.832000 1841.000000 63642.211025 (0,3)
Iteration 28197:  615.164000 1841.000000 63642.925297 (1,3)
Iteration 28245:  615.164000 1839.000000 63515.950888 (0,3)
Iteration 28260:  613.520000 1838.000000 63443.857865 (0,3)
Iteration 28282:  577.724000 1838.000000 63389.481709 (0,3)
Iteration 28323:  577.724000 1838.000000 63359.704856 (0,3)
Iteration 28347:  577.724000 1838.000000 63347.721140 (0,3)
Iteration 28376:  577.724000 1838.000000 63333.158544 (0,3)
Iteration 28454:  577.724000 1838.000000 63190.800834 (0,3)
Iteration 28461:  573.940000 1839.000000 63446.219354 (0,0)
Iteration 28485:  541.802000 1839.000000 63521.004297 (0,3)
Iteration 28502:  538.896000 1839.000000 63541.915222 (0,3)
Iteration 28513:  522.332000 1839.000000 63527.870368 (0,3)
Iteration 28520:  522.332000 1839.000000 63456.525631 (0,3)
Iteration 28528:  518.332000 1838.000000 63484.516306 (1,3)
Iteration 28533:  499.138000 1838.000000 63397.023010 (0,3)
Iteration 28540:  495.494000 1837.000000 63328.050041 (0,3)
Iteration 28543:  495.494000 1837.000000 63259.116630 (0,3)
Iteration 28566:  495.494000 1837.000000 63246.472137 (0,3)
Iteration 28570:  493.472000 1837.000000 63217.469818 (0,3)
Iteration 28580:  493.472000 1837.000000 63148.993060 (0,3)
Iteration 28586:  493.472000 1837.000000 63122.258644 (0,3)
Iteration 28591:  454.726000 1837.000000 63063.062469 (0,3)
Iteration 28615:  419.726000 1837.000000 63241.005415 (0,3)
Iteration 28621:  395.494000 1837.000000 63139.542581 (0,3)
Iteration 28626:  395.494000 1836.000000 63057.126884 (0,3)
Iteration 28638:  395.494000 1834.000000 63874.139306 (0,3)
Iteration 28663:  395.494000 1832.000000 63799.758807 (0,3)
Iteration 28677:  389.494000 1831.000000 63784.472262 (0,3)
Iteration 28719:  389.494000 1831.000000 63740.969325 (0,3)
Iteration 28824:  389.494000 1831.000000 63722.485738 (0,3)
Iteration 28830:  387.980000 1830.000000 63542.730467 (0,3)
Iteration 28855:  370.312000 1830.000000 63540.459838 (0,3)
Iteration 28859:  368.748000 1830.000000 63538.976909 (0,3)
Iteration 28876:  365.184000 1830.000000 63594.453822 (0,0)
Iteration 28886:  365.184000 1830.000000 63570.408990 (0,3)
Iteration 28889:  365.184000 1830.000000 63528.233788 (0,3)
Iteration 28906:  365.184000 1830.000000 63513.408603 (0,3)
Iteration 28914:  357.516000 1830.000000 63439.726375 (0,3)
Iteration 28918:  357.516000 1830.000000 63399.147956 (1,3)
Iteration 28933:  357.516000 1828.000000 63457.946109 (0,3)
Iteration 28936:  357.516000 1828.000000 63419.154137 (0,3)
Iteration 28959:  357.516000 1828.000000 63409.388317 (0,3)
Iteration 28981:  357.516000 1828.000000 63374.904532 (1,3)
Iteration 29029:  353.516000 1831.000000 63416.491141 (0,0)
Iteration 29043:  349.516000 1830.000000 63444.481816 (0,3)
Iteration 29068:  349.516000 1828.000000 63413.543175 (0,3)
Iteration 29135:  349.516000 1827.000000 63557.405434 (0,3)
Iteration 29165:  349.516000 1826.000000 63538.423917 (0,3)
Iteration 29198:  342.516000 1826.000000 63536.427474 (0,3)
Iteration 29219:  312.720000 1826.000000 63464.433060 (0,3)
Iteration 29428:  312.720000 1826.000000 63451.493140 (0,3)
Iteration 29438:  312.720000 1824.000000 63452.537946 (0,3)
Iteration 29446:  302.720000 1824.000000 63426.862973 (0,3)
Iteration 29532:  302.720000 1822.000000 63432.500537 (0,3)
Iteration 29535:  302.720000 1821.000000 63499.826540 (0,3)
Iteration 29631:  299.858000 1819.000000 64629.338608 (0,3)
Iteration 29654:  299.858000 1819.000000 64407.370253 (0,3)
Iteration 29667:  293.128000 1819.000000 64303.628697 (0,3)
Iteration 29782:  290.564000 1819.000000 64132.856734 (0,3)
Iteration 29793:  258.332000 1817.000000 64205.615400 (0,3)
Iteration 29962:  258.332000 1816.000000 64198.802522 (0,3)
Iteration 30015:  255.354000 1816.000000 64167.078871 (0,3)
Iteration 30056:  255.354000 1816.000000 64167.069880 (0,3)
Iteration 30086:  218.492000 1816.000000 64154.148695 (0,3)
Iteration 30134:  196.790000 1816.000000 64174.930959 (0,3)
Iteration 30141:  196.790000 1816.000000 64084.577609 (1,3)
Iteration 30219:  196.790000 1814.000000 64076.669394 (0,3)
Iteration 30302:  196.790000 1814.000000 64045.533425 (0,3)
Iteration 30333:  196.790000 1813.000000 64024.625039 (0,3)
Iteration 30341:  196.790000 1813.000000 63970.610634 (0,3)
Iteration 30348:  196.790000 1813.000000 63950.361073 (0,3)
Iteration 30361:  192.768000 1812.000000 64059.233205 (0,3)
Iteration 30472:  192.768000 1812.000000 64040.426798 (0,3)
Iteration 30506:  188.194000 1812.000000 64100.284022 (0,3)
Iteration 30550:  188.194000 1811.000000 64029.256449 (0,3)
Iteration 30595:  188.194000 1811.000000 63986.164280 (0,3)
Iteration 30638:  188.194000 1809.000000 64035.320774 (0,3)
Iteration 30705:  188.194000 1809.000000 63968.612686 (1,2)
Iteration 30738:  186.630000 1809.000000 63903.633235 (0,3)
Iteration 30745:  186.630000 1809.000000 63816.134493 (0,3)
Iteration 30786:  186.630000 1809.000000 63800.073955 (0,3)
Iteration 30817:  186.630000 1808.000000 63712.108503 (0,3)
Iteration 30844:  184.630000 1808.000000 63722.777979 (0,3)
Iteration 30862:  166.630000 1808.000000 63752.866675 (0,3)
Iteration 30899:  166.630000 1806.000000 63724.292470 (0,3)
Iteration 30981:  166.630000 1806.000000 63673.318914 (0,3)
Iteration 31077:  166.630000 1806.000000 63668.567300 (0,3)
Iteration 31200:  166.630000 1806.000000 63635.771288 (0,3)
Iteration 31403:  160.056000 1806.000000 63579.834761 (0,3)
Iteration 31479:  160.056000 1805.000000 63515.171422 (0,3)
Iteration 31523:  160.056000 1805.000000 63514.260849 (0,3)
Iteration 31534:  156.056000 1805.000000 63509.361347 (0,3)
Iteration 31535:  145.918000 1805.000000 63587.975328 (0,3)
Iteration 31594:  145.918000 1805.000000 63571.878293 (1,3)
Iteration 31597:  145.918000 1805.000000 63567.913911 (1,2)
Iteration 31620:  134.918000 1805.000000 63511.535014 (0,3)
Iteration 31648:  134.918000 1805.000000 63486.865467 (0,3)
Iteration 31673:  134.918000 1805.000000 63477.077990 (0,3)
Iteration 31739:  134.918000 1804.000000 63415.833881 (0,3)
Iteration 31747:  131.354000 1804.000000 63418.229930 (0,3)
Iteration 31885:  131.354000 1804.000000 63393.301672 (0,3)
Iteration 31947:  131.354000 1804.000000 63311.905900 (0,3)
Iteration 32034:  129.918000 1804.000000 63474.325107 (0,0)
Iteration 32072:  129.918000 1804.000000 63458.499825 (0,3)
Iteration 32146:  119.354000 1804.000000 63439.934389 (0,3)
Iteration 32202:  119.354000 1803.000000 63436.407608 (0,3)
Iteration 32224:  119.354000 1803.000000 63389.284883 (0,3)
Iteration 32232:  119.354000 1803.000000 63389.284883 (0,3)
Iteration 32287:  116.376000 1803.000000 63390.827987 (0,3)
Iteration 32402:  116.376000 1803.000000 63365.834855 (0,3)
Iteration 32435:  116.376000 1803.000000 63293.885745 (0,3)
Iteration 32530:  112.398000 1803.000000 63332.881865 (1,0)
Iteration 32592:  112.398000 1803.000000 63327.905981 (0,3)
Iteration 32635:  112.398000 1803.000000 63304.321671 (0,3)
Iteration 32641:  105.962000 1803.000000 63269.243228 (0,3)
Iteration 32960:  105.962000 1802.000000 63259.300773 (0,3)
Iteration 33230:  104.398000 1801.000000 63270.136551 (0,3)
Iteration 33318:  104.398000 1801.000000 63251.174326 (0,3)
Iteration 33557:  104.398000 1800.000000 63369.634930 (0,3)
Iteration 33587:  104.398000 1799.000000 63392.102720 (0,3)
Iteration 33607:  104.398000 1799.000000 63365.777077 (0,3)
Iteration 33678:  102.962000 1799.000000 63389.205947 (0,3)
Iteration 33961:  102.962000 1799.000000 63340.751244 (0,3)
total iterations: 120643, time elapsed: 3600.03s
Destroy operator: destroy_random_leafs, Weight: 0.2705, Score: 16058.10, Count: 59277
Destroy operator: destroy_path, Weight: 0.1091, Score: 2736.75, Count: 25048
Destroy operator: destroy_worst_affinity, Weight: 0.0871, Score: 1679.75, Count: 19242
Destroy operator: destroy_district_group, Weight: 0.0705, Score: 1203.40, Count: 17075
Repair operator: repair_greedy_feasible, Weight: 0.0832, Score: 1696.50, Count: 20351
Repair operator: repair_affinity_compact, Weight: 0.0699, Score: 1228.25, Count: 17561
Repair operator: repair_nearest_center, Weight: 0.0757, Score: 1433.85, Count: 18917
Repair operator: repair_2regret, Weight: 0.2710, Score: 17319.40, Count: 63813
