Initial solution objectives: Balance violation = 32442.4160, Affinity loss = 1974, Compactness = 55945.1567
Iteration 0:  32151.782000 1974.000000 56847.797265 (3,1)
Iteration 3:  31117.789000 1973.000000 57048.568003 (0,3)
Iteration 1510:  30938.274000 1831.000000 63152.595916 (0,3)
Iteration 1511:  30860.367000 1830.000000 63254.145792 (2,3)
Iteration 1512:  30440.506000 1827.000000 63350.633976 (3,3)
Iteration 1514:  29779.383000 1830.000000 63160.427593 (3,3)
Iteration 1515:  28851.202000 1829.000000 63387.679819 (0,3)
Iteration 6034:  28695.162000 1827.000000 60628.113524 (0,3)
Iteration 6037:  27519.302000 1825.000000 60906.051873 (0,0)
Iteration 6038:  27304.485000 1825.000000 60944.649726 (1,0)
Iteration 6041:  24953.913000 1828.000000 61046.038502 (3,3)
Iteration 6082:  23938.447000 1804.000000 62561.163632 (3,3)
Iteration 6083:  22469.898000 1801.000000 62609.107657 (0,3)
Iteration 6088:  21675.754000 1798.000000 62181.544641 (0,3)
Iteration 6091:  21675.754000 1798.000000 61790.206434 (1,3)
Iteration 6095:  21448.476000 1802.000000 62905.482234 (0,3)
Iteration 6096:  19941.831000 1803.000000 62928.385750 (0,3)
Iteration 6099:  18750.655000 1806.000000 62855.023733 (0,3)
Iteration 6102:  18692.569000 1806.000000 62866.342305 (1,3)
Iteration 6104:  18655.573000 1806.000000 62885.707475 (2,3)
Iteration 6105:  18533.209000 1806.000000 62757.498600 (0,3)
Iteration 6107:  17753.032000 1806.000000 62751.436634 (0,3)
Iteration 6109:  17231.830000 1806.000000 62201.119130 (0,1)
Iteration 6114:  16554.652000 1805.000000 62703.109274 (0,3)
Iteration 6115:  16456.604000 1805.000000 62657.162209 (2,3)
Iteration 6125:  16238.419000 1804.000000 62925.526886 (0,3)
Iteration 6143:  15774.719000 1796.000000 63150.161941 (0,3)
Iteration 6146:  15689.450000 1796.000000 63181.527078 (1,0)
Iteration 6153:  15021.886000 1797.000000 63075.032998 (0,3)
Iteration 6181:  14897.310000 1794.000000 61976.868366 (0,3)
Iteration 6192:  14051.495000 1797.000000 62669.607877 (0,3)
Iteration 7487:  13544.095000 1931.000000 61100.142770 (0,3)
Iteration 7489:  12853.913000 1932.000000 61542.581912 (0,3)
Iteration 7491:  12468.331000 1932.000000 61462.121656 (0,3)
Iteration 7495:  12248.137000 1932.000000 61505.995598 (0,3)
Iteration 7510:  11796.756000 1933.000000 61751.893317 (0,3)
Iteration 7517:  11763.243000 1933.000000 61721.499853 (0,3)
Iteration 7521:  10703.239000 1933.000000 62437.645419 (0,3)
Iteration 7522:  10663.142000 1933.000000 62556.805468 (0,3)
Iteration 7523:  10622.239000 1933.000000 62556.572041 (1,3)
Iteration 7525:  9992.479000 1933.000000 62476.717787 (2,3)
Iteration 7526:  9981.018000 1932.000000 62446.242614 (0,3)
Iteration 7530:  9792.468000 1932.000000 62356.776089 (2,3)
Iteration 7533:  9488.880000 1932.000000 62171.167260 (0,3)
Iteration 7535:  9263.807000 1932.000000 62369.816353 (0,3)
Iteration 7536:  9027.384000 1934.000000 62319.159743 (0,3)
Iteration 7538:  8889.567000 1934.000000 62345.677525 (0,3)
Iteration 7540:  8686.653000 1934.000000 62418.252240 (0,3)
Iteration 7550:  8554.961000 1936.000000 62841.111274 (0,3)
Iteration 7552:  8353.864000 1936.000000 62690.934542 (0,3)
Iteration 7595:  8116.517000 1938.000000 62800.230111 (0,3)
Iteration 7601:  8037.700000 1938.000000 63063.995206 (0,3)
Iteration 7800:  7917.704000 1931.000000 62478.045143 (0,3)
Iteration 7804:  7722.618000 1931.000000 62446.231318 (0,3)
Iteration 7806:  7474.618000 1931.000000 62487.856228 (1,3)
Iteration 7812:  7359.431000 1930.000000 62540.680652 (0,3)
Iteration 7823:  7080.023000 1931.000000 62933.741795 (0,3)
Iteration 7827:  7077.569000 1931.000000 63103.570560 (0,0)
Iteration 7837:  6999.439000 1931.000000 62479.030843 (0,0)
Iteration 7917:  6970.413000 1928.000000 62416.939860 (0,3)
Iteration 7919:  6945.049000 1928.000000 62573.164752 (1,3)
Iteration 7920:  6858.723000 1926.000000 62669.577079 (0,3)
Iteration 7925:  6772.761000 1926.000000 62707.375565 (2,3)
Iteration 7929:  6708.290000 1926.000000 62521.884158 (0,3)
Iteration 7930:  6673.328000 1926.000000 62557.167898 (0,3)
Iteration 7933:  6612.185000 1926.000000 62494.582981 (0,3)
Iteration 7935:  6390.185000 1926.000000 62344.764581 (0,3)
Iteration 7940:  6256.454000 1926.000000 62293.416868 (0,3)
Iteration 7941:  6149.133000 1927.000000 62366.008144 (0,3)
Iteration 8085:  5866.385000 1924.000000 62974.116926 (0,3)
Iteration 8090:  5841.781000 1924.000000 63118.823832 (0,3)
Iteration 8094:  5769.059000 1924.000000 63051.801162 (0,3)
Iteration 8095:  5506.806000 1924.000000 63104.696225 (0,3)
Iteration 8101:  5268.193000 1924.000000 63045.307703 (0,3)
Iteration 8105:  4656.222000 1924.000000 63143.881474 (0,3)
Iteration 8106:  4233.024000 1924.000000 63105.097581 (0,3)
Iteration 8263:  4022.963000 1927.000000 65227.019455 (0,3)
Iteration 8286:  3971.447000 1926.000000 65840.690304 (0,3)
Iteration 8289:  3887.635000 1926.000000 65915.335422 (0,3)
Iteration 8325:  3696.167000 1927.000000 65871.405154 (1,3)
Iteration 8329:  3590.422000 1926.000000 65892.836134 (0,3)
Iteration 8336:  3530.596000 1926.000000 66118.572807 (2,3)
Iteration 8337:  3485.367000 1926.000000 65884.690808 (0,3)
Iteration 8341:  3343.060000 1926.000000 65562.941069 (0,3)
Iteration 8497:  3208.934000 1923.000000 64132.987682 (0,3)
Iteration 8502:  3163.570000 1923.000000 64126.782842 (2,3)
Iteration 8507:  3150.206000 1923.000000 64175.467611 (0,3)
Iteration 8719:  2904.008000 1917.000000 63884.906103 (0,3)
Iteration 8721:  2718.415000 1917.000000 63891.061993 (0,3)
Iteration 8788:  2623.425000 1921.000000 63083.683463 (0,3)
Iteration 8791:  2520.522000 1921.000000 63135.569032 (0,3)
Iteration 8792:  2511.522000 1921.000000 63064.757984 (0,3)
Iteration 8796:  2406.747000 1921.000000 63043.414866 (0,3)
Iteration 8832:  2334.461000 1922.000000 63483.228725 (0,3)
Iteration 8834:  2180.008000 1922.000000 63502.479887 (0,3)
Iteration 8848:  2093.946000 1923.000000 63369.763065 (0,3)
Iteration 9212:  2074.123000 1923.000000 63074.951517 (0,3)
Iteration 41759:  2044.186000 1957.000000 63135.771453 (0,3)
Iteration 41768:  2043.591000 1957.000000 63123.473181 (0,3)
Iteration 41773:  2026.763000 1957.000000 63055.186532 (0,3)
Iteration 41785:  1927.908000 1957.000000 63091.844847 (0,3)
Iteration 41810:  1919.908000 1957.000000 63103.683601 (0,3)
Iteration 41819:  1913.908000 1957.000000 63056.372705 (0,3)
Iteration 41829:  1880.223000 1957.000000 63121.926056 (0,3)
Iteration 41838:  1812.309000 1957.000000 63121.347581 (0,3)
Iteration 41850:  1810.983000 1957.000000 63154.937938 (0,3)
Iteration 41879:  1810.309000 1957.000000 63207.688661 (0,3)
Iteration 41891:  1703.856000 1957.000000 63238.608877 (0,3)
Iteration 41948:  1700.856000 1956.000000 63209.589716 (0,3)
Iteration 42021:  1682.136000 1956.000000 63305.282822 (0,3)
Iteration 42025:  1675.810000 1956.000000 63342.139642 (1,0)
Iteration 42054:  1622.178000 1956.000000 63368.025182 (1,3)
Iteration 42091:  1594.508000 1956.000000 63362.176389 (0,3)
Iteration 42095:  1547.508000 1956.000000 63358.043944 (0,3)
Iteration 42109:  1512.508000 1956.000000 63345.469260 (1,3)
Iteration 42111:  1507.418000 1956.000000 63343.218885 (0,3)
Iteration 42129:  1489.744000 1956.000000 63317.088726 (0,3)
Iteration 42158:  1449.744000 1956.000000 63316.815833 (0,3)
Iteration 42163:  1449.744000 1956.000000 63267.276238 (0,3)
Iteration 42166:  1427.070000 1956.000000 62900.398637 (0,3)
Iteration 42185:  1418.066000 1956.000000 62889.671976 (0,3)
Iteration 42241:  1387.837000 1956.000000 62770.228007 (0,3)
Iteration 42639:  1306.837000 1956.000000 62917.972980 (0,3)
Iteration 42699:  1291.115000 1956.000000 62989.021363 (0,3)
Iteration 42771:  1274.115000 1956.000000 62994.195536 (0,3)
Iteration 42823:  1255.260000 1956.000000 63336.123708 (0,3)
Iteration 42919:  1254.346000 1956.000000 63225.275885 (0,3)
Iteration 42986:  1250.249000 1956.000000 63171.039153 (0,3)
Iteration 43015:  1243.335000 1956.000000 63107.351383 (0,3)
Iteration 43182:  1206.518000 1956.000000 63041.031819 (0,3)
Iteration 43608:  1204.518000 1956.000000 63033.276116 (0,3)
Iteration 43759:  1171.068000 1957.000000 63133.551307 (0,3)
Iteration 43791:  1163.432000 1957.000000 63216.651874 (0,3)
Iteration 43803:  1157.432000 1957.000000 63089.660794 (0,3)
Iteration 43878:  1144.335000 1957.000000 63106.221887 (1,3)
Iteration 43902:  1142.057000 1957.000000 63049.215185 (0,3)
Iteration 43917:  1070.053000 1957.000000 62997.304388 (0,3)
Iteration 44092:  1070.053000 1957.000000 62972.002303 (0,3)
Iteration 44493:  1066.786000 1957.000000 62956.715021 (0,3)
Iteration 44719:  1056.689000 1957.000000 62991.944052 (0,3)
Iteration 44779:  1049.053000 1957.000000 62882.148271 (0,3)
Iteration 44856:  1043.379000 1957.000000 62820.877075 (0,3)
Iteration 45174:  1034.465000 1957.000000 62806.556199 (0,3)
Iteration 45403:  1034.465000 1957.000000 62753.992847 (0,3)
Iteration 45900:  1033.324000 1957.000000 62679.762743 (0,3)
Iteration 45909:  1026.324000 1957.000000 62717.885121 (0,3)
Iteration 45917:  969.998000 1957.000000 62696.200000 (0,3)
Iteration 46051:  969.362000 1956.000000 62648.533597 (0,3)
Iteration 46109:  964.688000 1956.000000 63302.161932 (0,3)
Iteration 46229:  886.134000 1956.000000 63343.153502 (0,3)
Iteration 46271:  858.460000 1956.000000 63351.754402 (0,3)
Iteration 46307:  847.464000 1956.000000 63329.938500 (0,3)
Iteration 46313:  842.468000 1956.000000 63291.816122 (0,3)
Iteration 46324:  842.468000 1956.000000 63278.290708 (0,3)
Iteration 46491:  841.464000 1956.000000 63255.751238 (0,3)
total iterations: 77321, time elapsed: 3600.03s
Destroy operator: destroy_random_leafs, Weight: 0.2863, Score: 10978.35, Count: 38300
Destroy operator: destroy_path, Weight: 0.1026, Score: 1483.15, Count: 14434
Destroy operator: destroy_worst_affinity, Weight: 0.0949, Score: 1300.40, Count: 13683
Destroy operator: destroy_district_group, Weight: 0.0682, Score: 743.75, Count: 10903
Repair operator: repair_greedy_feasible, Weight: 0.0784, Score: 997.25, Count: 12701
Repair operator: repair_affinity_compact, Weight: 0.0652, Score: 707.65, Count: 10858
Repair operator: repair_nearest_center, Weight: 0.0651, Score: 696.15, Count: 10693
Repair operator: repair_2regret, Weight: 0.2808, Score: 12104.60, Count: 43068
