BalanceViolation 0.000000
AffinityLoss 0.000000
Compactness 5717.696683
District 1
Nodes: 5 11 16 18 22 35 46 54 62 74 87 94 96 112 114 116 122 127 161 170 178 187 225 226 227 229 230 252 254 258 260 264 267 273 283 286 287 318 341 349 350 353 356 361 367 368 392 401 408 420 430 432 434 439 440 447 458 471 488
Compactness: 679.699111
Weights: 748.000000 13535.000000 3233.000000
Center Node: 22

District 2
Nodes: 34 45 47 52 57 69 85 102 117 139 140 156 172 173 176 205 207 212 231 232 241 243 244 245 255 280 294 296 297 301 311 324 330 334 340 351 358 362 363 377 382 388 389 395 405 412 413 421 441 449 452 489 492
Compactness: 629.706132
Weights: 558.000000 11173.000000 3117.000000
Center Node: 340

District 3
Nodes: 10 23 27 28 50 72 76 89 137 141 152 189 193 194 195 196 198 204 210 213 222 251 256 265 270 275 277 307 312 320 328 347 357 371 374 376 402 427 443 477 484 487
Compactness: 497.547706
Weights: 483.000000 8752.000000 2339.000000
Center Node: 443

District 4
Nodes: 12 32 49 73 77 82 91 95 100 104 128 133 134 142 150 165 186 190 223 269 282 291 317 323 335 364 387 391 394 397 409 425 442 453 476
Compactness: 389.648115
Weights: 423.000000 7470.000000 2024.000000
Center Node: 269

District 5
Nodes: 0 2 37 38 41 60 61 67 71 80 113 115 132 136 144 154 162 166 183 197 203 220 238 239 242 257 276 290 302 316 333 345 379 385 396 399 400 411 419 422 435 437 448 460 475 478 479 491 497
Compactness: 527.428995
Weights: 578.000000 9943.000000 2748.000000
Center Node: 316

District 6
Nodes: 13 21 39 42 48 59 63 66 70 81 86 92 99 118 126 155 160 180 185 199 202 206 208 209 233 246 253 261 266 271 281 289 298 304 306 313 315 319 325 332 342 343 344 346 369 373 375 380 410 414 415 417 418 423 424 451 455 459 461 463 464 466 490 493 494 496
Compactness: 708.869232
Weights: 768.000000 13312.000000 3486.000000
Center Node: 202

District 7
Nodes: 3 4 7 17 19 33 53 56 58 65 103 105 106 110 121 124 125 130 138 143 145 157 159 171 175 177 184 192 200 221 228 262 272 279 292 299 309 322 337 355 393 398 403 406 426 429 444 450 456 465 467 468 469 470 472 473 480 486 495
Compactness: 729.114436
Weights: 672.000000 13079.000000 3192.000000
Center Node: 4

District 8
Nodes: 1 6 9 15 26 40 43 64 75 79 83 84 98 101 107 108 123 129 146 147 153 168 191 201 215 219 235 248 249 250 259 278 285 288 295 300 314 326 327 329 336 352 365 386 404 436 445 457 482 498
Compactness: 629.285802
Weights: 564.000000 9298.000000 2542.000000
Center Node: 9

District 9
Nodes: 14 24 25 29 30 31 36 44 55 119 148 149 151 164 169 174 179 181 182 214 216 218 234 236 237 240 247 263 274 293 303 308 338 339 348 359 370 372 384 390 407 428 431 438 481 483 485
Compactness: 532.943738
Weights: 567.000000 9968.000000 3065.000000
Center Node: 338

District 10
Nodes: 8 20 51 68 78 88 90 93 97 109 111 120 131 135 158 163 167 188 211 217 224 268 284 305 310 321 331 354 360 366 378 381 383 416 433 446 454 462 474 499
Compactness: 393.453417
Weights: 482.000000 7461.000000 2214.000000
Center Node: 93
