BalanceViolation 0.000000
AffinityLoss 0.000000
Compactness 8401.342209
District 1
Nodes: 0 1 2 7 25 51 53 56 106 113 126 139 150 153 155 164 167 193 194 202 206 208 217 237 241 256 258 283 293 308 327 337 343 353 356 362 377 417 423 430 438 460 465 470 475 494 500 512 550 556 569 577 592 601 602 606 625 651 664 685
Compactness: 710.291751
Weights: 768.000000 12062.000000 3290.000000
Center Node: 417

District 2
Nodes: 6 8 14 33 34 37 44 45 57 68 79 80 90 102 111 114 121 132 134 145 151 156 178 196 212 227 228 233 242 261 273 277 294 303 305 306 312 316 332 342 349 360 363 373 444 448 449 454 462 469 471 481 487 492 515 528 543 557 567 594 596 609 621 628 638 642 647 653 660 665 671 676 679 697
Compactness: 931.692686
Weights: 913.000000 15228.000000 4341.000000
Center Node: 628

District 3
Nodes: 12 19 23 54 61 67 76 81 87 97 99 100 108 116 124 130 133 140 146 152 168 187 188 190 200 204 216 224 231 236 245 248 250 270 285 297 335 347 354 357 358 361 370 384 397 402 433 437 441 478 491 499 502 507 516 517 524 539 547 554 559 573 574 597 624 627
Compactness: 751.805298
Weights: 782.000000 13489.000000 4051.000000
Center Node: 397

District 4
Nodes: 3 16 17 26 27 28 30 32 62 69 84 88 109 112 120 129 136 147 154 161 177 209 221 230 239 269 272 274 282 289 291 331 338 344 376 387 388 389 392 394 395 427 451 453 455 456 459 461 463 468 473 505 511 529 537 538 541 580 586 618 636 646 649 657 659 663 687 693 698 699
Compactness: 864.587734
Weights: 773.000000 14768.000000 4099.000000
Center Node: 646

District 5
Nodes: 13 20 38 50 59 66 89 91 92 94 117 118 131 160 162 172 181 207 210 223 249 253 254 257 262 263 264 268 280 286 298 301 302 313 317 323 325 330 369 383 393 409 415 425 432 436 458 474 479 483 484 485 495 498 503 525 531 535 540 548 555 561 565 590 591 599 600 611 612 614 622 633 641 648 650 655 661 666 668 675 677 678 681 696
Compactness: 991.789513
Weights: 954.000000 17189.000000 4657.000000
Center Node: 503

District 6
Nodes: 5 9 18 31 36 39 40 42 48 52 55 64 77 83 85 123 143 148 158 163 166 174 176 186 199 201 203 215 220 235 246 259 300 314 324 326 341 346 348 352 366 368 375 381 385 386 390 396 403 404 412 418 419 424 429 442 450 486 488 489 496 508 509 513 514 518 527 530 532 536 545 546 552 568 570 571 572 576 581 589 595 608 613 672 674 682 686
Compactness: 1047.324482
Weights: 1032.000000 17832.000000 4946.000000
Center Node: 568

District 7
Nodes: 4 11 15 35 41 95 104 119 127 135 141 144 170 171 182 184 185 191 205 219 226 229 234 243 244 260 265 266 288 319 328 329 336 345 365 379 380 405 411 414 428 443 446 452 457 464 472 493 501 506 523 526 551 558 560 566 585 603 616 632 635 639 656 694
Compactness: 735.742519
Weights: 746.000000 14331.000000 3463.000000
Center Node: 523

District 8
Nodes: 10 49 74 75 78 82 93 98 103 110 142 183 195 225 238 240 247 252 255 267 295 307 310 311 320 322 333 355 367 372 374 399 400 406 420 434 435 439 440 466 476 477 482 497 504 510 522 533 564 579 610 617 620 629 654 667 684 688 689 691
Compactness: 743.362177
Weights: 664.000000 12409.000000 3440.000000
Center Node: 75

District 9
Nodes: 21 22 24 43 60 63 70 71 72 96 105 107 115 122 125 169 180 189 192 198 218 222 251 271 275 278 281 284 292 304 309 315 318 334 340 378 382 398 401 407 408 410 421 422 445 490 519 521 534 542 544 549 562 563 578 582 584 587 593 598 619 623 626 637 640 643 645 652 662 669 670 692
Compactness: 944.337410
Weights: 865.000000 14201.000000 4444.000000
Center Node: 198

District 10
Nodes: 29 46 47 58 65 73 86 101 128 137 138 149 157 159 165 173 175 179 197 211 213 214 232 276 279 287 290 296 299 321 339 350 351 359 364 371 391 413 416 426 431 447 467 480 520 553 575 583 588 604 605 607 615 630 631 634 644 658 673 680 683 690 695
Compactness: 680.408640
Weights: 767.000000 12668.000000 3330.000000
Center Node: 287
