BalanceViolation 0.000000
AffinityLoss 0.000000
Compactness 8406.550051
District 1
Nodes: 13 33 37 46 47 51 88 94 103 113 114 119 122 135 137 138 140 143 166 173 185 207 212 224 234 242 255 258 262 267 269 278 279 287 292 321 326 335 359 363 366 376 377 385 390 398 417 423 425 429 439 453 457 492 497 499 506 535 549 551 567 574 578 589 595 602 606 622 624 630 637 655 660 670 674 675 679 686 689
Compactness: 993.000053
Weights: 933.000000 15905.000000 4652.000000
Center Node: 535

District 2
Nodes: 2 22 24 27 28 40 43 44 53 81 106 112 127 139 146 148 149 152 157 164 171 178 196 197 209 213 218 228 230 244 253 268 270 290 294 348 352 354 356 382 386 400 411 412 422 433 442 445 451 456 459 465 475 500 523 531 556 568 583 585 586 593 596 598 599 645 654 693
Compactness: 695.415654
Weights: 776.000000 14696.000000 3832.000000
Center Node: 209

District 3
Nodes: 6 14 17 49 52 54 82 85 98 99 107 118 123 129 133 134 136 153 156 162 170 172 184 188 200 204 206 214 252 263 273 280 283 284 291 293 305 306 309 316 332 346 357 365 369 375 378 397 403 434 449 454 460 466 478 479 481 490 502 507 517 519 526 530 537 544 570 576 579 601 616 621 623 632 643 644 652 658 669 682
Compactness: 1113.175736
Weights: 982.000000 15515.000000 4509.000000
Center Node: 658

District 4
Nodes: 0 1 19 35 61 64 72 74 79 90 91 93 95 116 128 142 169 176 179 194 198 199 221 225 233 243 249 261 264 275 276 281 285 289 298 301 302 328 333 336 338 342 343 345 349 370 373 379 414 416 427 436 455 461 470 471 473 476 485 505 514 527 533 541 542 546 548 587 594 609 617 631 636 664 673 690 691 695 699
Compactness: 883.397680
Weights: 904.000000 16644.000000 4330.000000
Center Node: 514

District 5
Nodes: 20 39 60 62 68 70 126 132 151 154 177 186 208 210 219 223 232 246 247 303 310 311 315 325 350 360 368 380 384 399 409 428 444 488 489 491 495 498 516 520 538 540 559 566 569 571 572 592 615 620 629 648 651 661 668 678 681 685 697
Compactness: 651.672095
Weights: 654.000000 12137.000000 3379.000000
Center Node: 559

District 6
Nodes: 3 4 7 12 15 16 23 29 30 41 48 50 57 59 67 69 71 86 97 105 109 115 121 125 144 147 150 163 165 180 191 201 205 229 231 236 239 248 250 257 259 266 277 288 307 312 313 323 324 330 331 337 340 351 389 394 396 405 406 418 421 430 437 450 452 458 463 480 484 504 511 515 518 532 547 555 561 562 577 581 582 584 614 619 628 634 635 647 667 677 683 692
Compactness: 1190.900921
Weights: 1066.000000 19983.000000 5429.000000
Center Node: 555

District 7
Nodes: 8 9 10 21 32 34 36 45 55 56 80 83 87 92 111 124 141 145 160 167 181 189 193 211 216 238 241 245 260 296 300 304 308 317 318 322 341 344 355 358 364 367 383 391 408 410 441 443 446 467 468 472 477 487 501 503 508 509 512 525 529 553 554 557 564 575 590 607 608 625 662 676
Compactness: 888.429097
Weights: 851.000000 15794.000000 4124.000000
Center Node: 245

District 8
Nodes: 5 11 38 63 73 78 84 89 96 104 108 117 120 159 182 183 190 215 220 226 227 251 272 286 295 299 319 329 334 339 353 362 387 395 404 407 413 415 420 448 474 482 483 486 513 528 539 543 550 560 565 573 588 604 638 642 646 649 653 657 659 663 666 684 694 696 698
Compactness: 785.339457
Weights: 781.000000 14455.000000 3680.000000
Center Node: 182

District 9
Nodes: 18 31 42 58 65 66 75 77 100 101 110 130 131 161 174 192 195 222 254 265 271 314 320 327 347 371 372 381 388 393 424 431 435 440 447 464 469 494 521 522 536 558 563 591 612 618 626 627 633 639 640 650 671 687
Compactness: 641.619206
Weights: 663.000000 10567.000000 3185.000000
Center Node: 75

District 10
Nodes: 25 26 76 102 155 158 168 175 187 202 203 217 235 237 240 256 274 282 297 361 374 392 401 402 419 426 432 438 462 493 496 510 524 534 545 552 580 597 600 603 605 610 611 613 641 656 665 672 680 688
Compactness: 563.600153
Weights: 608.000000 10619.000000 3166.000000
Center Node: 402
