BalanceViolation 0.000000
AffinityLoss 0.000000
Compactness 8417.378171
District 1
Nodes: 1 9 24 40 46 49 58 59 70 86 94 100 108 112 116 120 134 145 153 157 172 184 191 203 213 229 249 250 252 257 259 278 282 284 295 327 339 346 360 381 389 415 432 434 438 446 451 467 476 481 484 493 499 502 509 525 539 546 551 563 564 567 568 575 577 587 590 593 597 599 601 613 640 645 648 654 667 679 682 687 691 699
Compactness: 1006.435679
Weights: 870.000000 16307.000000 4669.000000
Center Node: 284

District 2
Nodes: 11 28 33 47 57 61 72 78 85 132 155 163 169 173 177 178 179 192 211 212 222 237 261 281 286 296 299 300 322 325 342 345 370 377 392 398 404 408 417 424 425 430 442 443 444 507 582 596 608 618 621 626 642 646 665 675 681
Compactness: 748.902212
Weights: 664.000000 11710.000000 3009.000000
Center Node: 392

District 3
Nodes: 19 25 26 30 45 48 63 67 76 92 106 113 114 117 122 127 128 129 130 131 147 160 162 174 182 214 216 230 239 244 260 262 266 269 270 276 285 288 302 304 312 313 318 319 328 333 338 343 354 366 371 373 387 397 402 418 419 421 428 433 436 452 461 462 464 466 477 479 491 492 500 523 527 541 545 549 561 562 583 609 611 617 623 624 628 633 638 639 650 668 678 694
Compactness: 1146.663275
Weights: 1077.000000 18970.000000 5387.000000
Center Node: 230

District 4
Nodes: 16 20 22 38 44 55 65 69 79 84 101 102 115 118 125 139 154 166 195 209 256 289 293 306 311 344 362 383 411 420 423 426 429 437 440 448 465 468 474 480 485 498 514 532 544 552 565 566 573 574 592 603 607 614 616 620 625 627 629 635 636 643 653 661 666 670 685 688 690
Compactness: 803.870574
Weights: 802.000000 13183.000000 4137.000000
Center Node: 20

District 5
Nodes: 21 29 77 88 95 96 104 123 133 135 142 149 150 158 170 181 190 221 231 236 247 255 279 283 290 294 310 317 331 335 348 351 376 391 394 395 403 409 414 447 453 457 458 471 472 475 487 490 494 495 497 506 512 528 535 548 558 560 569 578 595 619 632 637 659 662 680 686 689 696
Compactness: 844.922788
Weights: 868.000000 14700.000000 4081.000000
Center Node: 659

District 6
Nodes: 2 4 7 10 12 13 27 34 35 41 54 71 75 81 89 90 107 111 137 161 185 193 199 224 226 235 242 263 265 274 291 297 298 303 341 347 356 357 365 382 385 399 401 427 435 445 459 470 486 489 501 503 511 513 516 542 589 602 612 622 631 634 644 647 651 657 664 676 695
Compactness: 808.317029
Weights: 804.000000 12005.000000 3998.000000
Center Node: 511

District 7
Nodes: 0 6 17 36 42 62 64 66 73 74 87 91 97 105 109 119 121 124 138 141 143 146 148 159 171 183 186 200 202 227 228 240 246 264 277 301 305 307 316 329 332 334 349 374 386 396 400 405 410 416 439 463 469 478 496 510 520 521 531 534 540 543 553 556 557 576 580 588 591 605 630 641 649 652 655 658 693
Compactness: 955.190894
Weights: 849.000000 14817.000000 4357.000000
Center Node: 655

District 8
Nodes: 3 43 50 56 82 83 99 110 144 151 156 168 180 187 188 194 196 198 201 217 218 225 233 271 273 292 314 321 324 336 337 358 359 361 363 378 384 390 407 431 449 454 455 456 473 482 483 488 505 508 526 538 547 579 594 604 610 656 672 674 677 683 684 692 698
Compactness: 735.103361
Weights: 757.000000 13748.000000 3827.000000
Center Node: 188

District 9
Nodes: 5 8 15 18 23 32 37 51 52 60 103 136 165 189 205 206 208 210 219 234 241 243 248 253 254 258 267 272 275 308 309 315 320 323 350 352 353 364 367 368 379 380 393 406 412 413 515 517 522 524 530 550 554 570 571 572 584 585 586 660 663 669 671 673 697
Compactness: 746.393788
Weights: 725.000000 13390.000000 3770.000000
Center Node: 697

District 10
Nodes: 14 31 39 53 68 80 93 98 126 140 152 164 167 175 176 197 204 207 215 220 223 232 238 245 251 268 280 287 326 330 340 355 369 372 375 388 422 441 450 460 504 518 519 529 533 536 537 555 559 581 598 600 606 615
Compactness: 621.578570
Weights: 647.000000 10410.000000 2875.000000
Center Node: 600
