BalanceViolation 0.000000
AffinityLoss 0.000000
Compactness 5919.986391
District 1
Nodes: 6 14 30 37 39 52 67 68 70 73 82 90 93 99 110 113 114 143 156 163 168 169 179 189 200 220 243 246 254 256 266 270 274 281 287 288 290 295 311 328 329 337 342 365 370 371 381 388 398 403 426 439 441 452 453 463 470 474 477
Compactness: 707.637314
Weights: 716.000000 12081.000000 3612.000000
Center Node: 143

District 2
Nodes: 2 5 9 15 31 42 44 56 58 62 63 66 88 101 105 111 118 132 137 158 178 199 224 226 227 231 235 236 259 268 272 277 280 298 302 313 314 315 325 327 341 346 348 366 377 387 389 408 419 431 451 458 465 468 469 486 487 490 493 494 498
Compactness: 825.786661
Weights: 727.000000 12477.000000 3529.000000
Center Node: 341

District 3
Nodes: 3 16 23 24 25 36 83 100 119 127 145 151 152 166 173 181 182 190 215 222 228 241 244 247 248 279 300 306 316 340 382 395 397 406 407 412 430 442 448
Compactness: 430.641265
Weights: 512.000000 8183.000000 2251.000000
Center Node: 397

District 4
Nodes: 7 11 27 29 32 34 38 49 51 74 81 87 91 95 96 128 131 164 167 204 216 221 230 238 245 269 282 294 333 344 360 362 374 378 392 399 410 413 427 429 444 445 456 457 459 464 489
Compactness: 575.448443
Weights: 493.000000 10054.000000 2699.000000
Center Node: 221

District 5
Nodes: 0 19 20 21 28 33 54 104 129 138 154 161 186 192 198 205 207 209 210 212 239 249 251 252 257 275 276 286 292 293 303 310 318 321 349 355 357 363 375 380 383 385 396 423 424 434 435 436 455 460 472 488 491 496
Compactness: 616.000158
Weights: 624.000000 11495.000000 3348.000000
Center Node: 436

District 6
Nodes: 13 40 46 50 59 72 75 76 86 102 109 130 134 135 162 165 177 180 191 193 208 219 240 253 262 273 284 307 308 331 338 339 350 352 364 373 376 391 393 402 404 422 438 443 447 478 481 499
Compactness: 591.701926
Weights: 541.000000 9066.000000 2938.000000
Center Node: 499

District 7
Nodes: 10 22 41 48 65 69 120 126 159 170 175 187 196 197 211 229 233 234 237 255 258 264 271 289 317 330 334 335 353 369 390 394 401 405 420 421 432 437 449 475 482 492 497
Compactness: 458.672380
Weights: 489.000000 8762.000000 2319.000000
Center Node: 10

District 8
Nodes: 12 35 45 47 53 60 61 71 78 80 89 106 107 116 125 133 140 141 147 149 160 172 184 185 195 217 223 225 232 242 263 267 285 291 297 322 345 351 361 367 384 400 409 414 418 428 454 466 471 480 483
Compactness: 606.972709
Weights: 557.000000 11507.000000 2997.000000
Center Node: 185

District 9
Nodes: 1 17 55 79 92 94 97 98 108 112 117 121 122 124 136 144 146 148 150 153 188 201 202 203 214 218 260 261 278 283 299 304 312 319 324 326 336 347 356 358 359 368 411 415 416 440 461 473 484 495
Compactness: 576.485085
Weights: 538.000000 10672.000000 3283.000000
Center Node: 150

District 10
Nodes: 4 8 18 26 43 57 64 77 84 85 103 115 123 139 142 155 157 171 174 176 183 194 206 213 250 265 296 301 305 309 320 323 332 343 354 372 379 386 417 425 433 446 450 462 467 476 479 485
Compactness: 530.640449
Weights: 560.000000 9497.000000 2413.000000
Center Node: 446
