BalanceViolation 0.000000
AffinityLoss 0.000000
Compactness 7183.057220
District 1
Nodes: 17 24 32 33 36 38 57 72 89 90 112 125 134 136 139 140 143 164 168 172 182 191 198 203 207 212 213 216 218 231 236 238 243 246 255 258 265 267 280 292 296 298 319 327 328 332 338 360 364 374 381 392 394 395 420 428 454 462 463 471 485 505 512 514 520 522 531 547 554 563
Compactness: 829.712152
Weights: 817.000000 13124.000000 3742.000000
Center Node: 212

District 2
Nodes: 28 50 54 64 73 76 81 94 106 107 122 130 144 153 155 159 161 175 179 185 206 229 234 237 272 276 282 284 295 302 308 310 311 315 323 324 334 348 357 373 380 399 401 404 414 436 447 450 479 481 500 501 503 529 543 544 552 557 568 578 588 590
Compactness: 835.537770
Weights: 754.000000 12249.000000 3114.000000
Center Node: 450

District 3
Nodes: 1 11 26 41 46 49 56 65 66 85 101 102 111 114 123 127 129 142 147 150 154 188 194 195 199 202 205 211 214 242 244 247 252 263 268 269 274 285 291 306 309 321 350 358 361 368 382 383 384 388 407 422 425 446 459 466 467 475 478 480 496 502 511 518 537 542 555 565 593
Compactness: 843.767287
Weights: 835.000000 12980.000000 3947.000000
Center Node: 358

District 4
Nodes: 8 10 19 27 40 48 62 63 68 69 78 86 88 103 108 110 121 151 156 163 187 189 208 225 239 273 279 288 317 326 329 337 340 343 354 386 408 430 438 441 442 473 508 549 553 558 572 576 594 598
Compactness: 625.469314
Weights: 612.000000 10492.000000 2555.000000
Center Node: 598

District 5
Nodes: 2 23 34 45 52 70 74 95 120 141 148 149 160 165 169 176 177 183 190 196 209 233 240 250 251 260 281 301 304 316 318 320 330 351 353 377 379 396 402 409 411 418 426 433 456 460 465 469 470 487 489 495 507 524 528 541 550 556 560 577 587 595 597 599
Compactness: 748.861108
Weights: 693.000000 13031.000000 3794.000000
Center Node: 165

District 6
Nodes: 5 7 13 22 31 51 55 61 75 91 93 98 116 137 166 180 193 200 210 232 235 241 256 270 278 283 286 289 294 299 312 339 342 345 347 349 356 363 387 389 398 400 405 421 434 452 464 468 476 477 506 515 517 523 526 527 532 535 540 561 570 582 585 592
Compactness: 743.531036
Weights: 751.000000 13674.000000 3583.000000
Center Node: 561

District 7
Nodes: 0 15 21 29 37 47 59 82 83 87 100 105 113 117 118 126 135 138 152 162 197 220 221 224 228 249 254 262 266 275 303 313 341 362 367 370 371 375 385 391 413 415 417 424 427 431 440 443 444 445 461 482 483 484 497 498 504 510 516 521 530 536 538 539 545 573 581 584
Compactness: 850.701007
Weights: 857.000000 13525.000000 4113.000000
Center Node: 262

District 8
Nodes: 4 6 35 39 42 43 67 80 96 97 115 131 145 167 174 178 201 217 219 222 223 226 227 253 264 271 293 297 305 314 322 331 346 352 355 359 365 406 410 419 429 432 435 439 449 451 453 455 458 488 490 492 493 499 525 534 564 569 580 586 589 591
Compactness: 741.910760
Weights: 697.000000 12760.000000 3524.000000
Center Node: 227

District 9
Nodes: 3 9 16 20 25 30 60 71 77 79 84 92 99 104 124 128 157 171 181 184 186 204 215 245 257 259 290 300 336 344 390 397 403 412 416 423 437 448 472 474 494 513 519 533 548 559 562 566 567 575 579
Compactness: 564.304055
Weights: 568.000000 9961.000000 2800.000000
Center Node: 579

District 10
Nodes: 12 14 18 44 53 58 109 119 132 133 146 158 170 173 192 230 248 261 277 287 307 325 333 335 366 369 372 376 378 393 457 486 491 509 546 551 571 574 583 596
Compactness: 399.262731
Weights: 422.000000 7843.000000 2218.000000
Center Node: 261
