BalanceViolation 0.000000
AffinityLoss 0.000000
Compactness 7073.051816
District 1
Nodes: 2 19 25 42 81 82 95 111 118 130 143 157 169 172 179 182 184 190 224 235 251 266 267 268 289 293 294 319 335 343 345 358 372 387 388 390 396 411 429 440 444 469 478 482 484 491 494 508 519 531 534 546 549 574 587
Compactness: 614.914786
Weights: 654.000000 10580.000000 3018.000000
Center Node: 396

District 2
Nodes: 5 10 20 24 43 48 60 70 75 96 112 123 126 131 140 149 177 218 227 229 248 254 259 287 296 297 318 347 354 357 373 374 382 393 415 417 418 423 427 436 439 447 450 460 462 465 506 509 511 522 532 538 551 559 582
Compactness: 624.753664
Weights: 598.000000 12286.000000 3599.000000
Center Node: 297

District 3
Nodes: 8 13 22 23 50 62 84 92 119 136 144 150 159 181 183 201 210 212 221 244 273 301 309 326 328 341 342 346 352 362 371 376 401 416 420 451 459 463 475 503 510 517 520 535 547 554 561 562 577 596
Compactness: 509.229904
Weights: 568.000000 10962.000000 2597.000000
Center Node: 475

District 4
Nodes: 7 32 38 40 44 64 79 90 101 120 122 156 166 191 199 209 216 219 233 249 252 276 286 306 308 322 331 337 338 340 351 356 361 366 367 370 395 407 408 437 449 452 479 487 499 504 513 516 521 533 542 545 553 569 576 583 593
Compactness: 691.516008
Weights: 610.000000 11286.000000 3458.000000
Center Node: 367

District 5
Nodes: 6 15 18 29 51 61 66 71 74 78 88 89 100 103 109 125 142 161 163 173 178 180 185 187 194 203 222 236 258 265 271 275 279 282 307 312 315 334 348 353 368 369 375 394 400 419 421 446 454 455 468 471 474 476 483 486 492 493 505 514 566 575 598 599
Compactness: 646.428538
Weights: 773.000000 14212.000000 3399.000000
Center Node: 454

District 6
Nodes: 3 4 14 17 27 30 35 41 52 55 58 65 77 83 86 114 115 127 128 129 132 133 138 148 170 206 208 213 215 234 239 245 269 283 285 288 300 324 330 332 359 360 364 379 391 403 406 409 412 413 435 438 461 477 495 523 552 558 563 568 571 572 573 579 584 597
Compactness: 839.814289
Weights: 785.000000 13007.000000 3833.000000
Center Node: 27

District 7
Nodes: 0 11 12 33 54 59 63 68 85 87 94 97 99 108 113 139 141 145 158 189 214 225 230 250 263 274 277 298 304 316 336 339 363 386 389 402 404 414 428 432 434 443 448 457 467 470 472 485 489 490 498 501 515 524 529 537 543 555 565 570 581 586 590 594 595
Compactness: 838.956891
Weights: 799.000000 15493.000000 3800.000000
Center Node: 448

District 8
Nodes: 9 26 31 34 37 39 49 56 69 73 80 91 102 104 107 121 135 152 153 162 174 175 176 186 192 195 196 198 202 205 217 220 237 240 246 247 253 255 257 261 264 272 280 281 284 292 295 299 305 311 314 327 344 349 350 378 381 384 426 430 441 458 480 481 488 496 502 518 527 539 540 541 556 560 564 589 591 592
Compactness: 1079.857471
Weights: 962.000000 14779.000000 4282.000000
Center Node: 560

District 9
Nodes: 1 16 21 28 36 46 53 67 76 93 106 110 116 117 134 147 151 154 167 168 171 188 193 197 207 211 226 231 232 238 241 243 256 260 262 270 302 320 325 355 392 397 399 405 422 425 442 445 453 456 466 473 500 512 528 530 536 557 580 585 588
Compactness: 732.116909
Weights: 706.000000 13280.000000 3655.000000
Center Node: 238

District 10
Nodes: 45 47 57 72 98 105 124 137 146 155 160 164 165 200 204 223 228 242 278 290 291 303 310 313 317 321 323 329 333 365 377 380 383 385 398 410 424 431 433 464 497 507 525 526 544 548 550 567 578
Compactness: 495.463355
Weights: 565.000000 10249.000000 3112.000000
Center Node: 464
