BalanceViolation 0.000000
AffinityLoss 0.000000
Compactness 7084.582382
District 1
Nodes: 18 21 30 41 46 55 67 99 102 116 133 146 155 157 159 173 175 177 181 182 192 201 207 212 218 234 276 281 283 289 304 305 313 318 319 351 360 363 367 371 374 389 396 418 424 425 427 435 440 448 458 461 463 471 482 493 496 515 562 573 575 595
Compactness: 685.636875
Weights: 702.000000 12070.000000 3627.000000
Center Node: 304

District 2
Nodes: 4 13 35 44 52 53 60 79 88 110 119 128 149 166 180 199 209 210 221 231 233 237 243 248 249 273 287 292 306 317 327 332 338 353 354 366 372 432 443 447 459 464 476 483 495 501 511 512 528 535 537 541 550 552 559 576 584
Compactness: 742.898134
Weights: 615.000000 12931.000000 2964.000000
Center Node: 317

District 3
Nodes: 8 9 20 24 40 57 65 71 77 83 89 100 107 135 142 143 152 190 223 227 230 241 256 257 262 270 282 290 300 311 320 324 334 336 340 361 380 382 391 395 398 405 426 431 433 437 460 474 489 492 510 520 525 526 539 545 547 549 569 591
Compactness: 674.089006
Weights: 670.000000 12756.000000 3619.000000
Center Node: 20

District 4
Nodes: 22 23 27 31 32 33 43 61 63 64 69 72 80 82 87 98 105 114 134 137 140 145 150 153 156 203 211 253 260 267 268 295 322 328 329 341 343 344 349 356 364 369 373 375 385 410 417 442 450 457 479 494 503 519 544 571 577 581 582 590 592 594 597
Compactness: 719.988370
Weights: 735.000000 14642.000000 3537.000000
Center Node: 581

District 5
Nodes: 2 5 6 12 17 36 38 39 42 70 75 84 85 108 111 115 118 120 123 124 139 176 183 185 186 189 194 195 213 236 240 244 272 275 277 288 291 293 299 307 309 310 314 321 335 358 359 368 370 379 403 412 413 419 421 436 441 446 451 452 455 466 467 469 477 481 507 516 524 530 533 534 551 564 568 574 580 596
Compactness: 1068.591480
Weights: 925.000000 15145.000000 4590.000000
Center Node: 436

District 6
Nodes: 0 7 15 19 26 28 34 37 58 93 117 125 131 136 141 164 174 187 200 222 225 232 235 239 245 252 264 265 308 312 339 342 345 355 357 383 393 397 404 406 429 445 453 480 485 487 499 504 505 509 513 514 536 543 546 548 554 556 558 565 579 585 599
Compactness: 689.567650
Weights: 687.000000 13129.000000 3378.000000
Center Node: 585

District 7
Nodes: 3 14 29 54 74 81 94 96 97 121 129 130 132 158 168 171 178 184 196 197 202 204 208 214 220 250 254 285 294 296 301 315 323 331 346 348 350 365 394 409 411 415 420 439 470 488 491 497 506 518 522 532 555 561 567
Compactness: 649.127790
Weights: 652.000000 11148.000000 3359.000000
Center Node: 323

District 8
Nodes: 11 49 68 78 103 104 147 148 161 163 191 206 242 247 259 263 266 269 278 279 325 326 333 337 362 381 384 388 390 401 402 416 454 456 468 472 473 478 484 531 553 560 593
Compactness: 510.127886
Weights: 492.000000 8571.000000 2384.000000
Center Node: 416

District 9
Nodes: 10 45 47 48 50 51 59 62 66 73 90 101 106 109 113 122 126 127 138 151 154 162 169 170 179 198 205 219 224 229 238 251 258 271 274 280 286 297 298 302 303 316 352 377 378 387 399 408 423 428 449 500 502 517 521 523 538 542 563 566 570 586 587
Compactness: 734.621318
Weights: 710.000000 14660.000000 3623.000000
Center Node: 151

District 10
Nodes: 1 16 25 56 76 86 91 92 95 112 144 160 165 167 172 188 193 215 216 217 226 228 246 255 261 284 330 347 376 386 392 400 407 414 422 430 434 438 444 462 465 475 486 490 498 508 527 529 540 557 572 578 583 588 589 598
Compactness: 609.933873
Weights: 606.000000 12553.000000 3060.000000
Center Node: 588
