BalanceViolation 0.000000
AffinityLoss 0.000000
Compactness 7045.970896
District 1
Nodes: 1 17 18 26 30 45 46 57 60 61 65 86 99 100 129 149 157 162 166 180 196 206 214 215 219 230 234 236 250 254 259 261 265 278 280 297 312 321 329 333 335 337 348 350 373 376 395 407 410 411 420 421 425 442 451 458 468 484 489 513 514 520 527 528 536 547 548 553 572 583 591 595 598 599
Compactness: 931.825028
Weights: 922.000000 15670.000000 4374.000000
Center Node: 468

District 2
Nodes: 14 15 34 73 77 80 82 87 134 146 173 177 213 218 223 237 267 283 285 288 290 295 305 338 345 347 349 360 367 374 394 398 414 427 443 452 465 473 475 481 482 490 501 529 558 564 578 582 586
Compactness: 563.214703
Weights: 547.000000 10244.000000 2598.000000
Center Node: 501

District 3
Nodes: 10 27 38 41 44 63 68 78 88 89 103 111 120 121 128 148 155 156 161 171 178 185 197 200 203 205 217 220 222 225 227 229 248 256 268 328 330 332 342 343 354 359 366 412 419 430 432 434 469 470 479 492 497 498 505 506 511 551 559 575 579 585 593
Compactness: 719.053414
Weights: 636.000000 13540.000000 3682.000000
Center Node: 551

District 4
Nodes: 2 3 7 13 23 28 48 51 54 59 64 66 71 76 83 91 114 131 140 151 182 207 209 221 224 231 241 247 257 260 263 298 314 320 372 377 390 431 461 474 485 493 494 495 500 503 516 526 533 535 537 546 552 554 555 560 561 565 574
Compactness: 635.745541
Weights: 670.000000 11824.000000 3626.000000
Center Node: 474

District 5
Nodes: 0 21 22 33 35 58 96 102 106 142 158 175 179 189 190 191 195 228 245 251 252 266 272 274 286 296 306 316 318 378 380 418 422 433 436 447 449 454 462 463 502 510 512 522 525 541 545 550 594
Compactness: 563.995342
Weights: 532.000000 10107.000000 2850.000000
Center Node: 274

District 6
Nodes: 12 32 39 50 62 70 81 84 85 95 107 116 117 118 119 135 137 152 160 186 208 211 212 232 235 264 273 281 300 303 308 322 323 334 339 340 361 363 364 387 397 406 423 426 435 439 441 446 453 457 476 477 480 491 507 519 521 534 543 549 567 568 569 577 581 590
Compactness: 798.576495
Weights: 765.000000 14463.000000 3623.000000
Center Node: 281

District 7
Nodes: 4 25 42 43 72 75 109 110 122 138 153 154 167 172 181 184 187 188 198 204 243 279 284 294 304 310 327 331 341 356 362 371 379 386 388 389 393 400 405 408 415 424 437 438 440 444 460 483 504 515 540 542 557 562 566 573 576 592 597
Compactness: 726.055562
Weights: 694.000000 10732.000000 3334.000000
Center Node: 566

District 8
Nodes: 11 16 36 37 69 92 101 105 115 126 130 136 139 143 147 150 163 164 168 174 194 199 202 216 226 240 242 258 276 282 287 291 292 293 301 313 351 353 365 385 404 417 429 455 466 467 478 487 509 517 523 524 531 556 570 587
Compactness: 716.003754
Weights: 559.000000 11744.000000 3284.000000
Center Node: 417

District 9
Nodes: 6 9 19 20 31 40 47 49 53 56 67 74 79 90 94 97 108 123 124 127 132 144 159 165 170 176 183 192 193 201 238 239 246 253 269 271 299 309 317 325 326 346 357 368 369 384 392 399 402 403 409 413 428 448 450 456 464 471 472 488 496 530 532 539 580
Compactness: 811.999899
Weights: 734.000000 13622.000000 3669.000000
Center Node: 192

District 10
Nodes: 5 8 24 29 52 55 93 98 104 112 113 125 133 141 145 169 210 233 244 249 255 262 270 275 277 289 302 307 311 315 319 324 336 344 352 355 358 370 375 381 382 383 391 396 401 416 445 459 486 499 508 518 538 544 563 571 584 588 589 596
Compactness: 579.501158
Weights: 732.000000 11553.000000 3571.000000
Center Node: 93
