BalanceViolation 0.000000
AffinityLoss 0.000000
Compactness 8342.666374
District 1
Nodes: 3 14 19 21 43 44 83 102 116 120 123 124 146 150 184 197 198 220 221 252 262 274 304 308 310 336 340 348 355 363 373 380 384 386 397 400 404 407 413 423 439 450 451 457 473 481 496 498 510 513 515 521 522 523 551 555 558 570 587 598 614 621 659 660 662 669 675 682 688
Compactness: 797.716361
Weights: 761.000000 12955.000000 3850.000000
Center Node: 660

District 2
Nodes: 12 17 55 66 67 71 73 81 87 95 107 131 133 138 161 167 169 174 185 195 202 203 204 207 217 227 230 237 251 275 283 293 299 327 331 333 341 345 350 351 360 389 393 395 396 399 402 412 414 420 429 441 446 447 462 463 466 467 500 502 503 508 509 512 526 527 536 539 540 545 556 562 571 574 579 583 591 599 601 607 624 638 646 651 663 678 689 699
Compactness: 1194.395489
Weights: 1018.000000 17029.000000 4748.000000
Center Node: 638

District 3
Nodes: 5 13 20 22 30 42 52 58 61 86 101 112 117 127 129 134 147 163 181 182 190 208 209 210 213 215 219 246 248 286 291 297 313 317 326 334 335 338 358 361 367 409 416 454 456 458 465 471 507 519 535 548 549 553 560 569 580 581 592 594 595 602 604 605 606 616 626 639 650 657 664 667 690 691 692 698
Compactness: 1039.702382
Weights: 787.000000 15936.000000 4379.000000
Center Node: 416

District 4
Nodes: 69 84 88 97 98 115 125 130 153 171 175 178 179 187 193 200 212 224 225 233 247 253 266 282 292 306 318 328 330 353 365 366 376 388 391 406 424 432 436 449 452 464 470 474 478 497 511 516 541 564 582 610 637 640 641 644 673 684 685
Compactness: 570.977579
Weights: 692.000000 11702.000000 3599.000000
Center Node: 424

District 5
Nodes: 1 28 33 36 37 38 39 53 54 65 70 72 92 94 104 105 108 114 132 159 164 188 191 211 218 235 245 254 260 265 269 294 295 301 309 315 324 337 346 349 383 385 387 392 411 417 461 483 499 514 525 528 532 533 554 563 565 568 584 585 600 608 611 619 620 623 633 634 666 670 674 680
Compactness: 874.743948
Weights: 825.000000 14850.000000 4195.000000
Center Node: 620

District 6
Nodes: 4 8 24 25 31 41 45 47 68 74 77 82 90 100 103 109 119 143 145 157 165 168 170 173 183 201 226 229 240 241 242 244 255 258 259 261 263 267 268 270 273 281 285 287 289 312 320 323 329 339 364 390 394 410 419 422 431 460 480 484 494 506 517 538 546 575 576 597 612 615 625 629 631 636 649 671 694 696
Compactness: 922.420927
Weights: 883.000000 16390.000000 4164.000000
Center Node: 173

District 7
Nodes: 2 9 10 11 15 23 27 35 40 60 63 75 76 79 80 89 93 99 106 113 135 136 139 149 186 205 222 223 228 234 238 257 276 284 288 290 316 343 368 369 370 372 379 398 421 425 426 427 428 448 453 482 486 490 501 518 530 537 547 552 586 596 643 648 656 658 681 686 693
Compactness: 815.458567
Weights: 720.000000 14095.000000 3609.000000
Center Node: 106

District 8
Nodes: 0 16 18 46 51 64 96 122 128 137 151 152 154 166 172 176 194 196 216 232 243 256 272 298 314 325 332 342 352 374 378 382 403 408 430 434 469 488 495 520 524 531 534 544 559 561 567 589 593 613 618 627 655 672 676 679 695 697
Compactness: 612.318688
Weights: 699.000000 12331.000000 3518.000000
Center Node: 128

District 9
Nodes: 6 29 49 50 56 57 62 85 91 121 126 142 144 148 155 156 158 160 189 192 206 236 249 271 278 279 296 300 311 354 356 362 381 401 405 418 433 440 443 455 468 475 485 489 491 493 505 529 542 550 557 566 572 578 588 590 628 632 635 642 647 653 654 661 665 668 683 687
Compactness: 857.489079
Weights: 787.000000 14617.000000 4005.000000
Center Node: 572

District 10
Nodes: 7 26 32 34 48 59 78 110 111 118 140 141 162 177 180 199 214 231 239 250 264 277 280 302 303 305 307 319 321 322 344 347 357 359 371 375 377 415 435 437 438 442 444 445 459 472 476 477 479 487 492 504 543 573 577 603 609 617 622 630 645 652 677
Compactness: 657.443355
Weights: 677.000000 13331.000000 3479.000000
Center Node: 437
