BalanceViolation 0.000000
AffinityLoss 0.000000
Compactness 7116.391811
District 1
Nodes: 13 31 39 48 50 66 81 93 115 135 152 153 175 180 186 197 201 202 248 253 266 300 303 322 347 359 389 402 422 428 429 449 452 457 461 463 469 501 528 536 540 549 560 563 566 568 598
Compactness: 528.643867
Weights: 576.000000 8398.000000 2526.000000
Center Node: 422

District 2
Nodes: 12 27 56 62 101 118 138 160 162 187 195 223 227 245 252 256 264 268 272 292 295 310 335 337 346 368 382 383 391 399 412 413 442 445 472 479 481 488 490 495 520 524 574 578 580 592 593
Compactness: 447.755469
Weights: 509.000000 10627.000000 2632.000000
Center Node: 593

District 3
Nodes: 22 34 47 49 75 77 85 120 123 132 140 146 155 159 168 178 182 184 189 206 226 233 238 239 240 243 250 251 261 263 267 275 277 281 289 293 323 324 326 334 349 353 358 362 388 392 398 410 417 418 423 426 427 439 440 444 448 450 456 465 483 494 504 527 529 564 586 588 589 599
Compactness: 947.731548
Weights: 859.000000 15246.000000 3821.000000
Center Node: 206

District 4
Nodes: 2 5 7 8 9 19 23 42 54 65 67 68 71 79 87 100 105 108 110 117 124 127 133 134 136 143 145 148 149 150 170 172 174 176 181 183 212 214 216 218 234 237 242 244 247 262 271 283 288 290 309 316 338 360 376 385 405 407 409 437 441 458 467 470 484 491 497 502 510 515 516 519 523 533 538 547 548 550 553 561 562 565 576 583 597
Compactness: 1110.266696
Weights: 992.000000 17661.000000 4858.000000
Center Node: 441

District 5
Nodes: 1 17 26 32 36 40 44 51 63 80 102 107 109 113 147 157 161 163 167 177 199 207 209 220 222 231 255 270 297 304 305 315 319 330 332 336 339 373 378 397 408 414 419 424 434 447 482 487 496 500 512 521 541 552 559 581 585 595
Compactness: 633.972156
Weights: 674.000000 12793.000000 3285.000000
Center Node: 102

District 6
Nodes: 20 37 38 70 84 88 106 112 128 142 156 165 166 179 188 191 193 210 211 249 258 269 280 296 301 329 375 381 384 396 430 438 446 453 459 462 464 466 468 473 474 476 499 503 511 532 542 554 567 577 582 596
Compactness: 583.946942
Weights: 610.000000 10093.000000 3049.000000
Center Node: 384

District 7
Nodes: 6 18 35 46 61 72 76 83 86 95 111 126 141 154 185 190 196 205 215 217 273 285 286 291 307 308 311 320 321 327 328 331 333 341 345 357 361 367 377 379 386 387 390 401 404 433 460 480 485 489 492 498 506 507 517 525 530 531 534 544 551 555 558 584 591
Compactness: 764.532277
Weights: 729.000000 13056.000000 3947.000000
Center Node: 291

District 8
Nodes: 10 11 14 16 30 53 60 64 74 78 89 90 94 96 97 104 122 158 169 171 200 203 208 221 225 230 235 257 265 282 284 287 294 299 312 340 344 350 363 366 371 436 454 513 514 518 539 569 571 590
Compactness: 503.018094
Weights: 605.000000 10661.000000 2788.000000
Center Node: 208

District 9
Nodes: 0 3 4 15 24 25 28 29 33 43 45 55 59 82 91 92 98 99 103 114 116 119 121 139 144 164 173 194 198 213 219 224 228 229 232 241 246 254 274 278 279 298 313 314 317 318 342 348 351 352 355 356 364 365 370 372 374 393 394 406 411 420 425 443 455 475 477 478 486 505 508 526 535 537 543 545 546 572 573 579 594
Compactness: 1095.459536
Weights: 971.000000 14902.000000 4916.000000
Center Node: 374

District 10
Nodes: 21 41 52 57 58 69 73 125 129 130 131 137 151 192 204 236 259 260 276 302 306 325 343 354 369 380 395 400 403 415 416 421 431 432 435 451 471 493 509 522 556 557 570 575 587
Compactness: 501.065227
Weights: 485.000000 10385.000000 2250.000000
Center Node: 236
