BalanceViolation 0.000000
AffinityLoss 0.000000
Compactness 7099.416719
District 1
Nodes: 14 19 32 46 52 70 77 87 89 105 106 118 123 137 140 150 157 219 220 228 233 252 256 257 276 286 287 288 339 342 352 380 387 389 390 395 396 407 409 413 416 417 428 431 435 438 478 486 489 511 527 536 553 554 559 574 575 577 593
Compactness: 684.432001
Weights: 731.000000 11663.000000 3266.000000
Center Node: 157

District 2
Nodes: 7 11 24 26 34 36 50 51 96 101 107 117 120 143 147 152 168 169 176 196 201 203 226 249 267 269 296 299 315 324 329 332 338 347 379 406 412 442 455 459 465 466 470 494 495 498 510 516 523 533 549 557 594
Compactness: 587.033638
Weights: 594.000000 10874.000000 3070.000000
Center Node: 494

District 3
Nodes: 13 27 47 49 57 59 60 65 71 76 90 102 113 122 149 154 156 159 166 182 206 212 221 225 229 231 239 246 258 268 273 280 282 290 294 297 303 309 335 349 358 366 385 393 418 420 422 436 439 444 445 452 464 468 469 473 477 479 480 484 493 497 507 519 537 541 544 546 556 564 573 584 586
Compactness: 877.307095
Weights: 850.000000 15228.000000 3977.000000
Center Node: 268

District 4
Nodes: 4 8 21 37 40 42 45 55 56 79 84 103 109 116 133 135 141 142 153 158 160 164 180 185 192 213 218 222 232 238 254 262 266 270 306 321 328 340 350 359 364 365 367 375 376 377 388 391 401 402 404 405 408 415 453 458 481 500 504 505 509 514 524 538 589
Compactness: 787.275175
Weights: 769.000000 13390.000000 3899.000000
Center Node: 538

District 5
Nodes: 6 18 30 38 58 62 67 73 75 81 82 92 95 97 108 110 112 131 145 171 178 181 187 204 215 217 237 243 247 263 274 283 285 289 291 292 298 302 313 320 327 330 341 353 363 373 386 397 398 414 419 425 433 437 443 446 448 451 471 501 502 512 515 521 540 547 555 566 568 571 585 587 599
Compactness: 963.346889
Weights: 856.000000 15048.000000 4511.000000
Center Node: 274

District 6
Nodes: 1 2 22 48 61 66 74 80 104 119 126 134 139 155 161 165 170 205 207 208 211 216 235 244 248 251 284 304 310 331 345 348 351 360 361 381 382 383 394 421 424 429 441 450 463 503 508 513 520 522 525 543 548 561 562 563 565 572 576 598
Compactness: 699.314504
Weights: 720.000000 11856.000000 3674.000000
Center Node: 421

District 7
Nodes: 28 31 35 39 43 83 85 86 94 99 115 121 130 144 146 167 172 174 184 194 210 223 234 250 253 255 259 264 277 308 316 318 322 333 334 336 344 362 369 374 378 384 400 411 423 426 427 449 461 467 472 552 570 579 582 591 596
Compactness: 700.186365
Weights: 599.000000 11720.000000 3236.000000
Center Node: 582

District 8
Nodes: 5 10 12 23 25 41 68 72 93 114 124 136 163 190 195 197 200 224 227 265 275 278 281 293 300 307 312 319 346 392 399 432 440 447 456 457 483 485 506 518 526 531 535 542 545 550 567 569
Compactness: 607.821378
Weights: 498.000000 10747.000000 2748.000000
Center Node: 300

District 9
Nodes: 0 20 29 33 53 54 64 69 78 128 132 138 148 162 173 175 177 179 183 186 188 199 202 236 240 241 261 271 279 295 301 305 314 317 323 337 354 357 430 434 454 460 487 491 492 496 539 560 578 581 592 595 597
Compactness: 552.931401
Weights: 602.000000 10704.000000 2804.000000
Center Node: 487

District 10
Nodes: 3 9 15 16 17 44 63 88 91 98 100 111 125 127 129 151 189 191 193 198 209 214 230 242 245 260 272 311 325 326 343 355 356 368 370 371 372 403 410 462 474 475 476 482 488 490 499 517 528 529 530 532 534 551 558 580 583 588 590
Compactness: 639.768273
Weights: 713.000000 13691.000000 3433.000000
Center Node: 580
