BalanceViolation 0.000000
AffinityLoss 0.000000
Compactness 5935.937040
District 1
Nodes: 4 33 43 60 93 98 102 112 121 129 133 153 159 165 169 171 187 194 207 224 254 256 263 270 287 313 325 342 358 383 388 393 410 413 428 444 456 461 464
Compactness: 439.990174
Weights: 452.000000 8446.000000 2412.000000
Center Node: 169

District 2
Nodes: 2 28 34 64 73 81 91 97 134 135 142 143 173 176 211 227 247 273 279 302 307 311 315 332 362 380 389 396 398 412 418 431 438 446 447 449 452 457 463 471 476 484
Compactness: 507.482983
Weights: 490.000000 9212.000000 2465.000000
Center Node: 135

District 3
Nodes: 3 12 51 57 63 84 88 105 113 131 144 148 152 164 243 261 266 276 296 299 300 309 331 344 384 409 421 460 466 477 487
Compactness: 278.352461
Weights: 396.000000 6104.000000 1967.000000
Center Node: 3

District 4
Nodes: 14 17 18 29 36 39 76 78 90 103 108 114 117 122 127 132 151 155 157 158 182 188 200 208 218 220 238 239 248 255 265 277 289 292 293 321 334 335 339 340 346 349 376 379 390 405 406 417 424 429 450 473 475 479 480 481 491
Compactness: 764.965620
Weights: 680.000000 13621.000000 2878.000000
Center Node: 339

District 5
Nodes: 5 11 20 31 49 52 58 59 80 82 109 141 154 156 181 196 197 198 204 216 217 250 253 280 286 297 306 312 319 341 360 366 367 394 399 403 420 426 440 441 458 478 493
Compactness: 427.800903
Weights: 505.000000 8062.000000 2369.000000
Center Node: 82

District 6
Nodes: 0 48 68 79 89 92 96 106 110 111 128 136 137 145 166 168 172 199 202 213 222 226 228 236 240 242 244 249 260 291 314 318 322 327 330 337 338 347 348 353 359 372 375 377 382 387 400 414 422 434 437 439 445 453 462 482 486 490 495
Compactness: 658.927542
Weights: 698.000000 11509.000000 3462.000000
Center Node: 166

District 7
Nodes: 1 7 10 15 24 27 35 41 55 70 72 74 94 99 123 139 147 161 163 167 170 179 180 189 215 223 229 230 235 245 257 262 269 274 282 288 301 320 328 333 336 350 351 352 356 363 371 402 407 408 411 432 436 443 465 468 483 485 489 494 496 499
Compactness: 827.709231
Weights: 737.000000 12437.000000 3727.000000
Center Node: 288

District 8
Nodes: 6 13 25 40 45 46 50 69 85 100 101 107 116 125 130 150 177 185 214 219 231 233 237 251 252 258 259 264 267 268 271 275 278 298 303 305 324 326 361 364 365 373 374 385 386 397 470 472 492 497 498
Compactness: 614.153203
Weights: 589.000000 9320.000000 2803.000000
Center Node: 324

District 9
Nodes: 19 23 26 38 54 56 62 65 66 71 75 77 86 95 104 119 120 124 149 160 162 175 183 191 203 205 206 210 225 232 246 272 283 285 290 304 310 323 329 357 381 391 404 416 419 423 430 435 442 448 459 467 469 474 488
Compactness: 698.332782
Weights: 639.000000 11460.000000 3233.000000
Center Node: 56

District 10
Nodes: 8 9 16 21 22 30 32 37 42 44 47 53 61 67 83 87 115 118 126 138 140 146 174 178 184 186 190 192 193 195 201 209 212 221 234 241 281 284 294 295 308 316 317 343 345 354 355 368 369 370 378 392 395 401 415 425 427 433 451 454 455
Compactness: 718.222140
Weights: 705.000000 12488.000000 3596.000000
Center Node: 234
