BalanceViolation 0.000000
AffinityLoss 0.000000
Compactness 5971.429805
District 1
Nodes: 17 30 36 39 44 45 53 70 71 91 109 110 112 115 127 128 131 134 150 155 164 171 176 179 184 187 202 207 240 243 249 251 260 272 286 296 305 309 314 321 324 327 343 351 375 377 379 380 381 382 387 407 410 423 425 443 476 479 489 492 497
Compactness: 758.823715
Weights: 629.000000 12840.000000 3543.000000
Center Node: 305

District 2
Nodes: 32 52 75 76 81 86 123 163 173 183 200 203 216 221 226 227 247 252 290 292 293 297 301 306 311 320 345 361 371 373 390 401 403 459 482
Compactness: 436.504529
Weights: 393.000000 7822.000000 2112.000000
Center Node: 401

District 3
Nodes: 5 13 21 40 61 67 74 83 87 97 129 130 132 152 158 159 180 195 199 211 214 215 236 237 238 246 248 254 265 267 271 275 280 282 291 295 323 326 357 358 364 374 396 397 402 414 417 421 432 453 455 456 463 464 484 490 498
Compactness: 696.666744
Weights: 620.000000 12343.000000 3205.000000
Center Node: 453

District 4
Nodes: 2 4 19 34 51 56 58 65 113 143 148 156 169 177 186 192 213 219 220 225 229 230 244 268 283 294 318 347 359 360 369 404 422 429 435 450 467 481 495
Compactness: 405.026207
Weights: 481.000000 7879.000000 2094.000000
Center Node: 435

District 5
Nodes: 7 9 11 18 25 28 33 38 46 47 48 50 54 66 68 85 89 93 95 122 126 146 157 168 172 188 190 197 201 209 210 218 224 231 232 234 242 255 259 270 274 302 315 317 328 337 339 342 346 348 350 367 372 376 388 392 413 418 426 439 441 452 461 462 468 469 486 493 499
Compactness: 880.352924
Weights: 789.000000 15918.000000 4137.000000
Center Node: 46

District 6
Nodes: 8 15 59 69 88 90 99 105 106 108 111 118 119 120 125 136 139 140 144 153 160 161 178 181 222 223 235 239 279 288 329 332 338 341 355 365 383 405 408 415 424 427 430 442 445 451 472 473 478 483 491
Compactness: 580.323024
Weights: 642.000000 10519.000000 2837.000000
Center Node: 140

District 7
Nodes: 31 43 62 73 82 100 101 114 116 133 138 141 142 162 170 175 194 198 217 241 263 269 277 284 287 299 303 312 322 325 333 352 362 366 400 406 409 416 428 433 438 444 480 488
Compactness: 563.998741
Weights: 518.000000 9524.000000 2549.000000
Center Node: 303

District 8
Nodes: 22 23 42 57 60 63 79 92 94 98 103 104 117 121 145 193 196 204 208 212 257 258 261 262 266 273 276 278 285 289 319 336 340 344 349 378 389 391 395 436 440 460 465 471 477 485 487 496
Compactness: 562.024032
Weights: 532.000000 10039.000000 2601.000000
Center Node: 79

District 9
Nodes: 3 6 12 16 20 26 29 41 49 64 77 102 124 147 154 166 174 228 233 253 256 300 308 310 316 330 334 335 353 356 394 411 412 419 431 447 474
Compactness: 363.971756
Weights: 433.000000 9186.000000 2097.000000
Center Node: 147

District 10
Nodes: 0 1 10 14 24 27 35 37 55 72 78 80 84 96 107 135 137 149 151 165 167 182 185 189 191 205 206 245 250 264 281 298 304 307 313 331 354 363 368 370 384 385 386 393 398 399 420 434 437 446 448 449 454 457 458 466 470 475 494
Compactness: 723.738132
Weights: 685.000000 11736.000000 3360.000000
Center Node: 27
