BalanceViolation 0.000000
AffinityLoss 0.000000
Compactness 5838.487040
District 1
Nodes: 1 16 30 31 33 55 63 64 66 88 93 111 114 122 124 135 138 147 152 160 168 171 173 201 202 227 230 241 244 245 261 268 290 295 310 311 320 321 332 335 342 347 353 366 374 378 380 388 389 391 398 404 407 412 421 424 425 446 449 482 491
Compactness: 698.733733
Weights: 668.000000 12695.000000 3922.000000
Center Node: 245

District 2
Nodes: 0 5 24 28 39 46 50 51 53 76 95 113 119 128 142 143 154 174 176 178 185 187 203 235 238 239 270 278 282 296 299 305 381 402 408 416 420 429 436 439 443 452 455 460 475 483 494
Compactness: 548.175698
Weights: 559.000000 10723.000000 2661.000000
Center Node: 278

District 3
Nodes: 34 35 48 52 82 98 109 115 116 162 166 188 210 217 218 221 231 259 260 271 280 314 316 319 336 343 345 349 354 358 361 375 379 395 397 422 448 467 476 496
Compactness: 398.994721
Weights: 523.000000 9341.000000 2278.000000
Center Node: 345

District 4
Nodes: 10 38 40 47 49 58 65 99 100 101 118 139 148 169 190 215 216 219 220 237 263 266 298 308 334 340 359 369 372 387 399 401 410 413 433 454 463
Compactness: 345.975990
Weights: 437.000000 10165.000000 2091.000000
Center Node: 220

District 5
Nodes: 11 19 32 37 42 45 60 67 70 71 78 83 92 96 107 127 133 136 145 150 151 159 163 184 192 193 194 195 205 209 232 234 250 256 262 265 284 302 306 328 330 333 365 393 414 415 445 466 484 487 488 493 497
Compactness: 642.978989
Weights: 624.000000 9979.000000 2998.000000
Center Node: 194

District 6
Nodes: 44 59 62 68 79 81 85 86 87 90 91 104 125 126 130 149 153 170 180 189 191 197 198 214 224 228 233 247 249 272 274 275 293 303 304 313 315 322 331 339 341 351 352 360 363 368 373 403 409 418 438 440 441 444 450 451 456 469 471 472 474 486 495
Compactness: 735.894848
Weights: 713.000000 12597.000000 3775.000000
Center Node: 471

District 7
Nodes: 3 6 7 9 15 20 41 43 61 74 75 84 105 112 123 132 134 140 156 161 167 182 183 199 208 211 212 223 226 236 248 251 252 257 264 269 283 287 291 297 307 324 325 356 364 367 427 432 437 457 461 464 479 480 489
Compactness: 772.714466
Weights: 594.000000 10302.000000 2694.000000
Center Node: 269

District 8
Nodes: 2 22 23 36 54 56 72 80 102 103 108 110 129 137 141 157 207 222 229 240 243 279 281 301 309 317 318 338 348 355 371 396 400 426 428 442 468 470
Compactness: 390.242686
Weights: 449.000000 7945.000000 2211.000000
Center Node: 428

District 9
Nodes: 8 14 18 21 25 57 89 97 106 117 121 131 155 158 172 179 181 186 200 204 213 273 288 289 294 300 323 326 329 337 357 370 377 382 383 384 385 390 392 394 405 406 411 417 419 430 431 435 447 458 459 462 473 477 481 485 490 492 498 499
Compactness: 717.333754
Weights: 698.000000 13791.000000 3439.000000
Center Node: 121

District 10
Nodes: 4 12 13 17 26 27 29 69 73 77 94 120 144 146 164 165 175 177 196 206 225 242 246 253 254 255 258 267 276 277 285 286 292 312 327 344 346 350 362 376 386 423 434 453 465 478
Compactness: 587.442157
Weights: 509.000000 9826.000000 2764.000000
Center Node: 255
