BalanceViolation 0.000000
AffinityLoss 0.000000
Compactness 8243.359024
District 1
Nodes: 17 30 34 37 43 46 50 63 68 84 85 86 89 105 109 148 159 171 175 184 186 210 227 231 237 248 253 255 256 257 284 289 291 296 303 305 309 358 381 388 401 411 413 424 428 440 441 446 451 473 485 494 519 542 586 596 600 614 617 634 638 644 655 659 673 680
Compactness: 724.549917
Weights: 732.000000 15415.000000 3595.000000
Center Node: 586

District 2
Nodes: 21 23 27 42 44 64 106 125 131 144 173 178 198 199 204 222 223 229 263 271 272 273 276 280 301 306 322 323 324 337 341 343 349 356 361 375 387 395 412 425 436 447 463 465 469 471 477 505 512 516 531 535 571 573 579 583 585 594 599 609 620 683 684 695 696
Compactness: 751.864376
Weights: 729.000000 13640.000000 3828.000000
Center Node: 125

District 3
Nodes: 1 4 28 31 36 39 48 58 59 71 80 91 94 96 98 101 107 113 122 126 128 146 160 176 191 212 224 226 232 240 241 243 261 281 290 300 307 327 352 360 363 372 393 397 402 415 420 422 431 444 445 450 452 457 462 467 470 490 493 495 499 527 529 536 537 550 551 561 562 577 580 587 589 601 608 610 616 625 629 636 643 693 694 698
Compactness: 1015.590788
Weights: 954.000000 16443.000000 4661.000000
Center Node: 98

District 4
Nodes: 5 6 8 15 22 32 40 51 69 72 75 99 123 124 150 151 152 153 172 193 197 207 214 244 247 249 262 266 274 278 282 283 285 288 310 311 313 316 334 342 345 346 350 366 370 376 379 383 384 396 400 403 404 410 423 453 455 458 479 482 487 488 502 503 513 522 523 530 540 543 553 554 558 566 567 569 578 584 613 623 628 637 663 664 672 678 686 689
Compactness: 1170.548613
Weights: 910.000000 16738.000000 5153.000000
Center Node: 530

District 5
Nodes: 12 16 19 35 47 52 54 57 60 61 62 78 81 82 102 121 127 137 139 142 145 157 165 166 169 181 195 196 211 213 238 245 252 265 277 292 294 304 314 317 321 332 377 398 409 414 417 421 432 437 442 443 454 456 481 508 533 546 549 552 559 574 591 598 627 630 631 646 647 654 658 660 666 670 671 675 688 699
Compactness: 1033.877646
Weights: 829.000000 17092.000000 4555.000000
Center Node: 631

District 6
Nodes: 0 13 25 87 93 134 140 162 167 182 208 225 230 246 270 286 338 340 364 365 390 399 439 466 474 475 478 491 507 511 514 532 538 545 563 570 576 590 597 618 632 641 648 656 669 674 676 679 685 697
Compactness: 529.633626
Weights: 508.000000 10343.000000 2727.000000
Center Node: 491

District 7
Nodes: 7 14 18 26 29 41 49 56 70 76 77 100 103 111 119 120 141 155 163 170 177 183 192 218 219 235 254 267 268 275 279 299 302 315 330 335 348 354 359 374 380 407 416 419 430 433 435 460 464 468 486 498 506 517 518 520 521 525 534 541 557 568 588 602 603 605 615 626 639 642 687 690
Compactness: 929.001600
Weights: 896.000000 14193.000000 4147.000000
Center Node: 49

District 8
Nodes: 9 10 24 38 90 92 97 104 110 112 116 118 132 156 164 168 174 185 189 190 200 209 216 217 220 221 228 233 234 239 251 259 264 287 293 295 297 312 319 320 325 326 328 329 331 339 357 367 369 371 373 382 389 391 406 426 427 476 492 501 504 509 510 548 556 595 607 611 619 645 649 652 653 662 667 691 692
Compactness: 852.661043
Weights: 906.000000 16043.000000 4486.000000
Center Node: 319

District 9
Nodes: 3 20 33 53 55 67 73 74 79 83 95 108 114 130 133 136 138 154 161 179 201 202 205 206 258 269 333 336 344 347 362 385 394 405 418 429 434 448 449 461 480 484 515 524 526 555 560 565 592 606 624 635 657 661 668 681
Compactness: 595.013760
Weights: 603.000000 11994.000000 3083.000000
Center Node: 33

District 10
Nodes: 2 11 45 65 66 88 115 117 129 135 143 147 149 158 180 187 188 194 203 215 236 242 250 260 298 308 318 351 353 355 368 378 386 392 408 438 459 472 483 489 496 497 500 528 539 544 547 564 572 575 581 582 593 604 612 621 622 633 640 650 651 665 677 682
Compactness: 640.617654
Weights: 709.000000 15172.000000 3549.000000
Center Node: 194
