BalanceViolation 0.000000
AffinityLoss 0.000000
Compactness 8247.636555
District 1
Nodes: 19 45 47 48 56 80 90 99 104 132 147 149 174 175 177 188 194 196 210 216 248 264 267 268 270 300 318 329 350 359 405 409 418 439 445 451 462 478 480 495 497 541 557 559 565 615 647 666 671 686 688 690 692
Compactness: 546.703807
Weights: 655.000000 11189.000000 3011.000000
Center Node: 216

District 2
Nodes: 2 4 11 28 29 41 53 54 60 62 74 75 85 87 100 102 110 117 137 148 151 154 166 169 192 199 201 203 217 223 240 241 243 263 266 284 285 295 309 312 314 324 327 336 340 343 349 357 362 365 371 384 395 396 419 420 421 436 449 453 456 458 466 468 490 491 505 508 512 516 530 545 548 550 554 578 601 609 642 645 652 654 661 662 668 681 682 683 689 696 697 698
Compactness: 1189.579830
Weights: 1123.000000 18399.000000 5104.000000
Center Node: 458

District 3
Nodes: 16 20 27 31 46 51 58 61 66 67 109 121 129 140 165 168 198 207 209 218 225 227 229 237 274 278 291 296 297 298 301 303 313 316 337 341 352 356 373 398 400 408 413 441 477 486 489 496 500 524 538 556 572 574 584 591 599 606 620 622 644 658 665 694
Compactness: 751.347194
Weights: 747.000000 12611.000000 3453.000000
Center Node: 218

District 4
Nodes: 0 12 14 17 34 36 49 55 57 73 96 103 130 141 146 158 178 182 212 214 230 233 234 255 265 271 308 311 320 326 328 330 348 354 372 378 379 382 388 393 394 403 404 435 443 450 461 479 493 503 526 527 529 555 587 611 612 619 631 636 650 653 664 678
Compactness: 732.243328
Weights: 744.000000 13381.000000 3449.000000
Center Node: 57

District 5
Nodes: 7 32 70 79 89 106 107 108 113 116 118 128 136 145 155 157 161 186 189 195 202 231 245 247 249 250 273 277 283 288 322 333 347 361 369 383 385 386 391 402 444 455 467 470 472 481 485 498 499 510 521 522 535 546 551 553 558 562 576 581 593 602 608 628 632 639 655 660 673 693
Compactness: 880.804430
Weights: 806.000000 13263.000000 3863.000000
Center Node: 558

District 6
Nodes: 1 3 8 9 10 24 25 26 30 35 38 44 68 69 71 84 86 92 94 98 101 115 123 138 164 167 172 204 205 220 221 226 232 251 259 272 282 299 310 321 332 334 335 345 358 368 370 377 390 401 407 414 416 423 428 432 437 438 446 454 457 463 469 474 476 501 504 513 520 528 543 561 564 567 570 575 579 585 588 592 596 604 614 617 618 624 633 634 637 643 648 657 669 680 699
Compactness: 1271.457938
Weights: 1092.000000 21251.000000 5319.000000
Center Node: 9

District 7
Nodes: 13 40 42 63 78 81 82 83 97 112 119 124 125 134 142 143 153 183 184 219 228 235 238 239 242 258 276 279 280 286 302 304 305 306 323 344 360 389 397 425 427 434 447 448 452 488 494 523 531 533 537 542 547 549 563 568 580 589 594 595 597 623 626 627 656 663 695
Compactness: 775.401110
Weights: 771.000000 15067.000000 3793.000000
Center Node: 597

District 8
Nodes: 23 52 72 93 105 114 133 139 185 200 208 224 244 246 260 290 293 294 315 319 338 355 363 364 374 376 381 387 392 399 406 412 429 430 433 440 442 471 475 511 515 517 519 532 540 544 571 582 583 598 603 621 625 638 646 659 670 675 677 679 687 691
Compactness: 697.541300
Weights: 729.000000 13102.000000 3621.000000
Center Node: 392

District 9
Nodes: 5 6 15 18 37 39 50 64 65 76 88 91 95 111 126 131 150 152 159 160 163 176 180 181 187 197 206 211 213 256 261 275 281 289 292 307 317 325 339 342 346 353 366 367 410 411 415 417 424 464 482 483 484 492 506 507 525 534 536 560 566 569 605 610 640 641 651 667 674 676 685
Compactness: 775.185643
Weights: 770.000000 13931.000000 3999.000000
Center Node: 91

District 10
Nodes: 21 22 33 43 59 77 120 122 127 135 144 156 162 170 171 173 179 190 191 193 215 222 236 252 253 254 257 262 269 287 331 351 375 380 422 426 431 459 460 465 473 487 502 509 514 518 539 552 573 577 586 590 600 607 613 616 629 630 635 649 672 684
Compactness: 627.371976
Weights: 718.000000 13010.000000 3356.000000
Center Node: 122
