BalanceViolation 0.000000
AffinityLoss 0.000000
Compactness 5756.931068
District 1
Nodes: 1 7 9 32 36 40 48 56 60 61 65 67 74 108 119 121 145 151 161 165 170 177 188 204 205 224 240 251 271 279 300 310 324 327 334 354 362 384 391 400 420 424 425 429 431 440 444 452 457 459 463 482 484
Compactness: 570.618314
Weights: 575.000000 10770.000000 2869.000000
Center Node: 40

District 2
Nodes: 6 14 15 18 45 47 50 54 71 88 97 102 112 117 128 131 148 149 150 156 159 171 172 175 186 196 209 216 221 232 234 237 241 268 270 301 312 316 317 326 330 333 341 352 357 369 379 390 399 414 434 466 468 470 479 487 490 495
Compactness: 698.337401
Weights: 629.000000 11016.000000 3516.000000
Center Node: 221

District 3
Nodes: 2 10 12 29 31 35 49 69 75 77 81 85 95 98 105 106 107 109 120 136 137 143 184 190 213 217 227 256 261 269 292 307 342 345 368 370 398 402 406 407 412 418 422 423 433 448 476
Compactness: 552.936856
Weights: 561.000000 10159.000000 2717.000000
Center Node: 256

District 4
Nodes: 8 11 64 86 90 93 113 129 132 133 140 153 163 166 207 223 235 242 245 248 259 281 283 293 295 305 315 321 323 382 387 392 401 408 410 435 439 451 454 465 472 475 477
Compactness: 457.131020
Weights: 485.000000 8652.000000 2324.000000
Center Node: 295

District 5
Nodes: 4 20 26 30 73 76 83 84 99 101 103 104 126 130 135 141 152 155 167 169 178 179 218 233 247 255 274 275 282 302 311 325 332 356 359 374 388 395 403 415 432 436 445 450 478
Compactness: 423.581215
Weights: 552.000000 9537.000000 2474.000000
Center Node: 359

District 6
Nodes: 3 16 37 79 82 100 111 125 127 146 154 157 185 193 197 202 210 211 212 214 219 228 231 243 244 249 263 264 266 314 320 322 338 343 349 350 366 371 372 389 411 413 416 437 443 449 453 481 483 491 492
Compactness: 571.272887
Weights: 578.000000 12771.000000 2820.000000
Center Node: 211

District 7
Nodes: 13 17 33 52 58 70 72 78 87 92 115 123 134 144 158 164 183 187 199 203 222 225 236 253 254 258 262 267 276 278 298 303 308 309 313 319 328 329 331 336 337 339 344 348 355 360 364 373 376 377 378 381 385 393 397 417 421 427 428 441 442 455 458 473 485 489 498
Compactness: 882.563044
Weights: 822.000000 13807.000000 3879.000000
Center Node: 427

District 8
Nodes: 19 21 25 41 43 51 55 57 63 66 89 91 94 110 114 116 118 138 142 147 168 173 182 195 198 200 208 229 230 250 252 284 287 289 291 294 340 358 365 394 430 438 460 461 474 480 488 497 499
Compactness: 552.269365
Weights: 591.000000 8468.000000 2642.000000
Center Node: 499

District 9
Nodes: 0 5 22 24 27 38 42 53 62 80 124 139 180 192 194 201 206 238 257 260 265 277 280 288 290 297 304 306 318 347 363 367 380 404 426 446 471 494 496
Compactness: 460.028025
Weights: 390.000000 7946.000000 2103.000000
Center Node: 494

District 10
Nodes: 23 28 34 39 44 46 59 68 96 122 160 162 174 176 181 189 191 215 220 226 239 246 272 273 285 286 296 299 335 346 351 353 361 375 383 386 396 405 409 419 447 456 462 464 467 469 486 493
Compactness: 588.192940
Weights: 592.000000 9016.000000 2644.000000
Center Node: 286
