BalanceViolation 0.000000
AffinityLoss 0.000000
Compactness 5959.215321
District 1
Nodes: 2 36 37 51 60 66 74 75 79 83 86 103 104 106 107 112 114 117 130 153 156 158 165 167 184 187 188 194 197 222 229 238 267 273 287 290 308 327 329 333 336 373 391 410 433 436 439 464 482
Compactness: 638.550493
Weights: 579.000000 9739.000000 2688.000000
Center Node: 188

District 2
Nodes: 9 28 29 30 31 65 100 108 122 131 145 189 207 218 231 244 250 274 295 314 319 332 334 351 355 357 372 384 429 431 443 471 477 483 488 491 496 499
Compactness: 440.809132
Weights: 412.000000 7662.000000 2351.000000
Center Node: 100

District 3
Nodes: 0 4 18 26 48 63 64 68 76 80 89 94 125 146 164 166 171 183 214 215 227 254 263 264 297 304 322 326 341 342 343 347 348 349 382 399 406 409 420 440 467 493
Compactness: 491.942098
Weights: 514.000000 8131.000000 2567.000000
Center Node: 63

District 4
Nodes: 7 11 13 17 20 35 38 42 82 93 113 133 135 142 143 154 163 175 181 182 195 212 216 224 225 237 255 257 258 278 280 283 299 305 331 340 344 358 360 364 366 393 407 417 419 450 461 465 468 472 474
Compactness: 615.509694
Weights: 580.000000 11713.000000 2688.000000
Center Node: 257

District 5
Nodes: 3 6 8 21 23 33 39 47 49 50 58 72 81 101 111 115 121 126 127 128 151 155 159 162 168 174 199 200 201 203 209 211 220 234 246 262 268 271 277 288 311 317 318 323 324 353 381 390 394 404 415 423 425 426 446 447 449 470 473 478 484 486 487 489 494
Compactness: 762.044457
Weights: 772.000000 12013.000000 3370.000000
Center Node: 49

District 6
Nodes: 5 10 16 22 41 52 67 71 87 95 98 116 119 137 141 144 160 186 202 205 206 208 210 221 230 235 239 248 260 261 265 275 281 282 292 294 298 303 307 310 315 339 346 362 392 395 403 412 424 435 437 441 448 453 455 457 460 463
Compactness: 696.523331
Weights: 645.000000 11899.000000 3012.000000
Center Node: 202

District 7
Nodes: 14 15 32 40 53 56 57 73 77 84 88 92 96 109 136 139 150 152 169 170 179 180 196 217 223 228 236 240 243 249 251 252 253 270 272 276 284 293 309 328 350 354 359 363 365 371 376 377 380 383 386 387 396 397 402 411 422 430 444 475 479 498
Compactness: 801.662315
Weights: 699.000000 11114.000000 3617.000000
Center Node: 376

District 8
Nodes: 1 34 45 46 54 62 70 90 97 124 129 138 140 157 161 173 176 191 204 226 232 247 256 269 285 289 306 312 321 325 338 356 361 368 369 374 375 379 385 388 389 405 408 416 427 428 432 442 451 454 458 459 466 476 485 490 492 497
Compactness: 676.722691
Weights: 546.000000 11951.000000 3449.000000
Center Node: 34

District 9
Nodes: 12 25 59 69 78 102 105 110 118 123 132 134 177 178 190 193 213 219 233 266 279 286 316 345 367 370 378 398 413 434 438 445 456 462 480 481 495
Compactness: 418.602184
Weights: 411.000000 7550.000000 1904.000000
Center Node: 279

District 10
Nodes: 19 24 27 43 44 55 61 85 91 99 120 147 148 149 172 185 192 198 241 242 245 259 291 296 300 301 302 313 320 330 335 337 352 400 401 414 418 421 452 469
Compactness: 416.848925
Weights: 453.000000 7681.000000 2448.000000
Center Node: 99
