BalanceViolation 0.000000
AffinityLoss 0.000000
Compactness 7182.750165
District 1
Nodes: 0 32 35 52 54 55 71 72 77 78 92 96 111 112 118 131 136 145 151 171 175 197 199 237 265 269 289 292 295 311 318 329 342 357 358 362 374 376 378 384 387 391 398 399 403 428 446 466 522 523 526 535 543 548 557 566 580 583 585 597
Compactness: 706.029492
Weights: 699.000000 13373.000000 3339.000000
Center Node: 583

District 2
Nodes: 14 59 81 101 107 114 121 124 141 149 162 163 190 196 225 228 254 266 273 276 279 301 327 333 348 354 379 383 417 444 450 458 463 465 472 478 485 490 518 531 533 573 578
Compactness: 431.743873
Weights: 519.000000 9031.000000 2166.000000
Center Node: 458

District 3
Nodes: 11 18 24 34 40 46 49 53 61 68 84 87 129 132 142 153 156 172 176 177 188 201 218 224 236 248 256 257 261 272 275 296 313 330 332 335 336 345 352 356 359 369 377 381 392 414 418 424 438 443 455 467 468 474 486 496 499 508 528 532 534 538 542 544 549 551 559 560 567 570 571 574 579 592 596
Compactness: 1005.804062
Weights: 878.000000 15467.000000 4436.000000
Center Node: 455

District 4
Nodes: 8 12 75 88 155 167 174 191 204 206 215 259 264 281 284 287 293 297 310 312 314 317 321 322 326 346 349 365 371 393 395 397 406 416 419 449 454 469 480 493 507 517 527 563
Compactness: 405.352283
Weights: 545.000000 9135.000000 2570.000000
Center Node: 563

District 5
Nodes: 1 6 13 26 33 37 51 58 65 66 67 69 80 85 94 97 99 100 108 115 134 144 146 159 166 170 178 210 216 220 227 231 238 258 278 282 288 305 323 351 355 361 370 372 382 389 390 394 402 405 409 422 425 429 430 433 441 447 448 461 471 482 487 511 515 547 550 569 572 581 586 587
Compactness: 898.012961
Weights: 884.000000 14990.000000 3868.000000
Center Node: 134

District 6
Nodes: 2 3 19 20 28 29 36 39 43 56 73 74 76 82 83 86 102 117 120 126 137 140 143 179 181 185 187 192 203 214 226 235 242 243 245 253 267 274 285 302 303 304 328 337 340 341 375 386 412 420 435 440 460 503 513 516 541 552 554 558
Compactness: 662.039217
Weights: 781.000000 13424.000000 3470.000000
Center Node: 440

District 7
Nodes: 4 7 15 16 21 22 27 30 31 38 45 48 64 70 91 93 110 113 130 133 139 154 160 161 164 165 169 182 184 186 189 198 217 232 239 240 246 247 249 251 260 291 294 298 300 307 320 325 360 363 368 373 404 413 415 423 432 436 437 451 452 476 477 479 494 495 500 502 512 519 524 525 529 530 539 553 555 556 562 575 582 588
Compactness: 1146.947090
Weights: 942.000000 15819.000000 4408.000000
Center Node: 232

District 8
Nodes: 41 63 98 104 109 122 138 157 168 173 180 194 195 205 207 211 212 213 223 229 230 241 244 250 252 255 263 268 270 271 286 299 306 309 324 331 334 366 380 396 401 407 410 431 453 457 464 473 491 498 501 504 505 514 537 546 576 577 590 599
Compactness: 715.465517
Weights: 669.000000 11990.000000 3375.000000
Center Node: 431

District 9
Nodes: 5 9 10 17 42 47 50 57 79 103 105 119 125 127 148 150 183 200 208 222 234 262 280 308 315 319 338 353 364 385 388 408 421 426 439 442 456 462 481 483 497 506 520 521 561 568 584 595
Compactness: 571.791458
Weights: 543.000000 10964.000000 2716.000000
Center Node: 103

District 10
Nodes: 23 25 44 60 62 89 90 95 106 116 123 128 135 147 152 158 193 202 209 219 221 233 277 283 290 316 339 343 344 347 350 367 400 411 427 434 445 459 470 475 484 488 489 492 509 510 536 540 545 564 565 589 591 593 594 598
Compactness: 639.564212
Weights: 674.000000 11829.000000 3365.000000
Center Node: 400
