BalanceViolation 0.000000
AffinityLoss 0.000000
Compactness 8315.587148
District 1
Nodes: 19 20 25 53 57 58 73 74 86 101 104 105 107 108 134 137 143 145 153 156 173 179 195 202 209 216 226 243 263 267 268 275 276 286 291 308 315 328 342 344 346 364 367 377 382 383 388 393 396 409 413 417 418 434 440 468 474 476 479 482 488 489 498 502 515 526 527 536 541 545 555 580 602 608 620 628 630 631 656 660 674 675 678 679 683 684
Compactness: 996.203957
Weights: 966.000000 16001.000000 5438.000000
Center Node: 440

District 2
Nodes: 18 40 44 46 48 59 67 69 83 87 88 111 112 113 118 140 154 178 185 191 192 193 203 221 241 242 246 247 254 256 282 284 287 295 296 298 307 314 334 336 340 359 375 386 392 397 398 416 459 464 465 471 481 504 510 520 538 554 557 564 572 573 577 585 623 624 625 635 637 653 689 693
Compactness: 854.696902
Weights: 841.000000 15194.000000 3810.000000
Center Node: 538

District 3
Nodes: 2 17 24 29 34 52 94 98 115 135 149 150 155 184 189 237 248 264 304 326 339 361 373 379 391 401 403 407 410 412 426 435 439 449 467 484 485 496 517 524 559 561 636 644 685 686 690
Compactness: 405.679807
Weights: 544.000000 8754.000000 2857.000000
Center Node: 517

District 4
Nodes: 4 10 16 28 39 45 51 55 64 65 66 68 80 84 100 116 122 124 129 131 132 136 167 172 174 182 204 211 213 215 217 219 240 259 277 280 297 300 306 309 311 313 317 323 324 333 337 350 351 369 384 433 448 453 456 461 463 473 480 492 497 501 506 507 532 547 562 565 566 574 576 578 592 605 612 615 618 629 633 634 649 661 668 676 692
Compactness: 1096.443617
Weights: 995.000000 18914.000000 5104.000000
Center Node: 384

District 5
Nodes: 11 35 42 47 60 70 72 79 82 89 120 121 125 138 146 148 164 165 171 188 196 197 201 206 207 227 235 244 249 251 260 261 273 299 312 316 318 322 338 349 356 358 362 380 389 414 423 424 442 445 458 483 491 500 503 505 511 512 519 542 544 546 549 552 583 594 610 614 616 621 626 627 642 647 648 658 659 666 669 670 671 682 688 696 698 699
Compactness: 1125.370344
Weights: 1022.000000 17942.000000 5057.000000
Center Node: 511

District 6
Nodes: 3 6 12 13 22 37 41 49 62 63 92 99 106 109 123 127 141 144 147 158 159 168 190 199 231 232 239 253 269 279 289 329 354 368 370 372 425 443 444 451 493 499 508 513 518 535 540 563 567 579 581 586 589 593 596 600 604 622 632 641 643 662 665 680 695
Compactness: 714.314799
Weights: 781.000000 14278.000000 3586.000000
Center Node: 604

District 7
Nodes: 0 1 5 8 26 30 31 32 75 77 81 90 91 95 114 119 133 166 177 180 194 200 205 222 233 250 266 270 278 281 283 285 288 290 293 294 305 335 343 360 378 381 390 395 400 405 420 422 441 447 455 457 460 495 509 523 529 530 534 539 543 556 569 575 584 599 607 609 638 652
Compactness: 848.575742
Weights: 716.000000 13191.000000 3947.000000
Center Node: 270

District 8
Nodes: 14 15 23 36 54 102 110 130 139 142 151 157 181 187 198 218 224 225 236 258 274 292 302 303 325 330 332 352 357 363 371 376 406 408 415 419 421 428 431 446 450 462 466 516 550 560 568 590 591 597 598 601 611 619 651 672 681 691
Compactness: 626.910196
Weights: 615.000000 9920.000000 3433.000000
Center Node: 332

District 9
Nodes: 7 27 33 43 50 56 71 76 78 93 97 103 126 160 161 162 169 183 186 212 220 223 228 229 230 234 252 255 262 271 301 310 320 321 345 353 385 399 402 404 429 432 436 437 452 454 472 475 486 487 490 494 514 521 525 528 531 533 551 553 571 582 588 603 606 645 657 664 667 687 697
Compactness: 930.271299
Weights: 805.000000 14731.000000 4231.000000
Center Node: 162

District 10
Nodes: 9 21 38 61 85 96 117 128 152 163 170 175 176 208 210 214 238 245 257 265 272 319 327 331 341 347 348 355 365 366 374 387 394 411 427 430 438 469 470 477 478 522 537 548 558 570 587 595 613 617 639 640 646 650 654 655 663 673 677 694
Compactness: 717.120486
Weights: 694.000000 12734.000000 3420.000000
Center Node: 694
