BalanceViolation 0.000000
AffinityLoss 0.000000
Compactness 8356.321921
District 1
Nodes: 13 21 38 46 61 71 72 73 74 76 80 84 89 93 101 108 124 149 174 175 180 187 190 202 205 211 226 237 263 266 271 281 284 288 291 297 301 310 314 336 360 361 362 364 367 373 378 379 384 389 393 395 401 409 412 418 429 434 441 442 445 451 455 459 461 487 492 493 502 508 513 528 529 546 547 548 553 557 573 584 588 596 600 601 603 609 635 646 667 679 681 682 692
Compactness: 1191.417029
Weights: 1088.000000 18919.000000 5787.000000
Center Node: 493

District 2
Nodes: 5 16 37 43 44 49 53 67 79 94 110 117 127 129 146 151 158 171 176 184 188 206 207 210 224 289 292 296 308 309 311 354 358 365 382 397 410 416 417 420 430 433 436 438 454 474 480 484 506 538 540 579 602 622 630 637 638 647 656 661 662 688 689
Compactness: 660.314795
Weights: 660.000000 10933.000000 3193.000000
Center Node: 296

District 3
Nodes: 7 24 25 26 30 47 56 75 77 78 88 90 96 122 126 134 138 150 154 156 160 161 169 172 179 201 214 225 235 240 246 265 269 276 286 287 302 312 318 332 337 339 343 346 347 366 374 381 392 394 407 414 424 427 443 444 460 463 471 478 483 489 495 533 535 536 550 560 566 574 583 589 613 616 618 624 625 626 628 629 636 650 668 671 695
Compactness: 1089.048482
Weights: 1023.000000 17566.000000 5070.000000
Center Node: 47

District 4
Nodes: 0 2 22 35 51 63 87 92 97 107 133 155 164 165 194 197 208 212 222 238 244 247 249 250 264 270 274 279 285 303 304 328 340 353 370 399 402 403 415 422 428 440 449 486 494 499 503 531 542 549 552 562 587 614 623 654 657 659 664 686 694
Compactness: 756.390782
Weights: 614.000000 11239.000000 3485.000000
Center Node: 403

District 5
Nodes: 3 14 33 39 41 50 58 62 82 86 99 111 142 153 173 181 191 203 213 227 228 236 254 273 293 295 317 319 321 324 330 333 338 342 344 372 377 411 421 437 457 481 490 509 512 516 526 534 543 556 558 576 591 593 606 607 610 612 619 640 677 691 698
Compactness: 625.215683
Weights: 718.000000 13100.000000 3460.000000
Center Node: 86

District 6
Nodes: 4 9 15 19 36 60 66 95 132 139 141 143 185 186 199 215 257 262 267 278 298 307 322 323 326 349 380 387 388 391 396 398 448 458 469 476 519 521 530 561 571 578 581 585 594 595 620 631 651 652 683
Compactness: 561.970870
Weights: 577.000000 10763.000000 2967.000000
Center Node: 4

District 7
Nodes: 27 29 32 48 65 69 83 85 100 102 105 106 120 121 125 128 135 147 148 152 163 196 220 229 230 241 251 261 268 272 275 277 313 315 325 329 334 335 363 369 383 385 390 400 419 423 432 456 462 470 482 515 522 523 544 545 564 567 568 572 580 582 586 641 643 644 655 660 670 680 696 697
Compactness: 899.188868
Weights: 813.000000 13327.000000 4075.000000
Center Node: 272

District 8
Nodes: 6 8 11 17 18 20 31 34 52 57 98 113 114 115 119 123 130 144 157 159 162 168 170 178 182 189 195 204 219 221 223 248 252 253 255 259 305 316 331 350 352 356 371 413 426 439 465 467 477 485 488 496 500 514 520 532 570 577 590 592 608 615 627 633 639 645 675 684
Compactness: 808.637263
Weights: 776.000000 14636.000000 4000.000000
Center Node: 162

District 9
Nodes: 10 12 23 40 42 55 59 103 104 109 112 116 118 131 136 137 140 166 167 217 231 232 234 239 245 256 258 282 283 290 294 299 320 327 341 351 359 386 406 408 431 446 450 452 453 464 473 497 510 511 517 524 525 527 539 541 563 565 569 597 604 605 617 632 634 642 658 665 669 672 673 674 678 685 690 693 699
Compactness: 976.173040
Weights: 904.000000 14631.000000 4405.000000
Center Node: 140

District 10
Nodes: 1 28 45 54 64 68 70 81 91 145 177 183 192 193 198 200 209 216 218 233 242 243 260 280 300 306 345 348 355 357 368 375 376 404 405 425 435 447 466 468 472 475 479 491 498 501 504 505 507 518 537 551 554 555 559 575 598 599 611 621 648 649 653 663 666 676 687
Compactness: 787.965108
Weights: 726.000000 13849.000000 3609.000000
Center Node: 621
