BalanceViolation 0.000000
AffinityLoss 0.000000
Compactness 6959.555950
District 1
Nodes: 10 18 25 39 42 63 68 72 93 102 118 122 135 140 177 179 183 201 204 209 219 225 228 231 242 245 254 257 263 287 305 340 363 366 378 380 384 400 403 405 407 408 409 415 416 417 425 430 437 438 447 457 472 477 517 518 524 527 546 548 553 565 570 573 576 589
Compactness: 748.703495
Weights: 772.000000 14473.000000 3573.000000
Center Node: 409

District 2
Nodes: 13 15 31 43 58 66 74 75 79 87 89 110 123 131 163 167 185 186 192 194 210 211 222 223 226 236 243 246 259 262 295 300 301 312 327 331 335 338 367 370 373 382 386 390 420 422 443 452 454 460 478 487 491 497 503 511 514 536 555 562 566 569 578 579 586
Compactness: 764.730623
Weights: 732.000000 15653.000000 3636.000000
Center Node: 211

District 3
Nodes: 3 11 17 29 32 35 44 46 49 51 65 97 106 109 142 173 181 198 202 214 234 273 290 296 297 299 303 308 342 343 349 354 371 395 398 418 431 433 461 473 474 484 492 494 505 512 520 522 525 541 545 550 581 591
Compactness: 600.560868
Weights: 597.000000 11799.000000 3330.000000
Center Node: 418

District 4
Nodes: 4 6 23 27 34 55 56 62 84 103 105 107 113 115 125 133 149 152 156 158 159 162 184 196 200 205 212 232 238 240 251 260 266 288 321 322 325 326 345 361 376 388 394 396 401 402 404 414 444 449 455 458 464 466 469 483 485 498 509 510 513 528 531 535 537 544 556 558 560 561 568 587 588
Compactness: 980.008489
Weights: 822.000000 15701.000000 4316.000000
Center Node: 325

District 5
Nodes: 0 7 9 14 16 19 33 37 41 45 53 64 69 70 81 83 124 129 151 171 224 230 244 249 265 267 268 269 278 281 284 292 304 351 356 358 359 369 399 411 426 440 450 480 490 495 500 519 529 552 563 567 583 594 596
Compactness: 625.063564
Weights: 661.000000 11787.000000 3010.000000
Center Node: 480

District 6
Nodes: 20 38 47 48 71 77 90 96 98 101 104 117 126 130 134 138 146 157 160 169 170 172 180 187 207 213 239 248 255 258 264 272 286 298 315 320 333 334 339 346 362 368 375 387 392 421 424 428 432 435 441 445 459 476 499 523 533 534 538 542 547 572 577 592 593 598
Compactness: 750.025674
Weights: 739.000000 12424.000000 3980.000000
Center Node: 130

District 7
Nodes: 26 30 60 78 86 99 119 144 153 155 182 188 191 203 206 217 218 220 235 250 261 274 276 280 306 314 317 318 319 330 348 350 360 364 365 374 385 413 427 446 451 471 486 489 501 502 504 507 508 515 543 551 559 571 582 584 599
Compactness: 698.942145
Weights: 642.000000 12505.000000 3202.000000
Center Node: 330

District 8
Nodes: 22 36 85 91 100 108 111 114 120 132 139 141 148 166 178 197 199 208 215 216 247 256 270 283 285 293 302 307 309 310 311 313 316 337 344 355 357 377 381 383 389 393 406 410 412 419 423 434 436 453 465 467 468 470 475 481 482 530 532 549 557 580 595
Compactness: 693.307195
Weights: 727.000000 12326.000000 3439.000000
Center Node: 355

District 9
Nodes: 2 5 12 50 54 57 61 67 80 92 95 121 127 128 145 147 150 154 161 164 174 190 195 227 229 237 253 271 277 279 289 323 324 332 347 372 379 391 397 429 439 442 456 463 488 496 516 521 526 539 540 564 574 585 590
Compactness: 595.661055
Weights: 650.000000 11842.000000 3362.000000
Center Node: 164

District 10
Nodes: 1 8 21 24 28 40 52 59 73 76 82 88 94 112 116 136 137 143 165 168 175 176 189 193 221 233 241 252 275 282 291 294 328 329 336 341 352 353 448 462 479 493 506 554 575 597
Compactness: 502.552843
Weights: 476.000000 8178.000000 2386.000000
Center Node: 233
