BalanceViolation 0.000000
AffinityLoss 0.000000
Compactness 5963.007125
District 1
Nodes: 1 2 3 8 16 32 36 43 55 66 69 85 87 90 96 113 119 122 125 126 137 142 151 152 181 192 199 204 214 220 226 246 254 259 276 277 296 299 313 320 321 344 347 349 372 373 381 382 391 397 402 403 417 420 428 451 458 460 461 463 469 490 496
Compactness: 812.760961
Weights: 753.000000 12384.000000 3321.000000
Center Node: 382

District 2
Nodes: 5 28 29 37 49 50 52 72 91 94 101 103 107 118 124 132 157 160 174 178 180 216 223 225 228 252 253 261 270 288 290 291 292 302 308 326 336 338 340 365 367 377 387 389 398 404 407 415 433 442 468 482 499
Compactness: 668.122773
Weights: 605.000000 10832.000000 2980.000000
Center Node: 291

District 3
Nodes: 13 17 40 57 63 67 92 109 117 127 130 140 170 177 224 234 237 243 274 279 304 318 322 327 335 353 356 366 371 394 418 432 441 456 462 470 484 487 491
Compactness: 388.750547
Weights: 429.000000 7662.000000 2008.000000
Center Node: 432

District 4
Nodes: 22 26 31 42 44 45 48 86 112 115 134 145 150 176 184 185 186 215 229 231 251 256 260 263 268 278 280 297 303 314 317 324 325 333 339 359 369 375 388 390 395 400 416 430 443 452 479 481 492
Compactness: 520.242329
Weights: 590.000000 10021.000000 2591.000000
Center Node: 297

District 5
Nodes: 0 14 18 24 46 62 64 71 74 75 98 99 106 108 114 144 146 167 172 175 187 188 189 194 197 205 239 240 242 262 267 289 301 305 311 348 350 376 378 396 406 419 437 438 453 454 466 467 488 495
Compactness: 612.709819
Weights: 582.000000 9490.000000 2966.000000
Center Node: 438

District 6
Nodes: 4 6 11 15 23 33 34 35 54 60 68 77 81 104 110 133 149 153 154 162 182 210 218 222 232 235 248 249 269 271 285 298 306 309 310 319 323 330 341 358 362 374 384 399 408 412 413 424 439 440 444 455 457 477 483 485 493 498
Compactness: 792.110399
Weights: 720.000000 10795.000000 3342.000000
Center Node: 493

District 7
Nodes: 7 10 12 51 56 58 79 80 88 95 116 135 139 141 158 159 166 168 171 193 202 209 219 227 241 275 282 283 287 295 312 316 337 345 351 386 411 414 421 423 426 436 459 473 474 478 489 494
Compactness: 554.230113
Weights: 574.000000 9237.000000 3089.000000
Center Node: 436

District 8
Nodes: 9 30 38 41 78 83 84 89 97 100 105 111 121 123 143 148 161 183 191 195 201 206 213 217 221 236 238 265 315 328 329 334 342 354 355 360 379 405 409 410 447 472 475 476 480
Compactness: 553.294602
Weights: 508.000000 8668.000000 2353.000000
Center Node: 121

District 9
Nodes: 19 21 25 27 39 47 59 93 120 136 155 164 169 173 190 196 203 208 230 233 255 264 266 293 294 300 307 331 343 346 357 370 380 383 385 393 401 425 427 434 445 448 449 465 497
Compactness: 504.844521
Weights: 545.000000 7974.000000 2509.000000
Center Node: 385

District 10
Nodes: 20 53 61 65 70 73 76 82 102 128 129 131 138 147 156 163 165 179 198 200 207 211 212 244 245 247 250 257 258 272 273 281 284 286 332 352 361 363 364 368 392 422 429 431 435 446 450 464 471 486
Compactness: 555.941062
Weights: 548.000000 10215.000000 2781.000000
Center Node: 486
