BalanceViolation 0.000000
AffinityLoss 0.000000
Compactness 8168.924001
District 1
Nodes: 21 22 23 66 112 116 122 132 138 154 158 173 177 197 208 232 239 254 268 270 275 285 286 295 305 315 326 342 362 370 381 387 390 412 415 418 431 448 473 477 486 506 525 535 536 537 555 575 580 584 593 604 605 626 629 635 653 674 681 682 686 693
Compactness: 669.461394
Weights: 759.000000 13060.000000 3360.000000
Center Node: 232

District 2
Nodes: 13 53 94 156 160 168 171 182 183 190 191 195 200 215 216 221 233 238 257 262 269 272 278 290 302 316 324 329 346 348 373 374 382 406 425 435 444 454 455 457 462 466 471 472 474 483 505 507 516 520 530 538 545 549 576 589 601 608 639 644 648 677 679 687 697
Compactness: 720.406786
Weights: 731.000000 12652.000000 3927.000000
Center Node: 272

District 3
Nodes: 4 10 16 40 52 81 90 92 96 109 111 128 147 151 153 167 175 189 192 211 256 301 327 330 332 337 365 394 407 421 433 442 450 463 469 481 496 501 517 518 531 543 581 583 591 599 609 613 637 649 673 678 698
Compactness: 582.855648
Weights: 613.000000 10185.000000 3119.000000
Center Node: 81

District 4
Nodes: 14 26 46 54 58 59 69 71 72 75 103 157 176 178 184 188 214 217 218 224 241 242 252 253 260 267 274 284 288 298 304 309 319 321 323 328 334 335 350 354 357 367 368 375 376 386 392 419 420 427 453 456 458 459 461 480 497 498 508 522 556 557 562 565 570 572 611 638 651 664 689
Compactness: 852.149126
Weights: 840.000000 14867.000000 4337.000000
Center Node: 386

District 5
Nodes: 1 18 20 35 36 39 41 47 61 76 88 91 124 129 130 133 144 150 162 165 166 186 187 213 219 226 228 229 243 246 283 297 317 322 341 351 359 360 366 371 378 383 388 404 409 411 423 441 452 464 491 499 500 523 524 528 541 546 548 560 567 616 618 624 631 640 642 647 650 657 661 665 683 690
Compactness: 892.641772
Weights: 837.000000 14941.000000 4041.000000
Center Node: 665

District 6
Nodes: 12 15 30 34 45 48 62 68 70 77 82 85 86 106 108 113 121 127 169 170 179 193 212 220 248 263 281 291 293 294 296 308 312 325 340 345 352 358 385 403 417 432 436 437 439 440 446 470 482 485 490 494 510 514 519 533 539 542 553 559 563 568 569 602 603 614 617 619 623 625 632 645 654 662 667 675 680 685
Compactness: 934.633493
Weights: 955.000000 15837.000000 4656.000000
Center Node: 439

District 7
Nodes: 2 3 27 29 31 43 44 78 93 97 98 99 102 118 119 123 126 131 134 135 136 140 146 148 155 163 172 181 206 207 210 223 236 237 240 250 251 258 265 271 273 299 307 331 338 339 343 344 377 398 429 449 476 478 487 489 493 511 513 526 544 551 554 577 578 579 582 590 592 597 620 621 633 636 658 663 670 671 688
Compactness: 985.052139
Weights: 918.000000 16571.000000 4739.000000
Center Node: 636

District 8
Nodes: 6 8 11 25 33 38 63 80 101 104 107 117 137 142 143 145 149 164 194 196 201 202 203 222 230 231 245 247 249 261 277 279 280 311 318 320 336 353 355 356 364 372 393 399 401 402 410 414 416 426 430 451 460 484 502 503 504 509 512 515 521 540 550 586 587 594 598 641 655 660 676 696
Compactness: 800.942158
Weights: 827.000000 15295.000000 4018.000000
Center Node: 587

District 9
Nodes: 0 5 19 28 37 49 55 64 67 73 79 83 84 89 95 105 110 114 115 120 125 141 161 174 198 204 209 227 234 255 264 266 276 282 287 289 313 333 347 349 361 369 380 389 391 413 428 438 445 447 465 467 468 479 488 492 495 527 529 534 547 552 564 566 571 588 606 607 627 646 652 656 659 668 672 684 691
Compactness: 1006.366760
Weights: 964.000000 15515.000000 4108.000000
Center Node: 204

District 10
Nodes: 7 9 17 24 32 42 50 51 56 57 60 65 74 87 100 139 152 159 180 185 199 205 225 235 244 259 292 300 303 306 310 314 363 379 384 395 396 397 400 405 408 422 424 434 443 475 532 558 561 573 574 585 595 596 600 610 612 615 622 628 630 634 643 666 669 692 694 695 699
Compactness: 724.414723
Weights: 851.000000 15390.000000 3746.000000
Center Node: 314
