BalanceViolation 0.000000
AffinityLoss 0.000000
Compactness 8544.464512
District 1
Nodes: 3 5 12 14 30 44 48 56 66 69 75 96 104 105 111 121 123 124 127 134 136 170 176 202 203 247 248 249 260 270 292 299 300 304 310 313 323 330 332 337 346 349 352 360 363 371 373 374 376 380 389 400 409 422 434 448 466 471 472 487 504 507 524 526 558 564 567 583 592 596 598 604 618 627 650 653 662 663 665 668 699
Compactness: 1051.145931
Weights: 966.000000 15005.000000 4600.000000
Center Node: 592

District 2
Nodes: 4 27 43 46 50 61 93 102 110 139 149 151 154 161 182 192 204 219 246 251 262 266 288 320 325 339 348 350 364 367 368 382 410 414 455 461 483 491 495 509 527 532 538 566 576 611 616 621 624 629 641 651 656 669 685 686 689
Compactness: 700.961330
Weights: 634.000000 13019.000000 3264.000000
Center Node: 641

District 3
Nodes: 11 16 18 29 60 70 71 87 89 90 115 125 130 131 135 150 157 177 185 194 197 205 207 211 224 259 263 269 274 275 280 285 286 287 291 294 295 297 303 309 318 319 324 334 354 358 362 372 386 392 397 403 408 413 421 424 427 430 433 435 444 445 467 473 480 505 506 534 535 553 569 595 608 610 612 613 619 622 623 626 632 637 642 654 671 679 684 690 691
Compactness: 1139.333949
Weights: 1090.000000 19020.000000 4873.000000
Center Node: 303

District 4
Nodes: 2 19 32 36 39 51 53 54 68 79 85 107 114 117 126 137 144 146 148 168 175 184 187 189 208 210 214 221 235 237 241 273 282 333 345 359 385 387 388 390 396 417 420 423 432 458 460 485 501 518 522 531 546 559 575 584 585 603 620 630 639 643 646 672 688 692
Compactness: 730.349895
Weights: 782.000000 14186.000000 3566.000000
Center Node: 114

District 5
Nodes: 0 7 10 13 15 20 40 42 49 65 86 91 94 101 116 120 142 145 152 153 172 173 178 200 218 244 255 276 277 278 283 305 312 316 322 327 331 341 356 370 378 379 437 443 463 474 479 484 486 493 496 502 511 512 514 521 536 542 549 554 563 580 581 582 587 605 614 615 617 625 640 658 681
Compactness: 955.439534
Weights: 866.000000 16755.000000 4554.000000
Center Node: 120

District 6
Nodes: 28 59 81 82 88 97 100 106 133 141 143 155 156 160 217 220 226 231 234 236 239 257 279 281 293 315 357 377 394 398 412 425 426 428 438 439 452 453 470 481 492 494 498 499 500 513 516 528 533 547 555 556 571 572 577 586 589 591 600 631 633 645 649 661 674 676 683 696 697 698
Compactness: 927.649471
Weights: 784.000000 14238.000000 4132.000000
Center Node: 293

District 7
Nodes: 8 21 24 26 47 72 74 83 84 95 99 109 112 113 118 119 140 147 164 165 174 180 181 196 199 216 227 230 232 233 240 256 264 265 267 290 306 328 344 365 381 383 393 418 419 440 465 475 477 503 508 539 551 560 561 565 578 579 588 599 606 647 655 657 666 670 673 675 693 694
Compactness: 838.379548
Weights: 810.000000 13592.000000 4086.000000
Center Node: 418

District 8
Nodes: 6 22 31 37 52 55 57 63 73 78 103 122 129 138 158 162 169 183 186 190 193 195 206 225 228 238 242 252 254 268 289 302 308 314 321 329 340 351 375 384 391 395 399 401 406 407 441 446 454 468 490 541 543 544 548 550 557 573 574 593 601 609 638 664 680
Compactness: 752.718272
Weights: 826.000000 14289.000000 3776.000000
Center Node: 289

District 9
Nodes: 1 9 25 34 38 41 67 76 77 80 98 159 167 188 191 198 209 213 215 223 229 253 258 261 271 272 284 296 298 307 326 335 336 338 343 353 361 411 416 429 449 456 457 459 489 497 515 530 570 590 594 597 602 628 635 636 648 652 660 687
Compactness: 643.096779
Weights: 709.000000 12677.000000 3469.000000
Center Node: 188

District 10
Nodes: 17 23 33 35 45 58 62 64 92 108 128 132 163 166 171 179 201 212 222 243 245 250 301 311 317 342 347 355 366 369 402 404 405 415 431 436 442 447 450 451 462 464 469 476 478 482 488 510 517 519 520 523 525 529 537 540 545 552 562 568 607 634 644 659 667 677 678 682 695
Compactness: 805.389801
Weights: 806.000000 13752.000000 4089.000000
Center Node: 482
