BalanceViolation 0.000000
AffinityLoss 0.000000
Compactness 7104.824079
District 1
Nodes: 2 4 6 10 12 33 63 78 93 97 101 104 113 114 116 119 131 147 160 161 163 173 184 195 205 209 220 222 224 228 234 243 266 268 275 298 326 337 339 340 345 349 351 357 360 370 388 401 407 415 419 431 437 440 449 454 474 478 479 493 494 500 520 522 523 527 528 534 535 541 542 543 547 549 555 557 563 584 598
Compactness: 967.328002
Weights: 918.000000 14668.000000 4425.000000
Center Node: 234

District 2
Nodes: 17 24 51 60 62 73 105 107 108 115 127 129 136 140 156 157 165 170 178 190 198 206 211 226 230 247 255 273 313 315 319 344 350 369 404 416 423 441 453 483 486 503 525 540 582 597
Compactness: 486.223744
Weights: 526.000000 8164.000000 2731.000000
Center Node: 73

District 3
Nodes: 8 26 34 35 42 64 85 95 106 122 123 128 130 141 151 159 169 171 174 175 191 197 208 210 221 236 245 252 259 271 281 324 330 342 347 356 374 380 381 382 385 386 396 398 400 405 418 460 484 495 509 510 519 521 533 538 539 550 564 572 573 575 579 580 586
Compactness: 825.564492
Weights: 748.000000 13335.000000 3517.000000
Center Node: 356

District 4
Nodes: 7 39 50 54 56 57 61 71 79 100 125 135 137 139 149 153 164 177 188 189 194 201 216 240 250 251 254 262 270 314 320 321 331 334 352 358 363 364 371 390 403 414 425 436 443 456 459 463 470 472 480 499 501 507 511 512 516 566 576 577 588 589 595
Compactness: 824.403651
Weights: 743.000000 12390.000000 3654.000000
Center Node: 254

District 5
Nodes: 3 15 25 29 30 32 44 46 55 59 67 72 76 84 98 102 110 132 134 145 158 172 180 192 200 203 207 212 214 217 223 229 242 248 258 261 265 274 276 277 288 296 300 316 322 325 355 368 378 379 397 427 428 433 434 438 461 473 491 526 551 552 556 560 561 562 565 570 591 596
Compactness: 806.200800
Weights: 826.000000 15379.000000 3753.000000
Center Node: 214

District 6
Nodes: 5 20 31 58 70 82 88 89 96 117 146 154 162 181 182 187 199 204 213 219 235 238 241 249 272 286 291 302 308 317 328 333 335 348 353 359 372 392 399 402 411 413 421 430 444 450 455 458 465 466 469 471 481 485 496 536 545 548 571 583 587
Compactness: 738.386215
Weights: 631.000000 13988.000000 3605.000000
Center Node: 308

District 7
Nodes: 13 18 19 22 28 37 45 47 66 81 86 87 90 91 99 120 126 138 166 186 196 215 218 253 257 260 267 269 289 294 295 303 305 307 312 327 332 338 354 361 362 366 375 394 395 406 408 409 412 432 435 448 451 452 457 488 492 498 508 514 529 531 532 546 554 585
Compactness: 772.734206
Weights: 720.000000 13910.000000 3947.000000
Center Node: 294

District 8
Nodes: 9 16 21 40 43 65 68 75 77 80 103 133 148 150 167 176 225 232 233 239 244 282 284 290 292 301 311 329 341 343 376 387 410 417 422 442 446 462 464 468 475 487 489 497 502 506 518 567 569 574 581 599
Compactness: 572.388776
Weights: 582.000000 9603.000000 3198.000000
Center Node: 422

District 9
Nodes: 11 14 23 41 49 52 92 109 111 112 118 121 124 142 168 202 227 231 263 264 278 279 280 287 299 306 309 310 323 346 367 373 377 383 384 389 391 424 447 477 504 505 513 515 524 537 544 559 590 593
Compactness: 629.927186
Weights: 572.000000 10638.000000 2858.000000
Center Node: 112

District 10
Nodes: 0 1 27 36 38 48 53 69 74 83 94 143 144 152 155 179 183 185 193 237 246 256 283 285 293 297 304 318 336 365 393 420 426 429 439 445 467 476 482 490 517 530 553 558 568 578 592 594
Compactness: 481.667006
Weights: 508.000000 8407.000000 2991.000000
Center Node: 429
