BalanceViolation 0.000000
AffinityLoss 0.000000
Compactness 6987.861736
District 1
Nodes: 9 14 42 56 61 67 73 74 91 96 118 122 141 150 154 163 165 172 176 178 190 202 205 226 246 275 282 292 302 303 306 316 324 348 351 387 390 409 428 429 446 463 466 495 497 499 502 510 526 555 566 578 582
Compactness: 581.687993
Weights: 672.000000 10409.000000 3102.000000
Center Node: 409

District 2
Nodes: 1 18 71 76 84 98 109 117 131 144 158 203 224 234 240 243 247 256 272 283 284 297 299 300 311 319 327 361 366 368 375 395 400 403 406 408 457 468 472 476 505 529 541 543 574 599
Compactness: 460.854474
Weights: 580.000000 8852.000000 2610.000000
Center Node: 599

District 3
Nodes: 0 2 3 4 8 13 22 23 32 37 43 68 69 79 89 105 130 173 174 188 194 198 206 207 213 215 222 236 245 254 257 263 265 280 294 315 320 321 346 380 410 419 433 443 448 449 461 464 474 479 486 532 538 547 557 560 588 591
Compactness: 744.501305
Weights: 690.000000 11707.000000 3240.000000
Center Node: 3

District 4
Nodes: 5 15 16 25 30 31 33 34 36 38 47 48 58 59 81 85 86 88 90 102 108 121 125 138 147 148 166 181 200 204 208 209 211 221 249 273 289 291 296 312 314 325 330 334 336 339 342 355 359 362 364 399 413 423 425 452 462 477 481 482 492 496 506 509 518 521 522 540 542 550 552 554 559 562 564 572 580 585 590 596 597
Compactness: 1009.796041
Weights: 957.000000 16975.000000 4596.000000
Center Node: 314

District 5
Nodes: 6 7 50 53 54 60 62 70 75 87 101 104 112 127 136 137 145 146 155 182 212 218 251 255 259 261 270 286 343 353 360 377 385 391 407 416 420 422 430 434 435 436 445 455 471 473 513 516 519 534 551 558 565 584
Compactness: 624.066787
Weights: 672.000000 10235.000000 2768.000000
Center Node: 104

District 6
Nodes: 12 19 21 28 40 46 51 63 82 120 123 126 143 149 151 179 180 193 195 220 225 228 229 231 248 250 274 277 281 287 293 295 301 307 337 341 354 363 372 379 381 382 384 388 402 404 412 427 431 432 444 451 459 467 469 488 489 493 511 512 514 539 563 570 575 577 579 581 583 598
Compactness: 987.744791
Weights: 862.000000 13111.000000 3771.000000
Center Node: 354

District 7
Nodes: 11 17 26 27 49 52 78 113 133 135 153 160 164 169 185 191 210 214 216 230 239 242 252 253 267 288 308 310 313 328 329 340 357 365 367 371 373 392 393 394 396 439 442 485 490 491 500 503 524 527 528 530 537 545 548 573 594 595
Compactness: 614.639204
Weights: 662.000000 11352.000000 3244.000000
Center Node: 78

District 8
Nodes: 24 66 77 94 99 100 106 115 119 129 132 157 162 168 170 175 183 184 197 227 232 268 269 271 278 285 304 305 318 331 332 333 335 344 347 350 352 356 374 376 378 389 411 417 447 454 456 465 475 478 483 504 507 508 517 520 523 531 535 536 544 546 549 553 556 568 569 576 587
Compactness: 766.044380
Weights: 790.000000 15683.000000 4315.000000
Center Node: 549

District 9
Nodes: 10 20 29 35 41 45 57 64 72 80 83 95 97 103 107 110 111 116 139 142 159 167 171 177 186 187 189 192 196 199 201 223 237 238 244 258 260 262 276 290 309 317 323 326 338 358 369 370 397 415 418 421 424 426 440 441 453 458 480 484 487 571 586 589 593
Compactness: 759.544441
Weights: 704.000000 13061.000000 3827.000000
Center Node: 370

District 10
Nodes: 39 44 55 65 92 93 114 124 128 134 140 152 156 161 217 219 233 235 241 264 266 279 298 322 345 349 383 386 398 401 405 414 437 438 450 460 470 494 498 501 515 525 533 561 567 592
Compactness: 438.982322
Weights: 563.000000 9612.000000 2241.000000
Center Node: 525
