BalanceViolation 0.000000
AffinityLoss 0.000000
Compactness 5861.687485
District 1
Nodes: 12 17 23 31 33 36 41 42 63 66 85 98 99 100 104 108 112 137 143 149 159 162 182 220 227 240 248 254 263 271 273 274 284 291 315 320 325 338 376 383 399 408 417 434 438 444 451 465 480 497
Compactness: 592.307103
Weights: 565.000000 9740.000000 3081.000000
Center Node: 23

District 2
Nodes: 0 13 20 22 25 65 67 68 73 86 94 95 97 102 106 121 123 125 128 130 136 151 164 172 179 187 202 209 225 230 239 251 265 279 302 314 328 340 359 362 370 372 379 380 395 396 402 428 454 455 479
Compactness: 666.326702
Weights: 604.000000 11019.000000 3010.000000
Center Node: 202

District 3
Nodes: 29 54 77 81 91 92 105 124 126 175 178 191 193 194 203 205 256 260 262 286 293 297 305 309 318 346 382 389 391 400 409 413 418 430 432 433 440 447 459 472 477 490 496
Compactness: 425.584676
Weights: 486.000000 8604.000000 2463.000000
Center Node: 81

District 4
Nodes: 34 46 55 64 79 122 135 139 141 142 176 177 188 204 211 223 244 253 270 282 306 312 343 363 368 373 378 386 394 407 415 436 466 468 473 486 488
Compactness: 367.690330
Weights: 459.000000 7825.000000 2378.000000
Center Node: 142

District 5
Nodes: 9 10 11 16 18 26 32 53 56 58 61 69 75 78 83 84 93 101 127 131 134 147 155 156 158 163 167 169 173 185 186 192 215 221 224 234 237 249 258 261 264 276 277 283 290 296 322 330 332 336 339 344 349 357 361 365 375 387 397 398 426 427 441 462 474 476 478 481 482 483 491 492 493
Compactness: 929.175511
Weights: 794.000000 15528.000000 4367.000000
Center Node: 375

District 6
Nodes: 1 4 5 8 19 28 35 90 96 109 144 145 153 161 165 180 183 208 210 226 229 231 233 242 257 259 275 280 292 303 321 327 333 352 358 360 369 374 377 392 405 411 416 419 431 443 457 461 469 475 489
Compactness: 600.038037
Weights: 593.000000 11409.000000 3016.000000
Center Node: 333

District 7
Nodes: 30 38 47 60 62 72 80 82 89 103 110 120 133 138 146 166 168 199 207 212 228 245 247 266 267 268 285 287 289 299 300 301 304 310 313 317 319 326 331 342 350 354 364 371 404 425 445 446 456 467 470 484 485 487 498
Compactness: 674.206245
Weights: 626.000000 12344.000000 3472.000000
Center Node: 317

District 8
Nodes: 15 24 39 40 44 50 57 70 87 107 116 119 129 132 150 197 213 218 222 246 252 278 281 298 345 347 355 356 366 385 422 429 437 442 450 452
Compactness: 380.367035
Weights: 461.000000 7978.000000 1942.000000
Center Node: 87

District 9
Nodes: 2 3 6 21 27 43 48 52 74 88 115 118 148 152 154 157 174 184 189 190 198 200 206 214 219 236 238 243 255 269 288 294 307 308 316 324 329 334 335 351 353 381 388 390 401 403 410 412 421 448 449 458 460 463 471 494 495 499
Compactness: 722.922455
Weights: 648.000000 12082.000000 3239.000000
Center Node: 152

District 10
Nodes: 7 14 37 45 49 51 59 71 76 111 113 114 117 140 160 170 171 181 195 196 201 216 217 232 235 241 250 272 295 311 323 337 341 348 367 384 393 406 414 420 423 424 435 439 453 464
Compactness: 503.069391
Weights: 495.000000 9488.000000 2253.000000
Center Node: 464
