BalanceViolation 0.000000
AffinityLoss 0.000000
Compactness 5908.346993
District 1
Nodes: 9 36 52 54 55 58 65 81 97 105 116 119 124 129 134 139 144 151 164 177 179 189 225 234 263 275 278 293 302 308 309 312 313 334 350 359 363 394 399 419 421 432 435 454 463 484
Compactness: 406.875551
Weights: 532.000000 8130.000000 2688.000000
Center Node: 54

District 2
Nodes: 4 6 14 29 45 57 66 85 92 101 122 135 150 156 159 175 187 190 191 205 232 233 239 243 245 259 260 261 271 273 284 288 300 314 321 322 331 336 347 348 353 361 369 390 424 427 470 471 472 474 479
Compactness: 548.103259
Weights: 560.000000 11774.000000 2969.000000
Center Node: 348

District 3
Nodes: 12 21 28 42 73 94 95 106 110 111 112 121 126 140 146 152 161 170 171 172 182 195 204 207 213 240 257 262 264 268 272 274 287 292 295 315 317 328 341 345 351 360 366 384 395 417 420 428 429 442 448 449 450 451 460 461 466 475 481 498
Compactness: 794.212546
Weights: 691.000000 12417.000000 3473.000000
Center Node: 315

District 4
Nodes: 0 5 13 39 60 64 96 115 141 143 158 163 168 174 194 197 201 222 255 265 286 289 296 316 318 335 340 364 370 380 391 413 418 438 439 441 462 469 476 478 486 493 495
Compactness: 482.681800
Weights: 510.000000 8741.000000 2439.000000
Center Node: 478

District 5
Nodes: 16 17 33 41 43 53 75 83 87 91 99 136 137 149 153 173 188 202 228 229 241 246 266 277 283 291 297 325 329 337 343 374 396 398 406 410 416 434 436 444 456 458 487 488 489
Compactness: 536.906828
Weights: 535.000000 9345.000000 2398.000000
Center Node: 329

District 6
Nodes: 30 32 35 51 59 69 70 71 79 82 132 133 167 169 183 192 193 200 203 209 217 235 236 238 247 248 267 269 279 298 305 320 327 338 339 355 368 372 378 392 400 402 403 408 409 412 423 447 453 459 464 465 467 468 499
Compactness: 726.229926
Weights: 637.000000 12104.000000 3326.000000
Center Node: 355

District 7
Nodes: 2 3 44 49 77 86 89 90 98 109 118 130 154 178 181 196 198 199 206 216 218 231 242 252 276 285 333 352 371 389 393 440 455 477 482 491
Compactness: 355.944661
Weights: 408.000000 8340.000000 2250.000000
Center Node: 477

District 8
Nodes: 1 7 24 26 31 62 63 72 74 78 80 93 114 117 120 125 128 145 176 184 185 215 220 221 223 230 256 290 306 311 324 330 346 358 365 373 376 387 388 401 411 415 422 430 433 445 452 457 480
Compactness: 596.126856
Weights: 571.000000 10270.000000 2681.000000
Center Node: 31

District 9
Nodes: 8 11 19 20 25 27 37 38 46 48 50 61 68 103 104 107 123 127 138 155 160 162 165 166 180 186 211 212 214 226 244 249 250 251 254 270 281 294 299 303 304 307 319 323 342 344 349 357 367 375 379 381 383 407 414 425 426 437 492 497
Compactness: 764.050931
Weights: 688.000000 12043.000000 3470.000000
Center Node: 38

District 10
Nodes: 10 15 18 22 23 34 40 47 56 67 76 84 88 100 102 108 113 131 142 147 148 157 208 210 219 224 227 237 253 258 280 282 301 310 326 332 354 356 362 377 382 385 386 397 404 405 431 443 446 473 483 485 490 494 496
Compactness: 697.214635
Weights: 632.000000 11376.000000 2987.000000
Center Node: 88
